<?xml version="1.0" encoding="UTF-8" ?>
<testsuites>
  <testsuite errors="0" failures="0" hostname="PC001" id="0" name="AllTests" package="com.topcoder.direct.services.view.action.contest.launch" tests="232" time="13.907" timestamp="2010-07-01T13:14:47">
      <properties>
[...]
</properties>

      <testcase classname="com.topcoder.direct.services.view.action.contest.launch.ActiveContestPrizeIncreasingActionUnitTest" name="testInheritance" time="1.39" />

      <testcase classname="com.topcoder.direct.services.view.action.contest.launch.ActiveContestPrizeIncreasingActionUnitTest" name="testConstructor" time="0.125" />

      <testcase classname="com.topcoder.direct.services.view.action.contest.launch.ActiveContestPrizeIncreasingActionUnitTest" name="test_executeAction_Accuracy1" time="0.11" />

      <testcase classname="com.topcoder.direct.services.view.action.contest.launch.ActiveContestPrizeIncreasingActionUnitTest" name="test_executeAction_Accuracy2" time="0.141" />

      <testcase classname="com.topcoder.direct.services.view.action.contest.launch.ActiveContestPrizeIncreasingActionUnitTest" name="test_executeAction_MissingFacade" time="0.094" />

      <testcase classname="com.topcoder.direct.services.view.action.contest.launch.ActiveContestPrizeIncreasingActionUnitTest" name="test_executeAction_OldMilestonePrizesNull" time="0.187" />

      <testcase classname="com.topcoder.direct.services.view.action.contest.launch.ActiveContestPrizeIncreasingActionUnitTest" name="test_executeAction_ContestNotFound" time="0.172" />

      <testcase classname="com.topcoder.direct.services.view.action.contest.launch.ActiveContestPrizeIncreasingActionUnitTest" name="test_executeAction_ContestPrizeNotIncreased" time="0.109" />

      <testcase classname="com.topcoder.direct.services.view.action.contest.launch.ActiveContestPrizeIncreasingActionUnitTest" name="test_executeAction_MilestonePrizeNotIncreased" time="0.156" />

      <testcase classname="com.topcoder.direct.services.view.action.contest.launch.ActiveContestPrizeIncreasingActionUnitTest" name="test_setContestPrizes_WrongNumberOfContestPrizes" time="0.11" />

      <testcase classname="com.topcoder.direct.services.view.action.contest.launch.ActiveContestPrizeIncreasingActionUnitTest" name="test_setContestPrizes_WrongNumberOfMilestonePrizes" time="0.109" />

      <testcase classname="com.topcoder.direct.services.view.action.contest.launch.ActiveContestPrizeIncreasingActionUnitTest" name="test_getContestId_Accuracy" time="0.078" />

      <testcase classname="com.topcoder.direct.services.view.action.contest.launch.ActiveContestPrizeIncreasingActionUnitTest" name="test_setContestId_Accuracy" time="0.11" />

      <testcase classname="com.topcoder.direct.services.view.action.contest.launch.ActiveContestPrizeIncreasingActionUnitTest" name="test_setContestId_ContestIdNotPositive" time="0.171" />

      <testcase classname="com.topcoder.direct.services.view.action.contest.launch.ActiveContestPrizeIncreasingActionUnitTest" name="test_isStudio_Accuracy" time="0.047" />

      <testcase classname="com.topcoder.direct.services.view.action.contest.launch.ActiveContestPrizeIncreasingActionUnitTest" name="test_setStudio_Accuracy" time="0.109" />

      <testcase classname="com.topcoder.direct.services.view.action.contest.launch.ActiveContestPrizeIncreasingActionUnitTest" name="test_getContestPrizes_Accuracy" time="0.062" />

      <testcase classname="com.topcoder.direct.services.view.action.contest.launch.ActiveContestPrizeIncreasingActionUnitTest" name="test_setContestPrizes_Accuracy" time="0.063" />

      <testcase classname="com.topcoder.direct.services.view.action.contest.launch.ActiveContestPrizeIncreasingActionUnitTest" name="test_setContestPrizes_Null" time="0.094" />

      <testcase classname="com.topcoder.direct.services.view.action.contest.launch.ActiveContestPrizeIncreasingActionUnitTest" name="test_setContestPrizes_NullElement" time="0.156" />

      <testcase classname="com.topcoder.direct.services.view.action.contest.launch.ActiveContestPrizeIncreasingActionUnitTest" name="test_setContestPrizes_NegativePrize" time="0.125" />

      <testcase classname="com.topcoder.direct.services.view.action.contest.launch.ActiveContestPrizeIncreasingActionUnitTest" name="test_setContestPrizes_NaNPrize" time="0.094" />

      <testcase classname="com.topcoder.direct.services.view.action.contest.launch.ActiveContestPrizeIncreasingActionUnitTest" name="test_setContestPrizes_NegativeInfinityPrize" time="0.093" />

      <testcase classname="com.topcoder.direct.services.view.action.contest.launch.ActiveContestPrizeIncreasingActionUnitTest" name="test_setContestPrizes_OnlyOnePrize" time="0.141" />

      <testcase classname="com.topcoder.direct.services.view.action.contest.launch.ActiveContestPrizeIncreasingActionUnitTest" name="test_setContestPrizes_TooManyDecimalPlacesForCents" time="0.094" />

      <testcase classname="com.topcoder.direct.services.view.action.contest.launch.ActiveContestPrizeIncreasingActionUnitTest" name="test_setContestPrizes_SecondPlacePrizeTooLow" time="0.078" />

      <testcase classname="com.topcoder.direct.services.view.action.contest.launch.ActiveContestPrizeIncreasingActionUnitTest" name="test_getMilestonePrizes_Accuracy" time="0.062" />

      <testcase classname="com.topcoder.direct.services.view.action.contest.launch.ActiveContestPrizeIncreasingActionUnitTest" name="test_setMilestonePrizes_Accuracy" time="0.094" />

      <testcase classname="com.topcoder.direct.services.view.action.contest.launch.ActiveContestPrizeIncreasingActionUnitTest" name="test_setMilestonePrizes_Null" time="0.094" />

      <testcase classname="com.topcoder.direct.services.view.action.contest.launch.ActiveContestPrizeIncreasingActionUnitTest" name="test_setMilestonePrizes_NullElement" time="0.094" />

      <testcase classname="com.topcoder.direct.services.view.action.contest.launch.ActiveContestPrizeIncreasingActionUnitTest" name="test_setMilestonePrizes_NegativePrize" time="0.14" />

      <testcase classname="com.topcoder.direct.services.view.action.contest.launch.ActiveContestPrizeIncreasingActionUnitTest" name="test_setMilestonePrizes_NaNPrize" time="0.094" />

      <testcase classname="com.topcoder.direct.services.view.action.contest.launch.ActiveContestPrizeIncreasingActionUnitTest" name="test_setMilestonePrizes_TooManyDecimalPlacesForCents" time="0.094" />

      <testcase classname="com.topcoder.direct.services.view.action.contest.launch.ActiveContestPrizeRetrievalActionUnitTest" name="testInheritance" time="0.062" />

      <testcase classname="com.topcoder.direct.services.view.action.contest.launch.ActiveContestPrizeRetrievalActionUnitTest" name="testConstructor" time="0.063" />

      <testcase classname="com.topcoder.direct.services.view.action.contest.launch.ActiveContestPrizeRetrievalActionUnitTest" name="test_executeAction_MissingFacade" time="0.094" />

      <testcase classname="com.topcoder.direct.services.view.action.contest.launch.ActiveContestPrizeRetrievalActionUnitTest" name="test_getContestId_Accuracy" time="0.062" />

      <testcase classname="com.topcoder.direct.services.view.action.contest.launch.ActiveContestPrizeRetrievalActionUnitTest" name="test_setContestId_Accuracy" time="0.047" />

      <testcase classname="com.topcoder.direct.services.view.action.contest.launch.ActiveContestPrizeRetrievalActionUnitTest" name="test_setContestId_ContestIdNotPositive" time="0.141" />

      <testcase classname="com.topcoder.direct.services.view.action.contest.launch.ActiveContestPrizeRetrievalActionUnitTest" name="test_isStudio_Accuracy" time="0.109" />

      <testcase classname="com.topcoder.direct.services.view.action.contest.launch.ActiveContestPrizeRetrievalActionUnitTest" name="test_setStudio_Accuracy" time="0.047" />

      <testcase classname="com.topcoder.direct.services.view.action.contest.launch.ActiveContestPrizeRetrievalActionUnitTest" name="test_executeAction_Accuracy" time="0.047" />

      <testcase classname="com.topcoder.direct.services.view.action.contest.launch.ActiveContestPrizeRetrievalActionUnitTest" name="test_executeAction_DirectServiceFacadeException" time="0.047" />

      <testcase classname="com.topcoder.direct.services.view.action.contest.launch.ActiveContestScheduleExtensionActionUnitTest" name="testInheritance" time="0.094" />

      <testcase classname="com.topcoder.direct.services.view.action.contest.launch.ActiveContestScheduleExtensionActionUnitTest" name="testConstructor" time="0.047" />

      <testcase classname="com.topcoder.direct.services.view.action.contest.launch.ActiveContestScheduleExtensionActionUnitTest" name="test_executeAction_MissingFacade" time="0.062" />

      <testcase classname="com.topcoder.direct.services.view.action.contest.launch.ActiveContestScheduleExtensionActionUnitTest" name="test_getContestId_Accuracy" time="0.047" />

      <testcase classname="com.topcoder.direct.services.view.action.contest.launch.ActiveContestScheduleExtensionActionUnitTest" name="test_setContestId_Accuracy" time="0.094" />

      <testcase classname="com.topcoder.direct.services.view.action.contest.launch.ActiveContestScheduleExtensionActionUnitTest" name="test_setContestId_ContestIdNotPositive" time="0.125" />

      <testcase classname="com.topcoder.direct.services.view.action.contest.launch.ActiveContestScheduleExtensionActionUnitTest" name="test_isStudio_Accuracy" time="0.062" />

      <testcase classname="com.topcoder.direct.services.view.action.contest.launch.ActiveContestScheduleExtensionActionUnitTest" name="test_setStudio_Accuracy" time="0.047" />

      <testcase classname="com.topcoder.direct.services.view.action.contest.launch.ActiveContestScheduleExtensionActionUnitTest" name="test_executeAction_Accuracy" time="0.109" />

      <testcase classname="com.topcoder.direct.services.view.action.contest.launch.ActiveContestScheduleExtensionActionUnitTest" name="test_executeAction_DirectServiceFacadeException" time="0.047" />

      <testcase classname="com.topcoder.direct.services.view.action.contest.launch.ActiveContestScheduleExtensionActionUnitTest" name="test_getRegistrationExtension_Accuracy" time="0.047" />

      <testcase classname="com.topcoder.direct.services.view.action.contest.launch.ActiveContestScheduleExtensionActionUnitTest" name="test_setRegistrationExtension_Accuracy" time="0.047" />

      <testcase classname="com.topcoder.direct.services.view.action.contest.launch.ActiveContestScheduleExtensionActionUnitTest" name="test_setRegistrationExtension_RegistrationExtensionNotPositive" time="0.125" />

      <testcase classname="com.topcoder.direct.services.view.action.contest.launch.ActiveContestScheduleExtensionActionUnitTest" name="test_getMilestoneExtension_Accuracy" time="0.109" />

      <testcase classname="com.topcoder.direct.services.view.action.contest.launch.ActiveContestScheduleExtensionActionUnitTest" name="test_setMilestoneExtension_Accuracy" time="0.062" />

      <testcase classname="com.topcoder.direct.services.view.action.contest.launch.ActiveContestScheduleExtensionActionUnitTest" name="test_setMilestoneExtension_MilestoneExtensionNotPositive" time="0.125" />

      <testcase classname="com.topcoder.direct.services.view.action.contest.launch.ActiveContestScheduleExtensionActionUnitTest" name="test_getSubmissionExtension_Accuracy" time="0.047" />

      <testcase classname="com.topcoder.direct.services.view.action.contest.launch.ActiveContestScheduleExtensionActionUnitTest" name="test_setSubmissionExtension_Accuracy" time="0.11" />

      <testcase classname="com.topcoder.direct.services.view.action.contest.launch.ActiveContestScheduleExtensionActionUnitTest" name="test_setSubmissionExtension_SubmissionExtensionNotPositive" time="0.125" />

      <testcase classname="com.topcoder.direct.services.view.action.contest.launch.ActiveContestScheduleRetrievalActionUnitTest" name="testInheritance" time="0.047" />

      <testcase classname="com.topcoder.direct.services.view.action.contest.launch.ActiveContestScheduleRetrievalActionUnitTest" name="testConstructor" time="0.047" />

      <testcase classname="com.topcoder.direct.services.view.action.contest.launch.ActiveContestScheduleRetrievalActionUnitTest" name="test_executeAction_MissingFacade" time="0.109" />

      <testcase classname="com.topcoder.direct.services.view.action.contest.launch.ActiveContestScheduleRetrievalActionUnitTest" name="test_getContestId_Accuracy" time="0.047" />

      <testcase classname="com.topcoder.direct.services.view.action.contest.launch.ActiveContestScheduleRetrievalActionUnitTest" name="test_setContestId_Accuracy" time="0.047" />

      <testcase classname="com.topcoder.direct.services.view.action.contest.launch.ActiveContestScheduleRetrievalActionUnitTest" name="test_setContestId_ContestIdNotPositive" time="0.141" />

      <testcase classname="com.topcoder.direct.services.view.action.contest.launch.ActiveContestScheduleRetrievalActionUnitTest" name="test_isStudio_Accuracy" time="0.047" />

      <testcase classname="com.topcoder.direct.services.view.action.contest.launch.ActiveContestScheduleRetrievalActionUnitTest" name="test_setStudio_Accuracy" time="0.109" />

      <testcase classname="com.topcoder.direct.services.view.action.contest.launch.ActiveContestScheduleRetrievalActionUnitTest" name="test_executeAction_Accuracy" time="0.047" />

      <testcase classname="com.topcoder.direct.services.view.action.contest.launch.ActiveContestScheduleRetrievalActionUnitTest" name="test_executeAction_DirectServiceFacadeException" time="0.062" />

      <testcase classname="com.topcoder.direct.services.view.action.contest.launch.ContestReceiptRetrievalActionUnitTest" name="testInheritance" time="0.047" />

      <testcase classname="com.topcoder.direct.services.view.action.contest.launch.ContestReceiptRetrievalActionUnitTest" name="testConstructor" time="0.047" />

      <testcase classname="com.topcoder.direct.services.view.action.contest.launch.ContestReceiptRetrievalActionUnitTest" name="test_executeAction_MissingFacade" time="0.094" />

      <testcase classname="com.topcoder.direct.services.view.action.contest.launch.ContestReceiptRetrievalActionUnitTest" name="test_getContestId_Accuracy" time="0.062" />

      <testcase classname="com.topcoder.direct.services.view.action.contest.launch.ContestReceiptRetrievalActionUnitTest" name="test_setContestId_Accuracy" time="0.047" />

      <testcase classname="com.topcoder.direct.services.view.action.contest.launch.ContestReceiptRetrievalActionUnitTest" name="test_setContestId_ContestIdNotPositive" time="0.125" />

      <testcase classname="com.topcoder.direct.services.view.action.contest.launch.ContestReceiptRetrievalActionUnitTest" name="test_isStudio_Accuracy" time="0.109" />

      <testcase classname="com.topcoder.direct.services.view.action.contest.launch.ContestReceiptRetrievalActionUnitTest" name="test_setStudio_Accuracy" time="0.047" />

      <testcase classname="com.topcoder.direct.services.view.action.contest.launch.ContestReceiptRetrievalActionUnitTest" name="test_executeAction_Accuracy" time="0.047" />

      <testcase classname="com.topcoder.direct.services.view.action.contest.launch.ContestReceiptRetrievalActionUnitTest" name="test_executeAction_ContestNotFoundException" time="0.047" />

      <testcase classname="com.topcoder.direct.services.view.action.contest.launch.ContestReceiptSendingActionUnitTest" name="testInheritance" time="0.047" />

      <testcase classname="com.topcoder.direct.services.view.action.contest.launch.ContestReceiptSendingActionUnitTest" name="testConstructor" time="0.094" />

      <testcase classname="com.topcoder.direct.services.view.action.contest.launch.ContestReceiptSendingActionUnitTest" name="test_executeAction_Accuracy1" time="0.047" />

      <testcase classname="com.topcoder.direct.services.view.action.contest.launch.ContestReceiptSendingActionUnitTest" name="test_executeAction_Accuracy2" time="0.047" />

      <testcase classname="com.topcoder.direct.services.view.action.contest.launch.ContestReceiptSendingActionUnitTest" name="test_executeAction_MissingFacade" time="0.046" />

      <testcase classname="com.topcoder.direct.services.view.action.contest.launch.ContestReceiptSendingActionUnitTest" name="test_getContestId_Accuracy" time="0.047" />

      <testcase classname="com.topcoder.direct.services.view.action.contest.launch.ContestReceiptSendingActionUnitTest" name="test_setContestId_Accuracy" time="0.11" />

      <testcase classname="com.topcoder.direct.services.view.action.contest.launch.ContestReceiptSendingActionUnitTest" name="test_setContestId_ContestIdNotPositive" time="0.125" />

      <testcase classname="com.topcoder.direct.services.view.action.contest.launch.ContestReceiptSendingActionUnitTest" name="test_isStudio_Accuracy" time="0.062" />

      <testcase classname="com.topcoder.direct.services.view.action.contest.launch.ContestReceiptSendingActionUnitTest" name="test_setStudio_Accuracy" time="0.063" />

      <testcase classname="com.topcoder.direct.services.view.action.contest.launch.ContestReceiptSendingActionUnitTest" name="test_executeAction_ContestNotFoundException" time="0.047" />

      <testcase classname="com.topcoder.direct.services.view.action.contest.launch.ContestReceiptSendingActionUnitTest" name="test_getAdditionalEmailAddresses_Accuracy" time="0.109" />

      <testcase classname="com.topcoder.direct.services.view.action.contest.launch.ContestReceiptSendingActionUnitTest" name="test_setAdditionalEmailAddresses_Accuracy" time="0.047" />

      <testcase classname="com.topcoder.direct.services.view.action.contest.launch.ContestReceiptSendingActionUnitTest" name="test_setAdditionalEmailAddresses_TooLong" time="0.078" />

      <testcase classname="com.topcoder.direct.services.view.action.contest.launch.ContestReceiptSendingActionUnitTest" name="test_setAdditionalEmailAddresses_InvalidEmail" time="0.094" />

      <testcase classname="com.topcoder.direct.services.view.action.contest.launch.ContestReceiptSendingActionUnitTest" name="test_setAdditionalEmailAddresses_EmptyEmail" time="0.125" />

      <testcase classname="com.topcoder.direct.services.view.action.contest.launch.GamePlanRetrievalActionUnitTest" name="testInheritance" time="0.047" />

      <testcase classname="com.topcoder.direct.services.view.action.contest.launch.GamePlanRetrievalActionUnitTest" name="testConstructor" time="0.046" />

      <testcase classname="com.topcoder.direct.services.view.action.contest.launch.GamePlanRetrievalActionUnitTest" name="test_executeAction_MissingFacade" time="0.063" />

      <testcase classname="com.topcoder.direct.services.view.action.contest.launch.GamePlanRetrievalActionUnitTest" name="test_executeAction_Accuracy" time="0.047" />

      <testcase classname="com.topcoder.direct.services.view.action.contest.launch.GamePlanRetrievalActionUnitTest" name="test_executeAction_ErrorFetchingData" time="0.094" />

      <testcase classname="com.topcoder.direct.services.view.action.contest.launch.GamePlanRetrievalActionUnitTest" name="test_getProjectId_Accuracy" time="0.046" />

      <testcase classname="com.topcoder.direct.services.view.action.contest.launch.GamePlanRetrievalActionUnitTest" name="test_setProjectId_Accuracy" time="0.047" />

      <testcase classname="com.topcoder.direct.services.view.action.contest.launch.GamePlanRetrievalActionUnitTest" name="test_setProjectId_ProjectIdNotPositive" time="0.125" />

      <testcase classname="com.topcoder.direct.services.view.action.contest.launch.ProjectContestDataRetrievalActionUnitTest" name="testInheritance" time="0.062" />

      <testcase classname="com.topcoder.direct.services.view.action.contest.launch.ProjectContestDataRetrievalActionUnitTest" name="testConstructor" time="0.094" />

      <testcase classname="com.topcoder.direct.services.view.action.contest.launch.ProjectContestDataRetrievalActionUnitTest" name="test_executeAction_MissingFacade" time="0.047" />

      <testcase classname="com.topcoder.direct.services.view.action.contest.launch.ProjectContestDataRetrievalActionUnitTest" name="test_executeAction_Accuracy" time="0.047" />

      <testcase classname="com.topcoder.direct.services.view.action.contest.launch.ProjectContestDataRetrievalActionUnitTest" name="test_getProjectId_Accuracy" time="0.047" />

      <testcase classname="com.topcoder.direct.services.view.action.contest.launch.ProjectContestDataRetrievalActionUnitTest" name="test_setProjectId_Accuracy" time="0.047" />

      <testcase classname="com.topcoder.direct.services.view.action.contest.launch.ProjectContestDataRetrievalActionUnitTest" name="test_setProjectId_ProjectIdNotPositive" time="0.172" />

      <testcase classname="com.topcoder.direct.services.view.action.contest.launch.ProjectContestDataRetrievalActionUnitTest" name="test_executeAction_ErrorGettingProjectData" time="0.047" />

      <testcase classname="com.topcoder.direct.services.view.action.contest.launch.WikiLinkRetrievalActionUnitTest" name="testInheritance" time="0.063" />

      <testcase classname="com.topcoder.direct.services.view.action.contest.launch.WikiLinkRetrievalActionUnitTest" name="testConstructor" time="0.046" />

      <testcase classname="com.topcoder.direct.services.view.action.contest.launch.WikiLinkRetrievalActionUnitTest" name="test_executeAction_MissingFacade" time="0.047" />

      <testcase classname="com.topcoder.direct.services.view.action.contest.launch.WikiLinkRetrievalActionUnitTest" name="test_getContestId_Accuracy" time="0.094" />

      <testcase classname="com.topcoder.direct.services.view.action.contest.launch.WikiLinkRetrievalActionUnitTest" name="test_setContestId_Accuracy" time="0.047" />

      <testcase classname="com.topcoder.direct.services.view.action.contest.launch.WikiLinkRetrievalActionUnitTest" name="test_setContestId_ContestIdNotPositive" time="0.14" />

      <testcase classname="com.topcoder.direct.services.view.action.contest.launch.WikiLinkRetrievalActionUnitTest" name="test_isStudio_Accuracy" time="0.047" />

      <testcase classname="com.topcoder.direct.services.view.action.contest.launch.WikiLinkRetrievalActionUnitTest" name="test_setStudio_Accuracy" time="0.094" />

      <testcase classname="com.topcoder.direct.services.view.action.contest.launch.WikiLinkRetrievalActionUnitTest" name="test_executeAction_Accuracy" time="0.047" />

      <testcase classname="com.topcoder.direct.services.view.action.contest.launch.WikiLinkRetrievalActionUnitTest" name="test_getProjectId_Accuracy" time="0.047" />

      <testcase classname="com.topcoder.direct.services.view.action.contest.launch.WikiLinkRetrievalActionUnitTest" name="test_setProjectId_Accuracy" time="0.063" />

      <testcase classname="com.topcoder.direct.services.view.action.contest.launch.WikiLinkRetrievalActionUnitTest" name="test_setProjectId_ProjectIdNotPositive" time="0.125" />

      <testcase classname="com.topcoder.direct.services.view.action.contest.launch.WikiLinkRetrievalActionUnitTest" name="test_executeAction_MissingAssetDTO" time="0.14" />

      <testcase classname="com.topcoder.direct.services.view.action.contest.launch.WikiLinkRetrievalActionUnitTest" name="test_executeAction_MissingCategory" time="0.078" />

      <testcase classname="com.topcoder.direct.services.view.action.contest.launch.WikiLinkRetrievalActionUnitTest" name="test_executeAction_NullContestType" time="0.094" />

      <testcase classname="com.topcoder.direct.services.view.action.contest.launch.WikiLinkRetrievalActionUnitTest" name="test_executeAction_NullContestName" time="0.078" />

      <testcase classname="com.topcoder.direct.services.view.action.contest.launch.WikiLinkRetrievalActionUnitTest" name="test_getLinkTemplate_Accuracy" time="0.11" />

      <testcase classname="com.topcoder.direct.services.view.action.contest.launch.WikiLinkRetrievalActionUnitTest" name="test_setLinkTemplate_Accuracy" time="0.047" />

      <testcase classname="com.topcoder.direct.services.view.action.contest.launch.WikiLinkRetrievalActionUnitTest" name="test_setLinkTemplate_Null" time="0.125" />

      <testcase classname="com.topcoder.direct.services.view.action.contest.launch.WikiLinkRetrievalActionUnitTest" name="test_setLinkTemplate_MissingContestType" time="0.14" />

      <testcase classname="com.topcoder.direct.services.view.action.contest.launch.WikiLinkRetrievalActionUnitTest" name="test_setLinkTemplate_MissingContestName" time="0.125" />

      <testcase classname="com.topcoder.direct.services.view.action.contest.launch.accuracytests.ActiveContestPrizeIncreasingActionAccTest" name="testExecuteAction" time="0.0" />

      <testcase classname="com.topcoder.direct.services.view.action.contest.launch.accuracytests.ActiveContestPrizeIncreasingActionAccTest" name="testExecuteAction_1" time="0.0" />

      <testcase classname="com.topcoder.direct.services.view.action.contest.launch.accuracytests.ActiveContestPrizeIncreasingActionAccTest" name="testActiveContestPrizeIncreasingAction" time="0.0" />

      <testcase classname="com.topcoder.direct.services.view.action.contest.launch.accuracytests.ActiveContestPrizeIncreasingActionAccTest" name="testGetContestId" time="0.0" />

      <testcase classname="com.topcoder.direct.services.view.action.contest.launch.accuracytests.ActiveContestPrizeIncreasingActionAccTest" name="testSetContestId" time="0.0" />

      <testcase classname="com.topcoder.direct.services.view.action.contest.launch.accuracytests.ActiveContestPrizeIncreasingActionAccTest" name="testIsStudio" time="0.0" />

      <testcase classname="com.topcoder.direct.services.view.action.contest.launch.accuracytests.ActiveContestPrizeIncreasingActionAccTest" name="testSetStudio" time="0.0" />

      <testcase classname="com.topcoder.direct.services.view.action.contest.launch.accuracytests.ActiveContestPrizeIncreasingActionAccTest" name="testGetContestPrizes" time="0.0" />

      <testcase classname="com.topcoder.direct.services.view.action.contest.launch.accuracytests.ActiveContestPrizeIncreasingActionAccTest" name="testSetContestPrizes" time="0.0" />

      <testcase classname="com.topcoder.direct.services.view.action.contest.launch.accuracytests.ActiveContestPrizeIncreasingActionAccTest" name="testGetMilestonePrizes" time="0.0" />

      <testcase classname="com.topcoder.direct.services.view.action.contest.launch.accuracytests.ActiveContestPrizeIncreasingActionAccTest" name="testSetMilestonePrizes" time="0.0" />

      <testcase classname="com.topcoder.direct.services.view.action.contest.launch.accuracytests.ActiveContestPrizeRetrievalActionAccTest" name="testExecuteAction" time="0.016" />

      <testcase classname="com.topcoder.direct.services.view.action.contest.launch.accuracytests.ActiveContestPrizeRetrievalActionAccTest" name="testGetContestId" time="0.0" />

      <testcase classname="com.topcoder.direct.services.view.action.contest.launch.accuracytests.ActiveContestPrizeRetrievalActionAccTest" name="testSetContestId" time="0.0" />

      <testcase classname="com.topcoder.direct.services.view.action.contest.launch.accuracytests.ActiveContestPrizeRetrievalActionAccTest" name="testIsStudio" time="0.0" />

      <testcase classname="com.topcoder.direct.services.view.action.contest.launch.accuracytests.ActiveContestPrizeRetrievalActionAccTest" name="testSetStudio" time="0.0" />

      <testcase classname="com.topcoder.direct.services.view.action.contest.launch.accuracytests.ActiveContestPrizeRetrievalActionAccTest" name="testActiveContestPrizeRetrievalAction" time="0.0" />

      <testcase classname="com.topcoder.direct.services.view.action.contest.launch.accuracytests.ActiveContestScheduleExtensionActionAccTest" name="testExecuteAction" time="0.0" />

      <testcase classname="com.topcoder.direct.services.view.action.contest.launch.accuracytests.ActiveContestScheduleExtensionActionAccTest" name="testGetContestId" time="0.015" />

      <testcase classname="com.topcoder.direct.services.view.action.contest.launch.accuracytests.ActiveContestScheduleExtensionActionAccTest" name="testSetContestId" time="0.0" />

      <testcase classname="com.topcoder.direct.services.view.action.contest.launch.accuracytests.ActiveContestScheduleExtensionActionAccTest" name="testIsStudio" time="0.0" />

      <testcase classname="com.topcoder.direct.services.view.action.contest.launch.accuracytests.ActiveContestScheduleExtensionActionAccTest" name="testSetStudio" time="0.0" />

      <testcase classname="com.topcoder.direct.services.view.action.contest.launch.accuracytests.ActiveContestScheduleExtensionActionAccTest" name="testActiveContestScheduleExtensionAction" time="0.0" />

      <testcase classname="com.topcoder.direct.services.view.action.contest.launch.accuracytests.ActiveContestScheduleExtensionActionAccTest" name="testGetRegistrationExtension" time="0.0" />

      <testcase classname="com.topcoder.direct.services.view.action.contest.launch.accuracytests.ActiveContestScheduleExtensionActionAccTest" name="testSetRegistrationExtension" time="0.0" />

      <testcase classname="com.topcoder.direct.services.view.action.contest.launch.accuracytests.ActiveContestScheduleExtensionActionAccTest" name="testGetMilestoneExtension" time="0.0" />

      <testcase classname="com.topcoder.direct.services.view.action.contest.launch.accuracytests.ActiveContestScheduleExtensionActionAccTest" name="testSetMilestoneExtension" time="0.0" />

      <testcase classname="com.topcoder.direct.services.view.action.contest.launch.accuracytests.ActiveContestScheduleExtensionActionAccTest" name="testGetSubmissionExtension" time="0.0" />

      <testcase classname="com.topcoder.direct.services.view.action.contest.launch.accuracytests.ActiveContestScheduleExtensionActionAccTest" name="testSetSubmissionExtension" time="0.0" />

      <testcase classname="com.topcoder.direct.services.view.action.contest.launch.accuracytests.ActiveContestScheduleRetrievalActionAccTest" name="testExecuteAction" time="0.0" />

      <testcase classname="com.topcoder.direct.services.view.action.contest.launch.accuracytests.ActiveContestScheduleRetrievalActionAccTest" name="testGetContestId" time="0.0" />

      <testcase classname="com.topcoder.direct.services.view.action.contest.launch.accuracytests.ActiveContestScheduleRetrievalActionAccTest" name="testSetContestId" time="0.0" />

      <testcase classname="com.topcoder.direct.services.view.action.contest.launch.accuracytests.ActiveContestScheduleRetrievalActionAccTest" name="testIsStudio" time="0.0" />

      <testcase classname="com.topcoder.direct.services.view.action.contest.launch.accuracytests.ActiveContestScheduleRetrievalActionAccTest" name="testSetStudio" time="0.0" />

      <testcase classname="com.topcoder.direct.services.view.action.contest.launch.accuracytests.ActiveContestScheduleRetrievalActionAccTest" name="testActiveContestScheduleRetrievalAction" time="0.0" />

      <testcase classname="com.topcoder.direct.services.view.action.contest.launch.accuracytests.ContestReceiptRetrievalActionAccTest" name="testExecuteAction" time="0.0" />

      <testcase classname="com.topcoder.direct.services.view.action.contest.launch.accuracytests.ContestReceiptRetrievalActionAccTest" name="testGetContestId" time="0.0" />

      <testcase classname="com.topcoder.direct.services.view.action.contest.launch.accuracytests.ContestReceiptRetrievalActionAccTest" name="testSetContestId" time="0.0" />

      <testcase classname="com.topcoder.direct.services.view.action.contest.launch.accuracytests.ContestReceiptRetrievalActionAccTest" name="testIsStudio" time="0.0" />

      <testcase classname="com.topcoder.direct.services.view.action.contest.launch.accuracytests.ContestReceiptRetrievalActionAccTest" name="testSetStudio" time="0.0" />

      <testcase classname="com.topcoder.direct.services.view.action.contest.launch.accuracytests.ContestReceiptRetrievalActionAccTest" name="testContestReceiptRetrievalAction" time="0.0" />

      <testcase classname="com.topcoder.direct.services.view.action.contest.launch.accuracytests.ContestReceiptSendingActionAccTest" name="testExecuteAction" time="0.016" />

      <testcase classname="com.topcoder.direct.services.view.action.contest.launch.accuracytests.ContestReceiptSendingActionAccTest" name="testExecuteAction_1" time="0.0" />

      <testcase classname="com.topcoder.direct.services.view.action.contest.launch.accuracytests.ContestReceiptSendingActionAccTest" name="testGetContestId" time="0.0" />

      <testcase classname="com.topcoder.direct.services.view.action.contest.launch.accuracytests.ContestReceiptSendingActionAccTest" name="testSetContestId" time="0.0" />

      <testcase classname="com.topcoder.direct.services.view.action.contest.launch.accuracytests.ContestReceiptSendingActionAccTest" name="testIsStudio" time="0.0" />

      <testcase classname="com.topcoder.direct.services.view.action.contest.launch.accuracytests.ContestReceiptSendingActionAccTest" name="testSetStudio" time="0.0" />

      <testcase classname="com.topcoder.direct.services.view.action.contest.launch.accuracytests.ContestReceiptSendingActionAccTest" name="testContestReceiptSendingAction" time="0.0" />

      <testcase classname="com.topcoder.direct.services.view.action.contest.launch.accuracytests.ContestReceiptSendingActionAccTest" name="testGetAdditionalEmailAddresses" time="0.0" />

      <testcase classname="com.topcoder.direct.services.view.action.contest.launch.accuracytests.ContestReceiptSendingActionAccTest" name="testSetAdditionalEmailAddresses" time="0.0" />

      <testcase classname="com.topcoder.direct.services.view.action.contest.launch.accuracytests.GamePlanRetrievalActionAccTest" name="testExecuteAction" time="0.0" />

      <testcase classname="com.topcoder.direct.services.view.action.contest.launch.accuracytests.GamePlanRetrievalActionAccTest" name="testGamePlanRetrievalAction" time="0.0" />

      <testcase classname="com.topcoder.direct.services.view.action.contest.launch.accuracytests.GamePlanRetrievalActionAccTest" name="testGetProjectId" time="0.0" />

      <testcase classname="com.topcoder.direct.services.view.action.contest.launch.accuracytests.GamePlanRetrievalActionAccTest" name="testSetProjectId" time="0.0" />

      <testcase classname="com.topcoder.direct.services.view.action.contest.launch.accuracytests.ProjectContestDataRetrievalActionAccTest" name="testExecuteAction" time="0.0" />

      <testcase classname="com.topcoder.direct.services.view.action.contest.launch.accuracytests.ProjectContestDataRetrievalActionAccTest" name="testGetProjectId" time="0.0" />

      <testcase classname="com.topcoder.direct.services.view.action.contest.launch.accuracytests.ProjectContestDataRetrievalActionAccTest" name="testSetProjectId" time="0.0" />

      <testcase classname="com.topcoder.direct.services.view.action.contest.launch.accuracytests.ProjectContestDataRetrievalActionAccTest" name="testProjectContestDataRetrievalAction" time="0.0" />

      <testcase classname="com.topcoder.direct.services.view.action.contest.launch.accuracytests.WikiLinkRetrievalActionAccTest" name="testExecuteAction" time="0.0" />

      <testcase classname="com.topcoder.direct.services.view.action.contest.launch.accuracytests.WikiLinkRetrievalActionAccTest" name="testGetContestId" time="0.0" />

      <testcase classname="com.topcoder.direct.services.view.action.contest.launch.accuracytests.WikiLinkRetrievalActionAccTest" name="testSetContestId" time="0.0" />

      <testcase classname="com.topcoder.direct.services.view.action.contest.launch.accuracytests.WikiLinkRetrievalActionAccTest" name="testIsStudio" time="0.0" />

      <testcase classname="com.topcoder.direct.services.view.action.contest.launch.accuracytests.WikiLinkRetrievalActionAccTest" name="testSetStudio" time="0.0" />

      <testcase classname="com.topcoder.direct.services.view.action.contest.launch.accuracytests.WikiLinkRetrievalActionAccTest" name="testGetProjectId" time="0.0" />

      <testcase classname="com.topcoder.direct.services.view.action.contest.launch.accuracytests.WikiLinkRetrievalActionAccTest" name="testSetProjectId" time="0.0" />

      <testcase classname="com.topcoder.direct.services.view.action.contest.launch.accuracytests.WikiLinkRetrievalActionAccTest" name="testWikiLinkRetrievalAction" time="0.0" />

      <testcase classname="com.topcoder.direct.services.view.action.contest.launch.accuracytests.WikiLinkRetrievalActionAccTest" name="testGetLinkTemplate" time="0.0" />

      <testcase classname="com.topcoder.direct.services.view.action.contest.launch.accuracytests.WikiLinkRetrievalActionAccTest" name="testSetLinkTemplate" time="0.0" />

      <testcase classname="com.topcoder.direct.services.view.action.contest.launch.failuretests.ActiveContestPrizeIncreasingActionFailureTest" name="test_execute" time="0.0" />

      <testcase classname="com.topcoder.direct.services.view.action.contest.launch.failuretests.ActiveContestPrizeIncreasingActionFailureTest" name="test_setContestPrizes3" time="0.0" />

      <testcase classname="com.topcoder.direct.services.view.action.contest.launch.failuretests.ActiveContestPrizeIncreasingActionFailureTest" name="test_setContestPrizes4" time="0.0" />

      <testcase classname="com.topcoder.direct.services.view.action.contest.launch.failuretests.ActiveContestPrizeIncreasingActionFailureTest" name="test_setContestPrizes5" time="0.0" />

      <testcase classname="com.topcoder.direct.services.view.action.contest.launch.failuretests.ActiveContestPrizeIncreasingActionFailureTest" name="test_setContestPrizes6" time="0.0" />

      <testcase classname="com.topcoder.direct.services.view.action.contest.launch.failuretests.ActiveContestPrizeIncreasingActionFailureTest" name="test_setContestPrizes7" time="0.0" />

      <testcase classname="com.topcoder.direct.services.view.action.contest.launch.failuretests.ActiveContestPrizeIncreasingActionFailureTest" name="test_setMilestonePrizes5" time="0.0" />

      <testcase classname="com.topcoder.direct.services.view.action.contest.launch.failuretests.ActiveContestPrizeIncreasingActionFailureTest" name="test_setMilestonePrizes7" time="0.0" />

      <testcase classname="com.topcoder.direct.services.view.action.contest.launch.failuretests.ActiveContestPrizeRetrievalActionFailureTest" name="test_execute" time="0.0" />

      <testcase classname="com.topcoder.direct.services.view.action.contest.launch.failuretests.ActiveContestScheduleExtensionActionFailureTest" name="test_execute" time="0.0" />

      <testcase classname="com.topcoder.direct.services.view.action.contest.launch.failuretests.ActiveContestScheduleRetrievalActionFailureTest" name="test_execute" time="0.0" />

      <testcase classname="com.topcoder.direct.services.view.action.contest.launch.failuretests.ContestReceiptRetrievalActionFailureTest" name="test_execute" time="0.0" />

      <testcase classname="com.topcoder.direct.services.view.action.contest.launch.failuretests.ContestReceiptSendingActionFailureTest" name="test_execute" time="0.0" />

      <testcase classname="com.topcoder.direct.services.view.action.contest.launch.failuretests.ContestReceiptSendingActionFailureTest" name="test_setAdditionalEmailAddresses3" time="0.0" />

      <testcase classname="com.topcoder.direct.services.view.action.contest.launch.failuretests.ContestReceiptSendingActionFailureTest" name="test_setAdditionalEmailAddresses4" time="0.0" />

      <testcase classname="com.topcoder.direct.services.view.action.contest.launch.failuretests.ContestReceiptSendingActionFailureTest" name="test_setAdditionalEmailAddresses5" time="0.0" />

      <testcase classname="com.topcoder.direct.services.view.action.contest.launch.failuretests.ContestReceiptSendingActionFailureTest" name="test_setAdditionalEmailAddresses6" time="0.0" />

      <testcase classname="com.topcoder.direct.services.view.action.contest.launch.failuretests.GamePlanRetrievalActionFailureTest" name="test_execute" time="0.0" />

      <testcase classname="com.topcoder.direct.services.view.action.contest.launch.failuretests.ProjectContestDataRetrievalActionFailureTest" name="test_execute" time="0.016" />

      <testcase classname="com.topcoder.direct.services.view.action.contest.launch.failuretests.WikiLinkRetrievalActionFailureTest" name="test_execute" time="0.0" />

      <testcase classname="com.topcoder.service.actions.stresstests.DirectStrutsActionsStressTest" name="test_ActiveContestPrizeIncreasingAction_1_100" time="0.062" />

      <testcase classname="com.topcoder.service.actions.stresstests.DirectStrutsActionsStressTest" name="test_ActiveContestPrizeRetrievalAction_1_100" time="0.047" />

      <testcase classname="com.topcoder.service.actions.stresstests.DirectStrutsActionsStressTest" name="test_ActiveContestScheduleExtensionAction_1_100" time="0.063" />

      <testcase classname="com.topcoder.service.actions.stresstests.DirectStrutsActionsStressTest" name="test_ActiveContestScheduleRetrievalAction_1_100" time="0.047" />

      <testcase classname="com.topcoder.service.actions.stresstests.DirectStrutsActionsStressTest" name="test_ContestReceiptRetrievalAction_1_100" time="0.125" />

      <testcase classname="com.topcoder.service.actions.stresstests.DirectStrutsActionsStressTest" name="test_ContestReceiptSendingAction_1_100" time="0.062" />

      <testcase classname="com.topcoder.service.actions.stresstests.DirectStrutsActionsStressTest" name="test_GamePlanRetrievalAction_1_100" time="0.047" />

      <testcase classname="com.topcoder.service.actions.stresstests.DirectStrutsActionsStressTest" name="test_ProjectContestDataRetrievalAction_1_100" time="0.062" />

      <testcase classname="com.topcoder.service.actions.stresstests.DirectStrutsActionsStressTest" name="test_WikiLinkRetrievalAction_5_5" time="0.063" />

      <system-out><![CDATA[2010-07-01 21:14:49,817 ERROR com.topcoder.direct.services.view.action.contest.launch.BaseDirectStrutsAction.execute:166 - Error when executing action : com.topcoder.direct.services.view.action.contest.launch.MockActiveContestPrizeIncreasingAction : test
com.topcoder.service.facade.direct.ContestNotFoundException: test
	at com.topcoder.direct.services.view.action.contest.launch.MockDirectServiceFacade.getContestPrize(MockDirectServiceFacade.java:225)
	at com.topcoder.direct.services.view.action.contest.launch.ActiveContestPrizeIncreasingAction.executeAction(ActiveContestPrizeIncreasingAction.java:143)
	at com.topcoder.direct.services.view.action.contest.launch.BaseDirectStrutsAction.execute(BaseDirectStrutsAction.java:164)
	at sun.reflect.NativeMethodAccessorImpl.invoke0(Native Method)
	at sun.reflect.NativeMethodAccessorImpl.invoke(NativeMethodAccessorImpl.java:39)
	at sun.reflect.DelegatingMethodAccessorImpl.invoke(DelegatingMethodAccessorImpl.java:25)
	at java.lang.reflect.Method.invoke(Method.java:592)
	at com.opensymphony.xwork2.DefaultActionInvocation.invokeAction(DefaultActionInvocation.java:441)
	at com.opensymphony.xwork2.DefaultActionInvocation.invokeActionOnly(DefaultActionInvocation.java:280)
	at com.opensymphony.xwork2.DefaultActionInvocation.invoke(DefaultActionInvocation.java:243)
	at com.opensymphony.xwork2.interceptor.DefaultWorkflowInterceptor.doIntercept(DefaultWorkflowInterceptor.java:165)
	at com.opensymphony.xwork2.interceptor.MethodFilterInterceptor.intercept(MethodFilterInterceptor.java:87)
	at com.opensymphony.xwork2.DefaultActionInvocation.invoke(DefaultActionInvocation.java:237)
	at com.opensymphony.xwork2.validator.ValidationInterceptor.doIntercept(ValidationInterceptor.java:252)
	at org.apache.struts2.interceptor.validation.AnnotationValidationInterceptor.doIntercept(AnnotationValidationInterceptor.java:68)
	at com.opensymphony.xwork2.interceptor.MethodFilterInterceptor.intercept(MethodFilterInterceptor.java:87)
	at com.opensymphony.xwork2.DefaultActionInvocation.invoke(DefaultActionInvocation.java:237)
	at com.opensymphony.xwork2.interceptor.ConversionErrorInterceptor.intercept(ConversionErrorInterceptor.java:122)
	at com.opensymphony.xwork2.DefaultActionInvocation.invoke(DefaultActionInvocation.java:237)
	at com.opensymphony.xwork2.interceptor.ParametersInterceptor.doIntercept(ParametersInterceptor.java:195)
	at com.opensymphony.xwork2.interceptor.MethodFilterInterceptor.intercept(MethodFilterInterceptor.java:87)
	at com.opensymphony.xwork2.DefaultActionInvocation.invoke(DefaultActionInvocation.java:237)
	at com.opensymphony.xwork2.interceptor.ParametersInterceptor.doIntercept(ParametersInterceptor.java:195)
	at com.opensymphony.xwork2.interceptor.MethodFilterInterceptor.intercept(MethodFilterInterceptor.java:87)
	at com.opensymphony.xwork2.DefaultActionInvocation.invoke(DefaultActionInvocation.java:237)
	at com.opensymphony.xwork2.interceptor.StaticParametersInterceptor.intercept(StaticParametersInterceptor.java:179)
	at com.opensymphony.xwork2.DefaultActionInvocation.invoke(DefaultActionInvocation.java:237)
	at org.apache.struts2.interceptor.MultiselectInterceptor.intercept(MultiselectInterceptor.java:75)
	at com.opensymphony.xwork2.DefaultActionInvocation.invoke(DefaultActionInvocation.java:237)
	at org.apache.struts2.interceptor.CheckboxInterceptor.intercept(CheckboxInterceptor.java:94)
	at com.opensymphony.xwork2.DefaultActionInvocation.invoke(DefaultActionInvocation.java:237)
	at org.apache.struts2.interceptor.FileUploadInterceptor.intercept(FileUploadInterceptor.java:235)
	at com.opensymphony.xwork2.DefaultActionInvocation.invoke(DefaultActionInvocation.java:237)
	at com.opensymphony.xwork2.interceptor.ModelDrivenInterceptor.intercept(ModelDrivenInterceptor.java:89)
	at com.opensymphony.xwork2.DefaultActionInvocation.invoke(DefaultActionInvocation.java:237)
	at com.opensymphony.xwork2.interceptor.ScopedModelDrivenInterceptor.intercept(ScopedModelDrivenInterceptor.java:130)
	at com.opensymphony.xwork2.DefaultActionInvocation.invoke(DefaultActionInvocation.java:237)
	at org.apache.struts2.interceptor.debugging.DebuggingInterceptor.intercept(DebuggingInterceptor.java:267)
	at com.opensymphony.xwork2.DefaultActionInvocation.invoke(DefaultActionInvocation.java:237)
	at com.opensymphony.xwork2.interceptor.ChainingInterceptor.intercept(ChainingInterceptor.java:126)
	at com.opensymphony.xwork2.DefaultActionInvocation.invoke(DefaultActionInvocation.java:237)
	at com.opensymphony.xwork2.interceptor.PrepareInterceptor.doIntercept(PrepareInterceptor.java:138)
	at com.opensymphony.xwork2.interceptor.MethodFilterInterceptor.intercept(MethodFilterInterceptor.java:87)
	at com.opensymphony.xwork2.DefaultActionInvocation.invoke(DefaultActionInvocation.java:237)
	at com.opensymphony.xwork2.interceptor.I18nInterceptor.intercept(I18nInterceptor.java:165)
	at com.opensymphony.xwork2.DefaultActionInvocation.invoke(DefaultActionInvocation.java:237)
	at org.apache.struts2.interceptor.ServletConfigInterceptor.intercept(ServletConfigInterceptor.java:164)
	at com.opensymphony.xwork2.DefaultActionInvocation.invoke(DefaultActionInvocation.java:237)
	at com.opensymphony.xwork2.interceptor.AliasInterceptor.intercept(AliasInterceptor.java:179)
	at com.opensymphony.xwork2.DefaultActionInvocation.invoke(DefaultActionInvocation.java:237)
	at com.opensymphony.xwork2.interceptor.ExceptionMappingInterceptor.intercept(ExceptionMappingInterceptor.java:176)
	at com.opensymphony.xwork2.DefaultActionInvocation.invoke(DefaultActionInvocation.java:237)
	at com.topcoder.direct.services.view.action.contest.launch.ValidationErrorsInterceptor.intercept(ValidationErrorsInterceptor.java:71)
	at com.opensymphony.xwork2.DefaultActionInvocation.invoke(DefaultActionInvocation.java:237)
	at com.topcoder.direct.services.view.action.contest.launch.MockActionInterceptor.intercept(MockActionInterceptor.java:32)
	at com.opensymphony.xwork2.DefaultActionInvocation.invoke(DefaultActionInvocation.java:237)
	at org.apache.struts2.impl.StrutsActionProxy.execute(StrutsActionProxy.java:52)
	at com.topcoder.direct.services.view.action.contest.launch.ActiveContestPrizeIncreasingActionUnitTest.test_executeAction_ContestNotFound(ActiveContestPrizeIncreasingActionUnitTest.java:229)
	at sun.reflect.NativeMethodAccessorImpl.invoke0(Native Method)
	at sun.reflect.NativeMethodAccessorImpl.invoke(NativeMethodAccessorImpl.java:39)
	at sun.reflect.DelegatingMethodAccessorImpl.invoke(DelegatingMethodAccessorImpl.java:25)
	at java.lang.reflect.Method.invoke(Method.java:592)
	at junit.framework.TestCase.runTest(TestCase.java:168)
	at junit.framework.TestCase.runBare(TestCase.java:134)
	at junit.framework.TestResult$1.protect(TestResult.java:110)
	at junit.framework.TestResult.runProtected(TestResult.java:128)
	at junit.framework.TestResult.run(TestResult.java:113)
	at junit.framework.TestCase.run(TestCase.java:124)
	at junit.framework.TestSuite.runTest(TestSuite.java:232)
	at junit.framework.TestSuite.run(TestSuite.java:227)
	at junit.framework.TestSuite.runTest(TestSuite.java:232)
	at junit.framework.TestSuite.run(TestSuite.java:227)
	at junit.framework.TestSuite.runTest(TestSuite.java:232)
	at junit.framework.TestSuite.run(TestSuite.java:227)
	at org.apache.tools.ant.taskdefs.optional.junit.JUnitTestRunner.run(JUnitTestRunner.java:421)
	at org.apache.tools.ant.taskdefs.optional.junit.JUnitTestRunner.launch(JUnitTestRunner.java:912)
	at org.apache.tools.ant.taskdefs.optional.junit.JUnitTestRunner.main(JUnitTestRunner.java:766)
2010-07-01 21:14:59,583 ERROR com.topcoder.direct.services.view.action.contest.launch.BaseDirectStrutsAction.execute:166 - Error when executing action : com.topcoder.direct.services.view.action.contest.launch.MockWikiLinkRetrievalAction : The assetDTO for software competition cannot be null
java.lang.IllegalStateException: The assetDTO for software competition cannot be null
	at com.topcoder.direct.services.view.action.contest.launch.WikiLinkRetrievalAction.checkNull(WikiLinkRetrievalAction.java:257)
	at com.topcoder.direct.services.view.action.contest.launch.WikiLinkRetrievalAction.executeAction(WikiLinkRetrievalAction.java:135)
	at com.topcoder.direct.services.view.action.contest.launch.BaseDirectStrutsAction.execute(BaseDirectStrutsAction.java:164)
	at sun.reflect.NativeMethodAccessorImpl.invoke0(Native Method)
	at sun.reflect.NativeMethodAccessorImpl.invoke(NativeMethodAccessorImpl.java:39)
	at sun.reflect.DelegatingMethodAccessorImpl.invoke(DelegatingMethodAccessorImpl.java:25)
	at java.lang.reflect.Method.invoke(Method.java:592)
	at com.opensymphony.xwork2.DefaultActionInvocation.invokeAction(DefaultActionInvocation.java:441)
	at com.opensymphony.xwork2.DefaultActionInvocation.invokeActionOnly(DefaultActionInvocation.java:280)
	at com.opensymphony.xwork2.DefaultActionInvocation.invoke(DefaultActionInvocation.java:243)
	at com.opensymphony.xwork2.interceptor.DefaultWorkflowInterceptor.doIntercept(DefaultWorkflowInterceptor.java:165)
	at com.opensymphony.xwork2.interceptor.MethodFilterInterceptor.intercept(MethodFilterInterceptor.java:87)
	at com.opensymphony.xwork2.DefaultActionInvocation.invoke(DefaultActionInvocation.java:237)
	at com.opensymphony.xwork2.validator.ValidationInterceptor.doIntercept(ValidationInterceptor.java:252)
	at org.apache.struts2.interceptor.validation.AnnotationValidationInterceptor.doIntercept(AnnotationValidationInterceptor.java:68)
	at com.opensymphony.xwork2.interceptor.MethodFilterInterceptor.intercept(MethodFilterInterceptor.java:87)
	at com.opensymphony.xwork2.DefaultActionInvocation.invoke(DefaultActionInvocation.java:237)
	at com.opensymphony.xwork2.interceptor.ConversionErrorInterceptor.intercept(ConversionErrorInterceptor.java:122)
	at com.opensymphony.xwork2.DefaultActionInvocation.invoke(DefaultActionInvocation.java:237)
	at com.opensymphony.xwork2.interceptor.ParametersInterceptor.doIntercept(ParametersInterceptor.java:195)
	at com.opensymphony.xwork2.interceptor.MethodFilterInterceptor.intercept(MethodFilterInterceptor.java:87)
	at com.opensymphony.xwork2.DefaultActionInvocation.invoke(DefaultActionInvocation.java:237)
	at com.opensymphony.xwork2.interceptor.ParametersInterceptor.doIntercept(ParametersInterceptor.java:195)
	at com.opensymphony.xwork2.interceptor.MethodFilterInterceptor.intercept(MethodFilterInterceptor.java:87)
	at com.opensymphony.xwork2.DefaultActionInvocation.invoke(DefaultActionInvocation.java:237)
	at com.opensymphony.xwork2.interceptor.StaticParametersInterceptor.intercept(StaticParametersInterceptor.java:179)
	at com.opensymphony.xwork2.DefaultActionInvocation.invoke(DefaultActionInvocation.java:237)
	at org.apache.struts2.interceptor.MultiselectInterceptor.intercept(MultiselectInterceptor.java:75)
	at com.opensymphony.xwork2.DefaultActionInvocation.invoke(DefaultActionInvocation.java:237)
	at org.apache.struts2.interceptor.CheckboxInterceptor.intercept(CheckboxInterceptor.java:94)
	at com.opensymphony.xwork2.DefaultActionInvocation.invoke(DefaultActionInvocation.java:237)
	at org.apache.struts2.interceptor.FileUploadInterceptor.intercept(FileUploadInterceptor.java:235)
	at com.opensymphony.xwork2.DefaultActionInvocation.invoke(DefaultActionInvocation.java:237)
	at com.opensymphony.xwork2.interceptor.ModelDrivenInterceptor.intercept(ModelDrivenInterceptor.java:89)
	at com.opensymphony.xwork2.DefaultActionInvocation.invoke(DefaultActionInvocation.java:237)
	at com.opensymphony.xwork2.interceptor.ScopedModelDrivenInterceptor.intercept(ScopedModelDrivenInterceptor.java:130)
	at com.opensymphony.xwork2.DefaultActionInvocation.invoke(DefaultActionInvocation.java:237)
	at org.apache.struts2.interceptor.debugging.DebuggingInterceptor.intercept(DebuggingInterceptor.java:267)
	at com.opensymphony.xwork2.DefaultActionInvocation.invoke(DefaultActionInvocation.java:237)
	at com.opensymphony.xwork2.interceptor.ChainingInterceptor.intercept(ChainingInterceptor.java:126)
	at com.opensymphony.xwork2.DefaultActionInvocation.invoke(DefaultActionInvocation.java:237)
	at com.opensymphony.xwork2.interceptor.PrepareInterceptor.doIntercept(PrepareInterceptor.java:138)
	at com.opensymphony.xwork2.interceptor.MethodFilterInterceptor.intercept(MethodFilterInterceptor.java:87)
	at com.opensymphony.xwork2.DefaultActionInvocation.invoke(DefaultActionInvocation.java:237)
	at com.opensymphony.xwork2.interceptor.I18nInterceptor.intercept(I18nInterceptor.java:165)
	at com.opensymphony.xwork2.DefaultActionInvocation.invoke(DefaultActionInvocation.java:237)
	at org.apache.struts2.interceptor.ServletConfigInterceptor.intercept(ServletConfigInterceptor.java:164)
	at com.opensymphony.xwork2.DefaultActionInvocation.invoke(DefaultActionInvocation.java:237)
	at com.opensymphony.xwork2.interceptor.AliasInterceptor.intercept(AliasInterceptor.java:179)
	at com.opensymphony.xwork2.DefaultActionInvocation.invoke(DefaultActionInvocation.java:237)
	at com.opensymphony.xwork2.interceptor.ExceptionMappingInterceptor.intercept(ExceptionMappingInterceptor.java:176)
	at com.opensymphony.xwork2.DefaultActionInvocation.invoke(DefaultActionInvocation.java:237)
	at com.topcoder.direct.services.view.action.contest.launch.ValidationErrorsInterceptor.intercept(ValidationErrorsInterceptor.java:71)
	at com.opensymphony.xwork2.DefaultActionInvocation.invoke(DefaultActionInvocation.java:237)
	at com.topcoder.direct.services.view.action.contest.launch.MockActionInterceptor.intercept(MockActionInterceptor.java:32)
	at com.opensymphony.xwork2.DefaultActionInvocation.invoke(DefaultActionInvocation.java:237)
	at org.apache.struts2.impl.StrutsActionProxy.execute(StrutsActionProxy.java:52)
	at com.topcoder.direct.services.view.action.contest.launch.WikiLinkRetrievalActionUnitTest.test_executeAction_MissingAssetDTO(WikiLinkRetrievalActionUnitTest.java:164)
	at sun.reflect.NativeMethodAccessorImpl.invoke0(Native Method)
	at sun.reflect.NativeMethodAccessorImpl.invoke(NativeMethodAccessorImpl.java:39)
	at sun.reflect.DelegatingMethodAccessorImpl.invoke(DelegatingMethodAccessorImpl.java:25)
	at java.lang.reflect.Method.invoke(Method.java:592)
	at junit.framework.TestCase.runTest(TestCase.java:168)
	at junit.framework.TestCase.runBare(TestCase.java:134)
	at junit.framework.TestResult$1.protect(TestResult.java:110)
	at junit.framework.TestResult.runProtected(TestResult.java:128)
	at junit.framework.TestResult.run(TestResult.java:113)
	at junit.framework.TestCase.run(TestCase.java:124)
	at junit.framework.TestSuite.runTest(TestSuite.java:232)
	at junit.framework.TestSuite.run(TestSuite.java:227)
	at junit.framework.TestSuite.runTest(TestSuite.java:232)
	at junit.framework.TestSuite.run(TestSuite.java:227)
	at junit.framework.TestSuite.runTest(TestSuite.java:232)
	at junit.framework.TestSuite.run(TestSuite.java:227)
	at org.apache.tools.ant.taskdefs.optional.junit.JUnitTestRunner.run(JUnitTestRunner.java:421)
	at org.apache.tools.ant.taskdefs.optional.junit.JUnitTestRunner.launch(JUnitTestRunner.java:912)
	at org.apache.tools.ant.taskdefs.optional.junit.JUnitTestRunner.main(JUnitTestRunner.java:766)
2010-07-01 21:14:59,676 ERROR com.topcoder.direct.services.view.action.contest.launch.BaseDirectStrutsAction.execute:166 - Error when executing action : com.topcoder.direct.services.view.action.contest.launch.MockWikiLinkRetrievalAction : The category for software competition cannot be null
java.lang.IllegalStateException: The category for software competition cannot be null
	at com.topcoder.direct.services.view.action.contest.launch.WikiLinkRetrievalAction.checkNull(WikiLinkRetrievalAction.java:257)
	at com.topcoder.direct.services.view.action.contest.launch.WikiLinkRetrievalAction.executeAction(WikiLinkRetrievalAction.java:136)
	at com.topcoder.direct.services.view.action.contest.launch.BaseDirectStrutsAction.execute(BaseDirectStrutsAction.java:164)
	at sun.reflect.NativeMethodAccessorImpl.invoke0(Native Method)
	at sun.reflect.NativeMethodAccessorImpl.invoke(NativeMethodAccessorImpl.java:39)
	at sun.reflect.DelegatingMethodAccessorImpl.invoke(DelegatingMethodAccessorImpl.java:25)
	at java.lang.reflect.Method.invoke(Method.java:592)
	at com.opensymphony.xwork2.DefaultActionInvocation.invokeAction(DefaultActionInvocation.java:441)
	at com.opensymphony.xwork2.DefaultActionInvocation.invokeActionOnly(DefaultActionInvocation.java:280)
	at com.opensymphony.xwork2.DefaultActionInvocation.invoke(DefaultActionInvocation.java:243)
	at com.opensymphony.xwork2.interceptor.DefaultWorkflowInterceptor.doIntercept(DefaultWorkflowInterceptor.java:165)
	at com.opensymphony.xwork2.interceptor.MethodFilterInterceptor.intercept(MethodFilterInterceptor.java:87)
	at com.opensymphony.xwork2.DefaultActionInvocation.invoke(DefaultActionInvocation.java:237)
	at com.opensymphony.xwork2.validator.ValidationInterceptor.doIntercept(ValidationInterceptor.java:252)
	at org.apache.struts2.interceptor.validation.AnnotationValidationInterceptor.doIntercept(AnnotationValidationInterceptor.java:68)
	at com.opensymphony.xwork2.interceptor.MethodFilterInterceptor.intercept(MethodFilterInterceptor.java:87)
	at com.opensymphony.xwork2.DefaultActionInvocation.invoke(DefaultActionInvocation.java:237)
	at com.opensymphony.xwork2.interceptor.ConversionErrorInterceptor.intercept(ConversionErrorInterceptor.java:122)
	at com.opensymphony.xwork2.DefaultActionInvocation.invoke(DefaultActionInvocation.java:237)
	at com.opensymphony.xwork2.interceptor.ParametersInterceptor.doIntercept(ParametersInterceptor.java:195)
	at com.opensymphony.xwork2.interceptor.MethodFilterInterceptor.intercept(MethodFilterInterceptor.java:87)
	at com.opensymphony.xwork2.DefaultActionInvocation.invoke(DefaultActionInvocation.java:237)
	at com.opensymphony.xwork2.interceptor.ParametersInterceptor.doIntercept(ParametersInterceptor.java:195)
	at com.opensymphony.xwork2.interceptor.MethodFilterInterceptor.intercept(MethodFilterInterceptor.java:87)
	at com.opensymphony.xwork2.DefaultActionInvocation.invoke(DefaultActionInvocation.java:237)
	at com.opensymphony.xwork2.interceptor.StaticParametersInterceptor.intercept(StaticParametersInterceptor.java:179)
	at com.opensymphony.xwork2.DefaultActionInvocation.invoke(DefaultActionInvocation.java:237)
	at org.apache.struts2.interceptor.MultiselectInterceptor.intercept(MultiselectInterceptor.java:75)
	at com.opensymphony.xwork2.DefaultActionInvocation.invoke(DefaultActionInvocation.java:237)
	at org.apache.struts2.interceptor.CheckboxInterceptor.intercept(CheckboxInterceptor.java:94)
	at com.opensymphony.xwork2.DefaultActionInvocation.invoke(DefaultActionInvocation.java:237)
	at org.apache.struts2.interceptor.FileUploadInterceptor.intercept(FileUploadInterceptor.java:235)
	at com.opensymphony.xwork2.DefaultActionInvocation.invoke(DefaultActionInvocation.java:237)
	at com.opensymphony.xwork2.interceptor.ModelDrivenInterceptor.intercept(ModelDrivenInterceptor.java:89)
	at com.opensymphony.xwork2.DefaultActionInvocation.invoke(DefaultActionInvocation.java:237)
	at com.opensymphony.xwork2.interceptor.ScopedModelDrivenInterceptor.intercept(ScopedModelDrivenInterceptor.java:130)
	at com.opensymphony.xwork2.DefaultActionInvocation.invoke(DefaultActionInvocation.java:237)
	at org.apache.struts2.interceptor.debugging.DebuggingInterceptor.intercept(DebuggingInterceptor.java:267)
	at com.opensymphony.xwork2.DefaultActionInvocation.invoke(DefaultActionInvocation.java:237)
	at com.opensymphony.xwork2.interceptor.ChainingInterceptor.intercept(ChainingInterceptor.java:126)
	at com.opensymphony.xwork2.DefaultActionInvocation.invoke(DefaultActionInvocation.java:237)
	at com.opensymphony.xwork2.interceptor.PrepareInterceptor.doIntercept(PrepareInterceptor.java:138)
	at com.opensymphony.xwork2.interceptor.MethodFilterInterceptor.intercept(MethodFilterInterceptor.java:87)
	at com.opensymphony.xwork2.DefaultActionInvocation.invoke(DefaultActionInvocation.java:237)
	at com.opensymphony.xwork2.interceptor.I18nInterceptor.intercept(I18nInterceptor.java:165)
	at com.opensymphony.xwork2.DefaultActionInvocation.invoke(DefaultActionInvocation.java:237)
	at org.apache.struts2.interceptor.ServletConfigInterceptor.intercept(ServletConfigInterceptor.java:164)
	at com.opensymphony.xwork2.DefaultActionInvocation.invoke(DefaultActionInvocation.java:237)
	at com.opensymphony.xwork2.interceptor.AliasInterceptor.intercept(AliasInterceptor.java:179)
	at com.opensymphony.xwork2.DefaultActionInvocation.invoke(DefaultActionInvocation.java:237)
	at com.opensymphony.xwork2.interceptor.ExceptionMappingInterceptor.intercept(ExceptionMappingInterceptor.java:176)
	at com.opensymphony.xwork2.DefaultActionInvocation.invoke(DefaultActionInvocation.java:237)
	at com.topcoder.direct.services.view.action.contest.launch.ValidationErrorsInterceptor.intercept(ValidationErrorsInterceptor.java:71)
	at com.opensymphony.xwork2.DefaultActionInvocation.invoke(DefaultActionInvocation.java:237)
	at com.topcoder.direct.services.view.action.contest.launch.MockActionInterceptor.intercept(MockActionInterceptor.java:32)
	at com.opensymphony.xwork2.DefaultActionInvocation.invoke(DefaultActionInvocation.java:237)
	at org.apache.struts2.impl.StrutsActionProxy.execute(StrutsActionProxy.java:52)
	at com.topcoder.direct.services.view.action.contest.launch.WikiLinkRetrievalActionUnitTest.test_executeAction_MissingCategory(WikiLinkRetrievalActionUnitTest.java:192)
	at sun.reflect.NativeMethodAccessorImpl.invoke0(Native Method)
	at sun.reflect.NativeMethodAccessorImpl.invoke(NativeMethodAccessorImpl.java:39)
	at sun.reflect.DelegatingMethodAccessorImpl.invoke(DelegatingMethodAccessorImpl.java:25)
	at java.lang.reflect.Method.invoke(Method.java:592)
	at junit.framework.TestCase.runTest(TestCase.java:168)
	at junit.framework.TestCase.runBare(TestCase.java:134)
	at junit.framework.TestResult$1.protect(TestResult.java:110)
	at junit.framework.TestResult.runProtected(TestResult.java:128)
	at junit.framework.TestResult.run(TestResult.java:113)
	at junit.framework.TestCase.run(TestCase.java:124)
	at junit.framework.TestSuite.runTest(TestSuite.java:232)
	at junit.framework.TestSuite.run(TestSuite.java:227)
	at junit.framework.TestSuite.runTest(TestSuite.java:232)
	at junit.framework.TestSuite.run(TestSuite.java:227)
	at junit.framework.TestSuite.runTest(TestSuite.java:232)
	at junit.framework.TestSuite.run(TestSuite.java:227)
	at org.apache.tools.ant.taskdefs.optional.junit.JUnitTestRunner.run(JUnitTestRunner.java:421)
	at org.apache.tools.ant.taskdefs.optional.junit.JUnitTestRunner.launch(JUnitTestRunner.java:912)
	at org.apache.tools.ant.taskdefs.optional.junit.JUnitTestRunner.main(JUnitTestRunner.java:766)
2010-07-01 21:14:59,770 ERROR com.topcoder.direct.services.view.action.contest.launch.BaseDirectStrutsAction.execute:166 - Error when executing action : com.topcoder.direct.services.view.action.contest.launch.MockWikiLinkRetrievalAction : The contest type for the competition cannot be null
java.lang.IllegalStateException: The contest type for the competition cannot be null
	at com.topcoder.direct.services.view.action.contest.launch.WikiLinkRetrievalAction.checkNull(WikiLinkRetrievalAction.java:257)
	at com.topcoder.direct.services.view.action.contest.launch.WikiLinkRetrievalAction.executeAction(WikiLinkRetrievalAction.java:143)
	at com.topcoder.direct.services.view.action.contest.launch.BaseDirectStrutsAction.execute(BaseDirectStrutsAction.java:164)
	at sun.reflect.NativeMethodAccessorImpl.invoke0(Native Method)
	at sun.reflect.NativeMethodAccessorImpl.invoke(NativeMethodAccessorImpl.java:39)
	at sun.reflect.DelegatingMethodAccessorImpl.invoke(DelegatingMethodAccessorImpl.java:25)
	at java.lang.reflect.Method.invoke(Method.java:592)
	at com.opensymphony.xwork2.DefaultActionInvocation.invokeAction(DefaultActionInvocation.java:441)
	at com.opensymphony.xwork2.DefaultActionInvocation.invokeActionOnly(DefaultActionInvocation.java:280)
	at com.opensymphony.xwork2.DefaultActionInvocation.invoke(DefaultActionInvocation.java:243)
	at com.opensymphony.xwork2.interceptor.DefaultWorkflowInterceptor.doIntercept(DefaultWorkflowInterceptor.java:165)
	at com.opensymphony.xwork2.interceptor.MethodFilterInterceptor.intercept(MethodFilterInterceptor.java:87)
	at com.opensymphony.xwork2.DefaultActionInvocation.invoke(DefaultActionInvocation.java:237)
	at com.opensymphony.xwork2.validator.ValidationInterceptor.doIntercept(ValidationInterceptor.java:252)
	at org.apache.struts2.interceptor.validation.AnnotationValidationInterceptor.doIntercept(AnnotationValidationInterceptor.java:68)
	at com.opensymphony.xwork2.interceptor.MethodFilterInterceptor.intercept(MethodFilterInterceptor.java:87)
	at com.opensymphony.xwork2.DefaultActionInvocation.invoke(DefaultActionInvocation.java:237)
	at com.opensymphony.xwork2.interceptor.ConversionErrorInterceptor.intercept(ConversionErrorInterceptor.java:122)
	at com.opensymphony.xwork2.DefaultActionInvocation.invoke(DefaultActionInvocation.java:237)
	at com.opensymphony.xwork2.interceptor.ParametersInterceptor.doIntercept(ParametersInterceptor.java:195)
	at com.opensymphony.xwork2.interceptor.MethodFilterInterceptor.intercept(MethodFilterInterceptor.java:87)
	at com.opensymphony.xwork2.DefaultActionInvocation.invoke(DefaultActionInvocation.java:237)
	at com.opensymphony.xwork2.interceptor.ParametersInterceptor.doIntercept(ParametersInterceptor.java:195)
	at com.opensymphony.xwork2.interceptor.MethodFilterInterceptor.intercept(MethodFilterInterceptor.java:87)
	at com.opensymphony.xwork2.DefaultActionInvocation.invoke(DefaultActionInvocation.java:237)
	at com.opensymphony.xwork2.interceptor.StaticParametersInterceptor.intercept(StaticParametersInterceptor.java:179)
	at com.opensymphony.xwork2.DefaultActionInvocation.invoke(DefaultActionInvocation.java:237)
	at org.apache.struts2.interceptor.MultiselectInterceptor.intercept(MultiselectInterceptor.java:75)
	at com.opensymphony.xwork2.DefaultActionInvocation.invoke(DefaultActionInvocation.java:237)
	at org.apache.struts2.interceptor.CheckboxInterceptor.intercept(CheckboxInterceptor.java:94)
	at com.opensymphony.xwork2.DefaultActionInvocation.invoke(DefaultActionInvocation.java:237)
	at org.apache.struts2.interceptor.FileUploadInterceptor.intercept(FileUploadInterceptor.java:235)
	at com.opensymphony.xwork2.DefaultActionInvocation.invoke(DefaultActionInvocation.java:237)
	at com.opensymphony.xwork2.interceptor.ModelDrivenInterceptor.intercept(ModelDrivenInterceptor.java:89)
	at com.opensymphony.xwork2.DefaultActionInvocation.invoke(DefaultActionInvocation.java:237)
	at com.opensymphony.xwork2.interceptor.ScopedModelDrivenInterceptor.intercept(ScopedModelDrivenInterceptor.java:130)
	at com.opensymphony.xwork2.DefaultActionInvocation.invoke(DefaultActionInvocation.java:237)
	at org.apache.struts2.interceptor.debugging.DebuggingInterceptor.intercept(DebuggingInterceptor.java:267)
	at com.opensymphony.xwork2.DefaultActionInvocation.invoke(DefaultActionInvocation.java:237)
	at com.opensymphony.xwork2.interceptor.ChainingInterceptor.intercept(ChainingInterceptor.java:126)
	at com.opensymphony.xwork2.DefaultActionInvocation.invoke(DefaultActionInvocation.java:237)
	at com.opensymphony.xwork2.interceptor.PrepareInterceptor.doIntercept(PrepareInterceptor.java:138)
	at com.opensymphony.xwork2.interceptor.MethodFilterInterceptor.intercept(MethodFilterInterceptor.java:87)
	at com.opensymphony.xwork2.DefaultActionInvocation.invoke(DefaultActionInvocation.java:237)
	at com.opensymphony.xwork2.interceptor.I18nInterceptor.intercept(I18nInterceptor.java:165)
	at com.opensymphony.xwork2.DefaultActionInvocation.invoke(DefaultActionInvocation.java:237)
	at org.apache.struts2.interceptor.ServletConfigInterceptor.intercept(ServletConfigInterceptor.java:164)
	at com.opensymphony.xwork2.DefaultActionInvocation.invoke(DefaultActionInvocation.java:237)
	at com.opensymphony.xwork2.interceptor.AliasInterceptor.intercept(AliasInterceptor.java:179)
	at com.opensymphony.xwork2.DefaultActionInvocation.invoke(DefaultActionInvocation.java:237)
	at com.opensymphony.xwork2.interceptor.ExceptionMappingInterceptor.intercept(ExceptionMappingInterceptor.java:176)
	at com.opensymphony.xwork2.DefaultActionInvocation.invoke(DefaultActionInvocation.java:237)
	at com.topcoder.direct.services.view.action.contest.launch.ValidationErrorsInterceptor.intercept(ValidationErrorsInterceptor.java:71)
	at com.opensymphony.xwork2.DefaultActionInvocation.invoke(DefaultActionInvocation.java:237)
	at com.topcoder.direct.services.view.action.contest.launch.MockActionInterceptor.intercept(MockActionInterceptor.java:32)
	at com.opensymphony.xwork2.DefaultActionInvocation.invoke(DefaultActionInvocation.java:237)
	at org.apache.struts2.impl.StrutsActionProxy.execute(StrutsActionProxy.java:52)
	at com.topcoder.direct.services.view.action.contest.launch.WikiLinkRetrievalActionUnitTest.test_executeAction_NullContestType(WikiLinkRetrievalActionUnitTest.java:220)
	at sun.reflect.NativeMethodAccessorImpl.invoke0(Native Method)
	at sun.reflect.NativeMethodAccessorImpl.invoke(NativeMethodAccessorImpl.java:39)
	at sun.reflect.DelegatingMethodAccessorImpl.invoke(DelegatingMethodAccessorImpl.java:25)
	at java.lang.reflect.Method.invoke(Method.java:592)
	at junit.framework.TestCase.runTest(TestCase.java:168)
	at junit.framework.TestCase.runBare(TestCase.java:134)
	at junit.framework.TestResult$1.protect(TestResult.java:110)
	at junit.framework.TestResult.runProtected(TestResult.java:128)
	at junit.framework.TestResult.run(TestResult.java:113)
	at junit.framework.TestCase.run(TestCase.java:124)
	at junit.framework.TestSuite.runTest(TestSuite.java:232)
	at junit.framework.TestSuite.run(TestSuite.java:227)
	at junit.framework.TestSuite.runTest(TestSuite.java:232)
	at junit.framework.TestSuite.run(TestSuite.java:227)
	at junit.framework.TestSuite.runTest(TestSuite.java:232)
	at junit.framework.TestSuite.run(TestSuite.java:227)
	at org.apache.tools.ant.taskdefs.optional.junit.JUnitTestRunner.run(JUnitTestRunner.java:421)
	at org.apache.tools.ant.taskdefs.optional.junit.JUnitTestRunner.launch(JUnitTestRunner.java:912)
	at org.apache.tools.ant.taskdefs.optional.junit.JUnitTestRunner.main(JUnitTestRunner.java:766)
2010-07-01 21:14:59,848 ERROR com.topcoder.direct.services.view.action.contest.launch.BaseDirectStrutsAction.execute:166 - Error when executing action : com.topcoder.direct.services.view.action.contest.launch.MockWikiLinkRetrievalAction : The contest name for the competition cannot be null
java.lang.IllegalStateException: The contest name for the competition cannot be null
	at com.topcoder.direct.services.view.action.contest.launch.WikiLinkRetrievalAction.checkNull(WikiLinkRetrievalAction.java:257)
	at com.topcoder.direct.services.view.action.contest.launch.WikiLinkRetrievalAction.executeAction(WikiLinkRetrievalAction.java:144)
	at com.topcoder.direct.services.view.action.contest.launch.BaseDirectStrutsAction.execute(BaseDirectStrutsAction.java:164)
	at sun.reflect.NativeMethodAccessorImpl.invoke0(Native Method)
	at sun.reflect.NativeMethodAccessorImpl.invoke(NativeMethodAccessorImpl.java:39)
	at sun.reflect.DelegatingMethodAccessorImpl.invoke(DelegatingMethodAccessorImpl.java:25)
	at java.lang.reflect.Method.invoke(Method.java:592)
	at com.opensymphony.xwork2.DefaultActionInvocation.invokeAction(DefaultActionInvocation.java:441)
	at com.opensymphony.xwork2.DefaultActionInvocation.invokeActionOnly(DefaultActionInvocation.java:280)
	at com.opensymphony.xwork2.DefaultActionInvocation.invoke(DefaultActionInvocation.java:243)
	at com.opensymphony.xwork2.interceptor.DefaultWorkflowInterceptor.doIntercept(DefaultWorkflowInterceptor.java:165)
	at com.opensymphony.xwork2.interceptor.MethodFilterInterceptor.intercept(MethodFilterInterceptor.java:87)
	at com.opensymphony.xwork2.DefaultActionInvocation.invoke(DefaultActionInvocation.java:237)
	at com.opensymphony.xwork2.validator.ValidationInterceptor.doIntercept(ValidationInterceptor.java:252)
	at org.apache.struts2.interceptor.validation.AnnotationValidationInterceptor.doIntercept(AnnotationValidationInterceptor.java:68)
	at com.opensymphony.xwork2.interceptor.MethodFilterInterceptor.intercept(MethodFilterInterceptor.java:87)
	at com.opensymphony.xwork2.DefaultActionInvocation.invoke(DefaultActionInvocation.java:237)
	at com.opensymphony.xwork2.interceptor.ConversionErrorInterceptor.intercept(ConversionErrorInterceptor.java:122)
	at com.opensymphony.xwork2.DefaultActionInvocation.invoke(DefaultActionInvocation.java:237)
	at com.opensymphony.xwork2.interceptor.ParametersInterceptor.doIntercept(ParametersInterceptor.java:195)
	at com.opensymphony.xwork2.interceptor.MethodFilterInterceptor.intercept(MethodFilterInterceptor.java:87)
	at com.opensymphony.xwork2.DefaultActionInvocation.invoke(DefaultActionInvocation.java:237)
	at com.opensymphony.xwork2.interceptor.ParametersInterceptor.doIntercept(ParametersInterceptor.java:195)
	at com.opensymphony.xwork2.interceptor.MethodFilterInterceptor.intercept(MethodFilterInterceptor.java:87)
	at com.opensymphony.xwork2.DefaultActionInvocation.invoke(DefaultActionInvocation.java:237)
	at com.opensymphony.xwork2.interceptor.StaticParametersInterceptor.intercept(StaticParametersInterceptor.java:179)
	at com.opensymphony.xwork2.DefaultActionInvocation.invoke(DefaultActionInvocation.java:237)
	at org.apache.struts2.interceptor.MultiselectInterceptor.intercept(MultiselectInterceptor.java:75)
	at com.opensymphony.xwork2.DefaultActionInvocation.invoke(DefaultActionInvocation.java:237)
	at org.apache.struts2.interceptor.CheckboxInterceptor.intercept(CheckboxInterceptor.java:94)
	at com.opensymphony.xwork2.DefaultActionInvocation.invoke(DefaultActionInvocation.java:237)
	at org.apache.struts2.interceptor.FileUploadInterceptor.intercept(FileUploadInterceptor.java:235)
	at com.opensymphony.xwork2.DefaultActionInvocation.invoke(DefaultActionInvocation.java:237)
	at com.opensymphony.xwork2.interceptor.ModelDrivenInterceptor.intercept(ModelDrivenInterceptor.java:89)
	at com.opensymphony.xwork2.DefaultActionInvocation.invoke(DefaultActionInvocation.java:237)
	at com.opensymphony.xwork2.interceptor.ScopedModelDrivenInterceptor.intercept(ScopedModelDrivenInterceptor.java:130)
	at com.opensymphony.xwork2.DefaultActionInvocation.invoke(DefaultActionInvocation.java:237)
	at org.apache.struts2.interceptor.debugging.DebuggingInterceptor.intercept(DebuggingInterceptor.java:267)
	at com.opensymphony.xwork2.DefaultActionInvocation.invoke(DefaultActionInvocation.java:237)
	at com.opensymphony.xwork2.interceptor.ChainingInterceptor.intercept(ChainingInterceptor.java:126)
	at com.opensymphony.xwork2.DefaultActionInvocation.invoke(DefaultActionInvocation.java:237)
	at com.opensymphony.xwork2.interceptor.PrepareInterceptor.doIntercept(PrepareInterceptor.java:138)
	at com.opensymphony.xwork2.interceptor.MethodFilterInterceptor.intercept(MethodFilterInterceptor.java:87)
	at com.opensymphony.xwork2.DefaultActionInvocation.invoke(DefaultActionInvocation.java:237)
	at com.opensymphony.xwork2.interceptor.I18nInterceptor.intercept(I18nInterceptor.java:165)
	at com.opensymphony.xwork2.DefaultActionInvocation.invoke(DefaultActionInvocation.java:237)
	at org.apache.struts2.interceptor.ServletConfigInterceptor.intercept(ServletConfigInterceptor.java:164)
	at com.opensymphony.xwork2.DefaultActionInvocation.invoke(DefaultActionInvocation.java:237)
	at com.opensymphony.xwork2.interceptor.AliasInterceptor.intercept(AliasInterceptor.java:179)
	at com.opensymphony.xwork2.DefaultActionInvocation.invoke(DefaultActionInvocation.java:237)
	at com.opensymphony.xwork2.interceptor.ExceptionMappingInterceptor.intercept(ExceptionMappingInterceptor.java:176)
	at com.opensymphony.xwork2.DefaultActionInvocation.invoke(DefaultActionInvocation.java:237)
	at com.topcoder.direct.services.view.action.contest.launch.ValidationErrorsInterceptor.intercept(ValidationErrorsInterceptor.java:71)
	at com.opensymphony.xwork2.DefaultActionInvocation.invoke(DefaultActionInvocation.java:237)
	at com.topcoder.direct.services.view.action.contest.launch.MockActionInterceptor.intercept(MockActionInterceptor.java:32)
	at com.opensymphony.xwork2.DefaultActionInvocation.invoke(DefaultActionInvocation.java:237)
	at org.apache.struts2.impl.StrutsActionProxy.execute(StrutsActionProxy.java:52)
	at com.topcoder.direct.services.view.action.contest.launch.WikiLinkRetrievalActionUnitTest.test_executeAction_NullContestName(WikiLinkRetrievalActionUnitTest.java:248)
	at sun.reflect.NativeMethodAccessorImpl.invoke0(Native Method)
	at sun.reflect.NativeMethodAccessorImpl.invoke(NativeMethodAccessorImpl.java:39)
	at sun.reflect.DelegatingMethodAccessorImpl.invoke(DelegatingMethodAccessorImpl.java:25)
	at java.lang.reflect.Method.invoke(Method.java:592)
	at junit.framework.TestCase.runTest(TestCase.java:168)
	at junit.framework.TestCase.runBare(TestCase.java:134)
	at junit.framework.TestResult$1.protect(TestResult.java:110)
	at junit.framework.TestResult.runProtected(TestResult.java:128)
	at junit.framework.TestResult.run(TestResult.java:113)
	at junit.framework.TestCase.run(TestCase.java:124)
	at junit.framework.TestSuite.runTest(TestSuite.java:232)
	at junit.framework.TestSuite.run(TestSuite.java:227)
	at junit.framework.TestSuite.runTest(TestSuite.java:232)
	at junit.framework.TestSuite.run(TestSuite.java:227)
	at junit.framework.TestSuite.runTest(TestSuite.java:232)
	at junit.framework.TestSuite.run(TestSuite.java:227)
	at org.apache.tools.ant.taskdefs.optional.junit.JUnitTestRunner.run(JUnitTestRunner.java:421)
	at org.apache.tools.ant.taskdefs.optional.junit.JUnitTestRunner.launch(JUnitTestRunner.java:912)
	at org.apache.tools.ant.taskdefs.optional.junit.JUnitTestRunner.main(JUnitTestRunner.java:766)
execute extendActiveContestSchedule.
2010-07-01 21:15:00,614 ERROR com.topcoder.direct.services.view.action.contest.launch.BaseDirectStrutsAction.execute:166 - Error when executing action : com.topcoder.direct.services.view.action.contest.launch.ActiveContestPrizeIncreasingAction : directServiceFacade was not injected (is null)
java.lang.IllegalStateException: directServiceFacade was not injected (is null)
	at com.topcoder.direct.services.view.action.contest.launch.ActionHelper.checkInjectedFieldNull(ActionHelper.java:62)
	at com.topcoder.direct.services.view.action.contest.launch.ActiveContestPrizeIncreasingAction.executeAction(ActiveContestPrizeIncreasingAction.java:139)
	at com.topcoder.direct.services.view.action.contest.launch.BaseDirectStrutsAction.execute(BaseDirectStrutsAction.java:164)
	at com.topcoder.direct.services.view.action.contest.launch.failuretests.ActiveContestPrizeIncreasingActionFailureTest.test_execute(ActiveContestPrizeIncreasingActionFailureTest.java:75)
	at sun.reflect.NativeMethodAccessorImpl.invoke0(Native Method)
	at sun.reflect.NativeMethodAccessorImpl.invoke(NativeMethodAccessorImpl.java:39)
	at sun.reflect.DelegatingMethodAccessorImpl.invoke(DelegatingMethodAccessorImpl.java:25)
	at java.lang.reflect.Method.invoke(Method.java:592)
	at junit.framework.TestCase.runTest(TestCase.java:168)
	at junit.framework.TestCase.runBare(TestCase.java:134)
	at junit.framework.TestResult$1.protect(TestResult.java:110)
	at junit.framework.TestResult.runProtected(TestResult.java:128)
	at junit.framework.TestResult.run(TestResult.java:113)
	at junit.framework.TestCase.run(TestCase.java:124)
	at junit.framework.TestSuite.runTest(TestSuite.java:232)
	at junit.framework.TestSuite.run(TestSuite.java:227)
	at junit.framework.TestSuite.runTest(TestSuite.java:232)
	at junit.framework.TestSuite.run(TestSuite.java:227)
	at junit.framework.TestSuite.runTest(TestSuite.java:232)
	at junit.framework.TestSuite.run(TestSuite.java:227)
	at org.apache.tools.ant.taskdefs.optional.junit.JUnitTestRunner.run(JUnitTestRunner.java:421)
	at org.apache.tools.ant.taskdefs.optional.junit.JUnitTestRunner.launch(JUnitTestRunner.java:912)
	at org.apache.tools.ant.taskdefs.optional.junit.JUnitTestRunner.main(JUnitTestRunner.java:766)
2010-07-01 21:15:00,630 ERROR com.topcoder.direct.services.view.action.contest.launch.BaseDirectStrutsAction.execute:166 - Error when executing action : com.topcoder.direct.services.view.action.contest.launch.ActiveContestPrizeRetrievalAction : directServiceFacade was not injected (is null)
java.lang.IllegalStateException: directServiceFacade was not injected (is null)
	at com.topcoder.direct.services.view.action.contest.launch.ActionHelper.checkInjectedFieldNull(ActionHelper.java:62)
	at com.topcoder.direct.services.view.action.contest.launch.ActiveContestPrizeRetrievalAction.executeAction(ActiveContestPrizeRetrievalAction.java:84)
	at com.topcoder.direct.services.view.action.contest.launch.BaseDirectStrutsAction.execute(BaseDirectStrutsAction.java:164)
	at com.topcoder.direct.services.view.action.contest.launch.failuretests.ActiveContestPrizeRetrievalActionFailureTest.test_execute(ActiveContestPrizeRetrievalActionFailureTest.java:63)
	at sun.reflect.NativeMethodAccessorImpl.invoke0(Native Method)
	at sun.reflect.NativeMethodAccessorImpl.invoke(NativeMethodAccessorImpl.java:39)
	at sun.reflect.DelegatingMethodAccessorImpl.invoke(DelegatingMethodAccessorImpl.java:25)
	at java.lang.reflect.Method.invoke(Method.java:592)
	at junit.framework.TestCase.runTest(TestCase.java:168)
	at junit.framework.TestCase.runBare(TestCase.java:134)
	at junit.framework.TestResult$1.protect(TestResult.java:110)
	at junit.framework.TestResult.runProtected(TestResult.java:128)
	at junit.framework.TestResult.run(TestResult.java:113)
	at junit.framework.TestCase.run(TestCase.java:124)
	at junit.framework.TestSuite.runTest(TestSuite.java:232)
	at junit.framework.TestSuite.run(TestSuite.java:227)
	at junit.framework.TestSuite.runTest(TestSuite.java:232)
	at junit.framework.TestSuite.run(TestSuite.java:227)
	at junit.framework.TestSuite.runTest(TestSuite.java:232)
	at junit.framework.TestSuite.run(TestSuite.java:227)
	at org.apache.tools.ant.taskdefs.optional.junit.JUnitTestRunner.run(JUnitTestRunner.java:421)
	at org.apache.tools.ant.taskdefs.optional.junit.JUnitTestRunner.launch(JUnitTestRunner.java:912)
	at org.apache.tools.ant.taskdefs.optional.junit.JUnitTestRunner.main(JUnitTestRunner.java:766)
2010-07-01 21:15:00,630 ERROR com.topcoder.direct.services.view.action.contest.launch.BaseDirectStrutsAction.execute:166 - Error when executing action : com.topcoder.direct.services.view.action.contest.launch.ActiveContestScheduleExtensionAction : directServiceFacade was not injected (is null)
java.lang.IllegalStateException: directServiceFacade was not injected (is null)
	at com.topcoder.direct.services.view.action.contest.launch.ActionHelper.checkInjectedFieldNull(ActionHelper.java:62)
	at com.topcoder.direct.services.view.action.contest.launch.ActiveContestScheduleExtensionAction.executeAction(ActiveContestScheduleExtensionAction.java:121)
	at com.topcoder.direct.services.view.action.contest.launch.BaseDirectStrutsAction.execute(BaseDirectStrutsAction.java:164)
	at com.topcoder.direct.services.view.action.contest.launch.failuretests.ActiveContestScheduleExtensionActionFailureTest.test_execute(ActiveContestScheduleExtensionActionFailureTest.java:63)
	at sun.reflect.NativeMethodAccessorImpl.invoke0(Native Method)
	at sun.reflect.NativeMethodAccessorImpl.invoke(NativeMethodAccessorImpl.java:39)
	at sun.reflect.DelegatingMethodAccessorImpl.invoke(DelegatingMethodAccessorImpl.java:25)
	at java.lang.reflect.Method.invoke(Method.java:592)
	at junit.framework.TestCase.runTest(TestCase.java:168)
	at junit.framework.TestCase.runBare(TestCase.java:134)
	at junit.framework.TestResult$1.protect(TestResult.java:110)
	at junit.framework.TestResult.runProtected(TestResult.java:128)
	at junit.framework.TestResult.run(TestResult.java:113)
	at junit.framework.TestCase.run(TestCase.java:124)
	at junit.framework.TestSuite.runTest(TestSuite.java:232)
	at junit.framework.TestSuite.run(TestSuite.java:227)
	at junit.framework.TestSuite.runTest(TestSuite.java:232)
	at junit.framework.TestSuite.run(TestSuite.java:227)
	at junit.framework.TestSuite.runTest(TestSuite.java:232)
	at junit.framework.TestSuite.run(TestSuite.java:227)
	at org.apache.tools.ant.taskdefs.optional.junit.JUnitTestRunner.run(JUnitTestRunner.java:421)
	at org.apache.tools.ant.taskdefs.optional.junit.JUnitTestRunner.launch(JUnitTestRunner.java:912)
	at org.apache.tools.ant.taskdefs.optional.junit.JUnitTestRunner.main(JUnitTestRunner.java:766)
2010-07-01 21:15:00,630 ERROR com.topcoder.direct.services.view.action.contest.launch.BaseDirectStrutsAction.execute:166 - Error when executing action : com.topcoder.direct.services.view.action.contest.launch.ActiveContestScheduleRetrievalAction : directServiceFacade was not injected (is null)
java.lang.IllegalStateException: directServiceFacade was not injected (is null)
	at com.topcoder.direct.services.view.action.contest.launch.ActionHelper.checkInjectedFieldNull(ActionHelper.java:62)
	at com.topcoder.direct.services.view.action.contest.launch.ActiveContestScheduleRetrievalAction.executeAction(ActiveContestScheduleRetrievalAction.java:84)
	at com.topcoder.direct.services.view.action.contest.launch.BaseDirectStrutsAction.execute(BaseDirectStrutsAction.java:164)
	at com.topcoder.direct.services.view.action.contest.launch.failuretests.ActiveContestScheduleRetrievalActionFailureTest.test_execute(ActiveContestScheduleRetrievalActionFailureTest.java:63)
	at sun.reflect.NativeMethodAccessorImpl.invoke0(Native Method)
	at sun.reflect.NativeMethodAccessorImpl.invoke(NativeMethodAccessorImpl.java:39)
	at sun.reflect.DelegatingMethodAccessorImpl.invoke(DelegatingMethodAccessorImpl.java:25)
	at java.lang.reflect.Method.invoke(Method.java:592)
	at junit.framework.TestCase.runTest(TestCase.java:168)
	at junit.framework.TestCase.runBare(TestCase.java:134)
	at junit.framework.TestResult$1.protect(TestResult.java:110)
	at junit.framework.TestResult.runProtected(TestResult.java:128)
	at junit.framework.TestResult.run(TestResult.java:113)
	at junit.framework.TestCase.run(TestCase.java:124)
	at junit.framework.TestSuite.runTest(TestSuite.java:232)
	at junit.framework.TestSuite.run(TestSuite.java:227)
	at junit.framework.TestSuite.runTest(TestSuite.java:232)
	at junit.framework.TestSuite.run(TestSuite.java:227)
	at junit.framework.TestSuite.runTest(TestSuite.java:232)
	at junit.framework.TestSuite.run(TestSuite.java:227)
	at org.apache.tools.ant.taskdefs.optional.junit.JUnitTestRunner.run(JUnitTestRunner.java:421)
	at org.apache.tools.ant.taskdefs.optional.junit.JUnitTestRunner.launch(JUnitTestRunner.java:912)
	at org.apache.tools.ant.taskdefs.optional.junit.JUnitTestRunner.main(JUnitTestRunner.java:766)
2010-07-01 21:15:00,630 ERROR com.topcoder.direct.services.view.action.contest.launch.BaseDirectStrutsAction.execute:166 - Error when executing action : com.topcoder.direct.services.view.action.contest.launch.ContestReceiptRetrievalAction : directServiceFacade was not injected (is null)
java.lang.IllegalStateException: directServiceFacade was not injected (is null)
	at com.topcoder.direct.services.view.action.contest.launch.ActionHelper.checkInjectedFieldNull(ActionHelper.java:62)
	at com.topcoder.direct.services.view.action.contest.launch.ContestReceiptRetrievalAction.executeAction(ContestReceiptRetrievalAction.java:84)
	at com.topcoder.direct.services.view.action.contest.launch.BaseDirectStrutsAction.execute(BaseDirectStrutsAction.java:164)
	at com.topcoder.direct.services.view.action.contest.launch.failuretests.ContestReceiptRetrievalActionFailureTest.test_execute(ContestReceiptRetrievalActionFailureTest.java:63)
	at sun.reflect.NativeMethodAccessorImpl.invoke0(Native Method)
	at sun.reflect.NativeMethodAccessorImpl.invoke(NativeMethodAccessorImpl.java:39)
	at sun.reflect.DelegatingMethodAccessorImpl.invoke(DelegatingMethodAccessorImpl.java:25)
	at java.lang.reflect.Method.invoke(Method.java:592)
	at junit.framework.TestCase.runTest(TestCase.java:168)
	at junit.framework.TestCase.runBare(TestCase.java:134)
	at junit.framework.TestResult$1.protect(TestResult.java:110)
	at junit.framework.TestResult.runProtected(TestResult.java:128)
	at junit.framework.TestResult.run(TestResult.java:113)
	at junit.framework.TestCase.run(TestCase.java:124)
	at junit.framework.TestSuite.runTest(TestSuite.java:232)
	at junit.framework.TestSuite.run(TestSuite.java:227)
	at junit.framework.TestSuite.runTest(TestSuite.java:232)
	at junit.framework.TestSuite.run(TestSuite.java:227)
	at junit.framework.TestSuite.runTest(TestSuite.java:232)
	at junit.framework.TestSuite.run(TestSuite.java:227)
	at org.apache.tools.ant.taskdefs.optional.junit.JUnitTestRunner.run(JUnitTestRunner.java:421)
	at org.apache.tools.ant.taskdefs.optional.junit.JUnitTestRunner.launch(JUnitTestRunner.java:912)
	at org.apache.tools.ant.taskdefs.optional.junit.JUnitTestRunner.main(JUnitTestRunner.java:766)
2010-07-01 21:15:00,645 ERROR com.topcoder.direct.services.view.action.contest.launch.BaseDirectStrutsAction.execute:166 - Error when executing action : com.topcoder.direct.services.view.action.contest.launch.ContestReceiptSendingAction : directServiceFacade was not injected (is null)
java.lang.IllegalStateException: directServiceFacade was not injected (is null)
	at com.topcoder.direct.services.view.action.contest.launch.ActionHelper.checkInjectedFieldNull(ActionHelper.java:62)
	at com.topcoder.direct.services.view.action.contest.launch.ContestReceiptSendingAction.executeAction(ContestReceiptSendingAction.java:116)
	at com.topcoder.direct.services.view.action.contest.launch.BaseDirectStrutsAction.execute(BaseDirectStrutsAction.java:164)
	at com.topcoder.direct.services.view.action.contest.launch.failuretests.ContestReceiptSendingActionFailureTest.test_execute(ContestReceiptSendingActionFailureTest.java:63)
	at sun.reflect.NativeMethodAccessorImpl.invoke0(Native Method)
	at sun.reflect.NativeMethodAccessorImpl.invoke(NativeMethodAccessorImpl.java:39)
	at sun.reflect.DelegatingMethodAccessorImpl.invoke(DelegatingMethodAccessorImpl.java:25)
	at java.lang.reflect.Method.invoke(Method.java:592)
	at junit.framework.TestCase.runTest(TestCase.java:168)
	at junit.framework.TestCase.runBare(TestCase.java:134)
	at junit.framework.TestResult$1.protect(TestResult.java:110)
	at junit.framework.TestResult.runProtected(TestResult.java:128)
	at junit.framework.TestResult.run(TestResult.java:113)
	at junit.framework.TestCase.run(TestCase.java:124)
	at junit.framework.TestSuite.runTest(TestSuite.java:232)
	at junit.framework.TestSuite.run(TestSuite.java:227)
	at junit.framework.TestSuite.runTest(TestSuite.java:232)
	at junit.framework.TestSuite.run(TestSuite.java:227)
	at junit.framework.TestSuite.runTest(TestSuite.java:232)
	at junit.framework.TestSuite.run(TestSuite.java:227)
	at org.apache.tools.ant.taskdefs.optional.junit.JUnitTestRunner.run(JUnitTestRunner.java:421)
	at org.apache.tools.ant.taskdefs.optional.junit.JUnitTestRunner.launch(JUnitTestRunner.java:912)
	at org.apache.tools.ant.taskdefs.optional.junit.JUnitTestRunner.main(JUnitTestRunner.java:766)
2010-07-01 21:15:00,645 ERROR com.topcoder.direct.services.view.action.contest.launch.BaseDirectStrutsAction.execute:166 - Error when executing action : com.topcoder.direct.services.view.action.contest.launch.GamePlanRetrievalAction : directServiceFacade was not injected (is null)
java.lang.IllegalStateException: directServiceFacade was not injected (is null)
	at com.topcoder.direct.services.view.action.contest.launch.ActionHelper.checkInjectedFieldNull(ActionHelper.java:62)
	at com.topcoder.direct.services.view.action.contest.launch.GamePlanRetrievalAction.executeAction(GamePlanRetrievalAction.java:110)
	at com.topcoder.direct.services.view.action.contest.launch.BaseDirectStrutsAction.execute(BaseDirectStrutsAction.java:164)
	at com.topcoder.direct.services.view.action.contest.launch.failuretests.GamePlanRetrievalActionFailureTest.test_execute(GamePlanRetrievalActionFailureTest.java:63)
	at sun.reflect.NativeMethodAccessorImpl.invoke0(Native Method)
	at sun.reflect.NativeMethodAccessorImpl.invoke(NativeMethodAccessorImpl.java:39)
	at sun.reflect.DelegatingMethodAccessorImpl.invoke(DelegatingMethodAccessorImpl.java:25)
	at java.lang.reflect.Method.invoke(Method.java:592)
	at junit.framework.TestCase.runTest(TestCase.java:168)
	at junit.framework.TestCase.runBare(TestCase.java:134)
	at junit.framework.TestResult$1.protect(TestResult.java:110)
	at junit.framework.TestResult.runProtected(TestResult.java:128)
	at junit.framework.TestResult.run(TestResult.java:113)
	at junit.framework.TestCase.run(TestCase.java:124)
	at junit.framework.TestSuite.runTest(TestSuite.java:232)
	at junit.framework.TestSuite.run(TestSuite.java:227)
	at junit.framework.TestSuite.runTest(TestSuite.java:232)
	at junit.framework.TestSuite.run(TestSuite.java:227)
	at junit.framework.TestSuite.runTest(TestSuite.java:232)
	at junit.framework.TestSuite.run(TestSuite.java:227)
	at org.apache.tools.ant.taskdefs.optional.junit.JUnitTestRunner.run(JUnitTestRunner.java:421)
	at org.apache.tools.ant.taskdefs.optional.junit.JUnitTestRunner.launch(JUnitTestRunner.java:912)
	at org.apache.tools.ant.taskdefs.optional.junit.JUnitTestRunner.main(JUnitTestRunner.java:766)
2010-07-01 21:15:00,645 ERROR com.topcoder.direct.services.view.action.contest.launch.BaseDirectStrutsAction.execute:166 - Error when executing action : com.topcoder.direct.services.view.action.contest.launch.ProjectContestDataRetrievalAction : contestServiceFacade was not injected (is null)
java.lang.IllegalStateException: contestServiceFacade was not injected (is null)
	at com.topcoder.direct.services.view.action.contest.launch.ActionHelper.checkInjectedFieldNull(ActionHelper.java:62)
	at com.topcoder.direct.services.view.action.contest.launch.ProjectContestDataRetrievalAction.executeAction(ProjectContestDataRetrievalAction.java:80)
	at com.topcoder.direct.services.view.action.contest.launch.BaseDirectStrutsAction.execute(BaseDirectStrutsAction.java:164)
	at com.topcoder.direct.services.view.action.contest.launch.failuretests.ProjectContestDataRetrievalActionFailureTest.test_execute(ProjectContestDataRetrievalActionFailureTest.java:63)
	at sun.reflect.NativeMethodAccessorImpl.invoke0(Native Method)
	at sun.reflect.NativeMethodAccessorImpl.invoke(NativeMethodAccessorImpl.java:39)
	at sun.reflect.DelegatingMethodAccessorImpl.invoke(DelegatingMethodAccessorImpl.java:25)
	at java.lang.reflect.Method.invoke(Method.java:592)
	at junit.framework.TestCase.runTest(TestCase.java:168)
	at junit.framework.TestCase.runBare(TestCase.java:134)
	at junit.framework.TestResult$1.protect(TestResult.java:110)
	at junit.framework.TestResult.runProtected(TestResult.java:128)
	at junit.framework.TestResult.run(TestResult.java:113)
	at junit.framework.TestCase.run(TestCase.java:124)
	at junit.framework.TestSuite.runTest(TestSuite.java:232)
	at junit.framework.TestSuite.run(TestSuite.java:227)
	at junit.framework.TestSuite.runTest(TestSuite.java:232)
	at junit.framework.TestSuite.run(TestSuite.java:227)
	at junit.framework.TestSuite.runTest(TestSuite.java:232)
	at junit.framework.TestSuite.run(TestSuite.java:227)
	at org.apache.tools.ant.taskdefs.optional.junit.JUnitTestRunner.run(JUnitTestRunner.java:421)
	at org.apache.tools.ant.taskdefs.optional.junit.JUnitTestRunner.launch(JUnitTestRunner.java:912)
	at org.apache.tools.ant.taskdefs.optional.junit.JUnitTestRunner.main(JUnitTestRunner.java:766)
2010-07-01 21:15:00,661 ERROR com.topcoder.direct.services.view.action.contest.launch.BaseDirectStrutsAction.execute:166 - Error when executing action : com.topcoder.direct.services.view.action.contest.launch.WikiLinkRetrievalAction : contestServiceFacade was not injected (is null)
java.lang.IllegalStateException: contestServiceFacade was not injected (is null)
	at com.topcoder.direct.services.view.action.contest.launch.ActionHelper.checkInjectedFieldNull(ActionHelper.java:62)
	at com.topcoder.direct.services.view.action.contest.launch.WikiLinkRetrievalAction.executeAction(WikiLinkRetrievalAction.java:115)
	at com.topcoder.direct.services.view.action.contest.launch.BaseDirectStrutsAction.execute(BaseDirectStrutsAction.java:164)
	at com.topcoder.direct.services.view.action.contest.launch.failuretests.WikiLinkRetrievalActionFailureTest.test_execute(WikiLinkRetrievalActionFailureTest.java:63)
	at sun.reflect.NativeMethodAccessorImpl.invoke0(Native Method)
	at sun.reflect.NativeMethodAccessorImpl.invoke(NativeMethodAccessorImpl.java:39)
	at sun.reflect.DelegatingMethodAccessorImpl.invoke(DelegatingMethodAccessorImpl.java:25)
	at java.lang.reflect.Method.invoke(Method.java:592)
	at junit.framework.TestCase.runTest(TestCase.java:168)
	at junit.framework.TestCase.runBare(TestCase.java:134)
	at junit.framework.TestResult$1.protect(TestResult.java:110)
	at junit.framework.TestResult.runProtected(TestResult.java:128)
	at junit.framework.TestResult.run(TestResult.java:113)
	at junit.framework.TestCase.run(TestCase.java:124)
	at junit.framework.TestSuite.runTest(TestSuite.java:232)
	at junit.framework.TestSuite.run(TestSuite.java:227)
	at junit.framework.TestSuite.runTest(TestSuite.java:232)
	at junit.framework.TestSuite.run(TestSuite.java:227)
	at junit.framework.TestSuite.runTest(TestSuite.java:232)
	at junit.framework.TestSuite.run(TestSuite.java:227)
	at org.apache.tools.ant.taskdefs.optional.junit.JUnitTestRunner.run(JUnitTestRunner.java:421)
	at org.apache.tools.ant.taskdefs.optional.junit.JUnitTestRunner.launch(JUnitTestRunner.java:912)
	at org.apache.tools.ant.taskdefs.optional.junit.JUnitTestRunner.main(JUnitTestRunner.java:766)
]]></system-out>

      <system-err />

  </testsuite>
</testsuites>
