Testsuite: com.topcoder.service.contest.eligibilityvalidation.AllTests
Tests run: 49, Failures: 0, Errors: 0, Time elapsed: 104.042 sec
------------- Standard Output ---------------
WARN   logWarnings, SQL Warning: 0, SQLState: 01I01
WARN   logWarnings, Database has transactions
WARN   logWarnings, SQL Warning: 0, SQLState: 01I04
WARN   logWarnings, Database selected
Enter into Method: ContestEligibilityValidationManagerBean#validate At Wed Oct 14 23:38:25 CST 2009
Parameters: [ userId = 5 ] [ eligibilities = {com.topcoder.service.contest.eligibility.GroupContestEligibility with id=0  com.topcoder.service.contest.eligibility.GroupContestEligibility with id=0  } ]
WARN   logWarnings, SQL Warning: 0, SQLState: 01I01
WARN   logWarnings, Database has transactions
WARN   logWarnings, SQL Warning: 0, SQLState: 01I04
WARN   logWarnings, Database selected
Exit out Method: ContestEligibilityValidationManagerBean#validate At Wed Oct 14 23:38:30 CST 2009
WARN   logWarnings, SQL Warning: 0, SQLState: 01I01
WARN   logWarnings, Database has transactions
WARN   logWarnings, SQL Warning: 0, SQLState: 01I04
WARN   logWarnings, Database selected
Enter into Method: ContestEligibilityValidationManagerBean#validate At Wed Oct 14 23:38:36 CST 2009
Parameters: [ userId = 1 ] [ eligibilities = {com.topcoder.service.contest.eligibility.GroupContestEligibility with id=0  } ]
WARN   logWarnings, SQL Warning: 0, SQLState: 01I01
WARN   logWarnings, Database has transactions
WARN   logWarnings, SQL Warning: 0, SQLState: 01I04
WARN   logWarnings, Database selected
Exit out Method: ContestEligibilityValidationManagerBean#validate At Wed Oct 14 23:38:41 CST 2009
Enter into Method: ContestEligibilityValidationManagerBean#validate At Wed Oct 14 23:38:42 CST 2009
Parameters: [ userId = 100 ] [ eligibilities = [] ]
Exit out Method: ContestEligibilityValidationManagerBean#validate At Wed Oct 14 23:38:42 CST 2009
Enter into Method: ContestEligibilityValidationManagerBean#validate At Wed Oct 14 23:38:42 CST 2009
Parameters: [ userId = 5 ] [ eligibilities = null ]
Error recognized: The argument eligibilities cannot be null.
java.lang.IllegalArgumentException: The argument eligibilities cannot be null.
	at com.topcoder.service.contest.eligibilityvalidation.ContestEligibilityValidationManagerBean.checkNull(ContestEligibilityValidationManagerBean.java:375)
	at com.topcoder.service.contest.eligibilityvalidation.ContestEligibilityValidationManagerBean.validate(ContestEligibilityValidationManagerBean.java:208)
	at com.topcoder.service.contest.eligibilityvalidation.ContestEligibilityValidationManagerBeanTests.testValidateFailure1(ContestEligibilityValidationManagerBeanTests.java:406)
	at sun.reflect.NativeMethodAccessorImpl.invoke0(Native Method)
	at sun.reflect.NativeMethodAccessorImpl.invoke(NativeMethodAccessorImpl.java:39)
	at sun.reflect.DelegatingMethodAccessorImpl.invoke(DelegatingMethodAccessorImpl.java:25)
	at java.lang.reflect.Method.invoke(Method.java:585)
	at junit.framework.TestCase.runTest(TestCase.java:168)
	at junit.framework.TestCase.runBare(TestCase.java:134)
	at junit.framework.TestResult$1.protect(TestResult.java:110)
	at junit.framework.TestResult.runProtected(TestResult.java:128)
	at junit.framework.TestResult.run(TestResult.java:113)
	at junit.framework.TestCase.run(TestCase.java:124)
	at junit.framework.TestSuite.runTest(TestSuite.java:232)
	at junit.framework.TestSuite.run(TestSuite.java:227)
	at junit.framework.TestSuite.runTest(TestSuite.java:232)
	at junit.framework.TestSuite.run(TestSuite.java:227)
	at junit.framework.TestSuite.runTest(TestSuite.java:232)
	at junit.framework.TestSuite.run(TestSuite.java:227)
	at org.apache.tools.ant.taskdefs.optional.junit.JUnitTestRunner.run(JUnitTestRunner.java:420)
	at org.apache.tools.ant.taskdefs.optional.junit.JUnitTestRunner.launch(JUnitTestRunner.java:911)
	at org.apache.tools.ant.taskdefs.optional.junit.JUnitTestRunner.main(JUnitTestRunner.java:768)
Enter into Method: ContestEligibilityValidationManagerBean#validate At Wed Oct 14 23:38:42 CST 2009
Parameters: [ userId = 5 ] [ eligibilities = {  null} ]
Error recognized: The argument contestEligibility item in eligibilities list cannot be null.
java.lang.IllegalArgumentException: The argument contestEligibility item in eligibilities list cannot be null.
	at com.topcoder.service.contest.eligibilityvalidation.ContestEligibilityValidationManagerBean.checkNull(ContestEligibilityValidationManagerBean.java:375)
	at com.topcoder.service.contest.eligibilityvalidation.ContestEligibilityValidationManagerBean.validate(ContestEligibilityValidationManagerBean.java:210)
	at com.topcoder.service.contest.eligibilityvalidation.ContestEligibilityValidationManagerBeanTests.testValidateFailure2(ContestEligibilityValidationManagerBeanTests.java:426)
	at sun.reflect.NativeMethodAccessorImpl.invoke0(Native Method)
	at sun.reflect.NativeMethodAccessorImpl.invoke(NativeMethodAccessorImpl.java:39)
	at sun.reflect.DelegatingMethodAccessorImpl.invoke(DelegatingMethodAccessorImpl.java:25)
	at java.lang.reflect.Method.invoke(Method.java:585)
	at junit.framework.TestCase.runTest(TestCase.java:168)
	at junit.framework.TestCase.runBare(TestCase.java:134)
	at junit.framework.TestResult$1.protect(TestResult.java:110)
	at junit.framework.TestResult.runProtected(TestResult.java:128)
	at junit.framework.TestResult.run(TestResult.java:113)
	at junit.framework.TestCase.run(TestCase.java:124)
	at junit.framework.TestSuite.runTest(TestSuite.java:232)
	at junit.framework.TestSuite.run(TestSuite.java:227)
	at junit.framework.TestSuite.runTest(TestSuite.java:232)
	at junit.framework.TestSuite.run(TestSuite.java:227)
	at junit.framework.TestSuite.runTest(TestSuite.java:232)
	at junit.framework.TestSuite.run(TestSuite.java:227)
	at org.apache.tools.ant.taskdefs.optional.junit.JUnitTestRunner.run(JUnitTestRunner.java:420)
	at org.apache.tools.ant.taskdefs.optional.junit.JUnitTestRunner.launch(JUnitTestRunner.java:911)
	at org.apache.tools.ant.taskdefs.optional.junit.JUnitTestRunner.main(JUnitTestRunner.java:768)
Enter into Method: ContestEligibilityValidationManagerBean#validate At Wed Oct 14 23:38:42 CST 2009
Parameters: [ userId = 5 ] [ eligibilities = {com.topcoder.service.contest.eligibilityvalidation.MockContestEligibility with id=0  } ]
Error recognized: There is no corresponding validator for contestEligibility -com.topcoder.service.contest.eligibilityvalidation.MockContestEligibility
com.topcoder.service.contest.eligibilityvalidation.UnsupportedContestEligibilityValidatiorException: There is no corresponding validator for contestEligibility -com.topcoder.service.contest.eligibilityvalidation.MockContestEligibility
	at com.topcoder.service.contest.eligibilityvalidation.ContestEligibilityValidationManagerBean.validate(ContestEligibilityValidationManagerBean.java:212)
	at com.topcoder.service.contest.eligibilityvalidation.ContestEligibilityValidationManagerBeanTests.testValidateFailure3(ContestEligibilityValidationManagerBeanTests.java:447)
	at sun.reflect.NativeMethodAccessorImpl.invoke0(Native Method)
	at sun.reflect.NativeMethodAccessorImpl.invoke(NativeMethodAccessorImpl.java:39)
	at sun.reflect.DelegatingMethodAccessorImpl.invoke(DelegatingMethodAccessorImpl.java:25)
	at java.lang.reflect.Method.invoke(Method.java:585)
	at junit.framework.TestCase.runTest(TestCase.java:168)
	at junit.framework.TestCase.runBare(TestCase.java:134)
	at junit.framework.TestResult$1.protect(TestResult.java:110)
	at junit.framework.TestResult.runProtected(TestResult.java:128)
	at junit.framework.TestResult.run(TestResult.java:113)
	at junit.framework.TestCase.run(TestCase.java:124)
	at junit.framework.TestSuite.runTest(TestSuite.java:232)
	at junit.framework.TestSuite.run(TestSuite.java:227)
	at junit.framework.TestSuite.runTest(TestSuite.java:232)
	at junit.framework.TestSuite.run(TestSuite.java:227)
	at junit.framework.TestSuite.runTest(TestSuite.java:232)
	at junit.framework.TestSuite.run(TestSuite.java:227)
	at org.apache.tools.ant.taskdefs.optional.junit.JUnitTestRunner.run(JUnitTestRunner.java:420)
	at org.apache.tools.ant.taskdefs.optional.junit.JUnitTestRunner.launch(JUnitTestRunner.java:911)
	at org.apache.tools.ant.taskdefs.optional.junit.JUnitTestRunner.main(JUnitTestRunner.java:768)
Enter into Method: ContestEligibilityValidationManagerBean#validate At Wed Oct 14 23:38:42 CST 2009
Parameters: [ userId = 5 ] [ eligibilities = {com.topcoder.service.contest.eligibilityvalidation.MockContestEligibility with id=0  } ]
Error recognized: Any errors occurred when validating the contestEligibility.
com.topcoder.service.contest.eligibilityvalidation.ContestEligibilityValidationManagerException: Any errors occurred when validating the contestEligibility.
	at com.topcoder.service.contest.eligibilityvalidation.ContestEligibilityValidationManagerBean.validate(ContestEligibilityValidationManagerBean.java:231)
	at com.topcoder.service.contest.eligibilityvalidation.ContestEligibilityValidationManagerBeanTests.testValidateFailure4(ContestEligibilityValidationManagerBeanTests.java:470)
	at sun.reflect.NativeMethodAccessorImpl.invoke0(Native Method)
	at sun.reflect.NativeMethodAccessorImpl.invoke(NativeMethodAccessorImpl.java:39)
	at sun.reflect.DelegatingMethodAccessorImpl.invoke(DelegatingMethodAccessorImpl.java:25)
	at java.lang.reflect.Method.invoke(Method.java:585)
	at junit.framework.TestCase.runTest(TestCase.java:168)
	at junit.framework.TestCase.runBare(TestCase.java:134)
	at junit.framework.TestResult$1.protect(TestResult.java:110)
	at junit.framework.TestResult.runProtected(TestResult.java:128)
	at junit.framework.TestResult.run(TestResult.java:113)
	at junit.framework.TestCase.run(TestCase.java:124)
	at junit.framework.TestSuite.runTest(TestSuite.java:232)
	at junit.framework.TestSuite.run(TestSuite.java:227)
	at junit.framework.TestSuite.runTest(TestSuite.java:232)
	at junit.framework.TestSuite.run(TestSuite.java:227)
	at junit.framework.TestSuite.runTest(TestSuite.java:232)
	at junit.framework.TestSuite.run(TestSuite.java:227)
	at org.apache.tools.ant.taskdefs.optional.junit.JUnitTestRunner.run(JUnitTestRunner.java:420)
	at org.apache.tools.ant.taskdefs.optional.junit.JUnitTestRunner.launch(JUnitTestRunner.java:911)
	at org.apache.tools.ant.taskdefs.optional.junit.JUnitTestRunner.main(JUnitTestRunner.java:768)
Caused by: com.topcoder.service.contest.eligibilityvalidation.ContestEligibilityValidatorException: ContestEligibilityValidatorException thrown from mock contest validator.
	at com.topcoder.service.contest.eligibilityvalidation.MockEligibilityValidator.validate(MockEligibilityValidator.java:34)
	at com.topcoder.service.contest.eligibilityvalidation.ContestEligibilityValidationManagerBean.validate(ContestEligibilityValidationManagerBean.java:226)
	... 20 more
WARN   logWarnings, SQL Warning: 0, SQLState: 01I01
WARN   logWarnings, Database has transactions
WARN   logWarnings, SQL Warning: 0, SQLState: 01I04
WARN   logWarnings, Database selected
WARN   logWarnings, SQL Warning: 0, SQLState: 01I01
WARN   logWarnings, Database has transactions
WARN   logWarnings, SQL Warning: 0, SQLState: 01I04
WARN   logWarnings, Database selected
WARN   logWarnings, SQL Warning: 0, SQLState: 01I01
WARN   logWarnings, Database has transactions
WARN   logWarnings, SQL Warning: 0, SQLState: 01I04
WARN   logWarnings, Database selected
WARN   logWarnings, SQL Warning: 0, SQLState: 01I01
WARN   logWarnings, Database has transactions
WARN   logWarnings, SQL Warning: 0, SQLState: 01I04
WARN   logWarnings, Database selected
WARN   logWarnings, SQL Warning: 0, SQLState: 01I01
WARN   logWarnings, Database has transactions
WARN   logWarnings, SQL Warning: 0, SQLState: 01I04
WARN   logWarnings, Database selected
WARN   logWarnings, SQL Warning: 0, SQLState: 01I01
WARN   logWarnings, Database has transactions
WARN   logWarnings, SQL Warning: 0, SQLState: 01I04
WARN   logWarnings, Database selected
WARN   logWarnings, SQL Warning: 0, SQLState: 01I01
WARN   logWarnings, Database has transactions
WARN   logWarnings, SQL Warning: 0, SQLState: 01I04
WARN   logWarnings, Database selected
WARN   logWarnings, SQL Warning: 0, SQLState: 01I01
WARN   logWarnings, Database has transactions
WARN   logWarnings, SQL Warning: 0, SQLState: 01I04
WARN   logWarnings, Database selected
WARN   logWarnings, SQL Warning: 0, SQLState: 01I01
WARN   logWarnings, Database has transactions
WARN   logWarnings, SQL Warning: 0, SQLState: 01I04
WARN   logWarnings, Database selected
WARN   logWarnings, SQL Warning: 0, SQLState: 01I01
WARN   logWarnings, Database has transactions
WARN   logWarnings, SQL Warning: 0, SQLState: 01I04
WARN   logWarnings, Database selected
WARN   logWarnings, SQL Warning: 0, SQLState: 01I01
WARN   logWarnings, Database has transactions
WARN   logWarnings, SQL Warning: 0, SQLState: 01I04
WARN   logWarnings, Database selected
Result it:true
WARN   logWarnings, SQL Warning: 0, SQLState: 01I01
WARN   logWarnings, Database has transactions
WARN   logWarnings, SQL Warning: 0, SQLState: 01I04
WARN   logWarnings, Database selected
------------- ---------------- ---------------

Testcase: testConstructorAccuracy took 0.039 sec
Testcase: testInitializeAccuracy took 0.097 sec
Testcase: testInitializeFailure1 took 0 sec
Testcase: testInitializeFailure2 took 0 sec
Testcase: testInitializeFailure3 took 0.04 sec
Testcase: testInitializeFailure4 took 0.003 sec
Testcase: testInitializeFailure5 took 0.04 sec
Testcase: testInitializeFailure6 took 0.033 sec
Testcase: testInitializeFailure7 took 0.048 sec
Testcase: testInitializeFailure8 took 0.004 sec
Testcase: testInitializeFailure9 took 0.03 sec
Testcase: testInitializeFailure10 took 0.029 sec
Testcase: testInitializeFailure11 took 0.048 sec
Testcase: testValidateAccuracy1 took 12.704 sec
Testcase: testValidateAccuracy2 took 11.18 sec
Testcase: testValidateAccuracy3 took 0.011 sec
Testcase: testValidateFailure1 took 0.013 sec
Testcase: testValidateFailure2 took 0.012 sec
Testcase: testValidateFailure3 took 0.014 sec
Testcase: testValidateFailure4 took 0.025 sec
Testcase: testCtor1Accuracy took 0.001 sec
Testcase: testCtor2Accuracy took 0.001 sec
Testcase: testCtor3Accuracy took 0 sec
Testcase: testCtor4Accuracy took 0 sec
Testcase: testInheritance took 0 sec
Testcase: testCtor1Accuracy took 0.001 sec
Testcase: testCtor2Accuracy took 0.001 sec
Testcase: testCtor3Accuracy took 0.001 sec
Testcase: testCtor4Accuracy took 0 sec
Testcase: testInheritance took 0 sec
Testcase: testValidateAccuracy1 took 11.638 sec
Testcase: testValidateAccuracy2 took 11.158 sec
Testcase: testValidateFailure1 took 6.814 sec
Testcase: testValidateFailure2 took 6.788 sec
Testcase: testConstructor1Accuracy took 6.785 sec
Testcase: testConstructor2Accuracy took 6.966 sec
Testcase: testConstructor2Failure1 took 8.395 sec
Testcase: testConstructor2Failure2 took 6.775 sec
Testcase: testCtor1Accuracy took 0 sec
Testcase: testCtor2Accuracy took 0 sec
Testcase: testCtor3Accuracy took 0 sec
Testcase: testCtor4Accuracy took 0 sec
Testcase: testInheritance took 0 sec
Testcase: testCtor1Accuracy took 0 sec
Testcase: testCtor2Accuracy took 0 sec
Testcase: testCtor3Accuracy took 0 sec
Testcase: testCtor4Accuracy took 0.001 sec
Testcase: testInheritance took 0 sec
Testcase: testDemoUsage took 14.168 sec
