<?xml version="1.0" encoding="UTF-8" ?>
<testsuite errors="1" failures="0" hostname="macbookpro" name="com.topcoder.service.studio.UnitTests" tests="1" time="0.0" timestamp="2008-04-05T17:10:25">
  <properties>
[...]
</properties>
  <testcase classname="com.topcoder.service.studio.UnitTests" name="unknown" time="0.0">
    <error message="Forked Java VM exited abnormally. Please note the time in the report does not reflect the time until the VM exit." type="junit.framework.AssertionFailedError">junit.framework.AssertionFailedError: Forked Java VM exited abnormally. Please note the time in the report does not reflect the time until the VM exit.
</error>
  </testcase>
</testsuite>
