Testsuite: com.cronos.onlinereview.review.payment.AllTests
Tests run: 93, Failures: 0, Errors: 0, Time elapsed: 0.641 sec
------------- Standard Output ---------------
Run computeReviewPayment for 50 times takes 16ms
------------- ---------------- ---------------
------------- Standard Error -----------------
Entering method [com.cronos.onlinereview.review.payment.impl.DefaultReviewPaymentCalculator.computeReviewPayment(long projectId, double primaryPayment, double secondaryPaymentPool, ReviewerStatistics[] statistics)].
The parameters: {projectId=1, primaryPayment=120.0, secondaryPaymentPool=200.0, statistics=[com.topcoder.management.resource.ReviewerStatistics {creationUser=null, creationTimestamp=null, modificationUser=null, modificationTimestamp=null, id=0, accuracy=-1.0, coverage=-1.0, timelineReliability=0.85, totalEvaluationCoefficient=-1.0, reviewerId=1001, competitionTypeId=0, projectId=1, statisticsType=HISTORY, eligibilityPoints=0.0}, com.topcoder.management.resource.ReviewerStatistics {creationUser=null, creationTimestamp=null, modificationUser=null, modificationTimestamp=null, id=0, accuracy=0.85, coverage=0.61, timelineReliability=1.0, totalEvaluationCoefficient=-1.0, reviewerId=1002, competitionTypeId=0, projectId=1, statisticsType=HISTORY, eligibilityPoints=0.0}, com.topcoder.management.resource.ReviewerStatistics {creationUser=null, creationTimestamp=null, modificationUser=null, modificationTimestamp=null, id=0, accuracy=1.0, coverage=0.39, timelineReliability=0.74, totalEvaluationCoefficient=-1.0, reviewerId=1003, competitionTypeId=0, projectId=1, statisticsType=HISTORY, eligibilityPoints=0.0}]}
Exiting method [com.cronos.onlinereview.review.payment.impl.DefaultReviewPaymentCalculator.computeReviewPayment(long projectId, double primaryPayment, double secondaryPaymentPool, ReviewerStatistics[] statistics)], time spent in the method: 16 milliseconds.
The return value: [com.cronos.onlinereview.review.payment.ReviewerPayment {reviewerId=1001, projectId=1, paymentAmount=102.0}, com.cronos.onlinereview.review.payment.ReviewerPayment {reviewerId=1002, projectId=1, paymentAmount=142.7877586420518}, com.cronos.onlinereview.review.payment.ReviewerPayment {reviewerId=1003, projectId=1, paymentAmount=57.212241357948216}]
Entering method [com.cronos.onlinereview.review.payment.impl.DefaultReviewPaymentCalculator.computeReviewPayment(long projectId, double primaryPayment, double secondaryPaymentPool, ReviewerStatistics[] statistics)].
The parameters: {projectId=1, primaryPayment=120.0, secondaryPaymentPool=200.0, statistics=[com.topcoder.management.resource.ReviewerStatistics {creationUser=null, creationTimestamp=null, modificationUser=null, modificationTimestamp=null, id=0, accuracy=-1.0, coverage=-1.0, timelineReliability=0.85, totalEvaluationCoefficient=-1.0, reviewerId=1001, competitionTypeId=0, projectId=1, statisticsType=HISTORY, eligibilityPoints=0.0}, com.topcoder.management.resource.ReviewerStatistics {creationUser=null, creationTimestamp=null, modificationUser=null, modificationTimestamp=null, id=0, accuracy=0.85, coverage=0.61, timelineReliability=1.0, totalEvaluationCoefficient=-1.0, reviewerId=1002, competitionTypeId=0, projectId=1, statisticsType=HISTORY, eligibilityPoints=0.0}, com.topcoder.management.resource.ReviewerStatistics {creationUser=null, creationTimestamp=null, modificationUser=null, modificationTimestamp=null, id=0, accuracy=1.0, coverage=0.39, timelineReliability=0.74, totalEvaluationCoefficient=-1.0, reviewerId=1003, competitionTypeId=0, projectId=1, statisticsType=HISTORY, eligibilityPoints=0.0}]}
Exiting method [com.cronos.onlinereview.review.payment.impl.DefaultReviewPaymentCalculator.computeReviewPayment(long projectId, double primaryPayment, double secondaryPaymentPool, ReviewerStatistics[] statistics)], time spent in the method: 0 milliseconds.
The return value: [com.cronos.onlinereview.review.payment.ReviewerPayment {reviewerId=1001, projectId=1, paymentAmount=102.0}, com.cronos.onlinereview.review.payment.ReviewerPayment {reviewerId=1002, projectId=1, paymentAmount=142.7877586420518}, com.cronos.onlinereview.review.payment.ReviewerPayment {reviewerId=1003, projectId=1, paymentAmount=57.212241357948216}]
Entering method [com.cronos.onlinereview.review.payment.impl.DefaultReviewPaymentCalculator.computeReviewPayment(long projectId, double primaryPayment, double secondaryPaymentPool, ReviewerStatistics[] statistics)].
The parameters: {projectId=1, primaryPayment=120.0, secondaryPaymentPool=200.0, statistics=[com.topcoder.management.resource.ReviewerStatistics {creationUser=null, creationTimestamp=null, modificationUser=null, modificationTimestamp=null, id=0, accuracy=-1.0, coverage=-1.0, timelineReliability=0.85, totalEvaluationCoefficient=-1.0, reviewerId=1001, competitionTypeId=0, projectId=1, statisticsType=HISTORY, eligibilityPoints=0.0}, com.topcoder.management.resource.ReviewerStatistics {creationUser=null, creationTimestamp=null, modificationUser=null, modificationTimestamp=null, id=0, accuracy=0.85, coverage=0.61, timelineReliability=1.0, totalEvaluationCoefficient=0.5185, reviewerId=1002, competitionTypeId=0, projectId=1, statisticsType=HISTORY, eligibilityPoints=0.0}, com.topcoder.management.resource.ReviewerStatistics {creationUser=null, creationTimestamp=null, modificationUser=null, modificationTimestamp=null, id=0, accuracy=1.0, coverage=0.39, timelineReliability=0.74, totalEvaluationCoefficient=-1.0, reviewerId=1003, competitionTypeId=0, projectId=1, statisticsType=HISTORY, eligibilityPoints=0.0}]}
Exiting method [com.cronos.onlinereview.review.payment.impl.DefaultReviewPaymentCalculator.computeReviewPayment(long projectId, double primaryPayment, double secondaryPaymentPool, ReviewerStatistics[] statistics)], time spent in the method: 0 milliseconds.
The return value: [com.cronos.onlinereview.review.payment.ReviewerPayment {reviewerId=1001, projectId=1, paymentAmount=102.0}, com.cronos.onlinereview.review.payment.ReviewerPayment {reviewerId=1002, projectId=1, paymentAmount=142.7877586420518}, com.cronos.onlinereview.review.payment.ReviewerPayment {reviewerId=1003, projectId=1, paymentAmount=57.212241357948216}]
Entering method [com.cronos.onlinereview.review.payment.impl.DefaultReviewPaymentCalculator.computeReviewPayment(long projectId, double primaryPayment, double secondaryPaymentPool, ReviewerStatistics[] statistics)].
The parameters: {projectId=1, primaryPayment=120.0, secondaryPaymentPool=200.0, statistics=[com.topcoder.management.resource.ReviewerStatistics {creationUser=null, creationTimestamp=null, modificationUser=null, modificationTimestamp=null, id=0, accuracy=-1.0, coverage=-1.0, timelineReliability=0.85, totalEvaluationCoefficient=-1.0, reviewerId=1001, competitionTypeId=0, projectId=1, statisticsType=HISTORY, eligibilityPoints=0.0}, com.topcoder.management.resource.ReviewerStatistics {creationUser=null, creationTimestamp=null, modificationUser=null, modificationTimestamp=null, id=0, accuracy=0.85, coverage=0.61, timelineReliability=1.0, totalEvaluationCoefficient=-1.0, reviewerId=1002, competitionTypeId=0, projectId=1, statisticsType=HISTORY, eligibilityPoints=0.0}, com.topcoder.management.resource.ReviewerStatistics {creationUser=null, creationTimestamp=null, modificationUser=null, modificationTimestamp=null, id=0, accuracy=1.0, coverage=0.39, timelineReliability=0.74, totalEvaluationCoefficient=-1.0, reviewerId=1003, competitionTypeId=0, projectId=1, statisticsType=HISTORY, eligibilityPoints=0.0}, com.topcoder.management.resource.ReviewerStatistics {creationUser=null, creationTimestamp=null, modificationUser=null, modificationTimestamp=null, id=0, accuracy=1.0, coverage=0.39, timelineReliability=0.74, totalEvaluationCoefficient=-1.0, reviewerId=1004, competitionTypeId=0, projectId=1, statisticsType=HISTORY, eligibilityPoints=0.0}]}
Exiting method [com.cronos.onlinereview.review.payment.impl.DefaultReviewPaymentCalculator.computeReviewPayment(long projectId, double primaryPayment, double secondaryPaymentPool, ReviewerStatistics[] statistics)], time spent in the method: 0 milliseconds.
The return value: [com.cronos.onlinereview.review.payment.ReviewerPayment {reviewerId=1001, projectId=1, paymentAmount=102.0}, com.cronos.onlinereview.review.payment.ReviewerPayment {reviewerId=1002, projectId=1, paymentAmount=115.71415533448936}, com.cronos.onlinereview.review.payment.ReviewerPayment {reviewerId=1003, projectId=1, paymentAmount=42.14292233275532}, com.cronos.onlinereview.review.payment.ReviewerPayment {reviewerId=1004, projectId=1, paymentAmount=42.14292233275532}]
Entering method [com.cronos.onlinereview.review.payment.impl.DefaultReviewPaymentCalculator.computeReviewPayment(long projectId, double primaryPayment, double secondaryPaymentPool, ReviewerStatistics[] statistics)].
The parameters: {projectId=1, primaryPayment=0.0, secondaryPaymentPool=200.0, statistics=[com.topcoder.management.resource.ReviewerStatistics {creationUser=null, creationTimestamp=null, modificationUser=null, modificationTimestamp=null, id=0, accuracy=-1.0, coverage=-1.0, timelineReliability=0.85, totalEvaluationCoefficient=-1.0, reviewerId=1001, competitionTypeId=0, projectId=1, statisticsType=HISTORY, eligibilityPoints=0.0}, com.topcoder.management.resource.ReviewerStatistics {creationUser=null, creationTimestamp=null, modificationUser=null, modificationTimestamp=null, id=0, accuracy=0.85, coverage=0.61, timelineReliability=1.0, totalEvaluationCoefficient=-1.0, reviewerId=1002, competitionTypeId=0, projectId=1, statisticsType=HISTORY, eligibilityPoints=0.0}, com.topcoder.management.resource.ReviewerStatistics {creationUser=null, creationTimestamp=null, modificationUser=null, modificationTimestamp=null, id=0, accuracy=1.0, coverage=0.39, timelineReliability=0.74, totalEvaluationCoefficient=-1.0, reviewerId=1003, competitionTypeId=0, projectId=1, statisticsType=HISTORY, eligibilityPoints=0.0}]}
Error in method [com.cronos.onlinereview.review.payment.impl.DefaultReviewPaymentCalculator.computeReviewPayment(long projectId, double primaryPayment, double secondaryPaymentPool, ReviewerStatistics[] statistics)], details: IllegalArgumentException is thrown.
java.lang.IllegalArgumentException: 'primaryPayment' should be a positive number.
	at com.cronos.onlinereview.review.payment.impl.DefaultReviewPaymentCalculator.checkPositive(DefaultReviewPaymentCalculator.java:523)
	at com.cronos.onlinereview.review.payment.impl.DefaultReviewPaymentCalculator.computeReviewPayment(DefaultReviewPaymentCalculator.java:332)
	at com.cronos.onlinereview.review.payment.impl.DefaultReviewPaymentCalculatorUnitTests.test_computeReviewPayment_primaryPaymentZero(DefaultReviewPaymentCalculatorUnitTests.java:446)
	at sun.reflect.NativeMethodAccessorImpl.invoke0(Native Method)
	at sun.reflect.NativeMethodAccessorImpl.invoke(NativeMethodAccessorImpl.java:39)
	at sun.reflect.DelegatingMethodAccessorImpl.invoke(DelegatingMethodAccessorImpl.java:25)
	at java.lang.reflect.Method.invoke(Method.java:592)
	at org.junit.runners.model.FrameworkMethod$1.runReflectiveCall(FrameworkMethod.java:44)
	at org.junit.internal.runners.model.ReflectiveCallable.run(ReflectiveCallable.java:15)
	at org.junit.runners.model.FrameworkMethod.invokeExplosively(FrameworkMethod.java:41)
	at org.junit.internal.runners.statements.InvokeMethod.evaluate(InvokeMethod.java:20)
	at org.junit.internal.runners.statements.ExpectException.evaluate(ExpectException.java:22)
	at org.junit.internal.runners.statements.RunBefores.evaluate(RunBefores.java:28)
	at org.junit.internal.runners.statements.RunAfters.evaluate(RunAfters.java:31)
	at org.junit.runners.BlockJUnit4ClassRunner.runChild(BlockJUnit4ClassRunner.java:73)
	at org.junit.runners.BlockJUnit4ClassRunner.runChild(BlockJUnit4ClassRunner.java:46)
	at org.junit.runners.ParentRunner.runChildren(ParentRunner.java:180)
	at org.junit.runners.ParentRunner.access$000(ParentRunner.java:41)
	at org.junit.runners.ParentRunner$1.evaluate(ParentRunner.java:173)
	at org.junit.internal.runners.statements.RunBefores.evaluate(RunBefores.java:28)
	at org.junit.internal.runners.statements.RunAfters.evaluate(RunAfters.java:31)
	at org.junit.runners.ParentRunner.run(ParentRunner.java:220)
	at junit.framework.JUnit4TestAdapter.run(JUnit4TestAdapter.java:39)
	at junit.framework.TestSuite.runTest(TestSuite.java:232)
	at junit.framework.TestSuite.run(TestSuite.java:227)
	at junit.framework.TestSuite.runTest(TestSuite.java:232)
	at junit.framework.TestSuite.run(TestSuite.java:227)
	at org.apache.tools.ant.taskdefs.optional.junit.JUnitTestRunner.run(JUnitTestRunner.java:421)
	at org.apache.tools.ant.taskdefs.optional.junit.JUnitTestRunner.launch(JUnitTestRunner.java:912)
	at org.apache.tools.ant.taskdefs.optional.junit.JUnitTestRunner.main(JUnitTestRunner.java:766)

Entering method [com.cronos.onlinereview.review.payment.impl.DefaultReviewPaymentCalculator.computeReviewPayment(long projectId, double primaryPayment, double secondaryPaymentPool, ReviewerStatistics[] statistics)].
The parameters: {projectId=1, primaryPayment=120.0, secondaryPaymentPool=0.0, statistics=[com.topcoder.management.resource.ReviewerStatistics {creationUser=null, creationTimestamp=null, modificationUser=null, modificationTimestamp=null, id=0, accuracy=-1.0, coverage=-1.0, timelineReliability=0.85, totalEvaluationCoefficient=-1.0, reviewerId=1001, competitionTypeId=0, projectId=1, statisticsType=HISTORY, eligibilityPoints=0.0}, com.topcoder.management.resource.ReviewerStatistics {creationUser=null, creationTimestamp=null, modificationUser=null, modificationTimestamp=null, id=0, accuracy=0.85, coverage=0.61, timelineReliability=1.0, totalEvaluationCoefficient=-1.0, reviewerId=1002, competitionTypeId=0, projectId=1, statisticsType=HISTORY, eligibilityPoints=0.0}, com.topcoder.management.resource.ReviewerStatistics {creationUser=null, creationTimestamp=null, modificationUser=null, modificationTimestamp=null, id=0, accuracy=1.0, coverage=0.39, timelineReliability=0.74, totalEvaluationCoefficient=-1.0, reviewerId=1003, competitionTypeId=0, projectId=1, statisticsType=HISTORY, eligibilityPoints=0.0}]}
Error in method [com.cronos.onlinereview.review.payment.impl.DefaultReviewPaymentCalculator.computeReviewPayment(long projectId, double primaryPayment, double secondaryPaymentPool, ReviewerStatistics[] statistics)], details: IllegalArgumentException is thrown.
java.lang.IllegalArgumentException: 'secondaryPaymentPool' should be a positive number.
	at com.cronos.onlinereview.review.payment.impl.DefaultReviewPaymentCalculator.checkPositive(DefaultReviewPaymentCalculator.java:523)
	at com.cronos.onlinereview.review.payment.impl.DefaultReviewPaymentCalculator.computeReviewPayment(DefaultReviewPaymentCalculator.java:333)
	at com.cronos.onlinereview.review.payment.impl.DefaultReviewPaymentCalculatorUnitTests.test_computeReviewPayment_secondaryPaymentPoolZero(DefaultReviewPaymentCalculatorUnitTests.java:484)
	at sun.reflect.NativeMethodAccessorImpl.invoke0(Native Method)
	at sun.reflect.NativeMethodAccessorImpl.invoke(NativeMethodAccessorImpl.java:39)
	at sun.reflect.DelegatingMethodAccessorImpl.invoke(DelegatingMethodAccessorImpl.java:25)
	at java.lang.reflect.Method.invoke(Method.java:592)
	at org.junit.runners.model.FrameworkMethod$1.runReflectiveCall(FrameworkMethod.java:44)
	at org.junit.internal.runners.model.ReflectiveCallable.run(ReflectiveCallable.java:15)
	at org.junit.runners.model.FrameworkMethod.invokeExplosively(FrameworkMethod.java:41)
	at org.junit.internal.runners.statements.InvokeMethod.evaluate(InvokeMethod.java:20)
	at org.junit.internal.runners.statements.ExpectException.evaluate(ExpectException.java:22)
	at org.junit.internal.runners.statements.RunBefores.evaluate(RunBefores.java:28)
	at org.junit.internal.runners.statements.RunAfters.evaluate(RunAfters.java:31)
	at org.junit.runners.BlockJUnit4ClassRunner.runChild(BlockJUnit4ClassRunner.java:73)
	at org.junit.runners.BlockJUnit4ClassRunner.runChild(BlockJUnit4ClassRunner.java:46)
	at org.junit.runners.ParentRunner.runChildren(ParentRunner.java:180)
	at org.junit.runners.ParentRunner.access$000(ParentRunner.java:41)
	at org.junit.runners.ParentRunner$1.evaluate(ParentRunner.java:173)
	at org.junit.internal.runners.statements.RunBefores.evaluate(RunBefores.java:28)
	at org.junit.internal.runners.statements.RunAfters.evaluate(RunAfters.java:31)
	at org.junit.runners.ParentRunner.run(ParentRunner.java:220)
	at junit.framework.JUnit4TestAdapter.run(JUnit4TestAdapter.java:39)
	at junit.framework.TestSuite.runTest(TestSuite.java:232)
	at junit.framework.TestSuite.run(TestSuite.java:227)
	at junit.framework.TestSuite.runTest(TestSuite.java:232)
	at junit.framework.TestSuite.run(TestSuite.java:227)
	at org.apache.tools.ant.taskdefs.optional.junit.JUnitTestRunner.run(JUnitTestRunner.java:421)
	at org.apache.tools.ant.taskdefs.optional.junit.JUnitTestRunner.launch(JUnitTestRunner.java:912)
	at org.apache.tools.ant.taskdefs.optional.junit.JUnitTestRunner.main(JUnitTestRunner.java:766)

Entering method [com.cronos.onlinereview.review.payment.impl.DefaultReviewPaymentCalculator.computeReviewPayment(long projectId, double primaryPayment, double secondaryPaymentPool, ReviewerStatistics[] statistics)].
The parameters: {projectId=0, primaryPayment=120.0, secondaryPaymentPool=200.0, statistics=[com.topcoder.management.resource.ReviewerStatistics {creationUser=null, creationTimestamp=null, modificationUser=null, modificationTimestamp=null, id=0, accuracy=-1.0, coverage=-1.0, timelineReliability=0.85, totalEvaluationCoefficient=-1.0, reviewerId=1001, competitionTypeId=0, projectId=1, statisticsType=HISTORY, eligibilityPoints=0.0}, com.topcoder.management.resource.ReviewerStatistics {creationUser=null, creationTimestamp=null, modificationUser=null, modificationTimestamp=null, id=0, accuracy=0.85, coverage=0.61, timelineReliability=1.0, totalEvaluationCoefficient=-1.0, reviewerId=1002, competitionTypeId=0, projectId=1, statisticsType=HISTORY, eligibilityPoints=0.0}, com.topcoder.management.resource.ReviewerStatistics {creationUser=null, creationTimestamp=null, modificationUser=null, modificationTimestamp=null, id=0, accuracy=1.0, coverage=0.39, timelineReliability=0.74, totalEvaluationCoefficient=-1.0, reviewerId=1003, competitionTypeId=0, projectId=1, statisticsType=HISTORY, eligibilityPoints=0.0}]}
Error in method [com.cronos.onlinereview.review.payment.impl.DefaultReviewPaymentCalculator.computeReviewPayment(long projectId, double primaryPayment, double secondaryPaymentPool, ReviewerStatistics[] statistics)], details: IllegalArgumentException is thrown.
java.lang.IllegalArgumentException: 'projectId' should be a positive number.
	at com.cronos.onlinereview.review.payment.impl.DefaultReviewPaymentCalculator.checkPositive(DefaultReviewPaymentCalculator.java:504)
	at com.cronos.onlinereview.review.payment.impl.DefaultReviewPaymentCalculator.computeReviewPayment(DefaultReviewPaymentCalculator.java:331)
	at com.cronos.onlinereview.review.payment.impl.DefaultReviewPaymentCalculatorUnitTests.test_computeReviewPayment_projectIdZero(DefaultReviewPaymentCalculatorUnitTests.java:501)
	at sun.reflect.NativeMethodAccessorImpl.invoke0(Native Method)
	at sun.reflect.NativeMethodAccessorImpl.invoke(NativeMethodAccessorImpl.java:39)
	at sun.reflect.DelegatingMethodAccessorImpl.invoke(DelegatingMethodAccessorImpl.java:25)
	at java.lang.reflect.Method.invoke(Method.java:592)
	at org.junit.runners.model.FrameworkMethod$1.runReflectiveCall(FrameworkMethod.java:44)
	at org.junit.internal.runners.model.ReflectiveCallable.run(ReflectiveCallable.java:15)
	at org.junit.runners.model.FrameworkMethod.invokeExplosively(FrameworkMethod.java:41)
	at org.junit.internal.runners.statements.InvokeMethod.evaluate(InvokeMethod.java:20)
	at org.junit.internal.runners.statements.ExpectException.evaluate(ExpectException.java:22)
	at org.junit.internal.runners.statements.RunBefores.evaluate(RunBefores.java:28)
	at org.junit.internal.runners.statements.RunAfters.evaluate(RunAfters.java:31)
	at org.junit.runners.BlockJUnit4ClassRunner.runChild(BlockJUnit4ClassRunner.java:73)
	at org.junit.runners.BlockJUnit4ClassRunner.runChild(BlockJUnit4ClassRunner.java:46)
	at org.junit.runners.ParentRunner.runChildren(ParentRunner.java:180)
	at org.junit.runners.ParentRunner.access$000(ParentRunner.java:41)
	at org.junit.runners.ParentRunner$1.evaluate(ParentRunner.java:173)
	at org.junit.internal.runners.statements.RunBefores.evaluate(RunBefores.java:28)
	at org.junit.internal.runners.statements.RunAfters.evaluate(RunAfters.java:31)
	at org.junit.runners.ParentRunner.run(ParentRunner.java:220)
	at junit.framework.JUnit4TestAdapter.run(JUnit4TestAdapter.java:39)
	at junit.framework.TestSuite.runTest(TestSuite.java:232)
	at junit.framework.TestSuite.run(TestSuite.java:227)
	at junit.framework.TestSuite.runTest(TestSuite.java:232)
	at junit.framework.TestSuite.run(TestSuite.java:227)
	at org.apache.tools.ant.taskdefs.optional.junit.JUnitTestRunner.run(JUnitTestRunner.java:421)
	at org.apache.tools.ant.taskdefs.optional.junit.JUnitTestRunner.launch(JUnitTestRunner.java:912)
	at org.apache.tools.ant.taskdefs.optional.junit.JUnitTestRunner.main(JUnitTestRunner.java:766)

Entering method [com.cronos.onlinereview.review.payment.impl.DefaultReviewPaymentCalculator.computeReviewPayment(long projectId, double primaryPayment, double secondaryPaymentPool, ReviewerStatistics[] statistics)].
The parameters: {projectId=1, primaryPayment=120.0, secondaryPaymentPool=200.0, statistics=null}
Error in method [com.cronos.onlinereview.review.payment.impl.DefaultReviewPaymentCalculator.computeReviewPayment(long projectId, double primaryPayment, double secondaryPaymentPool, ReviewerStatistics[] statistics)], details: IllegalArgumentException is thrown.
java.lang.IllegalArgumentException: 'statistics' should not be null.
	at com.cronos.onlinereview.review.payment.impl.DefaultReviewPaymentCalculator.checkNull(DefaultReviewPaymentCalculator.java:634)
	at com.cronos.onlinereview.review.payment.impl.DefaultReviewPaymentCalculator.computeReviewPayment(DefaultReviewPaymentCalculator.java:334)
	at com.cronos.onlinereview.review.payment.impl.DefaultReviewPaymentCalculatorUnitTests.test_computeReviewPayment_statisticsNull(DefaultReviewPaymentCalculatorUnitTests.java:518)
	at sun.reflect.NativeMethodAccessorImpl.invoke0(Native Method)
	at sun.reflect.NativeMethodAccessorImpl.invoke(NativeMethodAccessorImpl.java:39)
	at sun.reflect.DelegatingMethodAccessorImpl.invoke(DelegatingMethodAccessorImpl.java:25)
	at java.lang.reflect.Method.invoke(Method.java:592)
	at org.junit.runners.model.FrameworkMethod$1.runReflectiveCall(FrameworkMethod.java:44)
	at org.junit.internal.runners.model.ReflectiveCallable.run(ReflectiveCallable.java:15)
	at org.junit.runners.model.FrameworkMethod.invokeExplosively(FrameworkMethod.java:41)
	at org.junit.internal.runners.statements.InvokeMethod.evaluate(InvokeMethod.java:20)
	at org.junit.internal.runners.statements.ExpectException.evaluate(ExpectException.java:22)
	at org.junit.internal.runners.statements.RunBefores.evaluate(RunBefores.java:28)
	at org.junit.internal.runners.statements.RunAfters.evaluate(RunAfters.java:31)
	at org.junit.runners.BlockJUnit4ClassRunner.runChild(BlockJUnit4ClassRunner.java:73)
	at org.junit.runners.BlockJUnit4ClassRunner.runChild(BlockJUnit4ClassRunner.java:46)
	at org.junit.runners.ParentRunner.runChildren(ParentRunner.java:180)
	at org.junit.runners.ParentRunner.access$000(ParentRunner.java:41)
	at org.junit.runners.ParentRunner$1.evaluate(ParentRunner.java:173)
	at org.junit.internal.runners.statements.RunBefores.evaluate(RunBefores.java:28)
	at org.junit.internal.runners.statements.RunAfters.evaluate(RunAfters.java:31)
	at org.junit.runners.ParentRunner.run(ParentRunner.java:220)
	at junit.framework.JUnit4TestAdapter.run(JUnit4TestAdapter.java:39)
	at junit.framework.TestSuite.runTest(TestSuite.java:232)
	at junit.framework.TestSuite.run(TestSuite.java:227)
	at junit.framework.TestSuite.runTest(TestSuite.java:232)
	at junit.framework.TestSuite.run(TestSuite.java:227)
	at org.apache.tools.ant.taskdefs.optional.junit.JUnitTestRunner.run(JUnitTestRunner.java:421)
	at org.apache.tools.ant.taskdefs.optional.junit.JUnitTestRunner.launch(JUnitTestRunner.java:912)
	at org.apache.tools.ant.taskdefs.optional.junit.JUnitTestRunner.main(JUnitTestRunner.java:766)

Entering method [com.cronos.onlinereview.review.payment.impl.DefaultReviewPaymentCalculator.computeReviewPayment(long projectId, double primaryPayment, double secondaryPaymentPool, ReviewerStatistics[] statistics)].
The parameters: {projectId=1, primaryPayment=120.0, secondaryPaymentPool=200.0, statistics=[null, com.topcoder.management.resource.ReviewerStatistics {creationUser=null, creationTimestamp=null, modificationUser=null, modificationTimestamp=null, id=0, accuracy=0.85, coverage=0.61, timelineReliability=1.0, totalEvaluationCoefficient=-1.0, reviewerId=1002, competitionTypeId=0, projectId=1, statisticsType=HISTORY, eligibilityPoints=0.0}, com.topcoder.management.resource.ReviewerStatistics {creationUser=null, creationTimestamp=null, modificationUser=null, modificationTimestamp=null, id=0, accuracy=1.0, coverage=0.39, timelineReliability=0.74, totalEvaluationCoefficient=-1.0, reviewerId=1003, competitionTypeId=0, projectId=1, statisticsType=HISTORY, eligibilityPoints=0.0}]}
Error in method [com.cronos.onlinereview.review.payment.impl.DefaultReviewPaymentCalculator.computeReviewPayment(long projectId, double primaryPayment, double secondaryPaymentPool, ReviewerStatistics[] statistics)], details: IllegalArgumentException is thrown.
java.lang.IllegalArgumentException: 'element of statistics' should not be null.
	at com.cronos.onlinereview.review.payment.impl.DefaultReviewPaymentCalculator.checkNull(DefaultReviewPaymentCalculator.java:634)
	at com.cronos.onlinereview.review.payment.impl.DefaultReviewPaymentCalculator.computeReviewPayment(DefaultReviewPaymentCalculator.java:339)
	at com.cronos.onlinereview.review.payment.impl.DefaultReviewPaymentCalculatorUnitTests.test_computeReviewPayment_statisticsContainsNull(DefaultReviewPaymentCalculatorUnitTests.java:536)
	at sun.reflect.NativeMethodAccessorImpl.invoke0(Native Method)
	at sun.reflect.NativeMethodAccessorImpl.invoke(NativeMethodAccessorImpl.java:39)
	at sun.reflect.DelegatingMethodAccessorImpl.invoke(DelegatingMethodAccessorImpl.java:25)
	at java.lang.reflect.Method.invoke(Method.java:592)
	at org.junit.runners.model.FrameworkMethod$1.runReflectiveCall(FrameworkMethod.java:44)
	at org.junit.internal.runners.model.ReflectiveCallable.run(ReflectiveCallable.java:15)
	at org.junit.runners.model.FrameworkMethod.invokeExplosively(FrameworkMethod.java:41)
	at org.junit.internal.runners.statements.InvokeMethod.evaluate(InvokeMethod.java:20)
	at org.junit.internal.runners.statements.ExpectException.evaluate(ExpectException.java:22)
	at org.junit.internal.runners.statements.RunBefores.evaluate(RunBefores.java:28)
	at org.junit.internal.runners.statements.RunAfters.evaluate(RunAfters.java:31)
	at org.junit.runners.BlockJUnit4ClassRunner.runChild(BlockJUnit4ClassRunner.java:73)
	at org.junit.runners.BlockJUnit4ClassRunner.runChild(BlockJUnit4ClassRunner.java:46)
	at org.junit.runners.ParentRunner.runChildren(ParentRunner.java:180)
	at org.junit.runners.ParentRunner.access$000(ParentRunner.java:41)
	at org.junit.runners.ParentRunner$1.evaluate(ParentRunner.java:173)
	at org.junit.internal.runners.statements.RunBefores.evaluate(RunBefores.java:28)
	at org.junit.internal.runners.statements.RunAfters.evaluate(RunAfters.java:31)
	at org.junit.runners.ParentRunner.run(ParentRunner.java:220)
	at junit.framework.JUnit4TestAdapter.run(JUnit4TestAdapter.java:39)
	at junit.framework.TestSuite.runTest(TestSuite.java:232)
	at junit.framework.TestSuite.run(TestSuite.java:227)
	at junit.framework.TestSuite.runTest(TestSuite.java:232)
	at junit.framework.TestSuite.run(TestSuite.java:227)
	at org.apache.tools.ant.taskdefs.optional.junit.JUnitTestRunner.run(JUnitTestRunner.java:421)
	at org.apache.tools.ant.taskdefs.optional.junit.JUnitTestRunner.launch(JUnitTestRunner.java:912)
	at org.apache.tools.ant.taskdefs.optional.junit.JUnitTestRunner.main(JUnitTestRunner.java:766)

Entering method [com.cronos.onlinereview.review.payment.impl.DefaultReviewPaymentCalculator.computeReviewPayment(long projectId, double primaryPayment, double secondaryPaymentPool, ReviewerStatistics[] statistics)].
The parameters: {projectId=1, primaryPayment=120.0, secondaryPaymentPool=200.0, statistics=[com.topcoder.management.resource.ReviewerStatistics {creationUser=null, creationTimestamp=null, modificationUser=null, modificationTimestamp=null, id=0, accuracy=-1.0, coverage=-1.0, timelineReliability=0.85, totalEvaluationCoefficient=-1.0, reviewerId=1001, competitionTypeId=0, projectId=1, statisticsType=HISTORY, eligibilityPoints=0.0}, com.topcoder.management.resource.ReviewerStatistics {creationUser=null, creationTimestamp=null, modificationUser=null, modificationTimestamp=null, id=0, accuracy=0.85, coverage=0.61, timelineReliability=1.0, totalEvaluationCoefficient=-1.0, reviewerId=1002, competitionTypeId=0, projectId=1, statisticsType=HISTORY, eligibilityPoints=0.0}]}
Error in method [com.cronos.onlinereview.review.payment.impl.DefaultReviewPaymentCalculator.computeReviewPayment(long projectId, double primaryPayment, double secondaryPaymentPool, ReviewerStatistics[] statistics)], details: IllegalArgumentException is thrown.
java.lang.IllegalArgumentException: 'statistics.length' should contain at least 3 elements.
	at com.cronos.onlinereview.review.payment.impl.DefaultReviewPaymentCalculator.computeReviewPayment(DefaultReviewPaymentCalculator.java:336)
	at com.cronos.onlinereview.review.payment.impl.DefaultReviewPaymentCalculatorUnitTests.test_computeReviewPayment_statisticsLengthInvalid(DefaultReviewPaymentCalculatorUnitTests.java:554)
	at sun.reflect.NativeMethodAccessorImpl.invoke0(Native Method)
	at sun.reflect.NativeMethodAccessorImpl.invoke(NativeMethodAccessorImpl.java:39)
	at sun.reflect.DelegatingMethodAccessorImpl.invoke(DelegatingMethodAccessorImpl.java:25)
	at java.lang.reflect.Method.invoke(Method.java:592)
	at org.junit.runners.model.FrameworkMethod$1.runReflectiveCall(FrameworkMethod.java:44)
	at org.junit.internal.runners.model.ReflectiveCallable.run(ReflectiveCallable.java:15)
	at org.junit.runners.model.FrameworkMethod.invokeExplosively(FrameworkMethod.java:41)
	at org.junit.internal.runners.statements.InvokeMethod.evaluate(InvokeMethod.java:20)
	at org.junit.internal.runners.statements.ExpectException.evaluate(ExpectException.java:22)
	at org.junit.internal.runners.statements.RunBefores.evaluate(RunBefores.java:28)
	at org.junit.internal.runners.statements.RunAfters.evaluate(RunAfters.java:31)
	at org.junit.runners.BlockJUnit4ClassRunner.runChild(BlockJUnit4ClassRunner.java:73)
	at org.junit.runners.BlockJUnit4ClassRunner.runChild(BlockJUnit4ClassRunner.java:46)
	at org.junit.runners.ParentRunner.runChildren(ParentRunner.java:180)
	at org.junit.runners.ParentRunner.access$000(ParentRunner.java:41)
	at org.junit.runners.ParentRunner$1.evaluate(ParentRunner.java:173)
	at org.junit.internal.runners.statements.RunBefores.evaluate(RunBefores.java:28)
	at org.junit.internal.runners.statements.RunAfters.evaluate(RunAfters.java:31)
	at org.junit.runners.ParentRunner.run(ParentRunner.java:220)
	at junit.framework.JUnit4TestAdapter.run(JUnit4TestAdapter.java:39)
	at junit.framework.TestSuite.runTest(TestSuite.java:232)
	at junit.framework.TestSuite.run(TestSuite.java:227)
	at junit.framework.TestSuite.runTest(TestSuite.java:232)
	at junit.framework.TestSuite.run(TestSuite.java:227)
	at org.apache.tools.ant.taskdefs.optional.junit.JUnitTestRunner.run(JUnitTestRunner.java:421)
	at org.apache.tools.ant.taskdefs.optional.junit.JUnitTestRunner.launch(JUnitTestRunner.java:912)
	at org.apache.tools.ant.taskdefs.optional.junit.JUnitTestRunner.main(JUnitTestRunner.java:766)

Entering method [com.cronos.onlinereview.review.payment.impl.DefaultReviewPaymentCalculator.computeReviewPayment(long projectId, double primaryPayment, double secondaryPaymentPool, ReviewerStatistics[] statistics)].
The parameters: {projectId=1, primaryPayment=120.0, secondaryPaymentPool=200.0, statistics=[com.topcoder.management.resource.ReviewerStatistics {creationUser=null, creationTimestamp=null, modificationUser=null, modificationTimestamp=null, id=0, accuracy=-1.0, coverage=-1.0, timelineReliability=0.85, totalEvaluationCoefficient=-1.0, reviewerId=1001, competitionTypeId=0, projectId=1, statisticsType=AVERAGE, eligibilityPoints=0.0}, com.topcoder.management.resource.ReviewerStatistics {creationUser=null, creationTimestamp=null, modificationUser=null, modificationTimestamp=null, id=0, accuracy=0.85, coverage=0.61, timelineReliability=1.0, totalEvaluationCoefficient=-1.0, reviewerId=1002, competitionTypeId=0, projectId=1, statisticsType=HISTORY, eligibilityPoints=0.0}, com.topcoder.management.resource.ReviewerStatistics {creationUser=null, creationTimestamp=null, modificationUser=null, modificationTimestamp=null, id=0, accuracy=1.0, coverage=0.39, timelineReliability=0.74, totalEvaluationCoefficient=-1.0, reviewerId=1003, competitionTypeId=0, projectId=1, statisticsType=HISTORY, eligibilityPoints=0.0}]}
Error in method [com.cronos.onlinereview.review.payment.impl.DefaultReviewPaymentCalculator.computeReviewPayment(long projectId, double primaryPayment, double secondaryPaymentPool, ReviewerStatistics[] statistics)], details: InvalidReviewersStatisticsException is thrown when computing the review payments.
com.cronos.onlinereview.review.payment.InvalidReviewersStatisticsException: The statistics type must be 'HISTORY'.
	at com.cronos.onlinereview.review.payment.impl.DefaultReviewPaymentCalculator.computeReviewPayment(DefaultReviewPaymentCalculator.java:348)
	at com.cronos.onlinereview.review.payment.impl.DefaultReviewPaymentCalculatorUnitTests.test_computeReviewPayment_StatisticsTypeInvalid1(DefaultReviewPaymentCalculatorUnitTests.java:571)
	at sun.reflect.NativeMethodAccessorImpl.invoke0(Native Method)
	at sun.reflect.NativeMethodAccessorImpl.invoke(NativeMethodAccessorImpl.java:39)
	at sun.reflect.DelegatingMethodAccessorImpl.invoke(DelegatingMethodAccessorImpl.java:25)
	at java.lang.reflect.Method.invoke(Method.java:592)
	at org.junit.runners.model.FrameworkMethod$1.runReflectiveCall(FrameworkMethod.java:44)
	at org.junit.internal.runners.model.ReflectiveCallable.run(ReflectiveCallable.java:15)
	at org.junit.runners.model.FrameworkMethod.invokeExplosively(FrameworkMethod.java:41)
	at org.junit.internal.runners.statements.InvokeMethod.evaluate(InvokeMethod.java:20)
	at org.junit.internal.runners.statements.ExpectException.evaluate(ExpectException.java:22)
	at org.junit.internal.runners.statements.RunBefores.evaluate(RunBefores.java:28)
	at org.junit.internal.runners.statements.RunAfters.evaluate(RunAfters.java:31)
	at org.junit.runners.BlockJUnit4ClassRunner.runChild(BlockJUnit4ClassRunner.java:73)
	at org.junit.runners.BlockJUnit4ClassRunner.runChild(BlockJUnit4ClassRunner.java:46)
	at org.junit.runners.ParentRunner.runChildren(ParentRunner.java:180)
	at org.junit.runners.ParentRunner.access$000(ParentRunner.java:41)
	at org.junit.runners.ParentRunner$1.evaluate(ParentRunner.java:173)
	at org.junit.internal.runners.statements.RunBefores.evaluate(RunBefores.java:28)
	at org.junit.internal.runners.statements.RunAfters.evaluate(RunAfters.java:31)
	at org.junit.runners.ParentRunner.run(ParentRunner.java:220)
	at junit.framework.JUnit4TestAdapter.run(JUnit4TestAdapter.java:39)
	at junit.framework.TestSuite.runTest(TestSuite.java:232)
	at junit.framework.TestSuite.run(TestSuite.java:227)
	at junit.framework.TestSuite.runTest(TestSuite.java:232)
	at junit.framework.TestSuite.run(TestSuite.java:227)
	at org.apache.tools.ant.taskdefs.optional.junit.JUnitTestRunner.run(JUnitTestRunner.java:421)
	at org.apache.tools.ant.taskdefs.optional.junit.JUnitTestRunner.launch(JUnitTestRunner.java:912)
	at org.apache.tools.ant.taskdefs.optional.junit.JUnitTestRunner.main(JUnitTestRunner.java:766)

Entering method [com.cronos.onlinereview.review.payment.impl.DefaultReviewPaymentCalculator.computeReviewPayment(long projectId, double primaryPayment, double secondaryPaymentPool, ReviewerStatistics[] statistics)].
The parameters: {projectId=1, primaryPayment=120.0, secondaryPaymentPool=200.0, statistics=[com.topcoder.management.resource.ReviewerStatistics {creationUser=null, creationTimestamp=null, modificationUser=null, modificationTimestamp=null, id=0, accuracy=-1.0, coverage=-1.0, timelineReliability=0.85, totalEvaluationCoefficient=-1.0, reviewerId=1001, competitionTypeId=0, projectId=1, statisticsType=null, eligibilityPoints=0.0}, com.topcoder.management.resource.ReviewerStatistics {creationUser=null, creationTimestamp=null, modificationUser=null, modificationTimestamp=null, id=0, accuracy=0.85, coverage=0.61, timelineReliability=1.0, totalEvaluationCoefficient=-1.0, reviewerId=1002, competitionTypeId=0, projectId=1, statisticsType=HISTORY, eligibilityPoints=0.0}, com.topcoder.management.resource.ReviewerStatistics {creationUser=null, creationTimestamp=null, modificationUser=null, modificationTimestamp=null, id=0, accuracy=1.0, coverage=0.39, timelineReliability=0.74, totalEvaluationCoefficient=-1.0, reviewerId=1003, competitionTypeId=0, projectId=1, statisticsType=HISTORY, eligibilityPoints=0.0}]}
Error in method [com.cronos.onlinereview.review.payment.impl.DefaultReviewPaymentCalculator.computeReviewPayment(long projectId, double primaryPayment, double secondaryPaymentPool, ReviewerStatistics[] statistics)], details: InvalidReviewersStatisticsException is thrown when computing the review payments.
com.cronos.onlinereview.review.payment.InvalidReviewersStatisticsException: The statistics type must be 'HISTORY'.
	at com.cronos.onlinereview.review.payment.impl.DefaultReviewPaymentCalculator.computeReviewPayment(DefaultReviewPaymentCalculator.java:348)
	at com.cronos.onlinereview.review.payment.impl.DefaultReviewPaymentCalculatorUnitTests.test_computeReviewPayment_StatisticsTypeInvalid2(DefaultReviewPaymentCalculatorUnitTests.java:588)
	at sun.reflect.NativeMethodAccessorImpl.invoke0(Native Method)
	at sun.reflect.NativeMethodAccessorImpl.invoke(NativeMethodAccessorImpl.java:39)
	at sun.reflect.DelegatingMethodAccessorImpl.invoke(DelegatingMethodAccessorImpl.java:25)
	at java.lang.reflect.Method.invoke(Method.java:592)
	at org.junit.runners.model.FrameworkMethod$1.runReflectiveCall(FrameworkMethod.java:44)
	at org.junit.internal.runners.model.ReflectiveCallable.run(ReflectiveCallable.java:15)
	at org.junit.runners.model.FrameworkMethod.invokeExplosively(FrameworkMethod.java:41)
	at org.junit.internal.runners.statements.InvokeMethod.evaluate(InvokeMethod.java:20)
	at org.junit.internal.runners.statements.ExpectException.evaluate(ExpectException.java:22)
	at org.junit.internal.runners.statements.RunBefores.evaluate(RunBefores.java:28)
	at org.junit.internal.runners.statements.RunAfters.evaluate(RunAfters.java:31)
	at org.junit.runners.BlockJUnit4ClassRunner.runChild(BlockJUnit4ClassRunner.java:73)
	at org.junit.runners.BlockJUnit4ClassRunner.runChild(BlockJUnit4ClassRunner.java:46)
	at org.junit.runners.ParentRunner.runChildren(ParentRunner.java:180)
	at org.junit.runners.ParentRunner.access$000(ParentRunner.java:41)
	at org.junit.runners.ParentRunner$1.evaluate(ParentRunner.java:173)
	at org.junit.internal.runners.statements.RunBefores.evaluate(RunBefores.java:28)
	at org.junit.internal.runners.statements.RunAfters.evaluate(RunAfters.java:31)
	at org.junit.runners.ParentRunner.run(ParentRunner.java:220)
	at junit.framework.JUnit4TestAdapter.run(JUnit4TestAdapter.java:39)
	at junit.framework.TestSuite.runTest(TestSuite.java:232)
	at junit.framework.TestSuite.run(TestSuite.java:227)
	at junit.framework.TestSuite.runTest(TestSuite.java:232)
	at junit.framework.TestSuite.run(TestSuite.java:227)
	at org.apache.tools.ant.taskdefs.optional.junit.JUnitTestRunner.run(JUnitTestRunner.java:421)
	at org.apache.tools.ant.taskdefs.optional.junit.JUnitTestRunner.launch(JUnitTestRunner.java:912)
	at org.apache.tools.ant.taskdefs.optional.junit.JUnitTestRunner.main(JUnitTestRunner.java:766)

Entering method [com.cronos.onlinereview.review.payment.impl.DefaultReviewPaymentCalculator.computeReviewPayment(long projectId, double primaryPayment, double secondaryPaymentPool, ReviewerStatistics[] statistics)].
The parameters: {projectId=1, primaryPayment=120.0, secondaryPaymentPool=200.0, statistics=[com.topcoder.management.resource.ReviewerStatistics {creationUser=null, creationTimestamp=null, modificationUser=null, modificationTimestamp=null, id=0, accuracy=-1.0, coverage=0.0, timelineReliability=0.85, totalEvaluationCoefficient=-1.0, reviewerId=1001, competitionTypeId=0, projectId=1, statisticsType=HISTORY, eligibilityPoints=0.0}, com.topcoder.management.resource.ReviewerStatistics {creationUser=null, creationTimestamp=null, modificationUser=null, modificationTimestamp=null, id=0, accuracy=0.85, coverage=0.61, timelineReliability=1.0, totalEvaluationCoefficient=-1.0, reviewerId=1002, competitionTypeId=0, projectId=1, statisticsType=HISTORY, eligibilityPoints=0.0}, com.topcoder.management.resource.ReviewerStatistics {creationUser=null, creationTimestamp=null, modificationUser=null, modificationTimestamp=null, id=0, accuracy=1.0, coverage=0.39, timelineReliability=0.74, totalEvaluationCoefficient=-1.0, reviewerId=1003, competitionTypeId=0, projectId=1, statisticsType=HISTORY, eligibilityPoints=0.0}]}
Error in method [com.cronos.onlinereview.review.payment.impl.DefaultReviewPaymentCalculator.computeReviewPayment(long projectId, double primaryPayment, double secondaryPaymentPool, ReviewerStatistics[] statistics)], details: InvalidReviewersStatisticsException is thrown when computing the review payments.
com.cronos.onlinereview.review.payment.InvalidReviewersStatisticsException: No primary reviewer statistics found.
	at com.cronos.onlinereview.review.payment.impl.DefaultReviewPaymentCalculator.computeReviewPayment(DefaultReviewPaymentCalculator.java:375)
	at com.cronos.onlinereview.review.payment.impl.DefaultReviewPaymentCalculatorUnitTests.test_computeReviewPayment_NoPrimaryReviewer(DefaultReviewPaymentCalculatorUnitTests.java:606)
	at sun.reflect.NativeMethodAccessorImpl.invoke0(Native Method)
	at sun.reflect.NativeMethodAccessorImpl.invoke(NativeMethodAccessorImpl.java:39)
	at sun.reflect.DelegatingMethodAccessorImpl.invoke(DelegatingMethodAccessorImpl.java:25)
	at java.lang.reflect.Method.invoke(Method.java:592)
	at org.junit.runners.model.FrameworkMethod$1.runReflectiveCall(FrameworkMethod.java:44)
	at org.junit.internal.runners.model.ReflectiveCallable.run(ReflectiveCallable.java:15)
	at org.junit.runners.model.FrameworkMethod.invokeExplosively(FrameworkMethod.java:41)
	at org.junit.internal.runners.statements.InvokeMethod.evaluate(InvokeMethod.java:20)
	at org.junit.internal.runners.statements.ExpectException.evaluate(ExpectException.java:22)
	at org.junit.internal.runners.statements.RunBefores.evaluate(RunBefores.java:28)
	at org.junit.internal.runners.statements.RunAfters.evaluate(RunAfters.java:31)
	at org.junit.runners.BlockJUnit4ClassRunner.runChild(BlockJUnit4ClassRunner.java:73)
	at org.junit.runners.BlockJUnit4ClassRunner.runChild(BlockJUnit4ClassRunner.java:46)
	at org.junit.runners.ParentRunner.runChildren(ParentRunner.java:180)
	at org.junit.runners.ParentRunner.access$000(ParentRunner.java:41)
	at org.junit.runners.ParentRunner$1.evaluate(ParentRunner.java:173)
	at org.junit.internal.runners.statements.RunBefores.evaluate(RunBefores.java:28)
	at org.junit.internal.runners.statements.RunAfters.evaluate(RunAfters.java:31)
	at org.junit.runners.ParentRunner.run(ParentRunner.java:220)
	at junit.framework.JUnit4TestAdapter.run(JUnit4TestAdapter.java:39)
	at junit.framework.TestSuite.runTest(TestSuite.java:232)
	at junit.framework.TestSuite.run(TestSuite.java:227)
	at junit.framework.TestSuite.runTest(TestSuite.java:232)
	at junit.framework.TestSuite.run(TestSuite.java:227)
	at org.apache.tools.ant.taskdefs.optional.junit.JUnitTestRunner.run(JUnitTestRunner.java:421)
	at org.apache.tools.ant.taskdefs.optional.junit.JUnitTestRunner.launch(JUnitTestRunner.java:912)
	at org.apache.tools.ant.taskdefs.optional.junit.JUnitTestRunner.main(JUnitTestRunner.java:766)

Entering method [com.cronos.onlinereview.review.payment.impl.DefaultReviewPaymentCalculator.computeReviewPayment(long projectId, double primaryPayment, double secondaryPaymentPool, ReviewerStatistics[] statistics)].
The parameters: {projectId=1, primaryPayment=120.0, secondaryPaymentPool=200.0, statistics=[com.topcoder.management.resource.ReviewerStatistics {creationUser=null, creationTimestamp=null, modificationUser=null, modificationTimestamp=null, id=0, accuracy=-1.0, coverage=-1.0, timelineReliability=0.85, totalEvaluationCoefficient=-1.0, reviewerId=1001, competitionTypeId=0, projectId=1, statisticsType=HISTORY, eligibilityPoints=0.0}, com.topcoder.management.resource.ReviewerStatistics {creationUser=null, creationTimestamp=null, modificationUser=null, modificationTimestamp=null, id=0, accuracy=-1.0, coverage=-1.0, timelineReliability=1.0, totalEvaluationCoefficient=-1.0, reviewerId=1002, competitionTypeId=0, projectId=1, statisticsType=HISTORY, eligibilityPoints=0.0}, com.topcoder.management.resource.ReviewerStatistics {creationUser=null, creationTimestamp=null, modificationUser=null, modificationTimestamp=null, id=0, accuracy=1.0, coverage=0.39, timelineReliability=0.74, totalEvaluationCoefficient=-1.0, reviewerId=1003, competitionTypeId=0, projectId=1, statisticsType=HISTORY, eligibilityPoints=0.0}]}
Error in method [com.cronos.onlinereview.review.payment.impl.DefaultReviewPaymentCalculator.computeReviewPayment(long projectId, double primaryPayment, double secondaryPaymentPool, ReviewerStatistics[] statistics)], details: InvalidReviewersStatisticsException is thrown when computing the review payments.
com.cronos.onlinereview.review.payment.InvalidReviewersStatisticsException: More than one primary reviewer statistics found.
	at com.cronos.onlinereview.review.payment.impl.DefaultReviewPaymentCalculator.computeReviewPayment(DefaultReviewPaymentCalculator.java:354)
	at com.cronos.onlinereview.review.payment.impl.DefaultReviewPaymentCalculatorUnitTests.test_computeReviewPayment_MultiplePrimaryReviewers(DefaultReviewPaymentCalculatorUnitTests.java:625)
	at sun.reflect.NativeMethodAccessorImpl.invoke0(Native Method)
	at sun.reflect.NativeMethodAccessorImpl.invoke(NativeMethodAccessorImpl.java:39)
	at sun.reflect.DelegatingMethodAccessorImpl.invoke(DelegatingMethodAccessorImpl.java:25)
	at java.lang.reflect.Method.invoke(Method.java:592)
	at org.junit.runners.model.FrameworkMethod$1.runReflectiveCall(FrameworkMethod.java:44)
	at org.junit.internal.runners.model.ReflectiveCallable.run(ReflectiveCallable.java:15)
	at org.junit.runners.model.FrameworkMethod.invokeExplosively(FrameworkMethod.java:41)
	at org.junit.internal.runners.statements.InvokeMethod.evaluate(InvokeMethod.java:20)
	at org.junit.internal.runners.statements.ExpectException.evaluate(ExpectException.java:22)
	at org.junit.internal.runners.statements.RunBefores.evaluate(RunBefores.java:28)
	at org.junit.internal.runners.statements.RunAfters.evaluate(RunAfters.java:31)
	at org.junit.runners.BlockJUnit4ClassRunner.runChild(BlockJUnit4ClassRunner.java:73)
	at org.junit.runners.BlockJUnit4ClassRunner.runChild(BlockJUnit4ClassRunner.java:46)
	at org.junit.runners.ParentRunner.runChildren(ParentRunner.java:180)
	at org.junit.runners.ParentRunner.access$000(ParentRunner.java:41)
	at org.junit.runners.ParentRunner$1.evaluate(ParentRunner.java:173)
	at org.junit.internal.runners.statements.RunBefores.evaluate(RunBefores.java:28)
	at org.junit.internal.runners.statements.RunAfters.evaluate(RunAfters.java:31)
	at org.junit.runners.ParentRunner.run(ParentRunner.java:220)
	at junit.framework.JUnit4TestAdapter.run(JUnit4TestAdapter.java:39)
	at junit.framework.TestSuite.runTest(TestSuite.java:232)
	at junit.framework.TestSuite.run(TestSuite.java:227)
	at junit.framework.TestSuite.runTest(TestSuite.java:232)
	at junit.framework.TestSuite.run(TestSuite.java:227)
	at org.apache.tools.ant.taskdefs.optional.junit.JUnitTestRunner.run(JUnitTestRunner.java:421)
	at org.apache.tools.ant.taskdefs.optional.junit.JUnitTestRunner.launch(JUnitTestRunner.java:912)
	at org.apache.tools.ant.taskdefs.optional.junit.JUnitTestRunner.main(JUnitTestRunner.java:766)

Entering method [com.cronos.onlinereview.review.payment.impl.DefaultReviewPaymentCalculator.computeReviewPayment(long projectId, double primaryPayment, double secondaryPaymentPool, ReviewerStatistics[] statistics)].
The parameters: {projectId=1, primaryPayment=120.0, secondaryPaymentPool=200.0, statistics=[com.topcoder.management.resource.ReviewerStatistics {creationUser=null, creationTimestamp=null, modificationUser=null, modificationTimestamp=null, id=0, accuracy=-1.0, coverage=-1.0, timelineReliability=-0.0010, totalEvaluationCoefficient=-1.0, reviewerId=1001, competitionTypeId=0, projectId=1, statisticsType=HISTORY, eligibilityPoints=0.0}, com.topcoder.management.resource.ReviewerStatistics {creationUser=null, creationTimestamp=null, modificationUser=null, modificationTimestamp=null, id=0, accuracy=0.85, coverage=0.61, timelineReliability=1.0, totalEvaluationCoefficient=-1.0, reviewerId=1002, competitionTypeId=0, projectId=1, statisticsType=HISTORY, eligibilityPoints=0.0}, com.topcoder.management.resource.ReviewerStatistics {creationUser=null, creationTimestamp=null, modificationUser=null, modificationTimestamp=null, id=0, accuracy=1.0, coverage=0.39, timelineReliability=0.74, totalEvaluationCoefficient=-1.0, reviewerId=1003, competitionTypeId=0, projectId=1, statisticsType=HISTORY, eligibilityPoints=0.0}]}
Error in method [com.cronos.onlinereview.review.payment.impl.DefaultReviewPaymentCalculator.computeReviewPayment(long projectId, double primaryPayment, double secondaryPaymentPool, ReviewerStatistics[] statistics)], details: InvalidReviewersStatisticsException is thrown when computing the review payments.
com.cronos.onlinereview.review.payment.InvalidReviewersStatisticsException: The timeline reliability must be in range [0, 1].
	at com.cronos.onlinereview.review.payment.impl.DefaultReviewPaymentCalculator.checkRange(DefaultReviewPaymentCalculator.java:544)
	at com.cronos.onlinereview.review.payment.impl.DefaultReviewPaymentCalculator.computeReviewPayment(DefaultReviewPaymentCalculator.java:360)
	at com.cronos.onlinereview.review.payment.impl.DefaultReviewPaymentCalculatorUnitTests.test_computeReviewPayment_TimelineReliabilityInvalid1(DefaultReviewPaymentCalculatorUnitTests.java:643)
	at sun.reflect.NativeMethodAccessorImpl.invoke0(Native Method)
	at sun.reflect.NativeMethodAccessorImpl.invoke(NativeMethodAccessorImpl.java:39)
	at sun.reflect.DelegatingMethodAccessorImpl.invoke(DelegatingMethodAccessorImpl.java:25)
	at java.lang.reflect.Method.invoke(Method.java:592)
	at org.junit.runners.model.FrameworkMethod$1.runReflectiveCall(FrameworkMethod.java:44)
	at org.junit.internal.runners.model.ReflectiveCallable.run(ReflectiveCallable.java:15)
	at org.junit.runners.model.FrameworkMethod.invokeExplosively(FrameworkMethod.java:41)
	at org.junit.internal.runners.statements.InvokeMethod.evaluate(InvokeMethod.java:20)
	at org.junit.internal.runners.statements.ExpectException.evaluate(ExpectException.java:22)
	at org.junit.internal.runners.statements.RunBefores.evaluate(RunBefores.java:28)
	at org.junit.internal.runners.statements.RunAfters.evaluate(RunAfters.java:31)
	at org.junit.runners.BlockJUnit4ClassRunner.runChild(BlockJUnit4ClassRunner.java:73)
	at org.junit.runners.BlockJUnit4ClassRunner.runChild(BlockJUnit4ClassRunner.java:46)
	at org.junit.runners.ParentRunner.runChildren(ParentRunner.java:180)
	at org.junit.runners.ParentRunner.access$000(ParentRunner.java:41)
	at org.junit.runners.ParentRunner$1.evaluate(ParentRunner.java:173)
	at org.junit.internal.runners.statements.RunBefores.evaluate(RunBefores.java:28)
	at org.junit.internal.runners.statements.RunAfters.evaluate(RunAfters.java:31)
	at org.junit.runners.ParentRunner.run(ParentRunner.java:220)
	at junit.framework.JUnit4TestAdapter.run(JUnit4TestAdapter.java:39)
	at junit.framework.TestSuite.runTest(TestSuite.java:232)
	at junit.framework.TestSuite.run(TestSuite.java:227)
	at junit.framework.TestSuite.runTest(TestSuite.java:232)
	at junit.framework.TestSuite.run(TestSuite.java:227)
	at org.apache.tools.ant.taskdefs.optional.junit.JUnitTestRunner.run(JUnitTestRunner.java:421)
	at org.apache.tools.ant.taskdefs.optional.junit.JUnitTestRunner.launch(JUnitTestRunner.java:912)
	at org.apache.tools.ant.taskdefs.optional.junit.JUnitTestRunner.main(JUnitTestRunner.java:766)

Entering method [com.cronos.onlinereview.review.payment.impl.DefaultReviewPaymentCalculator.computeReviewPayment(long projectId, double primaryPayment, double secondaryPaymentPool, ReviewerStatistics[] statistics)].
The parameters: {projectId=1, primaryPayment=120.0, secondaryPaymentPool=200.0, statistics=[com.topcoder.management.resource.ReviewerStatistics {creationUser=null, creationTimestamp=null, modificationUser=null, modificationTimestamp=null, id=0, accuracy=-1.0, coverage=-1.0, timelineReliability=1.001, totalEvaluationCoefficient=-1.0, reviewerId=1001, competitionTypeId=0, projectId=1, statisticsType=HISTORY, eligibilityPoints=0.0}, com.topcoder.management.resource.ReviewerStatistics {creationUser=null, creationTimestamp=null, modificationUser=null, modificationTimestamp=null, id=0, accuracy=0.85, coverage=0.61, timelineReliability=1.0, totalEvaluationCoefficient=-1.0, reviewerId=1002, competitionTypeId=0, projectId=1, statisticsType=HISTORY, eligibilityPoints=0.0}, com.topcoder.management.resource.ReviewerStatistics {creationUser=null, creationTimestamp=null, modificationUser=null, modificationTimestamp=null, id=0, accuracy=1.0, coverage=0.39, timelineReliability=0.74, totalEvaluationCoefficient=-1.0, reviewerId=1003, competitionTypeId=0, projectId=1, statisticsType=HISTORY, eligibilityPoints=0.0}]}
Error in method [com.cronos.onlinereview.review.payment.impl.DefaultReviewPaymentCalculator.computeReviewPayment(long projectId, double primaryPayment, double secondaryPaymentPool, ReviewerStatistics[] statistics)], details: InvalidReviewersStatisticsException is thrown when computing the review payments.
com.cronos.onlinereview.review.payment.InvalidReviewersStatisticsException: The timeline reliability must be in range [0, 1].
	at com.cronos.onlinereview.review.payment.impl.DefaultReviewPaymentCalculator.checkRange(DefaultReviewPaymentCalculator.java:544)
	at com.cronos.onlinereview.review.payment.impl.DefaultReviewPaymentCalculator.computeReviewPayment(DefaultReviewPaymentCalculator.java:360)
	at com.cronos.onlinereview.review.payment.impl.DefaultReviewPaymentCalculatorUnitTests.test_computeReviewPayment_TimelineReliabilityInvalid2(DefaultReviewPaymentCalculatorUnitTests.java:661)
	at sun.reflect.NativeMethodAccessorImpl.invoke0(Native Method)
	at sun.reflect.NativeMethodAccessorImpl.invoke(NativeMethodAccessorImpl.java:39)
	at sun.reflect.DelegatingMethodAccessorImpl.invoke(DelegatingMethodAccessorImpl.java:25)
	at java.lang.reflect.Method.invoke(Method.java:592)
	at org.junit.runners.model.FrameworkMethod$1.runReflectiveCall(FrameworkMethod.java:44)
	at org.junit.internal.runners.model.ReflectiveCallable.run(ReflectiveCallable.java:15)
	at org.junit.runners.model.FrameworkMethod.invokeExplosively(FrameworkMethod.java:41)
	at org.junit.internal.runners.statements.InvokeMethod.evaluate(InvokeMethod.java:20)
	at org.junit.internal.runners.statements.ExpectException.evaluate(ExpectException.java:22)
	at org.junit.internal.runners.statements.RunBefores.evaluate(RunBefores.java:28)
	at org.junit.internal.runners.statements.RunAfters.evaluate(RunAfters.java:31)
	at org.junit.runners.BlockJUnit4ClassRunner.runChild(BlockJUnit4ClassRunner.java:73)
	at org.junit.runners.BlockJUnit4ClassRunner.runChild(BlockJUnit4ClassRunner.java:46)
	at org.junit.runners.ParentRunner.runChildren(ParentRunner.java:180)
	at org.junit.runners.ParentRunner.access$000(ParentRunner.java:41)
	at org.junit.runners.ParentRunner$1.evaluate(ParentRunner.java:173)
	at org.junit.internal.runners.statements.RunBefores.evaluate(RunBefores.java:28)
	at org.junit.internal.runners.statements.RunAfters.evaluate(RunAfters.java:31)
	at org.junit.runners.ParentRunner.run(ParentRunner.java:220)
	at junit.framework.JUnit4TestAdapter.run(JUnit4TestAdapter.java:39)
	at junit.framework.TestSuite.runTest(TestSuite.java:232)
	at junit.framework.TestSuite.run(TestSuite.java:227)
	at junit.framework.TestSuite.runTest(TestSuite.java:232)
	at junit.framework.TestSuite.run(TestSuite.java:227)
	at org.apache.tools.ant.taskdefs.optional.junit.JUnitTestRunner.run(JUnitTestRunner.java:421)
	at org.apache.tools.ant.taskdefs.optional.junit.JUnitTestRunner.launch(JUnitTestRunner.java:912)
	at org.apache.tools.ant.taskdefs.optional.junit.JUnitTestRunner.main(JUnitTestRunner.java:766)

Entering method [com.cronos.onlinereview.review.payment.impl.DefaultReviewPaymentCalculator.computeReviewPayment(long projectId, double primaryPayment, double secondaryPaymentPool, ReviewerStatistics[] statistics)].
The parameters: {projectId=1, primaryPayment=120.0, secondaryPaymentPool=200.0, statistics=[com.topcoder.management.resource.ReviewerStatistics {creationUser=null, creationTimestamp=null, modificationUser=null, modificationTimestamp=null, id=0, accuracy=-1.0, coverage=-1.0, timelineReliability=0.85, totalEvaluationCoefficient=-1.0, reviewerId=1001, competitionTypeId=0, projectId=1, statisticsType=HISTORY, eligibilityPoints=0.0}, com.topcoder.management.resource.ReviewerStatistics {creationUser=null, creationTimestamp=null, modificationUser=null, modificationTimestamp=null, id=0, accuracy=0.85, coverage=0.61, timelineReliability=1.001, totalEvaluationCoefficient=-1.0, reviewerId=1002, competitionTypeId=0, projectId=1, statisticsType=HISTORY, eligibilityPoints=0.0}, com.topcoder.management.resource.ReviewerStatistics {creationUser=null, creationTimestamp=null, modificationUser=null, modificationTimestamp=null, id=0, accuracy=1.0, coverage=0.39, timelineReliability=0.74, totalEvaluationCoefficient=-1.0, reviewerId=1003, competitionTypeId=0, projectId=1, statisticsType=HISTORY, eligibilityPoints=0.0}]}
Error in method [com.cronos.onlinereview.review.payment.impl.DefaultReviewPaymentCalculator.computeReviewPayment(long projectId, double primaryPayment, double secondaryPaymentPool, ReviewerStatistics[] statistics)], details: InvalidReviewersStatisticsException is thrown when computing the review payments.
com.cronos.onlinereview.review.payment.InvalidReviewersStatisticsException: The timeline reliability must be in range [0, 1].
	at com.cronos.onlinereview.review.payment.impl.DefaultReviewPaymentCalculator.checkRange(DefaultReviewPaymentCalculator.java:544)
	at com.cronos.onlinereview.review.payment.impl.DefaultReviewPaymentCalculator.computeReviewPayment(DefaultReviewPaymentCalculator.java:441)
	at com.cronos.onlinereview.review.payment.impl.DefaultReviewPaymentCalculator.computeReviewPayment(DefaultReviewPaymentCalculator.java:379)
	at com.cronos.onlinereview.review.payment.impl.DefaultReviewPaymentCalculatorUnitTests.test_computeReviewPayment_TimelineReliabilityInvalid3(DefaultReviewPaymentCalculatorUnitTests.java:679)
	at sun.reflect.NativeMethodAccessorImpl.invoke0(Native Method)
	at sun.reflect.NativeMethodAccessorImpl.invoke(NativeMethodAccessorImpl.java:39)
	at sun.reflect.DelegatingMethodAccessorImpl.invoke(DelegatingMethodAccessorImpl.java:25)
	at java.lang.reflect.Method.invoke(Method.java:592)
	at org.junit.runners.model.FrameworkMethod$1.runReflectiveCall(FrameworkMethod.java:44)
	at org.junit.internal.runners.model.ReflectiveCallable.run(ReflectiveCallable.java:15)
	at org.junit.runners.model.FrameworkMethod.invokeExplosively(FrameworkMethod.java:41)
	at org.junit.internal.runners.statements.InvokeMethod.evaluate(InvokeMethod.java:20)
	at org.junit.internal.runners.statements.ExpectException.evaluate(ExpectException.java:22)
	at org.junit.internal.runners.statements.RunBefores.evaluate(RunBefores.java:28)
	at org.junit.internal.runners.statements.RunAfters.evaluate(RunAfters.java:31)
	at org.junit.runners.BlockJUnit4ClassRunner.runChild(BlockJUnit4ClassRunner.java:73)
	at org.junit.runners.BlockJUnit4ClassRunner.runChild(BlockJUnit4ClassRunner.java:46)
	at org.junit.runners.ParentRunner.runChildren(ParentRunner.java:180)
	at org.junit.runners.ParentRunner.access$000(ParentRunner.java:41)
	at org.junit.runners.ParentRunner$1.evaluate(ParentRunner.java:173)
	at org.junit.internal.runners.statements.RunBefores.evaluate(RunBefores.java:28)
	at org.junit.internal.runners.statements.RunAfters.evaluate(RunAfters.java:31)
	at org.junit.runners.ParentRunner.run(ParentRunner.java:220)
	at junit.framework.JUnit4TestAdapter.run(JUnit4TestAdapter.java:39)
	at junit.framework.TestSuite.runTest(TestSuite.java:232)
	at junit.framework.TestSuite.run(TestSuite.java:227)
	at junit.framework.TestSuite.runTest(TestSuite.java:232)
	at junit.framework.TestSuite.run(TestSuite.java:227)
	at org.apache.tools.ant.taskdefs.optional.junit.JUnitTestRunner.run(JUnitTestRunner.java:421)
	at org.apache.tools.ant.taskdefs.optional.junit.JUnitTestRunner.launch(JUnitTestRunner.java:912)
	at org.apache.tools.ant.taskdefs.optional.junit.JUnitTestRunner.main(JUnitTestRunner.java:766)

Entering method [com.cronos.onlinereview.review.payment.impl.DefaultReviewPaymentCalculator.computeReviewPayment(long projectId, double primaryPayment, double secondaryPaymentPool, ReviewerStatistics[] statistics)].
The parameters: {projectId=1, primaryPayment=120.0, secondaryPaymentPool=200.0, statistics=[com.topcoder.management.resource.ReviewerStatistics {creationUser=null, creationTimestamp=null, modificationUser=null, modificationTimestamp=null, id=0, accuracy=-1.0, coverage=-1.0, timelineReliability=0.85, totalEvaluationCoefficient=-1.0, reviewerId=1001, competitionTypeId=0, projectId=1, statisticsType=HISTORY, eligibilityPoints=0.0}, com.topcoder.management.resource.ReviewerStatistics {creationUser=null, creationTimestamp=null, modificationUser=null, modificationTimestamp=null, id=0, accuracy=0.85, coverage=-0.0010, timelineReliability=1.0, totalEvaluationCoefficient=-1.0, reviewerId=1002, competitionTypeId=0, projectId=1, statisticsType=HISTORY, eligibilityPoints=0.0}, com.topcoder.management.resource.ReviewerStatistics {creationUser=null, creationTimestamp=null, modificationUser=null, modificationTimestamp=null, id=0, accuracy=1.0, coverage=0.39, timelineReliability=0.74, totalEvaluationCoefficient=-1.0, reviewerId=1003, competitionTypeId=0, projectId=1, statisticsType=HISTORY, eligibilityPoints=0.0}]}
Error in method [com.cronos.onlinereview.review.payment.impl.DefaultReviewPaymentCalculator.computeReviewPayment(long projectId, double primaryPayment, double secondaryPaymentPool, ReviewerStatistics[] statistics)], details: InvalidReviewersStatisticsException is thrown when computing the review payments.
com.cronos.onlinereview.review.payment.InvalidReviewersStatisticsException: The coverage value must be in range [0, 1].
	at com.cronos.onlinereview.review.payment.impl.DefaultReviewPaymentCalculator.checkRange(DefaultReviewPaymentCalculator.java:544)
	at com.cronos.onlinereview.review.payment.impl.DefaultReviewPaymentCalculator.computeReviewPayment(DefaultReviewPaymentCalculator.java:441)
	at com.cronos.onlinereview.review.payment.impl.DefaultReviewPaymentCalculator.computeReviewPayment(DefaultReviewPaymentCalculator.java:379)
	at com.cronos.onlinereview.review.payment.impl.DefaultReviewPaymentCalculatorUnitTests.test_computeReviewPayment_CoverageInvalid1(DefaultReviewPaymentCalculatorUnitTests.java:697)
	at sun.reflect.NativeMethodAccessorImpl.invoke0(Native Method)
	at sun.reflect.NativeMethodAccessorImpl.invoke(NativeMethodAccessorImpl.java:39)
	at sun.reflect.DelegatingMethodAccessorImpl.invoke(DelegatingMethodAccessorImpl.java:25)
	at java.lang.reflect.Method.invoke(Method.java:592)
	at org.junit.runners.model.FrameworkMethod$1.runReflectiveCall(FrameworkMethod.java:44)
	at org.junit.internal.runners.model.ReflectiveCallable.run(ReflectiveCallable.java:15)
	at org.junit.runners.model.FrameworkMethod.invokeExplosively(FrameworkMethod.java:41)
	at org.junit.internal.runners.statements.InvokeMethod.evaluate(InvokeMethod.java:20)
	at org.junit.internal.runners.statements.ExpectException.evaluate(ExpectException.java:22)
	at org.junit.internal.runners.statements.RunBefores.evaluate(RunBefores.java:28)
	at org.junit.internal.runners.statements.RunAfters.evaluate(RunAfters.java:31)
	at org.junit.runners.BlockJUnit4ClassRunner.runChild(BlockJUnit4ClassRunner.java:73)
	at org.junit.runners.BlockJUnit4ClassRunner.runChild(BlockJUnit4ClassRunner.java:46)
	at org.junit.runners.ParentRunner.runChildren(ParentRunner.java:180)
	at org.junit.runners.ParentRunner.access$000(ParentRunner.java:41)
	at org.junit.runners.ParentRunner$1.evaluate(ParentRunner.java:173)
	at org.junit.internal.runners.statements.RunBefores.evaluate(RunBefores.java:28)
	at org.junit.internal.runners.statements.RunAfters.evaluate(RunAfters.java:31)
	at org.junit.runners.ParentRunner.run(ParentRunner.java:220)
	at junit.framework.JUnit4TestAdapter.run(JUnit4TestAdapter.java:39)
	at junit.framework.TestSuite.runTest(TestSuite.java:232)
	at junit.framework.TestSuite.run(TestSuite.java:227)
	at junit.framework.TestSuite.runTest(TestSuite.java:232)
	at junit.framework.TestSuite.run(TestSuite.java:227)
	at org.apache.tools.ant.taskdefs.optional.junit.JUnitTestRunner.run(JUnitTestRunner.java:421)
	at org.apache.tools.ant.taskdefs.optional.junit.JUnitTestRunner.launch(JUnitTestRunner.java:912)
	at org.apache.tools.ant.taskdefs.optional.junit.JUnitTestRunner.main(JUnitTestRunner.java:766)

Entering method [com.cronos.onlinereview.review.payment.impl.DefaultReviewPaymentCalculator.computeReviewPayment(long projectId, double primaryPayment, double secondaryPaymentPool, ReviewerStatistics[] statistics)].
The parameters: {projectId=1, primaryPayment=120.0, secondaryPaymentPool=200.0, statistics=[com.topcoder.management.resource.ReviewerStatistics {creationUser=null, creationTimestamp=null, modificationUser=null, modificationTimestamp=null, id=0, accuracy=-1.0, coverage=-1.0, timelineReliability=0.85, totalEvaluationCoefficient=-1.0, reviewerId=1001, competitionTypeId=0, projectId=1, statisticsType=HISTORY, eligibilityPoints=0.0}, com.topcoder.management.resource.ReviewerStatistics {creationUser=null, creationTimestamp=null, modificationUser=null, modificationTimestamp=null, id=0, accuracy=0.85, coverage=1.001, timelineReliability=1.0, totalEvaluationCoefficient=-1.0, reviewerId=1002, competitionTypeId=0, projectId=1, statisticsType=HISTORY, eligibilityPoints=0.0}, com.topcoder.management.resource.ReviewerStatistics {creationUser=null, creationTimestamp=null, modificationUser=null, modificationTimestamp=null, id=0, accuracy=1.0, coverage=0.39, timelineReliability=0.74, totalEvaluationCoefficient=-1.0, reviewerId=1003, competitionTypeId=0, projectId=1, statisticsType=HISTORY, eligibilityPoints=0.0}]}
Error in method [com.cronos.onlinereview.review.payment.impl.DefaultReviewPaymentCalculator.computeReviewPayment(long projectId, double primaryPayment, double secondaryPaymentPool, ReviewerStatistics[] statistics)], details: InvalidReviewersStatisticsException is thrown when computing the review payments.
com.cronos.onlinereview.review.payment.InvalidReviewersStatisticsException: The coverage value must be in range [0, 1].
	at com.cronos.onlinereview.review.payment.impl.DefaultReviewPaymentCalculator.checkRange(DefaultReviewPaymentCalculator.java:544)
	at com.cronos.onlinereview.review.payment.impl.DefaultReviewPaymentCalculator.computeReviewPayment(DefaultReviewPaymentCalculator.java:441)
	at com.cronos.onlinereview.review.payment.impl.DefaultReviewPaymentCalculator.computeReviewPayment(DefaultReviewPaymentCalculator.java:379)
	at com.cronos.onlinereview.review.payment.impl.DefaultReviewPaymentCalculatorUnitTests.test_computeReviewPayment_CoverageInvalid2(DefaultReviewPaymentCalculatorUnitTests.java:715)
	at sun.reflect.NativeMethodAccessorImpl.invoke0(Native Method)
	at sun.reflect.NativeMethodAccessorImpl.invoke(NativeMethodAccessorImpl.java:39)
	at sun.reflect.DelegatingMethodAccessorImpl.invoke(DelegatingMethodAccessorImpl.java:25)
	at java.lang.reflect.Method.invoke(Method.java:592)
	at org.junit.runners.model.FrameworkMethod$1.runReflectiveCall(FrameworkMethod.java:44)
	at org.junit.internal.runners.model.ReflectiveCallable.run(ReflectiveCallable.java:15)
	at org.junit.runners.model.FrameworkMethod.invokeExplosively(FrameworkMethod.java:41)
	at org.junit.internal.runners.statements.InvokeMethod.evaluate(InvokeMethod.java:20)
	at org.junit.internal.runners.statements.ExpectException.evaluate(ExpectException.java:22)
	at org.junit.internal.runners.statements.RunBefores.evaluate(RunBefores.java:28)
	at org.junit.internal.runners.statements.RunAfters.evaluate(RunAfters.java:31)
	at org.junit.runners.BlockJUnit4ClassRunner.runChild(BlockJUnit4ClassRunner.java:73)
	at org.junit.runners.BlockJUnit4ClassRunner.runChild(BlockJUnit4ClassRunner.java:46)
	at org.junit.runners.ParentRunner.runChildren(ParentRunner.java:180)
	at org.junit.runners.ParentRunner.access$000(ParentRunner.java:41)
	at org.junit.runners.ParentRunner$1.evaluate(ParentRunner.java:173)
	at org.junit.internal.runners.statements.RunBefores.evaluate(RunBefores.java:28)
	at org.junit.internal.runners.statements.RunAfters.evaluate(RunAfters.java:31)
	at org.junit.runners.ParentRunner.run(ParentRunner.java:220)
	at junit.framework.JUnit4TestAdapter.run(JUnit4TestAdapter.java:39)
	at junit.framework.TestSuite.runTest(TestSuite.java:232)
	at junit.framework.TestSuite.run(TestSuite.java:227)
	at junit.framework.TestSuite.runTest(TestSuite.java:232)
	at junit.framework.TestSuite.run(TestSuite.java:227)
	at org.apache.tools.ant.taskdefs.optional.junit.JUnitTestRunner.run(JUnitTestRunner.java:421)
	at org.apache.tools.ant.taskdefs.optional.junit.JUnitTestRunner.launch(JUnitTestRunner.java:912)
	at org.apache.tools.ant.taskdefs.optional.junit.JUnitTestRunner.main(JUnitTestRunner.java:766)

Entering method [com.cronos.onlinereview.review.payment.impl.DefaultReviewPaymentCalculator.computeReviewPayment(long projectId, double primaryPayment, double secondaryPaymentPool, ReviewerStatistics[] statistics)].
The parameters: {projectId=1, primaryPayment=120.0, secondaryPaymentPool=200.0, statistics=[com.topcoder.management.resource.ReviewerStatistics {creationUser=null, creationTimestamp=null, modificationUser=null, modificationTimestamp=null, id=0, accuracy=-1.0, coverage=-1.0, timelineReliability=0.85, totalEvaluationCoefficient=-1.0, reviewerId=1001, competitionTypeId=0, projectId=1, statisticsType=HISTORY, eligibilityPoints=0.0}, com.topcoder.management.resource.ReviewerStatistics {creationUser=null, creationTimestamp=null, modificationUser=null, modificationTimestamp=null, id=0, accuracy=-0.0010, coverage=0.61, timelineReliability=1.0, totalEvaluationCoefficient=-1.0, reviewerId=1002, competitionTypeId=0, projectId=1, statisticsType=HISTORY, eligibilityPoints=0.0}, com.topcoder.management.resource.ReviewerStatistics {creationUser=null, creationTimestamp=null, modificationUser=null, modificationTimestamp=null, id=0, accuracy=1.0, coverage=0.39, timelineReliability=0.74, totalEvaluationCoefficient=-1.0, reviewerId=1003, competitionTypeId=0, projectId=1, statisticsType=HISTORY, eligibilityPoints=0.0}]}
Error in method [com.cronos.onlinereview.review.payment.impl.DefaultReviewPaymentCalculator.computeReviewPayment(long projectId, double primaryPayment, double secondaryPaymentPool, ReviewerStatistics[] statistics)], details: InvalidReviewersStatisticsException is thrown when computing the review payments.
com.cronos.onlinereview.review.payment.InvalidReviewersStatisticsException: The accuracy value must be in range [0, 1].
	at com.cronos.onlinereview.review.payment.impl.DefaultReviewPaymentCalculator.checkRange(DefaultReviewPaymentCalculator.java:544)
	at com.cronos.onlinereview.review.payment.impl.DefaultReviewPaymentCalculator.computeReviewPayment(DefaultReviewPaymentCalculator.java:441)
	at com.cronos.onlinereview.review.payment.impl.DefaultReviewPaymentCalculator.computeReviewPayment(DefaultReviewPaymentCalculator.java:379)
	at com.cronos.onlinereview.review.payment.impl.DefaultReviewPaymentCalculatorUnitTests.test_computeReviewPayment_AccuracyInvalid1(DefaultReviewPaymentCalculatorUnitTests.java:733)
	at sun.reflect.NativeMethodAccessorImpl.invoke0(Native Method)
	at sun.reflect.NativeMethodAccessorImpl.invoke(NativeMethodAccessorImpl.java:39)
	at sun.reflect.DelegatingMethodAccessorImpl.invoke(DelegatingMethodAccessorImpl.java:25)
	at java.lang.reflect.Method.invoke(Method.java:592)
	at org.junit.runners.model.FrameworkMethod$1.runReflectiveCall(FrameworkMethod.java:44)
	at org.junit.internal.runners.model.ReflectiveCallable.run(ReflectiveCallable.java:15)
	at org.junit.runners.model.FrameworkMethod.invokeExplosively(FrameworkMethod.java:41)
	at org.junit.internal.runners.statements.InvokeMethod.evaluate(InvokeMethod.java:20)
	at org.junit.internal.runners.statements.ExpectException.evaluate(ExpectException.java:22)
	at org.junit.internal.runners.statements.RunBefores.evaluate(RunBefores.java:28)
	at org.junit.internal.runners.statements.RunAfters.evaluate(RunAfters.java:31)
	at org.junit.runners.BlockJUnit4ClassRunner.runChild(BlockJUnit4ClassRunner.java:73)
	at org.junit.runners.BlockJUnit4ClassRunner.runChild(BlockJUnit4ClassRunner.java:46)
	at org.junit.runners.ParentRunner.runChildren(ParentRunner.java:180)
	at org.junit.runners.ParentRunner.access$000(ParentRunner.java:41)
	at org.junit.runners.ParentRunner$1.evaluate(ParentRunner.java:173)
	at org.junit.internal.runners.statements.RunBefores.evaluate(RunBefores.java:28)
	at org.junit.internal.runners.statements.RunAfters.evaluate(RunAfters.java:31)
	at org.junit.runners.ParentRunner.run(ParentRunner.java:220)
	at junit.framework.JUnit4TestAdapter.run(JUnit4TestAdapter.java:39)
	at junit.framework.TestSuite.runTest(TestSuite.java:232)
	at junit.framework.TestSuite.run(TestSuite.java:227)
	at junit.framework.TestSuite.runTest(TestSuite.java:232)
	at junit.framework.TestSuite.run(TestSuite.java:227)
	at org.apache.tools.ant.taskdefs.optional.junit.JUnitTestRunner.run(JUnitTestRunner.java:421)
	at org.apache.tools.ant.taskdefs.optional.junit.JUnitTestRunner.launch(JUnitTestRunner.java:912)
	at org.apache.tools.ant.taskdefs.optional.junit.JUnitTestRunner.main(JUnitTestRunner.java:766)

Entering method [com.cronos.onlinereview.review.payment.impl.DefaultReviewPaymentCalculator.computeReviewPayment(long projectId, double primaryPayment, double secondaryPaymentPool, ReviewerStatistics[] statistics)].
The parameters: {projectId=1, primaryPayment=120.0, secondaryPaymentPool=200.0, statistics=[com.topcoder.management.resource.ReviewerStatistics {creationUser=null, creationTimestamp=null, modificationUser=null, modificationTimestamp=null, id=0, accuracy=-1.0, coverage=-1.0, timelineReliability=0.85, totalEvaluationCoefficient=-1.0, reviewerId=1001, competitionTypeId=0, projectId=1, statisticsType=HISTORY, eligibilityPoints=0.0}, com.topcoder.management.resource.ReviewerStatistics {creationUser=null, creationTimestamp=null, modificationUser=null, modificationTimestamp=null, id=0, accuracy=1.001, coverage=0.61, timelineReliability=1.0, totalEvaluationCoefficient=-1.0, reviewerId=1002, competitionTypeId=0, projectId=1, statisticsType=HISTORY, eligibilityPoints=0.0}, com.topcoder.management.resource.ReviewerStatistics {creationUser=null, creationTimestamp=null, modificationUser=null, modificationTimestamp=null, id=0, accuracy=1.0, coverage=0.39, timelineReliability=0.74, totalEvaluationCoefficient=-1.0, reviewerId=1003, competitionTypeId=0, projectId=1, statisticsType=HISTORY, eligibilityPoints=0.0}]}
Error in method [com.cronos.onlinereview.review.payment.impl.DefaultReviewPaymentCalculator.computeReviewPayment(long projectId, double primaryPayment, double secondaryPaymentPool, ReviewerStatistics[] statistics)], details: InvalidReviewersStatisticsException is thrown when computing the review payments.
com.cronos.onlinereview.review.payment.InvalidReviewersStatisticsException: The accuracy value must be in range [0, 1].
	at com.cronos.onlinereview.review.payment.impl.DefaultReviewPaymentCalculator.checkRange(DefaultReviewPaymentCalculator.java:544)
	at com.cronos.onlinereview.review.payment.impl.DefaultReviewPaymentCalculator.computeReviewPayment(DefaultReviewPaymentCalculator.java:441)
	at com.cronos.onlinereview.review.payment.impl.DefaultReviewPaymentCalculator.computeReviewPayment(DefaultReviewPaymentCalculator.java:379)
	at com.cronos.onlinereview.review.payment.impl.DefaultReviewPaymentCalculatorUnitTests.test_computeReviewPayment_AccuracyInvalid2(DefaultReviewPaymentCalculatorUnitTests.java:751)
	at sun.reflect.NativeMethodAccessorImpl.invoke0(Native Method)
	at sun.reflect.NativeMethodAccessorImpl.invoke(NativeMethodAccessorImpl.java:39)
	at sun.reflect.DelegatingMethodAccessorImpl.invoke(DelegatingMethodAccessorImpl.java:25)
	at java.lang.reflect.Method.invoke(Method.java:592)
	at org.junit.runners.model.FrameworkMethod$1.runReflectiveCall(FrameworkMethod.java:44)
	at org.junit.internal.runners.model.ReflectiveCallable.run(ReflectiveCallable.java:15)
	at org.junit.runners.model.FrameworkMethod.invokeExplosively(FrameworkMethod.java:41)
	at org.junit.internal.runners.statements.InvokeMethod.evaluate(InvokeMethod.java:20)
	at org.junit.internal.runners.statements.ExpectException.evaluate(ExpectException.java:22)
	at org.junit.internal.runners.statements.RunBefores.evaluate(RunBefores.java:28)
	at org.junit.internal.runners.statements.RunAfters.evaluate(RunAfters.java:31)
	at org.junit.runners.BlockJUnit4ClassRunner.runChild(BlockJUnit4ClassRunner.java:73)
	at org.junit.runners.BlockJUnit4ClassRunner.runChild(BlockJUnit4ClassRunner.java:46)
	at org.junit.runners.ParentRunner.runChildren(ParentRunner.java:180)
	at org.junit.runners.ParentRunner.access$000(ParentRunner.java:41)
	at org.junit.runners.ParentRunner$1.evaluate(ParentRunner.java:173)
	at org.junit.internal.runners.statements.RunBefores.evaluate(RunBefores.java:28)
	at org.junit.internal.runners.statements.RunAfters.evaluate(RunAfters.java:31)
	at org.junit.runners.ParentRunner.run(ParentRunner.java:220)
	at junit.framework.JUnit4TestAdapter.run(JUnit4TestAdapter.java:39)
	at junit.framework.TestSuite.runTest(TestSuite.java:232)
	at junit.framework.TestSuite.run(TestSuite.java:227)
	at junit.framework.TestSuite.runTest(TestSuite.java:232)
	at junit.framework.TestSuite.run(TestSuite.java:227)
	at org.apache.tools.ant.taskdefs.optional.junit.JUnitTestRunner.run(JUnitTestRunner.java:421)
	at org.apache.tools.ant.taskdefs.optional.junit.JUnitTestRunner.launch(JUnitTestRunner.java:912)
	at org.apache.tools.ant.taskdefs.optional.junit.JUnitTestRunner.main(JUnitTestRunner.java:766)

Entering method [com.cronos.onlinereview.review.payment.impl.DefaultReviewPaymentCalculator.computeReviewPayment(long projectId, double primaryPayment, double secondaryPaymentPool, ReviewerStatistics[] statistics)].
The parameters: {projectId=1, primaryPayment=120.0, secondaryPaymentPool=200.0, statistics=[com.topcoder.management.resource.ReviewerStatistics {creationUser=null, creationTimestamp=null, modificationUser=null, modificationTimestamp=null, id=0, accuracy=-1.0, coverage=-1.0, timelineReliability=0.85, totalEvaluationCoefficient=-1.0, reviewerId=1001, competitionTypeId=0, projectId=1, statisticsType=HISTORY, eligibilityPoints=0.0}, com.topcoder.management.resource.ReviewerStatistics {creationUser=null, creationTimestamp=null, modificationUser=null, modificationTimestamp=null, id=0, accuracy=0.85, coverage=0.61, timelineReliability=1.0, totalEvaluationCoefficient=-0.0010, reviewerId=1002, competitionTypeId=0, projectId=1, statisticsType=HISTORY, eligibilityPoints=0.0}, com.topcoder.management.resource.ReviewerStatistics {creationUser=null, creationTimestamp=null, modificationUser=null, modificationTimestamp=null, id=0, accuracy=1.0, coverage=0.39, timelineReliability=0.74, totalEvaluationCoefficient=-1.0, reviewerId=1003, competitionTypeId=0, projectId=1, statisticsType=HISTORY, eligibilityPoints=0.0}]}
Error in method [com.cronos.onlinereview.review.payment.impl.DefaultReviewPaymentCalculator.computeReviewPayment(long projectId, double primaryPayment, double secondaryPaymentPool, ReviewerStatistics[] statistics)], details: InvalidReviewersStatisticsException is thrown when computing the review payments.
com.cronos.onlinereview.review.payment.InvalidReviewersStatisticsException: The calculated total evaluation coefficient must be in range [0, 1].
	at com.cronos.onlinereview.review.payment.impl.DefaultReviewPaymentCalculator.checkRange(DefaultReviewPaymentCalculator.java:544)
	at com.cronos.onlinereview.review.payment.impl.DefaultReviewPaymentCalculator.computeReviewPayment(DefaultReviewPaymentCalculator.java:446)
	at com.cronos.onlinereview.review.payment.impl.DefaultReviewPaymentCalculator.computeReviewPayment(DefaultReviewPaymentCalculator.java:379)
	at com.cronos.onlinereview.review.payment.impl.DefaultReviewPaymentCalculatorUnitTests.test_computeReviewPayment_TotalEvaluationCoefficientInvalid1(DefaultReviewPaymentCalculatorUnitTests.java:769)
	at sun.reflect.NativeMethodAccessorImpl.invoke0(Native Method)
	at sun.reflect.NativeMethodAccessorImpl.invoke(NativeMethodAccessorImpl.java:39)
	at sun.reflect.DelegatingMethodAccessorImpl.invoke(DelegatingMethodAccessorImpl.java:25)
	at java.lang.reflect.Method.invoke(Method.java:592)
	at org.junit.runners.model.FrameworkMethod$1.runReflectiveCall(FrameworkMethod.java:44)
	at org.junit.internal.runners.model.ReflectiveCallable.run(ReflectiveCallable.java:15)
	at org.junit.runners.model.FrameworkMethod.invokeExplosively(FrameworkMethod.java:41)
	at org.junit.internal.runners.statements.InvokeMethod.evaluate(InvokeMethod.java:20)
	at org.junit.internal.runners.statements.ExpectException.evaluate(ExpectException.java:22)
	at org.junit.internal.runners.statements.RunBefores.evaluate(RunBefores.java:28)
	at org.junit.internal.runners.statements.RunAfters.evaluate(RunAfters.java:31)
	at org.junit.runners.BlockJUnit4ClassRunner.runChild(BlockJUnit4ClassRunner.java:73)
	at org.junit.runners.BlockJUnit4ClassRunner.runChild(BlockJUnit4ClassRunner.java:46)
	at org.junit.runners.ParentRunner.runChildren(ParentRunner.java:180)
	at org.junit.runners.ParentRunner.access$000(ParentRunner.java:41)
	at org.junit.runners.ParentRunner$1.evaluate(ParentRunner.java:173)
	at org.junit.internal.runners.statements.RunBefores.evaluate(RunBefores.java:28)
	at org.junit.internal.runners.statements.RunAfters.evaluate(RunAfters.java:31)
	at org.junit.runners.ParentRunner.run(ParentRunner.java:220)
	at junit.framework.JUnit4TestAdapter.run(JUnit4TestAdapter.java:39)
	at junit.framework.TestSuite.runTest(TestSuite.java:232)
	at junit.framework.TestSuite.run(TestSuite.java:227)
	at junit.framework.TestSuite.runTest(TestSuite.java:232)
	at junit.framework.TestSuite.run(TestSuite.java:227)
	at org.apache.tools.ant.taskdefs.optional.junit.JUnitTestRunner.run(JUnitTestRunner.java:421)
	at org.apache.tools.ant.taskdefs.optional.junit.JUnitTestRunner.launch(JUnitTestRunner.java:912)
	at org.apache.tools.ant.taskdefs.optional.junit.JUnitTestRunner.main(JUnitTestRunner.java:766)

Entering method [com.cronos.onlinereview.review.payment.impl.DefaultReviewPaymentCalculator.computeReviewPayment(long projectId, double primaryPayment, double secondaryPaymentPool, ReviewerStatistics[] statistics)].
The parameters: {projectId=1, primaryPayment=120.0, secondaryPaymentPool=200.0, statistics=[com.topcoder.management.resource.ReviewerStatistics {creationUser=null, creationTimestamp=null, modificationUser=null, modificationTimestamp=null, id=0, accuracy=-1.0, coverage=-1.0, timelineReliability=0.85, totalEvaluationCoefficient=-1.0, reviewerId=1001, competitionTypeId=0, projectId=1, statisticsType=HISTORY, eligibilityPoints=0.0}, com.topcoder.management.resource.ReviewerStatistics {creationUser=null, creationTimestamp=null, modificationUser=null, modificationTimestamp=null, id=0, accuracy=0.85, coverage=0.61, timelineReliability=1.0, totalEvaluationCoefficient=1.001, reviewerId=1002, competitionTypeId=0, projectId=1, statisticsType=HISTORY, eligibilityPoints=0.0}, com.topcoder.management.resource.ReviewerStatistics {creationUser=null, creationTimestamp=null, modificationUser=null, modificationTimestamp=null, id=0, accuracy=1.0, coverage=0.39, timelineReliability=0.74, totalEvaluationCoefficient=-1.0, reviewerId=1003, competitionTypeId=0, projectId=1, statisticsType=HISTORY, eligibilityPoints=0.0}]}
Error in method [com.cronos.onlinereview.review.payment.impl.DefaultReviewPaymentCalculator.computeReviewPayment(long projectId, double primaryPayment, double secondaryPaymentPool, ReviewerStatistics[] statistics)], details: InvalidReviewersStatisticsException is thrown when computing the review payments.
com.cronos.onlinereview.review.payment.InvalidReviewersStatisticsException: The calculated total evaluation coefficient must be in range [0, 1].
	at com.cronos.onlinereview.review.payment.impl.DefaultReviewPaymentCalculator.checkRange(DefaultReviewPaymentCalculator.java:544)
	at com.cronos.onlinereview.review.payment.impl.DefaultReviewPaymentCalculator.computeReviewPayment(DefaultReviewPaymentCalculator.java:446)
	at com.cronos.onlinereview.review.payment.impl.DefaultReviewPaymentCalculator.computeReviewPayment(DefaultReviewPaymentCalculator.java:379)
	at com.cronos.onlinereview.review.payment.impl.DefaultReviewPaymentCalculatorUnitTests.test_computeReviewPayment_TotalEvaluationCoefficientInvalid2(DefaultReviewPaymentCalculatorUnitTests.java:787)
	at sun.reflect.NativeMethodAccessorImpl.invoke0(Native Method)
	at sun.reflect.NativeMethodAccessorImpl.invoke(NativeMethodAccessorImpl.java:39)
	at sun.reflect.DelegatingMethodAccessorImpl.invoke(DelegatingMethodAccessorImpl.java:25)
	at java.lang.reflect.Method.invoke(Method.java:592)
	at org.junit.runners.model.FrameworkMethod$1.runReflectiveCall(FrameworkMethod.java:44)
	at org.junit.internal.runners.model.ReflectiveCallable.run(ReflectiveCallable.java:15)
	at org.junit.runners.model.FrameworkMethod.invokeExplosively(FrameworkMethod.java:41)
	at org.junit.internal.runners.statements.InvokeMethod.evaluate(InvokeMethod.java:20)
	at org.junit.internal.runners.statements.ExpectException.evaluate(ExpectException.java:22)
	at org.junit.internal.runners.statements.RunBefores.evaluate(RunBefores.java:28)
	at org.junit.internal.runners.statements.RunAfters.evaluate(RunAfters.java:31)
	at org.junit.runners.BlockJUnit4ClassRunner.runChild(BlockJUnit4ClassRunner.java:73)
	at org.junit.runners.BlockJUnit4ClassRunner.runChild(BlockJUnit4ClassRunner.java:46)
	at org.junit.runners.ParentRunner.runChildren(ParentRunner.java:180)
	at org.junit.runners.ParentRunner.access$000(ParentRunner.java:41)
	at org.junit.runners.ParentRunner$1.evaluate(ParentRunner.java:173)
	at org.junit.internal.runners.statements.RunBefores.evaluate(RunBefores.java:28)
	at org.junit.internal.runners.statements.RunAfters.evaluate(RunAfters.java:31)
	at org.junit.runners.ParentRunner.run(ParentRunner.java:220)
	at junit.framework.JUnit4TestAdapter.run(JUnit4TestAdapter.java:39)
	at junit.framework.TestSuite.runTest(TestSuite.java:232)
	at junit.framework.TestSuite.run(TestSuite.java:227)
	at junit.framework.TestSuite.runTest(TestSuite.java:232)
	at junit.framework.TestSuite.run(TestSuite.java:227)
	at org.apache.tools.ant.taskdefs.optional.junit.JUnitTestRunner.run(JUnitTestRunner.java:421)
	at org.apache.tools.ant.taskdefs.optional.junit.JUnitTestRunner.launch(JUnitTestRunner.java:912)
	at org.apache.tools.ant.taskdefs.optional.junit.JUnitTestRunner.main(JUnitTestRunner.java:766)

Entering method [com.cronos.onlinereview.review.payment.impl.DefaultReviewPaymentCalculator.computeReviewPayment(long projectId, double primaryPayment, double secondaryPaymentPool, ReviewerStatistics[] statistics)].
The parameters: {projectId=1, primaryPayment=120.0, secondaryPaymentPool=200.0, statistics=[com.topcoder.management.resource.ReviewerStatistics {creationUser=null, creationTimestamp=null, modificationUser=null, modificationTimestamp=null, id=0, accuracy=-1.0, coverage=-1.0, timelineReliability=0.85, totalEvaluationCoefficient=0.0, reviewerId=1001, competitionTypeId=0, projectId=1, statisticsType=HISTORY, eligibilityPoints=0.0}, com.topcoder.management.resource.ReviewerStatistics {creationUser=null, creationTimestamp=null, modificationUser=null, modificationTimestamp=null, id=0, accuracy=0.85, coverage=0.61, timelineReliability=1.0, totalEvaluationCoefficient=-1.0, reviewerId=1002, competitionTypeId=0, projectId=1, statisticsType=HISTORY, eligibilityPoints=0.0}, com.topcoder.management.resource.ReviewerStatistics {creationUser=null, creationTimestamp=null, modificationUser=null, modificationTimestamp=null, id=0, accuracy=1.0, coverage=0.39, timelineReliability=0.74, totalEvaluationCoefficient=-1.0, reviewerId=1003, competitionTypeId=0, projectId=1, statisticsType=HISTORY, eligibilityPoints=0.0}]}
Exiting method [com.cronos.onlinereview.review.payment.impl.DefaultReviewPaymentCalculator.computeReviewPayment(long projectId, double primaryPayment, double secondaryPaymentPool, ReviewerStatistics[] statistics)], time spent in the method: 0 milliseconds.
The return value: [com.cronos.onlinereview.review.payment.ReviewerPayment {reviewerId=1001, projectId=1, paymentAmount=102.0}, com.cronos.onlinereview.review.payment.ReviewerPayment {reviewerId=1002, projectId=1, paymentAmount=142.7877586420518}, com.cronos.onlinereview.review.payment.ReviewerPayment {reviewerId=1003, projectId=1, paymentAmount=57.212241357948216}]
Entering method [com.cronos.onlinereview.review.payment.impl.DefaultReviewPaymentCalculator.computeReviewPayment(long projectId, double primaryPayment, double secondaryPaymentPool, ReviewerStatistics[] statistics)].
The parameters: {projectId=1, primaryPayment=120.0, secondaryPaymentPool=200.0, statistics=[com.topcoder.management.resource.ReviewerStatistics {creationUser=null, creationTimestamp=null, modificationUser=null, modificationTimestamp=null, id=0, accuracy=-1.0, coverage=-1.0, timelineReliability=0.85, totalEvaluationCoefficient=0.0, reviewerId=1001, competitionTypeId=0, projectId=1, statisticsType=HISTORY, eligibilityPoints=0.0}, com.topcoder.management.resource.ReviewerStatistics {creationUser=null, creationTimestamp=null, modificationUser=null, modificationTimestamp=null, id=0, accuracy=0.85, coverage=0.61, timelineReliability=1.0, totalEvaluationCoefficient=-1.0, reviewerId=1002, competitionTypeId=0, projectId=1, statisticsType=HISTORY, eligibilityPoints=0.0}, com.topcoder.management.resource.ReviewerStatistics {creationUser=null, creationTimestamp=null, modificationUser=null, modificationTimestamp=null, id=0, accuracy=1.0, coverage=0.39, timelineReliability=0.74, totalEvaluationCoefficient=-1.0, reviewerId=1003, competitionTypeId=0, projectId=1, statisticsType=HISTORY, eligibilityPoints=0.0}]}
Exiting method [com.cronos.onlinereview.review.payment.impl.DefaultReviewPaymentCalculator.computeReviewPayment(long projectId, double primaryPayment, double secondaryPaymentPool, ReviewerStatistics[] statistics)], time spent in the method: 0 milliseconds.
The return value: [com.cronos.onlinereview.review.payment.ReviewerPayment {reviewerId=1001, projectId=1, paymentAmount=102.0}, com.cronos.onlinereview.review.payment.ReviewerPayment {reviewerId=1002, projectId=1, paymentAmount=142.7877586420518}, com.cronos.onlinereview.review.payment.ReviewerPayment {reviewerId=1003, projectId=1, paymentAmount=57.212241357948216}]
Entering method [com.cronos.onlinereview.review.payment.impl.DefaultReviewPaymentCalculator.computeReviewPayment(long projectId, double primaryPayment, double secondaryPaymentPool, ReviewerStatistics[] statistics)].
The parameters: {projectId=1, primaryPayment=120.0, secondaryPaymentPool=200.0, statistics=[com.topcoder.management.resource.ReviewerStatistics {creationUser=null, creationTimestamp=null, modificationUser=null, modificationTimestamp=null, id=0, accuracy=-1.0, coverage=-1.0, timelineReliability=0.85, totalEvaluationCoefficient=0.0, reviewerId=1001, competitionTypeId=0, projectId=1, statisticsType=HISTORY, eligibilityPoints=0.0}, com.topcoder.management.resource.ReviewerStatistics {creationUser=null, creationTimestamp=null, modificationUser=null, modificationTimestamp=null, id=0, accuracy=0.85, coverage=0.61, timelineReliability=1.0, totalEvaluationCoefficient=-1.0, reviewerId=1002, competitionTypeId=0, projectId=1, statisticsType=HISTORY, eligibilityPoints=0.0}, com.topcoder.management.resource.ReviewerStatistics {creationUser=null, creationTimestamp=null, modificationUser=null, modificationTimestamp=null, id=0, accuracy=1.0, coverage=0.39, timelineReliability=0.74, totalEvaluationCoefficient=-1.0, reviewerId=1003, competitionTypeId=0, projectId=1, statisticsType=HISTORY, eligibilityPoints=0.0}]}
Exiting method [com.cronos.onlinereview.review.payment.impl.DefaultReviewPaymentCalculator.computeReviewPayment(long projectId, double primaryPayment, double secondaryPaymentPool, ReviewerStatistics[] statistics)], time spent in the method: 0 milliseconds.
The return value: [com.cronos.onlinereview.review.payment.ReviewerPayment {reviewerId=1001, projectId=1, paymentAmount=102.0}, com.cronos.onlinereview.review.payment.ReviewerPayment {reviewerId=1002, projectId=1, paymentAmount=142.7877586420518}, com.cronos.onlinereview.review.payment.ReviewerPayment {reviewerId=1003, projectId=1, paymentAmount=57.212241357948216}]
Entering method [com.cronos.onlinereview.review.payment.impl.DefaultReviewPaymentCalculator.computeReviewPayment(long projectId, double primaryPayment, double secondaryPaymentPool, ReviewerStatistics[] statistics)].
The parameters: {projectId=0, primaryPayment=300.0, secondaryPaymentPool=400.0, statistics=[com.topcoder.management.resource.ReviewerStatistics {creationUser=null, creationTimestamp=null, modificationUser=null, modificationTimestamp=null, id=0, accuracy=-1.0, coverage=-1.0, timelineReliability=0.9, totalEvaluationCoefficient=-1.0, reviewerId=3001, competitionTypeId=0, projectId=100, statisticsType=HISTORY, eligibilityPoints=0.0}, com.topcoder.management.resource.ReviewerStatistics {creationUser=null, creationTimestamp=null, modificationUser=null, modificationTimestamp=null, id=0, accuracy=0.8, coverage=0.9, timelineReliability=0.91, totalEvaluationCoefficient=-1.0, reviewerId=3002, competitionTypeId=0, projectId=100, statisticsType=HISTORY, eligibilityPoints=0.0}, com.topcoder.management.resource.ReviewerStatistics {creationUser=null, creationTimestamp=null, modificationUser=null, modificationTimestamp=null, id=0, accuracy=0.7, coverage=0.6, timelineReliability=0.92, totalEvaluationCoefficient=-1.0, reviewerId=3003, competitionTypeId=0, projectId=100, statisticsType=HISTORY, eligibilityPoints=0.0}]}
Error in method [com.cronos.onlinereview.review.payment.impl.DefaultReviewPaymentCalculator.computeReviewPayment(long projectId, double primaryPayment, double secondaryPaymentPool, ReviewerStatistics[] statistics)], details: IllegalArgumentException is thrown.
java.lang.IllegalArgumentException: 'projectId' should be a positive number.
	at com.cronos.onlinereview.review.payment.impl.DefaultReviewPaymentCalculator.checkPositive(DefaultReviewPaymentCalculator.java:504)
	at com.cronos.onlinereview.review.payment.impl.DefaultReviewPaymentCalculator.computeReviewPayment(DefaultReviewPaymentCalculator.java:331)
	at com.cronos.onlinereview.review.payment.failuretests.DefaultReviewPaymentCalculatorFailureTest.test_computeReviewPayment1(DefaultReviewPaymentCalculatorFailureTest.java:150)
	at sun.reflect.NativeMethodAccessorImpl.invoke0(Native Method)
	at sun.reflect.NativeMethodAccessorImpl.invoke(NativeMethodAccessorImpl.java:39)
	at sun.reflect.DelegatingMethodAccessorImpl.invoke(DelegatingMethodAccessorImpl.java:25)
	at java.lang.reflect.Method.invoke(Method.java:592)
	at junit.framework.TestCase.runTest(TestCase.java:168)
	at junit.framework.TestCase.runBare(TestCase.java:134)
	at junit.framework.TestResult$1.protect(TestResult.java:110)
	at junit.framework.TestResult.runProtected(TestResult.java:128)
	at junit.framework.TestResult.run(TestResult.java:113)
	at junit.framework.TestCase.run(TestCase.java:124)
	at junit.framework.TestSuite.runTest(TestSuite.java:232)
	at junit.framework.TestSuite.run(TestSuite.java:227)
	at junit.framework.TestSuite.runTest(TestSuite.java:232)
	at junit.framework.TestSuite.run(TestSuite.java:227)
	at junit.framework.TestSuite.runTest(TestSuite.java:232)
	at junit.framework.TestSuite.run(TestSuite.java:227)
	at org.apache.tools.ant.taskdefs.optional.junit.JUnitTestRunner.run(JUnitTestRunner.java:421)
	at org.apache.tools.ant.taskdefs.optional.junit.JUnitTestRunner.launch(JUnitTestRunner.java:912)
	at org.apache.tools.ant.taskdefs.optional.junit.JUnitTestRunner.main(JUnitTestRunner.java:766)

Entering method [com.cronos.onlinereview.review.payment.impl.DefaultReviewPaymentCalculator.computeReviewPayment(long projectId, double primaryPayment, double secondaryPaymentPool, ReviewerStatistics[] statistics)].
The parameters: {projectId=100, primaryPayment=0.0, secondaryPaymentPool=400.0, statistics=[com.topcoder.management.resource.ReviewerStatistics {creationUser=null, creationTimestamp=null, modificationUser=null, modificationTimestamp=null, id=0, accuracy=-1.0, coverage=-1.0, timelineReliability=0.9, totalEvaluationCoefficient=-1.0, reviewerId=3001, competitionTypeId=0, projectId=100, statisticsType=HISTORY, eligibilityPoints=0.0}, com.topcoder.management.resource.ReviewerStatistics {creationUser=null, creationTimestamp=null, modificationUser=null, modificationTimestamp=null, id=0, accuracy=0.8, coverage=0.9, timelineReliability=0.91, totalEvaluationCoefficient=-1.0, reviewerId=3002, competitionTypeId=0, projectId=100, statisticsType=HISTORY, eligibilityPoints=0.0}, com.topcoder.management.resource.ReviewerStatistics {creationUser=null, creationTimestamp=null, modificationUser=null, modificationTimestamp=null, id=0, accuracy=0.7, coverage=0.6, timelineReliability=0.92, totalEvaluationCoefficient=-1.0, reviewerId=3003, competitionTypeId=0, projectId=100, statisticsType=HISTORY, eligibilityPoints=0.0}]}
Error in method [com.cronos.onlinereview.review.payment.impl.DefaultReviewPaymentCalculator.computeReviewPayment(long projectId, double primaryPayment, double secondaryPaymentPool, ReviewerStatistics[] statistics)], details: IllegalArgumentException is thrown.
java.lang.IllegalArgumentException: 'primaryPayment' should be a positive number.
	at com.cronos.onlinereview.review.payment.impl.DefaultReviewPaymentCalculator.checkPositive(DefaultReviewPaymentCalculator.java:523)
	at com.cronos.onlinereview.review.payment.impl.DefaultReviewPaymentCalculator.computeReviewPayment(DefaultReviewPaymentCalculator.java:332)
	at com.cronos.onlinereview.review.payment.failuretests.DefaultReviewPaymentCalculatorFailureTest.test_computeReviewPayment1(DefaultReviewPaymentCalculatorFailureTest.java:156)
	at sun.reflect.NativeMethodAccessorImpl.invoke0(Native Method)
	at sun.reflect.NativeMethodAccessorImpl.invoke(NativeMethodAccessorImpl.java:39)
	at sun.reflect.DelegatingMethodAccessorImpl.invoke(DelegatingMethodAccessorImpl.java:25)
	at java.lang.reflect.Method.invoke(Method.java:592)
	at junit.framework.TestCase.runTest(TestCase.java:168)
	at junit.framework.TestCase.runBare(TestCase.java:134)
	at junit.framework.TestResult$1.protect(TestResult.java:110)
	at junit.framework.TestResult.runProtected(TestResult.java:128)
	at junit.framework.TestResult.run(TestResult.java:113)
	at junit.framework.TestCase.run(TestCase.java:124)
	at junit.framework.TestSuite.runTest(TestSuite.java:232)
	at junit.framework.TestSuite.run(TestSuite.java:227)
	at junit.framework.TestSuite.runTest(TestSuite.java:232)
	at junit.framework.TestSuite.run(TestSuite.java:227)
	at junit.framework.TestSuite.runTest(TestSuite.java:232)
	at junit.framework.TestSuite.run(TestSuite.java:227)
	at org.apache.tools.ant.taskdefs.optional.junit.JUnitTestRunner.run(JUnitTestRunner.java:421)
	at org.apache.tools.ant.taskdefs.optional.junit.JUnitTestRunner.launch(JUnitTestRunner.java:912)
	at org.apache.tools.ant.taskdefs.optional.junit.JUnitTestRunner.main(JUnitTestRunner.java:766)

Entering method [com.cronos.onlinereview.review.payment.impl.DefaultReviewPaymentCalculator.computeReviewPayment(long projectId, double primaryPayment, double secondaryPaymentPool, ReviewerStatistics[] statistics)].
The parameters: {projectId=100, primaryPayment=300.0, secondaryPaymentPool=0.0, statistics=[com.topcoder.management.resource.ReviewerStatistics {creationUser=null, creationTimestamp=null, modificationUser=null, modificationTimestamp=null, id=0, accuracy=-1.0, coverage=-1.0, timelineReliability=0.9, totalEvaluationCoefficient=-1.0, reviewerId=3001, competitionTypeId=0, projectId=100, statisticsType=HISTORY, eligibilityPoints=0.0}, com.topcoder.management.resource.ReviewerStatistics {creationUser=null, creationTimestamp=null, modificationUser=null, modificationTimestamp=null, id=0, accuracy=0.8, coverage=0.9, timelineReliability=0.91, totalEvaluationCoefficient=-1.0, reviewerId=3002, competitionTypeId=0, projectId=100, statisticsType=HISTORY, eligibilityPoints=0.0}, com.topcoder.management.resource.ReviewerStatistics {creationUser=null, creationTimestamp=null, modificationUser=null, modificationTimestamp=null, id=0, accuracy=0.7, coverage=0.6, timelineReliability=0.92, totalEvaluationCoefficient=-1.0, reviewerId=3003, competitionTypeId=0, projectId=100, statisticsType=HISTORY, eligibilityPoints=0.0}]}
Error in method [com.cronos.onlinereview.review.payment.impl.DefaultReviewPaymentCalculator.computeReviewPayment(long projectId, double primaryPayment, double secondaryPaymentPool, ReviewerStatistics[] statistics)], details: IllegalArgumentException is thrown.
java.lang.IllegalArgumentException: 'secondaryPaymentPool' should be a positive number.
	at com.cronos.onlinereview.review.payment.impl.DefaultReviewPaymentCalculator.checkPositive(DefaultReviewPaymentCalculator.java:523)
	at com.cronos.onlinereview.review.payment.impl.DefaultReviewPaymentCalculator.computeReviewPayment(DefaultReviewPaymentCalculator.java:333)
	at com.cronos.onlinereview.review.payment.failuretests.DefaultReviewPaymentCalculatorFailureTest.test_computeReviewPayment1(DefaultReviewPaymentCalculatorFailureTest.java:162)
	at sun.reflect.NativeMethodAccessorImpl.invoke0(Native Method)
	at sun.reflect.NativeMethodAccessorImpl.invoke(NativeMethodAccessorImpl.java:39)
	at sun.reflect.DelegatingMethodAccessorImpl.invoke(DelegatingMethodAccessorImpl.java:25)
	at java.lang.reflect.Method.invoke(Method.java:592)
	at junit.framework.TestCase.runTest(TestCase.java:168)
	at junit.framework.TestCase.runBare(TestCase.java:134)
	at junit.framework.TestResult$1.protect(TestResult.java:110)
	at junit.framework.TestResult.runProtected(TestResult.java:128)
	at junit.framework.TestResult.run(TestResult.java:113)
	at junit.framework.TestCase.run(TestCase.java:124)
	at junit.framework.TestSuite.runTest(TestSuite.java:232)
	at junit.framework.TestSuite.run(TestSuite.java:227)
	at junit.framework.TestSuite.runTest(TestSuite.java:232)
	at junit.framework.TestSuite.run(TestSuite.java:227)
	at junit.framework.TestSuite.runTest(TestSuite.java:232)
	at junit.framework.TestSuite.run(TestSuite.java:227)
	at org.apache.tools.ant.taskdefs.optional.junit.JUnitTestRunner.run(JUnitTestRunner.java:421)
	at org.apache.tools.ant.taskdefs.optional.junit.JUnitTestRunner.launch(JUnitTestRunner.java:912)
	at org.apache.tools.ant.taskdefs.optional.junit.JUnitTestRunner.main(JUnitTestRunner.java:766)

Entering method [com.cronos.onlinereview.review.payment.impl.DefaultReviewPaymentCalculator.computeReviewPayment(long projectId, double primaryPayment, double secondaryPaymentPool, ReviewerStatistics[] statistics)].
The parameters: {projectId=-1, primaryPayment=300.0, secondaryPaymentPool=400.0, statistics=[com.topcoder.management.resource.ReviewerStatistics {creationUser=null, creationTimestamp=null, modificationUser=null, modificationTimestamp=null, id=0, accuracy=-1.0, coverage=-1.0, timelineReliability=0.9, totalEvaluationCoefficient=-1.0, reviewerId=3001, competitionTypeId=0, projectId=100, statisticsType=HISTORY, eligibilityPoints=0.0}, com.topcoder.management.resource.ReviewerStatistics {creationUser=null, creationTimestamp=null, modificationUser=null, modificationTimestamp=null, id=0, accuracy=0.8, coverage=0.9, timelineReliability=0.91, totalEvaluationCoefficient=-1.0, reviewerId=3002, competitionTypeId=0, projectId=100, statisticsType=HISTORY, eligibilityPoints=0.0}, com.topcoder.management.resource.ReviewerStatistics {creationUser=null, creationTimestamp=null, modificationUser=null, modificationTimestamp=null, id=0, accuracy=0.7, coverage=0.6, timelineReliability=0.92, totalEvaluationCoefficient=-1.0, reviewerId=3003, competitionTypeId=0, projectId=100, statisticsType=HISTORY, eligibilityPoints=0.0}]}
Error in method [com.cronos.onlinereview.review.payment.impl.DefaultReviewPaymentCalculator.computeReviewPayment(long projectId, double primaryPayment, double secondaryPaymentPool, ReviewerStatistics[] statistics)], details: IllegalArgumentException is thrown.
java.lang.IllegalArgumentException: 'projectId' should be a positive number.
	at com.cronos.onlinereview.review.payment.impl.DefaultReviewPaymentCalculator.checkPositive(DefaultReviewPaymentCalculator.java:504)
	at com.cronos.onlinereview.review.payment.impl.DefaultReviewPaymentCalculator.computeReviewPayment(DefaultReviewPaymentCalculator.java:331)
	at com.cronos.onlinereview.review.payment.failuretests.DefaultReviewPaymentCalculatorFailureTest.test_computeReviewPayment1(DefaultReviewPaymentCalculatorFailureTest.java:168)
	at sun.reflect.NativeMethodAccessorImpl.invoke0(Native Method)
	at sun.reflect.NativeMethodAccessorImpl.invoke(NativeMethodAccessorImpl.java:39)
	at sun.reflect.DelegatingMethodAccessorImpl.invoke(DelegatingMethodAccessorImpl.java:25)
	at java.lang.reflect.Method.invoke(Method.java:592)
	at junit.framework.TestCase.runTest(TestCase.java:168)
	at junit.framework.TestCase.runBare(TestCase.java:134)
	at junit.framework.TestResult$1.protect(TestResult.java:110)
	at junit.framework.TestResult.runProtected(TestResult.java:128)
	at junit.framework.TestResult.run(TestResult.java:113)
	at junit.framework.TestCase.run(TestCase.java:124)
	at junit.framework.TestSuite.runTest(TestSuite.java:232)
	at junit.framework.TestSuite.run(TestSuite.java:227)
	at junit.framework.TestSuite.runTest(TestSuite.java:232)
	at junit.framework.TestSuite.run(TestSuite.java:227)
	at junit.framework.TestSuite.runTest(TestSuite.java:232)
	at junit.framework.TestSuite.run(TestSuite.java:227)
	at org.apache.tools.ant.taskdefs.optional.junit.JUnitTestRunner.run(JUnitTestRunner.java:421)
	at org.apache.tools.ant.taskdefs.optional.junit.JUnitTestRunner.launch(JUnitTestRunner.java:912)
	at org.apache.tools.ant.taskdefs.optional.junit.JUnitTestRunner.main(JUnitTestRunner.java:766)

Entering method [com.cronos.onlinereview.review.payment.impl.DefaultReviewPaymentCalculator.computeReviewPayment(long projectId, double primaryPayment, double secondaryPaymentPool, ReviewerStatistics[] statistics)].
The parameters: {projectId=100, primaryPayment=-1.0, secondaryPaymentPool=400.0, statistics=[com.topcoder.management.resource.ReviewerStatistics {creationUser=null, creationTimestamp=null, modificationUser=null, modificationTimestamp=null, id=0, accuracy=-1.0, coverage=-1.0, timelineReliability=0.9, totalEvaluationCoefficient=-1.0, reviewerId=3001, competitionTypeId=0, projectId=100, statisticsType=HISTORY, eligibilityPoints=0.0}, com.topcoder.management.resource.ReviewerStatistics {creationUser=null, creationTimestamp=null, modificationUser=null, modificationTimestamp=null, id=0, accuracy=0.8, coverage=0.9, timelineReliability=0.91, totalEvaluationCoefficient=-1.0, reviewerId=3002, competitionTypeId=0, projectId=100, statisticsType=HISTORY, eligibilityPoints=0.0}, com.topcoder.management.resource.ReviewerStatistics {creationUser=null, creationTimestamp=null, modificationUser=null, modificationTimestamp=null, id=0, accuracy=0.7, coverage=0.6, timelineReliability=0.92, totalEvaluationCoefficient=-1.0, reviewerId=3003, competitionTypeId=0, projectId=100, statisticsType=HISTORY, eligibilityPoints=0.0}]}
Error in method [com.cronos.onlinereview.review.payment.impl.DefaultReviewPaymentCalculator.computeReviewPayment(long projectId, double primaryPayment, double secondaryPaymentPool, ReviewerStatistics[] statistics)], details: IllegalArgumentException is thrown.
java.lang.IllegalArgumentException: 'primaryPayment' should be a positive number.
	at com.cronos.onlinereview.review.payment.impl.DefaultReviewPaymentCalculator.checkPositive(DefaultReviewPaymentCalculator.java:523)
	at com.cronos.onlinereview.review.payment.impl.DefaultReviewPaymentCalculator.computeReviewPayment(DefaultReviewPaymentCalculator.java:332)
	at com.cronos.onlinereview.review.payment.failuretests.DefaultReviewPaymentCalculatorFailureTest.test_computeReviewPayment1(DefaultReviewPaymentCalculatorFailureTest.java:174)
	at sun.reflect.NativeMethodAccessorImpl.invoke0(Native Method)
	at sun.reflect.NativeMethodAccessorImpl.invoke(NativeMethodAccessorImpl.java:39)
	at sun.reflect.DelegatingMethodAccessorImpl.invoke(DelegatingMethodAccessorImpl.java:25)
	at java.lang.reflect.Method.invoke(Method.java:592)
	at junit.framework.TestCase.runTest(TestCase.java:168)
	at junit.framework.TestCase.runBare(TestCase.java:134)
	at junit.framework.TestResult$1.protect(TestResult.java:110)
	at junit.framework.TestResult.runProtected(TestResult.java:128)
	at junit.framework.TestResult.run(TestResult.java:113)
	at junit.framework.TestCase.run(TestCase.java:124)
	at junit.framework.TestSuite.runTest(TestSuite.java:232)
	at junit.framework.TestSuite.run(TestSuite.java:227)
	at junit.framework.TestSuite.runTest(TestSuite.java:232)
	at junit.framework.TestSuite.run(TestSuite.java:227)
	at junit.framework.TestSuite.runTest(TestSuite.java:232)
	at junit.framework.TestSuite.run(TestSuite.java:227)
	at org.apache.tools.ant.taskdefs.optional.junit.JUnitTestRunner.run(JUnitTestRunner.java:421)
	at org.apache.tools.ant.taskdefs.optional.junit.JUnitTestRunner.launch(JUnitTestRunner.java:912)
	at org.apache.tools.ant.taskdefs.optional.junit.JUnitTestRunner.main(JUnitTestRunner.java:766)

Entering method [com.cronos.onlinereview.review.payment.impl.DefaultReviewPaymentCalculator.computeReviewPayment(long projectId, double primaryPayment, double secondaryPaymentPool, ReviewerStatistics[] statistics)].
The parameters: {projectId=100, primaryPayment=300.0, secondaryPaymentPool=-1.0, statistics=[com.topcoder.management.resource.ReviewerStatistics {creationUser=null, creationTimestamp=null, modificationUser=null, modificationTimestamp=null, id=0, accuracy=-1.0, coverage=-1.0, timelineReliability=0.9, totalEvaluationCoefficient=-1.0, reviewerId=3001, competitionTypeId=0, projectId=100, statisticsType=HISTORY, eligibilityPoints=0.0}, com.topcoder.management.resource.ReviewerStatistics {creationUser=null, creationTimestamp=null, modificationUser=null, modificationTimestamp=null, id=0, accuracy=0.8, coverage=0.9, timelineReliability=0.91, totalEvaluationCoefficient=-1.0, reviewerId=3002, competitionTypeId=0, projectId=100, statisticsType=HISTORY, eligibilityPoints=0.0}, com.topcoder.management.resource.ReviewerStatistics {creationUser=null, creationTimestamp=null, modificationUser=null, modificationTimestamp=null, id=0, accuracy=0.7, coverage=0.6, timelineReliability=0.92, totalEvaluationCoefficient=-1.0, reviewerId=3003, competitionTypeId=0, projectId=100, statisticsType=HISTORY, eligibilityPoints=0.0}]}
Error in method [com.cronos.onlinereview.review.payment.impl.DefaultReviewPaymentCalculator.computeReviewPayment(long projectId, double primaryPayment, double secondaryPaymentPool, ReviewerStatistics[] statistics)], details: IllegalArgumentException is thrown.
java.lang.IllegalArgumentException: 'secondaryPaymentPool' should be a positive number.
	at com.cronos.onlinereview.review.payment.impl.DefaultReviewPaymentCalculator.checkPositive(DefaultReviewPaymentCalculator.java:523)
	at com.cronos.onlinereview.review.payment.impl.DefaultReviewPaymentCalculator.computeReviewPayment(DefaultReviewPaymentCalculator.java:333)
	at com.cronos.onlinereview.review.payment.failuretests.DefaultReviewPaymentCalculatorFailureTest.test_computeReviewPayment1(DefaultReviewPaymentCalculatorFailureTest.java:180)
	at sun.reflect.NativeMethodAccessorImpl.invoke0(Native Method)
	at sun.reflect.NativeMethodAccessorImpl.invoke(NativeMethodAccessorImpl.java:39)
	at sun.reflect.DelegatingMethodAccessorImpl.invoke(DelegatingMethodAccessorImpl.java:25)
	at java.lang.reflect.Method.invoke(Method.java:592)
	at junit.framework.TestCase.runTest(TestCase.java:168)
	at junit.framework.TestCase.runBare(TestCase.java:134)
	at junit.framework.TestResult$1.protect(TestResult.java:110)
	at junit.framework.TestResult.runProtected(TestResult.java:128)
	at junit.framework.TestResult.run(TestResult.java:113)
	at junit.framework.TestCase.run(TestCase.java:124)
	at junit.framework.TestSuite.runTest(TestSuite.java:232)
	at junit.framework.TestSuite.run(TestSuite.java:227)
	at junit.framework.TestSuite.runTest(TestSuite.java:232)
	at junit.framework.TestSuite.run(TestSuite.java:227)
	at junit.framework.TestSuite.runTest(TestSuite.java:232)
	at junit.framework.TestSuite.run(TestSuite.java:227)
	at org.apache.tools.ant.taskdefs.optional.junit.JUnitTestRunner.run(JUnitTestRunner.java:421)
	at org.apache.tools.ant.taskdefs.optional.junit.JUnitTestRunner.launch(JUnitTestRunner.java:912)
	at org.apache.tools.ant.taskdefs.optional.junit.JUnitTestRunner.main(JUnitTestRunner.java:766)

Entering method [com.cronos.onlinereview.review.payment.impl.DefaultReviewPaymentCalculator.computeReviewPayment(long projectId, double primaryPayment, double secondaryPaymentPool, ReviewerStatistics[] statistics)].
The parameters: {projectId=100, primaryPayment=300.0, secondaryPaymentPool=400.0, statistics=[]}
Error in method [com.cronos.onlinereview.review.payment.impl.DefaultReviewPaymentCalculator.computeReviewPayment(long projectId, double primaryPayment, double secondaryPaymentPool, ReviewerStatistics[] statistics)], details: IllegalArgumentException is thrown.
java.lang.IllegalArgumentException: 'statistics.length' should contain at least 3 elements.
	at com.cronos.onlinereview.review.payment.impl.DefaultReviewPaymentCalculator.computeReviewPayment(DefaultReviewPaymentCalculator.java:336)
	at com.cronos.onlinereview.review.payment.failuretests.DefaultReviewPaymentCalculatorFailureTest.test_computeReviewPayment2(DefaultReviewPaymentCalculatorFailureTest.java:195)
	at sun.reflect.NativeMethodAccessorImpl.invoke0(Native Method)
	at sun.reflect.NativeMethodAccessorImpl.invoke(NativeMethodAccessorImpl.java:39)
	at sun.reflect.DelegatingMethodAccessorImpl.invoke(DelegatingMethodAccessorImpl.java:25)
	at java.lang.reflect.Method.invoke(Method.java:592)
	at junit.framework.TestCase.runTest(TestCase.java:168)
	at junit.framework.TestCase.runBare(TestCase.java:134)
	at junit.framework.TestResult$1.protect(TestResult.java:110)
	at junit.framework.TestResult.runProtected(TestResult.java:128)
	at junit.framework.TestResult.run(TestResult.java:113)
	at junit.framework.TestCase.run(TestCase.java:124)
	at junit.framework.TestSuite.runTest(TestSuite.java:232)
	at junit.framework.TestSuite.run(TestSuite.java:227)
	at junit.framework.TestSuite.runTest(TestSuite.java:232)
	at junit.framework.TestSuite.run(TestSuite.java:227)
	at junit.framework.TestSuite.runTest(TestSuite.java:232)
	at junit.framework.TestSuite.run(TestSuite.java:227)
	at org.apache.tools.ant.taskdefs.optional.junit.JUnitTestRunner.run(JUnitTestRunner.java:421)
	at org.apache.tools.ant.taskdefs.optional.junit.JUnitTestRunner.launch(JUnitTestRunner.java:912)
	at org.apache.tools.ant.taskdefs.optional.junit.JUnitTestRunner.main(JUnitTestRunner.java:766)

Entering method [com.cronos.onlinereview.review.payment.impl.DefaultReviewPaymentCalculator.computeReviewPayment(long projectId, double primaryPayment, double secondaryPaymentPool, ReviewerStatistics[] statistics)].
The parameters: {projectId=100, primaryPayment=300.0, secondaryPaymentPool=400.0, statistics=null}
Error in method [com.cronos.onlinereview.review.payment.impl.DefaultReviewPaymentCalculator.computeReviewPayment(long projectId, double primaryPayment, double secondaryPaymentPool, ReviewerStatistics[] statistics)], details: IllegalArgumentException is thrown.
java.lang.IllegalArgumentException: 'statistics' should not be null.
	at com.cronos.onlinereview.review.payment.impl.DefaultReviewPaymentCalculator.checkNull(DefaultReviewPaymentCalculator.java:634)
	at com.cronos.onlinereview.review.payment.impl.DefaultReviewPaymentCalculator.computeReviewPayment(DefaultReviewPaymentCalculator.java:334)
	at com.cronos.onlinereview.review.payment.failuretests.DefaultReviewPaymentCalculatorFailureTest.test_computeReviewPayment2(DefaultReviewPaymentCalculatorFailureTest.java:201)
	at sun.reflect.NativeMethodAccessorImpl.invoke0(Native Method)
	at sun.reflect.NativeMethodAccessorImpl.invoke(NativeMethodAccessorImpl.java:39)
	at sun.reflect.DelegatingMethodAccessorImpl.invoke(DelegatingMethodAccessorImpl.java:25)
	at java.lang.reflect.Method.invoke(Method.java:592)
	at junit.framework.TestCase.runTest(TestCase.java:168)
	at junit.framework.TestCase.runBare(TestCase.java:134)
	at junit.framework.TestResult$1.protect(TestResult.java:110)
	at junit.framework.TestResult.runProtected(TestResult.java:128)
	at junit.framework.TestResult.run(TestResult.java:113)
	at junit.framework.TestCase.run(TestCase.java:124)
	at junit.framework.TestSuite.runTest(TestSuite.java:232)
	at junit.framework.TestSuite.run(TestSuite.java:227)
	at junit.framework.TestSuite.runTest(TestSuite.java:232)
	at junit.framework.TestSuite.run(TestSuite.java:227)
	at junit.framework.TestSuite.runTest(TestSuite.java:232)
	at junit.framework.TestSuite.run(TestSuite.java:227)
	at org.apache.tools.ant.taskdefs.optional.junit.JUnitTestRunner.run(JUnitTestRunner.java:421)
	at org.apache.tools.ant.taskdefs.optional.junit.JUnitTestRunner.launch(JUnitTestRunner.java:912)
	at org.apache.tools.ant.taskdefs.optional.junit.JUnitTestRunner.main(JUnitTestRunner.java:766)

Entering method [com.cronos.onlinereview.review.payment.impl.DefaultReviewPaymentCalculator.computeReviewPayment(long projectId, double primaryPayment, double secondaryPaymentPool, ReviewerStatistics[] statistics)].
The parameters: {projectId=100, primaryPayment=300.0, secondaryPaymentPool=400.0, statistics=[com.topcoder.management.resource.ReviewerStatistics {creationUser=null, creationTimestamp=null, modificationUser=null, modificationTimestamp=null, id=0, accuracy=-1.0, coverage=-1.0, timelineReliability=0.9, totalEvaluationCoefficient=-1.0, reviewerId=3001, competitionTypeId=0, projectId=100, statisticsType=HISTORY, eligibilityPoints=0.0}, com.topcoder.management.resource.ReviewerStatistics {creationUser=null, creationTimestamp=null, modificationUser=null, modificationTimestamp=null, id=0, accuracy=0.8, coverage=0.9, timelineReliability=0.91, totalEvaluationCoefficient=-1.0, reviewerId=3002, competitionTypeId=0, projectId=100, statisticsType=HISTORY, eligibilityPoints=0.0}]}
Error in method [com.cronos.onlinereview.review.payment.impl.DefaultReviewPaymentCalculator.computeReviewPayment(long projectId, double primaryPayment, double secondaryPaymentPool, ReviewerStatistics[] statistics)], details: IllegalArgumentException is thrown.
java.lang.IllegalArgumentException: 'statistics.length' should contain at least 3 elements.
	at com.cronos.onlinereview.review.payment.impl.DefaultReviewPaymentCalculator.computeReviewPayment(DefaultReviewPaymentCalculator.java:336)
	at com.cronos.onlinereview.review.payment.failuretests.DefaultReviewPaymentCalculatorFailureTest.test_computeReviewPayment3(DefaultReviewPaymentCalculatorFailureTest.java:218)
	at sun.reflect.NativeMethodAccessorImpl.invoke0(Native Method)
	at sun.reflect.NativeMethodAccessorImpl.invoke(NativeMethodAccessorImpl.java:39)
	at sun.reflect.DelegatingMethodAccessorImpl.invoke(DelegatingMethodAccessorImpl.java:25)
	at java.lang.reflect.Method.invoke(Method.java:592)
	at junit.framework.TestCase.runTest(TestCase.java:168)
	at junit.framework.TestCase.runBare(TestCase.java:134)
	at junit.framework.TestResult$1.protect(TestResult.java:110)
	at junit.framework.TestResult.runProtected(TestResult.java:128)
	at junit.framework.TestResult.run(TestResult.java:113)
	at junit.framework.TestCase.run(TestCase.java:124)
	at junit.framework.TestSuite.runTest(TestSuite.java:232)
	at junit.framework.TestSuite.run(TestSuite.java:227)
	at junit.framework.TestSuite.runTest(TestSuite.java:232)
	at junit.framework.TestSuite.run(TestSuite.java:227)
	at junit.framework.TestSuite.runTest(TestSuite.java:232)
	at junit.framework.TestSuite.run(TestSuite.java:227)
	at org.apache.tools.ant.taskdefs.optional.junit.JUnitTestRunner.run(JUnitTestRunner.java:421)
	at org.apache.tools.ant.taskdefs.optional.junit.JUnitTestRunner.launch(JUnitTestRunner.java:912)
	at org.apache.tools.ant.taskdefs.optional.junit.JUnitTestRunner.main(JUnitTestRunner.java:766)

Entering method [com.cronos.onlinereview.review.payment.impl.DefaultReviewPaymentCalculator.computeReviewPayment(long projectId, double primaryPayment, double secondaryPaymentPool, ReviewerStatistics[] statistics)].
The parameters: {projectId=100, primaryPayment=300.0, secondaryPaymentPool=400.0, statistics=[com.topcoder.management.resource.ReviewerStatistics {creationUser=null, creationTimestamp=null, modificationUser=null, modificationTimestamp=null, id=0, accuracy=-1.0, coverage=-1.0, timelineReliability=0.9, totalEvaluationCoefficient=-1.0, reviewerId=3001, competitionTypeId=0, projectId=100, statisticsType=HISTORY, eligibilityPoints=0.0}, com.topcoder.management.resource.ReviewerStatistics {creationUser=null, creationTimestamp=null, modificationUser=null, modificationTimestamp=null, id=0, accuracy=0.8, coverage=0.9, timelineReliability=0.91, totalEvaluationCoefficient=-1.0, reviewerId=3002, competitionTypeId=0, projectId=100, statisticsType=HISTORY, eligibilityPoints=0.0}, com.topcoder.management.resource.ReviewerStatistics {creationUser=null, creationTimestamp=null, modificationUser=null, modificationTimestamp=null, id=0, accuracy=0.7, coverage=0.6, timelineReliability=0.92, totalEvaluationCoefficient=-1.0, reviewerId=3003, competitionTypeId=0, projectId=100, statisticsType=HISTORY, eligibilityPoints=0.0}, null]}
Error in method [com.cronos.onlinereview.review.payment.impl.DefaultReviewPaymentCalculator.computeReviewPayment(long projectId, double primaryPayment, double secondaryPaymentPool, ReviewerStatistics[] statistics)], details: IllegalArgumentException is thrown.
java.lang.IllegalArgumentException: 'element of statistics' should not be null.
	at com.cronos.onlinereview.review.payment.impl.DefaultReviewPaymentCalculator.checkNull(DefaultReviewPaymentCalculator.java:634)
	at com.cronos.onlinereview.review.payment.impl.DefaultReviewPaymentCalculator.computeReviewPayment(DefaultReviewPaymentCalculator.java:339)
	at com.cronos.onlinereview.review.payment.failuretests.DefaultReviewPaymentCalculatorFailureTest.test_computeReviewPayment3(DefaultReviewPaymentCalculatorFailureTest.java:225)
	at sun.reflect.NativeMethodAccessorImpl.invoke0(Native Method)
	at sun.reflect.NativeMethodAccessorImpl.invoke(NativeMethodAccessorImpl.java:39)
	at sun.reflect.DelegatingMethodAccessorImpl.invoke(DelegatingMethodAccessorImpl.java:25)
	at java.lang.reflect.Method.invoke(Method.java:592)
	at junit.framework.TestCase.runTest(TestCase.java:168)
	at junit.framework.TestCase.runBare(TestCase.java:134)
	at junit.framework.TestResult$1.protect(TestResult.java:110)
	at junit.framework.TestResult.runProtected(TestResult.java:128)
	at junit.framework.TestResult.run(TestResult.java:113)
	at junit.framework.TestCase.run(TestCase.java:124)
	at junit.framework.TestSuite.runTest(TestSuite.java:232)
	at junit.framework.TestSuite.run(TestSuite.java:227)
	at junit.framework.TestSuite.runTest(TestSuite.java:232)
	at junit.framework.TestSuite.run(TestSuite.java:227)
	at junit.framework.TestSuite.runTest(TestSuite.java:232)
	at junit.framework.TestSuite.run(TestSuite.java:227)
	at org.apache.tools.ant.taskdefs.optional.junit.JUnitTestRunner.run(JUnitTestRunner.java:421)
	at org.apache.tools.ant.taskdefs.optional.junit.JUnitTestRunner.launch(JUnitTestRunner.java:912)
	at org.apache.tools.ant.taskdefs.optional.junit.JUnitTestRunner.main(JUnitTestRunner.java:766)

Entering method [com.cronos.onlinereview.review.payment.impl.DefaultReviewPaymentCalculator.computeReviewPayment(long projectId, double primaryPayment, double secondaryPaymentPool, ReviewerStatistics[] statistics)].
The parameters: {projectId=100, primaryPayment=300.0, secondaryPaymentPool=400.0, statistics=[com.topcoder.management.resource.ReviewerStatistics {creationUser=null, creationTimestamp=null, modificationUser=null, modificationTimestamp=null, id=0, accuracy=-1.0, coverage=-1.0, timelineReliability=0.9, totalEvaluationCoefficient=-1.0, reviewerId=3001, competitionTypeId=0, projectId=100, statisticsType=AVERAGE, eligibilityPoints=0.0}, com.topcoder.management.resource.ReviewerStatistics {creationUser=null, creationTimestamp=null, modificationUser=null, modificationTimestamp=null, id=0, accuracy=0.8, coverage=0.9, timelineReliability=0.91, totalEvaluationCoefficient=-1.0, reviewerId=3002, competitionTypeId=0, projectId=100, statisticsType=HISTORY, eligibilityPoints=0.0}, com.topcoder.management.resource.ReviewerStatistics {creationUser=null, creationTimestamp=null, modificationUser=null, modificationTimestamp=null, id=0, accuracy=0.7, coverage=0.6, timelineReliability=0.92, totalEvaluationCoefficient=-1.0, reviewerId=3003, competitionTypeId=0, projectId=100, statisticsType=HISTORY, eligibilityPoints=0.0}]}
Error in method [com.cronos.onlinereview.review.payment.impl.DefaultReviewPaymentCalculator.computeReviewPayment(long projectId, double primaryPayment, double secondaryPaymentPool, ReviewerStatistics[] statistics)], details: InvalidReviewersStatisticsException is thrown when computing the review payments.
com.cronos.onlinereview.review.payment.InvalidReviewersStatisticsException: The statistics type must be 'HISTORY'.
	at com.cronos.onlinereview.review.payment.impl.DefaultReviewPaymentCalculator.computeReviewPayment(DefaultReviewPaymentCalculator.java:348)
	at com.cronos.onlinereview.review.payment.failuretests.DefaultReviewPaymentCalculatorFailureTest.test_computeReviewPayment4(DefaultReviewPaymentCalculatorFailureTest.java:242)
	at sun.reflect.NativeMethodAccessorImpl.invoke0(Native Method)
	at sun.reflect.NativeMethodAccessorImpl.invoke(NativeMethodAccessorImpl.java:39)
	at sun.reflect.DelegatingMethodAccessorImpl.invoke(DelegatingMethodAccessorImpl.java:25)
	at java.lang.reflect.Method.invoke(Method.java:592)
	at junit.framework.TestCase.runTest(TestCase.java:168)
	at junit.framework.TestCase.runBare(TestCase.java:134)
	at junit.framework.TestResult$1.protect(TestResult.java:110)
	at junit.framework.TestResult.runProtected(TestResult.java:128)
	at junit.framework.TestResult.run(TestResult.java:113)
	at junit.framework.TestCase.run(TestCase.java:124)
	at junit.framework.TestSuite.runTest(TestSuite.java:232)
	at junit.framework.TestSuite.run(TestSuite.java:227)
	at junit.framework.TestSuite.runTest(TestSuite.java:232)
	at junit.framework.TestSuite.run(TestSuite.java:227)
	at junit.framework.TestSuite.runTest(TestSuite.java:232)
	at junit.framework.TestSuite.run(TestSuite.java:227)
	at org.apache.tools.ant.taskdefs.optional.junit.JUnitTestRunner.run(JUnitTestRunner.java:421)
	at org.apache.tools.ant.taskdefs.optional.junit.JUnitTestRunner.launch(JUnitTestRunner.java:912)
	at org.apache.tools.ant.taskdefs.optional.junit.JUnitTestRunner.main(JUnitTestRunner.java:766)

Entering method [com.cronos.onlinereview.review.payment.impl.DefaultReviewPaymentCalculator.computeReviewPayment(long projectId, double primaryPayment, double secondaryPaymentPool, ReviewerStatistics[] statistics)].
The parameters: {projectId=100, primaryPayment=300.0, secondaryPaymentPool=400.0, statistics=[com.topcoder.management.resource.ReviewerStatistics {creationUser=null, creationTimestamp=null, modificationUser=null, modificationTimestamp=null, id=0, accuracy=-1.0, coverage=0.8, timelineReliability=0.9, totalEvaluationCoefficient=-1.0, reviewerId=3001, competitionTypeId=0, projectId=100, statisticsType=HISTORY, eligibilityPoints=0.0}, com.topcoder.management.resource.ReviewerStatistics {creationUser=null, creationTimestamp=null, modificationUser=null, modificationTimestamp=null, id=0, accuracy=0.8, coverage=0.9, timelineReliability=0.91, totalEvaluationCoefficient=-1.0, reviewerId=3002, competitionTypeId=0, projectId=100, statisticsType=HISTORY, eligibilityPoints=0.0}, com.topcoder.management.resource.ReviewerStatistics {creationUser=null, creationTimestamp=null, modificationUser=null, modificationTimestamp=null, id=0, accuracy=0.7, coverage=0.6, timelineReliability=0.92, totalEvaluationCoefficient=-1.0, reviewerId=3003, competitionTypeId=0, projectId=100, statisticsType=HISTORY, eligibilityPoints=0.0}]}
Error in method [com.cronos.onlinereview.review.payment.impl.DefaultReviewPaymentCalculator.computeReviewPayment(long projectId, double primaryPayment, double secondaryPaymentPool, ReviewerStatistics[] statistics)], details: InvalidReviewersStatisticsException is thrown when computing the review payments.
com.cronos.onlinereview.review.payment.InvalidReviewersStatisticsException: No primary reviewer statistics found.
	at com.cronos.onlinereview.review.payment.impl.DefaultReviewPaymentCalculator.computeReviewPayment(DefaultReviewPaymentCalculator.java:375)
	at com.cronos.onlinereview.review.payment.failuretests.DefaultReviewPaymentCalculatorFailureTest.test_computeReviewPayment5(DefaultReviewPaymentCalculatorFailureTest.java:260)
	at sun.reflect.NativeMethodAccessorImpl.invoke0(Native Method)
	at sun.reflect.NativeMethodAccessorImpl.invoke(NativeMethodAccessorImpl.java:39)
	at sun.reflect.DelegatingMethodAccessorImpl.invoke(DelegatingMethodAccessorImpl.java:25)
	at java.lang.reflect.Method.invoke(Method.java:592)
	at junit.framework.TestCase.runTest(TestCase.java:168)
	at junit.framework.TestCase.runBare(TestCase.java:134)
	at junit.framework.TestResult$1.protect(TestResult.java:110)
	at junit.framework.TestResult.runProtected(TestResult.java:128)
	at junit.framework.TestResult.run(TestResult.java:113)
	at junit.framework.TestCase.run(TestCase.java:124)
	at junit.framework.TestSuite.runTest(TestSuite.java:232)
	at junit.framework.TestSuite.run(TestSuite.java:227)
	at junit.framework.TestSuite.runTest(TestSuite.java:232)
	at junit.framework.TestSuite.run(TestSuite.java:227)
	at junit.framework.TestSuite.runTest(TestSuite.java:232)
	at junit.framework.TestSuite.run(TestSuite.java:227)
	at org.apache.tools.ant.taskdefs.optional.junit.JUnitTestRunner.run(JUnitTestRunner.java:421)
	at org.apache.tools.ant.taskdefs.optional.junit.JUnitTestRunner.launch(JUnitTestRunner.java:912)
	at org.apache.tools.ant.taskdefs.optional.junit.JUnitTestRunner.main(JUnitTestRunner.java:766)

Entering method [com.cronos.onlinereview.review.payment.impl.DefaultReviewPaymentCalculator.computeReviewPayment(long projectId, double primaryPayment, double secondaryPaymentPool, ReviewerStatistics[] statistics)].
The parameters: {projectId=100, primaryPayment=300.0, secondaryPaymentPool=400.0, statistics=[com.topcoder.management.resource.ReviewerStatistics {creationUser=null, creationTimestamp=null, modificationUser=null, modificationTimestamp=null, id=0, accuracy=-1.0, coverage=-1.0, timelineReliability=0.9, totalEvaluationCoefficient=-1.0, reviewerId=3001, competitionTypeId=0, projectId=100, statisticsType=HISTORY, eligibilityPoints=0.0}, com.topcoder.management.resource.ReviewerStatistics {creationUser=null, creationTimestamp=null, modificationUser=null, modificationTimestamp=null, id=0, accuracy=0.8, coverage=1.1, timelineReliability=0.91, totalEvaluationCoefficient=-1.0, reviewerId=3002, competitionTypeId=0, projectId=100, statisticsType=HISTORY, eligibilityPoints=0.0}, com.topcoder.management.resource.ReviewerStatistics {creationUser=null, creationTimestamp=null, modificationUser=null, modificationTimestamp=null, id=0, accuracy=0.7, coverage=0.6, timelineReliability=0.92, totalEvaluationCoefficient=-1.0, reviewerId=3003, competitionTypeId=0, projectId=100, statisticsType=HISTORY, eligibilityPoints=0.0}]}
Error in method [com.cronos.onlinereview.review.payment.impl.DefaultReviewPaymentCalculator.computeReviewPayment(long projectId, double primaryPayment, double secondaryPaymentPool, ReviewerStatistics[] statistics)], details: InvalidReviewersStatisticsException is thrown when computing the review payments.
com.cronos.onlinereview.review.payment.InvalidReviewersStatisticsException: The coverage value must be in range [0, 1].
	at com.cronos.onlinereview.review.payment.impl.DefaultReviewPaymentCalculator.checkRange(DefaultReviewPaymentCalculator.java:544)
	at com.cronos.onlinereview.review.payment.impl.DefaultReviewPaymentCalculator.computeReviewPayment(DefaultReviewPaymentCalculator.java:441)
	at com.cronos.onlinereview.review.payment.impl.DefaultReviewPaymentCalculator.computeReviewPayment(DefaultReviewPaymentCalculator.java:379)
	at com.cronos.onlinereview.review.payment.failuretests.DefaultReviewPaymentCalculatorFailureTest.test_computeReviewPayment6(DefaultReviewPaymentCalculatorFailureTest.java:277)
	at sun.reflect.NativeMethodAccessorImpl.invoke0(Native Method)
	at sun.reflect.NativeMethodAccessorImpl.invoke(NativeMethodAccessorImpl.java:39)
	at sun.reflect.DelegatingMethodAccessorImpl.invoke(DelegatingMethodAccessorImpl.java:25)
	at java.lang.reflect.Method.invoke(Method.java:592)
	at junit.framework.TestCase.runTest(TestCase.java:168)
	at junit.framework.TestCase.runBare(TestCase.java:134)
	at junit.framework.TestResult$1.protect(TestResult.java:110)
	at junit.framework.TestResult.runProtected(TestResult.java:128)
	at junit.framework.TestResult.run(TestResult.java:113)
	at junit.framework.TestCase.run(TestCase.java:124)
	at junit.framework.TestSuite.runTest(TestSuite.java:232)
	at junit.framework.TestSuite.run(TestSuite.java:227)
	at junit.framework.TestSuite.runTest(TestSuite.java:232)
	at junit.framework.TestSuite.run(TestSuite.java:227)
	at junit.framework.TestSuite.runTest(TestSuite.java:232)
	at junit.framework.TestSuite.run(TestSuite.java:227)
	at org.apache.tools.ant.taskdefs.optional.junit.JUnitTestRunner.run(JUnitTestRunner.java:421)
	at org.apache.tools.ant.taskdefs.optional.junit.JUnitTestRunner.launch(JUnitTestRunner.java:912)
	at org.apache.tools.ant.taskdefs.optional.junit.JUnitTestRunner.main(JUnitTestRunner.java:766)

Entering method [com.cronos.onlinereview.review.payment.impl.DefaultReviewPaymentCalculator.computeReviewPayment(long projectId, double primaryPayment, double secondaryPaymentPool, ReviewerStatistics[] statistics)].
The parameters: {projectId=100, primaryPayment=300.0, secondaryPaymentPool=400.0, statistics=[com.topcoder.management.resource.ReviewerStatistics {creationUser=null, creationTimestamp=null, modificationUser=null, modificationTimestamp=null, id=0, accuracy=-1.0, coverage=-1.0, timelineReliability=0.9, totalEvaluationCoefficient=-1.0, reviewerId=3001, competitionTypeId=0, projectId=100, statisticsType=HISTORY, eligibilityPoints=0.0}, com.topcoder.management.resource.ReviewerStatistics {creationUser=null, creationTimestamp=null, modificationUser=null, modificationTimestamp=null, id=0, accuracy=0.8, coverage=-0.1, timelineReliability=0.91, totalEvaluationCoefficient=-1.0, reviewerId=3002, competitionTypeId=0, projectId=100, statisticsType=HISTORY, eligibilityPoints=0.0}, com.topcoder.management.resource.ReviewerStatistics {creationUser=null, creationTimestamp=null, modificationUser=null, modificationTimestamp=null, id=0, accuracy=0.7, coverage=0.6, timelineReliability=0.92, totalEvaluationCoefficient=-1.0, reviewerId=3003, competitionTypeId=0, projectId=100, statisticsType=HISTORY, eligibilityPoints=0.0}]}
Error in method [com.cronos.onlinereview.review.payment.impl.DefaultReviewPaymentCalculator.computeReviewPayment(long projectId, double primaryPayment, double secondaryPaymentPool, ReviewerStatistics[] statistics)], details: InvalidReviewersStatisticsException is thrown when computing the review payments.
com.cronos.onlinereview.review.payment.InvalidReviewersStatisticsException: The coverage value must be in range [0, 1].
	at com.cronos.onlinereview.review.payment.impl.DefaultReviewPaymentCalculator.checkRange(DefaultReviewPaymentCalculator.java:544)
	at com.cronos.onlinereview.review.payment.impl.DefaultReviewPaymentCalculator.computeReviewPayment(DefaultReviewPaymentCalculator.java:441)
	at com.cronos.onlinereview.review.payment.impl.DefaultReviewPaymentCalculator.computeReviewPayment(DefaultReviewPaymentCalculator.java:379)
	at com.cronos.onlinereview.review.payment.failuretests.DefaultReviewPaymentCalculatorFailureTest.test_computeReviewPayment7(DefaultReviewPaymentCalculatorFailureTest.java:294)
	at sun.reflect.NativeMethodAccessorImpl.invoke0(Native Method)
	at sun.reflect.NativeMethodAccessorImpl.invoke(NativeMethodAccessorImpl.java:39)
	at sun.reflect.DelegatingMethodAccessorImpl.invoke(DelegatingMethodAccessorImpl.java:25)
	at java.lang.reflect.Method.invoke(Method.java:592)
	at junit.framework.TestCase.runTest(TestCase.java:168)
	at junit.framework.TestCase.runBare(TestCase.java:134)
	at junit.framework.TestResult$1.protect(TestResult.java:110)
	at junit.framework.TestResult.runProtected(TestResult.java:128)
	at junit.framework.TestResult.run(TestResult.java:113)
	at junit.framework.TestCase.run(TestCase.java:124)
	at junit.framework.TestSuite.runTest(TestSuite.java:232)
	at junit.framework.TestSuite.run(TestSuite.java:227)
	at junit.framework.TestSuite.runTest(TestSuite.java:232)
	at junit.framework.TestSuite.run(TestSuite.java:227)
	at junit.framework.TestSuite.runTest(TestSuite.java:232)
	at junit.framework.TestSuite.run(TestSuite.java:227)
	at org.apache.tools.ant.taskdefs.optional.junit.JUnitTestRunner.run(JUnitTestRunner.java:421)
	at org.apache.tools.ant.taskdefs.optional.junit.JUnitTestRunner.launch(JUnitTestRunner.java:912)
	at org.apache.tools.ant.taskdefs.optional.junit.JUnitTestRunner.main(JUnitTestRunner.java:766)

Entering method [com.cronos.onlinereview.review.payment.impl.DefaultReviewPaymentCalculator.computeReviewPayment(long projectId, double primaryPayment, double secondaryPaymentPool, ReviewerStatistics[] statistics)].
The parameters: {projectId=100, primaryPayment=300.0, secondaryPaymentPool=400.0, statistics=[com.topcoder.management.resource.ReviewerStatistics {creationUser=null, creationTimestamp=null, modificationUser=null, modificationTimestamp=null, id=0, accuracy=-1.0, coverage=-1.0, timelineReliability=-0.1, totalEvaluationCoefficient=-1.0, reviewerId=3001, competitionTypeId=0, projectId=100, statisticsType=HISTORY, eligibilityPoints=0.0}, com.topcoder.management.resource.ReviewerStatistics {creationUser=null, creationTimestamp=null, modificationUser=null, modificationTimestamp=null, id=0, accuracy=0.8, coverage=0.9, timelineReliability=0.91, totalEvaluationCoefficient=-1.0, reviewerId=3002, competitionTypeId=0, projectId=100, statisticsType=HISTORY, eligibilityPoints=0.0}, com.topcoder.management.resource.ReviewerStatistics {creationUser=null, creationTimestamp=null, modificationUser=null, modificationTimestamp=null, id=0, accuracy=0.7, coverage=0.6, timelineReliability=0.92, totalEvaluationCoefficient=-1.0, reviewerId=3003, competitionTypeId=0, projectId=100, statisticsType=HISTORY, eligibilityPoints=0.0}]}
Error in method [com.cronos.onlinereview.review.payment.impl.DefaultReviewPaymentCalculator.computeReviewPayment(long projectId, double primaryPayment, double secondaryPaymentPool, ReviewerStatistics[] statistics)], details: InvalidReviewersStatisticsException is thrown when computing the review payments.
com.cronos.onlinereview.review.payment.InvalidReviewersStatisticsException: The timeline reliability must be in range [0, 1].
	at com.cronos.onlinereview.review.payment.impl.DefaultReviewPaymentCalculator.checkRange(DefaultReviewPaymentCalculator.java:544)
	at com.cronos.onlinereview.review.payment.impl.DefaultReviewPaymentCalculator.computeReviewPayment(DefaultReviewPaymentCalculator.java:360)
	at com.cronos.onlinereview.review.payment.failuretests.DefaultReviewPaymentCalculatorFailureTest.test_computeReviewPayment8(DefaultReviewPaymentCalculatorFailureTest.java:311)
	at sun.reflect.NativeMethodAccessorImpl.invoke0(Native Method)
	at sun.reflect.NativeMethodAccessorImpl.invoke(NativeMethodAccessorImpl.java:39)
	at sun.reflect.DelegatingMethodAccessorImpl.invoke(DelegatingMethodAccessorImpl.java:25)
	at java.lang.reflect.Method.invoke(Method.java:592)
	at junit.framework.TestCase.runTest(TestCase.java:168)
	at junit.framework.TestCase.runBare(TestCase.java:134)
	at junit.framework.TestResult$1.protect(TestResult.java:110)
	at junit.framework.TestResult.runProtected(TestResult.java:128)
	at junit.framework.TestResult.run(TestResult.java:113)
	at junit.framework.TestCase.run(TestCase.java:124)
	at junit.framework.TestSuite.runTest(TestSuite.java:232)
	at junit.framework.TestSuite.run(TestSuite.java:227)
	at junit.framework.TestSuite.runTest(TestSuite.java:232)
	at junit.framework.TestSuite.run(TestSuite.java:227)
	at junit.framework.TestSuite.runTest(TestSuite.java:232)
	at junit.framework.TestSuite.run(TestSuite.java:227)
	at org.apache.tools.ant.taskdefs.optional.junit.JUnitTestRunner.run(JUnitTestRunner.java:421)
	at org.apache.tools.ant.taskdefs.optional.junit.JUnitTestRunner.launch(JUnitTestRunner.java:912)
	at org.apache.tools.ant.taskdefs.optional.junit.JUnitTestRunner.main(JUnitTestRunner.java:766)

Entering method [com.cronos.onlinereview.review.payment.impl.DefaultReviewPaymentCalculator.computeReviewPayment(long projectId, double primaryPayment, double secondaryPaymentPool, ReviewerStatistics[] statistics)].
The parameters: {projectId=100, primaryPayment=300.0, secondaryPaymentPool=400.0, statistics=[com.topcoder.management.resource.ReviewerStatistics {creationUser=null, creationTimestamp=null, modificationUser=null, modificationTimestamp=null, id=0, accuracy=-1.0, coverage=-1.0, timelineReliability=0.9, totalEvaluationCoefficient=-1.0, reviewerId=3001, competitionTypeId=0, projectId=100, statisticsType=HISTORY, eligibilityPoints=0.0}, com.topcoder.management.resource.ReviewerStatistics {creationUser=null, creationTimestamp=null, modificationUser=null, modificationTimestamp=null, id=0, accuracy=0.8, coverage=0.9, timelineReliability=1.1, totalEvaluationCoefficient=-1.0, reviewerId=3002, competitionTypeId=0, projectId=100, statisticsType=HISTORY, eligibilityPoints=0.0}, com.topcoder.management.resource.ReviewerStatistics {creationUser=null, creationTimestamp=null, modificationUser=null, modificationTimestamp=null, id=0, accuracy=0.7, coverage=0.6, timelineReliability=0.92, totalEvaluationCoefficient=-1.0, reviewerId=3003, competitionTypeId=0, projectId=100, statisticsType=HISTORY, eligibilityPoints=0.0}]}
Error in method [com.cronos.onlinereview.review.payment.impl.DefaultReviewPaymentCalculator.computeReviewPayment(long projectId, double primaryPayment, double secondaryPaymentPool, ReviewerStatistics[] statistics)], details: InvalidReviewersStatisticsException is thrown when computing the review payments.
com.cronos.onlinereview.review.payment.InvalidReviewersStatisticsException: The timeline reliability must be in range [0, 1].
	at com.cronos.onlinereview.review.payment.impl.DefaultReviewPaymentCalculator.checkRange(DefaultReviewPaymentCalculator.java:544)
	at com.cronos.onlinereview.review.payment.impl.DefaultReviewPaymentCalculator.computeReviewPayment(DefaultReviewPaymentCalculator.java:441)
	at com.cronos.onlinereview.review.payment.impl.DefaultReviewPaymentCalculator.computeReviewPayment(DefaultReviewPaymentCalculator.java:379)
	at com.cronos.onlinereview.review.payment.failuretests.DefaultReviewPaymentCalculatorFailureTest.test_computeReviewPayment9(DefaultReviewPaymentCalculatorFailureTest.java:328)
	at sun.reflect.NativeMethodAccessorImpl.invoke0(Native Method)
	at sun.reflect.NativeMethodAccessorImpl.invoke(NativeMethodAccessorImpl.java:39)
	at sun.reflect.DelegatingMethodAccessorImpl.invoke(DelegatingMethodAccessorImpl.java:25)
	at java.lang.reflect.Method.invoke(Method.java:592)
	at junit.framework.TestCase.runTest(TestCase.java:168)
	at junit.framework.TestCase.runBare(TestCase.java:134)
	at junit.framework.TestResult$1.protect(TestResult.java:110)
	at junit.framework.TestResult.runProtected(TestResult.java:128)
	at junit.framework.TestResult.run(TestResult.java:113)
	at junit.framework.TestCase.run(TestCase.java:124)
	at junit.framework.TestSuite.runTest(TestSuite.java:232)
	at junit.framework.TestSuite.run(TestSuite.java:227)
	at junit.framework.TestSuite.runTest(TestSuite.java:232)
	at junit.framework.TestSuite.run(TestSuite.java:227)
	at junit.framework.TestSuite.runTest(TestSuite.java:232)
	at junit.framework.TestSuite.run(TestSuite.java:227)
	at org.apache.tools.ant.taskdefs.optional.junit.JUnitTestRunner.run(JUnitTestRunner.java:421)
	at org.apache.tools.ant.taskdefs.optional.junit.JUnitTestRunner.launch(JUnitTestRunner.java:912)
	at org.apache.tools.ant.taskdefs.optional.junit.JUnitTestRunner.main(JUnitTestRunner.java:766)

------------- ---------------- ---------------

Testcase: testDemo took 0.078 sec
Testcase: testCtor took 0.015 sec
Testcase: test_configure_1 took 0 sec
Testcase: test_configure_2 took 0.016 sec
Testcase: test_configure_configNull took 0 sec
Testcase: test_configure_loggerNameEmpty took 0 sec
Testcase: test_configure_loggerNameNotString took 0.016 sec
Testcase: test_configure_bonusPercentageEmpty took 0 sec
Testcase: test_configure_bonusPercentageNotString took 0 sec
Testcase: test_configure_bonusPercentageInvalid1 took 0.015 sec
Testcase: test_configure_bonusPercentageInvalid2 took 0 sec
Testcase: test_configure_bonusPercentageInvalid3 took 0.016 sec
Testcase: test_computeReviewPayment_1 took 0 sec
Testcase: test_computeReviewPayment_2 took 0.015 sec
Testcase: test_computeReviewPayment_3 took 0 sec
Testcase: test_computeReviewPayment_NoLogging took 0.016 sec
Testcase: test_computeReviewPayment_primaryPaymentZero took 0 sec
Testcase: test_computeReviewPayment_primaryPaymentZero_NoLogging took 0.016 sec
Testcase: test_computeReviewPayment_secondaryPaymentPoolZero took 0 sec
Testcase: test_computeReviewPayment_projectIdZero took 0.015 sec
Testcase: test_computeReviewPayment_statisticsNull took 0 sec
Testcase: test_computeReviewPayment_statisticsContainsNull took 0.016 sec
Testcase: test_computeReviewPayment_statisticsLengthInvalid took 0 sec
Testcase: test_computeReviewPayment_StatisticsTypeInvalid1 took 0.016 sec
Testcase: test_computeReviewPayment_StatisticsTypeInvalid2 took 0 sec
Testcase: test_computeReviewPayment_NoPrimaryReviewer took 0.015 sec
Testcase: test_computeReviewPayment_MultiplePrimaryReviewers took 0 sec
Testcase: test_computeReviewPayment_TimelineReliabilityInvalid1 took 0 sec
Testcase: test_computeReviewPayment_TimelineReliabilityInvalid2 took 0 sec
Testcase: test_computeReviewPayment_TimelineReliabilityInvalid3 took 0 sec
Testcase: test_computeReviewPayment_CoverageInvalid1 took 0 sec
Testcase: test_computeReviewPayment_CoverageInvalid2 took 0 sec
Testcase: test_computeReviewPayment_AccuracyInvalid1 took 0 sec
Testcase: test_computeReviewPayment_AccuracyInvalid2 took 0 sec
Testcase: test_computeReviewPayment_TotalEvaluationCoefficientInvalid1 took 0 sec
Testcase: test_computeReviewPayment_TotalEvaluationCoefficientInvalid2 took 0 sec
Testcase: test_computeReviewPayment_totalEvaluationCoefficientSumZero_NoLogging took 0 sec
Testcase: testCtor took 0 sec
Testcase: test_getReviewerId took 0 sec
Testcase: test_setReviewerId took 0 sec
Testcase: test_getProjectId took 0 sec
Testcase: test_setProjectId took 0 sec
Testcase: test_getPaymentAmount took 0 sec
Testcase: test_setPaymentAmount took 0 sec
Testcase: testInheritance took 0 sec
Testcase: testCtor1 took 0 sec
Testcase: testCtor2 took 0.016 sec
Testcase: testCtor3 took 0 sec
Testcase: testCtor4 took 0 sec
Testcase: testInheritance took 0 sec
Testcase: testCtor1 took 0 sec
Testcase: testCtor2 took 0 sec
Testcase: testCtor3 took 0 sec
Testcase: testCtor4 took 0 sec
Testcase: testInheritance took 0 sec
Testcase: testCtor1 took 0 sec
Testcase: testCtor2 took 0 sec
Testcase: testCtor3 took 0 sec
Testcase: testCtor4 took 0 sec
Testcase: testInvalidReviewersStatisticsExceptionString took 0 sec
Testcase: testInvalidReviewersStatisticsExceptionStringThrowable took 0 sec
Testcase: testInvalidReviewersStatisticsExceptionStringExceptionData took 0 sec
Testcase: testInvalidReviewersStatisticsExceptionStringThrowableExceptionData took 0 sec
Testcase: testReviewPaymentCalculatorExceptionString took 0 sec
Testcase: testReviewPaymentCalculatorExceptionStringThrowable took 0 sec
Testcase: testReviewPaymentCalculatorExceptionStringExceptionData took 0 sec
Testcase: testReviewPaymentCalculatorExceptionStringThrowableExceptionData took 0 sec
Testcase: testReviewPaymentCalculatorConfigurationExceptionString took 0 sec
Testcase: testReviewPaymentCalculatorConfigurationExceptionStringThrowable took 0 sec
Testcase: testReviewPaymentCalculatorConfigurationExceptionStringExceptionData took 0 sec
Testcase: testReviewPaymentCalculatorConfigurationExceptionStringThrowableExceptionData took 0 sec
Testcase: testSetGetReviewerIdAccuracy took 0 sec
Testcase: testSetGetProjectIdAccuracy took 0 sec
Testcase: testSetGetPaymentAmountAccuracy took 0 sec
Testcase: testConfigureLoggerName took 0 sec
Testcase: testConfigureBonusPercentage took 0 sec
Testcase: testComputePrimaryReviewerPayment took 0 sec
Testcase: testComputeAccuracyReviewerPayment took 0 sec
Testcase: testComputeStressReviewerPayment took 0 sec
Testcase: test_configure took 0 sec
Testcase: test_configure2 took 0 sec
Testcase: test_configure3 took 0 sec
Testcase: test_configure5 took 0 sec
Testcase: test_computeReviewPayment1 took 0.015 sec
Testcase: test_computeReviewPayment2 took 0 sec
Testcase: test_computeReviewPayment3 took 0 sec
Testcase: test_computeReviewPayment4 took 0 sec
Testcase: test_computeReviewPayment5 took 0 sec
Testcase: test_computeReviewPayment6 took 0 sec
Testcase: test_computeReviewPayment7 took 0 sec
Testcase: test_computeReviewPayment8 took 0 sec
Testcase: test_computeReviewPayment9 took 0 sec
Testcase: test_test took 0.016 sec
