<?xml version="1.0" encoding="UTF-8" ?>
<testsuite errors="0" failures="0" hostname="b00000016274" name="com.topcoder.web.reg.actions.photo.AllTests" tests="146" time="1.828" timestamp="2011-06-25T06:30:56">
  <properties>
[...]
</properties>
  <testcase classname="com.topcoder.web.reg.actions.photo.MemberPhotoRemovalExceptionTest" name="testMemberPhotoRemovalExceptionString" time="0.015" />
  <testcase classname="com.topcoder.web.reg.actions.photo.MemberPhotoRemovalExceptionTest" name="testMemberPhotoRemovalExceptionStringThrowable" time="0.0" />
  <testcase classname="com.topcoder.web.reg.actions.photo.MemberPhotoRemovalExceptionTest" name="testMemberPhotoRemovalExceptionStringExceptionData" time="0.0" />
  <testcase classname="com.topcoder.web.reg.actions.photo.MemberPhotoRemovalExceptionTest" name="testMemberPhotoRemovalExceptionStringCauseExceptionData" time="0.0" />
  <testcase classname="com.topcoder.web.reg.actions.photo.MemberPhotoActionConfigurationExceptionTest" name="testMemberPhotoActionConfigurationExceptionString" time="0.016" />
  <testcase classname="com.topcoder.web.reg.actions.photo.MemberPhotoActionConfigurationExceptionTest" name="testMemberPhotoActionConfigurationExceptionStringThrowable" time="0.0" />
  <testcase classname="com.topcoder.web.reg.actions.photo.MemberPhotoActionConfigurationExceptionTest" name="testMemberPhotoActionConfigurationExceptionStringExceptionData" time="0.0" />
  <testcase classname="com.topcoder.web.reg.actions.photo.MemberPhotoActionConfigurationExceptionTest" name="testMemberPhotoActionConfigurationExceptionStringCauseExceptionData" time="0.0" />
  <testcase classname="com.topcoder.web.reg.actions.photo.MemberPhotoUploadExceptionTest" name="testMemberPhotoUploadExceptionString" time="0.0" />
  <testcase classname="com.topcoder.web.reg.actions.photo.MemberPhotoUploadExceptionTest" name="testMemberPhotoUploadExceptionStringThrowable" time="0.0" />
  <testcase classname="com.topcoder.web.reg.actions.photo.MemberPhotoUploadExceptionTest" name="testMemberPhotoUploadExceptionStringExceptionData" time="0.0" />
  <testcase classname="com.topcoder.web.reg.actions.photo.MemberPhotoUploadExceptionTest" name="testMemberPhotoUploadExceptionStringCauseExceptionData" time="0.0" />
  <testcase classname="com.topcoder.web.reg.actions.photo.RemoveMemberPhotoActionTest" name="test_RemoveMemberPhotoAction0" time="0.125" />
  <testcase classname="com.topcoder.web.reg.actions.photo.RemoveMemberPhotoActionTest" name="test_execute" time="0.468" />
  <testcase classname="com.topcoder.web.reg.actions.photo.RemoveMemberPhotoActionTest" name="test_execute2" time="0.016" />
  <testcase classname="com.topcoder.web.reg.actions.photo.RemoveMemberPhotoActionTest" name="test_execute3" time="0.031" />
  <testcase classname="com.topcoder.web.reg.actions.photo.RemoveMemberPhotoActionTest" name="test_execute4" time="0.016" />
  <testcase classname="com.topcoder.web.reg.actions.photo.RemoveMemberPhotoActionTest" name="test_execute5" time="0.015" />
  <testcase classname="com.topcoder.web.reg.actions.photo.RemoveMemberPhotoActionTest" name="test_checkParameters0" time="0.0" />
  <testcase classname="com.topcoder.web.reg.actions.photo.RemoveMemberPhotoActionTest" name="test_checkParameters1" time="0.0" />
  <testcase classname="com.topcoder.web.reg.actions.photo.RemoveMemberPhotoActionTest" name="test_checkParameters2" time="0.016" />
  <testcase classname="com.topcoder.web.reg.actions.photo.RemoveMemberPhotoActionTest" name="test_checkParameters3" time="0.0" />
  <testcase classname="com.topcoder.web.reg.actions.photo.RemoveMemberPhotoActionTest" name="test_checkParameters4" time="0.015" />
  <testcase classname="com.topcoder.web.reg.actions.photo.RemoveMemberPhotoActionTest" name="test_checkParameters5" time="0.0" />
  <testcase classname="com.topcoder.web.reg.actions.photo.RemoveMemberPhotoActionTest" name="test_checkParameters6" time="0.0" />
  <testcase classname="com.topcoder.web.reg.actions.photo.RemoveMemberPhotoActionTest" name="test_checkParameters7" time="0.0" />
  <testcase classname="com.topcoder.web.reg.actions.photo.RemoveMemberPhotoActionTest" name="test_checkParameters11" time="0.0" />
  <testcase classname="com.topcoder.web.reg.actions.photo.RemoveMemberPhotoActionTest" name="test_checkParameters12" time="0.016" />
  <testcase classname="com.topcoder.web.reg.actions.photo.RemoveMemberPhotoActionTest" name="test_checkParameters8" time="0.0" />
  <testcase classname="com.topcoder.web.reg.actions.photo.RemoveMemberPhotoActionTest" name="test_checkParameters9" time="0.0" />
  <testcase classname="com.topcoder.web.reg.actions.photo.RemoveMemberPhotoActionTest" name="testGetDocumentGenerator" time="0.015" />
  <testcase classname="com.topcoder.web.reg.actions.photo.RemoveMemberPhotoActionTest" name="testSetDocumentGenerator" time="0.0" />
  <testcase classname="com.topcoder.web.reg.actions.photo.RemoveMemberPhotoActionTest" name="testGetRemovalReasonParameterName" time="0.016" />
  <testcase classname="com.topcoder.web.reg.actions.photo.RemoveMemberPhotoActionTest" name="testSetRemovalReasonParameterName" time="0.0" />
  <testcase classname="com.topcoder.web.reg.actions.photo.RemoveMemberPhotoActionTest" name="testGetEmailSendFlag" time="0.0" />
  <testcase classname="com.topcoder.web.reg.actions.photo.RemoveMemberPhotoActionTest" name="testSetEmailSendFlag" time="0.0" />
  <testcase classname="com.topcoder.web.reg.actions.photo.RemoveMemberPhotoActionTest" name="testGetPhotoRemovedDirectory" time="0.0" />
  <testcase classname="com.topcoder.web.reg.actions.photo.RemoveMemberPhotoActionTest" name="testSetPhotoRemovedDirectory" time="0.0" />
  <testcase classname="com.topcoder.web.reg.actions.photo.RemoveMemberPhotoActionTest" name="testGetEmailBodyTemplateFileName" time="0.0" />
  <testcase classname="com.topcoder.web.reg.actions.photo.RemoveMemberPhotoActionTest" name="testSetEmailBodyTemplateFileName" time="0.0" />
  <testcase classname="com.topcoder.web.reg.actions.photo.RemoveMemberPhotoActionTest" name="testGetEmailSubject" time="0.0" />
  <testcase classname="com.topcoder.web.reg.actions.photo.RemoveMemberPhotoActionTest" name="testSetEmailSubject" time="0.0" />
  <testcase classname="com.topcoder.web.reg.actions.photo.RemoveMemberPhotoActionTest" name="testGetFromEmailAddress" time="0.0" />
  <testcase classname="com.topcoder.web.reg.actions.photo.RemoveMemberPhotoActionTest" name="testSetFromEmailAddress" time="0.016" />
  <testcase classname="com.topcoder.web.reg.actions.photo.RemoveMemberPhotoActionTest" name="test_setServletRequest" time="0.0" />
  <testcase classname="com.topcoder.web.reg.actions.photo.UploadMemberPhotoActionTest" name="test_execute" time="0.016" />
  <testcase classname="com.topcoder.web.reg.actions.photo.UploadMemberPhotoActionTest" name="test_execute2" time="0.171" />
  <testcase classname="com.topcoder.web.reg.actions.photo.UploadMemberPhotoActionTest" name="test_execute4" time="0.11" />
  <testcase classname="com.topcoder.web.reg.actions.photo.UploadMemberPhotoActionTest" name="test_execute5" time="0.015" />
  <testcase classname="com.topcoder.web.reg.actions.photo.UploadMemberPhotoActionTest" name="test_checkParameters0" time="0.0" />
  <testcase classname="com.topcoder.web.reg.actions.photo.UploadMemberPhotoActionTest" name="test_checkParameters3" time="0.0" />
  <testcase classname="com.topcoder.web.reg.actions.photo.UploadMemberPhotoActionTest" name="test_checkParameters4" time="0.0" />
  <testcase classname="com.topcoder.web.reg.actions.photo.UploadMemberPhotoActionTest" name="test_checkParameters5" time="0.0" />
  <testcase classname="com.topcoder.web.reg.actions.photo.UploadMemberPhotoActionTest" name="test_checkParameters6" time="0.0" />
  <testcase classname="com.topcoder.web.reg.actions.photo.UploadMemberPhotoActionTest" name="test_checkParameters7" time="0.0" />
  <testcase classname="com.topcoder.web.reg.actions.photo.UploadMemberPhotoActionTest" name="test_checkParameters11" time="0.0" />
  <testcase classname="com.topcoder.web.reg.actions.photo.UploadMemberPhotoActionTest" name="test_checkParameters12" time="0.0" />
  <testcase classname="com.topcoder.web.reg.actions.photo.UploadMemberPhotoActionTest" name="test_checkParameters8" time="0.0" />
  <testcase classname="com.topcoder.web.reg.actions.photo.UploadMemberPhotoActionTest" name="test_checkParameters9" time="0.0" />
  <testcase classname="com.topcoder.web.reg.actions.photo.UploadMemberPhotoActionTest" name="test_setServletRequest" time="0.0" />
  <testcase classname="com.topcoder.web.reg.actions.photo.UploadMemberPhotoActionTest" name="test_UploadMemberPhotoAction0" time="0.0" />
  <testcase classname="com.topcoder.web.reg.actions.photo.UploadMemberPhotoActionTest" name="test_execute8" time="0.0" />
  <testcase classname="com.topcoder.web.reg.actions.photo.UploadMemberPhotoActionTest" name="test_execute9" time="0.016" />
  <testcase classname="com.topcoder.web.reg.actions.photo.UploadMemberPhotoActionTest" name="test_execute10" time="0.0" />
  <testcase classname="com.topcoder.web.reg.actions.photo.UploadMemberPhotoActionTest" name="test_execute11" time="0.016" />
  <testcase classname="com.topcoder.web.reg.actions.photo.UploadMemberPhotoActionTest" name="testGetTargetImageHeight" time="0.0" />
  <testcase classname="com.topcoder.web.reg.actions.photo.UploadMemberPhotoActionTest" name="testSetTargetImageHeight" time="0.0" />
  <testcase classname="com.topcoder.web.reg.actions.photo.UploadMemberPhotoActionTest" name="testGetTargetImageWidth" time="0.0" />
  <testcase classname="com.topcoder.web.reg.actions.photo.UploadMemberPhotoActionTest" name="testSetTargetImageWidth" time="0.015" />
  <testcase classname="com.topcoder.web.reg.actions.photo.UploadMemberPhotoActionTest" name="test_setUploadFileName" time="0.0" />
  <testcase classname="com.topcoder.web.reg.actions.photo.UploadMemberPhotoActionTest" name="test_setUploadContentType" time="0.0" />
  <testcase classname="com.topcoder.web.reg.actions.photo.UploadMemberPhotoActionTest" name="test_setUpload" time="0.0" />
  <testcase classname="com.topcoder.web.reg.actions.photo.UploadMemberPhotoActionTest" name="testGetTargetImageRightCornerYParameterName" time="0.0" />
  <testcase classname="com.topcoder.web.reg.actions.photo.UploadMemberPhotoActionTest" name="testSetTargetImageRightCornerYParameterName" time="0.0" />
  <testcase classname="com.topcoder.web.reg.actions.photo.UploadMemberPhotoActionTest" name="testGetTargetImageRightCornerXParameterName" time="0.0" />
  <testcase classname="com.topcoder.web.reg.actions.photo.UploadMemberPhotoActionTest" name="testSetTargetImageRightCornerXParameterName" time="0.0" />
  <testcase classname="com.topcoder.web.reg.actions.photo.UploadMemberPhotoActionTest" name="testGetTargetImageLeftCornerYParameterName" time="0.0" />
  <testcase classname="com.topcoder.web.reg.actions.photo.UploadMemberPhotoActionTest" name="testSetTargetImageLeftCornerYParameterName" time="0.0" />
  <testcase classname="com.topcoder.web.reg.actions.photo.UploadMemberPhotoActionTest" name="testGetTargetImageLeftCornerXParameterName" time="0.0" />
  <testcase classname="com.topcoder.web.reg.actions.photo.UploadMemberPhotoActionTest" name="testSetTargetImageLeftCornerXParameterName" time="0.0" />
  <testcase classname="com.topcoder.web.reg.actions.photo.UploadMemberPhotoActionTest" name="testGetOriginalImageFileNameParameterName" time="0.0" />
  <testcase classname="com.topcoder.web.reg.actions.photo.UploadMemberPhotoActionTest" name="testSetOriginalImageFileNameParameterName" time="0.0" />
  <testcase classname="com.topcoder.web.reg.actions.photo.UploadMemberPhotoActionTest" name="testGetPreviewImageFileNameParameterName" time="0.0" />
  <testcase classname="com.topcoder.web.reg.actions.photo.UploadMemberPhotoActionTest" name="testSetPreviewImageFileNameParameterName" time="0.0" />
  <testcase classname="com.topcoder.web.reg.actions.photo.UploadMemberPhotoActionTest" name="testGetPhotoPreviewDirectory" time="0.0" />
  <testcase classname="com.topcoder.web.reg.actions.photo.UploadMemberPhotoActionTest" name="testSetPhotoPreviewDirectory" time="0.0" />
  <testcase classname="com.topcoder.web.reg.actions.photo.UploadMemberPhotoActionTest" name="testGetSubmittedActionParameterName" time="0.0" />
  <testcase classname="com.topcoder.web.reg.actions.photo.UploadMemberPhotoActionTest" name="testSetSubmittedActionParameterName" time="0.0" />
  <testcase classname="com.topcoder.web.reg.actions.photo.UploadMemberPhotoActionTest" name="testGetRreviewSuccessUrlSuffix" time="0.0" />
  <testcase classname="com.topcoder.web.reg.actions.photo.UploadMemberPhotoActionTest" name="testGetAllowedContentTypesFileExtensions" time="0.0" />
  <testcase classname="com.topcoder.web.reg.actions.photo.UploadMemberPhotoActionTest" name="testSetAllowedContentTypesFileExtensions" time="0.0" />
  <testcase classname="com.topcoder.web.reg.actions.photo.BaseMemberPhotoActionTest" name="test_checkParameters0" time="0.0" />
  <testcase classname="com.topcoder.web.reg.actions.photo.BaseMemberPhotoActionTest" name="test_checkParameters1" time="0.0" />
  <testcase classname="com.topcoder.web.reg.actions.photo.BaseMemberPhotoActionTest" name="test_checkParameters2" time="0.0" />
  <testcase classname="com.topcoder.web.reg.actions.photo.BaseMemberPhotoActionTest" name="test_checkParameters3" time="0.0" />
  <testcase classname="com.topcoder.web.reg.actions.photo.BaseMemberPhotoActionTest" name="test_checkParameters4" time="0.0" />
  <testcase classname="com.topcoder.web.reg.actions.photo.BaseMemberPhotoActionTest" name="test_checkParameters5" time="0.0" />
  <testcase classname="com.topcoder.web.reg.actions.photo.BaseMemberPhotoActionTest" name="test_checkParameters6" time="0.0" />
  <testcase classname="com.topcoder.web.reg.actions.photo.BaseMemberPhotoActionTest" name="test_checkParameters7" time="0.0" />
  <testcase classname="com.topcoder.web.reg.actions.photo.BaseMemberPhotoActionTest" name="test_BaseMemberPhotoAction0" time="0.0" />
  <testcase classname="com.topcoder.web.reg.actions.photo.BaseMemberPhotoActionTest" name="testGetAuthenticationSessionKey" time="0.0" />
  <testcase classname="com.topcoder.web.reg.actions.photo.BaseMemberPhotoActionTest" name="testSetAuthenticationSessionKey" time="0.0" />
  <testcase classname="com.topcoder.web.reg.actions.photo.BaseMemberPhotoActionTest" name="testGetUserDAO" time="0.0" />
  <testcase classname="com.topcoder.web.reg.actions.photo.BaseMemberPhotoActionTest" name="testSetUserDAO" time="0.0" />
  <testcase classname="com.topcoder.web.reg.actions.photo.BaseMemberPhotoActionTest" name="testGetAuditDAO" time="0.0" />
  <testcase classname="com.topcoder.web.reg.actions.photo.BaseMemberPhotoActionTest" name="testSetAuditDAO" time="0.0" />
  <testcase classname="com.topcoder.web.reg.actions.photo.BaseMemberPhotoActionTest" name="testGetMemberPhotoManager" time="0.0" />
  <testcase classname="com.topcoder.web.reg.actions.photo.BaseMemberPhotoActionTest" name="testSetMemberPhotoManager" time="0.0" />
  <testcase classname="com.topcoder.web.reg.actions.photo.BaseMemberPhotoActionTest" name="testGetLog" time="0.0" />
  <testcase classname="com.topcoder.web.reg.actions.photo.BaseMemberPhotoActionTest" name="testSetLog" time="0.0" />
  <testcase classname="com.topcoder.web.reg.actions.photo.BaseMemberPhotoActionTest" name="testGetPhotoStoredDirectory" time="0.0" />
  <testcase classname="com.topcoder.web.reg.actions.photo.BaseMemberPhotoActionTest" name="testSetPhotoStoredDirectory" time="0.0" />
  <testcase classname="com.topcoder.web.reg.actions.photo.BaseMemberPhotoActionTest" name="test_move" time="0.015" />
  <testcase classname="com.topcoder.web.reg.actions.photo.BaseMemberPhotoActionTest" name="test_logRequestParameter" time="0.0" />
  <testcase classname="com.topcoder.web.reg.actions.photo.accuracytests.RemoveMemberPhotoActionAccuracyTests" name="test_execute_Acc" time="0.094" />
  <testcase classname="com.topcoder.web.reg.actions.photo.accuracytests.UploadMemberPhotoActionAccuracyTests" name="test_execute_Acc1" time="0.0" />
  <testcase classname="com.topcoder.web.reg.actions.photo.accuracytests.UploadMemberPhotoActionAccuracyTests" name="test_execute_Acc2" time="0.031" />
  <testcase classname="com.topcoder.web.reg.actions.photo.accuracytests.UploadMemberPhotoActionAccuracyTests" name="test_execute_Acc3" time="0.031" />
  <testcase classname="com.topcoder.web.reg.actions.photo.failuretests.RemoveMemberPhotoActionFailureTest" name="test_execute" time="0.016" />
  <testcase classname="com.topcoder.web.reg.actions.photo.failuretests.RemoveMemberPhotoActionFailureTest" name="test_execute2" time="0.0" />
  <testcase classname="com.topcoder.web.reg.actions.photo.failuretests.RemoveMemberPhotoActionFailureTest" name="test_execute3" time="0.015" />
  <testcase classname="com.topcoder.web.reg.actions.photo.failuretests.RemoveMemberPhotoActionFailureTest" name="test_checkParameters2" time="0.0" />
  <testcase classname="com.topcoder.web.reg.actions.photo.failuretests.RemoveMemberPhotoActionFailureTest" name="test_checkParameters3" time="0.0" />
  <testcase classname="com.topcoder.web.reg.actions.photo.failuretests.RemoveMemberPhotoActionFailureTest" name="test_checkParameters4" time="0.0" />
  <testcase classname="com.topcoder.web.reg.actions.photo.failuretests.RemoveMemberPhotoActionFailureTest" name="test_checkParameters5" time="0.0" />
  <testcase classname="com.topcoder.web.reg.actions.photo.failuretests.RemoveMemberPhotoActionFailureTest" name="test_checkParameters6" time="0.0" />
  <testcase classname="com.topcoder.web.reg.actions.photo.failuretests.RemoveMemberPhotoActionFailureTest" name="test_checkParameters7" time="0.0" />
  <testcase classname="com.topcoder.web.reg.actions.photo.failuretests.RemoveMemberPhotoActionFailureTest" name="test_checkParameters" time="0.0" />
  <testcase classname="com.topcoder.web.reg.actions.photo.failuretests.UploadMemberPhotoActionFailureTest" name="test_execute" time="0.0" />
  <testcase classname="com.topcoder.web.reg.actions.photo.failuretests.UploadMemberPhotoActionFailureTest" name="test_execute2" time="0.0" />
  <testcase classname="com.topcoder.web.reg.actions.photo.failuretests.UploadMemberPhotoActionFailureTest" name="test_execute3" time="0.0" />
  <testcase classname="com.topcoder.web.reg.actions.photo.failuretests.UploadMemberPhotoActionFailureTest" name="test_checkParameters2" time="0.0" />
  <testcase classname="com.topcoder.web.reg.actions.photo.failuretests.UploadMemberPhotoActionFailureTest" name="test_checkParameters3" time="0.0" />
  <testcase classname="com.topcoder.web.reg.actions.photo.failuretests.UploadMemberPhotoActionFailureTest" name="test_checkParameters4" time="0.0" />
  <testcase classname="com.topcoder.web.reg.actions.photo.failuretests.UploadMemberPhotoActionFailureTest" name="test_checkParameters5" time="0.0" />
  <testcase classname="com.topcoder.web.reg.actions.photo.failuretests.UploadMemberPhotoActionFailureTest" name="test_checkParameters6" time="0.0" />
  <testcase classname="com.topcoder.web.reg.actions.photo.failuretests.UploadMemberPhotoActionFailureTest" name="test_checkParameters7" time="0.0" />
  <testcase classname="com.topcoder.web.reg.actions.photo.failuretests.UploadMemberPhotoActionFailureTest" name="test_checkParameters8" time="0.0" />
  <testcase classname="com.topcoder.web.reg.actions.photo.failuretests.UploadMemberPhotoActionFailureTest" name="test_checkParameters9" time="0.0" />
  <testcase classname="com.topcoder.web.reg.actions.photo.failuretests.UploadMemberPhotoActionFailureTest" name="test_checkParameters" time="0.0" />
  <testcase classname="com.topcoder.web.reg.actions.photo.failuretests.UploadMemberPhotoActionFailureTest" name="test_checkParameters10" time="0.0" />
  <testcase classname="com.topcoder.web.reg.actions.photo.failuretests.UploadMemberPhotoActionFailureTest" name="test_execute12" time="0.0" />
  <testcase classname="com.topcoder.web.reg.actions.photo.failuretests.UploadMemberPhotoActionFailureTest" name="test_execute13" time="0.0" />
  <testcase classname="com.topcoder.web.reg.actions.photo.failuretests.UploadMemberPhotoActionFailureTest" name="test_execute14" time="0.0" />
  <testcase classname="com.topcoder.web.reg.actions.photo.failuretests.UploadMemberPhotoActionFailureTest" name="test_execute15" time="0.0" />
  <testcase classname="com.topcoder.web.reg.actions.photo.failuretests.UploadMemberPhotoActionFailureTest" name="test_execute16" time="0.0" />
  <system-out><![CDATA[Entering method [RemoveMemberPhotoAction.execute].
[Input parameters[{removalReason}:{I just want to remove it}]]
Exiting method [RemoveMemberPhotoAction.execute].
Output parameter: success
Entering method [RemoveMemberPhotoAction.execute].
[Input parameters[{removalReason}:{I just want to remove it}]]
Error in method [RemoveMemberPhotoAction.execute], details: The BasicAuthentication should be injected for key 'authenticationkey'.
com.topcoder.web.reg.actions.photo.MemberPhotoRemovalException: The BasicAuthentication should be injected for key 'authenticationkey'.
	at com.topcoder.web.reg.actions.photo.RemoveMemberPhotoAction.getActiveUserId(RemoveMemberPhotoAction.java:286)
	at com.topcoder.web.reg.actions.photo.RemoveMemberPhotoAction.execute(RemoveMemberPhotoAction.java:157)
	at com.topcoder.web.reg.actions.photo.RemoveMemberPhotoActionTest.test_execute2(RemoveMemberPhotoActionTest.java:139)
	at sun.reflect.NativeMethodAccessorImpl.invoke0(Native Method)
	at sun.reflect.NativeMethodAccessorImpl.invoke(NativeMethodAccessorImpl.java:39)
	at sun.reflect.DelegatingMethodAccessorImpl.invoke(DelegatingMethodAccessorImpl.java:25)
	at java.lang.reflect.Method.invoke(Method.java:597)
	at junit.framework.TestCase.runTest(TestCase.java:164)
	at junit.framework.TestCase.runBare(TestCase.java:130)
	at junit.framework.TestResult$1.protect(TestResult.java:106)
	at junit.framework.TestResult.runProtected(TestResult.java:124)
	at junit.framework.TestResult.run(TestResult.java:109)
	at junit.framework.TestCase.run(TestCase.java:120)
	at junit.framework.TestSuite.runTest(TestSuite.java:230)
	at junit.framework.TestSuite.run(TestSuite.java:225)
	at junit.framework.TestSuite.runTest(TestSuite.java:230)
	at junit.framework.TestSuite.run(TestSuite.java:225)
	at junit.framework.TestSuite.runTest(TestSuite.java:230)
	at junit.framework.TestSuite.run(TestSuite.java:225)
	at org.apache.tools.ant.taskdefs.optional.junit.JUnitTestRunner.run(JUnitTestRunner.java:420)
	at org.apache.tools.ant.taskdefs.optional.junit.JUnitTestRunner.launch(JUnitTestRunner.java:911)
	at org.apache.tools.ant.taskdefs.optional.junit.JUnitTestRunner.main(JUnitTestRunner.java:768)

Entering method [RemoveMemberPhotoAction.execute].
[Input parameters[{removalReason}:{I just want to remove it}]]
Error in method [RemoveMemberPhotoAction.execute], details: AddressException occurs when removing the photo
com.topcoder.web.reg.actions.photo.MemberPhotoRemovalException: AddressException occurs when removing the photo
	at com.topcoder.web.reg.actions.photo.RemoveMemberPhotoAction.sendNotification(RemoveMemberPhotoAction.java:243)
	at com.topcoder.web.reg.actions.photo.RemoveMemberPhotoAction.execute(RemoveMemberPhotoAction.java:189)
	at com.topcoder.web.reg.actions.photo.RemoveMemberPhotoActionTest.test_execute3(RemoveMemberPhotoActionTest.java:166)
	at sun.reflect.NativeMethodAccessorImpl.invoke0(Native Method)
	at sun.reflect.NativeMethodAccessorImpl.invoke(NativeMethodAccessorImpl.java:39)
	at sun.reflect.DelegatingMethodAccessorImpl.invoke(DelegatingMethodAccessorImpl.java:25)
	at java.lang.reflect.Method.invoke(Method.java:597)
	at junit.framework.TestCase.runTest(TestCase.java:164)
	at junit.framework.TestCase.runBare(TestCase.java:130)
	at junit.framework.TestResult$1.protect(TestResult.java:106)
	at junit.framework.TestResult.runProtected(TestResult.java:124)
	at junit.framework.TestResult.run(TestResult.java:109)
	at junit.framework.TestCase.run(TestCase.java:120)
	at junit.framework.TestSuite.runTest(TestSuite.java:230)
	at junit.framework.TestSuite.run(TestSuite.java:225)
	at junit.framework.TestSuite.runTest(TestSuite.java:230)
	at junit.framework.TestSuite.run(TestSuite.java:225)
	at junit.framework.TestSuite.runTest(TestSuite.java:230)
	at junit.framework.TestSuite.run(TestSuite.java:225)
	at org.apache.tools.ant.taskdefs.optional.junit.JUnitTestRunner.run(JUnitTestRunner.java:420)
	at org.apache.tools.ant.taskdefs.optional.junit.JUnitTestRunner.launch(JUnitTestRunner.java:911)
	at org.apache.tools.ant.taskdefs.optional.junit.JUnitTestRunner.main(JUnitTestRunner.java:768)
Caused by: com.topcoder.message.email.AddressException: Invalid Address
	at com.topcoder.message.email.TCSEmailMessage.setFromAddress(TCSEmailMessage.java:449)
	at com.topcoder.web.reg.actions.photo.RemoveMemberPhotoAction.sendNotification(RemoveMemberPhotoAction.java:236)
	... 21 more
Caused by: javax.mail.internet.AddressException: Illegal character in local name in string ``:?+/\''
	at javax.mail.internet.InternetAddress.checkAddress(InternetAddress.java:929)
	at javax.mail.internet.InternetAddress.parse(InternetAddress.java:819)
	at javax.mail.internet.InternetAddress.parse(InternetAddress.java:555)
	at javax.mail.internet.InternetAddress.<init>(InternetAddress.java:91)
	at com.topcoder.message.email.TCSEmailMessage.setFromAddress(TCSEmailMessage.java:447)
	... 22 more

Entering method [RemoveMemberPhotoAction.execute].
[Input parameters[{removalReason}:{I just want to remove it}]]
Error in method [RemoveMemberPhotoAction.execute], details: TemplateSourceException occurs when removing the photo
com.topcoder.web.reg.actions.photo.MemberPhotoRemovalException: TemplateSourceException occurs when removing the photo
	at com.topcoder.web.reg.actions.photo.RemoveMemberPhotoAction.sendNotification(RemoveMemberPhotoAction.java:247)
	at com.topcoder.web.reg.actions.photo.RemoveMemberPhotoAction.execute(RemoveMemberPhotoAction.java:189)
	at com.topcoder.web.reg.actions.photo.RemoveMemberPhotoActionTest.test_execute4(RemoveMemberPhotoActionTest.java:193)
	at sun.reflect.NativeMethodAccessorImpl.invoke0(Native Method)
	at sun.reflect.NativeMethodAccessorImpl.invoke(NativeMethodAccessorImpl.java:39)
	at sun.reflect.DelegatingMethodAccessorImpl.invoke(DelegatingMethodAccessorImpl.java:25)
	at java.lang.reflect.Method.invoke(Method.java:597)
	at junit.framework.TestCase.runTest(TestCase.java:164)
	at junit.framework.TestCase.runBare(TestCase.java:130)
	at junit.framework.TestResult$1.protect(TestResult.java:106)
	at junit.framework.TestResult.runProtected(TestResult.java:124)
	at junit.framework.TestResult.run(TestResult.java:109)
	at junit.framework.TestCase.run(TestCase.java:120)
	at junit.framework.TestSuite.runTest(TestSuite.java:230)
	at junit.framework.TestSuite.run(TestSuite.java:225)
	at junit.framework.TestSuite.runTest(TestSuite.java:230)
	at junit.framework.TestSuite.run(TestSuite.java:225)
	at junit.framework.TestSuite.runTest(TestSuite.java:230)
	at junit.framework.TestSuite.run(TestSuite.java:225)
	at org.apache.tools.ant.taskdefs.optional.junit.JUnitTestRunner.run(JUnitTestRunner.java:420)
	at org.apache.tools.ant.taskdefs.optional.junit.JUnitTestRunner.launch(JUnitTestRunner.java:911)
	at org.apache.tools.ant.taskdefs.optional.junit.JUnitTestRunner.main(JUnitTestRunner.java:768)
Caused by: com.topcoder.util.file.templatesource.TemplateSourceException: Cannot read template from file
	at com.topcoder.util.file.templatesource.FileTemplateSource.getTemplate(FileTemplateSource.java:81)
	at com.topcoder.util.file.DocumentGenerator.getTemplate(DocumentGenerator.java:329)
	at com.topcoder.util.file.DocumentGenerator.getTemplate(DocumentGenerator.java:288)
	at com.topcoder.web.reg.actions.photo.RemoveMemberPhotoAction.sendNotification(RemoveMemberPhotoAction.java:225)
	... 21 more
Caused by: java.io.FileNotFoundException: the file doesn't exist (系统找不到指定的文件。)
	at java.io.FileInputStream.open(Native Method)
	at java.io.FileInputStream.<init>(FileInputStream.java:120)
	at java.io.FileInputStream.<init>(FileInputStream.java:79)
	at java.io.FileReader.<init>(FileReader.java:41)
	at com.topcoder.util.file.Util.getBufferedReaderFromFileOrResource(Util.java:151)
	at com.topcoder.util.file.templatesource.FileTemplateSource.getTemplate(FileTemplateSource.java:79)
	... 24 more

Entering method [RemoveMemberPhotoAction.execute].
[Input parameters[{removalReason}:{I just want to remove it}]]
Error in method [RemoveMemberPhotoAction.execute], details: TemplateFormatException occurs when removing the photo
com.topcoder.web.reg.actions.photo.MemberPhotoRemovalException: TemplateFormatException occurs when removing the photo
	at com.topcoder.web.reg.actions.photo.RemoveMemberPhotoAction.sendNotification(RemoveMemberPhotoAction.java:261)
	at com.topcoder.web.reg.actions.photo.RemoveMemberPhotoAction.execute(RemoveMemberPhotoAction.java:189)
	at com.topcoder.web.reg.actions.photo.RemoveMemberPhotoActionTest.test_execute5(RemoveMemberPhotoActionTest.java:220)
	at sun.reflect.NativeMethodAccessorImpl.invoke0(Native Method)
	at sun.reflect.NativeMethodAccessorImpl.invoke(NativeMethodAccessorImpl.java:39)
	at sun.reflect.DelegatingMethodAccessorImpl.invoke(DelegatingMethodAccessorImpl.java:25)
	at java.lang.reflect.Method.invoke(Method.java:597)
	at junit.framework.TestCase.runTest(TestCase.java:164)
	at junit.framework.TestCase.runBare(TestCase.java:130)
	at junit.framework.TestResult$1.protect(TestResult.java:106)
	at junit.framework.TestResult.runProtected(TestResult.java:124)
	at junit.framework.TestResult.run(TestResult.java:109)
	at junit.framework.TestCase.run(TestCase.java:120)
	at junit.framework.TestSuite.runTest(TestSuite.java:230)
	at junit.framework.TestSuite.run(TestSuite.java:225)
	at junit.framework.TestSuite.runTest(TestSuite.java:230)
	at junit.framework.TestSuite.run(TestSuite.java:225)
	at junit.framework.TestSuite.runTest(TestSuite.java:230)
	at junit.framework.TestSuite.run(TestSuite.java:225)
	at org.apache.tools.ant.taskdefs.optional.junit.JUnitTestRunner.run(JUnitTestRunner.java:420)
	at org.apache.tools.ant.taskdefs.optional.junit.JUnitTestRunner.launch(JUnitTestRunner.java:911)
	at org.apache.tools.ant.taskdefs.optional.junit.JUnitTestRunner.main(JUnitTestRunner.java:768)
Caused by: com.topcoder.util.file.TemplateFormatException: The text [()+:/] have forbidden chars : {}%:=\
	at com.topcoder.util.file.xslttemplate.XsltTemplate.parseNodeList(XsltTemplate.java:775)
	at com.topcoder.util.file.xslttemplate.XsltTemplate.setTemplate(XsltTemplate.java:331)
	at com.topcoder.util.file.DocumentGenerator.parseTemplate(DocumentGenerator.java:368)
	at com.topcoder.util.file.DocumentGenerator.getTemplate(DocumentGenerator.java:329)
	at com.topcoder.util.file.DocumentGenerator.getTemplate(DocumentGenerator.java:288)
	at com.topcoder.web.reg.actions.photo.RemoveMemberPhotoAction.sendNotification(RemoveMemberPhotoAction.java:225)
	... 21 more

Entering method [UploadMemberPhotoAction.execute].
[Input parameters[]]
Exiting method [UploadMemberPhotoAction.execute].
Output parameter: previewSuccess
Entering method [UploadMemberPhotoAction.execute].
[Input parameters[{previewImageParam}:{toCommit.gif},{actionname}:{commit}]]
Exiting method [UploadMemberPhotoAction.execute].
Output parameter: success
Entering method [UploadMemberPhotoAction.execute].
[Input parameters[{previewImageParam}:{toCommit.gif},{actionname}:{commit},{rightY}:{x}]]
Exiting method [UploadMemberPhotoAction.execute].
Output parameter: success
Entering method [UploadMemberPhotoAction.execute].
[Input parameters[{previewImageParam}:{toCommit.gif},{actionname}:{commit},{rightY}:{40},{leftY}:{20},{rightX}:{60},{leftX}:{20}]]
Exiting method [UploadMemberPhotoAction.execute].
Output parameter: success
Entering method [UploadMemberPhotoAction.execute].
[Input parameters[{previewImageParam}:{toCommit.gif},{actionname}:{commit}]]
Error in method [UploadMemberPhotoAction.execute], details: The BasicAuthentication should be injected.
com.topcoder.web.reg.actions.photo.MemberPhotoUploadException: The BasicAuthentication should be injected.
	at com.topcoder.web.reg.actions.photo.UploadMemberPhotoAction.getActiveUserId(UploadMemberPhotoAction.java:447)
	at com.topcoder.web.reg.actions.photo.UploadMemberPhotoAction.execute(UploadMemberPhotoAction.java:241)
	at com.topcoder.web.reg.actions.photo.UploadMemberPhotoActionTest.test_execute8(UploadMemberPhotoActionTest.java:268)
	at sun.reflect.NativeMethodAccessorImpl.invoke0(Native Method)
	at sun.reflect.NativeMethodAccessorImpl.invoke(NativeMethodAccessorImpl.java:39)
	at sun.reflect.DelegatingMethodAccessorImpl.invoke(DelegatingMethodAccessorImpl.java:25)
	at java.lang.reflect.Method.invoke(Method.java:597)
	at junit.framework.TestCase.runTest(TestCase.java:164)
	at junit.framework.TestCase.runBare(TestCase.java:130)
	at junit.framework.TestResult$1.protect(TestResult.java:106)
	at junit.framework.TestResult.runProtected(TestResult.java:124)
	at junit.framework.TestResult.run(TestResult.java:109)
	at junit.framework.TestCase.run(TestCase.java:120)
	at junit.framework.TestSuite.runTest(TestSuite.java:230)
	at junit.framework.TestSuite.run(TestSuite.java:225)
	at junit.framework.TestSuite.runTest(TestSuite.java:230)
	at junit.framework.TestSuite.run(TestSuite.java:225)
	at junit.framework.TestSuite.runTest(TestSuite.java:230)
	at junit.framework.TestSuite.run(TestSuite.java:225)
	at org.apache.tools.ant.taskdefs.optional.junit.JUnitTestRunner.run(JUnitTestRunner.java:420)
	at org.apache.tools.ant.taskdefs.optional.junit.JUnitTestRunner.launch(JUnitTestRunner.java:911)
	at org.apache.tools.ant.taskdefs.optional.junit.JUnitTestRunner.main(JUnitTestRunner.java:768)

Entering method [UploadMemberPhotoAction.execute].
[Input parameters[]]
Error in method [UploadMemberPhotoAction.execute], details: The contentType 'invalid' is not allowed
com.topcoder.web.reg.actions.photo.MemberPhotoUploadException: The contentType 'invalid' is not allowed
	at com.topcoder.web.reg.actions.photo.UploadMemberPhotoAction.preview(UploadMemberPhotoAction.java:410)
	at com.topcoder.web.reg.actions.photo.UploadMemberPhotoAction.execute(UploadMemberPhotoAction.java:251)
	at com.topcoder.web.reg.actions.photo.UploadMemberPhotoActionTest.test_execute9(UploadMemberPhotoActionTest.java:295)
	at sun.reflect.NativeMethodAccessorImpl.invoke0(Native Method)
	at sun.reflect.NativeMethodAccessorImpl.invoke(NativeMethodAccessorImpl.java:39)
	at sun.reflect.DelegatingMethodAccessorImpl.invoke(DelegatingMethodAccessorImpl.java:25)
	at java.lang.reflect.Method.invoke(Method.java:597)
	at junit.framework.TestCase.runTest(TestCase.java:164)
	at junit.framework.TestCase.runBare(TestCase.java:130)
	at junit.framework.TestResult$1.protect(TestResult.java:106)
	at junit.framework.TestResult.runProtected(TestResult.java:124)
	at junit.framework.TestResult.run(TestResult.java:109)
	at junit.framework.TestCase.run(TestCase.java:120)
	at junit.framework.TestSuite.runTest(TestSuite.java:230)
	at junit.framework.TestSuite.run(TestSuite.java:225)
	at junit.framework.TestSuite.runTest(TestSuite.java:230)
	at junit.framework.TestSuite.run(TestSuite.java:225)
	at junit.framework.TestSuite.runTest(TestSuite.java:230)
	at junit.framework.TestSuite.run(TestSuite.java:225)
	at org.apache.tools.ant.taskdefs.optional.junit.JUnitTestRunner.run(JUnitTestRunner.java:420)
	at org.apache.tools.ant.taskdefs.optional.junit.JUnitTestRunner.launch(JUnitTestRunner.java:911)
	at org.apache.tools.ant.taskdefs.optional.junit.JUnitTestRunner.main(JUnitTestRunner.java:768)

Entering method [UploadMemberPhotoAction.execute].
[Input parameters[{previewImageParam}:{toCommit},{actionname}:{commit},{rightY}:{40},{leftY}:{20},{rightX}:{60},{leftX}:{20}]]
Error in method [UploadMemberPhotoAction.execute], details: Unable to extract extension name from previewFileName 'toCommit'
com.topcoder.web.reg.actions.photo.MemberPhotoUploadException: Unable to extract extension name from previewFileName 'toCommit'
	at com.topcoder.web.reg.actions.photo.UploadMemberPhotoAction.commit(UploadMemberPhotoAction.java:305)
	at com.topcoder.web.reg.actions.photo.UploadMemberPhotoAction.execute(UploadMemberPhotoAction.java:256)
	at com.topcoder.web.reg.actions.photo.UploadMemberPhotoActionTest.test_execute10(UploadMemberPhotoActionTest.java:333)
	at sun.reflect.NativeMethodAccessorImpl.invoke0(Native Method)
	at sun.reflect.NativeMethodAccessorImpl.invoke(NativeMethodAccessorImpl.java:39)
	at sun.reflect.DelegatingMethodAccessorImpl.invoke(DelegatingMethodAccessorImpl.java:25)
	at java.lang.reflect.Method.invoke(Method.java:597)
	at junit.framework.TestCase.runTest(TestCase.java:164)
	at junit.framework.TestCase.runBare(TestCase.java:130)
	at junit.framework.TestResult$1.protect(TestResult.java:106)
	at junit.framework.TestResult.runProtected(TestResult.java:124)
	at junit.framework.TestResult.run(TestResult.java:109)
	at junit.framework.TestCase.run(TestCase.java:120)
	at junit.framework.TestSuite.runTest(TestSuite.java:230)
	at junit.framework.TestSuite.run(TestSuite.java:225)
	at junit.framework.TestSuite.runTest(TestSuite.java:230)
	at junit.framework.TestSuite.run(TestSuite.java:225)
	at junit.framework.TestSuite.runTest(TestSuite.java:230)
	at junit.framework.TestSuite.run(TestSuite.java:225)
	at org.apache.tools.ant.taskdefs.optional.junit.JUnitTestRunner.run(JUnitTestRunner.java:420)
	at org.apache.tools.ant.taskdefs.optional.junit.JUnitTestRunner.launch(JUnitTestRunner.java:911)
	at org.apache.tools.ant.taskdefs.optional.junit.JUnitTestRunner.main(JUnitTestRunner.java:768)

Entering method [UploadMemberPhotoAction.execute].
[Input parameters[{previewImageParam}:{notexist.gif},{actionname}:{commit},{rightY}:{40},{leftY}:{20},{rightX}:{60},{leftX}:{20}]]
Error in method [UploadMemberPhotoAction.execute], details: I/O occurs when preview/save the member photo
com.topcoder.web.reg.actions.photo.MemberPhotoUploadException: I/O occurs when preview/save the member photo
	at com.topcoder.web.reg.actions.photo.UploadMemberPhotoAction.execute(UploadMemberPhotoAction.java:269)
	at com.topcoder.web.reg.actions.photo.UploadMemberPhotoActionTest.test_execute11(UploadMemberPhotoActionTest.java:371)
	at sun.reflect.NativeMethodAccessorImpl.invoke0(Native Method)
	at sun.reflect.NativeMethodAccessorImpl.invoke(NativeMethodAccessorImpl.java:39)
	at sun.reflect.DelegatingMethodAccessorImpl.invoke(DelegatingMethodAccessorImpl.java:25)
	at java.lang.reflect.Method.invoke(Method.java:597)
	at junit.framework.TestCase.runTest(TestCase.java:164)
	at junit.framework.TestCase.runBare(TestCase.java:130)
	at junit.framework.TestResult$1.protect(TestResult.java:106)
	at junit.framework.TestResult.runProtected(TestResult.java:124)
	at junit.framework.TestResult.run(TestResult.java:109)
	at junit.framework.TestCase.run(TestCase.java:120)
	at junit.framework.TestSuite.runTest(TestSuite.java:230)
	at junit.framework.TestSuite.run(TestSuite.java:225)
	at junit.framework.TestSuite.runTest(TestSuite.java:230)
	at junit.framework.TestSuite.run(TestSuite.java:225)
	at junit.framework.TestSuite.runTest(TestSuite.java:230)
	at junit.framework.TestSuite.run(TestSuite.java:225)
	at org.apache.tools.ant.taskdefs.optional.junit.JUnitTestRunner.run(JUnitTestRunner.java:420)
	at org.apache.tools.ant.taskdefs.optional.junit.JUnitTestRunner.launch(JUnitTestRunner.java:911)
	at org.apache.tools.ant.taskdefs.optional.junit.JUnitTestRunner.main(JUnitTestRunner.java:768)
Caused by: java.io.FileNotFoundException: test_files\previewed\notexist.gif (系统找不到指定的文件。)
	at java.io.FileInputStream.open(Native Method)
	at java.io.FileInputStream.<init>(FileInputStream.java:120)
	at com.topcoder.web.reg.actions.photo.UploadMemberPhotoAction.commit(UploadMemberPhotoAction.java:310)
	at com.topcoder.web.reg.actions.photo.UploadMemberPhotoAction.execute(UploadMemberPhotoAction.java:256)
	... 20 more

[Input parameters[]]
Entering method [RemoveMemberPhotoAction.execute].
[Input parameters[{removalReasonKey}:{I need to test it.}]]
Exiting method [RemoveMemberPhotoAction.execute].
Output parameter: success
Entering method [UploadMemberPhotoAction.execute].
[Input parameters[{actionNameKey}:{submit}]]
Exiting method [UploadMemberPhotoAction.execute].
Output parameter: previewSuccess
Entering method [UploadMemberPhotoAction.execute].
[Input parameters[{previewImageKey}:{topcoder.gif},{actionNameKey}:{commit}]]
Exiting method [UploadMemberPhotoAction.execute].
Output parameter: success
Entering method [UploadMemberPhotoAction.execute].
[Input parameters[{previewImageKey}:{topcoder.gif},{actionNameKey}:{commit},{leftX}:{10},{leftY}:{10},{rightX}:{40},{rightY}:{40}]]
Exiting method [UploadMemberPhotoAction.execute].
Output parameter: success
Entering method [RemoveMemberPhotoAction.execute].
[Input parameters[]]
Error in method [RemoveMemberPhotoAction.execute], details: MemberPhotoManagementException occurs when removing the photo
com.topcoder.web.reg.actions.photo.MemberPhotoRemovalException: MemberPhotoManagementException occurs when removing the photo
	at com.topcoder.web.reg.actions.photo.RemoveMemberPhotoAction.execute(RemoveMemberPhotoAction.java:193)
	at com.topcoder.web.reg.actions.photo.failuretests.RemoveMemberPhotoActionFailureTest.test_execute(RemoveMemberPhotoActionFailureTest.java:233)
	at sun.reflect.NativeMethodAccessorImpl.invoke0(Native Method)
	at sun.reflect.NativeMethodAccessorImpl.invoke(NativeMethodAccessorImpl.java:39)
	at sun.reflect.DelegatingMethodAccessorImpl.invoke(DelegatingMethodAccessorImpl.java:25)
	at java.lang.reflect.Method.invoke(Method.java:597)
	at junit.framework.TestCase.runTest(TestCase.java:164)
	at junit.framework.TestCase.runBare(TestCase.java:130)
	at junit.framework.TestResult$1.protect(TestResult.java:106)
	at junit.framework.TestResult.runProtected(TestResult.java:124)
	at junit.framework.TestResult.run(TestResult.java:109)
	at junit.framework.TestCase.run(TestCase.java:120)
	at junit.framework.TestSuite.runTest(TestSuite.java:230)
	at junit.framework.TestSuite.run(TestSuite.java:225)
	at junit.framework.TestSuite.runTest(TestSuite.java:230)
	at junit.framework.TestSuite.run(TestSuite.java:225)
	at junit.framework.TestSuite.runTest(TestSuite.java:230)
	at junit.framework.TestSuite.run(TestSuite.java:225)
	at org.apache.tools.ant.taskdefs.optional.junit.JUnitTestRunner.run(JUnitTestRunner.java:420)
	at org.apache.tools.ant.taskdefs.optional.junit.JUnitTestRunner.launch(JUnitTestRunner.java:911)
	at org.apache.tools.ant.taskdefs.optional.junit.JUnitTestRunner.main(JUnitTestRunner.java:768)
Caused by: com.topcoder.web.memberphoto.manager.MemberPhotoManagementException: unable to find photo
	at com.topcoder.web.reg.actions.photo.failuretests.FailureMemeberPhotoManager.getMemberPhoto(FailureMemeberPhotoManager.java:21)
	at com.topcoder.web.reg.actions.photo.RemoveMemberPhotoAction.execute(RemoveMemberPhotoAction.java:164)
	... 20 more

Entering method [RemoveMemberPhotoAction.execute].
[Input parameters[]]
Error in method [RemoveMemberPhotoAction.execute], details: IO error occurs when removing the photo
com.topcoder.web.reg.actions.photo.MemberPhotoRemovalException: IO error occurs when removing the photo
	at com.topcoder.web.reg.actions.photo.RemoveMemberPhotoAction.execute(RemoveMemberPhotoAction.java:198)
	at com.topcoder.web.reg.actions.photo.failuretests.RemoveMemberPhotoActionFailureTest.test_execute2(RemoveMemberPhotoActionFailureTest.java:251)
	at sun.reflect.NativeMethodAccessorImpl.invoke0(Native Method)
	at sun.reflect.NativeMethodAccessorImpl.invoke(NativeMethodAccessorImpl.java:39)
	at sun.reflect.DelegatingMethodAccessorImpl.invoke(DelegatingMethodAccessorImpl.java:25)
	at java.lang.reflect.Method.invoke(Method.java:597)
	at junit.framework.TestCase.runTest(TestCase.java:164)
	at junit.framework.TestCase.runBare(TestCase.java:130)
	at junit.framework.TestResult$1.protect(TestResult.java:106)
	at junit.framework.TestResult.runProtected(TestResult.java:124)
	at junit.framework.TestResult.run(TestResult.java:109)
	at junit.framework.TestCase.run(TestCase.java:120)
	at junit.framework.TestSuite.runTest(TestSuite.java:230)
	at junit.framework.TestSuite.run(TestSuite.java:225)
	at junit.framework.TestSuite.runTest(TestSuite.java:230)
	at junit.framework.TestSuite.run(TestSuite.java:225)
	at junit.framework.TestSuite.runTest(TestSuite.java:230)
	at junit.framework.TestSuite.run(TestSuite.java:225)
	at org.apache.tools.ant.taskdefs.optional.junit.JUnitTestRunner.run(JUnitTestRunner.java:420)
	at org.apache.tools.ant.taskdefs.optional.junit.JUnitTestRunner.launch(JUnitTestRunner.java:911)
	at org.apache.tools.ant.taskdefs.optional.junit.JUnitTestRunner.main(JUnitTestRunner.java:768)
Caused by: java.io.FileNotFoundException: E:\workspace\Photo_Struts_Actions_1.0.0_dev_submission\this dir is not valid +-?\image1.jpg (文件名、目录名或卷标语法不正确。)
	at java.io.FileOutputStream.open(Native Method)
	at java.io.FileOutputStream.<init>(FileOutputStream.java:194)
	at java.io.FileOutputStream.<init>(FileOutputStream.java:145)
	at com.topcoder.web.reg.actions.photo.BaseMemberPhotoAction.move(BaseMemberPhotoAction.java:246)
	at com.topcoder.web.reg.actions.photo.RemoveMemberPhotoAction.execute(RemoveMemberPhotoAction.java:172)
	... 20 more

Entering method [RemoveMemberPhotoAction.execute].
[Input parameters[]]
Error in method [RemoveMemberPhotoAction.execute], details: TemplateSourceException occurs when removing the photo
com.topcoder.web.reg.actions.photo.MemberPhotoRemovalException: TemplateSourceException occurs when removing the photo
	at com.topcoder.web.reg.actions.photo.RemoveMemberPhotoAction.sendNotification(RemoveMemberPhotoAction.java:247)
	at com.topcoder.web.reg.actions.photo.RemoveMemberPhotoAction.execute(RemoveMemberPhotoAction.java:189)
	at com.topcoder.web.reg.actions.photo.failuretests.RemoveMemberPhotoActionFailureTest.test_execute3(RemoveMemberPhotoActionFailureTest.java:268)
	at sun.reflect.NativeMethodAccessorImpl.invoke0(Native Method)
	at sun.reflect.NativeMethodAccessorImpl.invoke(NativeMethodAccessorImpl.java:39)
	at sun.reflect.DelegatingMethodAccessorImpl.invoke(DelegatingMethodAccessorImpl.java:25)
	at java.lang.reflect.Method.invoke(Method.java:597)
	at junit.framework.TestCase.runTest(TestCase.java:164)
	at junit.framework.TestCase.runBare(TestCase.java:130)
	at junit.framework.TestResult$1.protect(TestResult.java:106)
	at junit.framework.TestResult.runProtected(TestResult.java:124)
	at junit.framework.TestResult.run(TestResult.java:109)
	at junit.framework.TestCase.run(TestCase.java:120)
	at junit.framework.TestSuite.runTest(TestSuite.java:230)
	at junit.framework.TestSuite.run(TestSuite.java:225)
	at junit.framework.TestSuite.runTest(TestSuite.java:230)
	at junit.framework.TestSuite.run(TestSuite.java:225)
	at junit.framework.TestSuite.runTest(TestSuite.java:230)
	at junit.framework.TestSuite.run(TestSuite.java:225)
	at org.apache.tools.ant.taskdefs.optional.junit.JUnitTestRunner.run(JUnitTestRunner.java:420)
	at org.apache.tools.ant.taskdefs.optional.junit.JUnitTestRunner.launch(JUnitTestRunner.java:911)
	at org.apache.tools.ant.taskdefs.optional.junit.JUnitTestRunner.main(JUnitTestRunner.java:768)
Caused by: com.topcoder.util.file.templatesource.TemplateSourceException: The are no template source with given id.
	at com.topcoder.util.file.DocumentGenerator.getTemplate(DocumentGenerator.java:284)
	at com.topcoder.web.reg.actions.photo.RemoveMemberPhotoAction.sendNotification(RemoveMemberPhotoAction.java:225)
	... 21 more

Entering method [UploadMemberPhotoAction.execute].
[Input parameters[]]
Entering method [UploadMemberPhotoAction.execute].
[Input parameters[]]
Entering method [UploadMemberPhotoAction.execute].
[Input parameters[]]
Entering method [UploadMemberPhotoAction.execute].
[Input parameters[]]
Entering method [UploadMemberPhotoAction.execute].
[Input parameters[]]
Entering method [UploadMemberPhotoAction.execute].
[Input parameters[]]
Error in method [UploadMemberPhotoAction.execute], details: The uploaded file 'test_files\failure\notexist.jpg' is not a valid file
com.topcoder.web.reg.actions.photo.MemberPhotoUploadException: The uploaded file 'test_files\failure\notexist.jpg' is not a valid file
	at com.topcoder.web.reg.actions.photo.UploadMemberPhotoAction.preview(UploadMemberPhotoAction.java:421)
	at com.topcoder.web.reg.actions.photo.UploadMemberPhotoAction.execute(UploadMemberPhotoAction.java:251)
	at com.topcoder.web.reg.actions.photo.failuretests.UploadMemberPhotoActionFailureTest.test_execute12(UploadMemberPhotoActionFailureTest.java:365)
	at sun.reflect.NativeMethodAccessorImpl.invoke0(Native Method)
	at sun.reflect.NativeMethodAccessorImpl.invoke(NativeMethodAccessorImpl.java:39)
	at sun.reflect.DelegatingMethodAccessorImpl.invoke(DelegatingMethodAccessorImpl.java:25)
	at java.lang.reflect.Method.invoke(Method.java:597)
	at junit.framework.TestCase.runTest(TestCase.java:164)
	at junit.framework.TestCase.runBare(TestCase.java:130)
	at junit.framework.TestResult$1.protect(TestResult.java:106)
	at junit.framework.TestResult.runProtected(TestResult.java:124)
	at junit.framework.TestResult.run(TestResult.java:109)
	at junit.framework.TestCase.run(TestCase.java:120)
	at junit.framework.TestSuite.runTest(TestSuite.java:230)
	at junit.framework.TestSuite.run(TestSuite.java:225)
	at junit.framework.TestSuite.runTest(TestSuite.java:230)
	at junit.framework.TestSuite.run(TestSuite.java:225)
	at junit.framework.TestSuite.runTest(TestSuite.java:230)
	at junit.framework.TestSuite.run(TestSuite.java:225)
	at org.apache.tools.ant.taskdefs.optional.junit.JUnitTestRunner.run(JUnitTestRunner.java:420)
	at org.apache.tools.ant.taskdefs.optional.junit.JUnitTestRunner.launch(JUnitTestRunner.java:911)
	at org.apache.tools.ant.taskdefs.optional.junit.JUnitTestRunner.main(JUnitTestRunner.java:768)

Entering method [UploadMemberPhotoAction.execute].
[Input parameters[]]
Error in method [UploadMemberPhotoAction.execute], details: The uploaded file 'image2.jpg' is not a valid file
com.topcoder.web.reg.actions.photo.MemberPhotoUploadException: The uploaded file 'image2.jpg' is not a valid file
	at com.topcoder.web.reg.actions.photo.UploadMemberPhotoAction.preview(UploadMemberPhotoAction.java:421)
	at com.topcoder.web.reg.actions.photo.UploadMemberPhotoAction.execute(UploadMemberPhotoAction.java:251)
	at com.topcoder.web.reg.actions.photo.failuretests.UploadMemberPhotoActionFailureTest.test_execute13(UploadMemberPhotoActionFailureTest.java:383)
	at sun.reflect.NativeMethodAccessorImpl.invoke0(Native Method)
	at sun.reflect.NativeMethodAccessorImpl.invoke(NativeMethodAccessorImpl.java:39)
	at sun.reflect.DelegatingMethodAccessorImpl.invoke(DelegatingMethodAccessorImpl.java:25)
	at java.lang.reflect.Method.invoke(Method.java:597)
	at junit.framework.TestCase.runTest(TestCase.java:164)
	at junit.framework.TestCase.runBare(TestCase.java:130)
	at junit.framework.TestResult$1.protect(TestResult.java:106)
	at junit.framework.TestResult.runProtected(TestResult.java:124)
	at junit.framework.TestResult.run(TestResult.java:109)
	at junit.framework.TestCase.run(TestCase.java:120)
	at junit.framework.TestSuite.runTest(TestSuite.java:230)
	at junit.framework.TestSuite.run(TestSuite.java:225)
	at junit.framework.TestSuite.runTest(TestSuite.java:230)
	at junit.framework.TestSuite.run(TestSuite.java:225)
	at junit.framework.TestSuite.runTest(TestSuite.java:230)
	at junit.framework.TestSuite.run(TestSuite.java:225)
	at org.apache.tools.ant.taskdefs.optional.junit.JUnitTestRunner.run(JUnitTestRunner.java:420)
	at org.apache.tools.ant.taskdefs.optional.junit.JUnitTestRunner.launch(JUnitTestRunner.java:911)
	at org.apache.tools.ant.taskdefs.optional.junit.JUnitTestRunner.main(JUnitTestRunner.java:768)

Entering method [UploadMemberPhotoAction.execute].
[Input parameters[{photoUploadAction}:{commit}]]
Error in method [UploadMemberPhotoAction.execute], details: No request parameter for previewImageFileName
com.topcoder.web.reg.actions.photo.MemberPhotoUploadException: No request parameter for previewImageFileName
	at com.topcoder.web.reg.actions.photo.UploadMemberPhotoAction.commit(UploadMemberPhotoAction.java:299)
	at com.topcoder.web.reg.actions.photo.UploadMemberPhotoAction.execute(UploadMemberPhotoAction.java:256)
	at com.topcoder.web.reg.actions.photo.failuretests.UploadMemberPhotoActionFailureTest.test_execute14(UploadMemberPhotoActionFailureTest.java:403)
	at sun.reflect.NativeMethodAccessorImpl.invoke0(Native Method)
	at sun.reflect.NativeMethodAccessorImpl.invoke(NativeMethodAccessorImpl.java:39)
	at sun.reflect.DelegatingMethodAccessorImpl.invoke(DelegatingMethodAccessorImpl.java:25)
	at java.lang.reflect.Method.invoke(Method.java:597)
	at junit.framework.TestCase.runTest(TestCase.java:164)
	at junit.framework.TestCase.runBare(TestCase.java:130)
	at junit.framework.TestResult$1.protect(TestResult.java:106)
	at junit.framework.TestResult.runProtected(TestResult.java:124)
	at junit.framework.TestResult.run(TestResult.java:109)
	at junit.framework.TestCase.run(TestCase.java:120)
	at junit.framework.TestSuite.runTest(TestSuite.java:230)
	at junit.framework.TestSuite.run(TestSuite.java:225)
	at junit.framework.TestSuite.runTest(TestSuite.java:230)
	at junit.framework.TestSuite.run(TestSuite.java:225)
	at junit.framework.TestSuite.runTest(TestSuite.java:230)
	at junit.framework.TestSuite.run(TestSuite.java:225)
	at org.apache.tools.ant.taskdefs.optional.junit.JUnitTestRunner.run(JUnitTestRunner.java:420)
	at org.apache.tools.ant.taskdefs.optional.junit.JUnitTestRunner.launch(JUnitTestRunner.java:911)
	at org.apache.tools.ant.taskdefs.optional.junit.JUnitTestRunner.main(JUnitTestRunner.java:768)

Entering method [UploadMemberPhotoAction.execute].
[Input parameters[{photoUploadAction}:{commit},{previewImageFileName}:{previewabc}]]
Error in method [UploadMemberPhotoAction.execute], details: Unable to extract extension name from previewFileName 'previewabc'
com.topcoder.web.reg.actions.photo.MemberPhotoUploadException: Unable to extract extension name from previewFileName 'previewabc'
	at com.topcoder.web.reg.actions.photo.UploadMemberPhotoAction.commit(UploadMemberPhotoAction.java:305)
	at com.topcoder.web.reg.actions.photo.UploadMemberPhotoAction.execute(UploadMemberPhotoAction.java:256)
	at com.topcoder.web.reg.actions.photo.failuretests.UploadMemberPhotoActionFailureTest.test_execute15(UploadMemberPhotoActionFailureTest.java:424)
	at sun.reflect.NativeMethodAccessorImpl.invoke0(Native Method)
	at sun.reflect.NativeMethodAccessorImpl.invoke(NativeMethodAccessorImpl.java:39)
	at sun.reflect.DelegatingMethodAccessorImpl.invoke(DelegatingMethodAccessorImpl.java:25)
	at java.lang.reflect.Method.invoke(Method.java:597)
	at junit.framework.TestCase.runTest(TestCase.java:164)
	at junit.framework.TestCase.runBare(TestCase.java:130)
	at junit.framework.TestResult$1.protect(TestResult.java:106)
	at junit.framework.TestResult.runProtected(TestResult.java:124)
	at junit.framework.TestResult.run(TestResult.java:109)
	at junit.framework.TestCase.run(TestCase.java:120)
	at junit.framework.TestSuite.runTest(TestSuite.java:230)
	at junit.framework.TestSuite.run(TestSuite.java:225)
	at junit.framework.TestSuite.runTest(TestSuite.java:230)
	at junit.framework.TestSuite.run(TestSuite.java:225)
	at junit.framework.TestSuite.runTest(TestSuite.java:230)
	at junit.framework.TestSuite.run(TestSuite.java:225)
	at org.apache.tools.ant.taskdefs.optional.junit.JUnitTestRunner.run(JUnitTestRunner.java:420)
	at org.apache.tools.ant.taskdefs.optional.junit.JUnitTestRunner.launch(JUnitTestRunner.java:911)
	at org.apache.tools.ant.taskdefs.optional.junit.JUnitTestRunner.main(JUnitTestRunner.java:768)

Entering method [UploadMemberPhotoAction.execute].
[Input parameters[{photoUploadAction}:{commit},{previewImageFileName}:{previewabc.unknowntype}]]
Error in method [UploadMemberPhotoAction.execute], details: I/O occurs when preview/save the member photo
com.topcoder.web.reg.actions.photo.MemberPhotoUploadException: I/O occurs when preview/save the member photo
	at com.topcoder.web.reg.actions.photo.UploadMemberPhotoAction.execute(UploadMemberPhotoAction.java:269)
	at com.topcoder.web.reg.actions.photo.failuretests.UploadMemberPhotoActionFailureTest.test_execute16(UploadMemberPhotoActionFailureTest.java:446)
	at sun.reflect.NativeMethodAccessorImpl.invoke0(Native Method)
	at sun.reflect.NativeMethodAccessorImpl.invoke(NativeMethodAccessorImpl.java:39)
	at sun.reflect.DelegatingMethodAccessorImpl.invoke(DelegatingMethodAccessorImpl.java:25)
	at java.lang.reflect.Method.invoke(Method.java:597)
	at junit.framework.TestCase.runTest(TestCase.java:164)
	at junit.framework.TestCase.runBare(TestCase.java:130)
	at junit.framework.TestResult$1.protect(TestResult.java:106)
	at junit.framework.TestResult.runProtected(TestResult.java:124)
	at junit.framework.TestResult.run(TestResult.java:109)
	at junit.framework.TestCase.run(TestCase.java:120)
	at junit.framework.TestSuite.runTest(TestSuite.java:230)
	at junit.framework.TestSuite.run(TestSuite.java:225)
	at junit.framework.TestSuite.runTest(TestSuite.java:230)
	at junit.framework.TestSuite.run(TestSuite.java:225)
	at junit.framework.TestSuite.runTest(TestSuite.java:230)
	at junit.framework.TestSuite.run(TestSuite.java:225)
	at org.apache.tools.ant.taskdefs.optional.junit.JUnitTestRunner.run(JUnitTestRunner.java:420)
	at org.apache.tools.ant.taskdefs.optional.junit.JUnitTestRunner.launch(JUnitTestRunner.java:911)
	at org.apache.tools.ant.taskdefs.optional.junit.JUnitTestRunner.main(JUnitTestRunner.java:768)
Caused by: java.io.FileNotFoundException: notexistdir+:?\previewabc.unknowntype (文件名、目录名或卷标语法不正确。)
	at java.io.FileInputStream.open(Native Method)
	at java.io.FileInputStream.<init>(FileInputStream.java:120)
	at com.topcoder.web.reg.actions.photo.UploadMemberPhotoAction.commit(UploadMemberPhotoAction.java:310)
	at com.topcoder.web.reg.actions.photo.UploadMemberPhotoAction.execute(UploadMemberPhotoAction.java:256)
	... 20 more

]]></system-out>
  <system-err><![CDATA[com.topcoder.util.config.ConfigManagerException: The property 'implementor' is null or empty.
	at com.topcoder.util.config.Helper.createObj(Helper.java:178)
	at com.topcoder.util.config.ConfigManager.getInstance(ConfigManager.java:378)
	at com.topcoder.message.email.EmailEngine.send(EmailEngine.java:393)
	at com.topcoder.message.email.EmailEngine.send(EmailEngine.java:336)
	at com.topcoder.web.reg.actions.photo.RemoveMemberPhotoAction.sendNotification(RemoveMemberPhotoAction.java:240)
	at com.topcoder.web.reg.actions.photo.RemoveMemberPhotoAction.execute(RemoveMemberPhotoAction.java:189)
	at com.topcoder.web.reg.actions.photo.RemoveMemberPhotoActionTest.test_execute(RemoveMemberPhotoActionTest.java:112)
	at sun.reflect.NativeMethodAccessorImpl.invoke0(Native Method)
	at sun.reflect.NativeMethodAccessorImpl.invoke(NativeMethodAccessorImpl.java:39)
	at sun.reflect.DelegatingMethodAccessorImpl.invoke(DelegatingMethodAccessorImpl.java:25)
	at java.lang.reflect.Method.invoke(Method.java:597)
	at junit.framework.TestCase.runTest(TestCase.java:164)
	at junit.framework.TestCase.runBare(TestCase.java:130)
	at junit.framework.TestResult$1.protect(TestResult.java:106)
	at junit.framework.TestResult.runProtected(TestResult.java:124)
	at junit.framework.TestResult.run(TestResult.java:109)
	at junit.framework.TestCase.run(TestCase.java:120)
	at junit.framework.TestSuite.runTest(TestSuite.java:230)
	at junit.framework.TestSuite.run(TestSuite.java:225)
	at junit.framework.TestSuite.runTest(TestSuite.java:230)
	at junit.framework.TestSuite.run(TestSuite.java:225)
	at junit.framework.TestSuite.runTest(TestSuite.java:230)
	at junit.framework.TestSuite.run(TestSuite.java:225)
	at org.apache.tools.ant.taskdefs.optional.junit.JUnitTestRunner.run(JUnitTestRunner.java:420)
	at org.apache.tools.ant.taskdefs.optional.junit.JUnitTestRunner.launch(JUnitTestRunner.java:911)
	at org.apache.tools.ant.taskdefs.optional.junit.JUnitTestRunner.main(JUnitTestRunner.java:768)
log4j:WARN No appenders could be found for logger (class com.topcoder.message.email.EmailEngine).
log4j:WARN Please initialize the log4j system properly.
com.topcoder.web.reg.actions.photo.MemberPhotoRemovalException: TemplateSourceException occurs when removing the photo
	at com.topcoder.web.reg.actions.photo.RemoveMemberPhotoAction.sendNotification(RemoveMemberPhotoAction.java:247)
	at com.topcoder.web.reg.actions.photo.RemoveMemberPhotoAction.execute(RemoveMemberPhotoAction.java:189)
	at com.topcoder.web.reg.actions.photo.failuretests.RemoveMemberPhotoActionFailureTest.test_execute3(RemoveMemberPhotoActionFailureTest.java:268)
	at sun.reflect.NativeMethodAccessorImpl.invoke0(Native Method)
	at sun.reflect.NativeMethodAccessorImpl.invoke(NativeMethodAccessorImpl.java:39)
	at sun.reflect.DelegatingMethodAccessorImpl.invoke(DelegatingMethodAccessorImpl.java:25)
	at java.lang.reflect.Method.invoke(Method.java:597)
	at junit.framework.TestCase.runTest(TestCase.java:164)
	at junit.framework.TestCase.runBare(TestCase.java:130)
	at junit.framework.TestResult$1.protect(TestResult.java:106)
	at junit.framework.TestResult.runProtected(TestResult.java:124)
	at junit.framework.TestResult.run(TestResult.java:109)
	at junit.framework.TestCase.run(TestCase.java:120)
	at junit.framework.TestSuite.runTest(TestSuite.java:230)
	at junit.framework.TestSuite.run(TestSuite.java:225)
	at junit.framework.TestSuite.runTest(TestSuite.java:230)
	at junit.framework.TestSuite.run(TestSuite.java:225)
	at junit.framework.TestSuite.runTest(TestSuite.java:230)
	at junit.framework.TestSuite.run(TestSuite.java:225)
	at org.apache.tools.ant.taskdefs.optional.junit.JUnitTestRunner.run(JUnitTestRunner.java:420)
	at org.apache.tools.ant.taskdefs.optional.junit.JUnitTestRunner.launch(JUnitTestRunner.java:911)
	at org.apache.tools.ant.taskdefs.optional.junit.JUnitTestRunner.main(JUnitTestRunner.java:768)
Caused by: com.topcoder.util.file.templatesource.TemplateSourceException: The are no template source with given id.
	at com.topcoder.util.file.DocumentGenerator.getTemplate(DocumentGenerator.java:284)
	at com.topcoder.web.reg.actions.photo.RemoveMemberPhotoAction.sendNotification(RemoveMemberPhotoAction.java:225)
	... 21 more
com.topcoder.web.reg.actions.photo.MemberPhotoUploadException: Unable to extract extension name from previewFileName 'previewabc'
	at com.topcoder.web.reg.actions.photo.UploadMemberPhotoAction.commit(UploadMemberPhotoAction.java:305)
	at com.topcoder.web.reg.actions.photo.UploadMemberPhotoAction.execute(UploadMemberPhotoAction.java:256)
	at com.topcoder.web.reg.actions.photo.failuretests.UploadMemberPhotoActionFailureTest.test_execute15(UploadMemberPhotoActionFailureTest.java:424)
	at sun.reflect.NativeMethodAccessorImpl.invoke0(Native Method)
	at sun.reflect.NativeMethodAccessorImpl.invoke(NativeMethodAccessorImpl.java:39)
	at sun.reflect.DelegatingMethodAccessorImpl.invoke(DelegatingMethodAccessorImpl.java:25)
	at java.lang.reflect.Method.invoke(Method.java:597)
	at junit.framework.TestCase.runTest(TestCase.java:164)
	at junit.framework.TestCase.runBare(TestCase.java:130)
	at junit.framework.TestResult$1.protect(TestResult.java:106)
	at junit.framework.TestResult.runProtected(TestResult.java:124)
	at junit.framework.TestResult.run(TestResult.java:109)
	at junit.framework.TestCase.run(TestCase.java:120)
	at junit.framework.TestSuite.runTest(TestSuite.java:230)
	at junit.framework.TestSuite.run(TestSuite.java:225)
	at junit.framework.TestSuite.runTest(TestSuite.java:230)
	at junit.framework.TestSuite.run(TestSuite.java:225)
	at junit.framework.TestSuite.runTest(TestSuite.java:230)
	at junit.framework.TestSuite.run(TestSuite.java:225)
	at org.apache.tools.ant.taskdefs.optional.junit.JUnitTestRunner.run(JUnitTestRunner.java:420)
	at org.apache.tools.ant.taskdefs.optional.junit.JUnitTestRunner.launch(JUnitTestRunner.java:911)
	at org.apache.tools.ant.taskdefs.optional.junit.JUnitTestRunner.main(JUnitTestRunner.java:768)
com.topcoder.web.reg.actions.photo.MemberPhotoUploadException: I/O occurs when preview/save the member photo
	at com.topcoder.web.reg.actions.photo.UploadMemberPhotoAction.execute(UploadMemberPhotoAction.java:269)
	at com.topcoder.web.reg.actions.photo.failuretests.UploadMemberPhotoActionFailureTest.test_execute16(UploadMemberPhotoActionFailureTest.java:446)
	at sun.reflect.NativeMethodAccessorImpl.invoke0(Native Method)
	at sun.reflect.NativeMethodAccessorImpl.invoke(NativeMethodAccessorImpl.java:39)
	at sun.reflect.DelegatingMethodAccessorImpl.invoke(DelegatingMethodAccessorImpl.java:25)
	at java.lang.reflect.Method.invoke(Method.java:597)
	at junit.framework.TestCase.runTest(TestCase.java:164)
	at junit.framework.TestCase.runBare(TestCase.java:130)
	at junit.framework.TestResult$1.protect(TestResult.java:106)
	at junit.framework.TestResult.runProtected(TestResult.java:124)
	at junit.framework.TestResult.run(TestResult.java:109)
	at junit.framework.TestCase.run(TestCase.java:120)
	at junit.framework.TestSuite.runTest(TestSuite.java:230)
	at junit.framework.TestSuite.run(TestSuite.java:225)
	at junit.framework.TestSuite.runTest(TestSuite.java:230)
	at junit.framework.TestSuite.run(TestSuite.java:225)
	at junit.framework.TestSuite.runTest(TestSuite.java:230)
	at junit.framework.TestSuite.run(TestSuite.java:225)
	at org.apache.tools.ant.taskdefs.optional.junit.JUnitTestRunner.run(JUnitTestRunner.java:420)
	at org.apache.tools.ant.taskdefs.optional.junit.JUnitTestRunner.launch(JUnitTestRunner.java:911)
	at org.apache.tools.ant.taskdefs.optional.junit.JUnitTestRunner.main(JUnitTestRunner.java:768)
Caused by: java.io.FileNotFoundException: notexistdir+:?\previewabc.unknowntype (文件名、目录名或卷标语法不正确。)
	at java.io.FileInputStream.open(Native Method)
	at java.io.FileInputStream.<init>(FileInputStream.java:120)
	at com.topcoder.web.reg.actions.photo.UploadMemberPhotoAction.commit(UploadMemberPhotoAction.java:310)
	at com.topcoder.web.reg.actions.photo.UploadMemberPhotoAction.execute(UploadMemberPhotoAction.java:256)
	... 20 more
]]></system-err>
</testsuite>
