<?xml version="1.0" encoding="UTF-8" ?>
<testsuites>
  <testsuite errors="0" failures="0" hostname="pc001" id="0" name="AllTests" package="com.cronos.termsofuse" tests="307" time="792.25" timestamp="2011-09-02T19:03:27">
      <properties>
[...]
</properties>

      <testcase classname="com.cronos.termsofuse.Demo" name="testDemo" time="5.797" />

      <testcase classname="com.cronos.termsofuse.dao.impl.HelperUnitTests" name="test_checkNull_Null" time="1.407" />

      <testcase classname="com.cronos.termsofuse.dao.impl.HelperUnitTests" name="test_checkNull" time="1.5" />

      <testcase classname="com.cronos.termsofuse.dao.impl.HelperUnitTests" name="test_getRequiredProperty_Missing" time="1.484" />

      <testcase classname="com.cronos.termsofuse.dao.impl.HelperUnitTests" name="test_getRequiredProperty_NotString" time="1.437" />

      <testcase classname="com.cronos.termsofuse.dao.impl.HelperUnitTests" name="test_getRequiredProperty" time="1.36" />

      <testcase classname="com.cronos.termsofuse.dao.impl.HelperUnitTests" name="test_closeStatement_1" time="1.5" />

      <testcase classname="com.cronos.termsofuse.dao.impl.HelperUnitTests" name="test_closeStatement_2" time="1.5" />

      <testcase classname="com.cronos.termsofuse.dao.impl.HelperUnitTests" name="test_closeConnection" time="1.609" />

      <testcase classname="com.cronos.termsofuse.dao.impl.HelperUnitTests" name="test_createConnection" time="1.469" />

      <testcase classname="com.cronos.termsofuse.dao.impl.HelperUnitTests" name="test_getTermsOfUse1" time="1.562" />

      <testcase classname="com.cronos.termsofuse.dao.impl.HelperUnitTests" name="test_getTermsOfUse2" time="1.641" />

      <testcase classname="com.cronos.termsofuse.dao.impl.HelperUnitTests" name="test_getTermsOfUse2_Error" time="1.719" />

      <testcase classname="com.cronos.termsofuse.dao.impl.HelperUnitTests" name="test_executeUpdate1" time="1.797" />

      <testcase classname="com.cronos.termsofuse.dao.impl.HelperUnitTests" name="test_executeUpdate1_Error" time="1.75" />

      <testcase classname="com.cronos.termsofuse.dao.impl.HelperUnitTests" name="test_executeUpdate2" time="1.828" />

      <testcase classname="com.cronos.termsofuse.dao.impl.HelperUnitTests" name="test_executeUpdate2_EntityNotFoundError" time="1.578" />

      <testcase classname="com.cronos.termsofuse.dao.impl.HelperUnitTests" name="test_executeUpdate2_Error" time="1.609" />

      <testcase classname="com.cronos.termsofuse.dao.impl.HelperUnitTests" name="test_logEntrance_1" time="1.485" />

      <testcase classname="com.cronos.termsofuse.dao.impl.HelperUnitTests" name="test_logEntrance_2" time="1.515" />

      <testcase classname="com.cronos.termsofuse.dao.impl.HelperUnitTests" name="test_logExit_1" time="1.391" />

      <testcase classname="com.cronos.termsofuse.dao.impl.HelperUnitTests" name="test_logExit_2" time="1.375" />

      <testcase classname="com.cronos.termsofuse.dao.impl.HelperUnitTests" name="test_logException" time="1.359" />

      <testcase classname="com.cronos.termsofuse.dao.impl.BaseTermsOfUseDaoUnitTests" name="testCtor" time="0.0" />

      <testcase classname="com.cronos.termsofuse.dao.impl.BaseTermsOfUseDaoUnitTests" name="testCtor_configurationObjectNull" time="0.0" />

      <testcase classname="com.cronos.termsofuse.dao.impl.BaseTermsOfUseDaoUnitTests" name="testCtor_dbConnectionFactoryConfigMissing" time="0.0" />

      <testcase classname="com.cronos.termsofuse.dao.impl.BaseTermsOfUseDaoUnitTests" name="testCtor_dbConnectionFactoryConfigInvalid1" time="0.0" />

      <testcase classname="com.cronos.termsofuse.dao.impl.BaseTermsOfUseDaoUnitTests" name="testCtor_dbConnectionFactoryConfigInvalid2" time="0.0" />

      <testcase classname="com.cronos.termsofuse.dao.impl.BaseTermsOfUseDaoUnitTests" name="testCtor_loggerNameMissing" time="0.016" />

      <testcase classname="com.cronos.termsofuse.dao.impl.BaseTermsOfUseDaoUnitTests" name="testCtor_loggerNameNotString" time="0.0" />

      <testcase classname="com.cronos.termsofuse.dao.impl.BaseTermsOfUseDaoUnitTests" name="test_getDBConnectionFactory" time="0.0" />

      <testcase classname="com.cronos.termsofuse.dao.impl.BaseTermsOfUseDaoUnitTests" name="test_getLog" time="0.0" />

      <testcase classname="com.cronos.termsofuse.dao.impl.ProjectTermsOfUseDaoImplUnitTests" name="testCtor" time="1.453" />

      <testcase classname="com.cronos.termsofuse.dao.impl.ProjectTermsOfUseDaoImplUnitTests" name="testCtor_configurationObjectNull" time="1.422" />

      <testcase classname="com.cronos.termsofuse.dao.impl.ProjectTermsOfUseDaoImplUnitTests" name="testCtor_dbConnectionFactoryConfigMissing" time="1.421" />

      <testcase classname="com.cronos.termsofuse.dao.impl.ProjectTermsOfUseDaoImplUnitTests" name="testCtor_dbConnectionFactoryConfigInvalid1" time="1.485" />

      <testcase classname="com.cronos.termsofuse.dao.impl.ProjectTermsOfUseDaoImplUnitTests" name="testCtor_dbConnectionFactoryConfigInvalid2" time="1.437" />

      <testcase classname="com.cronos.termsofuse.dao.impl.ProjectTermsOfUseDaoImplUnitTests" name="testCtor_loggerNameMissing" time="1.657" />

      <testcase classname="com.cronos.termsofuse.dao.impl.ProjectTermsOfUseDaoImplUnitTests" name="testCtor_loggerNameNotString" time="1.484" />

      <testcase classname="com.cronos.termsofuse.dao.impl.ProjectTermsOfUseDaoImplUnitTests" name="test_createProjectRoleTermsOfUse" time="1.75" />

      <testcase classname="com.cronos.termsofuse.dao.impl.ProjectTermsOfUseDaoImplUnitTests" name="test_createProjectRoleTermsOfUse_PersistenceError" time="1.594" />

      <testcase classname="com.cronos.termsofuse.dao.impl.ProjectTermsOfUseDaoImplUnitTests" name="test_removeProjectRoleTermsOfUse" time="1.812" />

      <testcase classname="com.cronos.termsofuse.dao.impl.ProjectTermsOfUseDaoImplUnitTests" name="test_removeProjectRoleTermsOfUse_EntityNotFoundError" time="1.703" />

      <testcase classname="com.cronos.termsofuse.dao.impl.ProjectTermsOfUseDaoImplUnitTests" name="test_removeProjectRoleTermsOfUse_PersistenceError" time="1.969" />

      <testcase classname="com.cronos.termsofuse.dao.impl.ProjectTermsOfUseDaoImplUnitTests" name="test_getTermsOfUse_1" time="1.453" />

      <testcase classname="com.cronos.termsofuse.dao.impl.ProjectTermsOfUseDaoImplUnitTests" name="test_getTermsOfUse_2" time="1.61" />

      <testcase classname="com.cronos.termsofuse.dao.impl.ProjectTermsOfUseDaoImplUnitTests" name="test_getTermsOfUse_3" time="1.625" />

      <testcase classname="com.cronos.termsofuse.dao.impl.ProjectTermsOfUseDaoImplUnitTests" name="test_getTermsOfUse_resourceRoleIdsNull" time="1.531" />

      <testcase classname="com.cronos.termsofuse.dao.impl.ProjectTermsOfUseDaoImplUnitTests" name="test_getTermsOfUse_resourceRoleIdsEmpty" time="1.312" />

      <testcase classname="com.cronos.termsofuse.dao.impl.ProjectTermsOfUseDaoImplUnitTests" name="test_getTermsOfUse_PersistenceError" time="1.547" />

      <testcase classname="com.cronos.termsofuse.dao.impl.ProjectTermsOfUseDaoImplUnitTests" name="test_removeAllProjectRoleTermsOfUse_1" time="1.61" />

      <testcase classname="com.cronos.termsofuse.dao.impl.ProjectTermsOfUseDaoImplUnitTests" name="test_removeAllProjectRoleTermsOfUse_2" time="1.953" />

      <testcase classname="com.cronos.termsofuse.dao.impl.ProjectTermsOfUseDaoImplUnitTests" name="test_removeAllProjectRoleTermsOfUse_PersistenceError" time="1.782" />

      <testcase classname="com.cronos.termsofuse.dao.impl.TermsOfUseDaoImplUnitTests" name="testCtor" time="1.171" />

      <testcase classname="com.cronos.termsofuse.dao.impl.TermsOfUseDaoImplUnitTests" name="testCtor_configurationObjectNull" time="1.469" />

      <testcase classname="com.cronos.termsofuse.dao.impl.TermsOfUseDaoImplUnitTests" name="testCtor_dbConnectionFactoryConfigMissing" time="1.5" />

      <testcase classname="com.cronos.termsofuse.dao.impl.TermsOfUseDaoImplUnitTests" name="testCtor_dbConnectionFactoryConfigInvalid1" time="1.313" />

      <testcase classname="com.cronos.termsofuse.dao.impl.TermsOfUseDaoImplUnitTests" name="testCtor_dbConnectionFactoryConfigInvalid2" time="1.484" />

      <testcase classname="com.cronos.termsofuse.dao.impl.TermsOfUseDaoImplUnitTests" name="testCtor_loggerNameMissing" time="1.359" />

      <testcase classname="com.cronos.termsofuse.dao.impl.TermsOfUseDaoImplUnitTests" name="testCtor_loggerNameNotString" time="1.438" />

      <testcase classname="com.cronos.termsofuse.dao.impl.TermsOfUseDaoImplUnitTests" name="test_getTermsOfUse_1" time="1.828" />

      <testcase classname="com.cronos.termsofuse.dao.impl.TermsOfUseDaoImplUnitTests" name="test_getTermsOfUse_2" time="1.656" />

      <testcase classname="com.cronos.termsofuse.dao.impl.TermsOfUseDaoImplUnitTests" name="test_getTermsOfUse_PersistenceError" time="1.891" />

      <testcase classname="com.cronos.termsofuse.dao.impl.TermsOfUseDaoImplUnitTests" name="testCtor_idGeneratorNameMissing" time="1.171" />

      <testcase classname="com.cronos.termsofuse.dao.impl.TermsOfUseDaoImplUnitTests" name="testCtor_idGeneratorNameNotString" time="1.532" />

      <testcase classname="com.cronos.termsofuse.dao.impl.TermsOfUseDaoImplUnitTests" name="testCtor_idGeneratorNameInvalid" time="1.593" />

      <testcase classname="com.cronos.termsofuse.dao.impl.TermsOfUseDaoImplUnitTests" name="test_createTermsOfUse_1" time="4.36" />

      <testcase classname="com.cronos.termsofuse.dao.impl.TermsOfUseDaoImplUnitTests" name="test_createTermsOfUse_2" time="1.531" />

      <testcase classname="com.cronos.termsofuse.dao.impl.TermsOfUseDaoImplUnitTests" name="test_createTermsOfUse_3" time="1.844" />

      <testcase classname="com.cronos.termsofuse.dao.impl.TermsOfUseDaoImplUnitTests" name="test_createTermsOfUse_termsOfUseNull" time="2.11" />

      <testcase classname="com.cronos.termsofuse.dao.impl.TermsOfUseDaoImplUnitTests" name="test_createTermsOfUse_IDGenerationError" time="1.594" />

      <testcase classname="com.cronos.termsofuse.dao.impl.TermsOfUseDaoImplUnitTests" name="test_createTermsOfUse_PersistenceError" time="1.609" />

      <testcase classname="com.cronos.termsofuse.dao.impl.TermsOfUseDaoImplUnitTests" name="test_updateTermsOfUse_1" time="2.328" />

      <testcase classname="com.cronos.termsofuse.dao.impl.TermsOfUseDaoImplUnitTests" name="test_updateTermsOfUse_2" time="1.875" />

      <testcase classname="com.cronos.termsofuse.dao.impl.TermsOfUseDaoImplUnitTests" name="test_updateTermsOfUse_termsOfUseNull" time="1.609" />

      <testcase classname="com.cronos.termsofuse.dao.impl.TermsOfUseDaoImplUnitTests" name="test_updateTermsOfUse_EntityNotFoundError" time="1.704" />

      <testcase classname="com.cronos.termsofuse.dao.impl.TermsOfUseDaoImplUnitTests" name="test_updateTermsOfUse_PersistenceError" time="2.703" />

      <testcase classname="com.cronos.termsofuse.dao.impl.TermsOfUseDaoImplUnitTests" name="test_deleteTermsOfUse" time="2.734" />

      <testcase classname="com.cronos.termsofuse.dao.impl.TermsOfUseDaoImplUnitTests" name="test_deleteTermsOfUse_EntityNotFoundError" time="1.641" />

      <testcase classname="com.cronos.termsofuse.dao.impl.TermsOfUseDaoImplUnitTests" name="test_deleteTermsOfUse_PersistenceError" time="1.765" />

      <testcase classname="com.cronos.termsofuse.dao.impl.TermsOfUseDaoImplUnitTests" name="test_getTermsOfUseByTypeId_1" time="1.907" />

      <testcase classname="com.cronos.termsofuse.dao.impl.TermsOfUseDaoImplUnitTests" name="test_getTermsOfUseByTypeId_2" time="2.235" />

      <testcase classname="com.cronos.termsofuse.dao.impl.TermsOfUseDaoImplUnitTests" name="test_getTermsOfUseByTypeId_3" time="1.515" />

      <testcase classname="com.cronos.termsofuse.dao.impl.TermsOfUseDaoImplUnitTests" name="test_getTermsOfUseByTypeId_PersistenceError" time="1.688" />

      <testcase classname="com.cronos.termsofuse.dao.impl.TermsOfUseDaoImplUnitTests" name="test_getAllTermsOfUse_1" time="1.656" />

      <testcase classname="com.cronos.termsofuse.dao.impl.TermsOfUseDaoImplUnitTests" name="test_getAllTermsOfUse_2" time="1.625" />

      <testcase classname="com.cronos.termsofuse.dao.impl.TermsOfUseDaoImplUnitTests" name="test_getAllTermsOfUse_3" time="2.875" />

      <testcase classname="com.cronos.termsofuse.dao.impl.TermsOfUseDaoImplUnitTests" name="test_getAllTermsOfUse_PersistenceError" time="1.625" />

      <testcase classname="com.cronos.termsofuse.dao.impl.TermsOfUseDaoImplUnitTests" name="test_getTermsOfUseType_1" time="1.625" />

      <testcase classname="com.cronos.termsofuse.dao.impl.TermsOfUseDaoImplUnitTests" name="test_getTermsOfUseType_2" time="2.047" />

      <testcase classname="com.cronos.termsofuse.dao.impl.TermsOfUseDaoImplUnitTests" name="test_getTermsOfUseType_PersistenceError" time="2.125" />

      <testcase classname="com.cronos.termsofuse.dao.impl.TermsOfUseDaoImplUnitTests" name="test_updateTermsOfUseType_1" time="1.734" />

      <testcase classname="com.cronos.termsofuse.dao.impl.TermsOfUseDaoImplUnitTests" name="test_updateTermsOfUseType_2" time="2.969" />

      <testcase classname="com.cronos.termsofuse.dao.impl.TermsOfUseDaoImplUnitTests" name="test_updateTermsOfUseType_termsTypeNull" time="1.328" />

      <testcase classname="com.cronos.termsofuse.dao.impl.TermsOfUseDaoImplUnitTests" name="test_updateTermsOfUseType_EntityNotFoundError" time="1.531" />

      <testcase classname="com.cronos.termsofuse.dao.impl.TermsOfUseDaoImplUnitTests" name="test_updateTermsOfUseType_PersistenceError" time="1.641" />

      <testcase classname="com.cronos.termsofuse.dao.impl.TermsOfUseDaoImplUnitTests" name="test_getTermsOfUseText_1" time="1.765" />

      <testcase classname="com.cronos.termsofuse.dao.impl.TermsOfUseDaoImplUnitTests" name="test_getTermsOfUseText_2" time="1.922" />

      <testcase classname="com.cronos.termsofuse.dao.impl.TermsOfUseDaoImplUnitTests" name="test_getTermsOfUseText_EntityNotFoundError" time="1.609" />

      <testcase classname="com.cronos.termsofuse.dao.impl.TermsOfUseDaoImplUnitTests" name="test_getTermsOfUseText_PersistenceError" time="1.625" />

      <testcase classname="com.cronos.termsofuse.dao.impl.TermsOfUseDaoImplUnitTests" name="test_setTermsOfUseText_1" time="1.907" />

      <testcase classname="com.cronos.termsofuse.dao.impl.TermsOfUseDaoImplUnitTests" name="test_setTermsOfUseText_2" time="2.14" />

      <testcase classname="com.cronos.termsofuse.dao.impl.TermsOfUseDaoImplUnitTests" name="test_setTermsOfUseText_EntityNotFoundError" time="1.75" />

      <testcase classname="com.cronos.termsofuse.dao.impl.TermsOfUseDaoImplUnitTests" name="test_setTermsOfUseText_PersistenceError" time="2.047" />

      <testcase classname="com.cronos.termsofuse.dao.impl.UserTermsOfUseDaoImplUnitTests" name="testCtor" time="1.359" />

      <testcase classname="com.cronos.termsofuse.dao.impl.UserTermsOfUseDaoImplUnitTests" name="testCtor_configurationObjectNull" time="1.5" />

      <testcase classname="com.cronos.termsofuse.dao.impl.UserTermsOfUseDaoImplUnitTests" name="testCtor_dbConnectionFactoryConfigMissing" time="2.031" />

      <testcase classname="com.cronos.termsofuse.dao.impl.UserTermsOfUseDaoImplUnitTests" name="testCtor_dbConnectionFactoryConfigInvalid1" time="2.406" />

      <testcase classname="com.cronos.termsofuse.dao.impl.UserTermsOfUseDaoImplUnitTests" name="testCtor_dbConnectionFactoryConfigInvalid2" time="1.782" />

      <testcase classname="com.cronos.termsofuse.dao.impl.UserTermsOfUseDaoImplUnitTests" name="testCtor_loggerNameMissing" time="1.656" />

      <testcase classname="com.cronos.termsofuse.dao.impl.UserTermsOfUseDaoImplUnitTests" name="testCtor_loggerNameNotString" time="1.39" />

      <testcase classname="com.cronos.termsofuse.dao.impl.UserTermsOfUseDaoImplUnitTests" name="test_createUserTermsOfUse" time="2.266" />

      <testcase classname="com.cronos.termsofuse.dao.impl.UserTermsOfUseDaoImplUnitTests" name="test_createUserTermsOfUse_UserBannedError" time="1.75" />

      <testcase classname="com.cronos.termsofuse.dao.impl.UserTermsOfUseDaoImplUnitTests" name="test_createUserTermsOfUse_PersistenceError" time="1.656" />

      <testcase classname="com.cronos.termsofuse.dao.impl.UserTermsOfUseDaoImplUnitTests" name="test_removeUserTermsOfUse" time="2.219" />

      <testcase classname="com.cronos.termsofuse.dao.impl.UserTermsOfUseDaoImplUnitTests" name="test_removeUserTermsOfUse_EntityNotFoundError" time="2.922" />

      <testcase classname="com.cronos.termsofuse.dao.impl.UserTermsOfUseDaoImplUnitTests" name="test_removeUserTermsOfUse_PersistenceError" time="2.406" />

      <testcase classname="com.cronos.termsofuse.dao.impl.UserTermsOfUseDaoImplUnitTests" name="test_getTermsOfUseByUserId_1" time="1.531" />

      <testcase classname="com.cronos.termsofuse.dao.impl.UserTermsOfUseDaoImplUnitTests" name="test_getTermsOfUseByUserId_2" time="1.859" />

      <testcase classname="com.cronos.termsofuse.dao.impl.UserTermsOfUseDaoImplUnitTests" name="test_getTermsOfUseByUserId_3" time="1.625" />

      <testcase classname="com.cronos.termsofuse.dao.impl.UserTermsOfUseDaoImplUnitTests" name="test_getTermsOfUseByUserId_PersistenceError" time="1.5" />

      <testcase classname="com.cronos.termsofuse.dao.impl.UserTermsOfUseDaoImplUnitTests" name="test_getUsersByTermsOfUseId_1" time="1.406" />

      <testcase classname="com.cronos.termsofuse.dao.impl.UserTermsOfUseDaoImplUnitTests" name="test_getUsersByTermsOfUseId_2" time="2.063" />

      <testcase classname="com.cronos.termsofuse.dao.impl.UserTermsOfUseDaoImplUnitTests" name="test_getUsersByTermsOfUseId_3" time="1.609" />

      <testcase classname="com.cronos.termsofuse.dao.impl.UserTermsOfUseDaoImplUnitTests" name="test_getUsersByTermsOfUseId_PersistenceError" time="1.563" />

      <testcase classname="com.cronos.termsofuse.dao.impl.UserTermsOfUseDaoImplUnitTests" name="test_hasTermsOfUse_1" time="2.109" />

      <testcase classname="com.cronos.termsofuse.dao.impl.UserTermsOfUseDaoImplUnitTests" name="test_hasTermsOfUse_2" time="2.25" />

      <testcase classname="com.cronos.termsofuse.dao.impl.UserTermsOfUseDaoImplUnitTests" name="test_hasTermsOfUse_3" time="1.797" />

      <testcase classname="com.cronos.termsofuse.dao.impl.UserTermsOfUseDaoImplUnitTests" name="test_hasTermsOfUse_PersistenceError" time="1.625" />

      <testcase classname="com.cronos.termsofuse.dao.impl.UserTermsOfUseDaoImplUnitTests" name="test_hasTermsOfUseBan_1" time="1.453" />

      <testcase classname="com.cronos.termsofuse.dao.impl.UserTermsOfUseDaoImplUnitTests" name="test_hasTermsOfUseBan_2" time="1.75" />

      <testcase classname="com.cronos.termsofuse.dao.impl.UserTermsOfUseDaoImplUnitTests" name="test_hasTermsOfUseBan_3" time="1.734" />

      <testcase classname="com.cronos.termsofuse.dao.impl.UserTermsOfUseDaoImplUnitTests" name="test_hasTermsOfUseBan_PersistenceError" time="1.641" />

      <testcase classname="com.cronos.termsofuse.model.TermsOfUseTypeUnitTests" name="testCtor" time="0.0" />

      <testcase classname="com.cronos.termsofuse.model.TermsOfUseTypeUnitTests" name="test_getTermsOfUseTypeId" time="0.0" />

      <testcase classname="com.cronos.termsofuse.model.TermsOfUseTypeUnitTests" name="test_setTermsOfUseTypeId" time="0.0" />

      <testcase classname="com.cronos.termsofuse.model.TermsOfUseTypeUnitTests" name="test_getDescription" time="0.0" />

      <testcase classname="com.cronos.termsofuse.model.TermsOfUseTypeUnitTests" name="test_setDescription" time="0.0" />

      <testcase classname="com.cronos.termsofuse.model.TermsOfUseUnitTests" name="testCtor" time="0.0" />

      <testcase classname="com.cronos.termsofuse.model.TermsOfUseUnitTests" name="test_getTermsOfUseTypeId" time="0.0" />

      <testcase classname="com.cronos.termsofuse.model.TermsOfUseUnitTests" name="test_setTermsOfUseTypeId" time="0.0" />

      <testcase classname="com.cronos.termsofuse.model.TermsOfUseUnitTests" name="test_getTermsOfUseId" time="0.0" />

      <testcase classname="com.cronos.termsofuse.model.TermsOfUseUnitTests" name="test_setTermsOfUseId" time="0.0" />

      <testcase classname="com.cronos.termsofuse.model.TermsOfUseUnitTests" name="test_getTitle" time="0.0" />

      <testcase classname="com.cronos.termsofuse.model.TermsOfUseUnitTests" name="test_setTitle" time="0.0" />

      <testcase classname="com.cronos.termsofuse.model.TermsOfUseUnitTests" name="test_isElectronicallySignable" time="0.0" />

      <testcase classname="com.cronos.termsofuse.model.TermsOfUseUnitTests" name="test_setElectronicallySignable" time="0.0" />

      <testcase classname="com.cronos.termsofuse.model.TermsOfUseUnitTests" name="test_getUrl" time="0.0" />

      <testcase classname="com.cronos.termsofuse.model.TermsOfUseUnitTests" name="test_setUrl" time="0.0" />

      <testcase classname="com.cronos.termsofuse.model.TermsOfUseUnitTests" name="test_isMemberAgreeable" time="0.0" />

      <testcase classname="com.cronos.termsofuse.model.TermsOfUseUnitTests" name="test_setMemberAgreeable" time="0.0" />

      <testcase classname="com.cronos.termsofuse.dao.TermsOfUseDaoConfigurationExceptionUnitTests" name="testInheritance" time="0.0" />

      <testcase classname="com.cronos.termsofuse.dao.TermsOfUseDaoConfigurationExceptionUnitTests" name="testCtor1" time="0.0" />

      <testcase classname="com.cronos.termsofuse.dao.TermsOfUseDaoConfigurationExceptionUnitTests" name="testCtor2" time="0.0" />

      <testcase classname="com.cronos.termsofuse.dao.TermsOfUseDaoConfigurationExceptionUnitTests" name="testCtor3" time="0.0" />

      <testcase classname="com.cronos.termsofuse.dao.TermsOfUseDaoConfigurationExceptionUnitTests" name="testCtor4" time="0.0" />

      <testcase classname="com.cronos.termsofuse.dao.TermsOfUseDaoExceptionUnitTests" name="testInheritance" time="0.0" />

      <testcase classname="com.cronos.termsofuse.dao.TermsOfUseDaoExceptionUnitTests" name="testCtor1" time="0.0" />

      <testcase classname="com.cronos.termsofuse.dao.TermsOfUseDaoExceptionUnitTests" name="testCtor2" time="0.0" />

      <testcase classname="com.cronos.termsofuse.dao.TermsOfUseDaoExceptionUnitTests" name="testCtor3" time="0.0" />

      <testcase classname="com.cronos.termsofuse.dao.TermsOfUseDaoExceptionUnitTests" name="testCtor4" time="0.0" />

      <testcase classname="com.cronos.termsofuse.dao.EntityNotFoundExceptionUnitTests" name="testInheritance" time="0.0" />

      <testcase classname="com.cronos.termsofuse.dao.EntityNotFoundExceptionUnitTests" name="testCtor1" time="0.0" />

      <testcase classname="com.cronos.termsofuse.dao.EntityNotFoundExceptionUnitTests" name="testCtor2" time="0.0" />

      <testcase classname="com.cronos.termsofuse.dao.EntityNotFoundExceptionUnitTests" name="testCtor3" time="0.0" />

      <testcase classname="com.cronos.termsofuse.dao.EntityNotFoundExceptionUnitTests" name="testCtor4" time="0.0" />

      <testcase classname="com.cronos.termsofuse.dao.TermsOfUsePersistenceExceptionUnitTests" name="testInheritance" time="0.0" />

      <testcase classname="com.cronos.termsofuse.dao.TermsOfUsePersistenceExceptionUnitTests" name="testCtor1" time="0.0" />

      <testcase classname="com.cronos.termsofuse.dao.TermsOfUsePersistenceExceptionUnitTests" name="testCtor2" time="0.0" />

      <testcase classname="com.cronos.termsofuse.dao.TermsOfUsePersistenceExceptionUnitTests" name="testCtor3" time="0.0" />

      <testcase classname="com.cronos.termsofuse.dao.TermsOfUsePersistenceExceptionUnitTests" name="testCtor4" time="0.0" />

      <testcase classname="com.cronos.termsofuse.dao.UserBannedExceptionUnitTests" name="testInheritance" time="0.015" />

      <testcase classname="com.cronos.termsofuse.dao.UserBannedExceptionUnitTests" name="testCtor1" time="0.0" />

      <testcase classname="com.cronos.termsofuse.dao.UserBannedExceptionUnitTests" name="testCtor2" time="0.0" />

      <testcase classname="com.cronos.termsofuse.dao.UserBannedExceptionUnitTests" name="testCtor3" time="0.0" />

      <testcase classname="com.cronos.termsofuse.dao.UserBannedExceptionUnitTests" name="testCtor4" time="0.0" />

      <testcase classname="com.cronos.termsofuse.accuracytests.TermsOfUseDaoImplAccuracyTest" name="testConstructor" time="2.266" />

      <testcase classname="com.cronos.termsofuse.accuracytests.TermsOfUseDaoImplAccuracyTest" name="testCreateTermsOfUse" time="2.75" />

      <testcase classname="com.cronos.termsofuse.accuracytests.TermsOfUseDaoImplAccuracyTest" name="testCreateTermsOfUse_Null_TermsText" time="2.094" />

      <testcase classname="com.cronos.termsofuse.accuracytests.TermsOfUseDaoImplAccuracyTest" name="testUpdateTermsOfUse" time="2.734" />

      <testcase classname="com.cronos.termsofuse.accuracytests.TermsOfUseDaoImplAccuracyTest" name="testGetTermsOfUse" time="2.078" />

      <testcase classname="com.cronos.termsofuse.accuracytests.TermsOfUseDaoImplAccuracyTest" name="testGetTermsOfUse_Null" time="2.36" />

      <testcase classname="com.cronos.termsofuse.accuracytests.TermsOfUseDaoImplAccuracyTest" name="testDeleteTermsOfUse" time="2.968" />

      <testcase classname="com.cronos.termsofuse.accuracytests.TermsOfUseDaoImplAccuracyTest" name="testGetTermsOfUseByTypeId" time="1.782" />

      <testcase classname="com.cronos.termsofuse.accuracytests.TermsOfUseDaoImplAccuracyTest" name="testGetTermsOfUseByTypeId_Empty" time="1.75" />

      <testcase classname="com.cronos.termsofuse.accuracytests.TermsOfUseDaoImplAccuracyTest" name="testGetAllTermsOfUse" time="1.968" />

      <testcase classname="com.cronos.termsofuse.accuracytests.TermsOfUseDaoImplAccuracyTest" name="testGetTermsOfUseType" time="1.797" />

      <testcase classname="com.cronos.termsofuse.accuracytests.TermsOfUseDaoImplAccuracyTest" name="testGetTermsOfUseType_Null" time="1.766" />

      <testcase classname="com.cronos.termsofuse.accuracytests.TermsOfUseDaoImplAccuracyTest" name="testUpdateTermsOfUseType" time="2.047" />

      <testcase classname="com.cronos.termsofuse.accuracytests.TermsOfUseDaoImplAccuracyTest" name="testGetTermsOfUseText" time="2.156" />

      <testcase classname="com.cronos.termsofuse.accuracytests.TermsOfUseDaoImplAccuracyTest" name="testGetTermsOfUseText_Null" time="2.078" />

      <testcase classname="com.cronos.termsofuse.accuracytests.TermsOfUseDaoImplAccuracyTest" name="testSetTermsOfUseText" time="2.078" />

      <testcase classname="com.cronos.termsofuse.accuracytests.UserTermsOfUseDaoImplAccuracyTest" name="testConstructor" time="1.594" />

      <testcase classname="com.cronos.termsofuse.accuracytests.UserTermsOfUseDaoImplAccuracyTest" name="testCreateUserTermsOfUse" time="2.281" />

      <testcase classname="com.cronos.termsofuse.accuracytests.UserTermsOfUseDaoImplAccuracyTest" name="testRemoveUserTermsOfUse" time="2.016" />

      <testcase classname="com.cronos.termsofuse.accuracytests.UserTermsOfUseDaoImplAccuracyTest" name="testGetTermsOfUseByUserId" time="1.984" />

      <testcase classname="com.cronos.termsofuse.accuracytests.UserTermsOfUseDaoImplAccuracyTest" name="testGetTermsOfUseByUserId_Empty" time="1.781" />

      <testcase classname="com.cronos.termsofuse.accuracytests.UserTermsOfUseDaoImplAccuracyTest" name="testGetUsersByTermsOfUseId" time="1.86" />

      <testcase classname="com.cronos.termsofuse.accuracytests.UserTermsOfUseDaoImplAccuracyTest" name="testGetUsersByTermsOfUseId_Empty" time="2.187" />

      <testcase classname="com.cronos.termsofuse.accuracytests.UserTermsOfUseDaoImplAccuracyTest" name="testHasTermsOfUse" time="1.844" />

      <testcase classname="com.cronos.termsofuse.accuracytests.UserTermsOfUseDaoImplAccuracyTest" name="testHasTermsOfUse_Not" time="1.828" />

      <testcase classname="com.cronos.termsofuse.accuracytests.UserTermsOfUseDaoImplAccuracyTest" name="testHasTermsOfUseBan" time="1.75" />

      <testcase classname="com.cronos.termsofuse.accuracytests.UserTermsOfUseDaoImplAccuracyTest" name="testHasTermsOfUseBan_NoBan" time="1.641" />

      <testcase classname="com.cronos.termsofuse.accuracytests.ProjectTermsOfUseDaoImplAccuracyTest" name="testConstructor" time="1.64" />

      <testcase classname="com.cronos.termsofuse.accuracytests.ProjectTermsOfUseDaoImplAccuracyTest" name="testCreateProjectRoleTermsOfUse" time="1.985" />

      <testcase classname="com.cronos.termsofuse.accuracytests.ProjectTermsOfUseDaoImplAccuracyTest" name="testRemoveProjectRoleTermsOfUse" time="1.937" />

      <testcase classname="com.cronos.termsofuse.accuracytests.ProjectTermsOfUseDaoImplAccuracyTest" name="testRemoveAllProjectRoleTermsOfUse" time="2.0" />

      <testcase classname="com.cronos.termsofuse.accuracytests.ProjectTermsOfUseDaoImplAccuracyTest" name="testGetTermsOfUse1" time="1.766" />

      <testcase classname="com.cronos.termsofuse.accuracytests.ProjectTermsOfUseDaoImplAccuracyTest" name="testGetTermsOfUse2" time="1.687" />

      <testcase classname="com.cronos.termsofuse.accuracytests.ProjectTermsOfUseDaoImplAccuracyTest" name="testGetTermsOfUse_Agreeable" time="1.813" />

      <testcase classname="com.cronos.termsofuse.accuracytests.ProjectTermsOfUseDaoImplAccuracyTest" name="testGetTermsOfUse_Agreeable_Empty" time="1.641" />

      <testcase classname="com.cronos.termsofuse.accuracytests.ProjectTermsOfUseDaoImplAccuracyTest" name="testGetTermsOfUse_NoProject" time="1.75" />

      <testcase classname="com.cronos.termsofuse.accuracytests.ProjectTermsOfUseDaoImplAccuracyTest" name="testGetTermsOfUse_NoResource" time="1.921" />

      <testcase classname="com.cronos.termsofuse.stresstests.ProjectTermsOfUseDaoImplStressTests" name="testGetTermsOfUse" time="6.313" />

      <testcase classname="com.cronos.termsofuse.stresstests.ProjectTermsOfUseDaoImplStressTests" name="testCreateProjectRoleTermsOfUse" time="3.953" />

      <testcase classname="com.cronos.termsofuse.stresstests.ProjectTermsOfUseDaoImplStressTests" name="testRemoveProjectRoleTermsOfUse" time="5.953" />

      <testcase classname="com.cronos.termsofuse.stresstests.ProjectTermsOfUseDaoImplStressTests" name="testRemoveAllProjectRoleTermsOfUse" time="8.0" />

      <testcase classname="com.cronos.termsofuse.stresstests.ProjectTermsOfUseDaoImplStressTests" name="testCreateProjectRoleTermsOfUseMultiThreaded" time="1.313" />

      <testcase classname="com.cronos.termsofuse.stresstests.ProjectTermsOfUseDaoImplStressTests" name="testRemoveProjectRoleTermsOfUseMultithreaded" time="1.312" />

      <testcase classname="com.cronos.termsofuse.stresstests.ProjectTermsOfUseDaoImplStressTests" name="testGetTermsOfUseBulk1" time="13.406" />

      <testcase classname="com.cronos.termsofuse.stresstests.ProjectTermsOfUseDaoImplStressTests" name="testGetTermsOfUseBulk2" time="24.329" />

      <testcase classname="com.cronos.termsofuse.stresstests.ProjectTermsOfUseDaoImplStressTests" name="testGetTermsOfUseBulk3" time="18.203" />

      <testcase classname="com.cronos.termsofuse.stresstests.ProjectTermsOfUseDaoImplStressTests" name="testGetTermsOfUseBulkMultithreaded" time="28.0" />

      <testcase classname="com.cronos.termsofuse.stresstests.ProjectTermsOfUseDaoImplStressTests" name="testGetTermsOfUseMultithreaded" time="8.453" />

      <testcase classname="com.cronos.termsofuse.stresstests.ProjectTermsOfUseDaoImplStressTests" name="testRemoveAllProjectRoleTermsOfUseMultithreaded" time="9.547" />

      <testcase classname="com.cronos.termsofuse.stresstests.TermsOfUseDaoImplStressTests" name="testCreateTermsOfUse" time="4.718" />

      <testcase classname="com.cronos.termsofuse.stresstests.TermsOfUseDaoImplStressTests" name="testUpdateTermsOfUse" time="6.422" />

      <testcase classname="com.cronos.termsofuse.stresstests.TermsOfUseDaoImplStressTests" name="testGetTermsOfUse" time="4.766" />

      <testcase classname="com.cronos.termsofuse.stresstests.TermsOfUseDaoImplStressTests" name="testDeleteTermsOfUse" time="6.359" />

      <testcase classname="com.cronos.termsofuse.stresstests.TermsOfUseDaoImplStressTests" name="testGetTermsOfUseByTypeId" time="4.391" />

      <testcase classname="com.cronos.termsofuse.stresstests.TermsOfUseDaoImplStressTests" name="testGetAllTermsOfUse" time="4.296" />

      <testcase classname="com.cronos.termsofuse.stresstests.TermsOfUseDaoImplStressTests" name="testGetTermsOfUseType" time="2.391" />

      <testcase classname="com.cronos.termsofuse.stresstests.TermsOfUseDaoImplStressTests" name="testUpdateTermsOfUseType" time="6.359" />

      <testcase classname="com.cronos.termsofuse.stresstests.TermsOfUseDaoImplStressTests" name="testGetTermsOfUseText" time="6.922" />

      <testcase classname="com.cronos.termsofuse.stresstests.TermsOfUseDaoImplStressTests" name="testSetTermsOfUseText" time="6.657" />

      <testcase classname="com.cronos.termsofuse.stresstests.TermsOfUseDaoImplStressTests" name="testCreateTermsOfUseMultithreaded" time="11.843" />

      <testcase classname="com.cronos.termsofuse.stresstests.TermsOfUseDaoImplStressTests" name="testUpdateTermsOfUseMultithreaded" time="32.594" />

      <testcase classname="com.cronos.termsofuse.stresstests.TermsOfUseDaoImplStressTests" name="testDeleteTermsOfUseMultithreaded" time="23.938" />

      <testcase classname="com.cronos.termsofuse.stresstests.UserTermsOfUseDaoImplStressTests" name="testCreateUserTermsOfUse" time="8.062" />

      <testcase classname="com.cronos.termsofuse.stresstests.UserTermsOfUseDaoImplStressTests" name="testRemoveUserTermsOfUse" time="8.797" />

      <testcase classname="com.cronos.termsofuse.stresstests.UserTermsOfUseDaoImplStressTests" name="testGetTermsOfUseByUserId" time="6.969" />

      <testcase classname="com.cronos.termsofuse.stresstests.UserTermsOfUseDaoImplStressTests" name="testGetUsersByTermsOfUseId" time="6.734" />

      <testcase classname="com.cronos.termsofuse.stresstests.UserTermsOfUseDaoImplStressTests" name="testHasTermsOfUse" time="6.703" />

      <testcase classname="com.cronos.termsofuse.stresstests.UserTermsOfUseDaoImplStressTests" name="testHasTermsOfUseBan" time="6.625" />

      <testcase classname="com.cronos.termsofuse.stresstests.UserTermsOfUseDaoImplStressTests" name="testCreateUserTermsOfUseMultithreaded" time="40.437" />

      <testcase classname="com.cronos.termsofuse.stresstests.UserTermsOfUseDaoImplStressTests" name="testRemoveUserTermsOfUseMultithread" time="33.313" />

      <testcase classname="com.cronos.termsofuse.stresstests.UserTermsOfUseDaoImplStressTests" name="testGetTermsOfUseByUserIdMultithreaded" time="3.0" />

      <testcase classname="com.cronos.termsofuse.stresstests.UserTermsOfUseDaoImplStressTests" name="testGetUsersByTermsOfUseIdMultithreaded" time="27.281" />

      <testcase classname="com.cronos.termsofuse.stresstests.UserTermsOfUseDaoImplStressTests" name="testHasTermsOfUseMultithreaded" time="25.75" />

      <testcase classname="com.cronos.termsofuse.stresstests.UserTermsOfUseDaoImplStressTests" name="testHasTermsOfUseBanMultithread" time="29.672" />

      <testcase classname="com.cronos.termsofuse.dao.failure.ProjectTermsOfUseDaoImplFailureTest" name="test_getTermsOfUse_1" time="0.75" />

      <testcase classname="com.cronos.termsofuse.dao.failure.ProjectTermsOfUseDaoImplFailureTest" name="test_getTermsOfUse_2" time="0.562" />

      <testcase classname="com.cronos.termsofuse.dao.failure.ProjectTermsOfUseDaoImplFailureTest" name="test_getTermsOfUse_3" time="0.61" />

      <testcase classname="com.cronos.termsofuse.dao.failure.ProjectTermsOfUseDaoImplFailureTest" name="test_removeAllProjectRoleTermsOfUse_1" time="0.859" />

      <testcase classname="com.cronos.termsofuse.dao.failure.ProjectTermsOfUseDaoImplFailureTest" name="test_ProjectTermsOfUseDaoImpl_Null" time="0.61" />

      <testcase classname="com.cronos.termsofuse.dao.failure.ProjectTermsOfUseDaoImplFailureTest" name="test_ProjectTermsOfUseDaoImpl_2" time="0.64" />

      <testcase classname="com.cronos.termsofuse.dao.failure.ProjectTermsOfUseDaoImplFailureTest" name="test_ProjectTermsOfUseDaoImpl_3" time="0.594" />

      <testcase classname="com.cronos.termsofuse.dao.failure.ProjectTermsOfUseDaoImplFailureTest" name="test_ProjectTermsOfUseDaoImpl_4" time="0.578" />

      <testcase classname="com.cronos.termsofuse.dao.failure.ProjectTermsOfUseDaoImplFailureTest" name="test_createProjectRoleTermsOfUse_1" time="0.828" />

      <testcase classname="com.cronos.termsofuse.dao.failure.ProjectTermsOfUseDaoImplFailureTest" name="test_createProjectRoleTermsOfUse_2" time="0.75" />

      <testcase classname="com.cronos.termsofuse.dao.failure.ProjectTermsOfUseDaoImplFailureTest" name="test_createProjectRoleTermsOfUse_3" time="1.078" />

      <testcase classname="com.cronos.termsofuse.dao.failure.ProjectTermsOfUseDaoImplFailureTest" name="test_removeProjectRoleTermsOfUse_1" time="0.844" />

      <testcase classname="com.cronos.termsofuse.dao.failure.ProjectTermsOfUseDaoImplFailureTest" name="test_removeProjectRoleTermsOfUse_2" time="0.734" />

      <testcase classname="com.cronos.termsofuse.dao.failure.TermsOfUseDaoImplFailureTest" name="test_getTermsOfUse_1" time="0.922" />

      <testcase classname="com.cronos.termsofuse.dao.failure.TermsOfUseDaoImplFailureTest" name="test_createTermsOfUse_1" time="0.922" />

      <testcase classname="com.cronos.termsofuse.dao.failure.TermsOfUseDaoImplFailureTest" name="test_createTermsOfUse_2" time="0.656" />

      <testcase classname="com.cronos.termsofuse.dao.failure.TermsOfUseDaoImplFailureTest" name="test_updateTermsOfUse_1" time="1.063" />

      <testcase classname="com.cronos.termsofuse.dao.failure.TermsOfUseDaoImplFailureTest" name="test_updateTermsOfUse_2" time="0.547" />

      <testcase classname="com.cronos.termsofuse.dao.failure.TermsOfUseDaoImplFailureTest" name="test_getTermsOfUseByTypeId_1" time="0.859" />

      <testcase classname="com.cronos.termsofuse.dao.failure.TermsOfUseDaoImplFailureTest" name="test_getAllTermsOfUse_1" time="0.86" />

      <testcase classname="com.cronos.termsofuse.dao.failure.TermsOfUseDaoImplFailureTest" name="test_getTermsOfUseType_1" time="1.046" />

      <testcase classname="com.cronos.termsofuse.dao.failure.TermsOfUseDaoImplFailureTest" name="test_updateTermsOfUseType_1" time="0.579" />

      <testcase classname="com.cronos.termsofuse.dao.failure.TermsOfUseDaoImplFailureTest" name="test_updateTermsOfUseType_2" time="0.843" />

      <testcase classname="com.cronos.termsofuse.dao.failure.TermsOfUseDaoImplFailureTest" name="test_getTermsOfUseText_1" time="0.891" />

      <testcase classname="com.cronos.termsofuse.dao.failure.TermsOfUseDaoImplFailureTest" name="test_getTermsOfUseText_2" time="0.812" />

      <testcase classname="com.cronos.termsofuse.dao.failure.TermsOfUseDaoImplFailureTest" name="test_setTermsOfUseText_1" time="0.813" />

      <testcase classname="com.cronos.termsofuse.dao.failure.TermsOfUseDaoImplFailureTest" name="test_setTermsOfUseText_2" time="0.797" />

      <testcase classname="com.cronos.termsofuse.dao.failure.TermsOfUseDaoImplFailureTest" name="test_TermsOfUseDaoImpl_Null" time="0.64" />

      <testcase classname="com.cronos.termsofuse.dao.failure.TermsOfUseDaoImplFailureTest" name="test_TermsOfUseDaoImpl_2" time="0.594" />

      <testcase classname="com.cronos.termsofuse.dao.failure.TermsOfUseDaoImplFailureTest" name="test_TermsOfUseDaoImpl_3" time="0.735" />

      <testcase classname="com.cronos.termsofuse.dao.failure.TermsOfUseDaoImplFailureTest" name="test_TermsOfUseDaoImpl_4" time="0.609" />

      <testcase classname="com.cronos.termsofuse.dao.failure.TermsOfUseDaoImplFailureTest" name="test_TermsOfUseDaoImpl_5" time="0.594" />

      <testcase classname="com.cronos.termsofuse.dao.failure.TermsOfUseDaoImplFailureTest" name="test_TermsOfUseDaoImpl_6" time="0.797" />

      <testcase classname="com.cronos.termsofuse.dao.failure.TermsOfUseDaoImplFailureTest" name="test_createTermsOfUse_7" time="0.781" />

      <testcase classname="com.cronos.termsofuse.dao.failure.TermsOfUseDaoImplFailureTest" name="test_createTermsOfUse_4" time="0.797" />

      <testcase classname="com.cronos.termsofuse.dao.failure.TermsOfUseDaoImplFailureTest" name="test_updateTermsOfUse_3" time="0.765" />

      <testcase classname="com.cronos.termsofuse.dao.failure.TermsOfUseDaoImplFailureTest" name="test_updateTermsOfUse_5" time="1.016" />

      <testcase classname="com.cronos.termsofuse.dao.failure.TermsOfUseDaoImplFailureTest" name="test_deleteTermsOfUse_1" time="0.828" />

      <testcase classname="com.cronos.termsofuse.dao.failure.TermsOfUseDaoImplFailureTest" name="test_deleteTermsOfUse_2" time="0.781" />

      <testcase classname="com.cronos.termsofuse.dao.failure.TermsOfUseDaoImplFailureTest" name="test_updateTermsOfUseType_3" time="0.782" />

      <testcase classname="com.cronos.termsofuse.dao.failure.TermsOfUseDaoImplFailureTest" name="test_updateTermsOfUseType_4" time="0.89" />

      <testcase classname="com.cronos.termsofuse.dao.failure.UserTermsOfUseDaoImplFailureTest" name="test_getTermsOfUseByUserId_1" time="0.906" />

      <testcase classname="com.cronos.termsofuse.dao.failure.UserTermsOfUseDaoImplFailureTest" name="test_getUsersByTermsOfUseId_1" time="0.797" />

      <testcase classname="com.cronos.termsofuse.dao.failure.UserTermsOfUseDaoImplFailureTest" name="test_hasTermsOfUse_1" time="0.782" />

      <testcase classname="com.cronos.termsofuse.dao.failure.UserTermsOfUseDaoImplFailureTest" name="test_hasTermsOfUseBan_1" time="0.812" />

      <testcase classname="com.cronos.termsofuse.dao.failure.UserTermsOfUseDaoImplFailureTest" name="test_UserTermsOfUseDaoImpl_Null" time="0.594" />

      <testcase classname="com.cronos.termsofuse.dao.failure.UserTermsOfUseDaoImplFailureTest" name="test_UserTermsOfUseDaoImpl_2" time="0.594" />

      <testcase classname="com.cronos.termsofuse.dao.failure.UserTermsOfUseDaoImplFailureTest" name="test_UserTermsOfUseDaoImpl_3" time="0.593" />

      <testcase classname="com.cronos.termsofuse.dao.failure.UserTermsOfUseDaoImplFailureTest" name="test_UserTermsOfUseDaoImpl_4" time="0.594" />

      <testcase classname="com.cronos.termsofuse.dao.failure.UserTermsOfUseDaoImplFailureTest" name="test_createUserTermsOfUse_1" time="0.969" />

      <testcase classname="com.cronos.termsofuse.dao.failure.UserTermsOfUseDaoImplFailureTest" name="test_createUserTermsOfUse_2" time="0.984" />

      <testcase classname="com.cronos.termsofuse.dao.failure.UserTermsOfUseDaoImplFailureTest" name="test_createUserTermsOfUse_6" time="0.875" />

      <testcase classname="com.cronos.termsofuse.dao.failure.UserTermsOfUseDaoImplFailureTest" name="test_createUserTermsOfUse_3" time="1.375" />

      <testcase classname="com.cronos.termsofuse.dao.failure.UserTermsOfUseDaoImplFailureTest" name="test_createUserTermsOfUse_4" time="0.75" />

      <testcase classname="com.cronos.termsofuse.dao.failure.UserTermsOfUseDaoImplFailureTest" name="test_removeUserTermsOfUse_1" time="0.922" />

      <testcase classname="com.cronos.termsofuse.dao.failure.UserTermsOfUseDaoImplFailureTest" name="test_removeUserTermsOfUse_2" time="0.781" />

      <testcase classname="com.cronos.termsofuse.dao.failure.UserTermsOfUseDaoImplFailureTest" name="test_removeUserTermsOfUse_3" time="0.719" />

      <system-out><![CDATA[Test ProjectTermsOfUseDaoImplStressTests#testGetTermsOfUse execution completed in 5906 ms.
Test ProjectTermsOfUseDaoImplStressTests#testCreateProjectRoleTermsOfUse execution completed in 3547 ms.
Test ProjectTermsOfUseDaoImplStressTests#testRemoveProjectRoleTermsOfUse execution completed in 5593 ms.
Test ProjectTermsOfUseDaoImplStressTests#testRemoveAllProjectRoleTermsOfUse execution completed in 7625 ms.
Test ProjectTermsOfUseDaoImplStressTests#testCreateProjectRoleTermsOfUseMultiThreaded execution completed in 906 ms.
Test ProjectTermsOfUseDaoImplStressTests#testRemoveProjectRoleTermsOfUseMultithreaded execution completed in 891 ms.
Test ProjectTermsOfUseDaoImplStressTests#testGetTermsOfUse execution completed in 12703 ms.
Test ProjectTermsOfUseDaoImplStressTests#testGetTermsOfUse execution completed in 23344 ms.
Test ProjectTermsOfUseDaoImplStressTests#testGetTermsOfUse execution completed in 17469 ms.
Test ProjectTermsOfUseDaoImplStressTests#testGetTermsOfUseBulkMultithreaded execution completed in 27297 ms.
Test ProjectTermsOfUseDaoImplStressTests#testGetTermsOfUseMultithreaded execution completed in 7969 ms.
Test ProjectTermsOfUseDaoImplStressTests#testRemoveAllProjectRoleTermsOfUseMultithreaded execution completed in 9172 ms.
Test TermsOfUseDaoImpl#testCreateTermsOfUse execution completed in 4219 ms.
Test TermsOfUseDaoImpl#testUpdateTermsOfUse execution completed in 5969 ms.
Test TermsOfUseDaoImpl#testGetTermsOfUse execution completed in 4359 ms.
Test TermsOfUseDaoImpl#testDeleteTermsOfUse execution completed in 5953 ms.
Test TermsOfUseDaoImpl#testGetTermsOfUseByTypeId execution completed in 4000 ms.
Test TermsOfUseDaoImpl#testGetAllTermsOfUse execution completed in 3907 ms.
Test TermsOfUseDaoImpl#testGetTermsOfUseType execution completed in 1922 ms.
Test TermsOfUseDaoImpl#testUpdateTermsOfUseType execution completed in 5969 ms.
Test TermsOfUseDaoImpl#testGetTermsOfUseText execution completed in 6485 ms.
Test TermsOfUseDaoImpl#testSetTermsOfUseText execution completed in 6188 ms.
Test TermsOfUseDaoImpl#testCreateTermsOfUseMultithreaded execution completed in 11328 ms.
Test TermsOfUseDaoImpl#testUpdateTermsOfUseMultithreaded execution completed in 32031 ms.
Test TermsOfUseDaoImpl#testDeleteTermsOfUseMultithreaded execution completed in 23344 ms.
Test UserTermsOfUseDaoImpl#testCreateUserTermsOfUse execution completed in 7672 ms.
Test UserTermsOfUseDaoImpl#testRemoveUserTermsOfUse execution completed in 8360 ms.
Test UserTermsOfUseDaoImpl#testGetTermsOfUseByUserId execution completed in 6422 ms.
Test UserTermsOfUseDaoImpl#testGetUsersByTermsOfUseId execution completed in 6344 ms.
Test UserTermsOfUseDaoImpl#testHasTermsOfUse execution completed in 6281 ms.
Test UserTermsOfUseDaoImpl#testHasTermsOfUseBan execution completed in 6172 ms.
Test UserTermsOfUseDaoImpl#testCreateUserTermsOfUseMultithreaded execution completed in 30016 ms.
Test UserTermsOfUseDaoImpl#testCreateUserTermsOfUseMultithreaded execution completed in 40078 ms.
Test ProjectTermsOfUseDaoImplStressTests#testRemoveUserTermsOfUseMultithread execution completed in 32875 ms.
Test UserTermsOfUseDaoImpl#testGetTermsOfUseByUserIdMultithreaded execution completed in 2641 ms.
Test ProjectTermsOfUseDaoImplStressTests#testGetUsersByTermsOfUseIdMultithreaded execution completed in 26938 ms.
Test UserTermsOfUseDaoImpl#testHasTermsOfUseMultithreaded execution completed in 25375 ms.
Test UserTermsOfUseDaoImpl#testHasTermsOfUseBanMultithread execution completed in 29297 ms.
]]></system-out>

      <system-err><![CDATA[com.topcoder.util.config.ConfigManagerException: The property 'implementor' is null or empty.
	at com.topcoder.util.config.Helper.createObj(Helper.java:178)
	at com.topcoder.util.config.ConfigManager.getInstance(ConfigManager.java:378)
	at com.topcoder.util.log.LogFactory.getLogWithExceptions(LogFactory.java:371)
	at com.topcoder.util.log.LogFactory.getLog(LogFactory.java:294)
	at com.cronos.termsofuse.dao.impl.BaseTermsOfUseDao.<init>(BaseTermsOfUseDao.java:92)
	at com.cronos.termsofuse.dao.impl.TermsOfUseDaoImpl.<init>(TermsOfUseDaoImpl.java:250)
	at com.cronos.termsofuse.TestsHelper.loadDB(TestsHelper.java:213)
	at com.cronos.termsofuse.Demo.setUp(Demo.java:64)
	at sun.reflect.NativeMethodAccessorImpl.invoke0(Native Method)
	at sun.reflect.NativeMethodAccessorImpl.invoke(NativeMethodAccessorImpl.java:39)
	at sun.reflect.DelegatingMethodAccessorImpl.invoke(DelegatingMethodAccessorImpl.java:25)
	at java.lang.reflect.Method.invoke(Method.java:597)
	at org.junit.runners.model.FrameworkMethod$1.runReflectiveCall(FrameworkMethod.java:44)
	at org.junit.internal.runners.model.ReflectiveCallable.run(ReflectiveCallable.java:15)
	at org.junit.runners.model.FrameworkMethod.invokeExplosively(FrameworkMethod.java:41)
	at org.junit.internal.runners.statements.RunBefores.evaluate(RunBefores.java:27)
	at org.junit.internal.runners.statements.RunAfters.evaluate(RunAfters.java:31)
	at org.junit.runners.BlockJUnit4ClassRunner.runChild(BlockJUnit4ClassRunner.java:73)
	at org.junit.runners.BlockJUnit4ClassRunner.runChild(BlockJUnit4ClassRunner.java:46)
	at org.junit.runners.ParentRunner.runChildren(ParentRunner.java:180)
	at org.junit.runners.ParentRunner.access$000(ParentRunner.java:41)
	at org.junit.runners.ParentRunner$1.evaluate(ParentRunner.java:173)
	at org.junit.internal.runners.statements.RunBefores.evaluate(RunBefores.java:28)
	at org.junit.internal.runners.statements.RunAfters.evaluate(RunAfters.java:31)
	at org.junit.runners.ParentRunner.run(ParentRunner.java:220)
	at junit.framework.JUnit4TestAdapter.run(JUnit4TestAdapter.java:39)
	at junit.framework.TestSuite.runTest(TestSuite.java:232)
	at junit.framework.TestSuite.run(TestSuite.java:227)
	at junit.framework.TestSuite.runTest(TestSuite.java:232)
	at junit.framework.TestSuite.run(TestSuite.java:227)
	at org.apache.tools.ant.taskdefs.optional.junit.JUnitTestRunner.run(JUnitTestRunner.java:420)
	at org.apache.tools.ant.taskdefs.optional.junit.JUnitTestRunner.launch(JUnitTestRunner.java:911)
	at org.apache.tools.ant.taskdefs.optional.junit.JUnitTestRunner.main(JUnitTestRunner.java:768)
Entering method [com.cronos.termsofuse.dao.impl.UserTermsOfUseDaoImpl.getTermsOfUseByUserId(long userId)].
Input parameters[userId:1]
Error in method [com.cronos.termsofuse.dao.impl.UserTermsOfUseDaoImpl.getTermsOfUseByUserId(long userId)].
com.cronos.termsofuse.dao.TermsOfUsePersistenceException: Failed to create a connection.
	at com.cronos.termsofuse.dao.impl.Helper.createConnection(Helper.java:195)
	at com.cronos.termsofuse.dao.impl.Helper.getTermsOfUse(Helper.java:256)
	at com.cronos.termsofuse.dao.impl.UserTermsOfUseDaoImpl.getTermsOfUseByUserId(UserTermsOfUseDaoImpl.java:284)
	at com.cronos.termsofuse.dao.failure.UserTermsOfUseDaoImplFailureTest.test_getTermsOfUseByUserId_1(UserTermsOfUseDaoImplFailureTest.java:228)
	at sun.reflect.NativeMethodAccessorImpl.invoke0(Native Method)
	at sun.reflect.NativeMethodAccessorImpl.invoke(NativeMethodAccessorImpl.java:39)
	at sun.reflect.DelegatingMethodAccessorImpl.invoke(DelegatingMethodAccessorImpl.java:25)
	at java.lang.reflect.Method.invoke(Method.java:597)
	at junit.framework.TestCase.runTest(TestCase.java:168)
	at junit.framework.TestCase.runBare(TestCase.java:134)
	at junit.framework.TestResult$1.protect(TestResult.java:110)
	at junit.framework.TestResult.runProtected(TestResult.java:128)
	at junit.framework.TestResult.run(TestResult.java:113)
	at junit.framework.TestCase.run(TestCase.java:124)
	at junit.framework.TestSuite.runTest(TestSuite.java:232)
	at junit.framework.TestSuite.run(TestSuite.java:227)
	at junit.framework.TestSuite.runTest(TestSuite.java:232)
	at junit.framework.TestSuite.run(TestSuite.java:227)
	at junit.framework.TestSuite.runTest(TestSuite.java:232)
	at junit.framework.TestSuite.run(TestSuite.java:227)
	at org.apache.tools.ant.taskdefs.optional.junit.JUnitTestRunner.run(JUnitTestRunner.java:420)
	at org.apache.tools.ant.taskdefs.optional.junit.JUnitTestRunner.launch(JUnitTestRunner.java:911)
	at org.apache.tools.ant.taskdefs.optional.junit.JUnitTestRunner.main(JUnitTestRunner.java:768)
Caused by: com.topcoder.db.connectionfactory.DBConnectionException: error occurs while creating the connection.
	at com.topcoder.db.connectionfactory.producers.JDBCConnectionProducer.createConnection(JDBCConnectionProducer.java:450)
	at com.topcoder.db.connectionfactory.producers.JDBCConnectionProducer.createConnection(JDBCConnectionProducer.java:406)
	at com.topcoder.db.connectionfactory.DBConnectionFactoryImpl.createConnection(DBConnectionFactoryImpl.java:477)
	at com.cronos.termsofuse.dao.impl.Helper.createConnection(Helper.java:193)
	... 22 more
Caused by: java.sql.SQLException: Incorrect password or user com.informix.asf.IfxASFRemoteException: informix@pc001 is not known on the database server.
	at com.informix.jdbc.IfxSqliConnect.<init>(IfxSqliConnect.java:964)
	at sun.reflect.GeneratedConstructorAccessor24.newInstance(Unknown Source)
	at sun.reflect.DelegatingConstructorAccessorImpl.newInstance(DelegatingConstructorAccessorImpl.java:27)
	at java.lang.reflect.Constructor.newInstance(Constructor.java:513)
	at com.informix.jdbc.IfxDriver.connect(IfxDriver.java:254)
	at java.sql.DriverManager.getConnection(DriverManager.java:582)
	at java.sql.DriverManager.getConnection(DriverManager.java:154)
	at com.topcoder.db.connectionfactory.producers.JDBCConnectionProducer.createConnection(JDBCConnectionProducer.java:448)
	... 25 more

Entering method [com.cronos.termsofuse.dao.impl.UserTermsOfUseDaoImpl.getUsersByTermsOfUseId(long termsOfUseId)].
Input parameters[termsOfUseId:1]
Error in method [com.cronos.termsofuse.dao.impl.UserTermsOfUseDaoImpl.getUsersByTermsOfUseId(long termsOfUseId)].
com.cronos.termsofuse.dao.TermsOfUsePersistenceException: Failed to create a connection.
	at com.cronos.termsofuse.dao.impl.Helper.createConnection(Helper.java:195)
	at com.cronos.termsofuse.dao.impl.UserTermsOfUseDaoImpl.getUsersByTermsOfUseId(UserTermsOfUseDaoImpl.java:308)
	at com.cronos.termsofuse.dao.failure.UserTermsOfUseDaoImplFailureTest.test_getUsersByTermsOfUseId_1(UserTermsOfUseDaoImplFailureTest.java:242)
	at sun.reflect.NativeMethodAccessorImpl.invoke0(Native Method)
	at sun.reflect.NativeMethodAccessorImpl.invoke(NativeMethodAccessorImpl.java:39)
	at sun.reflect.DelegatingMethodAccessorImpl.invoke(DelegatingMethodAccessorImpl.java:25)
	at java.lang.reflect.Method.invoke(Method.java:597)
	at junit.framework.TestCase.runTest(TestCase.java:168)
	at junit.framework.TestCase.runBare(TestCase.java:134)
	at junit.framework.TestResult$1.protect(TestResult.java:110)
	at junit.framework.TestResult.runProtected(TestResult.java:128)
	at junit.framework.TestResult.run(TestResult.java:113)
	at junit.framework.TestCase.run(TestCase.java:124)
	at junit.framework.TestSuite.runTest(TestSuite.java:232)
	at junit.framework.TestSuite.run(TestSuite.java:227)
	at junit.framework.TestSuite.runTest(TestSuite.java:232)
	at junit.framework.TestSuite.run(TestSuite.java:227)
	at junit.framework.TestSuite.runTest(TestSuite.java:232)
	at junit.framework.TestSuite.run(TestSuite.java:227)
	at org.apache.tools.ant.taskdefs.optional.junit.JUnitTestRunner.run(JUnitTestRunner.java:420)
	at org.apache.tools.ant.taskdefs.optional.junit.JUnitTestRunner.launch(JUnitTestRunner.java:911)
	at org.apache.tools.ant.taskdefs.optional.junit.JUnitTestRunner.main(JUnitTestRunner.java:768)
Caused by: com.topcoder.db.connectionfactory.DBConnectionException: error occurs while creating the connection.
	at com.topcoder.db.connectionfactory.producers.JDBCConnectionProducer.createConnection(JDBCConnectionProducer.java:450)
	at com.topcoder.db.connectionfactory.producers.JDBCConnectionProducer.createConnection(JDBCConnectionProducer.java:406)
	at com.topcoder.db.connectionfactory.DBConnectionFactoryImpl.createConnection(DBConnectionFactoryImpl.java:477)
	at com.cronos.termsofuse.dao.impl.Helper.createConnection(Helper.java:193)
	... 21 more
Caused by: java.sql.SQLException: Incorrect password or user com.informix.asf.IfxASFRemoteException: informix@pc001 is not known on the database server.
	at com.informix.jdbc.IfxSqliConnect.<init>(IfxSqliConnect.java:964)
	at sun.reflect.GeneratedConstructorAccessor24.newInstance(Unknown Source)
	at sun.reflect.DelegatingConstructorAccessorImpl.newInstance(DelegatingConstructorAccessorImpl.java:27)
	at java.lang.reflect.Constructor.newInstance(Constructor.java:513)
	at com.informix.jdbc.IfxDriver.connect(IfxDriver.java:254)
	at java.sql.DriverManager.getConnection(DriverManager.java:582)
	at java.sql.DriverManager.getConnection(DriverManager.java:154)
	at com.topcoder.db.connectionfactory.producers.JDBCConnectionProducer.createConnection(JDBCConnectionProducer.java:448)
	... 24 more

Entering method [com.cronos.termsofuse.dao.impl.UserTermsOfUseDaoImpl.hasTermsOfUse(long userId, long termsOfUseId)].
Input parameters[userId:1, termsOfUseId:1]
Error in method [com.cronos.termsofuse.dao.impl.UserTermsOfUseDaoImpl.hasTermsOfUse(long userId, long termsOfUseId)].
com.cronos.termsofuse.dao.TermsOfUsePersistenceException: Failed to create a connection.
	at com.cronos.termsofuse.dao.impl.Helper.createConnection(Helper.java:195)
	at com.cronos.termsofuse.dao.impl.UserTermsOfUseDaoImpl.hasRecord(UserTermsOfUseDaoImpl.java:409)
	at com.cronos.termsofuse.dao.impl.UserTermsOfUseDaoImpl.hasTermsOfUse(UserTermsOfUseDaoImpl.java:357)
	at com.cronos.termsofuse.dao.failure.UserTermsOfUseDaoImplFailureTest.test_hasTermsOfUse_1(UserTermsOfUseDaoImplFailureTest.java:257)
	at sun.reflect.NativeMethodAccessorImpl.invoke0(Native Method)
	at sun.reflect.NativeMethodAccessorImpl.invoke(NativeMethodAccessorImpl.java:39)
	at sun.reflect.DelegatingMethodAccessorImpl.invoke(DelegatingMethodAccessorImpl.java:25)
	at java.lang.reflect.Method.invoke(Method.java:597)
	at junit.framework.TestCase.runTest(TestCase.java:168)
	at junit.framework.TestCase.runBare(TestCase.java:134)
	at junit.framework.TestResult$1.protect(TestResult.java:110)
	at junit.framework.TestResult.runProtected(TestResult.java:128)
	at junit.framework.TestResult.run(TestResult.java:113)
	at junit.framework.TestCase.run(TestCase.java:124)
	at junit.framework.TestSuite.runTest(TestSuite.java:232)
	at junit.framework.TestSuite.run(TestSuite.java:227)
	at junit.framework.TestSuite.runTest(TestSuite.java:232)
	at junit.framework.TestSuite.run(TestSuite.java:227)
	at junit.framework.TestSuite.runTest(TestSuite.java:232)
	at junit.framework.TestSuite.run(TestSuite.java:227)
	at org.apache.tools.ant.taskdefs.optional.junit.JUnitTestRunner.run(JUnitTestRunner.java:420)
	at org.apache.tools.ant.taskdefs.optional.junit.JUnitTestRunner.launch(JUnitTestRunner.java:911)
	at org.apache.tools.ant.taskdefs.optional.junit.JUnitTestRunner.main(JUnitTestRunner.java:768)
Caused by: com.topcoder.db.connectionfactory.DBConnectionException: error occurs while creating the connection.
	at com.topcoder.db.connectionfactory.producers.JDBCConnectionProducer.createConnection(JDBCConnectionProducer.java:450)
	at com.topcoder.db.connectionfactory.producers.JDBCConnectionProducer.createConnection(JDBCConnectionProducer.java:406)
	at com.topcoder.db.connectionfactory.DBConnectionFactoryImpl.createConnection(DBConnectionFactoryImpl.java:477)
	at com.cronos.termsofuse.dao.impl.Helper.createConnection(Helper.java:193)
	... 22 more
Caused by: java.sql.SQLException: Incorrect password or user com.informix.asf.IfxASFRemoteException: informix@pc001 is not known on the database server.
	at com.informix.jdbc.IfxSqliConnect.<init>(IfxSqliConnect.java:964)
	at sun.reflect.GeneratedConstructorAccessor24.newInstance(Unknown Source)
	at sun.reflect.DelegatingConstructorAccessorImpl.newInstance(DelegatingConstructorAccessorImpl.java:27)
	at java.lang.reflect.Constructor.newInstance(Constructor.java:513)
	at com.informix.jdbc.IfxDriver.connect(IfxDriver.java:254)
	at java.sql.DriverManager.getConnection(DriverManager.java:582)
	at java.sql.DriverManager.getConnection(DriverManager.java:154)
	at com.topcoder.db.connectionfactory.producers.JDBCConnectionProducer.createConnection(JDBCConnectionProducer.java:448)
	... 25 more

Entering method [com.cronos.termsofuse.dao.impl.UserTermsOfUseDaoImpl.hasTermsOfUseBan(long userId, long termsOfUseId)].
Input parameters[userId:1, termsOfUseId:1]
Error in method [com.cronos.termsofuse.dao.impl.UserTermsOfUseDaoImpl.hasTermsOfUseBan(long userId, long termsOfUseId)].
com.cronos.termsofuse.dao.TermsOfUsePersistenceException: Failed to create a connection.
	at com.cronos.termsofuse.dao.impl.Helper.createConnection(Helper.java:195)
	at com.cronos.termsofuse.dao.impl.UserTermsOfUseDaoImpl.hasRecord(UserTermsOfUseDaoImpl.java:409)
	at com.cronos.termsofuse.dao.impl.UserTermsOfUseDaoImpl.hasTermsOfUseBan(UserTermsOfUseDaoImpl.java:379)
	at com.cronos.termsofuse.dao.failure.UserTermsOfUseDaoImplFailureTest.test_hasTermsOfUseBan_1(UserTermsOfUseDaoImplFailureTest.java:271)
	at sun.reflect.NativeMethodAccessorImpl.invoke0(Native Method)
	at sun.reflect.NativeMethodAccessorImpl.invoke(NativeMethodAccessorImpl.java:39)
	at sun.reflect.DelegatingMethodAccessorImpl.invoke(DelegatingMethodAccessorImpl.java:25)
	at java.lang.reflect.Method.invoke(Method.java:597)
	at junit.framework.TestCase.runTest(TestCase.java:168)
	at junit.framework.TestCase.runBare(TestCase.java:134)
	at junit.framework.TestResult$1.protect(TestResult.java:110)
	at junit.framework.TestResult.runProtected(TestResult.java:128)
	at junit.framework.TestResult.run(TestResult.java:113)
	at junit.framework.TestCase.run(TestCase.java:124)
	at junit.framework.TestSuite.runTest(TestSuite.java:232)
	at junit.framework.TestSuite.run(TestSuite.java:227)
	at junit.framework.TestSuite.runTest(TestSuite.java:232)
	at junit.framework.TestSuite.run(TestSuite.java:227)
	at junit.framework.TestSuite.runTest(TestSuite.java:232)
	at junit.framework.TestSuite.run(TestSuite.java:227)
	at org.apache.tools.ant.taskdefs.optional.junit.JUnitTestRunner.run(JUnitTestRunner.java:420)
	at org.apache.tools.ant.taskdefs.optional.junit.JUnitTestRunner.launch(JUnitTestRunner.java:911)
	at org.apache.tools.ant.taskdefs.optional.junit.JUnitTestRunner.main(JUnitTestRunner.java:768)
Caused by: com.topcoder.db.connectionfactory.DBConnectionException: error occurs while creating the connection.
	at com.topcoder.db.connectionfactory.producers.JDBCConnectionProducer.createConnection(JDBCConnectionProducer.java:450)
	at com.topcoder.db.connectionfactory.producers.JDBCConnectionProducer.createConnection(JDBCConnectionProducer.java:406)
	at com.topcoder.db.connectionfactory.DBConnectionFactoryImpl.createConnection(DBConnectionFactoryImpl.java:477)
	at com.cronos.termsofuse.dao.impl.Helper.createConnection(Helper.java:193)
	... 22 more
Caused by: java.sql.SQLException: Incorrect password or user com.informix.asf.IfxASFRemoteException: informix@pc001 is not known on the database server.
	at com.informix.jdbc.IfxSqliConnect.<init>(IfxSqliConnect.java:964)
	at sun.reflect.GeneratedConstructorAccessor24.newInstance(Unknown Source)
	at sun.reflect.DelegatingConstructorAccessorImpl.newInstance(DelegatingConstructorAccessorImpl.java:27)
	at java.lang.reflect.Constructor.newInstance(Constructor.java:513)
	at com.informix.jdbc.IfxDriver.connect(IfxDriver.java:254)
	at java.sql.DriverManager.getConnection(DriverManager.java:582)
	at java.sql.DriverManager.getConnection(DriverManager.java:154)
	at com.topcoder.db.connectionfactory.producers.JDBCConnectionProducer.createConnection(JDBCConnectionProducer.java:448)
	... 25 more

Entering method [com.cronos.termsofuse.dao.impl.UserTermsOfUseDaoImpl.createUserTermsOfUse(long userId, long termsOfUseId)].
Input parameters[userId:1, termsOfUseId:1]
Entering method [com.cronos.termsofuse.dao.impl.UserTermsOfUseDaoImpl.hasTermsOfUseBan(long userId, long termsOfUseId)].
Input parameters[userId:1, termsOfUseId:1]
Error in method [com.cronos.termsofuse.dao.impl.UserTermsOfUseDaoImpl.hasTermsOfUseBan(long userId, long termsOfUseId)].
com.cronos.termsofuse.dao.TermsOfUsePersistenceException: Failed to create a connection.
	at com.cronos.termsofuse.dao.impl.Helper.createConnection(Helper.java:195)
	at com.cronos.termsofuse.dao.impl.UserTermsOfUseDaoImpl.hasRecord(UserTermsOfUseDaoImpl.java:409)
	at com.cronos.termsofuse.dao.impl.UserTermsOfUseDaoImpl.hasTermsOfUseBan(UserTermsOfUseDaoImpl.java:379)
	at com.cronos.termsofuse.dao.impl.UserTermsOfUseDaoImpl.createUserTermsOfUse(UserTermsOfUseDaoImpl.java:206)
	at com.cronos.termsofuse.dao.failure.UserTermsOfUseDaoImplFailureTest.test_createUserTermsOfUse_1(UserTermsOfUseDaoImplFailureTest.java:126)
	at sun.reflect.NativeMethodAccessorImpl.invoke0(Native Method)
	at sun.reflect.NativeMethodAccessorImpl.invoke(NativeMethodAccessorImpl.java:39)
	at sun.reflect.DelegatingMethodAccessorImpl.invoke(DelegatingMethodAccessorImpl.java:25)
	at java.lang.reflect.Method.invoke(Method.java:597)
	at junit.framework.TestCase.runTest(TestCase.java:168)
	at junit.framework.TestCase.runBare(TestCase.java:134)
	at junit.framework.TestResult$1.protect(TestResult.java:110)
	at junit.framework.TestResult.runProtected(TestResult.java:128)
	at junit.framework.TestResult.run(TestResult.java:113)
	at junit.framework.TestCase.run(TestCase.java:124)
	at junit.framework.TestSuite.runTest(TestSuite.java:232)
	at junit.framework.TestSuite.run(TestSuite.java:227)
	at junit.framework.TestSuite.runTest(TestSuite.java:232)
	at junit.framework.TestSuite.run(TestSuite.java:227)
	at junit.framework.TestSuite.runTest(TestSuite.java:232)
	at junit.framework.TestSuite.run(TestSuite.java:227)
	at org.apache.tools.ant.taskdefs.optional.junit.JUnitTestRunner.run(JUnitTestRunner.java:420)
	at org.apache.tools.ant.taskdefs.optional.junit.JUnitTestRunner.launch(JUnitTestRunner.java:911)
	at org.apache.tools.ant.taskdefs.optional.junit.JUnitTestRunner.main(JUnitTestRunner.java:768)
Caused by: com.topcoder.db.connectionfactory.DBConnectionException: error occurs while creating the connection.
	at com.topcoder.db.connectionfactory.producers.JDBCConnectionProducer.createConnection(JDBCConnectionProducer.java:450)
	at com.topcoder.db.connectionfactory.producers.JDBCConnectionProducer.createConnection(JDBCConnectionProducer.java:406)
	at com.topcoder.db.connectionfactory.DBConnectionFactoryImpl.createConnection(DBConnectionFactoryImpl.java:477)
	at com.cronos.termsofuse.dao.impl.Helper.createConnection(Helper.java:193)
	... 23 more
Caused by: java.sql.SQLException: Incorrect password or user com.informix.asf.IfxASFRemoteException: informix@pc001 is not known on the database server.
	at com.informix.jdbc.IfxSqliConnect.<init>(IfxSqliConnect.java:964)
	at sun.reflect.GeneratedConstructorAccessor24.newInstance(Unknown Source)
	at sun.reflect.DelegatingConstructorAccessorImpl.newInstance(DelegatingConstructorAccessorImpl.java:27)
	at java.lang.reflect.Constructor.newInstance(Constructor.java:513)
	at com.informix.jdbc.IfxDriver.connect(IfxDriver.java:254)
	at java.sql.DriverManager.getConnection(DriverManager.java:582)
	at java.sql.DriverManager.getConnection(DriverManager.java:154)
	at com.topcoder.db.connectionfactory.producers.JDBCConnectionProducer.createConnection(JDBCConnectionProducer.java:448)
	... 26 more

Entering method [com.cronos.termsofuse.dao.impl.UserTermsOfUseDaoImpl.createUserTermsOfUse(long userId, long termsOfUseId)].
Input parameters[userId:1, termsOfUseId:10000]
Entering method [com.cronos.termsofuse.dao.impl.UserTermsOfUseDaoImpl.hasTermsOfUseBan(long userId, long termsOfUseId)].
Input parameters[userId:1, termsOfUseId:10000]
Exiting method [com.cronos.termsofuse.dao.impl.UserTermsOfUseDaoImpl.hasTermsOfUseBan(long userId, long termsOfUseId)].
Output parameter: false
Error in method [com.cronos.termsofuse.dao.impl.UserTermsOfUseDaoImpl.createUserTermsOfUse(long userId, long termsOfUseId)].
com.cronos.termsofuse.dao.TermsOfUsePersistenceException: A database access error has occurred.
	at com.cronos.termsofuse.dao.impl.Helper.executeUpdate(Helper.java:317)
	at com.cronos.termsofuse.dao.impl.UserTermsOfUseDaoImpl.createUserTermsOfUse(UserTermsOfUseDaoImpl.java:213)
	at com.cronos.termsofuse.dao.failure.UserTermsOfUseDaoImplFailureTest.test_createUserTermsOfUse_2(UserTermsOfUseDaoImplFailureTest.java:138)
	at sun.reflect.NativeMethodAccessorImpl.invoke0(Native Method)
	at sun.reflect.NativeMethodAccessorImpl.invoke(NativeMethodAccessorImpl.java:39)
	at sun.reflect.DelegatingMethodAccessorImpl.invoke(DelegatingMethodAccessorImpl.java:25)
	at java.lang.reflect.Method.invoke(Method.java:597)
	at junit.framework.TestCase.runTest(TestCase.java:168)
	at junit.framework.TestCase.runBare(TestCase.java:134)
	at junit.framework.TestResult$1.protect(TestResult.java:110)
	at junit.framework.TestResult.runProtected(TestResult.java:128)
	at junit.framework.TestResult.run(TestResult.java:113)
	at junit.framework.TestCase.run(TestCase.java:124)
	at junit.framework.TestSuite.runTest(TestSuite.java:232)
	at junit.framework.TestSuite.run(TestSuite.java:227)
	at junit.framework.TestSuite.runTest(TestSuite.java:232)
	at junit.framework.TestSuite.run(TestSuite.java:227)
	at junit.framework.TestSuite.runTest(TestSuite.java:232)
	at junit.framework.TestSuite.run(TestSuite.java:227)
	at org.apache.tools.ant.taskdefs.optional.junit.JUnitTestRunner.run(JUnitTestRunner.java:420)
	at org.apache.tools.ant.taskdefs.optional.junit.JUnitTestRunner.launch(JUnitTestRunner.java:911)
	at org.apache.tools.ant.taskdefs.optional.junit.JUnitTestRunner.main(JUnitTestRunner.java:768)
Caused by: java.sql.SQLException: Missing key in referenced table for referential constraint (informix.userterms_terms_fk).
	at com.informix.jdbc.IfxSqli.a(IfxSqli.java:3204)
	at com.informix.jdbc.IfxSqli.E(IfxSqli.java:3518)
	at com.informix.jdbc.IfxSqli.dispatchMsg(IfxSqli.java:2353)
	at com.informix.jdbc.IfxSqli.receiveMessage(IfxSqli.java:2269)
	at com.informix.jdbc.IfxSqli.executeCommand(IfxSqli.java:775)
	at com.informix.jdbc.IfxResultSet.b(IfxResultSet.java:291)
	at com.informix.jdbc.IfxStatement.c(IfxStatement.java:1253)
	at com.informix.jdbc.IfxPreparedStatement.executeUpdate(IfxPreparedStatement.java:408)
	at com.cronos.termsofuse.dao.impl.Helper.executeUpdate(Helper.java:315)
	... 21 more
Caused by: java.sql.SQLException: ISAM error: no record found.
	at com.informix.util.IfxErrMsg.getSQLException(IfxErrMsg.java:373)
	at com.informix.jdbc.IfxSqli.E(IfxSqli.java:3523)
	... 28 more

Entering method [com.cronos.termsofuse.dao.impl.UserTermsOfUseDaoImpl.createUserTermsOfUse(long userId, long termsOfUseId)].
Input parameters[userId:10000, termsOfUseId:1]
Entering method [com.cronos.termsofuse.dao.impl.UserTermsOfUseDaoImpl.hasTermsOfUseBan(long userId, long termsOfUseId)].
Input parameters[userId:10000, termsOfUseId:1]
Exiting method [com.cronos.termsofuse.dao.impl.UserTermsOfUseDaoImpl.hasTermsOfUseBan(long userId, long termsOfUseId)].
Output parameter: false
Error in method [com.cronos.termsofuse.dao.impl.UserTermsOfUseDaoImpl.createUserTermsOfUse(long userId, long termsOfUseId)].
com.cronos.termsofuse.dao.TermsOfUsePersistenceException: A database access error has occurred.
	at com.cronos.termsofuse.dao.impl.Helper.executeUpdate(Helper.java:317)
	at com.cronos.termsofuse.dao.impl.UserTermsOfUseDaoImpl.createUserTermsOfUse(UserTermsOfUseDaoImpl.java:213)
	at com.cronos.termsofuse.dao.failure.UserTermsOfUseDaoImplFailureTest.test_createUserTermsOfUse_6(UserTermsOfUseDaoImplFailureTest.java:150)
	at sun.reflect.NativeMethodAccessorImpl.invoke0(Native Method)
	at sun.reflect.NativeMethodAccessorImpl.invoke(NativeMethodAccessorImpl.java:39)
	at sun.reflect.DelegatingMethodAccessorImpl.invoke(DelegatingMethodAccessorImpl.java:25)
	at java.lang.reflect.Method.invoke(Method.java:597)
	at junit.framework.TestCase.runTest(TestCase.java:168)
	at junit.framework.TestCase.runBare(TestCase.java:134)
	at junit.framework.TestResult$1.protect(TestResult.java:110)
	at junit.framework.TestResult.runProtected(TestResult.java:128)
	at junit.framework.TestResult.run(TestResult.java:113)
	at junit.framework.TestCase.run(TestCase.java:124)
	at junit.framework.TestSuite.runTest(TestSuite.java:232)
	at junit.framework.TestSuite.run(TestSuite.java:227)
	at junit.framework.TestSuite.runTest(TestSuite.java:232)
	at junit.framework.TestSuite.run(TestSuite.java:227)
	at junit.framework.TestSuite.runTest(TestSuite.java:232)
	at junit.framework.TestSuite.run(TestSuite.java:227)
	at org.apache.tools.ant.taskdefs.optional.junit.JUnitTestRunner.run(JUnitTestRunner.java:420)
	at org.apache.tools.ant.taskdefs.optional.junit.JUnitTestRunner.launch(JUnitTestRunner.java:911)
	at org.apache.tools.ant.taskdefs.optional.junit.JUnitTestRunner.main(JUnitTestRunner.java:768)
Caused by: java.sql.SQLException: Missing key in referenced table for referential constraint (informix.usertermsofusexref_user_fk).
	at com.informix.jdbc.IfxSqli.a(IfxSqli.java:3204)
	at com.informix.jdbc.IfxSqli.E(IfxSqli.java:3518)
	at com.informix.jdbc.IfxSqli.dispatchMsg(IfxSqli.java:2353)
	at com.informix.jdbc.IfxSqli.receiveMessage(IfxSqli.java:2269)
	at com.informix.jdbc.IfxSqli.executeCommand(IfxSqli.java:775)
	at com.informix.jdbc.IfxResultSet.b(IfxResultSet.java:291)
	at com.informix.jdbc.IfxStatement.c(IfxStatement.java:1253)
	at com.informix.jdbc.IfxPreparedStatement.executeUpdate(IfxPreparedStatement.java:408)
	at com.cronos.termsofuse.dao.impl.Helper.executeUpdate(Helper.java:315)
	... 21 more
Caused by: java.sql.SQLException: ISAM error: no record found.
	at com.informix.util.IfxErrMsg.getSQLException(IfxErrMsg.java:373)
	at com.informix.jdbc.IfxSqli.E(IfxSqli.java:3523)
	... 28 more

Entering method [com.cronos.termsofuse.dao.impl.UserTermsOfUseDaoImpl.createUserTermsOfUse(long userId, long termsOfUseId)].
Input parameters[userId:1, termsOfUseId:1]
Entering method [com.cronos.termsofuse.dao.impl.UserTermsOfUseDaoImpl.hasTermsOfUseBan(long userId, long termsOfUseId)].
Input parameters[userId:1, termsOfUseId:1]
Exiting method [com.cronos.termsofuse.dao.impl.UserTermsOfUseDaoImpl.hasTermsOfUseBan(long userId, long termsOfUseId)].
Output parameter: false
Exiting method [com.cronos.termsofuse.dao.impl.UserTermsOfUseDaoImpl.createUserTermsOfUse(long userId, long termsOfUseId)].
Entering method [com.cronos.termsofuse.dao.impl.UserTermsOfUseDaoImpl.createUserTermsOfUse(long userId, long termsOfUseId)].
Input parameters[userId:1, termsOfUseId:1]
Entering method [com.cronos.termsofuse.dao.impl.UserTermsOfUseDaoImpl.hasTermsOfUseBan(long userId, long termsOfUseId)].
Input parameters[userId:1, termsOfUseId:1]
Exiting method [com.cronos.termsofuse.dao.impl.UserTermsOfUseDaoImpl.hasTermsOfUseBan(long userId, long termsOfUseId)].
Output parameter: false
Error in method [com.cronos.termsofuse.dao.impl.UserTermsOfUseDaoImpl.createUserTermsOfUse(long userId, long termsOfUseId)].
com.cronos.termsofuse.dao.TermsOfUsePersistenceException: A database access error has occurred.
	at com.cronos.termsofuse.dao.impl.Helper.executeUpdate(Helper.java:317)
	at com.cronos.termsofuse.dao.impl.UserTermsOfUseDaoImpl.createUserTermsOfUse(UserTermsOfUseDaoImpl.java:213)
	at com.cronos.termsofuse.dao.failure.UserTermsOfUseDaoImplFailureTest.test_createUserTermsOfUse_3(UserTermsOfUseDaoImplFailureTest.java:163)
	at sun.reflect.NativeMethodAccessorImpl.invoke0(Native Method)
	at sun.reflect.NativeMethodAccessorImpl.invoke(NativeMethodAccessorImpl.java:39)
	at sun.reflect.DelegatingMethodAccessorImpl.invoke(DelegatingMethodAccessorImpl.java:25)
	at java.lang.reflect.Method.invoke(Method.java:597)
	at junit.framework.TestCase.runTest(TestCase.java:168)
	at junit.framework.TestCase.runBare(TestCase.java:134)
	at junit.framework.TestResult$1.protect(TestResult.java:110)
	at junit.framework.TestResult.runProtected(TestResult.java:128)
	at junit.framework.TestResult.run(TestResult.java:113)
	at junit.framework.TestCase.run(TestCase.java:124)
	at junit.framework.TestSuite.runTest(TestSuite.java:232)
	at junit.framework.TestSuite.run(TestSuite.java:227)
	at junit.framework.TestSuite.runTest(TestSuite.java:232)
	at junit.framework.TestSuite.run(TestSuite.java:227)
	at junit.framework.TestSuite.runTest(TestSuite.java:232)
	at junit.framework.TestSuite.run(TestSuite.java:227)
	at org.apache.tools.ant.taskdefs.optional.junit.JUnitTestRunner.run(JUnitTestRunner.java:420)
	at org.apache.tools.ant.taskdefs.optional.junit.JUnitTestRunner.launch(JUnitTestRunner.java:911)
	at org.apache.tools.ant.taskdefs.optional.junit.JUnitTestRunner.main(JUnitTestRunner.java:768)
Caused by: java.sql.SQLException: Unique constraint (informix.u116_29) violated.
	at com.informix.jdbc.IfxSqli.a(IfxSqli.java:3204)
	at com.informix.jdbc.IfxSqli.E(IfxSqli.java:3518)
	at com.informix.jdbc.IfxSqli.dispatchMsg(IfxSqli.java:2353)
	at com.informix.jdbc.IfxSqli.receiveMessage(IfxSqli.java:2269)
	at com.informix.jdbc.IfxSqli.executeCommand(IfxSqli.java:775)
	at com.informix.jdbc.IfxResultSet.b(IfxResultSet.java:291)
	at com.informix.jdbc.IfxStatement.c(IfxStatement.java:1253)
	at com.informix.jdbc.IfxPreparedStatement.executeUpdate(IfxPreparedStatement.java:408)
	at com.cronos.termsofuse.dao.impl.Helper.executeUpdate(Helper.java:315)
	... 21 more
Caused by: java.sql.SQLException: ISAM error: duplicate value for a record with unique key.
	at com.informix.util.IfxErrMsg.getSQLException(IfxErrMsg.java:373)
	at com.informix.jdbc.IfxSqli.E(IfxSqli.java:3523)
	... 28 more

Entering method [com.cronos.termsofuse.dao.impl.UserTermsOfUseDaoImpl.createUserTermsOfUse(long userId, long termsOfUseId)].
Input parameters[userId:2, termsOfUseId:1]
Entering method [com.cronos.termsofuse.dao.impl.UserTermsOfUseDaoImpl.hasTermsOfUseBan(long userId, long termsOfUseId)].
Input parameters[userId:2, termsOfUseId:1]
Exiting method [com.cronos.termsofuse.dao.impl.UserTermsOfUseDaoImpl.hasTermsOfUseBan(long userId, long termsOfUseId)].
Output parameter: true
Error in method [com.cronos.termsofuse.dao.impl.UserTermsOfUseDaoImpl.createUserTermsOfUse(long userId, long termsOfUseId)].
com.cronos.termsofuse.dao.UserBannedException: The user with id 2 has a ban for following terms of use with id 1.
	at com.cronos.termsofuse.dao.impl.UserTermsOfUseDaoImpl.createUserTermsOfUse(UserTermsOfUseDaoImpl.java:208)
	at com.cronos.termsofuse.dao.failure.UserTermsOfUseDaoImplFailureTest.test_createUserTermsOfUse_4(UserTermsOfUseDaoImplFailureTest.java:175)
	at sun.reflect.NativeMethodAccessorImpl.invoke0(Native Method)
	at sun.reflect.NativeMethodAccessorImpl.invoke(NativeMethodAccessorImpl.java:39)
	at sun.reflect.DelegatingMethodAccessorImpl.invoke(DelegatingMethodAccessorImpl.java:25)
	at java.lang.reflect.Method.invoke(Method.java:597)
	at junit.framework.TestCase.runTest(TestCase.java:168)
	at junit.framework.TestCase.runBare(TestCase.java:134)
	at junit.framework.TestResult$1.protect(TestResult.java:110)
	at junit.framework.TestResult.runProtected(TestResult.java:128)
	at junit.framework.TestResult.run(TestResult.java:113)
	at junit.framework.TestCase.run(TestCase.java:124)
	at junit.framework.TestSuite.runTest(TestSuite.java:232)
	at junit.framework.TestSuite.run(TestSuite.java:227)
	at junit.framework.TestSuite.runTest(TestSuite.java:232)
	at junit.framework.TestSuite.run(TestSuite.java:227)
	at junit.framework.TestSuite.runTest(TestSuite.java:232)
	at junit.framework.TestSuite.run(TestSuite.java:227)
	at org.apache.tools.ant.taskdefs.optional.junit.JUnitTestRunner.run(JUnitTestRunner.java:420)
	at org.apache.tools.ant.taskdefs.optional.junit.JUnitTestRunner.launch(JUnitTestRunner.java:911)
	at org.apache.tools.ant.taskdefs.optional.junit.JUnitTestRunner.main(JUnitTestRunner.java:768)

Entering method [com.cronos.termsofuse.dao.impl.UserTermsOfUseDaoImpl.removeUserTermsOfUse(long userId, long termsOfUseId)].
Input parameters[userId:2, termsOfUseId:2]
Error in method [com.cronos.termsofuse.dao.impl.UserTermsOfUseDaoImpl.removeUserTermsOfUse(long userId, long termsOfUseId)].
com.cronos.termsofuse.dao.TermsOfUsePersistenceException: Failed to create a connection.
	at com.cronos.termsofuse.dao.impl.Helper.createConnection(Helper.java:195)
	at com.cronos.termsofuse.dao.impl.Helper.executeUpdate(Helper.java:308)
	at com.cronos.termsofuse.dao.impl.Helper.executeUpdate(Helper.java:346)
	at com.cronos.termsofuse.dao.impl.UserTermsOfUseDaoImpl.removeUserTermsOfUse(UserTermsOfUseDaoImpl.java:248)
	at com.cronos.termsofuse.dao.failure.UserTermsOfUseDaoImplFailureTest.test_removeUserTermsOfUse_1(UserTermsOfUseDaoImplFailureTest.java:190)
	at sun.reflect.NativeMethodAccessorImpl.invoke0(Native Method)
	at sun.reflect.NativeMethodAccessorImpl.invoke(NativeMethodAccessorImpl.java:39)
	at sun.reflect.DelegatingMethodAccessorImpl.invoke(DelegatingMethodAccessorImpl.java:25)
	at java.lang.reflect.Method.invoke(Method.java:597)
	at junit.framework.TestCase.runTest(TestCase.java:168)
	at junit.framework.TestCase.runBare(TestCase.java:134)
	at junit.framework.TestResult$1.protect(TestResult.java:110)
	at junit.framework.TestResult.runProtected(TestResult.java:128)
	at junit.framework.TestResult.run(TestResult.java:113)
	at junit.framework.TestCase.run(TestCase.java:124)
	at junit.framework.TestSuite.runTest(TestSuite.java:232)
	at junit.framework.TestSuite.run(TestSuite.java:227)
	at junit.framework.TestSuite.runTest(TestSuite.java:232)
	at junit.framework.TestSuite.run(TestSuite.java:227)
	at junit.framework.TestSuite.runTest(TestSuite.java:232)
	at junit.framework.TestSuite.run(TestSuite.java:227)
	at org.apache.tools.ant.taskdefs.optional.junit.JUnitTestRunner.run(JUnitTestRunner.java:420)
	at org.apache.tools.ant.taskdefs.optional.junit.JUnitTestRunner.launch(JUnitTestRunner.java:911)
	at org.apache.tools.ant.taskdefs.optional.junit.JUnitTestRunner.main(JUnitTestRunner.java:768)
Caused by: com.topcoder.db.connectionfactory.DBConnectionException: error occurs while creating the connection.
	at com.topcoder.db.connectionfactory.producers.JDBCConnectionProducer.createConnection(JDBCConnectionProducer.java:450)
	at com.topcoder.db.connectionfactory.producers.JDBCConnectionProducer.createConnection(JDBCConnectionProducer.java:406)
	at com.topcoder.db.connectionfactory.DBConnectionFactoryImpl.createConnection(DBConnectionFactoryImpl.java:477)
	at com.cronos.termsofuse.dao.impl.Helper.createConnection(Helper.java:193)
	... 23 more
Caused by: java.sql.SQLException: Incorrect password or user com.informix.asf.IfxASFRemoteException: informix@pc001 is not known on the database server.
	at com.informix.jdbc.IfxSqliConnect.<init>(IfxSqliConnect.java:964)
	at sun.reflect.GeneratedConstructorAccessor24.newInstance(Unknown Source)
	at sun.reflect.DelegatingConstructorAccessorImpl.newInstance(DelegatingConstructorAccessorImpl.java:27)
	at java.lang.reflect.Constructor.newInstance(Constructor.java:513)
	at com.informix.jdbc.IfxDriver.connect(IfxDriver.java:254)
	at java.sql.DriverManager.getConnection(DriverManager.java:582)
	at java.sql.DriverManager.getConnection(DriverManager.java:154)
	at com.topcoder.db.connectionfactory.producers.JDBCConnectionProducer.createConnection(JDBCConnectionProducer.java:448)
	... 26 more

Entering method [com.cronos.termsofuse.dao.impl.UserTermsOfUseDaoImpl.removeUserTermsOfUse(long userId, long termsOfUseId)].
Input parameters[userId:2, termsOfUseId:1]
Error in method [com.cronos.termsofuse.dao.impl.UserTermsOfUseDaoImpl.removeUserTermsOfUse(long userId, long termsOfUseId)].
com.cronos.termsofuse.dao.EntityNotFoundException: The entity was not found for id (2, 1).
	at com.cronos.termsofuse.dao.impl.Helper.executeUpdate(Helper.java:348)
	at com.cronos.termsofuse.dao.impl.UserTermsOfUseDaoImpl.removeUserTermsOfUse(UserTermsOfUseDaoImpl.java:248)
	at com.cronos.termsofuse.dao.failure.UserTermsOfUseDaoImplFailureTest.test_removeUserTermsOfUse_2(UserTermsOfUseDaoImplFailureTest.java:202)
	at sun.reflect.NativeMethodAccessorImpl.invoke0(Native Method)
	at sun.reflect.NativeMethodAccessorImpl.invoke(NativeMethodAccessorImpl.java:39)
	at sun.reflect.DelegatingMethodAccessorImpl.invoke(DelegatingMethodAccessorImpl.java:25)
	at java.lang.reflect.Method.invoke(Method.java:597)
	at junit.framework.TestCase.runTest(TestCase.java:168)
	at junit.framework.TestCase.runBare(TestCase.java:134)
	at junit.framework.TestResult$1.protect(TestResult.java:110)
	at junit.framework.TestResult.runProtected(TestResult.java:128)
	at junit.framework.TestResult.run(TestResult.java:113)
	at junit.framework.TestCase.run(TestCase.java:124)
	at junit.framework.TestSuite.runTest(TestSuite.java:232)
	at junit.framework.TestSuite.run(TestSuite.java:227)
	at junit.framework.TestSuite.runTest(TestSuite.java:232)
	at junit.framework.TestSuite.run(TestSuite.java:227)
	at junit.framework.TestSuite.runTest(TestSuite.java:232)
	at junit.framework.TestSuite.run(TestSuite.java:227)
	at org.apache.tools.ant.taskdefs.optional.junit.JUnitTestRunner.run(JUnitTestRunner.java:420)
	at org.apache.tools.ant.taskdefs.optional.junit.JUnitTestRunner.launch(JUnitTestRunner.java:911)
	at org.apache.tools.ant.taskdefs.optional.junit.JUnitTestRunner.main(JUnitTestRunner.java:768)

Entering method [com.cronos.termsofuse.dao.impl.UserTermsOfUseDaoImpl.removeUserTermsOfUse(long userId, long termsOfUseId)].
Input parameters[userId:100000, termsOfUseId:1]
Error in method [com.cronos.termsofuse.dao.impl.UserTermsOfUseDaoImpl.removeUserTermsOfUse(long userId, long termsOfUseId)].
com.cronos.termsofuse.dao.EntityNotFoundException: The entity was not found for id (100000, 1).
	at com.cronos.termsofuse.dao.impl.Helper.executeUpdate(Helper.java:348)
	at com.cronos.termsofuse.dao.impl.UserTermsOfUseDaoImpl.removeUserTermsOfUse(UserTermsOfUseDaoImpl.java:248)
	at com.cronos.termsofuse.dao.failure.UserTermsOfUseDaoImplFailureTest.test_removeUserTermsOfUse_3(UserTermsOfUseDaoImplFailureTest.java:214)
	at sun.reflect.NativeMethodAccessorImpl.invoke0(Native Method)
	at sun.reflect.NativeMethodAccessorImpl.invoke(NativeMethodAccessorImpl.java:39)
	at sun.reflect.DelegatingMethodAccessorImpl.invoke(DelegatingMethodAccessorImpl.java:25)
	at java.lang.reflect.Method.invoke(Method.java:597)
	at junit.framework.TestCase.runTest(TestCase.java:168)
	at junit.framework.TestCase.runBare(TestCase.java:134)
	at junit.framework.TestResult$1.protect(TestResult.java:110)
	at junit.framework.TestResult.runProtected(TestResult.java:128)
	at junit.framework.TestResult.run(TestResult.java:113)
	at junit.framework.TestCase.run(TestCase.java:124)
	at junit.framework.TestSuite.runTest(TestSuite.java:232)
	at junit.framework.TestSuite.run(TestSuite.java:227)
	at junit.framework.TestSuite.runTest(TestSuite.java:232)
	at junit.framework.TestSuite.run(TestSuite.java:227)
	at junit.framework.TestSuite.runTest(TestSuite.java:232)
	at junit.framework.TestSuite.run(TestSuite.java:227)
	at org.apache.tools.ant.taskdefs.optional.junit.JUnitTestRunner.run(JUnitTestRunner.java:420)
	at org.apache.tools.ant.taskdefs.optional.junit.JUnitTestRunner.launch(JUnitTestRunner.java:911)
	at org.apache.tools.ant.taskdefs.optional.junit.JUnitTestRunner.main(JUnitTestRunner.java:768)

]]></system-err>

  </testsuite>
</testsuites>
