<?xml version="1.0" encoding="UTF-8" ?>
<testsuite errors="0" failures="0" name="com.topcoder.management.phase.autopilot.AllTests" tests="385" time="18.891">
  <properties>
[...]
</properties>
  <testcase classname="com.topcoder.management.phase.autopilot.AutoPilotTest" name="testAutoPilot" time="0.094"></testcase>
  <testcase classname="com.topcoder.management.phase.autopilot.AutoPilotTest" name="testAutoPilotStringStringString" time="0.047"></testcase>
  <testcase classname="com.topcoder.management.phase.autopilot.AutoPilotTest" name="testAutoPilotAutoPilotSourceProjectPilot" time="0.031"></testcase>
  <testcase classname="com.topcoder.management.phase.autopilot.AutoPilotTest" name="testGetAutoPilotSource" time="0.015"></testcase>
  <testcase classname="com.topcoder.management.phase.autopilot.AutoPilotTest" name="testGetProjectPilot" time="0.016"></testcase>
  <testcase classname="com.topcoder.management.phase.autopilot.AutoPilotTest" name="testAdvanceProjectsString" time="0.063"></testcase>
  <testcase classname="com.topcoder.management.phase.autopilot.AutoPilotTest" name="testAdvanceProjectsString2" time="0.015"></testcase>
  <testcase classname="com.topcoder.management.phase.autopilot.AutoPilotTest" name="testAdvanceProjectsLongArrayStringEmptyProjectId" time="0.031"></testcase>
  <testcase classname="com.topcoder.management.phase.autopilot.AutoPilotTest" name="testAdvanceProjectsLongArrayString" time="0.032"></testcase>
  <testcase classname="com.topcoder.management.phase.autopilot.AutoPilotTest" name="testAdvanceProjectsLongArrayString2" time="0.031"></testcase>
  <testcase classname="com.topcoder.management.phase.autopilot.AutoPilotTest" name="testAdvanceProject" time="0.047"></testcase>
  <testcase classname="com.topcoder.management.phase.autopilot.AutoPilotTest" name="testAdvanceProject2" time="0.0"></testcase>
  <testcase classname="com.topcoder.management.phase.autopilot.AutoPilotJobTest" name="testAutoPilotJob" time="0.062"></testcase>
  <testcase classname="com.topcoder.management.phase.autopilot.AutoPilotJobTest" name="testAutoPilotJobStringString" time="0.047"></testcase>
  <testcase classname="com.topcoder.management.phase.autopilot.AutoPilotJobTest" name="testAutoPilotJobStringStringOperator" time="0.047"></testcase>
  <testcase classname="com.topcoder.management.phase.autopilot.AutoPilotJobTest" name="testAutoPilotJobAutoPilotString" time="0.016"></testcase>
  <testcase classname="com.topcoder.management.phase.autopilot.AutoPilotJobTest" name="testGetAutoPilot" time="0.047"></testcase>
  <testcase classname="com.topcoder.management.phase.autopilot.AutoPilotJobTest" name="testGetOperator" time="0.046"></testcase>
  <testcase classname="com.topcoder.management.phase.autopilot.AutoPilotJobTest" name="testRun" time="0.032"></testcase>
  <testcase classname="com.topcoder.management.phase.autopilot.AutoPilotJobTest" name="testRunLongArray" time="0.047"></testcase>
  <testcase classname="com.topcoder.management.phase.autopilot.AutoPilotJobTest" name="testIsDone" time="0.046"></testcase>
  <testcase classname="com.topcoder.management.phase.autopilot.AutoPilotJobTest" name="testClose" time="0.063"></testcase>
  <testcase classname="com.topcoder.management.phase.autopilot.AutoPilotJobTest" name="testGetStatus" time="0.031"></testcase>
  <testcase classname="com.topcoder.management.phase.autopilot.AutoPilotJobTest" name="testMain" time="0.047"></testcase>
  <testcase classname="com.topcoder.management.phase.autopilot.AutoPilotJobTest" name="testMainPoll" time="0.063"></testcase>
  <testcase classname="com.topcoder.management.phase.autopilot.AutoPilotJobTest" name="testMainProject" time="0.062"></testcase>
  <testcase classname="com.topcoder.management.phase.autopilot.AutoPilotJobTest" name="testCreateJob" time="0.016"></testcase>
  <testcase classname="com.topcoder.management.phase.autopilot.AutoPilotJobTest" name="testSchedule" time="0.047"></testcase>
  <testcase classname="com.topcoder.management.phase.autopilot.AutoPilotJobTest" name="testGetScheduler" time="0.031"></testcase>
  <testcase classname="com.topcoder.management.phase.autopilot.AutoPilotResultTest" name="testAutoPilotResult" time="0.0"></testcase>
  <testcase classname="com.topcoder.management.phase.autopilot.AutoPilotResultTest" name="testGetProjectId" time="0.0"></testcase>
  <testcase classname="com.topcoder.management.phase.autopilot.AutoPilotResultTest" name="testGetPhaseEndedCount" time="0.0"></testcase>
  <testcase classname="com.topcoder.management.phase.autopilot.AutoPilotResultTest" name="testGetPhaseStartedCount" time="0.0"></testcase>
  <testcase classname="com.topcoder.management.phase.autopilot.AutoPilotResultTest" name="testAggregate" time="0.0"></testcase>
  <testcase classname="com.topcoder.management.phase.autopilot.impl.ActiveAutoPilotSourceTest" name="testActiveAutoPilotSource" time="0.015"></testcase>
  <testcase classname="com.topcoder.management.phase.autopilot.impl.ActiveAutoPilotSourceTest" name="testActiveAutoPilotSourceStringStringStringStringString" time="0.016"></testcase>
  <testcase classname="com.topcoder.management.phase.autopilot.impl.ActiveAutoPilotSourceTest" name="testActiveAutoPilotSourceProjectManagerStringStringString" time="0.0"></testcase>
  <testcase classname="com.topcoder.management.phase.autopilot.impl.ActiveAutoPilotSourceTest" name="testGetProjectManager" time="0.0"></testcase>
  <testcase classname="com.topcoder.management.phase.autopilot.impl.ActiveAutoPilotSourceTest" name="testGetActiveStatusName" time="0.0"></testcase>
  <testcase classname="com.topcoder.management.phase.autopilot.impl.ActiveAutoPilotSourceTest" name="testGetExtPropAutoPilotSwitch" time="0.0"></testcase>
  <testcase classname="com.topcoder.management.phase.autopilot.impl.ActiveAutoPilotSourceTest" name="testGetExtPropAutoPilotSwitchValue" time="0.0"></testcase>
  <testcase classname="com.topcoder.management.phase.autopilot.impl.ActiveAutoPilotSourceTest" name="testGetProjectIds" time="0.016"></testcase>
  <testcase classname="com.topcoder.management.phase.autopilot.impl.ActiveAutoPilotSourceTest" name="testBuildFilter" time="0.0"></testcase>
  <testcase classname="com.topcoder.management.phase.autopilot.impl.ActiveAutoPilotSourceTest" name="testProcessProject" time="0.0"></testcase>
  <testcase classname="com.topcoder.management.phase.autopilot.impl.DefaultProjectPilotTest" name="testDefaultProjectPilot" time="0.0"></testcase>
  <testcase classname="com.topcoder.management.phase.autopilot.impl.DefaultProjectPilotTest" name="testDefaultProjectPilotStringStringStringStringString" time="0.015"></testcase>
  <testcase classname="com.topcoder.management.phase.autopilot.impl.DefaultProjectPilotTest" name="testDefaultProjectPilotPhaseManagerStringStringLog" time="0.0"></testcase>
  <testcase classname="com.topcoder.management.phase.autopilot.impl.DefaultProjectPilotTest" name="testGetPhaseManager" time="0.0"></testcase>
  <testcase classname="com.topcoder.management.phase.autopilot.impl.DefaultProjectPilotTest" name="testGetLogger" time="0.016"></testcase>
  <testcase classname="com.topcoder.management.phase.autopilot.impl.DefaultProjectPilotTest" name="testGetScheduledStatusName" time="0.016"></testcase>
  <testcase classname="com.topcoder.management.phase.autopilot.impl.DefaultProjectPilotTest" name="testGetOpenStatusName" time="0.0"></testcase>
  <testcase classname="com.topcoder.management.phase.autopilot.impl.DefaultProjectPilotTest" name="testAdvancePhases" time="0.0"></testcase>
  <testcase classname="com.topcoder.management.phase.autopilot.impl.DefaultProjectPilotTest" name="testAdvancePhases2" time="0.015"></testcase>
  <testcase classname="com.topcoder.management.phase.autopilot.impl.DefaultProjectPilotTest" name="testAdvancePhasesNullPhases" time="0.031"></testcase>
  <testcase classname="com.topcoder.management.phase.autopilot.impl.DefaultProjectPilotTest" name="testAdvancePhasesEmptyPhases" time="0.016"></testcase>
  <testcase classname="com.topcoder.management.phase.autopilot.impl.DefaultProjectPilotTest" name="testProcessPhase" time="0.0"></testcase>
  <testcase classname="com.topcoder.management.phase.autopilot.impl.DefaultProjectPilotTest" name="testDoPhaseOperation" time="0.016"></testcase>
  <testcase classname="com.topcoder.management.phase.autopilot.impl.DefaultProjectPilotTest" name="testDoPhaseOperationNullStatus" time="0.0"></testcase>
  <testcase classname="com.topcoder.management.phase.autopilot.impl.DefaultProjectPilotTest" name="testDoAudit" time="0.015"></testcase>
  <testcase classname="com.topcoder.management.phase.autopilot.impl.DefaultProjectPilotTest" name="testDoAuditNullType" time="0.016"></testcase>
  <testcase classname="com.topcoder.management.phase.autopilot.AutoPilotExceptionTest" name="testAutoPilotSourceExceptionString" time="0.0"></testcase>
  <testcase classname="com.topcoder.management.phase.autopilot.AutoPilotExceptionTest" name="testAutoPilotSourceExceptionStringThrowable" time="0.0"></testcase>
  <testcase classname="com.topcoder.management.phase.autopilot.AutoPilotExceptionTest" name="testThrowing" time="0.0"></testcase>
  <testcase classname="com.topcoder.management.phase.autopilot.AutoPilotSourceExceptionTest" name="testAutoPilotSourceExceptionString" time="0.0"></testcase>
  <testcase classname="com.topcoder.management.phase.autopilot.AutoPilotSourceExceptionTest" name="testAutoPilotSourceExceptionStringThrowable" time="0.0"></testcase>
  <testcase classname="com.topcoder.management.phase.autopilot.AutoPilotSourceExceptionTest" name="testThrowing" time="0.0"></testcase>
  <testcase classname="com.topcoder.management.phase.autopilot.AutoPilotSourceExceptionTest" name="testAutoPilotSourceException" time="0.0"></testcase>
  <testcase classname="com.topcoder.management.phase.autopilot.ConfigurationExceptionTest" name="testThrowing" time="0.0"></testcase>
  <testcase classname="com.topcoder.management.phase.autopilot.ConfigurationExceptionTest" name="testConfigurationException" time="0.0"></testcase>
  <testcase classname="com.topcoder.management.phase.autopilot.ConfigurationExceptionTest" name="testConfigurationExceptionString" time="0.0"></testcase>
  <testcase classname="com.topcoder.management.phase.autopilot.ConfigurationExceptionTest" name="testConfigurationExceptionStringThrowable" time="0.0"></testcase>
  <testcase classname="com.topcoder.management.phase.autopilot.PhaseOperationExceptionTest" name="testGetProjectId" time="0.0"></testcase>
  <testcase classname="com.topcoder.management.phase.autopilot.PhaseOperationExceptionTest" name="testThrowing" time="0.0"></testcase>
  <testcase classname="com.topcoder.management.phase.autopilot.PhaseOperationExceptionTest" name="testPhaseOperationException" time="0.0"></testcase>
  <testcase classname="com.topcoder.management.phase.autopilot.PhaseOperationExceptionTest" name="testPhaseOperationExceptionString" time="0.0"></testcase>
  <testcase classname="com.topcoder.management.phase.autopilot.PhaseOperationExceptionTest" name="testPhaseOperationExceptionStringThrowable" time="0.0"></testcase>
  <testcase classname="com.topcoder.management.phase.autopilot.PhaseOperationExceptionTest" name="testGetPhase" time="0.0"></testcase>
  <testcase classname="com.topcoder.management.phase.autopilot.AutoPilotJobFailure" name="testAutoPilotJob" time="0.0"></testcase>
  <testcase classname="com.topcoder.management.phase.autopilot.AutoPilotJobFailure" name="testRunLongArray" time="0.016"></testcase>
  <testcase classname="com.topcoder.management.phase.autopilot.AutoPilotJobFailure" name="testAutoPilotJobStringStringNullNs" time="0.015"></testcase>
  <testcase classname="com.topcoder.management.phase.autopilot.AutoPilotJobFailure" name="testAutoPilotJobStringStringEmptyNs" time="0.0"></testcase>
  <testcase classname="com.topcoder.management.phase.autopilot.AutoPilotJobFailure" name="testAutoPilotJobStringStringNullApkey" time="0.0"></testcase>
  <testcase classname="com.topcoder.management.phase.autopilot.AutoPilotJobFailure" name="testAutoPilotJobStringStringEmptyApkey" time="0.0"></testcase>
  <testcase classname="com.topcoder.management.phase.autopilot.AutoPilotJobFailure" name="testAutoPilotJobAutoPilotStringNullAutoPilot" time="0.0"></testcase>
  <testcase classname="com.topcoder.management.phase.autopilot.AutoPilotJobFailure" name="testAutoPilotJobAutoPilotStringNullOperator" time="0.047"></testcase>
  <testcase classname="com.topcoder.management.phase.autopilot.AutoPilotJobFailure" name="testAutoPilotJobAutoPilotStringEmptyOperator" time="0.016"></testcase>
  <testcase classname="com.topcoder.management.phase.autopilot.AutoPilotJobFailure" name="testRunVoidAutoPilotSourceException" time="0.015"></testcase>
  <testcase classname="com.topcoder.management.phase.autopilot.AutoPilotJobFailure" name="testRunVoidPhaseOperationException" time="0.016"></testcase>
  <testcase classname="com.topcoder.management.phase.autopilot.AutoPilotJobFailure" name="testMainBadConfig" time="0.0"></testcase>
  <testcase classname="com.topcoder.management.phase.autopilot.AutoPilotJobFailure" name="testMainNoNs" time="0.0"></testcase>
  <testcase classname="com.topcoder.management.phase.autopilot.AutoPilotJobFailure" name="testMainBadNs" time="0.016"></testcase>
  <testcase classname="com.topcoder.management.phase.autopilot.AutoPilotJobFailure" name="testMainNoPollProject" time="0.0"></testcase>
  <testcase classname="com.topcoder.management.phase.autopilot.AutoPilotJobFailure" name="testMainBothPollProject" time="0.0"></testcase>
  <testcase classname="com.topcoder.management.phase.autopilot.AutoPilotJobFailure" name="testMainBadPollA" time="0.0"></testcase>
  <testcase classname="com.topcoder.management.phase.autopilot.AutoPilotJobFailure" name="testMainBadPollB" time="0.0"></testcase>
  <testcase classname="com.topcoder.management.phase.autopilot.AutoPilotJobFailure" name="testMainBadProjectA" time="0.0"></testcase>
  <testcase classname="com.topcoder.management.phase.autopilot.AutoPilotJobFailure" name="testMainBadProjectB" time="0.0"></testcase>
  <testcase classname="com.topcoder.management.phase.autopilot.AutoPilotJobFailure" name="testMainBadProjectC" time="0.0"></testcase>
  <testcase classname="com.topcoder.management.phase.autopilot.AutoPilotJobFailure" name="testMainBadProjectD" time="0.0"></testcase>
  <testcase classname="com.topcoder.management.phase.autopilot.AutoPilotJobFailure" name="testMainProjectJobName" time="0.0"></testcase>
  <testcase classname="com.topcoder.management.phase.autopilot.AutoPilotJobFailure" name="testCreateJobNullJobName" time="0.0"></testcase>
  <testcase classname="com.topcoder.management.phase.autopilot.AutoPilotJobFailure" name="testCreateJobEmptyJobName" time="0.0"></testcase>
  <testcase classname="com.topcoder.management.phase.autopilot.AutoPilotJobFailure" name="testCreateJobNonPositive" time="0.0"></testcase>
  <testcase classname="com.topcoder.management.phase.autopilot.AutoPilotJobFailure" name="testScheduleNullNs" time="0.0"></testcase>
  <testcase classname="com.topcoder.management.phase.autopilot.AutoPilotJobFailure" name="testScheduleEmptyNs" time="0.0"></testcase>
  <testcase classname="com.topcoder.management.phase.autopilot.AutoPilotJobFailure" name="testScheduleNullJobName" time="0.0"></testcase>
  <testcase classname="com.topcoder.management.phase.autopilot.AutoPilotJobFailure" name="testScheduleEmptyJobName" time="0.0"></testcase>
  <testcase classname="com.topcoder.management.phase.autopilot.AutoPilotJobFailure" name="testScheduleNonPositiveInterval" time="0.0"></testcase>
  <testcase classname="com.topcoder.management.phase.autopilot.AutoPilotFailure" name="testAutoPilot" time="0.0"></testcase>
  <testcase classname="com.topcoder.management.phase.autopilot.AutoPilotFailure" name="testAutoPilotStringStringStringNullNamespace" time="0.0"></testcase>
  <testcase classname="com.topcoder.management.phase.autopilot.AutoPilotFailure" name="testAutoPilotStringStringStringEmptyNamespace" time="0.0"></testcase>
  <testcase classname="com.topcoder.management.phase.autopilot.AutoPilotFailure" name="testAutoPilotStringStringStringNullSource" time="0.0"></testcase>
  <testcase classname="com.topcoder.management.phase.autopilot.AutoPilotFailure" name="testAutoPilotStringStringStringEmptySource" time="0.0"></testcase>
  <testcase classname="com.topcoder.management.phase.autopilot.AutoPilotFailure" name="testAutoPilotStringStringStringNullProject" time="0.0"></testcase>
  <testcase classname="com.topcoder.management.phase.autopilot.AutoPilotFailure" name="testAutoPilotStringStringStringEmptyProject" time="0.0"></testcase>
  <testcase classname="com.topcoder.management.phase.autopilot.AutoPilotFailure" name="testAutoPilotAutoPilotSourceProjectPilotNullSource" time="0.031"></testcase>
  <testcase classname="com.topcoder.management.phase.autopilot.AutoPilotFailure" name="testAutoPilotAutoPilotSourceProjectPilotNullProject" time="0.015"></testcase>
  <testcase classname="com.topcoder.management.phase.autopilot.AutoPilotFailure" name="testAdvanceProjectsStringNull" time="0.0"></testcase>
  <testcase classname="com.topcoder.management.phase.autopilot.AutoPilotFailure" name="testAdvanceProjectsStringEmpty" time="0.016"></testcase>
  <testcase classname="com.topcoder.management.phase.autopilot.AutoPilotFailure" name="testAdvanceProjectsLongArrayStringNullId" time="0.0"></testcase>
  <testcase classname="com.topcoder.management.phase.autopilot.AutoPilotFailure" name="testAdvanceProjectsLongArrayStringNullOperator" time="0.016"></testcase>
  <testcase classname="com.topcoder.management.phase.autopilot.AutoPilotFailure" name="testAdvanceProjectsLongArrayStringEmptyOperator" time="0.031"></testcase>
  <testcase classname="com.topcoder.management.phase.autopilot.AutoPilotFailure" name="testAdvanceProjectNull" time="0.016"></testcase>
  <testcase classname="com.topcoder.management.phase.autopilot.AutoPilotFailure" name="testAdvanceProjectEmpty" time="0.015"></testcase>
  <testcase classname="com.topcoder.management.phase.autopilot.AutoPilotResultFailure" name="testAggregate" time="0.0"></testcase>
  <testcase classname="com.topcoder.management.phase.autopilot.AutoPilotResultFailure" name="testAutoPilotResultNegativeEnded" time="0.0"></testcase>
  <testcase classname="com.topcoder.management.phase.autopilot.AutoPilotResultFailure" name="testAutoPilotResultNegativeStarted" time="0.0"></testcase>
  <testcase classname="com.topcoder.management.phase.autopilot.AutoPilotResultFailure" name="testAggregateDifferentProjectId" time="0.0"></testcase>
  <testcase classname="com.topcoder.management.phase.autopilot.impl.ActiveAutoPilotSourceFailure" name="testActiveAutoPilotSource" time="0.0"></testcase>
  <testcase classname="com.topcoder.management.phase.autopilot.impl.ActiveAutoPilotSourceFailure" name="testActiveAutoPilotSourceStringStringStringStringStringNullNamespace" time="0.0"></testcase>
  <testcase classname="com.topcoder.management.phase.autopilot.impl.ActiveAutoPilotSourceFailure" name="testActiveAutoPilotSourceStringStringStringStringStringEmptyNamespace" time="0.0"></testcase>
  <testcase classname="com.topcoder.management.phase.autopilot.impl.ActiveAutoPilotSourceFailure" name="testActiveAutoPilotSourceStringStringStringStringStringNullPmkey" time="0.0"></testcase>
  <testcase classname="com.topcoder.management.phase.autopilot.impl.ActiveAutoPilotSourceFailure" name="testActiveAutoPilotSourceStringStringStringStringStringEmptyPmkey" time="0.0"></testcase>
  <testcase classname="com.topcoder.management.phase.autopilot.impl.ActiveAutoPilotSourceFailure" name="testActiveAutoPilotSourceStringStringStringStringStringNullAsname" time="0.0"></testcase>
  <testcase classname="com.topcoder.management.phase.autopilot.impl.ActiveAutoPilotSourceFailure" name="testActiveAutoPilotSourceStringStringStringStringStringEmptyAsname" time="0.0"></testcase>
  <testcase classname="com.topcoder.management.phase.autopilot.impl.ActiveAutoPilotSourceFailure" name="testActiveAutoPilotSourceStringStringStringStringStringNullExtProp" time="0.0"></testcase>
  <testcase classname="com.topcoder.management.phase.autopilot.impl.ActiveAutoPilotSourceFailure" name="testActiveAutoPilotSourceStringStringStringStringStringEmptyExtProp" time="0.0"></testcase>
  <testcase classname="com.topcoder.management.phase.autopilot.impl.ActiveAutoPilotSourceFailure" name="testActiveAutoPilotSourceStringStringStringStringStringNullExtPropVal" time="0.0"></testcase>
  <testcase classname="com.topcoder.management.phase.autopilot.impl.ActiveAutoPilotSourceFailure" name="testActiveAutoPilotSourceStringStringStringStringStringEmptyExtPropVal" time="0.0"></testcase>
  <testcase classname="com.topcoder.management.phase.autopilot.impl.ActiveAutoPilotSourceFailure" name="testActiveAutoPilotSourceProjectManagerStringStringStringNullPm" time="0.0"></testcase>
  <testcase classname="com.topcoder.management.phase.autopilot.impl.ActiveAutoPilotSourceFailure" name="testActiveAutoPilotSourceProjectManagerStringStringStringNullAsname" time="0.0"></testcase>
  <testcase classname="com.topcoder.management.phase.autopilot.impl.ActiveAutoPilotSourceFailure" name="testActiveAutoPilotSourceProjectManagerStringStringStringEmptyAsname" time="0.0"></testcase>
  <testcase classname="com.topcoder.management.phase.autopilot.impl.ActiveAutoPilotSourceFailure" name="testActiveAutoPilotSourceProjectManagerStringStringStringNullExtProp" time="0.0"></testcase>
  <testcase classname="com.topcoder.management.phase.autopilot.impl.ActiveAutoPilotSourceFailure" name="testActiveAutoPilotSourceProjectManagerStringStringStringEmptyExtProp" time="0.0"></testcase>
  <testcase classname="com.topcoder.management.phase.autopilot.impl.ActiveAutoPilotSourceFailure" name="testActiveAutoPilotSourceProjectManagerStringStringStringNullExtPropVal" time="0.0"></testcase>
  <testcase classname="com.topcoder.management.phase.autopilot.impl.ActiveAutoPilotSourceFailure" name="testActiveAutoPilotSourceProjectManagerStringStringStringEmptyExtPropVal" time="0.0"></testcase>
  <testcase classname="com.topcoder.management.phase.autopilot.impl.ActiveAutoPilotSourceFailure" name="testGetProjectIdsException" time="0.0"></testcase>
  <testcase classname="com.topcoder.management.phase.autopilot.impl.DefaultProjectPilotFailure" name="testDefaultProjectPilot" time="0.0"></testcase>
  <testcase classname="com.topcoder.management.phase.autopilot.impl.DefaultProjectPilotFailure" name="testDefaultProjectPilotStringStringStringStringStringNullNamespace" time="0.0"></testcase>
  <testcase classname="com.topcoder.management.phase.autopilot.impl.DefaultProjectPilotFailure" name="testDefaultProjectPilotStringStringStringStringStringEmptyName" time="0.0"></testcase>
  <testcase classname="com.topcoder.management.phase.autopilot.impl.DefaultProjectPilotFailure" name="testDefaultProjectPilotStringStringStringStringStringNullPmkey" time="0.0"></testcase>
  <testcase classname="com.topcoder.management.phase.autopilot.impl.DefaultProjectPilotFailure" name="testDefaultProjectPilotStringStringStringStringStringEmptyPmkey" time="0.0"></testcase>
  <testcase classname="com.topcoder.management.phase.autopilot.impl.DefaultProjectPilotFailure" name="testDefaultProjectPilotStringStringStringStringStringNullScheduledStatusName" time="0.0"></testcase>
  <testcase classname="com.topcoder.management.phase.autopilot.impl.DefaultProjectPilotFailure" name="testDefaultProjectPilotStringStringStringStringStringEmptyScheduledStatusName" time="0.0"></testcase>
  <testcase classname="com.topcoder.management.phase.autopilot.impl.DefaultProjectPilotFailure" name="testDefaultProjectPilotStringStringStringStringStringNullOpenStatusName" time="0.0"></testcase>
  <testcase classname="com.topcoder.management.phase.autopilot.impl.DefaultProjectPilotFailure" name="testDefaultProjectPilotStringStringStringStringStringEmptyOpenStatusName" time="0.0"></testcase>
  <testcase classname="com.topcoder.management.phase.autopilot.impl.DefaultProjectPilotFailure" name="testDefaultProjectPilotStringStringStringStringStringNullLogName" time="0.0"></testcase>
  <testcase classname="com.topcoder.management.phase.autopilot.impl.DefaultProjectPilotFailure" name="testDefaultProjectPilotStringStringStringStringStringEmptyLogName" time="0.0"></testcase>
  <testcase classname="com.topcoder.management.phase.autopilot.impl.DefaultProjectPilotFailure" name="testDefaultProjectPilotPhaseManagerStringStringLogNullPhaseManager" time="0.0"></testcase>
  <testcase classname="com.topcoder.management.phase.autopilot.impl.DefaultProjectPilotFailure" name="testDefaultProjectPilotPhaseManagerStringStringLogNullScheduledStatusName" time="0.0"></testcase>
  <testcase classname="com.topcoder.management.phase.autopilot.impl.DefaultProjectPilotFailure" name="testDefaultProjectPilotPhaseManagerStringStringLogEmptyScheduledStatusName" time="0.016"></testcase>
  <testcase classname="com.topcoder.management.phase.autopilot.impl.DefaultProjectPilotFailure" name="testDefaultProjectPilotPhaseManagerStringStringLogNullOpenStatusName" time="0.0"></testcase>
  <testcase classname="com.topcoder.management.phase.autopilot.impl.DefaultProjectPilotFailure" name="testDefaultProjectPilotPhaseManagerStringStringLogEmptyOpenStatusName" time="0.0"></testcase>
  <testcase classname="com.topcoder.management.phase.autopilot.impl.DefaultProjectPilotFailure" name="testDefaultProjectPilotPhaseManagerStringStringLogNullLog" time="0.0"></testcase>
  <testcase classname="com.topcoder.management.phase.autopilot.impl.DefaultProjectPilotFailure" name="testAdvancePhasesNullOperator" time="0.015"></testcase>
  <testcase classname="com.topcoder.management.phase.autopilot.impl.DefaultProjectPilotFailure" name="testAdvancePhasesNullProject" time="0.032"></testcase>
  <testcase classname="com.topcoder.management.phase.autopilot.impl.DefaultProjectPilotFailure" name="testAdvancePhasesEmptyOperator" time="0.015"></testcase>
  <testcase classname="com.topcoder.management.phase.autopilot.DemoTest" name="testProgramatically" time="0.0"></testcase>
  <testcase classname="com.topcoder.management.phase.autopilot.DemoTest" name="testConfig" time="0.063"></testcase>
  <testcase classname="com.topcoder.management.phase.autopilot.DemoTest" name="testCustomPilot" time="0.015"></testcase>
  <testcase classname="com.topcoder.management.phase.autopilot.accuracytests.AutoPilotExceptionAccuracyTest" name="testConstructor_AutoPilotException" time="0.016"></testcase>
  <testcase classname="com.topcoder.management.phase.autopilot.accuracytests.AutoPilotExceptionAccuracyTest" name="testConstructor_AutoPilotException_String" time="0.0"></testcase>
  <testcase classname="com.topcoder.management.phase.autopilot.accuracytests.AutoPilotExceptionAccuracyTest" name="testConstructor_AutoPilotException_String_Throwable" time="0.0"></testcase>
  <testcase classname="com.topcoder.management.phase.autopilot.accuracytests.AutoPilotSourceExceptionAccuracyTest" name="testConstructor_AutoPilotSourceException" time="0.0"></testcase>
  <testcase classname="com.topcoder.management.phase.autopilot.accuracytests.AutoPilotSourceExceptionAccuracyTest" name="testConstructor_AutoPilotSourceException_String" time="0.0"></testcase>
  <testcase classname="com.topcoder.management.phase.autopilot.accuracytests.AutoPilotSourceExceptionAccuracyTest" name="testConstructor_AutoPilotSourceException_String_Throwable_" time="0.0"></testcase>
  <testcase classname="com.topcoder.management.phase.autopilot.accuracytests.ConfigurationExceptionAccuracyTest" name="testConstructor_ConfigurationException_" time="0.0"></testcase>
  <testcase classname="com.topcoder.management.phase.autopilot.accuracytests.ConfigurationExceptionAccuracyTest" name="testConstructor_ConfigurationException_String_" time="0.0"></testcase>
  <testcase classname="com.topcoder.management.phase.autopilot.accuracytests.ConfigurationExceptionAccuracyTest" name="testConstructor_ConfigurationException_String_Throwable_" time="0.0"></testcase>
  <testcase classname="com.topcoder.management.phase.autopilot.accuracytests.PhaseOperationExceptionAccuracyTest" name="testConstructor_PhaseOperationException_" time="0.0"></testcase>
  <testcase classname="com.topcoder.management.phase.autopilot.accuracytests.PhaseOperationExceptionAccuracyTest" name="testConstructor_PhaseOperationException_long_phase_String_" time="0.0"></testcase>
  <testcase classname="com.topcoder.management.phase.autopilot.accuracytests.PhaseOperationExceptionAccuracyTest" name="testConstructor_PhaseOperationException_long_phase_String_Throwable_" time="0.0"></testcase>
  <testcase classname="com.topcoder.management.phase.autopilot.accuracytests.impl.ActiveAutoPilotSourceAccuracyTest" name="testGetProjectIds" time="0.063"></testcase>
  <testcase classname="com.topcoder.management.phase.autopilot.accuracytests.impl.ActiveAutoPilotSourceAccuracyTest" name="testBuildFilter" time="0.015"></testcase>
  <testcase classname="com.topcoder.management.phase.autopilot.accuracytests.impl.ActiveAutoPilotSourceAccuracyTest" name="testConstructor" time="0.063"></testcase>
  <testcase classname="com.topcoder.management.phase.autopilot.accuracytests.impl.ActiveAutoPilotSourceAccuracyTest" name="testConstructor_ActiveAutoPilotSource_String_String_String_String_String_" time="0.015"></testcase>
  <testcase classname="com.topcoder.management.phase.autopilot.accuracytests.impl.ActiveAutoPilotSourceAccuracyTest" name="testConstructor_ActiveAutoPilotSource_ProjectManager_String_String_String_" time="0.047"></testcase>
  <testcase classname="com.topcoder.management.phase.autopilot.accuracytests.impl.ActiveAutoPilotSourceAccuracyTest" name="testProcessProject_ProjectArray" time="0.016"></testcase>
  <testcase classname="com.topcoder.management.phase.autopilot.accuracytests.impl.DefaultProjectPilotAccuracyTest" name="testConstructor_DefaultProjectPilot_" time="0.031"></testcase>
  <testcase classname="com.topcoder.management.phase.autopilot.accuracytests.impl.DefaultProjectPilotAccuracyTest" name="testConstructor_DefaultProjectPilot_String_String_String_String_String_" time="0.047"></testcase>
  <testcase classname="com.topcoder.management.phase.autopilot.accuracytests.impl.DefaultProjectPilotAccuracyTest" name="testConstructor_DefaultProjectPilot_PhaseManager_String_String_Log_" time="0.031"></testcase>
  <testcase classname="com.topcoder.management.phase.autopilot.accuracytests.impl.DefaultProjectPilotAccuracyTest" name="testDoAudit_Phase_boolean_String_PhaseEnded_NonNullType" time="0.047"></testcase>
  <testcase classname="com.topcoder.management.phase.autopilot.accuracytests.impl.DefaultProjectPilotAccuracyTest" name="testDoAudit_Phase_boolean_String_PhaseNotEnded_NonNullType" time="0.016"></testcase>
  <testcase classname="com.topcoder.management.phase.autopilot.accuracytests.impl.DefaultProjectPilotAccuracyTest" name="testDoAudit_Phase_boolean_String_PhaseEnded_NullType" time="0.047"></testcase>
  <testcase classname="com.topcoder.management.phase.autopilot.accuracytests.impl.DefaultProjectPilotAccuracyTest" name="testDoAudit_Phase_boolean_String_PhaseNotEnded_NullType" time="0.015"></testcase>
  <testcase classname="com.topcoder.management.phase.autopilot.accuracytests.impl.DefaultProjectPilotAccuracyTest" name="testDoPhaseOperation_Phase_Operator_NoChange" time="0.016"></testcase>
  <testcase classname="com.topcoder.management.phase.autopilot.accuracytests.impl.DefaultProjectPilotAccuracyTest" name="testDoPhaseOperation_Phase_Operator_NoChange_NullStatus" time="0.047"></testcase>
  <testcase classname="com.topcoder.management.phase.autopilot.accuracytests.impl.DefaultProjectPilotAccuracyTest" name="testDoPhaseOperation_Phase_Operator_PhaseEnded" time="0.015"></testcase>
  <testcase classname="com.topcoder.management.phase.autopilot.accuracytests.impl.DefaultProjectPilotAccuracyTest" name="testDoPhaseOperation_Phase_Operator_PhaseNotEnded" time="0.032"></testcase>
  <testcase classname="com.topcoder.management.phase.autopilot.accuracytests.impl.DefaultProjectPilotAccuracyTest" name="testDoPhaseOperation_Phase_Operator_PhaseStarted" time="0.031"></testcase>
  <testcase classname="com.topcoder.management.phase.autopilot.accuracytests.impl.DefaultProjectPilotAccuracyTest" name="testDoPhaseOperation_Phase_Operator_PhaseNotStarted" time="0.031"></testcase>
  <testcase classname="com.topcoder.management.phase.autopilot.accuracytests.impl.DefaultProjectPilotAccuracyTest" name="testProcessPhase_Phase_Set_String_NullPhase" time="0.016"></testcase>
  <testcase classname="com.topcoder.management.phase.autopilot.accuracytests.impl.DefaultProjectPilotAccuracyTest" name="testProcessPhase_Phase_Set_String_PhaseAlreadyProcessed" time="0.047"></testcase>
  <testcase classname="com.topcoder.management.phase.autopilot.accuracytests.impl.DefaultProjectPilotAccuracyTest" name="testProcessPhase_Phase_Set_String_PhaseEnded" time="0.015"></testcase>
  <testcase classname="com.topcoder.management.phase.autopilot.accuracytests.impl.DefaultProjectPilotAccuracyTest" name="testProcessPhase_Phase_Set_String_PhaseNotEnded" time="0.016"></testcase>
  <testcase classname="com.topcoder.management.phase.autopilot.accuracytests.impl.DefaultProjectPilotAccuracyTest" name="testProcessPhase_Phase_Set_String_PhaseStarted" time="0.031"></testcase>
  <testcase classname="com.topcoder.management.phase.autopilot.accuracytests.impl.DefaultProjectPilotAccuracyTest" name="testProcessPhase_Phase_Set_String_PhaseNotStarted" time="0.031"></testcase>
  <testcase classname="com.topcoder.management.phase.autopilot.accuracytests.impl.DefaultProjectPilotAccuracyTest" name="testProcessPhase_Phase_Set_String_PhaseAlreadyProcessed_WithDependencies" time="0.016"></testcase>
  <testcase classname="com.topcoder.management.phase.autopilot.accuracytests.impl.DefaultProjectPilotAccuracyTest" name="testProcessPhase_Phase_Set_String_PhaseEnded_WithDependencies" time="0.047"></testcase>
  <testcase classname="com.topcoder.management.phase.autopilot.accuracytests.impl.DefaultProjectPilotAccuracyTest" name="testProcessPhase_Phase_Set_String_PhaseNotEnded_WithDependencies" time="0.015"></testcase>
  <testcase classname="com.topcoder.management.phase.autopilot.accuracytests.impl.DefaultProjectPilotAccuracyTest" name="testProcessPhase_Phase_Set_String_PhaseStarted_WithDependencies" time="0.016"></testcase>
  <testcase classname="com.topcoder.management.phase.autopilot.accuracytests.impl.DefaultProjectPilotAccuracyTest" name="testProcessPhase_Phase_Set_String_PhaseNotStarted_WithDependencies" time="0.047"></testcase>
  <testcase classname="com.topcoder.management.phase.autopilot.accuracytests.AutoPilotResultAccuracyTest" name="testConstructor_long_int_int" time="0.0"></testcase>
  <testcase classname="com.topcoder.management.phase.autopilot.accuracytests.AutoPilotResultAccuracyTest" name="testAggregate_AutoPilotResult" time="0.0"></testcase>
  <testcase classname="com.topcoder.management.phase.autopilot.accuracytests.AutoPilotAccuracyTest" name="testConstructor_AutoPilot" time="0.016"></testcase>
  <testcase classname="com.topcoder.management.phase.autopilot.accuracytests.AutoPilotAccuracyTest" name="testConstructor_AutoPilot_String_String_String_" time="0.015"></testcase>
  <testcase classname="com.topcoder.management.phase.autopilot.accuracytests.AutoPilotAccuracyTest" name="testConstructor_AutoPilot_AutoPilotSource_ProjectPilot_" time="0.047"></testcase>
  <testcase classname="com.topcoder.management.phase.autopilot.accuracytests.AutoPilotAccuracyTest" name="testAdvanceProjects_String_ProjectsAdvanced" time="0.016"></testcase>
  <testcase classname="com.topcoder.management.phase.autopilot.accuracytests.AutoPilotAccuracyTest" name="testAdvanceProjects_String_ProjectsNotAdvanced" time="0.015"></testcase>
  <testcase classname="com.topcoder.management.phase.autopilot.accuracytests.AutoPilotAccuracyTest" name="testAdvanceProjects_longArray_String_ProjectsAdvanced" time="0.047"></testcase>
  <testcase classname="com.topcoder.management.phase.autopilot.accuracytests.AutoPilotAccuracyTest" name="testAdvanceProjects_longArray_String_ProjectsNotAdvanced" time="0.016"></testcase>
  <testcase classname="com.topcoder.management.phase.autopilot.accuracytests.AutoPilotJobAccuracyTest" name="testConstructor_AutoPilotJob" time="0.015"></testcase>
  <testcase classname="com.topcoder.management.phase.autopilot.accuracytests.AutoPilotJobAccuracyTest" name="testConstructor_AutoPilotJob_String_String" time="0.047"></testcase>
  <testcase classname="com.topcoder.management.phase.autopilot.accuracytests.AutoPilotJobAccuracyTest" name="testConstructor_AutoPilotJob_AutoPilot_String" time="0.016"></testcase>
  <testcase classname="com.topcoder.management.phase.autopilot.accuracytests.AutoPilotJobAccuracyTest" name="testCreateJob_String_int" time="0.016"></testcase>
  <testcase classname="com.topcoder.management.phase.autopilot.failuretests.impl.ActiveAutoPilotSourceFailureTests" name="testConstructor1NoConfig" time="0.0"></testcase>
  <testcase classname="com.topcoder.management.phase.autopilot.failuretests.impl.ActiveAutoPilotSourceFailureTests" name="testConstructor2Null1" time="0.0"></testcase>
  <testcase classname="com.topcoder.management.phase.autopilot.failuretests.impl.ActiveAutoPilotSourceFailureTests" name="testConstructor2Null2" time="0.0"></testcase>
  <testcase classname="com.topcoder.management.phase.autopilot.failuretests.impl.ActiveAutoPilotSourceFailureTests" name="testConstructor2Null3" time="0.0"></testcase>
  <testcase classname="com.topcoder.management.phase.autopilot.failuretests.impl.ActiveAutoPilotSourceFailureTests" name="testConstructor2Null4" time="0.0"></testcase>
  <testcase classname="com.topcoder.management.phase.autopilot.failuretests.impl.ActiveAutoPilotSourceFailureTests" name="testConstructor2Null5" time="0.0"></testcase>
  <testcase classname="com.topcoder.management.phase.autopilot.failuretests.impl.ActiveAutoPilotSourceFailureTests" name="testConstructor2EmptyString1" time="0.0"></testcase>
  <testcase classname="com.topcoder.management.phase.autopilot.failuretests.impl.ActiveAutoPilotSourceFailureTests" name="testConstructor2EmptyString2" time="0.0"></testcase>
  <testcase classname="com.topcoder.management.phase.autopilot.failuretests.impl.ActiveAutoPilotSourceFailureTests" name="testConstructor2EmptyString3" time="0.0"></testcase>
  <testcase classname="com.topcoder.management.phase.autopilot.failuretests.impl.ActiveAutoPilotSourceFailureTests" name="testConstructor2EmptyString4" time="0.0"></testcase>
  <testcase classname="com.topcoder.management.phase.autopilot.failuretests.impl.ActiveAutoPilotSourceFailureTests" name="testConstructor2EmptyString5" time="0.0"></testcase>
  <testcase classname="com.topcoder.management.phase.autopilot.failuretests.impl.ActiveAutoPilotSourceFailureTests" name="testConstructor2EmptyString6" time="0.0"></testcase>
  <testcase classname="com.topcoder.management.phase.autopilot.failuretests.impl.ActiveAutoPilotSourceFailureTests" name="testConstructor2EmptyString7" time="0.0"></testcase>
  <testcase classname="com.topcoder.management.phase.autopilot.failuretests.impl.ActiveAutoPilotSourceFailureTests" name="testConstructor2EmptyString8" time="0.0"></testcase>
  <testcase classname="com.topcoder.management.phase.autopilot.failuretests.impl.ActiveAutoPilotSourceFailureTests" name="testConstructor2EmptyString9" time="0.0"></testcase>
  <testcase classname="com.topcoder.management.phase.autopilot.failuretests.impl.ActiveAutoPilotSourceFailureTests" name="testConstructor2EmptyString10" time="0.0"></testcase>
  <testcase classname="com.topcoder.management.phase.autopilot.failuretests.impl.ActiveAutoPilotSourceFailureTests" name="testConstructor2ConfigNoNamespace" time="0.0"></testcase>
  <testcase classname="com.topcoder.management.phase.autopilot.failuretests.impl.ActiveAutoPilotSourceFailureTests" name="testConstructor2ConfigNoProjectManagerKey" time="0.078"></testcase>
  <testcase classname="com.topcoder.management.phase.autopilot.failuretests.impl.ActiveAutoPilotSourceFailureTests" name="testConstructor2ConfigLoop" time="0.078"></testcase>
  <testcase classname="com.topcoder.management.phase.autopilot.failuretests.impl.ActiveAutoPilotSourceFailureTests" name="testConstructor2ConfigWrongType" time="0.062"></testcase>
  <testcase classname="com.topcoder.management.phase.autopilot.failuretests.impl.ActiveAutoPilotSourceFailureTests" name="testConstructor3Null1" time="0.0"></testcase>
  <testcase classname="com.topcoder.management.phase.autopilot.failuretests.impl.ActiveAutoPilotSourceFailureTests" name="testConstructor3Null2" time="0.0"></testcase>
  <testcase classname="com.topcoder.management.phase.autopilot.failuretests.impl.ActiveAutoPilotSourceFailureTests" name="testConstructor3Null3" time="0.0"></testcase>
  <testcase classname="com.topcoder.management.phase.autopilot.failuretests.impl.ActiveAutoPilotSourceFailureTests" name="testConstructor3Null4" time="0.0"></testcase>
  <testcase classname="com.topcoder.management.phase.autopilot.failuretests.impl.ActiveAutoPilotSourceFailureTests" name="testConstructor3EmptyString1" time="0.0"></testcase>
  <testcase classname="com.topcoder.management.phase.autopilot.failuretests.impl.ActiveAutoPilotSourceFailureTests" name="testConstructor3EmptyString2" time="0.0"></testcase>
  <testcase classname="com.topcoder.management.phase.autopilot.failuretests.impl.ActiveAutoPilotSourceFailureTests" name="testConstructor3EmptyString3" time="0.0"></testcase>
  <testcase classname="com.topcoder.management.phase.autopilot.failuretests.impl.ActiveAutoPilotSourceFailureTests" name="testConstructor3EmptyString4" time="0.0"></testcase>
  <testcase classname="com.topcoder.management.phase.autopilot.failuretests.impl.ActiveAutoPilotSourceFailureTests" name="testConstructor3EmptyString5" time="0.0"></testcase>
  <testcase classname="com.topcoder.management.phase.autopilot.failuretests.impl.ActiveAutoPilotSourceFailureTests" name="testConstructor3EmptyString6" time="0.0"></testcase>
  <testcase classname="com.topcoder.management.phase.autopilot.failuretests.impl.ActiveAutoPilotSourceFailureTests" name="testGetProjectIdsFailure" time="0.078"></testcase>
  <testcase classname="com.topcoder.management.phase.autopilot.failuretests.impl.DefaultProjectPilotFailureTests" name="testConstructor1NoConfig" time="0.0"></testcase>
  <testcase classname="com.topcoder.management.phase.autopilot.failuretests.impl.DefaultProjectPilotFailureTests" name="testConstructor2Null1" time="0.0"></testcase>
  <testcase classname="com.topcoder.management.phase.autopilot.failuretests.impl.DefaultProjectPilotFailureTests" name="testConstructor2Null2" time="0.0"></testcase>
  <testcase classname="com.topcoder.management.phase.autopilot.failuretests.impl.DefaultProjectPilotFailureTests" name="testConstructor2Null3" time="0.0"></testcase>
  <testcase classname="com.topcoder.management.phase.autopilot.failuretests.impl.DefaultProjectPilotFailureTests" name="testConstructor2Null4" time="0.0"></testcase>
  <testcase classname="com.topcoder.management.phase.autopilot.failuretests.impl.DefaultProjectPilotFailureTests" name="testConstructor2Null5" time="0.0"></testcase>
  <testcase classname="com.topcoder.management.phase.autopilot.failuretests.impl.DefaultProjectPilotFailureTests" name="testConstructor2EmptyString1" time="0.0"></testcase>
  <testcase classname="com.topcoder.management.phase.autopilot.failuretests.impl.DefaultProjectPilotFailureTests" name="testConstructor2EmptyString2" time="0.0"></testcase>
  <testcase classname="com.topcoder.management.phase.autopilot.failuretests.impl.DefaultProjectPilotFailureTests" name="testConstructor2EmptyString3" time="0.0"></testcase>
  <testcase classname="com.topcoder.management.phase.autopilot.failuretests.impl.DefaultProjectPilotFailureTests" name="testConstructor2EmptyString4" time="0.0"></testcase>
  <testcase classname="com.topcoder.management.phase.autopilot.failuretests.impl.DefaultProjectPilotFailureTests" name="testConstructor2EmptyString5" time="0.0"></testcase>
  <testcase classname="com.topcoder.management.phase.autopilot.failuretests.impl.DefaultProjectPilotFailureTests" name="testConstructor2EmptyString6" time="0.0"></testcase>
  <testcase classname="com.topcoder.management.phase.autopilot.failuretests.impl.DefaultProjectPilotFailureTests" name="testConstructor2EmptyString7" time="0.0"></testcase>
  <testcase classname="com.topcoder.management.phase.autopilot.failuretests.impl.DefaultProjectPilotFailureTests" name="testConstructor2EmptyString8" time="0.0"></testcase>
  <testcase classname="com.topcoder.management.phase.autopilot.failuretests.impl.DefaultProjectPilotFailureTests" name="testConstructor2EmptyString9" time="0.0"></testcase>
  <testcase classname="com.topcoder.management.phase.autopilot.failuretests.impl.DefaultProjectPilotFailureTests" name="testConstructor2EmptyString10" time="0.0"></testcase>
  <testcase classname="com.topcoder.management.phase.autopilot.failuretests.impl.DefaultProjectPilotFailureTests" name="testConstructor2ConfigNoNamespace" time="0.0"></testcase>
  <testcase classname="com.topcoder.management.phase.autopilot.failuretests.impl.DefaultProjectPilotFailureTests" name="testConstructor2ConfigNoProjectManagerKey" time="0.094"></testcase>
  <testcase classname="com.topcoder.management.phase.autopilot.failuretests.impl.DefaultProjectPilotFailureTests" name="testConstructor2ConfigLoop" time="0.078"></testcase>
  <testcase classname="com.topcoder.management.phase.autopilot.failuretests.impl.DefaultProjectPilotFailureTests" name="testConstructor2ConfigWrongType" time="0.063"></testcase>
  <testcase classname="com.topcoder.management.phase.autopilot.failuretests.impl.DefaultProjectPilotFailureTests" name="testConstructor3Null1" time="0.0"></testcase>
  <testcase classname="com.topcoder.management.phase.autopilot.failuretests.impl.DefaultProjectPilotFailureTests" name="testConstructor3Null2" time="0.0"></testcase>
  <testcase classname="com.topcoder.management.phase.autopilot.failuretests.impl.DefaultProjectPilotFailureTests" name="testConstructor3Null3" time="0.0"></testcase>
  <testcase classname="com.topcoder.management.phase.autopilot.failuretests.impl.DefaultProjectPilotFailureTests" name="testConstructor3Null4" time="0.0"></testcase>
  <testcase classname="com.topcoder.management.phase.autopilot.failuretests.impl.DefaultProjectPilotFailureTests" name="testConstructor3EmptyString1" time="0.0"></testcase>
  <testcase classname="com.topcoder.management.phase.autopilot.failuretests.impl.DefaultProjectPilotFailureTests" name="testConstructor3EmptyString2" time="0.0"></testcase>
  <testcase classname="com.topcoder.management.phase.autopilot.failuretests.impl.DefaultProjectPilotFailureTests" name="testConstructor3EmptyString3" time="0.0"></testcase>
  <testcase classname="com.topcoder.management.phase.autopilot.failuretests.impl.DefaultProjectPilotFailureTests" name="testConstructor3EmptyString4" time="0.0"></testcase>
  <testcase classname="com.topcoder.management.phase.autopilot.failuretests.impl.DefaultProjectPilotFailureTests" name="testConstructor1ConfigNoLogger" time="0.109"></testcase>
  <testcase classname="com.topcoder.management.phase.autopilot.failuretests.impl.DefaultProjectPilotFailureTests" name="testConstructor2ConfigNoLogger" time="0.078"></testcase>
  <testcase classname="com.topcoder.management.phase.autopilot.failuretests.impl.DefaultProjectPilotFailureTests" name="testAdvancePhasesNull" time="0.078"></testcase>
  <testcase classname="com.topcoder.management.phase.autopilot.failuretests.impl.DefaultProjectPilotFailureTests" name="testAdvancePhasesEmptyString1" time="0.079"></testcase>
  <testcase classname="com.topcoder.management.phase.autopilot.failuretests.impl.DefaultProjectPilotFailureTests" name="testAdvancePhasesEmptyString2" time="0.078"></testcase>
  <testcase classname="com.topcoder.management.phase.autopilot.failuretests.impl.DefaultProjectPilotFailureTests" name="testAdvancePhasesGetPhasesException" time="0.062"></testcase>
  <testcase classname="com.topcoder.management.phase.autopilot.failuretests.impl.DefaultProjectPilotFailureTests" name="testProcessPhaseCanEndException" time="0.078"></testcase>
  <testcase classname="com.topcoder.management.phase.autopilot.failuretests.impl.DefaultProjectPilotFailureTests" name="testProcessPhaseEndException" time="0.078"></testcase>
  <testcase classname="com.topcoder.management.phase.autopilot.failuretests.impl.DefaultProjectPilotFailureTests" name="testProcessPhaseCanStartException" time="0.079"></testcase>
  <testcase classname="com.topcoder.management.phase.autopilot.failuretests.impl.DefaultProjectPilotFailureTests" name="testProcessPhaseStartException" time="0.093"></testcase>
  <testcase classname="com.topcoder.management.phase.autopilot.failuretests.impl.DefaultProjectPilotFailureTests" name="testDoPhaseOperationCanEndException" time="0.078"></testcase>
  <testcase classname="com.topcoder.management.phase.autopilot.failuretests.impl.DefaultProjectPilotFailureTests" name="testDoPhaseOperationEndException" time="0.079"></testcase>
  <testcase classname="com.topcoder.management.phase.autopilot.failuretests.impl.DefaultProjectPilotFailureTests" name="testDoPhaseOperationCanStartException" time="0.078"></testcase>
  <testcase classname="com.topcoder.management.phase.autopilot.failuretests.impl.DefaultProjectPilotFailureTests" name="testDoPhaseOperationStartException" time="0.078"></testcase>
  <testcase classname="com.topcoder.management.phase.autopilot.failuretests.AutoPilotResultFailureTests" name="testAggregateDifferentProjectId" time="0.0"></testcase>
  <testcase classname="com.topcoder.management.phase.autopilot.failuretests.AutoPilotResultFailureTests" name="testConstructorNegativeEndedCount" time="0.0"></testcase>
  <testcase classname="com.topcoder.management.phase.autopilot.failuretests.AutoPilotResultFailureTests" name="testConstructorNegativeStartedCount" time="0.0"></testcase>
  <testcase classname="com.topcoder.management.phase.autopilot.failuretests.AutoPilotResultFailureTests" name="testAggregateNull" time="0.0"></testcase>
  <testcase classname="com.topcoder.management.phase.autopilot.failuretests.AutoPilotFailureTests" name="testAdvanceProjectNull" time="0.078"></testcase>
  <testcase classname="com.topcoder.management.phase.autopilot.failuretests.AutoPilotFailureTests" name="testConstructor1NoConfig" time="0.078"></testcase>
  <testcase classname="com.topcoder.management.phase.autopilot.failuretests.AutoPilotFailureTests" name="testConstructor2Null1" time="0.078"></testcase>
  <testcase classname="com.topcoder.management.phase.autopilot.failuretests.AutoPilotFailureTests" name="testConstructor2Null2" time="0.078"></testcase>
  <testcase classname="com.topcoder.management.phase.autopilot.failuretests.AutoPilotFailureTests" name="testConstructor2Null3" time="0.094"></testcase>
  <testcase classname="com.topcoder.management.phase.autopilot.failuretests.AutoPilotFailureTests" name="testConstructor2EmptyString1" time="0.094"></testcase>
  <testcase classname="com.topcoder.management.phase.autopilot.failuretests.AutoPilotFailureTests" name="testConstructor2EmptyString2" time="0.078"></testcase>
  <testcase classname="com.topcoder.management.phase.autopilot.failuretests.AutoPilotFailureTests" name="testConstructor2EmptyString3" time="0.078"></testcase>
  <testcase classname="com.topcoder.management.phase.autopilot.failuretests.AutoPilotFailureTests" name="testConstructor2EmptyString4" time="0.141"></testcase>
  <testcase classname="com.topcoder.management.phase.autopilot.failuretests.AutoPilotFailureTests" name="testConstructor2EmptyString5" time="0.093"></testcase>
  <testcase classname="com.topcoder.management.phase.autopilot.failuretests.AutoPilotFailureTests" name="testConstructor2EmptyString6" time="0.094"></testcase>
  <testcase classname="com.topcoder.management.phase.autopilot.failuretests.AutoPilotFailureTests" name="testConstructor2ConfigNoNamespace" time="0.063"></testcase>
  <testcase classname="com.topcoder.management.phase.autopilot.failuretests.AutoPilotFailureTests" name="testConstructor2ConfigLoop" time="0.078"></testcase>
  <testcase classname="com.topcoder.management.phase.autopilot.failuretests.AutoPilotFailureTests" name="testConstructor2ConfigWrongType" time="0.078"></testcase>
  <testcase classname="com.topcoder.management.phase.autopilot.failuretests.AutoPilotFailureTests" name="testConstructor3Null1" time="0.062"></testcase>
  <testcase classname="com.topcoder.management.phase.autopilot.failuretests.AutoPilotFailureTests" name="testConstructor3Null2" time="0.079"></testcase>
  <testcase classname="com.topcoder.management.phase.autopilot.failuretests.AutoPilotFailureTests" name="testConstructor2ConfigNoAutoPilotSource" time="0.125"></testcase>
  <testcase classname="com.topcoder.management.phase.autopilot.failuretests.AutoPilotFailureTests" name="testConstructor2ConfigNoProjectPilot" time="0.093"></testcase>
  <testcase classname="com.topcoder.management.phase.autopilot.failuretests.AutoPilotFailureTests" name="testAdvanceProjects1Null" time="0.078"></testcase>
  <testcase classname="com.topcoder.management.phase.autopilot.failuretests.AutoPilotFailureTests" name="testAdvanceProjects1EmptyString1" time="0.079"></testcase>
  <testcase classname="com.topcoder.management.phase.autopilot.failuretests.AutoPilotFailureTests" name="testAdvanceProjects1EmptyString2" time="0.109"></testcase>
  <testcase classname="com.topcoder.management.phase.autopilot.failuretests.AutoPilotFailureTests" name="testAdvanceProjects1AutoPilotSourceFail" time="0.078"></testcase>
  <testcase classname="com.topcoder.management.phase.autopilot.failuretests.AutoPilotFailureTests" name="testAdvanceProjects1ProjectPilotFail" time="0.109"></testcase>
  <testcase classname="com.topcoder.management.phase.autopilot.failuretests.AutoPilotFailureTests" name="testAdvanceProjects2Null1" time="0.079"></testcase>
  <testcase classname="com.topcoder.management.phase.autopilot.failuretests.AutoPilotFailureTests" name="testAdvanceProjects2Null2" time="0.093"></testcase>
  <testcase classname="com.topcoder.management.phase.autopilot.failuretests.AutoPilotFailureTests" name="testAdvanceProjects2EmptyString1" time="0.078"></testcase>
  <testcase classname="com.topcoder.management.phase.autopilot.failuretests.AutoPilotFailureTests" name="testAdvanceProjects2EmptyString2" time="0.094"></testcase>
  <testcase classname="com.topcoder.management.phase.autopilot.failuretests.AutoPilotFailureTests" name="testAdvanceProjects2ProjectPilotFail" time="0.078"></testcase>
  <testcase classname="com.topcoder.management.phase.autopilot.failuretests.AutoPilotFailureTests" name="testAdvanceProjectEmptyString1" time="0.078"></testcase>
  <testcase classname="com.topcoder.management.phase.autopilot.failuretests.AutoPilotFailureTests" name="testAdvanceProjectEmptyString2" time="0.079"></testcase>
  <testcase classname="com.topcoder.management.phase.autopilot.failuretests.AutoPilotFailureTests" name="testAdvanceProjectProjectPilotFail" time="0.062"></testcase>
  <testcase classname="com.topcoder.management.phase.autopilot.failuretests.AutoPilotJobFailureTests" name="testConstructor1NoConfig" time="0.078"></testcase>
  <testcase classname="com.topcoder.management.phase.autopilot.failuretests.AutoPilotJobFailureTests" name="testConstructor2Null1" time="0.078"></testcase>
  <testcase classname="com.topcoder.management.phase.autopilot.failuretests.AutoPilotJobFailureTests" name="testConstructor2Null2" time="0.078"></testcase>
  <testcase classname="com.topcoder.management.phase.autopilot.failuretests.AutoPilotJobFailureTests" name="testConstructor2EmptyString1" time="0.079"></testcase>
  <testcase classname="com.topcoder.management.phase.autopilot.failuretests.AutoPilotJobFailureTests" name="testConstructor2EmptyString2" time="0.062"></testcase>
  <testcase classname="com.topcoder.management.phase.autopilot.failuretests.AutoPilotJobFailureTests" name="testConstructor2EmptyString3" time="0.078"></testcase>
  <testcase classname="com.topcoder.management.phase.autopilot.failuretests.AutoPilotJobFailureTests" name="testConstructor2EmptyString4" time="0.078"></testcase>
  <testcase classname="com.topcoder.management.phase.autopilot.failuretests.AutoPilotJobFailureTests" name="testConstructor2ConfigNoNamespace" time="0.078"></testcase>
  <testcase classname="com.topcoder.management.phase.autopilot.failuretests.AutoPilotJobFailureTests" name="testConstructor2ConfigLoop" time="0.079"></testcase>
  <testcase classname="com.topcoder.management.phase.autopilot.failuretests.AutoPilotJobFailureTests" name="testConstructor2ConfigWrongType" time="0.062"></testcase>
  <testcase classname="com.topcoder.management.phase.autopilot.failuretests.AutoPilotJobFailureTests" name="testConstructor3Null1" time="0.078"></testcase>
  <testcase classname="com.topcoder.management.phase.autopilot.failuretests.AutoPilotJobFailureTests" name="testConstructor3Null2" time="0.078"></testcase>
  <testcase classname="com.topcoder.management.phase.autopilot.failuretests.AutoPilotJobFailureTests" name="testConstructor3EmptyString1" time="0.063"></testcase>
  <testcase classname="com.topcoder.management.phase.autopilot.failuretests.AutoPilotJobFailureTests" name="testConstructor3EmptyString2" time="0.109"></testcase>
  <testcase classname="com.topcoder.management.phase.autopilot.failuretests.AutoPilotJobFailureTests" name="testConstructor2ConfigNoAutoPilot" time="0.078"></testcase>
  <testcase classname="com.topcoder.management.phase.autopilot.failuretests.AutoPilotJobFailureTests" name="testCreateJobNull" time="0.078"></testcase>
  <testcase classname="com.topcoder.management.phase.autopilot.failuretests.AutoPilotJobFailureTests" name="testCreateJobEmptyString1" time="0.094"></testcase>
  <testcase classname="com.topcoder.management.phase.autopilot.failuretests.AutoPilotJobFailureTests" name="testCreateJobEmptyString2" time="0.078"></testcase>
  <testcase classname="com.topcoder.management.phase.autopilot.failuretests.AutoPilotJobFailureTests" name="testCreateJobNegativeInterval" time="0.063"></testcase>
  <testcase classname="com.topcoder.management.phase.autopilot.failuretests.AutoPilotJobFailureTests" name="testCreateJobZeroInterval" time="0.078"></testcase>
  <testcase classname="com.topcoder.management.phase.autopilot.failuretests.AutoPilotJobFailureTests" name="testScheduleNull1" time="0.078"></testcase>
  <testcase classname="com.topcoder.management.phase.autopilot.failuretests.AutoPilotJobFailureTests" name="testScheduleNull2" time="0.094"></testcase>
  <testcase classname="com.topcoder.management.phase.autopilot.failuretests.AutoPilotJobFailureTests" name="testScheduleEmptyString1" time="0.078"></testcase>
  <testcase classname="com.topcoder.management.phase.autopilot.failuretests.AutoPilotJobFailureTests" name="testScheduleEmptyString2" time="0.078"></testcase>
  <testcase classname="com.topcoder.management.phase.autopilot.failuretests.AutoPilotJobFailureTests" name="testScheduleEmptyString3" time="0.109"></testcase>
  <testcase classname="com.topcoder.management.phase.autopilot.failuretests.AutoPilotJobFailureTests" name="testScheduleEmptyString4" time="0.079"></testcase>
  <testcase classname="com.topcoder.management.phase.autopilot.failuretests.AutoPilotJobFailureTests" name="testScheduleNegativeInterval" time="0.078"></testcase>
  <testcase classname="com.topcoder.management.phase.autopilot.failuretests.AutoPilotJobFailureTests" name="testScheduleZeroInterval" time="0.078"></testcase>
  <testcase classname="com.topcoder.management.phase.autopilot.failuretests.AutoPilotJobFailureTests" name="testScheduleBadNamespace" time="0.078"></testcase>
  <testcase classname="com.topcoder.management.phase.autopilot.failuretests.AutoPilotJobFailureTests" name="testMainNull" time="0.078"></testcase>
  <testcase classname="com.topcoder.management.phase.autopilot.failuretests.AutoPilotJobFailureTests" name="testMainPollValidationFailure" time="0.094"></testcase>
  <testcase classname="com.topcoder.management.phase.autopilot.failuretests.AutoPilotJobFailureTests" name="testMainPollTooManyValues" time="0.078"></testcase>
  <testcase classname="com.topcoder.management.phase.autopilot.failuretests.AutoPilotJobFailureTests" name="testMainPollNegativeValue" time="0.078"></testcase>
  <testcase classname="com.topcoder.management.phase.autopilot.failuretests.AutoPilotJobFailureTests" name="testMainProjectValidationFailure" time="0.094"></testcase>
  <testcase classname="com.topcoder.management.phase.autopilot.failuretests.AutoPilotJobFailureTests" name="testMainConfigTooManyValues" time="0.078"></testcase>
  <testcase classname="com.topcoder.management.phase.autopilot.failuretests.AutoPilotJobFailureTests" name="testMainNamespaceTooManyValues" time="0.078"></testcase>
  <testcase classname="com.topcoder.management.phase.autopilot.failuretests.AutoPilotJobFailureTests" name="testMainAutopilotTooManyValues" time="0.063"></testcase>
  <testcase classname="com.topcoder.management.phase.autopilot.failuretests.AutoPilotJobFailureTests" name="testMainJobnameTooManyValues" time="0.078"></testcase>
  <testcase classname="com.topcoder.management.phase.autopilot.failuretests.AutoPilotJobFailureTests" name="testMainConfigFileNotExist" time="0.078"></testcase>
  <testcase classname="com.topcoder.management.phase.autopilot.failuretests.AutoPilotJobFailureTests" name="testMainPollAndProject" time="0.078"></testcase>
  <testcase classname="com.topcoder.management.phase.autopilot.failuretests.AutoPilotJobFailureTests" name="testMainNoPollAndProject" time="0.078"></testcase>
  <testcase classname="com.topcoder.management.phase.autopilot.failuretests.AutoPilotJobFailureTests" name="testMainWithNamespaceNoAutoPilotProjectMode" time="0.094"></testcase>
  <testcase classname="com.topcoder.management.phase.autopilot.failuretests.AutoPilotJobFailureTests" name="testMainWithAutoPilotNoNamespace" time="0.094"></testcase>
  <testcase classname="com.topcoder.management.phase.autopilot.failuretests.AutoPilotJobFailureTests" name="testRun1AutoPilotSourceFail" time="0.062"></testcase>
  <testcase classname="com.topcoder.management.phase.autopilot.failuretests.AutoPilotJobFailureTests" name="testRun1ProjectPilotFail" time="0.094"></testcase>
  <testcase classname="com.topcoder.management.phase.autopilot.failuretests.AutoPilotJobFailureTests" name="testRun2Null" time="0.078"></testcase>
  <testcase classname="com.topcoder.management.phase.autopilot.failuretests.AutoPilotJobFailureTests" name="testRun2ProjectPilotFail" time="0.062"></testcase>
  <testcase classname="com.topcoder.management.phase.autopilot.stresstests.AutoPilotStressTests" name="testAdvanceProjectsString" time="2.11"></testcase>
  <testcase classname="com.topcoder.management.phase.autopilot.stresstests.AutoPilotStressTests" name="testAdvanceProjectsLongArrayString" time="1.687"></testcase>
  <testcase classname="com.topcoder.management.phase.autopilot.stresstests.AutoPilotStressTests" name="testAdvanceProject" time="0.297"></testcase>
  <testcase classname="com.topcoder.management.phase.autopilot.stresstests.AutoPilotStressTests" name="testRun" time="1.781"></testcase>
  <testcase classname="com.topcoder.management.phase.autopilot.stresstests.AutoPilotStressTests" name="testSchedule" time="1.829"></testcase>
  <system-out><![CDATA[|      ProjectId      |    Ended    |    Started    |
|          2          |      0      |       0       |
|          4          |      0      |       0       |
|          1          |      0      |       0       |
|          3          |      0      |       0       |
|          5          |      0      |       0       |
Projects processed: 5
  ID: 2 –  ended: 0 started: 0
  ID: 4 –  ended: 0 started: 0
  ID: 1 –  ended: 0 started: 0
  ID: 3 –  ended: 0 started: 0
  ID: 5 –  ended: 0 started: 0
Test AutoPilot#advanceProjects(String) for 100000 times.
It took 2047 ms.

Test AutoPilot#advanceProjects(long[], String) for 100000 times.
It took 1672 ms.

Test AutoPilot#advanceProject(long, String) for 100000 times.
It took 281 ms.

Test AutoPilotJob#run() for 100000 times.
It took 1765 ms.

Test AutoPilotJob#schedule(String, String, int) for 100000 times.
It took 1813 ms.

]]></system-out>
  <system-err><![CDATA[Sun Aug 06 15:17:22 CST 2006 - 1 - 2:PhaseType#2 - END - Checker
Sun Aug 06 15:17:22 CST 2006 - 1 - 3:PhaseType#3 - START - Checker
Sun Aug 06 15:17:22 CST 2006 - 1 - 2:PhaseType#2 - END - Check
Sun Aug 06 15:17:22 CST 2006 - 1 - 3:PhaseType#3 - START - Check
Sun Aug 06 15:17:22 CST 2006 - 1 - 2:PhaseType#2 - END - Check
Sun Aug 06 15:17:22 CST 2006 - 1 - 3:PhaseType#3 - START - Check
This command line provides 2 functionalites:
 - run once (given a list of project ids or retrieve ids from AutoPilotSource)
 - poll mode (scheduled in background to run Auto Pilot every some intervals)

 The command line syntax is:
 java AutoPilotJob [-config configFile] [-namespace ns [-autopilot apKey]]
	(-poll [interval] [-jobname jobname] | -project [Id[, ...]])

    - configFile specifies the path to config files to be loaded into
        configuration manager. if not specified it's assumed the config file
        is preloaded.

    - ns and apKey are optional, it's used to instantiate AutoPilotJob for
    	project mode. ns is also used to instantiate the Scheduler. The
    	default	values are AutoPilotJob's full name & AutoPilot's full name
    	respectively.

    - poll and project These next options are mutually exclusive (to indicate
        two kinds of run-mode): It is an error if both poll/projects are
        specified or none are specified.

    A) Poll-mode - poll is used to define the interval in minutes, if interval
        is not specified, a default of 5 minutes is used. The autopilot job will
        be executed every this interval starting from midnight.
        - jobname is the job name, Job Scheduling will use this job name. The
            default value is 'AutoPilotJob'. It is optional and can only be
            specified if poll is specified. It is an error to specify this
            option without specifying -poll.
        - ns is used to instantiate the Scheduler. Optional. The default value
        	is AutoPilotJob's full name.
        - apKey is ignored.

    B) - project can be specified to process projects with the given ids. The
        project ids will be processed once and the application terminates, it
        doesn't go into poll mode. If no ids are given, AutoPilotSource is
        used instead.
	   - ns and apKey, must be specified or not at the same time, default to
		   AutoPilotJob's full name and AutoPilot's full name respectively.
Sun Aug 06 15:17:23 CST 2006 - 1 - 2:PhaseType#2 - END - Check
Sun Aug 06 15:17:23 CST 2006 - 1 - 3:PhaseType#3 - START - Check
Sun Aug 06 15:17:23 CST 2006 - 1 - 6:PhaseType#1 - END - Check
Sun Aug 06 15:17:23 CST 2006 - 2 - 11:PhaseType#1 - START - Check
Sun Aug 06 15:17:23 CST 2006 - 1 - 0:Null Phase Type - END - Check
com.topcoder.management.phase.autopilot.AutoPilotSourceException: test
	at com.topcoder.management.phase.autopilot.AutoPilotJobFailure$1.advanceProjects(AutoPilotJobFailure.java:206)
	at com.topcoder.management.phase.autopilot.AutoPilotJob.execute(AutoPilotJob.java:300)
	at com.topcoder.management.phase.autopilot.AutoPilotJob.run(AutoPilotJob.java:274)
	at com.topcoder.management.phase.autopilot.AutoPilotJobFailure.testRunVoidAutoPilotSourceException(AutoPilotJobFailure.java:212)
	at sun.reflect.NativeMethodAccessorImpl.invoke0(Native Method)
	at sun.reflect.NativeMethodAccessorImpl.invoke(NativeMethodAccessorImpl.java:39)
	at sun.reflect.DelegatingMethodAccessorImpl.invoke(DelegatingMethodAccessorImpl.java:25)
	at java.lang.reflect.Method.invoke(Method.java:324)
	at junit.framework.TestCase.runTest(TestCase.java:154)
	at junit.framework.TestCase.runBare(TestCase.java:127)
	at junit.framework.TestResult$1.protect(TestResult.java:106)
	at junit.framework.TestResult.runProtected(TestResult.java:124)
	at junit.framework.TestResult.run(TestResult.java:109)
	at junit.framework.TestCase.run(TestCase.java:118)
	at junit.framework.TestSuite.runTest(TestSuite.java:208)
	at junit.framework.TestSuite.run(TestSuite.java:203)
	at junit.framework.TestSuite.runTest(TestSuite.java:208)
	at junit.framework.TestSuite.run(TestSuite.java:203)
	at junit.framework.TestSuite.runTest(TestSuite.java:208)
	at junit.framework.TestSuite.run(TestSuite.java:203)
	at junit.framework.TestSuite.runTest(TestSuite.java:208)
	at junit.framework.TestSuite.run(TestSuite.java:203)
	at org.apache.tools.ant.taskdefs.optional.junit.JUnitTestRunner.run(JUnitTestRunner.java:289)
	at org.apache.tools.ant.taskdefs.optional.junit.JUnitTestRunner.launch(JUnitTestRunner.java:656)
	at org.apache.tools.ant.taskdefs.optional.junit.JUnitTestRunner.main(JUnitTestRunner.java:558)
com.topcoder.management.phase.autopilot.PhaseOperationException: test
	at com.topcoder.management.phase.autopilot.AutoPilotJobFailure$2.advanceProjects(AutoPilotJobFailure.java:231)
	at com.topcoder.management.phase.autopilot.AutoPilotJob.execute(AutoPilotJob.java:300)
	at com.topcoder.management.phase.autopilot.AutoPilotJob.run(AutoPilotJob.java:274)
	at com.topcoder.management.phase.autopilot.AutoPilotJobFailure.testRunVoidPhaseOperationException(AutoPilotJobFailure.java:237)
	at sun.reflect.NativeMethodAccessorImpl.invoke0(Native Method)
	at sun.reflect.NativeMethodAccessorImpl.invoke(NativeMethodAccessorImpl.java:39)
	at sun.reflect.DelegatingMethodAccessorImpl.invoke(DelegatingMethodAccessorImpl.java:25)
	at java.lang.reflect.Method.invoke(Method.java:324)
	at junit.framework.TestCase.runTest(TestCase.java:154)
	at junit.framework.TestCase.runBare(TestCase.java:127)
	at junit.framework.TestResult$1.protect(TestResult.java:106)
	at junit.framework.TestResult.runProtected(TestResult.java:124)
	at junit.framework.TestResult.run(TestResult.java:109)
	at junit.framework.TestCase.run(TestCase.java:118)
	at junit.framework.TestSuite.runTest(TestSuite.java:208)
	at junit.framework.TestSuite.run(TestSuite.java:203)
	at junit.framework.TestSuite.runTest(TestSuite.java:208)
	at junit.framework.TestSuite.run(TestSuite.java:203)
	at junit.framework.TestSuite.runTest(TestSuite.java:208)
	at junit.framework.TestSuite.run(TestSuite.java:203)
	at junit.framework.TestSuite.runTest(TestSuite.java:208)
	at junit.framework.TestSuite.run(TestSuite.java:203)
	at org.apache.tools.ant.taskdefs.optional.junit.JUnitTestRunner.run(JUnitTestRunner.java:289)
	at org.apache.tools.ant.taskdefs.optional.junit.JUnitTestRunner.launch(JUnitTestRunner.java:656)
	at org.apache.tools.ant.taskdefs.optional.junit.JUnitTestRunner.main(JUnitTestRunner.java:558)
This command line provides 2 functionalites:
 - run once (given a list of project ids or retrieve ids from AutoPilotSource)
 - poll mode (scheduled in background to run Auto Pilot every some intervals)

 The command line syntax is:
 java AutoPilotJob [-config configFile] [-namespace ns [-autopilot apKey]]
	(-poll [interval] [-jobname jobname] | -project [Id[, ...]])

    - configFile specifies the path to config files to be loaded into
        configuration manager. if not specified it's assumed the config file
        is preloaded.

    - ns and apKey are optional, it's used to instantiate AutoPilotJob for
    	project mode. ns is also used to instantiate the Scheduler. The
    	default	values are AutoPilotJob's full name & AutoPilot's full name
    	respectively.

    - poll and project These next options are mutually exclusive (to indicate
        two kinds of run-mode): It is an error if both poll/projects are
        specified or none are specified.

    A) Poll-mode - poll is used to define the interval in minutes, if interval
        is not specified, a default of 5 minutes is used. The autopilot job will
        be executed every this interval starting from midnight.
        - jobname is the job name, Job Scheduling will use this job name. The
            default value is 'AutoPilotJob'. It is optional and can only be
            specified if poll is specified. It is an error to specify this
            option without specifying -poll.
        - ns is used to instantiate the Scheduler. Optional. The default value
        	is AutoPilotJob's full name.
        - apKey is ignored.

    B) - project can be specified to process projects with the given ids. The
        project ids will be processed once and the application terminates, it
        doesn't go into poll mode. If no ids are given, AutoPilotSource is
        used instead.
	   - ns and apKey, must be specified or not at the same time, default to
		   AutoPilotJob's full name and AutoPilot's full name respectively.
This command line provides 2 functionalites:
 - run once (given a list of project ids or retrieve ids from AutoPilotSource)
 - poll mode (scheduled in background to run Auto Pilot every some intervals)

 The command line syntax is:
 java AutoPilotJob [-config configFile] [-namespace ns [-autopilot apKey]]
	(-poll [interval] [-jobname jobname] | -project [Id[, ...]])

    - configFile specifies the path to config files to be loaded into
        configuration manager. if not specified it's assumed the config file
        is preloaded.

    - ns and apKey are optional, it's used to instantiate AutoPilotJob for
    	project mode. ns is also used to instantiate the Scheduler. The
    	default	values are AutoPilotJob's full name & AutoPilot's full name
    	respectively.

    - poll and project These next options are mutually exclusive (to indicate
        two kinds of run-mode): It is an error if both poll/projects are
        specified or none are specified.

    A) Poll-mode - poll is used to define the interval in minutes, if interval
        is not specified, a default of 5 minutes is used. The autopilot job will
        be executed every this interval starting from midnight.
        - jobname is the job name, Job Scheduling will use this job name. The
            default value is 'AutoPilotJob'. It is optional and can only be
            specified if poll is specified. It is an error to specify this
            option without specifying -poll.
        - ns is used to instantiate the Scheduler. Optional. The default value
        	is AutoPilotJob's full name.
        - apKey is ignored.

    B) - project can be specified to process projects with the given ids. The
        project ids will be processed once and the application terminates, it
        doesn't go into poll mode. If no ids are given, AutoPilotSource is
        used instead.
	   - ns and apKey, must be specified or not at the same time, default to
		   AutoPilotJob's full name and AutoPilot's full name respectively.
This command line provides 2 functionalites:
 - run once (given a list of project ids or retrieve ids from AutoPilotSource)
 - poll mode (scheduled in background to run Auto Pilot every some intervals)

 The command line syntax is:
 java AutoPilotJob [-config configFile] [-namespace ns [-autopilot apKey]]
	(-poll [interval] [-jobname jobname] | -project [Id[, ...]])

    - configFile specifies the path to config files to be loaded into
        configuration manager. if not specified it's assumed the config file
        is preloaded.

    - ns and apKey are optional, it's used to instantiate AutoPilotJob for
    	project mode. ns is also used to instantiate the Scheduler. The
    	default	values are AutoPilotJob's full name & AutoPilot's full name
    	respectively.

    - poll and project These next options are mutually exclusive (to indicate
        two kinds of run-mode): It is an error if both poll/projects are
        specified or none are specified.

    A) Poll-mode - poll is used to define the interval in minutes, if interval
        is not specified, a default of 5 minutes is used. The autopilot job will
        be executed every this interval starting from midnight.
        - jobname is the job name, Job Scheduling will use this job name. The
            default value is 'AutoPilotJob'. It is optional and can only be
            specified if poll is specified. It is an error to specify this
            option without specifying -poll.
        - ns is used to instantiate the Scheduler. Optional. The default value
        	is AutoPilotJob's full name.
        - apKey is ignored.

    B) - project can be specified to process projects with the given ids. The
        project ids will be processed once and the application terminates, it
        doesn't go into poll mode. If no ids are given, AutoPilotSource is
        used instead.
	   - ns and apKey, must be specified or not at the same time, default to
		   AutoPilotJob's full name and AutoPilot's full name respectively.
This command line provides 2 functionalites:
 - run once (given a list of project ids or retrieve ids from AutoPilotSource)
 - poll mode (scheduled in background to run Auto Pilot every some intervals)

 The command line syntax is:
 java AutoPilotJob [-config configFile] [-namespace ns [-autopilot apKey]]
	(-poll [interval] [-jobname jobname] | -project [Id[, ...]])

    - configFile specifies the path to config files to be loaded into
        configuration manager. if not specified it's assumed the config file
        is preloaded.

    - ns and apKey are optional, it's used to instantiate AutoPilotJob for
    	project mode. ns is also used to instantiate the Scheduler. The
    	default	values are AutoPilotJob's full name & AutoPilot's full name
    	respectively.

    - poll and project These next options are mutually exclusive (to indicate
        two kinds of run-mode): It is an error if both poll/projects are
        specified or none are specified.

    A) Poll-mode - poll is used to define the interval in minutes, if interval
        is not specified, a default of 5 minutes is used. The autopilot job will
        be executed every this interval starting from midnight.
        - jobname is the job name, Job Scheduling will use this job name. The
            default value is 'AutoPilotJob'. It is optional and can only be
            specified if poll is specified. It is an error to specify this
            option without specifying -poll.
        - ns is used to instantiate the Scheduler. Optional. The default value
        	is AutoPilotJob's full name.
        - apKey is ignored.

    B) - project can be specified to process projects with the given ids. The
        project ids will be processed once and the application terminates, it
        doesn't go into poll mode. If no ids are given, AutoPilotSource is
        used instead.
	   - ns and apKey, must be specified or not at the same time, default to
		   AutoPilotJob's full name and AutoPilot's full name respectively.
This command line provides 2 functionalites:
 - run once (given a list of project ids or retrieve ids from AutoPilotSource)
 - poll mode (scheduled in background to run Auto Pilot every some intervals)

 The command line syntax is:
 java AutoPilotJob [-config configFile] [-namespace ns [-autopilot apKey]]
	(-poll [interval] [-jobname jobname] | -project [Id[, ...]])

[...]
        - jobname is the job name, Job Scheduling will use this job name. The
            default value is 'AutoPilotJob'. It is optional and can only be
            specified if poll is specified. It is an error to specify this
            option without specifying -poll.
        - ns is used to instantiate the Scheduler. Optional. The default value
        	is AutoPilotJob's full name.
        - apKey is ignored.

    B) - project can be specified to process projects with the given ids. The
        project ids will be processed once and the application terminates, it
        doesn't go into poll mode. If no ids are given, AutoPilotSource is
        used instead.
	   - ns and apKey, must be specified or not at the same time, default to
		   AutoPilotJob's full name and AutoPilot's full name respectively.
This command line provides 2 functionalites:
 - run once (given a list of project ids or retrieve ids from AutoPilotSource)
 - poll mode (scheduled in background to run Auto Pilot every some intervals)

 The command line syntax is:
 java AutoPilotJob [-config configFile] [-namespace ns [-autopilot apKey]]
	(-poll [interval] [-jobname jobname] | -project [Id[, ...]])

    - configFile specifies the path to config files to be loaded into
        configuration manager. if not specified it's assumed the config file
        is preloaded.

    - ns and apKey are optional, it's used to instantiate AutoPilotJob for
    	project mode. ns is also used to instantiate the Scheduler. The
    	default	values are AutoPilotJob's full name & AutoPilot's full name
    	respectively.

    - poll and project These next options are mutually exclusive (to indicate
        two kinds of run-mode): It is an error if both poll/projects are
        specified or none are specified.

    A) Poll-mode - poll is used to define the interval in minutes, if interval
        is not specified, a default of 5 minutes is used. The autopilot job will
        be executed every this interval starting from midnight.
        - jobname is the job name, Job Scheduling will use this job name. The
            default value is 'AutoPilotJob'. It is optional and can only be
            specified if poll is specified. It is an error to specify this
            option without specifying -poll.
        - ns is used to instantiate the Scheduler. Optional. The default value
        	is AutoPilotJob's full name.
        - apKey is ignored.

    B) - project can be specified to process projects with the given ids. The
        project ids will be processed once and the application terminates, it
        doesn't go into poll mode. If no ids are given, AutoPilotSource is
        used instead.
	   - ns and apKey, must be specified or not at the same time, default to
		   AutoPilotJob's full name and AutoPilot's full name respectively.
This command line provides 2 functionalites:
 - run once (given a list of project ids or retrieve ids from AutoPilotSource)
 - poll mode (scheduled in background to run Auto Pilot every some intervals)

 The command line syntax is:
 java AutoPilotJob [-config configFile] [-namespace ns [-autopilot apKey]]
	(-poll [interval] [-jobname jobname] | -project [Id[, ...]])

    - configFile specifies the path to config files to be loaded into
        configuration manager. if not specified it's assumed the config file
        is preloaded.

    - ns and apKey are optional, it's used to instantiate AutoPilotJob for
    	project mode. ns is also used to instantiate the Scheduler. The
    	default	values are AutoPilotJob's full name & AutoPilot's full name
    	respectively.

    - poll and project These next options are mutually exclusive (to indicate
        two kinds of run-mode): It is an error if both poll/projects are
        specified or none are specified.

    A) Poll-mode - poll is used to define the interval in minutes, if interval
        is not specified, a default of 5 minutes is used. The autopilot job will
        be executed every this interval starting from midnight.
        - jobname is the job name, Job Scheduling will use this job name. The
            default value is 'AutoPilotJob'. It is optional and can only be
            specified if poll is specified. It is an error to specify this
            option without specifying -poll.
        - ns is used to instantiate the Scheduler. Optional. The default value
        	is AutoPilotJob's full name.
        - apKey is ignored.

    B) - project can be specified to process projects with the given ids. The
        project ids will be processed once and the application terminates, it
        doesn't go into poll mode. If no ids are given, AutoPilotSource is
        used instead.
	   - ns and apKey, must be specified or not at the same time, default to
		   AutoPilotJob's full name and AutoPilot's full name respectively.
This command line provides 2 functionalites:
 - run once (given a list of project ids or retrieve ids from AutoPilotSource)
 - poll mode (scheduled in background to run Auto Pilot every some intervals)

 The command line syntax is:
 java AutoPilotJob [-config configFile] [-namespace ns [-autopilot apKey]]
	(-poll [interval] [-jobname jobname] | -project [Id[, ...]])

    - configFile specifies the path to config files to be loaded into
        configuration manager. if not specified it's assumed the config file
        is preloaded.

    - ns and apKey are optional, it's used to instantiate AutoPilotJob for
    	project mode. ns is also used to instantiate the Scheduler. The
    	default	values are AutoPilotJob's full name & AutoPilot's full name
    	respectively.

    - poll and project These next options are mutually exclusive (to indicate
        two kinds of run-mode): It is an error if both poll/projects are
        specified or none are specified.

    A) Poll-mode - poll is used to define the interval in minutes, if interval
        is not specified, a default of 5 minutes is used. The autopilot job will
        be executed every this interval starting from midnight.
        - jobname is the job name, Job Scheduling will use this job name. The
            default value is 'AutoPilotJob'. It is optional and can only be
            specified if poll is specified. It is an error to specify this
            option without specifying -poll.
        - ns is used to instantiate the Scheduler. Optional. The default value
        	is AutoPilotJob's full name.
        - apKey is ignored.

    B) - project can be specified to process projects with the given ids. The
        project ids will be processed once and the application terminates, it
        doesn't go into poll mode. If no ids are given, AutoPilotSource is
        used instead.
	   - ns and apKey, must be specified or not at the same time, default to
		   AutoPilotJob's full name and AutoPilot's full name respectively.
This command line provides 2 functionalites:
 - run once (given a list of project ids or retrieve ids from AutoPilotSource)
 - poll mode (scheduled in background to run Auto Pilot every some intervals)

 The command line syntax is:
 java AutoPilotJob [-config configFile] [-namespace ns [-autopilot apKey]]
	(-poll [interval] [-jobname jobname] | -project [Id[, ...]])

    - configFile specifies the path to config files to be loaded into
        configuration manager. if not specified it's assumed the config file
        is preloaded.

    - ns and apKey are optional, it's used to instantiate AutoPilotJob for
    	project mode. ns is also used to instantiate the Scheduler. The
    	default	values are AutoPilotJob's full name & AutoPilot's full name
    	respectively.

    - poll and project These next options are mutually exclusive (to indicate
        two kinds of run-mode): It is an error if both poll/projects are
        specified or none are specified.

    A) Poll-mode - poll is used to define the interval in minutes, if interval
        is not specified, a default of 5 minutes is used. The autopilot job will
        be executed every this interval starting from midnight.
        - jobname is the job name, Job Scheduling will use this job name. The
            default value is 'AutoPilotJob'. It is optional and can only be
            specified if poll is specified. It is an error to specify this
            option without specifying -poll.
        - ns is used to instantiate the Scheduler. Optional. The default value
        	is AutoPilotJob's full name.
        - apKey is ignored.

    B) - project can be specified to process projects with the given ids. The
        project ids will be processed once and the application terminates, it
        doesn't go into poll mode. If no ids are given, AutoPilotSource is
        used instead.
	   - ns and apKey, must be specified or not at the same time, default to
		   AutoPilotJob's full name and AutoPilot's full name respectively.
This command line provides 2 functionalites:
 - run once (given a list of project ids or retrieve ids from AutoPilotSource)
 - poll mode (scheduled in background to run Auto Pilot every some intervals)

 The command line syntax is:
 java AutoPilotJob [-config configFile] [-namespace ns [-autopilot apKey]]
	(-poll [interval] [-jobname jobname] | -project [Id[, ...]])

    - configFile specifies the path to config files to be loaded into
        configuration manager. if not specified it's assumed the config file
        is preloaded.

    - ns and apKey are optional, it's used to instantiate AutoPilotJob for
    	project mode. ns is also used to instantiate the Scheduler. The
    	default	values are AutoPilotJob's full name & AutoPilot's full name
    	respectively.

    - poll and project These next options are mutually exclusive (to indicate
        two kinds of run-mode): It is an error if both poll/projects are
        specified or none are specified.

    A) Poll-mode - poll is used to define the interval in minutes, if interval
        is not specified, a default of 5 minutes is used. The autopilot job will
        be executed every this interval starting from midnight.
        - jobname is the job name, Job Scheduling will use this job name. The
            default value is 'AutoPilotJob'. It is optional and can only be
            specified if poll is specified. It is an error to specify this
            option without specifying -poll.
        - ns is used to instantiate the Scheduler. Optional. The default value
        	is AutoPilotJob's full name.
        - apKey is ignored.

    B) - project can be specified to process projects with the given ids. The
        project ids will be processed once and the application terminates, it
        doesn't go into poll mode. If no ids are given, AutoPilotSource is
        used instead.
	   - ns and apKey, must be specified or not at the same time, default to
		   AutoPilotJob's full name and AutoPilot's full name respectively.
com.topcoder.management.phase.autopilot.AutoPilotSourceException: fail to search projects cause of persistence exception, caused by 
	at com.topcoder.management.phase.autopilot.impl.ActiveAutoPilotSource.getProjectIds(ActiveAutoPilotSource.java:325)
	at com.topcoder.management.phase.autopilot.AutoPilot.advanceProjects(AutoPilot.java:239)
	at com.topcoder.management.phase.autopilot.AutoPilotJob.execute(AutoPilotJob.java:300)
	at com.topcoder.management.phase.autopilot.AutoPilotJob.run(AutoPilotJob.java:274)
	at com.topcoder.management.phase.autopilot.failuretests.AutoPilotJobFailureTests.testRun1AutoPilotSourceFail(AutoPilotJobFailureTests.java:653)
	at sun.reflect.NativeMethodAccessorImpl.invoke0(Native Method)
	at sun.reflect.NativeMethodAccessorImpl.invoke(NativeMethodAccessorImpl.java:39)
	at sun.reflect.DelegatingMethodAccessorImpl.invoke(DelegatingMethodAccessorImpl.java:25)
	at java.lang.reflect.Method.invoke(Method.java:324)
	at junit.framework.TestCase.runTest(TestCase.java:154)
	at junit.framework.TestCase.runBare(TestCase.java:127)
	at junit.framework.TestResult$1.protect(TestResult.java:106)
	at junit.framework.TestResult.runProtected(TestResult.java:124)
	at junit.framework.TestResult.run(TestResult.java:109)
	at junit.framework.TestCase.run(TestCase.java:118)
	at junit.framework.TestSuite.runTest(TestSuite.java:208)
	at junit.framework.TestSuite.run(TestSuite.java:203)
	at junit.framework.TestSuite.runTest(TestSuite.java:208)
	at junit.framework.TestSuite.run(TestSuite.java:203)
	at junit.framework.TestSuite.runTest(TestSuite.java:208)
	at junit.framework.TestSuite.run(TestSuite.java:203)
	at org.apache.tools.ant.taskdefs.optional.junit.JUnitTestRunner.run(JUnitTestRunner.java:289)
	at org.apache.tools.ant.taskdefs.optional.junit.JUnitTestRunner.launch(JUnitTestRunner.java:656)
	at org.apache.tools.ant.taskdefs.optional.junit.JUnitTestRunner.main(JUnitTestRunner.java:558)
Caused by: com.topcoder.management.project.PersistenceException: 
	at com.topcoder.management.phase.autopilot.failuretests.MockProjectManager.searchProjects(MockProjectManager.java:107)
	at com.topcoder.management.phase.autopilot.impl.ActiveAutoPilotSource.getProjectIds(ActiveAutoPilotSource.java:321)
	... 23 more
Caused by:com.topcoder.management.project.PersistenceException: 
	at com.topcoder.management.phase.autopilot.failuretests.MockProjectManager.searchProjects(MockProjectManager.java:107)
	at com.topcoder.management.phase.autopilot.impl.ActiveAutoPilotSource.getProjectIds(ActiveAutoPilotSource.java:321)
	at com.topcoder.management.phase.autopilot.AutoPilot.advanceProjects(AutoPilot.java:239)
	at com.topcoder.management.phase.autopilot.AutoPilotJob.execute(AutoPilotJob.java:300)
	at com.topcoder.management.phase.autopilot.AutoPilotJob.run(AutoPilotJob.java:274)
	at com.topcoder.management.phase.autopilot.failuretests.AutoPilotJobFailureTests.testRun1AutoPilotSourceFail(AutoPilotJobFailureTests.java:653)
	at sun.reflect.NativeMethodAccessorImpl.invoke0(Native Method)
	at sun.reflect.NativeMethodAccessorImpl.invoke(NativeMethodAccessorImpl.java:39)
	at sun.reflect.DelegatingMethodAccessorImpl.invoke(DelegatingMethodAccessorImpl.java:25)
	at java.lang.reflect.Method.invoke(Method.java:324)
	at junit.framework.TestCase.runTest(TestCase.java:154)
	at junit.framework.TestCase.runBare(TestCase.java:127)
	at junit.framework.TestResult$1.protect(TestResult.java:106)
	at junit.framework.TestResult.runProtected(TestResult.java:124)
	at junit.framework.TestResult.run(TestResult.java:109)
	at junit.framework.TestCase.run(TestCase.java:118)
	at junit.framework.TestSuite.runTest(TestSuite.java:208)
	at junit.framework.TestSuite.run(TestSuite.java:203)
	at junit.framework.TestSuite.runTest(TestSuite.java:208)
	at junit.framework.TestSuite.run(TestSuite.java:203)
	at junit.framework.TestSuite.runTest(TestSuite.java:208)
	at junit.framework.TestSuite.run(TestSuite.java:203)
	at org.apache.tools.ant.taskdefs.optional.junit.JUnitTestRunner.run(JUnitTestRunner.java:289)
	at org.apache.tools.ant.taskdefs.optional.junit.JUnitTestRunner.launch(JUnitTestRunner.java:656)
	at org.apache.tools.ant.taskdefs.optional.junit.JUnitTestRunner.main(JUnitTestRunner.java:558)
com.topcoder.management.phase.autopilot.PhaseOperationException: fail to get phases cause of phase manager exception, caused by 
	at com.topcoder.management.phase.autopilot.impl.DefaultProjectPilot.advancePhases(DefaultProjectPilot.java:363)
	at com.topcoder.management.phase.autopilot.AutoPilot.advanceProject(AutoPilot.java:314)
	at com.topcoder.management.phase.autopilot.AutoPilot.advanceProjects(AutoPilot.java:280)
	at com.topcoder.management.phase.autopilot.AutoPilot.advanceProjects(AutoPilot.java:240)
	at com.topcoder.management.phase.autopilot.AutoPilotJob.execute(AutoPilotJob.java:300)
	at com.topcoder.management.phase.autopilot.AutoPilotJob.run(AutoPilotJob.java:274)
	at com.topcoder.management.phase.autopilot.failuretests.AutoPilotJobFailureTests.testRun1ProjectPilotFail(AutoPilotJobFailureTests.java:670)
	at sun.reflect.NativeMethodAccessorImpl.invoke0(Native Method)
	at sun.reflect.NativeMethodAccessorImpl.invoke(NativeMethodAccessorImpl.java:39)
	at sun.reflect.DelegatingMethodAccessorImpl.invoke(DelegatingMethodAccessorImpl.java:25)
	at java.lang.reflect.Method.invoke(Method.java:324)
	at junit.framework.TestCase.runTest(TestCase.java:154)
	at junit.framework.TestCase.runBare(TestCase.java:127)
	at junit.framework.TestResult$1.protect(TestResult.java:106)
	at junit.framework.TestResult.runProtected(TestResult.java:124)
	at junit.framework.TestResult.run(TestResult.java:109)
	at junit.framework.TestCase.run(TestCase.java:118)
	at junit.framework.TestSuite.runTest(TestSuite.java:208)
	at junit.framework.TestSuite.run(TestSuite.java:203)
	at junit.framework.TestSuite.runTest(TestSuite.java:208)
	at junit.framework.TestSuite.run(TestSuite.java:203)
	at junit.framework.TestSuite.runTest(TestSuite.java:208)
	at junit.framework.TestSuite.run(TestSuite.java:203)
	at org.apache.tools.ant.taskdefs.optional.junit.JUnitTestRunner.run(JUnitTestRunner.java:289)
	at org.apache.tools.ant.taskdefs.optional.junit.JUnitTestRunner.launch(JUnitTestRunner.java:656)
	at org.apache.tools.ant.taskdefs.optional.junit.JUnitTestRunner.main(JUnitTestRunner.java:558)
Caused by: com.topcoder.management.phase.PhaseManagementException: 
	at com.topcoder.management.phase.autopilot.failuretests.MockPhaseManager.getPhases(MockPhaseManager.java:135)
	at com.topcoder.management.phase.autopilot.impl.DefaultProjectPilot.advancePhases(DefaultProjectPilot.java:358)
	... 25 more
Caused by:com.topcoder.management.phase.PhaseManagementException: 
	at com.topcoder.management.phase.autopilot.failuretests.MockPhaseManager.getPhases(MockPhaseManager.java:135)
	at com.topcoder.management.phase.autopilot.impl.DefaultProjectPilot.advancePhases(DefaultProjectPilot.java:358)
	at com.topcoder.management.phase.autopilot.AutoPilot.advanceProject(AutoPilot.java:314)
	at com.topcoder.management.phase.autopilot.AutoPilot.advanceProjects(AutoPilot.java:280)
	at com.topcoder.management.phase.autopilot.AutoPilot.advanceProjects(AutoPilot.java:240)
	at com.topcoder.management.phase.autopilot.AutoPilotJob.execute(AutoPilotJob.java:300)
	at com.topcoder.management.phase.autopilot.AutoPilotJob.run(AutoPilotJob.java:274)
	at com.topcoder.management.phase.autopilot.failuretests.AutoPilotJobFailureTests.testRun1ProjectPilotFail(AutoPilotJobFailureTests.java:670)
	at sun.reflect.NativeMethodAccessorImpl.invoke0(Native Method)
	at sun.reflect.NativeMethodAccessorImpl.invoke(NativeMethodAccessorImpl.java:39)
	at sun.reflect.DelegatingMethodAccessorImpl.invoke(DelegatingMethodAccessorImpl.java:25)
	at java.lang.reflect.Method.invoke(Method.java:324)
	at junit.framework.TestCase.runTest(TestCase.java:154)
	at junit.framework.TestCase.runBare(TestCase.java:127)
	at junit.framework.TestResult$1.protect(TestResult.java:106)
	at junit.framework.TestResult.runProtected(TestResult.java:124)
	at junit.framework.TestResult.run(TestResult.java:109)
	at junit.framework.TestCase.run(TestCase.java:118)
	at junit.framework.TestSuite.runTest(TestSuite.java:208)
	at junit.framework.TestSuite.run(TestSuite.java:203)
	at junit.framework.TestSuite.runTest(TestSuite.java:208)
	at junit.framework.TestSuite.run(TestSuite.java:203)
	at junit.framework.TestSuite.runTest(TestSuite.java:208)
	at junit.framework.TestSuite.run(TestSuite.java:203)
	at org.apache.tools.ant.taskdefs.optional.junit.JUnitTestRunner.run(JUnitTestRunner.java:289)
	at org.apache.tools.ant.taskdefs.optional.junit.JUnitTestRunner.launch(JUnitTestRunner.java:656)
	at org.apache.tools.ant.taskdefs.optional.junit.JUnitTestRunner.main(JUnitTestRunner.java:558)
]]></system-err>
</testsuite>
