<?xml version="1.0" encoding="UTF-8" ?>
<testsuites>
  <testsuite errors="0" failures="0" hostname="PC001" id="0" name="AllTests" package="com.cronos.onlinereview.review.payment" tests="93" time="0.641" timestamp="2010-09-28T14:33:31">
      <properties>
[...]
</properties>

      <testcase classname="com.cronos.onlinereview.review.payment.Demo" name="testDemo" time="0.078" />

      <testcase classname="com.cronos.onlinereview.review.payment.impl.DefaultReviewPaymentCalculatorUnitTests" name="testCtor" time="0.015" />

      <testcase classname="com.cronos.onlinereview.review.payment.impl.DefaultReviewPaymentCalculatorUnitTests" name="test_configure_1" time="0.0" />

      <testcase classname="com.cronos.onlinereview.review.payment.impl.DefaultReviewPaymentCalculatorUnitTests" name="test_configure_2" time="0.016" />

      <testcase classname="com.cronos.onlinereview.review.payment.impl.DefaultReviewPaymentCalculatorUnitTests" name="test_configure_configNull" time="0.0" />

      <testcase classname="com.cronos.onlinereview.review.payment.impl.DefaultReviewPaymentCalculatorUnitTests" name="test_configure_loggerNameEmpty" time="0.0" />

      <testcase classname="com.cronos.onlinereview.review.payment.impl.DefaultReviewPaymentCalculatorUnitTests" name="test_configure_loggerNameNotString" time="0.016" />

      <testcase classname="com.cronos.onlinereview.review.payment.impl.DefaultReviewPaymentCalculatorUnitTests" name="test_configure_bonusPercentageEmpty" time="0.0" />

      <testcase classname="com.cronos.onlinereview.review.payment.impl.DefaultReviewPaymentCalculatorUnitTests" name="test_configure_bonusPercentageNotString" time="0.0" />

      <testcase classname="com.cronos.onlinereview.review.payment.impl.DefaultReviewPaymentCalculatorUnitTests" name="test_configure_bonusPercentageInvalid1" time="0.015" />

      <testcase classname="com.cronos.onlinereview.review.payment.impl.DefaultReviewPaymentCalculatorUnitTests" name="test_configure_bonusPercentageInvalid2" time="0.0" />

      <testcase classname="com.cronos.onlinereview.review.payment.impl.DefaultReviewPaymentCalculatorUnitTests" name="test_configure_bonusPercentageInvalid3" time="0.016" />

      <testcase classname="com.cronos.onlinereview.review.payment.impl.DefaultReviewPaymentCalculatorUnitTests" name="test_computeReviewPayment_1" time="0.0" />

      <testcase classname="com.cronos.onlinereview.review.payment.impl.DefaultReviewPaymentCalculatorUnitTests" name="test_computeReviewPayment_2" time="0.015" />

      <testcase classname="com.cronos.onlinereview.review.payment.impl.DefaultReviewPaymentCalculatorUnitTests" name="test_computeReviewPayment_3" time="0.0" />

      <testcase classname="com.cronos.onlinereview.review.payment.impl.DefaultReviewPaymentCalculatorUnitTests" name="test_computeReviewPayment_NoLogging" time="0.016" />

      <testcase classname="com.cronos.onlinereview.review.payment.impl.DefaultReviewPaymentCalculatorUnitTests" name="test_computeReviewPayment_primaryPaymentZero" time="0.0" />

      <testcase classname="com.cronos.onlinereview.review.payment.impl.DefaultReviewPaymentCalculatorUnitTests" name="test_computeReviewPayment_primaryPaymentZero_NoLogging" time="0.016" />

      <testcase classname="com.cronos.onlinereview.review.payment.impl.DefaultReviewPaymentCalculatorUnitTests" name="test_computeReviewPayment_secondaryPaymentPoolZero" time="0.0" />

      <testcase classname="com.cronos.onlinereview.review.payment.impl.DefaultReviewPaymentCalculatorUnitTests" name="test_computeReviewPayment_projectIdZero" time="0.015" />

      <testcase classname="com.cronos.onlinereview.review.payment.impl.DefaultReviewPaymentCalculatorUnitTests" name="test_computeReviewPayment_statisticsNull" time="0.0" />

      <testcase classname="com.cronos.onlinereview.review.payment.impl.DefaultReviewPaymentCalculatorUnitTests" name="test_computeReviewPayment_statisticsContainsNull" time="0.016" />

      <testcase classname="com.cronos.onlinereview.review.payment.impl.DefaultReviewPaymentCalculatorUnitTests" name="test_computeReviewPayment_statisticsLengthInvalid" time="0.0" />

      <testcase classname="com.cronos.onlinereview.review.payment.impl.DefaultReviewPaymentCalculatorUnitTests" name="test_computeReviewPayment_StatisticsTypeInvalid1" time="0.016" />

      <testcase classname="com.cronos.onlinereview.review.payment.impl.DefaultReviewPaymentCalculatorUnitTests" name="test_computeReviewPayment_StatisticsTypeInvalid2" time="0.0" />

      <testcase classname="com.cronos.onlinereview.review.payment.impl.DefaultReviewPaymentCalculatorUnitTests" name="test_computeReviewPayment_NoPrimaryReviewer" time="0.015" />

      <testcase classname="com.cronos.onlinereview.review.payment.impl.DefaultReviewPaymentCalculatorUnitTests" name="test_computeReviewPayment_MultiplePrimaryReviewers" time="0.0" />

      <testcase classname="com.cronos.onlinereview.review.payment.impl.DefaultReviewPaymentCalculatorUnitTests" name="test_computeReviewPayment_TimelineReliabilityInvalid1" time="0.0" />

      <testcase classname="com.cronos.onlinereview.review.payment.impl.DefaultReviewPaymentCalculatorUnitTests" name="test_computeReviewPayment_TimelineReliabilityInvalid2" time="0.0" />

      <testcase classname="com.cronos.onlinereview.review.payment.impl.DefaultReviewPaymentCalculatorUnitTests" name="test_computeReviewPayment_TimelineReliabilityInvalid3" time="0.0" />

      <testcase classname="com.cronos.onlinereview.review.payment.impl.DefaultReviewPaymentCalculatorUnitTests" name="test_computeReviewPayment_CoverageInvalid1" time="0.0" />

      <testcase classname="com.cronos.onlinereview.review.payment.impl.DefaultReviewPaymentCalculatorUnitTests" name="test_computeReviewPayment_CoverageInvalid2" time="0.0" />

      <testcase classname="com.cronos.onlinereview.review.payment.impl.DefaultReviewPaymentCalculatorUnitTests" name="test_computeReviewPayment_AccuracyInvalid1" time="0.0" />

      <testcase classname="com.cronos.onlinereview.review.payment.impl.DefaultReviewPaymentCalculatorUnitTests" name="test_computeReviewPayment_AccuracyInvalid2" time="0.0" />

      <testcase classname="com.cronos.onlinereview.review.payment.impl.DefaultReviewPaymentCalculatorUnitTests" name="test_computeReviewPayment_TotalEvaluationCoefficientInvalid1" time="0.0" />

      <testcase classname="com.cronos.onlinereview.review.payment.impl.DefaultReviewPaymentCalculatorUnitTests" name="test_computeReviewPayment_TotalEvaluationCoefficientInvalid2" time="0.0" />

      <testcase classname="com.cronos.onlinereview.review.payment.impl.DefaultReviewPaymentCalculatorUnitTests" name="test_computeReviewPayment_totalEvaluationCoefficientSumZero_NoLogging" time="0.0" />

      <testcase classname="com.cronos.onlinereview.review.payment.ReviewerPaymentUnitTests" name="testCtor" time="0.0" />

      <testcase classname="com.cronos.onlinereview.review.payment.ReviewerPaymentUnitTests" name="test_getReviewerId" time="0.0" />

      <testcase classname="com.cronos.onlinereview.review.payment.ReviewerPaymentUnitTests" name="test_setReviewerId" time="0.0" />

      <testcase classname="com.cronos.onlinereview.review.payment.ReviewerPaymentUnitTests" name="test_getProjectId" time="0.0" />

      <testcase classname="com.cronos.onlinereview.review.payment.ReviewerPaymentUnitTests" name="test_setProjectId" time="0.0" />

      <testcase classname="com.cronos.onlinereview.review.payment.ReviewerPaymentUnitTests" name="test_getPaymentAmount" time="0.0" />

      <testcase classname="com.cronos.onlinereview.review.payment.ReviewerPaymentUnitTests" name="test_setPaymentAmount" time="0.0" />

      <testcase classname="com.cronos.onlinereview.review.payment.ReviewPaymentCalculatorExceptionUnitTests" name="testInheritance" time="0.0" />

      <testcase classname="com.cronos.onlinereview.review.payment.ReviewPaymentCalculatorExceptionUnitTests" name="testCtor1" time="0.0" />

      <testcase classname="com.cronos.onlinereview.review.payment.ReviewPaymentCalculatorExceptionUnitTests" name="testCtor2" time="0.016" />

      <testcase classname="com.cronos.onlinereview.review.payment.ReviewPaymentCalculatorExceptionUnitTests" name="testCtor3" time="0.0" />

      <testcase classname="com.cronos.onlinereview.review.payment.ReviewPaymentCalculatorExceptionUnitTests" name="testCtor4" time="0.0" />

      <testcase classname="com.cronos.onlinereview.review.payment.InvalidReviewersStatisticsExceptionUnitTests" name="testInheritance" time="0.0" />

      <testcase classname="com.cronos.onlinereview.review.payment.InvalidReviewersStatisticsExceptionUnitTests" name="testCtor1" time="0.0" />

      <testcase classname="com.cronos.onlinereview.review.payment.InvalidReviewersStatisticsExceptionUnitTests" name="testCtor2" time="0.0" />

      <testcase classname="com.cronos.onlinereview.review.payment.InvalidReviewersStatisticsExceptionUnitTests" name="testCtor3" time="0.0" />

      <testcase classname="com.cronos.onlinereview.review.payment.InvalidReviewersStatisticsExceptionUnitTests" name="testCtor4" time="0.0" />

      <testcase classname="com.cronos.onlinereview.review.payment.ReviewPaymentCalculatorConfigurationExceptionUnitTests" name="testInheritance" time="0.0" />

      <testcase classname="com.cronos.onlinereview.review.payment.ReviewPaymentCalculatorConfigurationExceptionUnitTests" name="testCtor1" time="0.0" />

      <testcase classname="com.cronos.onlinereview.review.payment.ReviewPaymentCalculatorConfigurationExceptionUnitTests" name="testCtor2" time="0.0" />

      <testcase classname="com.cronos.onlinereview.review.payment.ReviewPaymentCalculatorConfigurationExceptionUnitTests" name="testCtor3" time="0.0" />

      <testcase classname="com.cronos.onlinereview.review.payment.ReviewPaymentCalculatorConfigurationExceptionUnitTests" name="testCtor4" time="0.0" />

      <testcase classname="com.cronos.onlinereview.review.payment.accuracytests.InvalidReviewersStatisticsExceptionAccuracyTests" name="testInvalidReviewersStatisticsExceptionString" time="0.0" />

      <testcase classname="com.cronos.onlinereview.review.payment.accuracytests.InvalidReviewersStatisticsExceptionAccuracyTests" name="testInvalidReviewersStatisticsExceptionStringThrowable" time="0.0" />

      <testcase classname="com.cronos.onlinereview.review.payment.accuracytests.InvalidReviewersStatisticsExceptionAccuracyTests" name="testInvalidReviewersStatisticsExceptionStringExceptionData" time="0.0" />

      <testcase classname="com.cronos.onlinereview.review.payment.accuracytests.InvalidReviewersStatisticsExceptionAccuracyTests" name="testInvalidReviewersStatisticsExceptionStringThrowableExceptionData" time="0.0" />

      <testcase classname="com.cronos.onlinereview.review.payment.accuracytests.ReviewPaymentCalculatorExceptionAccuracyTests" name="testReviewPaymentCalculatorExceptionString" time="0.0" />

      <testcase classname="com.cronos.onlinereview.review.payment.accuracytests.ReviewPaymentCalculatorExceptionAccuracyTests" name="testReviewPaymentCalculatorExceptionStringThrowable" time="0.0" />

      <testcase classname="com.cronos.onlinereview.review.payment.accuracytests.ReviewPaymentCalculatorExceptionAccuracyTests" name="testReviewPaymentCalculatorExceptionStringExceptionData" time="0.0" />

      <testcase classname="com.cronos.onlinereview.review.payment.accuracytests.ReviewPaymentCalculatorExceptionAccuracyTests" name="testReviewPaymentCalculatorExceptionStringThrowableExceptionData" time="0.0" />

      <testcase classname="com.cronos.onlinereview.review.payment.accuracytests.ReviewPaymentCalculatorConfigurationExceptionAccuracyTests" name="testReviewPaymentCalculatorConfigurationExceptionString" time="0.0" />

      <testcase classname="com.cronos.onlinereview.review.payment.accuracytests.ReviewPaymentCalculatorConfigurationExceptionAccuracyTests" name="testReviewPaymentCalculatorConfigurationExceptionStringThrowable" time="0.0" />

      <testcase classname="com.cronos.onlinereview.review.payment.accuracytests.ReviewPaymentCalculatorConfigurationExceptionAccuracyTests" name="testReviewPaymentCalculatorConfigurationExceptionStringExceptionData" time="0.0" />

      <testcase classname="com.cronos.onlinereview.review.payment.accuracytests.ReviewPaymentCalculatorConfigurationExceptionAccuracyTests" name="testReviewPaymentCalculatorConfigurationExceptionStringThrowableExceptionData" time="0.0" />

      <testcase classname="com.cronos.onlinereview.review.payment.accuracytests.ReviewerPaymentAccuracyTests" name="testSetGetReviewerIdAccuracy" time="0.0" />

      <testcase classname="com.cronos.onlinereview.review.payment.accuracytests.ReviewerPaymentAccuracyTests" name="testSetGetProjectIdAccuracy" time="0.0" />

      <testcase classname="com.cronos.onlinereview.review.payment.accuracytests.ReviewerPaymentAccuracyTests" name="testSetGetPaymentAmountAccuracy" time="0.0" />

      <testcase classname="com.cronos.onlinereview.review.payment.accuracytests.DefaultReviewPaymentCalculatorAccuracyTests" name="testConfigureLoggerName" time="0.0" />

      <testcase classname="com.cronos.onlinereview.review.payment.accuracytests.DefaultReviewPaymentCalculatorAccuracyTests" name="testConfigureBonusPercentage" time="0.0" />

      <testcase classname="com.cronos.onlinereview.review.payment.accuracytests.DefaultReviewPaymentCalculatorAccuracyTests" name="testComputePrimaryReviewerPayment" time="0.0" />

      <testcase classname="com.cronos.onlinereview.review.payment.accuracytests.DefaultReviewPaymentCalculatorAccuracyTests" name="testComputeAccuracyReviewerPayment" time="0.0" />

      <testcase classname="com.cronos.onlinereview.review.payment.accuracytests.DefaultReviewPaymentCalculatorAccuracyTests" name="testComputeStressReviewerPayment" time="0.0" />

      <testcase classname="com.cronos.onlinereview.review.payment.failuretests.DefaultReviewPaymentCalculatorFailureTest" name="test_configure" time="0.0" />

      <testcase classname="com.cronos.onlinereview.review.payment.failuretests.DefaultReviewPaymentCalculatorFailureTest" name="test_configure2" time="0.0" />

      <testcase classname="com.cronos.onlinereview.review.payment.failuretests.DefaultReviewPaymentCalculatorFailureTest" name="test_configure3" time="0.0" />

      <testcase classname="com.cronos.onlinereview.review.payment.failuretests.DefaultReviewPaymentCalculatorFailureTest" name="test_configure5" time="0.0" />

      <testcase classname="com.cronos.onlinereview.review.payment.failuretests.DefaultReviewPaymentCalculatorFailureTest" name="test_computeReviewPayment1" time="0.015" />

      <testcase classname="com.cronos.onlinereview.review.payment.failuretests.DefaultReviewPaymentCalculatorFailureTest" name="test_computeReviewPayment2" time="0.0" />

      <testcase classname="com.cronos.onlinereview.review.payment.failuretests.DefaultReviewPaymentCalculatorFailureTest" name="test_computeReviewPayment3" time="0.0" />

      <testcase classname="com.cronos.onlinereview.review.payment.failuretests.DefaultReviewPaymentCalculatorFailureTest" name="test_computeReviewPayment4" time="0.0" />

      <testcase classname="com.cronos.onlinereview.review.payment.failuretests.DefaultReviewPaymentCalculatorFailureTest" name="test_computeReviewPayment5" time="0.0" />

      <testcase classname="com.cronos.onlinereview.review.payment.failuretests.DefaultReviewPaymentCalculatorFailureTest" name="test_computeReviewPayment6" time="0.0" />

      <testcase classname="com.cronos.onlinereview.review.payment.failuretests.DefaultReviewPaymentCalculatorFailureTest" name="test_computeReviewPayment7" time="0.0" />

      <testcase classname="com.cronos.onlinereview.review.payment.failuretests.DefaultReviewPaymentCalculatorFailureTest" name="test_computeReviewPayment8" time="0.0" />

      <testcase classname="com.cronos.onlinereview.review.payment.failuretests.DefaultReviewPaymentCalculatorFailureTest" name="test_computeReviewPayment9" time="0.0" />

      <testcase classname="com.cronos.onlinereview.review.payment.stresstests.DefaultReviewPaymentCalculatorStressTest" name="test_test" time="0.016" />

      <system-out><![CDATA[Run computeReviewPayment for 50 times takes 16ms
]]></system-out>

      <system-err><![CDATA[Entering method [com.cronos.onlinereview.review.payment.impl.DefaultReviewPaymentCalculator.computeReviewPayment(long projectId, double primaryPayment, double secondaryPaymentPool, ReviewerStatistics[] statistics)].
The parameters: {projectId=1, primaryPayment=120.0, secondaryPaymentPool=200.0, statistics=[com.topcoder.management.resource.ReviewerStatistics {creationUser=null, creationTimestamp=null, modificationUser=null, modificationTimestamp=null, id=0, accuracy=-1.0, coverage=-1.0, timelineReliability=0.85, totalEvaluationCoefficient=-1.0, reviewerId=1001, competitionTypeId=0, projectId=1, statisticsType=HISTORY, eligibilityPoints=0.0}, com.topcoder.management.resource.ReviewerStatistics {creationUser=null, creationTimestamp=null, modificationUser=null, modificationTimestamp=null, id=0, accuracy=0.85, coverage=0.61, timelineReliability=1.0, totalEvaluationCoefficient=-1.0, reviewerId=1002, competitionTypeId=0, projectId=1, statisticsType=HISTORY, eligibilityPoints=0.0}, com.topcoder.management.resource.ReviewerStatistics {creationUser=null, creationTimestamp=null, modificationUser=null, modificationTimestamp=null, id=0, accuracy=1.0, coverage=0.39, timelineReliability=0.74, totalEvaluationCoefficient=-1.0, reviewerId=1003, competitionTypeId=0, projectId=1, statisticsType=HISTORY, eligibilityPoints=0.0}]}
Exiting method [com.cronos.onlinereview.review.payment.impl.DefaultReviewPaymentCalculator.computeReviewPayment(long projectId, double primaryPayment, double secondaryPaymentPool, ReviewerStatistics[] statistics)], time spent in the method: 16 milliseconds.
The return value: [com.cronos.onlinereview.review.payment.ReviewerPayment {reviewerId=1001, projectId=1, paymentAmount=102.0}, com.cronos.onlinereview.review.payment.ReviewerPayment {reviewerId=1002, projectId=1, paymentAmount=142.7877586420518}, com.cronos.onlinereview.review.payment.ReviewerPayment {reviewerId=1003, projectId=1, paymentAmount=57.212241357948216}]
Entering method [com.cronos.onlinereview.review.payment.impl.DefaultReviewPaymentCalculator.computeReviewPayment(long projectId, double primaryPayment, double secondaryPaymentPool, ReviewerStatistics[] statistics)].
The parameters: {projectId=1, primaryPayment=120.0, secondaryPaymentPool=200.0, statistics=[com.topcoder.management.resource.ReviewerStatistics {creationUser=null, creationTimestamp=null, modificationUser=null, modificationTimestamp=null, id=0, accuracy=-1.0, coverage=-1.0, timelineReliability=0.85, totalEvaluationCoefficient=-1.0, reviewerId=1001, competitionTypeId=0, projectId=1, statisticsType=HISTORY, eligibilityPoints=0.0}, com.topcoder.management.resource.ReviewerStatistics {creationUser=null, creationTimestamp=null, modificationUser=null, modificationTimestamp=null, id=0, accuracy=0.85, coverage=0.61, timelineReliability=1.0, totalEvaluationCoefficient=-1.0, reviewerId=1002, competitionTypeId=0, projectId=1, statisticsType=HISTORY, eligibilityPoints=0.0}, com.topcoder.management.resource.ReviewerStatistics {creationUser=null, creationTimestamp=null, modificationUser=null, modificationTimestamp=null, id=0, accuracy=1.0, coverage=0.39, timelineReliability=0.74, totalEvaluationCoefficient=-1.0, reviewerId=1003, competitionTypeId=0, projectId=1, statisticsType=HISTORY, eligibilityPoints=0.0}]}
Exiting method [com.cronos.onlinereview.review.payment.impl.DefaultReviewPaymentCalculator.computeReviewPayment(long projectId, double primaryPayment, double secondaryPaymentPool, ReviewerStatistics[] statistics)], time spent in the method: 0 milliseconds.
The return value: [com.cronos.onlinereview.review.payment.ReviewerPayment {reviewerId=1001, projectId=1, paymentAmount=102.0}, com.cronos.onlinereview.review.payment.ReviewerPayment {reviewerId=1002, projectId=1, paymentAmount=142.7877586420518}, com.cronos.onlinereview.review.payment.ReviewerPayment {reviewerId=1003, projectId=1, paymentAmount=57.212241357948216}]
Entering method [com.cronos.onlinereview.review.payment.impl.DefaultReviewPaymentCalculator.computeReviewPayment(long projectId, double primaryPayment, double secondaryPaymentPool, ReviewerStatistics[] statistics)].
The parameters: {projectId=1, primaryPayment=120.0, secondaryPaymentPool=200.0, statistics=[com.topcoder.management.resource.ReviewerStatistics {creationUser=null, creationTimestamp=null, modificationUser=null, modificationTimestamp=null, id=0, accuracy=-1.0, coverage=-1.0, timelineReliability=0.85, totalEvaluationCoefficient=-1.0, reviewerId=1001, competitionTypeId=0, projectId=1, statisticsType=HISTORY, eligibilityPoints=0.0}, com.topcoder.management.resource.ReviewerStatistics {creationUser=null, creationTimestamp=null, modificationUser=null, modificationTimestamp=null, id=0, accuracy=0.85, coverage=0.61, timelineReliability=1.0, totalEvaluationCoefficient=0.5185, reviewerId=1002, competitionTypeId=0, projectId=1, statisticsType=HISTORY, eligibilityPoints=0.0}, com.topcoder.management.resource.ReviewerStatistics {creationUser=null, creationTimestamp=null, modificationUser=null, modificationTimestamp=null, id=0, accuracy=1.0, coverage=0.39, timelineReliability=0.74, totalEvaluationCoefficient=-1.0, reviewerId=1003, competitionTypeId=0, projectId=1, statisticsType=HISTORY, eligibilityPoints=0.0}]}
Exiting method [com.cronos.onlinereview.review.payment.impl.DefaultReviewPaymentCalculator.computeReviewPayment(long projectId, double primaryPayment, double secondaryPaymentPool, ReviewerStatistics[] statistics)], time spent in the method: 0 milliseconds.
The return value: [com.cronos.onlinereview.review.payment.ReviewerPayment {reviewerId=1001, projectId=1, paymentAmount=102.0}, com.cronos.onlinereview.review.payment.ReviewerPayment {reviewerId=1002, projectId=1, paymentAmount=142.7877586420518}, com.cronos.onlinereview.review.payment.ReviewerPayment {reviewerId=1003, projectId=1, paymentAmount=57.212241357948216}]
Entering method [com.cronos.onlinereview.review.payment.impl.DefaultReviewPaymentCalculator.computeReviewPayment(long projectId, double primaryPayment, double secondaryPaymentPool, ReviewerStatistics[] statistics)].
The parameters: {projectId=1, primaryPayment=120.0, secondaryPaymentPool=200.0, statistics=[com.topcoder.management.resource.ReviewerStatistics {creationUser=null, creationTimestamp=null, modificationUser=null, modificationTimestamp=null, id=0, accuracy=-1.0, coverage=-1.0, timelineReliability=0.85, totalEvaluationCoefficient=-1.0, reviewerId=1001, competitionTypeId=0, projectId=1, statisticsType=HISTORY, eligibilityPoints=0.0}, com.topcoder.management.resource.ReviewerStatistics {creationUser=null, creationTimestamp=null, modificationUser=null, modificationTimestamp=null, id=0, accuracy=0.85, coverage=0.61, timelineReliability=1.0, totalEvaluationCoefficient=-1.0, reviewerId=1002, competitionTypeId=0, projectId=1, statisticsType=HISTORY, eligibilityPoints=0.0}, com.topcoder.management.resource.ReviewerStatistics {creationUser=null, creationTimestamp=null, modificationUser=null, modificationTimestamp=null, id=0, accuracy=1.0, coverage=0.39, timelineReliability=0.74, totalEvaluationCoefficient=-1.0, reviewerId=1003, competitionTypeId=0, projectId=1, statisticsType=HISTORY, eligibilityPoints=0.0}, com.topcoder.management.resource.ReviewerStatistics {creationUser=null, creationTimestamp=null, modificationUser=null, modificationTimestamp=null, id=0, accuracy=1.0, coverage=0.39, timelineReliability=0.74, totalEvaluationCoefficient=-1.0, reviewerId=1004, competitionTypeId=0, projectId=1, statisticsType=HISTORY, eligibilityPoints=0.0}]}
Exiting method [com.cronos.onlinereview.review.payment.impl.DefaultReviewPaymentCalculator.computeReviewPayment(long projectId, double primaryPayment, double secondaryPaymentPool, ReviewerStatistics[] statistics)], time spent in the method: 0 milliseconds.
The return value: [com.cronos.onlinereview.review.payment.ReviewerPayment {reviewerId=1001, projectId=1, paymentAmount=102.0}, com.cronos.onlinereview.review.payment.ReviewerPayment {reviewerId=1002, projectId=1, paymentAmount=115.71415533448936}, com.cronos.onlinereview.review.payment.ReviewerPayment {reviewerId=1003, projectId=1, paymentAmount=42.14292233275532}, com.cronos.onlinereview.review.payment.ReviewerPayment {reviewerId=1004, projectId=1, paymentAmount=42.14292233275532}]
Entering method [com.cronos.onlinereview.review.payment.impl.DefaultReviewPaymentCalculator.computeReviewPayment(long projectId, double primaryPayment, double secondaryPaymentPool, ReviewerStatistics[] statistics)].
The parameters: {projectId=1, primaryPayment=0.0, secondaryPaymentPool=200.0, statistics=[com.topcoder.management.resource.ReviewerStatistics {creationUser=null, creationTimestamp=null, modificationUser=null, modificationTimestamp=null, id=0, accuracy=-1.0, coverage=-1.0, timelineReliability=0.85, totalEvaluationCoefficient=-1.0, reviewerId=1001, competitionTypeId=0, projectId=1, statisticsType=HISTORY, eligibilityPoints=0.0}, com.topcoder.management.resource.ReviewerStatistics {creationUser=null, creationTimestamp=null, modificationUser=null, modificationTimestamp=null, id=0, accuracy=0.85, coverage=0.61, timelineReliability=1.0, totalEvaluationCoefficient=-1.0, reviewerId=1002, competitionTypeId=0, projectId=1, statisticsType=HISTORY, eligibilityPoints=0.0}, com.topcoder.management.resource.ReviewerStatistics {creationUser=null, creationTimestamp=null, modificationUser=null, modificationTimestamp=null, id=0, accuracy=1.0, coverage=0.39, timelineReliability=0.74, totalEvaluationCoefficient=-1.0, reviewerId=1003, competitionTypeId=0, projectId=1, statisticsType=HISTORY, eligibilityPoints=0.0}]}
Error in method [com.cronos.onlinereview.review.payment.impl.DefaultReviewPaymentCalculator.computeReviewPayment(long projectId, double primaryPayment, double secondaryPaymentPool, ReviewerStatistics[] statistics)], details: IllegalArgumentException is thrown.
java.lang.IllegalArgumentException: 'primaryPayment' should be a positive number.
	at com.cronos.onlinereview.review.payment.impl.DefaultReviewPaymentCalculator.checkPositive(DefaultReviewPaymentCalculator.java:523)
	at com.cronos.onlinereview.review.payment.impl.DefaultReviewPaymentCalculator.computeReviewPayment(DefaultReviewPaymentCalculator.java:332)
	at com.cronos.onlinereview.review.payment.impl.DefaultReviewPaymentCalculatorUnitTests.test_computeReviewPayment_primaryPaymentZero(DefaultReviewPaymentCalculatorUnitTests.java:446)
	at sun.reflect.NativeMethodAccessorImpl.invoke0(Native Method)
	at sun.reflect.NativeMethodAccessorImpl.invoke(NativeMethodAccessorImpl.java:39)
	at sun.reflect.DelegatingMethodAccessorImpl.invoke(DelegatingMethodAccessorImpl.java:25)
	at java.lang.reflect.Method.invoke(Method.java:592)
	at org.junit.runners.model.FrameworkMethod$1.runReflectiveCall(FrameworkMethod.java:44)
	at org.junit.internal.runners.model.ReflectiveCallable.run(ReflectiveCallable.java:15)
	at org.junit.runners.model.FrameworkMethod.invokeExplosively(FrameworkMethod.java:41)
	at org.junit.internal.runners.statements.InvokeMethod.evaluate(InvokeMethod.java:20)
	at org.junit.internal.runners.statements.ExpectException.evaluate(ExpectException.java:22)
	at org.junit.internal.runners.statements.RunBefores.evaluate(RunBefores.java:28)
	at org.junit.internal.runners.statements.RunAfters.evaluate(RunAfters.java:31)
	at org.junit.runners.BlockJUnit4ClassRunner.runChild(BlockJUnit4ClassRunner.java:73)
	at org.junit.runners.BlockJUnit4ClassRunner.runChild(BlockJUnit4ClassRunner.java:46)
	at org.junit.runners.ParentRunner.runChildren(ParentRunner.java:180)
	at org.junit.runners.ParentRunner.access$000(ParentRunner.java:41)
	at org.junit.runners.ParentRunner$1.evaluate(ParentRunner.java:173)
	at org.junit.internal.runners.statements.RunBefores.evaluate(RunBefores.java:28)
	at org.junit.internal.runners.statements.RunAfters.evaluate(RunAfters.java:31)
	at org.junit.runners.ParentRunner.run(ParentRunner.java:220)
	at junit.framework.JUnit4TestAdapter.run(JUnit4TestAdapter.java:39)
	at junit.framework.TestSuite.runTest(TestSuite.java:232)
	at junit.framework.TestSuite.run(TestSuite.java:227)
	at junit.framework.TestSuite.runTest(TestSuite.java:232)
	at junit.framework.TestSuite.run(TestSuite.java:227)
	at org.apache.tools.ant.taskdefs.optional.junit.JUnitTestRunner.run(JUnitTestRunner.java:421)
	at org.apache.tools.ant.taskdefs.optional.junit.JUnitTestRunner.launch(JUnitTestRunner.java:912)
	at org.apache.tools.ant.taskdefs.optional.junit.JUnitTestRunner.main(JUnitTestRunner.java:766)

Entering method [com.cronos.onlinereview.review.payment.impl.DefaultReviewPaymentCalculator.computeReviewPayment(long projectId, double primaryPayment, double secondaryPaymentPool, ReviewerStatistics[] statistics)].
The parameters: {projectId=1, primaryPayment=120.0, secondaryPaymentPool=0.0, statistics=[com.topcoder.management.resource.ReviewerStatistics {creationUser=null, creationTimestamp=null, modificationUser=null, modificationTimestamp=null, id=0, accuracy=-1.0, coverage=-1.0, timelineReliability=0.85, totalEvaluationCoefficient=-1.0, reviewerId=1001, competitionTypeId=0, projectId=1, statisticsType=HISTORY, eligibilityPoints=0.0}, com.topcoder.management.resource.ReviewerStatistics {creationUser=null, creationTimestamp=null, modificationUser=null, modificationTimestamp=null, id=0, accuracy=0.85, coverage=0.61, timelineReliability=1.0, totalEvaluationCoefficient=-1.0, reviewerId=1002, competitionTypeId=0, projectId=1, statisticsType=HISTORY, eligibilityPoints=0.0}, com.topcoder.management.resource.ReviewerStatistics {creationUser=null, creationTimestamp=null, modificationUser=null, modificationTimestamp=null, id=0, accuracy=1.0, coverage=0.39, timelineReliability=0.74, totalEvaluationCoefficient=-1.0, reviewerId=1003, competitionTypeId=0, projectId=1, statisticsType=HISTORY, eligibilityPoints=0.0}]}
Error in method [com.cronos.onlinereview.review.payment.impl.DefaultReviewPaymentCalculator.computeReviewPayment(long projectId, double primaryPayment, double secondaryPaymentPool, ReviewerStatistics[] statistics)], details: IllegalArgumentException is thrown.
java.lang.IllegalArgumentException: 'secondaryPaymentPool' should be a positive number.
	at com.cronos.onlinereview.review.payment.impl.DefaultReviewPaymentCalculator.checkPositive(DefaultReviewPaymentCalculator.java:523)
	at com.cronos.onlinereview.review.payment.impl.DefaultReviewPaymentCalculator.computeReviewPayment(DefaultReviewPaymentCalculator.java:333)
	at com.cronos.onlinereview.review.payment.impl.DefaultReviewPaymentCalculatorUnitTests.test_computeReviewPayment_secondaryPaymentPoolZero(DefaultReviewPaymentCalculatorUnitTests.java:484)
	at sun.reflect.NativeMethodAccessorImpl.invoke0(Native Method)
	at sun.reflect.NativeMethodAccessorImpl.invoke(NativeMethodAccessorImpl.java:39)
	at sun.reflect.DelegatingMethodAccessorImpl.invoke(DelegatingMethodAccessorImpl.java:25)
	at java.lang.reflect.Method.invoke(Method.java:592)
	at org.junit.runners.model.FrameworkMethod$1.runReflectiveCall(FrameworkMethod.java:44)
	at org.junit.internal.runners.model.ReflectiveCallable.run(ReflectiveCallable.java:15)
	at org.junit.runners.model.FrameworkMethod.invokeExplosively(FrameworkMethod.java:41)
	at org.junit.internal.runners.statements.InvokeMethod.evaluate(InvokeMethod.java:20)
	at org.junit.internal.runners.statements.ExpectException.evaluate(ExpectException.java:22)
	at org.junit.internal.runners.statements.RunBefores.evaluate(RunBefores.java:28)
	at org.junit.internal.runners.statements.RunAfters.evaluate(RunAfters.java:31)
	at org.junit.runners.BlockJUnit4ClassRunner.runChild(BlockJUnit4ClassRunner.java:73)
	at org.junit.runners.BlockJUnit4ClassRunner.runChild(BlockJUnit4ClassRunner.java:46)
	at org.junit.runners.ParentRunner.runChildren(ParentRunner.java:180)
	at org.junit.runners.ParentRunner.access$000(ParentRunner.java:41)
	at org.junit.runners.ParentRunner$1.evaluate(ParentRunner.java:173)
	at org.junit.internal.runners.statements.RunBefores.evaluate(RunBefores.java:28)
	at org.junit.internal.runners.statements.RunAfters.evaluate(RunAfters.java:31)
	at org.junit.runners.ParentRunner.run(ParentRunner.java:220)
	at junit.framework.JUnit4TestAdapter.run(JUnit4TestAdapter.java:39)
	at junit.framework.TestSuite.runTest(TestSuite.java:232)
	at junit.framework.TestSuite.run(TestSuite.java:227)
	at junit.framework.TestSuite.runTest(TestSuite.java:232)
	at junit.framework.TestSuite.run(TestSuite.java:227)
	at org.apache.tools.ant.taskdefs.optional.junit.JUnitTestRunner.run(JUnitTestRunner.java:421)
	at org.apache.tools.ant.taskdefs.optional.junit.JUnitTestRunner.launch(JUnitTestRunner.java:912)
	at org.apache.tools.ant.taskdefs.optional.junit.JUnitTestRunner.main(JUnitTestRunner.java:766)

Entering method [com.cronos.onlinereview.review.payment.impl.DefaultReviewPaymentCalculator.computeReviewPayment(long projectId, double primaryPayment, double secondaryPaymentPool, ReviewerStatistics[] statistics)].
The parameters: {projectId=0, primaryPayment=120.0, secondaryPaymentPool=200.0, statistics=[com.topcoder.management.resource.ReviewerStatistics {creationUser=null, creationTimestamp=null, modificationUser=null, modificationTimestamp=null, id=0, accuracy=-1.0, coverage=-1.0, timelineReliability=0.85, totalEvaluationCoefficient=-1.0, reviewerId=1001, competitionTypeId=0, projectId=1, statisticsType=HISTORY, eligibilityPoints=0.0}, com.topcoder.management.resource.ReviewerStatistics {creationUser=null, creationTimestamp=null, modificationUser=null, modificationTimestamp=null, id=0, accuracy=0.85, coverage=0.61, timelineReliability=1.0, totalEvaluationCoefficient=-1.0, reviewerId=1002, competitionTypeId=0, projectId=1, statisticsType=HISTORY, eligibilityPoints=0.0}, com.topcoder.management.resource.ReviewerStatistics {creationUser=null, creationTimestamp=null, modificationUser=null, modificationTimestamp=null, id=0, accuracy=1.0, coverage=0.39, timelineReliability=0.74, totalEvaluationCoefficient=-1.0, reviewerId=1003, competitionTypeId=0, projectId=1, statisticsType=HISTORY, eligibilityPoints=0.0}]}
Error in method [com.cronos.onlinereview.review.payment.impl.DefaultReviewPaymentCalculator.computeReviewPayment(long projectId, double primaryPayment, double secondaryPaymentPool, ReviewerStatistics[] statistics)], details: IllegalArgumentException is thrown.
java.lang.IllegalArgumentException: 'projectId' should be a positive number.
	at com.cronos.onlinereview.review.payment.impl.DefaultReviewPaymentCalculator.checkPositive(DefaultReviewPaymentCalculator.java:504)
	at com.cronos.onlinereview.review.payment.impl.DefaultReviewPaymentCalculator.computeReviewPayment(DefaultReviewPaymentCalculator.java:331)
	at com.cronos.onlinereview.review.payment.impl.DefaultReviewPaymentCalculatorUnitTests.test_computeReviewPayment_projectIdZero(DefaultReviewPaymentCalculatorUnitTests.java:501)
	at sun.reflect.NativeMethodAccessorImpl.invoke0(Native Method)
	at sun.reflect.NativeMethodAccessorImpl.invoke(NativeMethodAccessorImpl.java:39)
	at sun.reflect.DelegatingMethodAccessorImpl.invoke(DelegatingMethodAccessorImpl.java:25)
	at java.lang.reflect.Method.invoke(Method.java:592)
	at org.junit.runners.model.FrameworkMethod$1.runReflectiveCall(FrameworkMethod.java:44)
	at org.junit.internal.runners.model.ReflectiveCallable.run(ReflectiveCallable.java:15)
	at org.junit.runners.model.FrameworkMethod.invokeExplosively(FrameworkMethod.java:41)
	at org.junit.internal.runners.statements.InvokeMethod.evaluate(InvokeMethod.java:20)
	at org.junit.internal.runners.statements.ExpectException.evaluate(ExpectException.java:22)
	at org.junit.internal.runners.statements.RunBefores.evaluate(RunBefores.java:28)
	at org.junit.internal.runners.statements.RunAfters.evaluate(RunAfters.java:31)
	at org.junit.runners.BlockJUnit4ClassRunner.runChild(BlockJUnit4ClassRunner.java:73)
	at org.junit.runners.BlockJUnit4ClassRunner.runChild(BlockJUnit4ClassRunner.java:46)
	at org.junit.runners.ParentRunner.runChildren(ParentRunner.java:180)
	at org.junit.runners.ParentRunner.access$000(ParentRunner.java:41)
	at org.junit.runners.ParentRunner$1.evaluate(ParentRunner.java:173)
	at org.junit.internal.runners.statements.RunBefores.evaluate(RunBefores.java:28)
	at org.junit.internal.runners.statements.RunAfters.evaluate(RunAfters.java:31)
	at org.junit.runners.ParentRunner.run(ParentRunner.java:220)
	at junit.framework.JUnit4TestAdapter.run(JUnit4TestAdapter.java:39)
	at junit.framework.TestSuite.runTest(TestSuite.java:232)
	at junit.framework.TestSuite.run(TestSuite.java:227)
	at junit.framework.TestSuite.runTest(TestSuite.java:232)
	at junit.framework.TestSuite.run(TestSuite.java:227)
	at org.apache.tools.ant.taskdefs.optional.junit.JUnitTestRunner.run(JUnitTestRunner.java:421)
	at org.apache.tools.ant.taskdefs.optional.junit.JUnitTestRunner.launch(JUnitTestRunner.java:912)
	at org.apache.tools.ant.taskdefs.optional.junit.JUnitTestRunner.main(JUnitTestRunner.java:766)

Entering method [com.cronos.onlinereview.review.payment.impl.DefaultReviewPaymentCalculator.computeReviewPayment(long projectId, double primaryPayment, double secondaryPaymentPool, ReviewerStatistics[] statistics)].
The parameters: {projectId=1, primaryPayment=120.0, secondaryPaymentPool=200.0, statistics=null}
Error in method [com.cronos.onlinereview.review.payment.impl.DefaultReviewPaymentCalculator.computeReviewPayment(long projectId, double primaryPayment, double secondaryPaymentPool, ReviewerStatistics[] statistics)], details: IllegalArgumentException is thrown.
java.lang.IllegalArgumentException: 'statistics' should not be null.
	at com.cronos.onlinereview.review.payment.impl.DefaultReviewPaymentCalculator.checkNull(DefaultReviewPaymentCalculator.java:634)
	at com.cronos.onlinereview.review.payment.impl.DefaultReviewPaymentCalculator.computeReviewPayment(DefaultReviewPaymentCalculator.java:334)
	at com.cronos.onlinereview.review.payment.impl.DefaultReviewPaymentCalculatorUnitTests.test_computeReviewPayment_statisticsNull(DefaultReviewPaymentCalculatorUnitTests.java:518)
	at sun.reflect.NativeMethodAccessorImpl.invoke0(Native Method)
	at sun.reflect.NativeMethodAccessorImpl.invoke(NativeMethodAccessorImpl.java:39)
	at sun.reflect.DelegatingMethodAccessorImpl.invoke(DelegatingMethodAccessorImpl.java:25)
	at java.lang.reflect.Method.invoke(Method.java:592)
	at org.junit.runners.model.FrameworkMethod$1.runReflectiveCall(FrameworkMethod.java:44)
	at org.junit.internal.runners.model.ReflectiveCallable.run(ReflectiveCallable.java:15)
	at org.junit.runners.model.FrameworkMethod.invokeExplosively(FrameworkMethod.java:41)
	at org.junit.internal.runners.statements.InvokeMethod.evaluate(InvokeMethod.java:20)
	at org.junit.internal.runners.statements.ExpectException.evaluate(ExpectException.java:22)
	at org.junit.internal.runners.statements.RunBefores.evaluate(RunBefores.java:28)
	at org.junit.internal.runners.statements.RunAfters.evaluate(RunAfters.java:31)
	at org.junit.runners.BlockJUnit4ClassRunner.runChild(BlockJUnit4ClassRunner.java:73)
	at org.junit.runners.BlockJUnit4ClassRunner.runChild(BlockJUnit4ClassRunner.java:46)
	at org.junit.runners.ParentRunner.runChildren(ParentRunner.java:180)
	at org.junit.runners.ParentRunner.access$000(ParentRunner.java:41)
	at org.junit.runners.ParentRunner$1.evaluate(ParentRunner.java:173)
	at org.junit.internal.runners.statements.RunBefores.evaluate(RunBefores.java:28)
	at org.junit.internal.runners.statements.RunAfters.evaluate(RunAfters.java:31)
	at org.junit.runners.ParentRunner.run(ParentRunner.java:220)
	at junit.framework.JUnit4TestAdapter.run(JUnit4TestAdapter.java:39)
	at junit.framework.TestSuite.runTest(TestSuite.java:232)
	at junit.framework.TestSuite.run(TestSuite.java:227)
	at junit.framework.TestSuite.runTest(TestSuite.java:232)
	at junit.framework.TestSuite.run(TestSuite.java:227)
	at org.apache.tools.ant.taskdefs.optional.junit.JUnitTestRunner.run(JUnitTestRunner.java:421)
	at org.apache.tools.ant.taskdefs.optional.junit.JUnitTestRunner.launch(JUnitTestRunner.java:912)
	at org.apache.tools.ant.taskdefs.optional.junit.JUnitTestRunner.main(JUnitTestRunner.java:766)

Entering method [com.cronos.onlinereview.review.payment.impl.DefaultReviewPaymentCalculator.computeReviewPayment(long projectId, double primaryPayment, double secondaryPaymentPool, ReviewerStatistics[] statistics)].
The parameters: {projectId=1, primaryPayment=120.0, secondaryPaymentPool=200.0, statistics=[null, com.topcoder.management.resource.ReviewerStatistics {creationUser=null, creationTimestamp=null, modificationUser=null, modificationTimestamp=null, id=0, accuracy=0.85, coverage=0.61, timelineReliability=1.0, totalEvaluationCoefficient=-1.0, reviewerId=1002, competitionTypeId=0, projectId=1, statisticsType=HISTORY, eligibilityPoints=0.0}, com.topcoder.management.resource.ReviewerStatistics {creationUser=null, creationTimestamp=null, modificationUser=null, modificationTimestamp=null, id=0, accuracy=1.0, coverage=0.39, timelineReliability=0.74, totalEvaluationCoefficient=-1.0, reviewerId=1003, competitionTypeId=0, projectId=1, statisticsType=HISTORY, eligibilityPoints=0.0}]}
Error in method [com.cronos.onlinereview.review.payment.impl.DefaultReviewPaymentCalculator.computeReviewPayment(long projectId, double primaryPayment, double secondaryPaymentPool, ReviewerStatistics[] statistics)], details: IllegalArgumentException is thrown.
java.lang.IllegalArgumentException: 'element of statistics' should not be null.
	at com.cronos.onlinereview.review.payment.impl.DefaultReviewPaymentCalculator.checkNull(DefaultReviewPaymentCalculator.java:634)
	at com.cronos.onlinereview.review.payment.impl.DefaultReviewPaymentCalculator.computeReviewPayment(DefaultReviewPaymentCalculator.java:339)
	at com.cronos.onlinereview.review.payment.impl.DefaultReviewPaymentCalculatorUnitTests.test_computeReviewPayment_statisticsContainsNull(DefaultReviewPaymentCalculatorUnitTests.java:536)
	at sun.reflect.NativeMethodAccessorImpl.invoke0(Native Method)
	at sun.reflect.NativeMethodAccessorImpl.invoke(NativeMethodAccessorImpl.java:39)
	at sun.reflect.DelegatingMethodAccessorImpl.invoke(DelegatingMethodAccessorImpl.java:25)
	at java.lang.reflect.Method.invoke(Method.java:592)
	at org.junit.runners.model.FrameworkMethod$1.runReflectiveCall(FrameworkMethod.java:44)
	at org.junit.internal.runners.model.ReflectiveCallable.run(ReflectiveCallable.java:15)
	at org.junit.runners.model.FrameworkMethod.invokeExplosively(FrameworkMethod.java:41)
	at org.junit.internal.runners.statements.InvokeMethod.evaluate(InvokeMethod.java:20)
	at org.junit.internal.runners.statements.ExpectException.evaluate(ExpectException.java:22)
	at org.junit.internal.runners.statements.RunBefores.evaluate(RunBefores.java:28)
	at org.junit.internal.runners.statements.RunAfters.evaluate(RunAfters.java:31)
	at org.junit.runners.BlockJUnit4ClassRunner.runChild(BlockJUnit4ClassRunner.java:73)
	at org.junit.runners.BlockJUnit4ClassRunner.runChild(BlockJUnit4ClassRunner.java:46)
	at org.junit.runners.ParentRunner.runChildren(ParentRunner.java:180)
	at org.junit.runners.ParentRunner.access$000(ParentRunner.java:41)
	at org.junit.runners.ParentRunner$1.evaluate(ParentRunner.java:173)
	at org.junit.internal.runners.statements.RunBefores.evaluate(RunBefores.java:28)
	at org.junit.internal.runners.statements.RunAfters.evaluate(RunAfters.java:31)
	at org.junit.runners.ParentRunner.run(ParentRunner.java:220)
	at junit.framework.JUnit4TestAdapter.run(JUnit4TestAdapter.java:39)
	at junit.framework.TestSuite.runTest(TestSuite.java:232)
	at junit.framework.TestSuite.run(TestSuite.java:227)
	at junit.framework.TestSuite.runTest(TestSuite.java:232)
	at junit.framework.TestSuite.run(TestSuite.java:227)
	at org.apache.tools.ant.taskdefs.optional.junit.JUnitTestRunner.run(JUnitTestRunner.java:421)
	at org.apache.tools.ant.taskdefs.optional.junit.JUnitTestRunner.launch(JUnitTestRunner.java:912)
	at org.apache.tools.ant.taskdefs.optional.junit.JUnitTestRunner.main(JUnitTestRunner.java:766)

Entering method [com.cronos.onlinereview.review.payment.impl.DefaultReviewPaymentCalculator.computeReviewPayment(long projectId, double primaryPayment, double secondaryPaymentPool, ReviewerStatistics[] statistics)].
The parameters: {projectId=1, primaryPayment=120.0, secondaryPaymentPool=200.0, statistics=[com.topcoder.management.resource.ReviewerStatistics {creationUser=null, creationTimestamp=null, modificationUser=null, modificationTimestamp=null, id=0, accuracy=-1.0, coverage=-1.0, timelineReliability=0.85, totalEvaluationCoefficient=-1.0, reviewerId=1001, competitionTypeId=0, projectId=1, statisticsType=HISTORY, eligibilityPoints=0.0}, com.topcoder.management.resource.ReviewerStatistics {creationUser=null, creationTimestamp=null, modificationUser=null, modificationTimestamp=null, id=0, accuracy=0.85, coverage=0.61, timelineReliability=1.0, totalEvaluationCoefficient=-1.0, reviewerId=1002, competitionTypeId=0, projectId=1, statisticsType=HISTORY, eligibilityPoints=0.0}]}
Error in method [com.cronos.onlinereview.review.payment.impl.DefaultReviewPaymentCalculator.computeReviewPayment(long projectId, double primaryPayment, double secondaryPaymentPool, ReviewerStatistics[] statistics)], details: IllegalArgumentException is thrown.
java.lang.IllegalArgumentException: 'statistics.length' should contain at least 3 elements.
	at com.cronos.onlinereview.review.payment.impl.DefaultReviewPaymentCalculator.computeReviewPayment(DefaultReviewPaymentCalculator.java:336)
	at com.cronos.onlinereview.review.payment.impl.DefaultReviewPaymentCalculatorUnitTests.test_computeReviewPayment_statisticsLengthInvalid(DefaultReviewPaymentCalculatorUnitTests.java:554)
	at sun.reflect.NativeMethodAccessorImpl.invoke0(Native Method)
	at sun.reflect.NativeMethodAccessorImpl.invoke(NativeMethodAccessorImpl.java:39)
	at sun.reflect.DelegatingMethodAccessorImpl.invoke(DelegatingMethodAccessorImpl.java:25)
	at java.lang.reflect.Method.invoke(Method.java:592)
	at org.junit.runners.model.FrameworkMethod$1.runReflectiveCall(FrameworkMethod.java:44)
	at org.junit.internal.runners.model.ReflectiveCallable.run(ReflectiveCallable.java:15)
	at org.junit.runners.model.FrameworkMethod.invokeExplosively(FrameworkMethod.java:41)
	at org.junit.internal.runners.statements.InvokeMethod.evaluate(InvokeMethod.java:20)
	at org.junit.internal.runners.statements.ExpectException.evaluate(ExpectException.java:22)
	at org.junit.internal.runners.statements.RunBefores.evaluate(RunBefores.java:28)
	at org.junit.internal.runners.statements.RunAfters.evaluate(RunAfters.java:31)
	at org.junit.runners.BlockJUnit4ClassRunner.runChild(BlockJUnit4ClassRunner.java:73)
	at org.junit.runners.BlockJUnit4ClassRunner.runChild(BlockJUnit4ClassRunner.java:46)
	at org.junit.runners.ParentRunner.runChildren(ParentRunner.java:180)
	at org.junit.runners.ParentRunner.access$000(ParentRunner.java:41)
	at org.junit.runners.ParentRunner$1.evaluate(ParentRunner.java:173)
	at org.junit.internal.runners.statements.RunBefores.evaluate(RunBefores.java:28)
	at org.junit.internal.runners.statements.RunAfters.evaluate(RunAfters.java:31)
	at org.junit.runners.ParentRunner.run(ParentRunner.java:220)
	at junit.framework.JUnit4TestAdapter.run(JUnit4TestAdapter.java:39)
	at junit.framework.TestSuite.runTest(TestSuite.java:232)
	at junit.framework.TestSuite.run(TestSuite.java:227)
	at junit.framework.TestSuite.runTest(TestSuite.java:232)
	at junit.framework.TestSuite.run(TestSuite.java:227)
	at org.apache.tools.ant.taskdefs.optional.junit.JUnitTestRunner.run(JUnitTestRunner.java:421)
	at org.apache.tools.ant.taskdefs.optional.junit.JUnitTestRunner.launch(JUnitTestRunner.java:912)
	at org.apache.tools.ant.taskdefs.optional.junit.JUnitTestRunner.main(JUnitTestRunner.java:766)

Entering method [com.cronos.onlinereview.review.payment.impl.DefaultReviewPaymentCalculator.computeReviewPayment(long projectId, double primaryPayment, double secondaryPaymentPool, ReviewerStatistics[] statistics)].
The parameters: {projectId=1, primaryPayment=120.0, secondaryPaymentPool=200.0, statistics=[com.topcoder.management.resource.ReviewerStatistics {creationUser=null, creationTimestamp=null, modificationUser=null, modificationTimestamp=null, id=0, accuracy=-1.0, coverage=-1.0, timelineReliability=0.85, totalEvaluationCoefficient=-1.0, reviewerId=1001, competitionTypeId=0, projectId=1, statisticsType=AVERAGE, eligibilityPoints=0.0}, com.topcoder.management.resource.ReviewerStatistics {creationUser=null, creationTimestamp=null, modificationUser=null, modificationTimestamp=null, id=0, accuracy=0.85, coverage=0.61, timelineReliability=1.0, totalEvaluationCoefficient=-1.0, reviewerId=1002, competitionTypeId=0, projectId=1, statisticsType=HISTORY, eligibilityPoints=0.0}, com.topcoder.management.resource.ReviewerStatistics {creationUser=null, creationTimestamp=null, modificationUser=null, modificationTimestamp=null, id=0, accuracy=1.0, coverage=0.39, timelineReliability=0.74, totalEvaluationCoefficient=-1.0, reviewerId=1003, competitionTypeId=0, projectId=1, statisticsType=HISTORY, eligibilityPoints=0.0}]}
Error in method [com.cronos.onlinereview.review.payment.impl.DefaultReviewPaymentCalculator.computeReviewPayment(long projectId, double primaryPayment, double secondaryPaymentPool, ReviewerStatistics[] statistics)], details: InvalidReviewersStatisticsException is thrown when computing the review payments.
com.cronos.onlinereview.review.payment.InvalidReviewersStatisticsException: The statistics type must be 'HISTORY'.
	at com.cronos.onlinereview.review.payment.impl.DefaultReviewPaymentCalculator.computeReviewPayment(DefaultReviewPaymentCalculator.java:348)
	at com.cronos.onlinereview.review.payment.impl.DefaultReviewPaymentCalculatorUnitTests.test_computeReviewPayment_StatisticsTypeInvalid1(DefaultReviewPaymentCalculatorUnitTests.java:571)
	at sun.reflect.NativeMethodAccessorImpl.invoke0(Native Method)
	at sun.reflect.NativeMethodAccessorImpl.invoke(NativeMethodAccessorImpl.java:39)
	at sun.reflect.DelegatingMethodAccessorImpl.invoke(DelegatingMethodAccessorImpl.java:25)
	at java.lang.reflect.Method.invoke(Method.java:592)
	at org.junit.runners.model.FrameworkMethod$1.runReflectiveCall(FrameworkMethod.java:44)
	at org.junit.internal.runners.model.ReflectiveCallable.run(ReflectiveCallable.java:15)
	at org.junit.runners.model.FrameworkMethod.invokeExplosively(FrameworkMethod.java:41)
	at org.junit.internal.runners.statements.InvokeMethod.evaluate(InvokeMethod.java:20)
	at org.junit.internal.runners.statements.ExpectException.evaluate(ExpectException.java:22)
	at org.junit.internal.runners.statements.RunBefores.evaluate(RunBefores.java:28)
	at org.junit.internal.runners.statements.RunAfters.evaluate(RunAfters.java:31)
	at org.junit.runners.BlockJUnit4ClassRunner.runChild(BlockJUnit4ClassRunner.java:73)
	at org.junit.runners.BlockJUnit4ClassRunner.runChild(BlockJUnit4ClassRunner.java:46)
	at org.junit.runners.ParentRunner.runChildren(ParentRunner.java:180)
	at org.junit.runners.ParentRunner.access$000(ParentRunner.java:41)
	at org.junit.runners.ParentRunner$1.evaluate(ParentRunner.java:173)
	at org.junit.internal.runners.statements.RunBefores.evaluate(RunBefores.java:28)
	at org.junit.internal.runners.statements.RunAfters.evaluate(RunAfters.java:31)
	at org.junit.runners.ParentRunner.run(ParentRunner.java:220)
	at junit.framework.JUnit4TestAdapter.run(JUnit4TestAdapter.java:39)
	at junit.framework.TestSuite.runTest(TestSuite.java:232)
	at junit.framework.TestSuite.run(TestSuite.java:227)
	at junit.framework.TestSuite.runTest(TestSuite.java:232)
	at junit.framework.TestSuite.run(TestSuite.java:227)
	at org.apache.tools.ant.taskdefs.optional.junit.JUnitTestRunner.run(JUnitTestRunner.java:421)
	at org.apache.tools.ant.taskdefs.optional.junit.JUnitTestRunner.launch(JUnitTestRunner.java:912)
	at org.apache.tools.ant.taskdefs.optional.junit.JUnitTestRunner.main(JUnitTestRunner.java:766)

Entering method [com.cronos.onlinereview.review.payment.impl.DefaultReviewPaymentCalculator.computeReviewPayment(long projectId, double primaryPayment, double secondaryPaymentPool, ReviewerStatistics[] statistics)].
The parameters: {projectId=1, primaryPayment=120.0, secondaryPaymentPool=200.0, statistics=[com.topcoder.management.resource.ReviewerStatistics {creationUser=null, creationTimestamp=null, modificationUser=null, modificationTimestamp=null, id=0, accuracy=-1.0, coverage=-1.0, timelineReliability=0.85, totalEvaluationCoefficient=-1.0, reviewerId=1001, competitionTypeId=0, projectId=1, statisticsType=null, eligibilityPoints=0.0}, com.topcoder.management.resource.ReviewerStatistics {creationUser=null, creationTimestamp=null, modificationUser=null, modificationTimestamp=null, id=0, accuracy=0.85, coverage=0.61, timelineReliability=1.0, totalEvaluationCoefficient=-1.0, reviewerId=1002, competitionTypeId=0, projectId=1, statisticsType=HISTORY, eligibilityPoints=0.0}, com.topcoder.management.resource.ReviewerStatistics {creationUser=null, creationTimestamp=null, modificationUser=null, modificationTimestamp=null, id=0, accuracy=1.0, coverage=0.39, timelineReliability=0.74, totalEvaluationCoefficient=-1.0, reviewerId=1003, competitionTypeId=0, projectId=1, statisticsType=HISTORY, eligibilityPoints=0.0}]}
Error in method [com.cronos.onlinereview.review.payment.impl.DefaultReviewPaymentCalculator.computeReviewPayment(long projectId, double primaryPayment, double secondaryPaymentPool, ReviewerStatistics[] statistics)], details: InvalidReviewersStatisticsException is thrown when computing the review payments.
com.cronos.onlinereview.review.payment.InvalidReviewersStatisticsException: The statistics type must be 'HISTORY'.
	at com.cronos.onlinereview.review.payment.impl.DefaultReviewPaymentCalculator.computeReviewPayment(DefaultReviewPaymentCalculator.java:348)
	at com.cronos.onlinereview.review.payment.impl.DefaultReviewPaymentCalculatorUnitTests.test_computeReviewPayment_StatisticsTypeInvalid2(DefaultReviewPaymentCalculatorUnitTests.java:588)
	at sun.reflect.NativeMethodAccessorImpl.invoke0(Native Method)
	at sun.reflect.NativeMethodAccessorImpl.invoke(NativeMethodAccessorImpl.java:39)
	at sun.reflect.DelegatingMethodAccessorImpl.invoke(DelegatingMethodAccessorImpl.java:25)
	at java.lang.reflect.Method.invoke(Method.java:592)
	at org.junit.runners.model.FrameworkMethod$1.runReflectiveCall(FrameworkMethod.java:44)
	at org.junit.internal.runners.model.ReflectiveCallable.run(ReflectiveCallable.java:15)
	at org.junit.runners.model.FrameworkMethod.invokeExplosively(FrameworkMethod.java:41)
	at org.junit.internal.runners.statements.InvokeMethod.evaluate(InvokeMethod.java:20)
	at org.junit.internal.runners.statements.ExpectException.evaluate(ExpectException.java:22)
	at org.junit.internal.runners.statements.RunBefores.evaluate(RunBefores.java:28)
	at org.junit.internal.runners.statements.RunAfters.evaluate(RunAfters.java:31)
	at org.junit.runners.BlockJUnit4ClassRunner.runChild(BlockJUnit4ClassRunner.java:73)
	at org.junit.runners.BlockJUnit4ClassRunner.runChild(BlockJUnit4ClassRunner.java:46)
	at org.junit.runners.ParentRunner.runChildren(ParentRunner.java:180)
	at org.junit.runners.ParentRunner.access$000(ParentRunner.java:41)
	at org.junit.runners.ParentRunner$1.evaluate(ParentRunner.java:173)
	at org.junit.internal.runners.statements.RunBefores.evaluate(RunBefores.java:28)
	at org.junit.internal.runners.statements.RunAfters.evaluate(RunAfters.java:31)
	at org.junit.runners.ParentRunner.run(ParentRunner.java:220)
	at junit.framework.JUnit4TestAdapter.run(JUnit4TestAdapter.java:39)
	at junit.framework.TestSuite.runTest(TestSuite.java:232)
	at junit.framework.TestSuite.run(TestSuite.java:227)
	at junit.framework.TestSuite.runTest(TestSuite.java:232)
	at junit.framework.TestSuite.run(TestSuite.java:227)
	at org.apache.tools.ant.taskdefs.optional.junit.JUnitTestRunner.run(JUnitTestRunner.java:421)
	at org.apache.tools.ant.taskdefs.optional.junit.JUnitTestRunner.launch(JUnitTestRunner.java:912)
	at org.apache.tools.ant.taskdefs.optional.junit.JUnitTestRunner.main(JUnitTestRunner.java:766)

Entering method [com.cronos.onlinereview.review.payment.impl.DefaultReviewPaymentCalculator.computeReviewPayment(long projectId, double primaryPayment, double secondaryPaymentPool, ReviewerStatistics[] statistics)].
The parameters: {projectId=1, primaryPayment=120.0, secondaryPaymentPool=200.0, statistics=[com.topcoder.management.resource.ReviewerStatistics {creationUser=null, creationTimestamp=null, modificationUser=null, modificationTimestamp=null, id=0, accuracy=-1.0, coverage=0.0, timelineReliability=0.85, totalEvaluationCoefficient=-1.0, reviewerId=1001, competitionTypeId=0, projectId=1, statisticsType=HISTORY, eligibilityPoints=0.0}, com.topcoder.management.resource.ReviewerStatistics {creationUser=null, creationTimestamp=null, modificationUser=null, modificationTimestamp=null, id=0, accuracy=0.85, coverage=0.61, timelineReliability=1.0, totalEvaluationCoefficient=-1.0, reviewerId=1002, competitionTypeId=0, projectId=1, statisticsType=HISTORY, eligibilityPoints=0.0}, com.topcoder.management.resource.ReviewerStatistics {creationUser=null, creationTimestamp=null, modificationUser=null, modificationTimestamp=null, id=0, accuracy=1.0, coverage=0.39, timelineReliability=0.74, totalEvaluationCoefficient=-1.0, reviewerId=1003, competitionTypeId=0, projectId=1, statisticsType=HISTORY, eligibilityPoints=0.0}]}
Error in method [com.cronos.onlinereview.review.payment.impl.DefaultReviewPaymentCalculator.computeReviewPayment(long projectId, double primaryPayment, double secondaryPaymentPool, ReviewerStatistics[] statistics)], details: InvalidReviewersStatisticsException is thrown when computing the review payments.
com.cronos.onlinereview.review.payment.InvalidReviewersStatisticsException: No primary reviewer statistics found.
	at com.cronos.onlinereview.review.payment.impl.DefaultReviewPaymentCalculator.computeReviewPayment(DefaultReviewPaymentCalculator.java:375)
	at com.cronos.onlinereview.review.payment.impl.DefaultReviewPaymentCalculatorUnitTests.test_computeReviewPayment_NoPrimaryReviewer(DefaultReviewPaymentCalculatorUnitTests.java:606)
	at sun.reflect.NativeMethodAccessorImpl.invoke0(Native Method)
	at sun.reflect.NativeMethodAccessorImpl.invoke(NativeMethodAccessorImpl.java:39)
	at sun.reflect.DelegatingMethodAccessorImpl.invoke(DelegatingMethodAccessorImpl.java:25)
	at java.lang.reflect.Method.invoke(Method.java:592)
	at org.junit.runners.model.FrameworkMethod$1.runReflectiveCall(FrameworkMethod.java:44)
	at org.junit.internal.runners.model.ReflectiveCallable.run(ReflectiveCallable.java:15)
	at org.junit.runners.model.FrameworkMethod.invokeExplosively(FrameworkMethod.java:41)
	at org.junit.internal.runners.statements.InvokeMethod.evaluate(InvokeMethod.java:20)
	at org.junit.internal.runners.statements.ExpectException.evaluate(ExpectException.java:22)
	at org.junit.internal.runners.statements.RunBefores.evaluate(RunBefores.java:28)
	at org.junit.internal.runners.statements.RunAfters.evaluate(RunAfters.java:31)
	at org.junit.runners.BlockJUnit4ClassRunner.runChild(BlockJUnit4ClassRunner.java:73)
	at org.junit.runners.BlockJUnit4ClassRunner.runChild(BlockJUnit4ClassRunner.java:46)
	at org.junit.runners.ParentRunner.runChildren(ParentRunner.java:180)
	at org.junit.runners.ParentRunner.access$000(ParentRunner.java:41)
	at org.junit.runners.ParentRunner$1.evaluate(ParentRunner.java:173)
	at org.junit.internal.runners.statements.RunBefores.evaluate(RunBefores.java:28)
	at org.junit.internal.runners.statements.RunAfters.evaluate(RunAfters.java:31)
	at org.junit.runners.ParentRunner.run(ParentRunner.java:220)
	at junit.framework.JUnit4TestAdapter.run(JUnit4TestAdapter.java:39)
	at junit.framework.TestSuite.runTest(TestSuite.java:232)
	at junit.framework.TestSuite.run(TestSuite.java:227)
	at junit.framework.TestSuite.runTest(TestSuite.java:232)
	at junit.framework.TestSuite.run(TestSuite.java:227)
	at org.apache.tools.ant.taskdefs.optional.junit.JUnitTestRunner.run(JUnitTestRunner.java:421)
	at org.apache.tools.ant.taskdefs.optional.junit.JUnitTestRunner.launch(JUnitTestRunner.java:912)
	at org.apache.tools.ant.taskdefs.optional.junit.JUnitTestRunner.main(JUnitTestRunner.java:766)

Entering method [com.cronos.onlinereview.review.payment.impl.DefaultReviewPaymentCalculator.computeReviewPayment(long projectId, double primaryPayment, double secondaryPaymentPool, ReviewerStatistics[] statistics)].
The parameters: {projectId=1, primaryPayment=120.0, secondaryPaymentPool=200.0, statistics=[com.topcoder.management.resource.ReviewerStatistics {creationUser=null, creationTimestamp=null, modificationUser=null, modificationTimestamp=null, id=0, accuracy=-1.0, coverage=-1.0, timelineReliability=0.85, totalEvaluationCoefficient=-1.0, reviewerId=1001, competitionTypeId=0, projectId=1, statisticsType=HISTORY, eligibilityPoints=0.0}, com.topcoder.management.resource.ReviewerStatistics {creationUser=null, creationTimestamp=null, modificationUser=null, modificationTimestamp=null, id=0, accuracy=-1.0, coverage=-1.0, timelineReliability=1.0, totalEvaluationCoefficient=-1.0, reviewerId=1002, competitionTypeId=0, projectId=1, statisticsType=HISTORY, eligibilityPoints=0.0}, com.topcoder.management.resource.ReviewerStatistics {creationUser=null, creationTimestamp=null, modificationUser=null, modificationTimestamp=null, id=0, accuracy=1.0, coverage=0.39, timelineReliability=0.74, totalEvaluationCoefficient=-1.0, reviewerId=1003, competitionTypeId=0, projectId=1, statisticsType=HISTORY, eligibilityPoints=0.0}]}
Error in method [com.cronos.onlinereview.review.payment.impl.DefaultReviewPaymentCalculator.computeReviewPayment(long projectId, double primaryPayment, double secondaryPaymentPool, ReviewerStatistics[] statistics)], details: InvalidReviewersStatisticsException is thrown when computing the review payments.
com.cronos.onlinereview.review.payment.InvalidReviewersStatisticsException: More than one primary reviewer statistics found.
	at com.cronos.onlinereview.review.payment.impl.DefaultReviewPaymentCalculator.computeReviewPayment(DefaultReviewPaymentCalculator.java:354)
	at com.cronos.onlinereview.review.payment.impl.DefaultReviewPaymentCalculatorUnitTests.test_computeReviewPayment_MultiplePrimaryReviewers(DefaultReviewPaymentCalculatorUnitTests.java:625)
	at sun.reflect.NativeMethodAccessorImpl.invoke0(Native Method)
	at sun.reflect.NativeMethodAccessorImpl.invoke(NativeMethodAccessorImpl.java:39)
	at sun.reflect.DelegatingMethodAccessorImpl.invoke(DelegatingMethodAccessorImpl.java:25)
	at java.lang.reflect.Method.invoke(Method.java:592)
	at org.junit.runners.model.FrameworkMethod$1.runReflectiveCall(FrameworkMethod.java:44)
	at org.junit.internal.runners.model.ReflectiveCallable.run(ReflectiveCallable.java:15)
	at org.junit.runners.model.FrameworkMethod.invokeExplosively(FrameworkMethod.java:41)
	at org.junit.internal.runners.statements.InvokeMethod.evaluate(InvokeMethod.java:20)
	at org.junit.internal.runners.statements.ExpectException.evaluate(ExpectException.java:22)
	at org.junit.internal.runners.statements.RunBefores.evaluate(RunBefores.java:28)
	at org.junit.internal.runners.statements.RunAfters.evaluate(RunAfters.java:31)
	at org.junit.runners.BlockJUnit4ClassRunner.runChild(BlockJUnit4ClassRunner.java:73)
	at org.junit.runners.BlockJUnit4ClassRunner.runChild(BlockJUnit4ClassRunner.java:46)
	at org.junit.runners.ParentRunner.runChildren(ParentRunner.java:180)
	at org.junit.runners.ParentRunner.access$000(ParentRunner.java:41)
	at org.junit.runners.ParentRunner$1.evaluate(ParentRunner.java:173)
	at org.junit.internal.runners.statements.RunBefores.evaluate(RunBefores.java:28)
	at org.junit.internal.runners.statements.RunAfters.evaluate(RunAfters.java:31)
	at org.junit.runners.ParentRunner.run(ParentRunner.java:220)
	at junit.framework.JUnit4TestAdapter.run(JUnit4TestAdapter.java:39)
	at junit.framework.TestSuite.runTest(TestSuite.java:232)
	at junit.framework.TestSuite.run(TestSuite.java:227)
	at junit.framework.TestSuite.runTest(TestSuite.java:232)
	at junit.framework.TestSuite.run(TestSuite.java:227)
	at org.apache.tools.ant.taskdefs.optional.junit.JUnitTestRunner.run(JUnitTestRunner.java:421)
	at org.apache.tools.ant.taskdefs.optional.junit.JUnitTestRunner.launch(JUnitTestRunner.java:912)
	at org.apache.tools.ant.taskdefs.optional.junit.JUnitTestRunner.main(JUnitTestRunner.java:766)

Entering method [com.cronos.onlinereview.review.payment.impl.DefaultReviewPaymentCalculator.computeReviewPayment(long projectId, double primaryPayment, double secondaryPaymentPool, ReviewerStatistics[] statistics)].
The parameters: {projectId=1, primaryPayment=120.0, secondaryPaymentPool=200.0, statistics=[com.topcoder.management.resource.ReviewerStatistics {creationUser=null, creationTimestamp=null, modificationUser=null, modificationTimestamp=null, id=0, accuracy=-1.0, coverage=-1.0, timelineReliability=-0.0010, totalEvaluationCoefficient=-1.0, reviewerId=1001, competitionTypeId=0, projectId=1, statisticsType=HISTORY, eligibilityPoints=0.0}, com.topcoder.management.resource.ReviewerStatistics {creationUser=null, creationTimestamp=null, modificationUser=null, modificationTimestamp=null, id=0, accuracy=0.85, coverage=0.61, timelineReliability=1.0, totalEvaluationCoefficient=-1.0, reviewerId=1002, competitionTypeId=0, projectId=1, statisticsType=HISTORY, eligibilityPoints=0.0}, com.topcoder.management.resource.ReviewerStatistics {creationUser=null, creationTimestamp=null, modificationUser=null, modificationTimestamp=null, id=0, accuracy=1.0, coverage=0.39, timelineReliability=0.74, totalEvaluationCoefficient=-1.0, reviewerId=1003, competitionTypeId=0, projectId=1, statisticsType=HISTORY, eligibilityPoints=0.0}]}
Error in method [com.cronos.onlinereview.review.payment.impl.DefaultReviewPaymentCalculator.computeReviewPayment(long projectId, double primaryPayment, double secondaryPaymentPool, ReviewerStatistics[] statistics)], details: InvalidReviewersStatisticsException is thrown when computing the review payments.
com.cronos.onlinereview.review.payment.InvalidReviewersStatisticsException: The timeline reliability must be in range [0, 1].
	at com.cronos.onlinereview.review.payment.impl.DefaultReviewPaymentCalculator.checkRange(DefaultReviewPaymentCalculator.java:544)
	at com.cronos.onlinereview.review.payment.impl.DefaultReviewPaymentCalculator.computeReviewPayment(DefaultReviewPaymentCalculator.java:360)
	at com.cronos.onlinereview.review.payment.impl.DefaultReviewPaymentCalculatorUnitTests.test_computeReviewPayment_TimelineReliabilityInvalid1(DefaultReviewPaymentCalculatorUnitTests.java:643)
	at sun.reflect.NativeMethodAccessorImpl.invoke0(Native Method)
	at sun.reflect.NativeMethodAccessorImpl.invoke(NativeMethodAccessorImpl.java:39)
	at sun.reflect.DelegatingMethodAccessorImpl.invoke(DelegatingMethodAccessorImpl.java:25)
	at java.lang.reflect.Method.invoke(Method.java:592)
	at org.junit.runners.model.FrameworkMethod$1.runReflectiveCall(FrameworkMethod.java:44)
	at org.junit.internal.runners.model.ReflectiveCallable.run(ReflectiveCallable.java:15)
	at org.junit.runners.model.FrameworkMethod.invokeExplosively(FrameworkMethod.java:41)
	at org.junit.internal.runners.statements.InvokeMethod.evaluate(InvokeMethod.java:20)
	at org.junit.internal.runners.statements.ExpectException.evaluate(ExpectException.java:22)
	at org.junit.internal.runners.statements.RunBefores.evaluate(RunBefores.java:28)
	at org.junit.internal.runners.statements.RunAfters.evaluate(RunAfters.java:31)
	at org.junit.runners.BlockJUnit4ClassRunner.runChild(BlockJUnit4ClassRunner.java:73)
	at org.junit.runners.BlockJUnit4ClassRunner.runChild(BlockJUnit4ClassRunner.java:46)
	at org.junit.runners.ParentRunner.runChildren(ParentRunner.java:180)
	at org.junit.runners.ParentRunner.access$000(ParentRunner.java:41)
	at org.junit.runners.ParentRunner$1.evaluate(ParentRunner.java:173)
	at org.junit.internal.runners.statements.RunBefores.evaluate(RunBefores.java:28)
	at org.junit.internal.runners.statements.RunAfters.evaluate(RunAfters.java:31)
	at org.junit.runners.ParentRunner.run(ParentRunner.java:220)
	at junit.framework.JUnit4TestAdapter.run(JUnit4TestAdapter.java:39)
	at junit.framework.TestSuite.runTest(TestSuite.java:232)
	at junit.framework.TestSuite.run(TestSuite.java:227)
	at junit.framework.TestSuite.runTest(TestSuite.java:232)
	at junit.framework.TestSuite.run(TestSuite.java:227)
	at org.apache.tools.ant.taskdefs.optional.junit.JUnitTestRunner.run(JUnitTestRunner.java:421)
	at org.apache.tools.ant.taskdefs.optional.junit.JUnitTestRunner.launch(JUnitTestRunner.java:912)
	at org.apache.tools.ant.taskdefs.optional.junit.JUnitTestRunner.main(JUnitTestRunner.java:766)

Entering method [com.cronos.onlinereview.review.payment.impl.DefaultReviewPaymentCalculator.computeReviewPayment(long projectId, double primaryPayment, double secondaryPaymentPool, ReviewerStatistics[] statistics)].
The parameters: {projectId=1, primaryPayment=120.0, secondaryPaymentPool=200.0, statistics=[com.topcoder.management.resource.ReviewerStatistics {creationUser=null, creationTimestamp=null, modificationUser=null, modificationTimestamp=null, id=0, accuracy=-1.0, coverage=-1.0, timelineReliability=1.001, totalEvaluationCoefficient=-1.0, reviewerId=1001, competitionTypeId=0, projectId=1, statisticsType=HISTORY, eligibilityPoints=0.0}, com.topcoder.management.resource.ReviewerStatistics {creationUser=null, creationTimestamp=null, modificationUser=null, modificationTimestamp=null, id=0, accuracy=0.85, coverage=0.61, timelineReliability=1.0, totalEvaluationCoefficient=-1.0, reviewerId=1002, competitionTypeId=0, projectId=1, statisticsType=HISTORY, eligibilityPoints=0.0}, com.topcoder.management.resource.ReviewerStatistics {creationUser=null, creationTimestamp=null, modificationUser=null, modificationTimestamp=null, id=0, accuracy=1.0, coverage=0.39, timelineReliability=0.74, totalEvaluationCoefficient=-1.0, reviewerId=1003, competitionTypeId=0, projectId=1, statisticsType=HISTORY, eligibilityPoints=0.0}]}
Error in method [com.cronos.onlinereview.review.payment.impl.DefaultReviewPaymentCalculator.computeReviewPayment(long projectId, double primaryPayment, double secondaryPaymentPool, ReviewerStatistics[] statistics)], details: InvalidReviewersStatisticsException is thrown when computing the review payments.
com.cronos.onlinereview.review.payment.InvalidReviewersStatisticsException: The timeline reliability must be in range [0, 1].
	at com.cronos.onlinereview.review.payment.impl.DefaultReviewPaymentCalculator.checkRange(DefaultReviewPaymentCalculator.java:544)
	at com.cronos.onlinereview.review.payment.impl.DefaultReviewPaymentCalculator.computeReviewPayment(DefaultReviewPaymentCalculator.java:360)
	at com.cronos.onlinereview.review.payment.impl.DefaultReviewPaymentCalculatorUnitTests.test_computeReviewPayment_TimelineReliabilityInvalid2(DefaultReviewPaymentCalculatorUnitTests.java:661)
	at sun.reflect.NativeMethodAccessorImpl.invoke0(Native Method)
	at sun.reflect.NativeMethodAccessorImpl.invoke(NativeMethodAccessorImpl.java:39)
	at sun.reflect.DelegatingMethodAccessorImpl.invoke(DelegatingMethodAccessorImpl.java:25)
	at java.lang.reflect.Method.invoke(Method.java:592)
	at org.junit.runners.model.FrameworkMethod$1.runReflectiveCall(FrameworkMethod.java:44)
	at org.junit.internal.runners.model.ReflectiveCallable.run(ReflectiveCallable.java:15)
	at org.junit.runners.model.FrameworkMethod.invokeExplosively(FrameworkMethod.java:41)
	at org.junit.internal.runners.statements.InvokeMethod.evaluate(InvokeMethod.java:20)
	at org.junit.internal.runners.statements.ExpectException.evaluate(ExpectException.java:22)
	at org.junit.internal.runners.statements.RunBefores.evaluate(RunBefores.java:28)
	at org.junit.internal.runners.statements.RunAfters.evaluate(RunAfters.java:31)
	at org.junit.runners.BlockJUnit4ClassRunner.runChild(BlockJUnit4ClassRunner.java:73)
	at org.junit.runners.BlockJUnit4ClassRunner.runChild(BlockJUnit4ClassRunner.java:46)
	at org.junit.runners.ParentRunner.runChildren(ParentRunner.java:180)
	at org.junit.runners.ParentRunner.access$000(ParentRunner.java:41)
	at org.junit.runners.ParentRunner$1.evaluate(ParentRunner.java:173)
	at org.junit.internal.runners.statements.RunBefores.evaluate(RunBefores.java:28)
	at org.junit.internal.runners.statements.RunAfters.evaluate(RunAfters.java:31)
	at org.junit.runners.ParentRunner.run(ParentRunner.java:220)
	at junit.framework.JUnit4TestAdapter.run(JUnit4TestAdapter.java:39)
	at junit.framework.TestSuite.runTest(TestSuite.java:232)
	at junit.framework.TestSuite.run(TestSuite.java:227)
	at junit.framework.TestSuite.runTest(TestSuite.java:232)
	at junit.framework.TestSuite.run(TestSuite.java:227)
	at org.apache.tools.ant.taskdefs.optional.junit.JUnitTestRunner.run(JUnitTestRunner.java:421)
	at org.apache.tools.ant.taskdefs.optional.junit.JUnitTestRunner.launch(JUnitTestRunner.java:912)
	at org.apache.tools.ant.taskdefs.optional.junit.JUnitTestRunner.main(JUnitTestRunner.java:766)

Entering method [com.cronos.onlinereview.review.payment.impl.DefaultReviewPaymentCalculator.computeReviewPayment(long projectId, double primaryPayment, double secondaryPaymentPool, ReviewerStatistics[] statistics)].
The parameters: {projectId=1, primaryPayment=120.0, secondaryPaymentPool=200.0, statistics=[com.topcoder.management.resource.ReviewerStatistics {creationUser=null, creationTimestamp=null, modificationUser=null, modificationTimestamp=null, id=0, accuracy=-1.0, coverage=-1.0, timelineReliability=0.85, totalEvaluationCoefficient=-1.0, reviewerId=1001, competitionTypeId=0, projectId=1, statisticsType=HISTORY, eligibilityPoints=0.0}, com.topcoder.management.resource.ReviewerStatistics {creationUser=null, creationTimestamp=null, modificationUser=null, modificationTimestamp=null, id=0, accuracy=0.85, coverage=0.61, timelineReliability=1.001, totalEvaluationCoefficient=-1.0, reviewerId=1002, competitionTypeId=0, projectId=1, statisticsType=HISTORY, eligibilityPoints=0.0}, com.topcoder.management.resource.ReviewerStatistics {creationUser=null, creationTimestamp=null, modificationUser=null, modificationTimestamp=null, id=0, accuracy=1.0, coverage=0.39, timelineReliability=0.74, totalEvaluationCoefficient=-1.0, reviewerId=1003, competitionTypeId=0, projectId=1, statisticsType=HISTORY, eligibilityPoints=0.0}]}
Error in method [com.cronos.onlinereview.review.payment.impl.DefaultReviewPaymentCalculator.computeReviewPayment(long projectId, double primaryPayment, double secondaryPaymentPool, ReviewerStatistics[] statistics)], details: InvalidReviewersStatisticsException is thrown when computing the review payments.
com.cronos.onlinereview.review.payment.InvalidReviewersStatisticsException: The timeline reliability must be in range [0, 1].
	at com.cronos.onlinereview.review.payment.impl.DefaultReviewPaymentCalculator.checkRange(DefaultReviewPaymentCalculator.java:544)
	at com.cronos.onlinereview.review.payment.impl.DefaultReviewPaymentCalculator.computeReviewPayment(DefaultReviewPaymentCalculator.java:441)
	at com.cronos.onlinereview.review.payment.impl.DefaultReviewPaymentCalculator.computeReviewPayment(DefaultReviewPaymentCalculator.java:379)
	at com.cronos.onlinereview.review.payment.impl.DefaultReviewPaymentCalculatorUnitTests.test_computeReviewPayment_TimelineReliabilityInvalid3(DefaultReviewPaymentCalculatorUnitTests.java:679)
	at sun.reflect.NativeMethodAccessorImpl.invoke0(Native Method)
	at sun.reflect.NativeMethodAccessorImpl.invoke(NativeMethodAccessorImpl.java:39)
	at sun.reflect.DelegatingMethodAccessorImpl.invoke(DelegatingMethodAccessorImpl.java:25)
	at java.lang.reflect.Method.invoke(Method.java:592)
	at org.junit.runners.model.FrameworkMethod$1.runReflectiveCall(FrameworkMethod.java:44)
	at org.junit.internal.runners.model.ReflectiveCallable.run(ReflectiveCallable.java:15)
	at org.junit.runners.model.FrameworkMethod.invokeExplosively(FrameworkMethod.java:41)
	at org.junit.internal.runners.statements.InvokeMethod.evaluate(InvokeMethod.java:20)
	at org.junit.internal.runners.statements.ExpectException.evaluate(ExpectException.java:22)
	at org.junit.internal.runners.statements.RunBefores.evaluate(RunBefores.java:28)
	at org.junit.internal.runners.statements.RunAfters.evaluate(RunAfters.java:31)
	at org.junit.runners.BlockJUnit4ClassRunner.runChild(BlockJUnit4ClassRunner.java:73)
	at org.junit.runners.BlockJUnit4ClassRunner.runChild(BlockJUnit4ClassRunner.java:46)
	at org.junit.runners.ParentRunner.runChildren(ParentRunner.java:180)
	at org.junit.runners.ParentRunner.access$000(ParentRunner.java:41)
	at org.junit.runners.ParentRunner$1.evaluate(ParentRunner.java:173)
	at org.junit.internal.runners.statements.RunBefores.evaluate(RunBefores.java:28)
	at org.junit.internal.runners.statements.RunAfters.evaluate(RunAfters.java:31)
	at org.junit.runners.ParentRunner.run(ParentRunner.java:220)
	at junit.framework.JUnit4TestAdapter.run(JUnit4TestAdapter.java:39)
	at junit.framework.TestSuite.runTest(TestSuite.java:232)
	at junit.framework.TestSuite.run(TestSuite.java:227)
	at junit.framework.TestSuite.runTest(TestSuite.java:232)
	at junit.framework.TestSuite.run(TestSuite.java:227)
	at org.apache.tools.ant.taskdefs.optional.junit.JUnitTestRunner.run(JUnitTestRunner.java:421)
	at org.apache.tools.ant.taskdefs.optional.junit.JUnitTestRunner.launch(JUnitTestRunner.java:912)
	at org.apache.tools.ant.taskdefs.optional.junit.JUnitTestRunner.main(JUnitTestRunner.java:766)

Entering method [com.cronos.onlinereview.review.payment.impl.DefaultReviewPaymentCalculator.computeReviewPayment(long projectId, double primaryPayment, double secondaryPaymentPool, ReviewerStatistics[] statistics)].
The parameters: {projectId=1, primaryPayment=120.0, secondaryPaymentPool=200.0, statistics=[com.topcoder.management.resource.ReviewerStatistics {creationUser=null, creationTimestamp=null, modificationUser=null, modificationTimestamp=null, id=0, accuracy=-1.0, coverage=-1.0, timelineReliability=0.85, totalEvaluationCoefficient=-1.0, reviewerId=1001, competitionTypeId=0, projectId=1, statisticsType=HISTORY, eligibilityPoints=0.0}, com.topcoder.management.resource.ReviewerStatistics {creationUser=null, creationTimestamp=null, modificationUser=null, modificationTimestamp=null, id=0, accuracy=0.85, coverage=-0.0010, timelineReliability=1.0, totalEvaluationCoefficient=-1.0, reviewerId=1002, competitionTypeId=0, projectId=1, statisticsType=HISTORY, eligibilityPoints=0.0}, com.topcoder.management.resource.ReviewerStatistics {creationUser=null, creationTimestamp=null, modificationUser=null, modificationTimestamp=null, id=0, accuracy=1.0, coverage=0.39, timelineReliability=0.74, totalEvaluationCoefficient=-1.0, reviewerId=1003, competitionTypeId=0, projectId=1, statisticsType=HISTORY, eligibilityPoints=0.0}]}
Error in method [com.cronos.onlinereview.review.payment.impl.DefaultReviewPaymentCalculator.computeReviewPayment(long projectId, double primaryPayment, double secondaryPaymentPool, ReviewerStatistics[] statistics)], details: InvalidReviewersStatisticsException is thrown when computing the review payments.
com.cronos.onlinereview.review.payment.InvalidReviewersStatisticsException: The coverage value must be in range [0, 1].
	at com.cronos.onlinereview.review.payment.impl.DefaultReviewPaymentCalculator.checkRange(DefaultReviewPaymentCalculator.java:544)
	at com.cronos.onlinereview.review.payment.impl.DefaultReviewPaymentCalculator.computeReviewPayment(DefaultReviewPaymentCalculator.java:441)
	at com.cronos.onlinereview.review.payment.impl.DefaultReviewPaymentCalculator.computeReviewPayment(DefaultReviewPaymentCalculator.java:379)
[...]
Error in method [com.cronos.onlinereview.review.payment.impl.DefaultReviewPaymentCalculator.computeReviewPayment(long projectId, double primaryPayment, double secondaryPaymentPool, ReviewerStatistics[] statistics)], details: InvalidReviewersStatisticsException is thrown when computing the review payments.
com.cronos.onlinereview.review.payment.InvalidReviewersStatisticsException: The statistics type must be 'HISTORY'.
	at com.cronos.onlinereview.review.payment.impl.DefaultReviewPaymentCalculator.computeReviewPayment(DefaultReviewPaymentCalculator.java:348)
	at com.cronos.onlinereview.review.payment.failuretests.DefaultReviewPaymentCalculatorFailureTest.test_computeReviewPayment4(DefaultReviewPaymentCalculatorFailureTest.java:242)
	at sun.reflect.NativeMethodAccessorImpl.invoke0(Native Method)
	at sun.reflect.NativeMethodAccessorImpl.invoke(NativeMethodAccessorImpl.java:39)
	at sun.reflect.DelegatingMethodAccessorImpl.invoke(DelegatingMethodAccessorImpl.java:25)
	at java.lang.reflect.Method.invoke(Method.java:592)
	at junit.framework.TestCase.runTest(TestCase.java:168)
	at junit.framework.TestCase.runBare(TestCase.java:134)
	at junit.framework.TestResult$1.protect(TestResult.java:110)
	at junit.framework.TestResult.runProtected(TestResult.java:128)
	at junit.framework.TestResult.run(TestResult.java:113)
	at junit.framework.TestCase.run(TestCase.java:124)
	at junit.framework.TestSuite.runTest(TestSuite.java:232)
	at junit.framework.TestSuite.run(TestSuite.java:227)
	at junit.framework.TestSuite.runTest(TestSuite.java:232)
	at junit.framework.TestSuite.run(TestSuite.java:227)
	at junit.framework.TestSuite.runTest(TestSuite.java:232)
	at junit.framework.TestSuite.run(TestSuite.java:227)
	at org.apache.tools.ant.taskdefs.optional.junit.JUnitTestRunner.run(JUnitTestRunner.java:421)
	at org.apache.tools.ant.taskdefs.optional.junit.JUnitTestRunner.launch(JUnitTestRunner.java:912)
	at org.apache.tools.ant.taskdefs.optional.junit.JUnitTestRunner.main(JUnitTestRunner.java:766)

Entering method [com.cronos.onlinereview.review.payment.impl.DefaultReviewPaymentCalculator.computeReviewPayment(long projectId, double primaryPayment, double secondaryPaymentPool, ReviewerStatistics[] statistics)].
The parameters: {projectId=100, primaryPayment=300.0, secondaryPaymentPool=400.0, statistics=[com.topcoder.management.resource.ReviewerStatistics {creationUser=null, creationTimestamp=null, modificationUser=null, modificationTimestamp=null, id=0, accuracy=-1.0, coverage=0.8, timelineReliability=0.9, totalEvaluationCoefficient=-1.0, reviewerId=3001, competitionTypeId=0, projectId=100, statisticsType=HISTORY, eligibilityPoints=0.0}, com.topcoder.management.resource.ReviewerStatistics {creationUser=null, creationTimestamp=null, modificationUser=null, modificationTimestamp=null, id=0, accuracy=0.8, coverage=0.9, timelineReliability=0.91, totalEvaluationCoefficient=-1.0, reviewerId=3002, competitionTypeId=0, projectId=100, statisticsType=HISTORY, eligibilityPoints=0.0}, com.topcoder.management.resource.ReviewerStatistics {creationUser=null, creationTimestamp=null, modificationUser=null, modificationTimestamp=null, id=0, accuracy=0.7, coverage=0.6, timelineReliability=0.92, totalEvaluationCoefficient=-1.0, reviewerId=3003, competitionTypeId=0, projectId=100, statisticsType=HISTORY, eligibilityPoints=0.0}]}
Error in method [com.cronos.onlinereview.review.payment.impl.DefaultReviewPaymentCalculator.computeReviewPayment(long projectId, double primaryPayment, double secondaryPaymentPool, ReviewerStatistics[] statistics)], details: InvalidReviewersStatisticsException is thrown when computing the review payments.
com.cronos.onlinereview.review.payment.InvalidReviewersStatisticsException: No primary reviewer statistics found.
	at com.cronos.onlinereview.review.payment.impl.DefaultReviewPaymentCalculator.computeReviewPayment(DefaultReviewPaymentCalculator.java:375)
	at com.cronos.onlinereview.review.payment.failuretests.DefaultReviewPaymentCalculatorFailureTest.test_computeReviewPayment5(DefaultReviewPaymentCalculatorFailureTest.java:260)
	at sun.reflect.NativeMethodAccessorImpl.invoke0(Native Method)
	at sun.reflect.NativeMethodAccessorImpl.invoke(NativeMethodAccessorImpl.java:39)
	at sun.reflect.DelegatingMethodAccessorImpl.invoke(DelegatingMethodAccessorImpl.java:25)
	at java.lang.reflect.Method.invoke(Method.java:592)
	at junit.framework.TestCase.runTest(TestCase.java:168)
	at junit.framework.TestCase.runBare(TestCase.java:134)
	at junit.framework.TestResult$1.protect(TestResult.java:110)
	at junit.framework.TestResult.runProtected(TestResult.java:128)
	at junit.framework.TestResult.run(TestResult.java:113)
	at junit.framework.TestCase.run(TestCase.java:124)
	at junit.framework.TestSuite.runTest(TestSuite.java:232)
	at junit.framework.TestSuite.run(TestSuite.java:227)
	at junit.framework.TestSuite.runTest(TestSuite.java:232)
	at junit.framework.TestSuite.run(TestSuite.java:227)
	at junit.framework.TestSuite.runTest(TestSuite.java:232)
	at junit.framework.TestSuite.run(TestSuite.java:227)
	at org.apache.tools.ant.taskdefs.optional.junit.JUnitTestRunner.run(JUnitTestRunner.java:421)
	at org.apache.tools.ant.taskdefs.optional.junit.JUnitTestRunner.launch(JUnitTestRunner.java:912)
	at org.apache.tools.ant.taskdefs.optional.junit.JUnitTestRunner.main(JUnitTestRunner.java:766)

Entering method [com.cronos.onlinereview.review.payment.impl.DefaultReviewPaymentCalculator.computeReviewPayment(long projectId, double primaryPayment, double secondaryPaymentPool, ReviewerStatistics[] statistics)].
The parameters: {projectId=100, primaryPayment=300.0, secondaryPaymentPool=400.0, statistics=[com.topcoder.management.resource.ReviewerStatistics {creationUser=null, creationTimestamp=null, modificationUser=null, modificationTimestamp=null, id=0, accuracy=-1.0, coverage=-1.0, timelineReliability=0.9, totalEvaluationCoefficient=-1.0, reviewerId=3001, competitionTypeId=0, projectId=100, statisticsType=HISTORY, eligibilityPoints=0.0}, com.topcoder.management.resource.ReviewerStatistics {creationUser=null, creationTimestamp=null, modificationUser=null, modificationTimestamp=null, id=0, accuracy=0.8, coverage=1.1, timelineReliability=0.91, totalEvaluationCoefficient=-1.0, reviewerId=3002, competitionTypeId=0, projectId=100, statisticsType=HISTORY, eligibilityPoints=0.0}, com.topcoder.management.resource.ReviewerStatistics {creationUser=null, creationTimestamp=null, modificationUser=null, modificationTimestamp=null, id=0, accuracy=0.7, coverage=0.6, timelineReliability=0.92, totalEvaluationCoefficient=-1.0, reviewerId=3003, competitionTypeId=0, projectId=100, statisticsType=HISTORY, eligibilityPoints=0.0}]}
Error in method [com.cronos.onlinereview.review.payment.impl.DefaultReviewPaymentCalculator.computeReviewPayment(long projectId, double primaryPayment, double secondaryPaymentPool, ReviewerStatistics[] statistics)], details: InvalidReviewersStatisticsException is thrown when computing the review payments.
com.cronos.onlinereview.review.payment.InvalidReviewersStatisticsException: The coverage value must be in range [0, 1].
	at com.cronos.onlinereview.review.payment.impl.DefaultReviewPaymentCalculator.checkRange(DefaultReviewPaymentCalculator.java:544)
	at com.cronos.onlinereview.review.payment.impl.DefaultReviewPaymentCalculator.computeReviewPayment(DefaultReviewPaymentCalculator.java:441)
	at com.cronos.onlinereview.review.payment.impl.DefaultReviewPaymentCalculator.computeReviewPayment(DefaultReviewPaymentCalculator.java:379)
	at com.cronos.onlinereview.review.payment.failuretests.DefaultReviewPaymentCalculatorFailureTest.test_computeReviewPayment6(DefaultReviewPaymentCalculatorFailureTest.java:277)
	at sun.reflect.NativeMethodAccessorImpl.invoke0(Native Method)
	at sun.reflect.NativeMethodAccessorImpl.invoke(NativeMethodAccessorImpl.java:39)
	at sun.reflect.DelegatingMethodAccessorImpl.invoke(DelegatingMethodAccessorImpl.java:25)
	at java.lang.reflect.Method.invoke(Method.java:592)
	at junit.framework.TestCase.runTest(TestCase.java:168)
	at junit.framework.TestCase.runBare(TestCase.java:134)
	at junit.framework.TestResult$1.protect(TestResult.java:110)
	at junit.framework.TestResult.runProtected(TestResult.java:128)
	at junit.framework.TestResult.run(TestResult.java:113)
	at junit.framework.TestCase.run(TestCase.java:124)
	at junit.framework.TestSuite.runTest(TestSuite.java:232)
	at junit.framework.TestSuite.run(TestSuite.java:227)
	at junit.framework.TestSuite.runTest(TestSuite.java:232)
	at junit.framework.TestSuite.run(TestSuite.java:227)
	at junit.framework.TestSuite.runTest(TestSuite.java:232)
	at junit.framework.TestSuite.run(TestSuite.java:227)
	at org.apache.tools.ant.taskdefs.optional.junit.JUnitTestRunner.run(JUnitTestRunner.java:421)
	at org.apache.tools.ant.taskdefs.optional.junit.JUnitTestRunner.launch(JUnitTestRunner.java:912)
	at org.apache.tools.ant.taskdefs.optional.junit.JUnitTestRunner.main(JUnitTestRunner.java:766)

Entering method [com.cronos.onlinereview.review.payment.impl.DefaultReviewPaymentCalculator.computeReviewPayment(long projectId, double primaryPayment, double secondaryPaymentPool, ReviewerStatistics[] statistics)].
The parameters: {projectId=100, primaryPayment=300.0, secondaryPaymentPool=400.0, statistics=[com.topcoder.management.resource.ReviewerStatistics {creationUser=null, creationTimestamp=null, modificationUser=null, modificationTimestamp=null, id=0, accuracy=-1.0, coverage=-1.0, timelineReliability=0.9, totalEvaluationCoefficient=-1.0, reviewerId=3001, competitionTypeId=0, projectId=100, statisticsType=HISTORY, eligibilityPoints=0.0}, com.topcoder.management.resource.ReviewerStatistics {creationUser=null, creationTimestamp=null, modificationUser=null, modificationTimestamp=null, id=0, accuracy=0.8, coverage=-0.1, timelineReliability=0.91, totalEvaluationCoefficient=-1.0, reviewerId=3002, competitionTypeId=0, projectId=100, statisticsType=HISTORY, eligibilityPoints=0.0}, com.topcoder.management.resource.ReviewerStatistics {creationUser=null, creationTimestamp=null, modificationUser=null, modificationTimestamp=null, id=0, accuracy=0.7, coverage=0.6, timelineReliability=0.92, totalEvaluationCoefficient=-1.0, reviewerId=3003, competitionTypeId=0, projectId=100, statisticsType=HISTORY, eligibilityPoints=0.0}]}
Error in method [com.cronos.onlinereview.review.payment.impl.DefaultReviewPaymentCalculator.computeReviewPayment(long projectId, double primaryPayment, double secondaryPaymentPool, ReviewerStatistics[] statistics)], details: InvalidReviewersStatisticsException is thrown when computing the review payments.
com.cronos.onlinereview.review.payment.InvalidReviewersStatisticsException: The coverage value must be in range [0, 1].
	at com.cronos.onlinereview.review.payment.impl.DefaultReviewPaymentCalculator.checkRange(DefaultReviewPaymentCalculator.java:544)
	at com.cronos.onlinereview.review.payment.impl.DefaultReviewPaymentCalculator.computeReviewPayment(DefaultReviewPaymentCalculator.java:441)
	at com.cronos.onlinereview.review.payment.impl.DefaultReviewPaymentCalculator.computeReviewPayment(DefaultReviewPaymentCalculator.java:379)
	at com.cronos.onlinereview.review.payment.failuretests.DefaultReviewPaymentCalculatorFailureTest.test_computeReviewPayment7(DefaultReviewPaymentCalculatorFailureTest.java:294)
	at sun.reflect.NativeMethodAccessorImpl.invoke0(Native Method)
	at sun.reflect.NativeMethodAccessorImpl.invoke(NativeMethodAccessorImpl.java:39)
	at sun.reflect.DelegatingMethodAccessorImpl.invoke(DelegatingMethodAccessorImpl.java:25)
	at java.lang.reflect.Method.invoke(Method.java:592)
	at junit.framework.TestCase.runTest(TestCase.java:168)
	at junit.framework.TestCase.runBare(TestCase.java:134)
	at junit.framework.TestResult$1.protect(TestResult.java:110)
	at junit.framework.TestResult.runProtected(TestResult.java:128)
	at junit.framework.TestResult.run(TestResult.java:113)
	at junit.framework.TestCase.run(TestCase.java:124)
	at junit.framework.TestSuite.runTest(TestSuite.java:232)
	at junit.framework.TestSuite.run(TestSuite.java:227)
	at junit.framework.TestSuite.runTest(TestSuite.java:232)
	at junit.framework.TestSuite.run(TestSuite.java:227)
	at junit.framework.TestSuite.runTest(TestSuite.java:232)
	at junit.framework.TestSuite.run(TestSuite.java:227)
	at org.apache.tools.ant.taskdefs.optional.junit.JUnitTestRunner.run(JUnitTestRunner.java:421)
	at org.apache.tools.ant.taskdefs.optional.junit.JUnitTestRunner.launch(JUnitTestRunner.java:912)
	at org.apache.tools.ant.taskdefs.optional.junit.JUnitTestRunner.main(JUnitTestRunner.java:766)

Entering method [com.cronos.onlinereview.review.payment.impl.DefaultReviewPaymentCalculator.computeReviewPayment(long projectId, double primaryPayment, double secondaryPaymentPool, ReviewerStatistics[] statistics)].
The parameters: {projectId=100, primaryPayment=300.0, secondaryPaymentPool=400.0, statistics=[com.topcoder.management.resource.ReviewerStatistics {creationUser=null, creationTimestamp=null, modificationUser=null, modificationTimestamp=null, id=0, accuracy=-1.0, coverage=-1.0, timelineReliability=-0.1, totalEvaluationCoefficient=-1.0, reviewerId=3001, competitionTypeId=0, projectId=100, statisticsType=HISTORY, eligibilityPoints=0.0}, com.topcoder.management.resource.ReviewerStatistics {creationUser=null, creationTimestamp=null, modificationUser=null, modificationTimestamp=null, id=0, accuracy=0.8, coverage=0.9, timelineReliability=0.91, totalEvaluationCoefficient=-1.0, reviewerId=3002, competitionTypeId=0, projectId=100, statisticsType=HISTORY, eligibilityPoints=0.0}, com.topcoder.management.resource.ReviewerStatistics {creationUser=null, creationTimestamp=null, modificationUser=null, modificationTimestamp=null, id=0, accuracy=0.7, coverage=0.6, timelineReliability=0.92, totalEvaluationCoefficient=-1.0, reviewerId=3003, competitionTypeId=0, projectId=100, statisticsType=HISTORY, eligibilityPoints=0.0}]}
Error in method [com.cronos.onlinereview.review.payment.impl.DefaultReviewPaymentCalculator.computeReviewPayment(long projectId, double primaryPayment, double secondaryPaymentPool, ReviewerStatistics[] statistics)], details: InvalidReviewersStatisticsException is thrown when computing the review payments.
com.cronos.onlinereview.review.payment.InvalidReviewersStatisticsException: The timeline reliability must be in range [0, 1].
	at com.cronos.onlinereview.review.payment.impl.DefaultReviewPaymentCalculator.checkRange(DefaultReviewPaymentCalculator.java:544)
	at com.cronos.onlinereview.review.payment.impl.DefaultReviewPaymentCalculator.computeReviewPayment(DefaultReviewPaymentCalculator.java:360)
	at com.cronos.onlinereview.review.payment.failuretests.DefaultReviewPaymentCalculatorFailureTest.test_computeReviewPayment8(DefaultReviewPaymentCalculatorFailureTest.java:311)
	at sun.reflect.NativeMethodAccessorImpl.invoke0(Native Method)
	at sun.reflect.NativeMethodAccessorImpl.invoke(NativeMethodAccessorImpl.java:39)
	at sun.reflect.DelegatingMethodAccessorImpl.invoke(DelegatingMethodAccessorImpl.java:25)
	at java.lang.reflect.Method.invoke(Method.java:592)
	at junit.framework.TestCase.runTest(TestCase.java:168)
	at junit.framework.TestCase.runBare(TestCase.java:134)
	at junit.framework.TestResult$1.protect(TestResult.java:110)
	at junit.framework.TestResult.runProtected(TestResult.java:128)
	at junit.framework.TestResult.run(TestResult.java:113)
	at junit.framework.TestCase.run(TestCase.java:124)
	at junit.framework.TestSuite.runTest(TestSuite.java:232)
	at junit.framework.TestSuite.run(TestSuite.java:227)
	at junit.framework.TestSuite.runTest(TestSuite.java:232)
	at junit.framework.TestSuite.run(TestSuite.java:227)
	at junit.framework.TestSuite.runTest(TestSuite.java:232)
	at junit.framework.TestSuite.run(TestSuite.java:227)
	at org.apache.tools.ant.taskdefs.optional.junit.JUnitTestRunner.run(JUnitTestRunner.java:421)
	at org.apache.tools.ant.taskdefs.optional.junit.JUnitTestRunner.launch(JUnitTestRunner.java:912)
	at org.apache.tools.ant.taskdefs.optional.junit.JUnitTestRunner.main(JUnitTestRunner.java:766)

Entering method [com.cronos.onlinereview.review.payment.impl.DefaultReviewPaymentCalculator.computeReviewPayment(long projectId, double primaryPayment, double secondaryPaymentPool, ReviewerStatistics[] statistics)].
The parameters: {projectId=100, primaryPayment=300.0, secondaryPaymentPool=400.0, statistics=[com.topcoder.management.resource.ReviewerStatistics {creationUser=null, creationTimestamp=null, modificationUser=null, modificationTimestamp=null, id=0, accuracy=-1.0, coverage=-1.0, timelineReliability=0.9, totalEvaluationCoefficient=-1.0, reviewerId=3001, competitionTypeId=0, projectId=100, statisticsType=HISTORY, eligibilityPoints=0.0}, com.topcoder.management.resource.ReviewerStatistics {creationUser=null, creationTimestamp=null, modificationUser=null, modificationTimestamp=null, id=0, accuracy=0.8, coverage=0.9, timelineReliability=1.1, totalEvaluationCoefficient=-1.0, reviewerId=3002, competitionTypeId=0, projectId=100, statisticsType=HISTORY, eligibilityPoints=0.0}, com.topcoder.management.resource.ReviewerStatistics {creationUser=null, creationTimestamp=null, modificationUser=null, modificationTimestamp=null, id=0, accuracy=0.7, coverage=0.6, timelineReliability=0.92, totalEvaluationCoefficient=-1.0, reviewerId=3003, competitionTypeId=0, projectId=100, statisticsType=HISTORY, eligibilityPoints=0.0}]}
Error in method [com.cronos.onlinereview.review.payment.impl.DefaultReviewPaymentCalculator.computeReviewPayment(long projectId, double primaryPayment, double secondaryPaymentPool, ReviewerStatistics[] statistics)], details: InvalidReviewersStatisticsException is thrown when computing the review payments.
com.cronos.onlinereview.review.payment.InvalidReviewersStatisticsException: The timeline reliability must be in range [0, 1].
	at com.cronos.onlinereview.review.payment.impl.DefaultReviewPaymentCalculator.checkRange(DefaultReviewPaymentCalculator.java:544)
	at com.cronos.onlinereview.review.payment.impl.DefaultReviewPaymentCalculator.computeReviewPayment(DefaultReviewPaymentCalculator.java:441)
	at com.cronos.onlinereview.review.payment.impl.DefaultReviewPaymentCalculator.computeReviewPayment(DefaultReviewPaymentCalculator.java:379)
	at com.cronos.onlinereview.review.payment.failuretests.DefaultReviewPaymentCalculatorFailureTest.test_computeReviewPayment9(DefaultReviewPaymentCalculatorFailureTest.java:328)
	at sun.reflect.NativeMethodAccessorImpl.invoke0(Native Method)
	at sun.reflect.NativeMethodAccessorImpl.invoke(NativeMethodAccessorImpl.java:39)
	at sun.reflect.DelegatingMethodAccessorImpl.invoke(DelegatingMethodAccessorImpl.java:25)
	at java.lang.reflect.Method.invoke(Method.java:592)
	at junit.framework.TestCase.runTest(TestCase.java:168)
	at junit.framework.TestCase.runBare(TestCase.java:134)
	at junit.framework.TestResult$1.protect(TestResult.java:110)
	at junit.framework.TestResult.runProtected(TestResult.java:128)
	at junit.framework.TestResult.run(TestResult.java:113)
	at junit.framework.TestCase.run(TestCase.java:124)
	at junit.framework.TestSuite.runTest(TestSuite.java:232)
	at junit.framework.TestSuite.run(TestSuite.java:227)
	at junit.framework.TestSuite.runTest(TestSuite.java:232)
	at junit.framework.TestSuite.run(TestSuite.java:227)
	at junit.framework.TestSuite.runTest(TestSuite.java:232)
	at junit.framework.TestSuite.run(TestSuite.java:227)
	at org.apache.tools.ant.taskdefs.optional.junit.JUnitTestRunner.run(JUnitTestRunner.java:421)
	at org.apache.tools.ant.taskdefs.optional.junit.JUnitTestRunner.launch(JUnitTestRunner.java:912)
	at org.apache.tools.ant.taskdefs.optional.junit.JUnitTestRunner.main(JUnitTestRunner.java:766)

]]></system-err>

  </testsuite>
</testsuites>
