<?xml version="1.0" encoding="UTF-8" ?>
<testsuite name="com.orpheus.auction.persistence.AllTests" tests="415" failures="0" errors="0" time="54.891">
  <properties>
[...]
</properties>
  <testcase name="testGetAuctionDAOFailure1" classname="com.orpheus.auction.persistence.failuretests.AuctionDAOFactoryFailureTest" time="0.031"></testcase>
  <testcase name="testGetAuctionDAOFailure2" classname="com.orpheus.auction.persistence.failuretests.AuctionDAOFactoryFailureTest" time="0.032"></testcase>
  <testcase name="testGetAuctionDAOFailure3" classname="com.orpheus.auction.persistence.failuretests.AuctionDAOFactoryFailureTest" time="0.015"></testcase>
  <testcase name="testGetAuctionDAOFailure4" classname="com.orpheus.auction.persistence.failuretests.AuctionDAOFactoryFailureTest" time="0.016"></testcase>
  <testcase name="testGetAuctionDAOFailure5" classname="com.orpheus.auction.persistence.failuretests.AuctionDAOFactoryFailureTest" time="0.031"></testcase>
  <testcase name="testGetAuctionDAOFailure6" classname="com.orpheus.auction.persistence.failuretests.AuctionDAOFactoryFailureTest" time="0.016"></testcase>
  <testcase name="testGetAuctionDAOFailure7" classname="com.orpheus.auction.persistence.failuretests.AuctionDAOFactoryFailureTest" time="0.0"></testcase>
  <testcase name="testGetAuctionDAOFailure8" classname="com.orpheus.auction.persistence.failuretests.AuctionDAOFactoryFailureTest" time="0.015"></testcase>
  <testcase name="testGetAuctionDAOFailure9" classname="com.orpheus.auction.persistence.failuretests.AuctionDAOFactoryFailureTest" time="0.016"></testcase>
  <testcase name="testGetAuctionDAOFailure10" classname="com.orpheus.auction.persistence.failuretests.AuctionDAOFactoryFailureTest" time="0.016"></testcase>
  <testcase name="testGetAuctionDAOFailure11" classname="com.orpheus.auction.persistence.failuretests.AuctionDAOFactoryFailureTest" time="0.046"></testcase>
  <testcase name="testGetAuctionDAOFailure12" classname="com.orpheus.auction.persistence.failuretests.AuctionDAOFactoryFailureTest" time="0.016"></testcase>
  <testcase name="testCustomAuctionPersistence_NullParam" classname="com.orpheus.auction.persistence.failuretests.CustomAuctionPersistenceFailureTest" time="0.203"></testcase>
  <testcase name="testCustomAuctionPersistence_TrimmedEmptyParam" classname="com.orpheus.auction.persistence.failuretests.CustomAuctionPersistenceFailureTest" time="0.094"></testcase>
  <testcase name="testCustomAuctionPersistence_EmptyParam" classname="com.orpheus.auction.persistence.failuretests.CustomAuctionPersistenceFailureTest" time="0.094"></testcase>
  <testcase name="testCustomAuctionPersistence1" classname="com.orpheus.auction.persistence.failuretests.CustomAuctionPersistenceFailureTest" time="0.093"></testcase>
  <testcase name="testCustomAuctionPersistence2" classname="com.orpheus.auction.persistence.failuretests.CustomAuctionPersistenceFailureTest" time="0.063"></testcase>
  <testcase name="testCustomAuctionPersistence3" classname="com.orpheus.auction.persistence.failuretests.CustomAuctionPersistenceFailureTest" time="0.141"></testcase>
  <testcase name="testCustomAuctionPersistence4" classname="com.orpheus.auction.persistence.failuretests.CustomAuctionPersistenceFailureTest" time="0.093"></testcase>
  <testcase name="testCustomAuctionPersistence5" classname="com.orpheus.auction.persistence.failuretests.CustomAuctionPersistenceFailureTest" time="0.078"></testcase>
  <testcase name="testCustomAuctionPersistence6" classname="com.orpheus.auction.persistence.failuretests.CustomAuctionPersistenceFailureTest" time="0.094"></testcase>
  <testcase name="testCustomAuctionPersistence7" classname="com.orpheus.auction.persistence.failuretests.CustomAuctionPersistenceFailureTest" time="0.078"></testcase>
  <testcase name="testCustomAuctionPersistence8" classname="com.orpheus.auction.persistence.failuretests.CustomAuctionPersistenceFailureTest" time="0.094"></testcase>
  <testcase name="testCustomAuctionPersistence9" classname="com.orpheus.auction.persistence.failuretests.CustomAuctionPersistenceFailureTest" time="0.109"></testcase>
  <testcase name="testCustomAuctionPersistence10" classname="com.orpheus.auction.persistence.failuretests.CustomAuctionPersistenceFailureTest" time="0.11"></testcase>
  <testcase name="testCustomAuctionPersistence11" classname="com.orpheus.auction.persistence.failuretests.CustomAuctionPersistenceFailureTest" time="0.094"></testcase>
  <testcase name="testCustomAuctionPersistence12" classname="com.orpheus.auction.persistence.failuretests.CustomAuctionPersistenceFailureTest" time="0.093"></testcase>
  <testcase name="testCustomAuctionPersistence13" classname="com.orpheus.auction.persistence.failuretests.CustomAuctionPersistenceFailureTest" time="0.094"></testcase>
  <testcase name="testCustomAuctionPersistence14" classname="com.orpheus.auction.persistence.failuretests.CustomAuctionPersistenceFailureTest" time="0.063"></testcase>
  <testcase name="testCustomAuctionPersistence15" classname="com.orpheus.auction.persistence.failuretests.CustomAuctionPersistenceFailureTest" time="0.078"></testcase>
  <testcase name="testCustomAuctionPersistence16" classname="com.orpheus.auction.persistence.failuretests.CustomAuctionPersistenceFailureTest" time="0.093"></testcase>
  <testcase name="testCustomAuctionPersistence17" classname="com.orpheus.auction.persistence.failuretests.CustomAuctionPersistenceFailureTest" time="0.079"></testcase>
  <testcase name="testCreateAution_NullParam" classname="com.orpheus.auction.persistence.failuretests.CustomAuctionPersistenceFailureTest" time="0.109"></testcase>
  <testcase name="testCreateAution_InvalidEntry" classname="com.orpheus.auction.persistence.failuretests.CustomAuctionPersistenceFailureTest" time="0.125"></testcase>
  <testcase name="testCreateAution_DuplicatedEntry" classname="com.orpheus.auction.persistence.failuretests.CustomAuctionPersistenceFailureTest" time="0.109"></testcase>
  <testcase name="testUpdateAuction_NullParam" classname="com.orpheus.auction.persistence.failuretests.CustomAuctionPersistenceFailureTest" time="0.047"></testcase>
  <testcase name="testUpdateAuction_InvalidEntry" classname="com.orpheus.auction.persistence.failuretests.CustomAuctionPersistenceFailureTest" time="0.078"></testcase>
  <testcase name="testUpdateBids_NullParam" classname="com.orpheus.auction.persistence.failuretests.CustomAuctionPersistenceFailureTest" time="0.063"></testcase>
  <testcase name="testUpdateBids_ContainsNull" classname="com.orpheus.auction.persistence.failuretests.CustomAuctionPersistenceFailureTest" time="0.109"></testcase>
  <testcase name="testFindAuctionsByDate_IAE" classname="com.orpheus.auction.persistence.failuretests.CustomAuctionPersistenceFailureTest" time="1.063"></testcase>
  <testcase name="testCtor_IAE" classname="com.orpheus.auction.persistence.failuretests.CustomBidFailureTest" time="0.0"></testcase>
  <testcase name="testLocalCustomAuctionPersistence1" classname="com.orpheus.auction.persistence.failuretests.LocalCustomAuctionPersistenceFailureTest" time="0.015"></testcase>
  <testcase name="testLocalCustomAuctionPersistence2" classname="com.orpheus.auction.persistence.failuretests.LocalCustomAuctionPersistenceFailureTest" time="0.016"></testcase>
  <testcase name="testLocalCustomAuctionPersistence3" classname="com.orpheus.auction.persistence.failuretests.LocalCustomAuctionPersistenceFailureTest" time="0.047"></testcase>
  <testcase name="testLocalCustomAuctionPersistence4" classname="com.orpheus.auction.persistence.failuretests.LocalCustomAuctionPersistenceFailureTest" time="0.0"></testcase>
  <testcase name="testLocalCustomAuctionPersistence5" classname="com.orpheus.auction.persistence.failuretests.LocalCustomAuctionPersistenceFailureTest" time="0.437"></testcase>
  <testcase name="testRemoteCustomAuctionPersistence1" classname="com.orpheus.auction.persistence.failuretests.RemoteCustomAuctionPersistenceFailureTest" time="0.016"></testcase>
  <testcase name="testRemoteCustomAuctionPersistence2" classname="com.orpheus.auction.persistence.failuretests.RemoteCustomAuctionPersistenceFailureTest" time="0.016"></testcase>
  <testcase name="testRemoteCustomAuctionPersistence3" classname="com.orpheus.auction.persistence.failuretests.RemoteCustomAuctionPersistenceFailureTest" time="0.015"></testcase>
  <testcase name="testRemoteCustomAuctionPersistence4" classname="com.orpheus.auction.persistence.failuretests.RemoteCustomAuctionPersistenceFailureTest" time="0.016"></testcase>
  <testcase name="testRemoteCustomAuctionPersistence5" classname="com.orpheus.auction.persistence.failuretests.RemoteCustomAuctionPersistenceFailureTest" time="0.015"></testcase>
  <testcase name="testUpdateAuction_NullParam" classname="com.orpheus.auction.persistence.failuretests.AuctionBeanFailureTest" time="0.016"></testcase>
  <testcase name="testUpdateBids_NullParam" classname="com.orpheus.auction.persistence.failuretests.AuctionBeanFailureTest" time="0.0"></testcase>
  <testcase name="testUpdateBids_ContainsNull" classname="com.orpheus.auction.persistence.failuretests.AuctionBeanFailureTest" time="0.0"></testcase>
  <testcase name="testCreateAuction_NullParam" classname="com.orpheus.auction.persistence.failuretests.AuctionBeanFailureTest" time="0.0"></testcase>
  <testcase name="testAssembleAuctionFailure" classname="com.orpheus.auction.persistence.failuretests.DefaultAuctionTranslatorFailureTest" time="0.0"></testcase>
  <testcase name="testAssembleAuctionDTOFailure" classname="com.orpheus.auction.persistence.failuretests.DefaultAuctionTranslatorFailureTest" time="0.0"></testcase>
  <testcase name="testAssembleAuctionDTOFailure2" classname="com.orpheus.auction.persistence.failuretests.DefaultAuctionTranslatorFailureTest" time="0.0"></testcase>
  <testcase name="testAssembleBidFailure" classname="com.orpheus.auction.persistence.failuretests.DefaultAuctionTranslatorFailureTest" time="0.0"></testcase>
  <testcase name="testAssembleBidDTOFailure" classname="com.orpheus.auction.persistence.failuretests.DefaultAuctionTranslatorFailureTest" time="0.0"></testcase>
  <testcase name="testAssembleBidDTOFailure2" classname="com.orpheus.auction.persistence.failuretests.DefaultAuctionTranslatorFailureTest" time="0.016"></testcase>
  <testcase name="testSQLServerAuctionDAO_NullParam" classname="com.orpheus.auction.persistence.failuretests.SQLServerAuctionDAOFailureTest" time="0.984"></testcase>
  <testcase name="testSQLServerAuctionDAO_EmptyParam" classname="com.orpheus.auction.persistence.failuretests.SQLServerAuctionDAOFailureTest" time="0.094"></testcase>
  <testcase name="testSQLServerAuctionDAO_TrimmedEmptyParam" classname="com.orpheus.auction.persistence.failuretests.SQLServerAuctionDAOFailureTest" time="0.094"></testcase>
  <testcase name="testSQLServerAuctionDAO1" classname="com.orpheus.auction.persistence.failuretests.SQLServerAuctionDAOFailureTest" time="0.062"></testcase>
  <testcase name="testSQLServerAuctionDAO2" classname="com.orpheus.auction.persistence.failuretests.SQLServerAuctionDAOFailureTest" time="0.078"></testcase>
  <testcase name="testSQLServerAuctionDAO3" classname="com.orpheus.auction.persistence.failuretests.SQLServerAuctionDAOFailureTest" time="0.078"></testcase>
  <testcase name="testSQLServerAuctionDAO4" classname="com.orpheus.auction.persistence.failuretests.SQLServerAuctionDAOFailureTest" time="0.078"></testcase>
  <testcase name="testSQLServerAuctionDAO5" classname="com.orpheus.auction.persistence.failuretests.SQLServerAuctionDAOFailureTest" time="0.11"></testcase>
  <testcase name="testSQLServerAuctionDAO6" classname="com.orpheus.auction.persistence.failuretests.SQLServerAuctionDAOFailureTest" time="0.078"></testcase>
  <testcase name="testSQLServerAuctionDAO7" classname="com.orpheus.auction.persistence.failuretests.SQLServerAuctionDAOFailureTest" time="0.094"></testcase>
  <testcase name="testSQLServerAuctionDAO8" classname="com.orpheus.auction.persistence.failuretests.SQLServerAuctionDAOFailureTest" time="0.062"></testcase>
  <testcase name="testSQLServerAuctionDAO9" classname="com.orpheus.auction.persistence.failuretests.SQLServerAuctionDAOFailureTest" time="0.094"></testcase>
  <testcase name="testSQLServerAuctionDAO10" classname="com.orpheus.auction.persistence.failuretests.SQLServerAuctionDAOFailureTest" time="0.062"></testcase>
  <testcase name="testSQLServerAuctionDAO11" classname="com.orpheus.auction.persistence.failuretests.SQLServerAuctionDAOFailureTest" time="0.079"></testcase>
  <testcase name="testSQLServerAuctionDAO12" classname="com.orpheus.auction.persistence.failuretests.SQLServerAuctionDAOFailureTest" time="0.078"></testcase>
  <testcase name="testSQLServerAuctionDAO13" classname="com.orpheus.auction.persistence.failuretests.SQLServerAuctionDAOFailureTest" time="0.093"></testcase>
  <testcase name="testSQLServerAuctionDAO14" classname="com.orpheus.auction.persistence.failuretests.SQLServerAuctionDAOFailureTest" time="0.063"></testcase>
  <testcase name="testSQLServerAuctionDAO15" classname="com.orpheus.auction.persistence.failuretests.SQLServerAuctionDAOFailureTest" time="0.094"></testcase>
  <testcase name="testCreateAuction1" classname="com.orpheus.auction.persistence.failuretests.SQLServerAuctionDAOFailureTest" time="0.062"></testcase>
  <testcase name="testCreateAuction2" classname="com.orpheus.auction.persistence.failuretests.SQLServerAuctionDAOFailureTest" time="0.11"></testcase>
  <testcase name="testCreateAuction3" classname="com.orpheus.auction.persistence.failuretests.SQLServerAuctionDAOFailureTest" time="0.046"></testcase>
  <testcase name="testCreateAuction4" classname="com.orpheus.auction.persistence.failuretests.SQLServerAuctionDAOFailureTest" time="0.094"></testcase>
  <testcase name="testCreateAuction5" classname="com.orpheus.auction.persistence.failuretests.SQLServerAuctionDAOFailureTest" time="0.063"></testcase>
  <testcase name="testCreateAuction6" classname="com.orpheus.auction.persistence.failuretests.SQLServerAuctionDAOFailureTest" time="0.156"></testcase>
  <testcase name="testCreateAuction7" classname="com.orpheus.auction.persistence.failuretests.SQLServerAuctionDAOFailureTest" time="0.078"></testcase>
  <testcase name="testCreateAuction8" classname="com.orpheus.auction.persistence.failuretests.SQLServerAuctionDAOFailureTest" time="0.109"></testcase>
  <testcase name="testCreateAuction9" classname="com.orpheus.auction.persistence.failuretests.SQLServerAuctionDAOFailureTest" time="0.063"></testcase>
  <testcase name="testGetAuction1" classname="com.orpheus.auction.persistence.failuretests.SQLServerAuctionDAOFailureTest" time="0.891"></testcase>
  <testcase name="testUpdateAuction1" classname="com.orpheus.auction.persistence.failuretests.SQLServerAuctionDAOFailureTest" time="0.14"></testcase>
  <testcase name="testUpdateAuction2" classname="com.orpheus.auction.persistence.failuretests.SQLServerAuctionDAOFailureTest" time="0.063"></testcase>
  <testcase name="testUpdateAuction3" classname="com.orpheus.auction.persistence.failuretests.SQLServerAuctionDAOFailureTest" time="0.093"></testcase>
  <testcase name="testUpdateAuction4" classname="com.orpheus.auction.persistence.failuretests.SQLServerAuctionDAOFailureTest" time="0.063"></testcase>
  <testcase name="testUpdateAuction5" classname="com.orpheus.auction.persistence.failuretests.SQLServerAuctionDAOFailureTest" time="0.094"></testcase>
  <testcase name="testUpdateAuction6" classname="com.orpheus.auction.persistence.failuretests.SQLServerAuctionDAOFailureTest" time="0.062"></testcase>
  <testcase name="testUpdateAuction7" classname="com.orpheus.auction.persistence.failuretests.SQLServerAuctionDAOFailureTest" time="0.078"></testcase>
  <testcase name="testUpdateAuction8" classname="com.orpheus.auction.persistence.failuretests.SQLServerAuctionDAOFailureTest" time="0.063"></testcase>
  <testcase name="testUpdateAuction9" classname="com.orpheus.auction.persistence.failuretests.SQLServerAuctionDAOFailureTest" time="0.109"></testcase>
  <testcase name="testUpdateBids1" classname="com.orpheus.auction.persistence.failuretests.SQLServerAuctionDAOFailureTest" time="0.063"></testcase>
  <testcase name="testUpdateBids2" classname="com.orpheus.auction.persistence.failuretests.SQLServerAuctionDAOFailureTest" time="0.125"></testcase>
  <testcase name="testUpdateBids3" classname="com.orpheus.auction.persistence.failuretests.SQLServerAuctionDAOFailureTest" time="0.078"></testcase>
  <testcase name="testUpdateBids4" classname="com.orpheus.auction.persistence.failuretests.SQLServerAuctionDAOFailureTest" time="0.094"></testcase>
  <testcase name="testUpdateBids5" classname="com.orpheus.auction.persistence.failuretests.SQLServerAuctionDAOFailureTest" time="0.078"></testcase>
  <testcase name="testUpdateBids6" classname="com.orpheus.auction.persistence.failuretests.SQLServerAuctionDAOFailureTest" time="0.109"></testcase>
  <testcase name="testDeleteAuction_NotExistAuctionId" classname="com.orpheus.auction.persistence.failuretests.SQLServerAuctionDAOFailureTest" time="0.125"></testcase>
  <testcase name="testAssembleBid" classname="com.orpheus.auction.persistence.accuracytests.DefaultAuctionTranslatorAccTests" time="0.047"></testcase>
  <testcase name="testAssembleBidDTO" classname="com.orpheus.auction.persistence.accuracytests.DefaultAuctionTranslatorAccTests" time="0.0"></testcase>
  <testcase name="testAssembleAuction" classname="com.orpheus.auction.persistence.accuracytests.DefaultAuctionTranslatorAccTests" time="0.0"></testcase>
  <testcase name="testAssembleAuctionDTO" classname="com.orpheus.auction.persistence.accuracytests.DefaultAuctionTranslatorAccTests" time="0.0"></testcase>
  <testcase name="testCreateAuction" classname="com.orpheus.auction.persistence.accuracytests.LocalCustomAuctionPersistenceAccTests" time="0.656"></testcase>
  <testcase name="testUpdateAuction" classname="com.orpheus.auction.persistence.accuracytests.LocalCustomAuctionPersistenceAccTests" time="0.141"></testcase>
  <testcase name="testUpdateBids" classname="com.orpheus.auction.persistence.accuracytests.LocalCustomAuctionPersistenceAccTests" time="0.125"></testcase>
  <testcase name="testDeleteAuction" classname="com.orpheus.auction.persistence.accuracytests.LocalCustomAuctionPersistenceAccTests" time="0.078"></testcase>
  <testcase name="testFindAuctionsByDate" classname="com.orpheus.auction.persistence.accuracytests.LocalCustomAuctionPersistenceAccTests" time="0.141"></testcase>
  <testcase name="testFindAuctionsByBidder" classname="com.orpheus.auction.persistence.accuracytests.LocalCustomAuctionPersistenceAccTests" time="0.109"></testcase>
  <testcase name="testCreateAuction" classname="com.orpheus.auction.persistence.accuracytests.RemoteCustomAuctionPersistenceAccTests" time="0.531"></testcase>
  <testcase name="testUpdateAuction" classname="com.orpheus.auction.persistence.accuracytests.RemoteCustomAuctionPersistenceAccTests" time="0.297"></testcase>
  <testcase name="testUpdateBids" classname="com.orpheus.auction.persistence.accuracytests.RemoteCustomAuctionPersistenceAccTests" time="0.344"></testcase>
  <testcase name="testDeleteAuction" classname="com.orpheus.auction.persistence.accuracytests.RemoteCustomAuctionPersistenceAccTests" time="0.39"></testcase>
  <testcase name="testFindAuctionsByDate" classname="com.orpheus.auction.persistence.accuracytests.RemoteCustomAuctionPersistenceAccTests" time="0.266"></testcase>
  <testcase name="testFindAuctionsByBidder" classname="com.orpheus.auction.persistence.accuracytests.RemoteCustomAuctionPersistenceAccTests" time="0.188"></testcase>
  <testcase name="testCreateAuction" classname="com.orpheus.auction.persistence.accuracytests.SQLServerAuctionDAOAccTests" time="0.046"></testcase>
  <testcase name="testUpdateAuction" classname="com.orpheus.auction.persistence.accuracytests.SQLServerAuctionDAOAccTests" time="0.063"></testcase>
  <testcase name="testUpdateBids" classname="com.orpheus.auction.persistence.accuracytests.SQLServerAuctionDAOAccTests" time="0.078"></testcase>
  <testcase name="testDeleteAuction" classname="com.orpheus.auction.persistence.accuracytests.SQLServerAuctionDAOAccTests" time="0.094"></testcase>
  <testcase name="testFindAuctionsByDate" classname="com.orpheus.auction.persistence.accuracytests.SQLServerAuctionDAOAccTests" time="0.062"></testcase>
  <testcase name="testFindAuctionsByBidder" classname="com.orpheus.auction.persistence.accuracytests.SQLServerAuctionDAOAccTests" time="0.328"></testcase>
  <testcase name="testGetAuction" classname="com.orpheus.auction.persistence.accuracytests.SQLServerAuctionDAOAccTests" time="0.25"></testcase>
  <testcase name="testPersistenceException1" classname="com.orpheus.auction.persistence.PersistenceExceptionUnitTest" time="0.0"></testcase>
  <testcase name="testPersistenceException2" classname="com.orpheus.auction.persistence.PersistenceExceptionUnitTest" time="0.0"></testcase>
  <testcase name="testPersistenceExceptionInheritance1" classname="com.orpheus.auction.persistence.PersistenceExceptionUnitTest" time="0.0"></testcase>
  <testcase name="testPersistenceExceptionInheritance2" classname="com.orpheus.auction.persistence.PersistenceExceptionUnitTest" time="0.0"></testcase>
  <testcase name="testDuplicateEntryException" classname="com.orpheus.auction.persistence.DuplicateEntryExceptionUnitTest" time="0.0"></testcase>
  <testcase name="testDuplicateEntryExceptionInheritance" classname="com.orpheus.auction.persistence.DuplicateEntryExceptionUnitTest" time="0.0"></testcase>
  <testcase name="testInvalidEntryException" classname="com.orpheus.auction.persistence.InvalidEntryExceptionUnitTest" time="0.0"></testcase>
  <testcase name="testInvalidEntryExceptionInheritance" classname="com.orpheus.auction.persistence.InvalidEntryExceptionUnitTest" time="0.0"></testcase>
  <testcase name="testEntryNotFoundException" classname="com.orpheus.auction.persistence.EntryNotFoundExceptionUnitTest" time="0.0"></testcase>
  <testcase name="testEntryNotFoundExceptionInheritance" classname="com.orpheus.auction.persistence.EntryNotFoundExceptionUnitTest" time="0.0"></testcase>
  <testcase name="testTranslationException1" classname="com.orpheus.auction.persistence.TranslationExceptionUnitTest" time="0.016"></testcase>
  <testcase name="testTranslationException2" classname="com.orpheus.auction.persistence.TranslationExceptionUnitTest" time="0.0"></testcase>
  <testcase name="testTranslationExceptionInheritance1" classname="com.orpheus.auction.persistence.TranslationExceptionUnitTest" time="0.0"></testcase>
  <testcase name="testTranslationExceptionInheritance2" classname="com.orpheus.auction.persistence.TranslationExceptionUnitTest" time="0.0"></testcase>
  <testcase name="testObjectInstantiationException1" classname="com.orpheus.auction.persistence.ObjectInstantiationExceptionUnitTest" time="0.0"></testcase>
  <testcase name="testObjectInstantiationException2" classname="com.orpheus.auction.persistence.ObjectInstantiationExceptionUnitTest" time="0.0"></testcase>
  <testcase name="testObjectInstantiationExceptionInheritance1" classname="com.orpheus.auction.persistence.ObjectInstantiationExceptionUnitTest" time="0.0"></testcase>
  <testcase name="testObjectInstantiationExceptionInheritance2" classname="com.orpheus.auction.persistence.ObjectInstantiationExceptionUnitTest" time="0.0"></testcase>
  <testcase name="testGetAuctionDAO_Accuracy1" classname="com.orpheus.auction.persistence.AuctionDAOFactoryUnitTest" time="0.047"></testcase>
  <testcase name="testGetAuctionDAO_Accuracy2" classname="com.orpheus.auction.persistence.AuctionDAOFactoryUnitTest" time="0.062"></testcase>
  <testcase name="testCustomBid_NullTimestamp" classname="com.orpheus.auction.persistence.CustomBidUnitTest" time="0.0"></testcase>
  <testcase name="testCustomBid_Accuracy" classname="com.orpheus.auction.persistence.CustomBidUnitTest" time="0.0"></testcase>
  <testcase name="testGetID_Accuracy1" classname="com.orpheus.auction.persistence.CustomBidUnitTest" time="0.0"></testcase>
  <testcase name="testGetID_Accuracy2" classname="com.orpheus.auction.persistence.CustomBidUnitTest" time="0.0"></testcase>
  <testcase name="testGetImageId_Accuracy" classname="com.orpheus.auction.persistence.CustomBidUnitTest" time="0.0"></testcase>
  <testcase name="testSetID_Accuracy" classname="com.orpheus.auction.persistence.CustomBidUnitTest" time="0.0"></testcase>
  <testcase name="testGetBidderId_Accuracy" classname="com.orpheus.auction.persistence.CustomBidUnitTest" time="0.0"></testcase>
  <testcase name="testGetEffectiveAmount_Accuracy1" classname="com.orpheus.auction.persistence.CustomBidUnitTest" time="0.0"></testcase>
  <testcase name="testGetEffectiveAmount_Accuracy2" classname="com.orpheus.auction.persistence.CustomBidUnitTest" time="0.0"></testcase>
  <testcase name="testSetEffectiveAmount_Accuracy" classname="com.orpheus.auction.persistence.CustomBidUnitTest" time="0.0"></testcase>
  <testcase name="testGetMaxAmount_Accuracy" classname="com.orpheus.auction.persistence.CustomBidUnitTest" time="0.0"></testcase>
  <testcase name="testGetTimestamp_Accuracy" classname="com.orpheus.auction.persistence.CustomBidUnitTest" time="0.0"></testcase>
  <testcase name="testDeleteAuction_NotExistAuctionId" classname="com.orpheus.auction.persistence.LocalCustomAuctionPersistenceUnitTest" time="0.375"></testcase>
  <testcase name="testLocalCustomAuctionPersistence_Accuracy" classname="com.orpheus.auction.persistence.LocalCustomAuctionPersistenceUnitTest" time="0.141"></testcase>
  <testcase name="testEjbCreateAuction_NullID" classname="com.orpheus.auction.persistence.LocalCustomAuctionPersistenceUnitTest" time="0.453"></testcase>
  <testcase name="testEjbCreateAuction_InvalidAuctionId" classname="com.orpheus.auction.persistence.LocalCustomAuctionPersistenceUnitTest" time="0.063"></testcase>
  <testcase name="testEjbCreateAuction_InvalidBidderid" classname="com.orpheus.auction.persistence.LocalCustomAuctionPersistenceUnitTest" time="0.14"></testcase>
  <testcase name="testEjbCreateAuction_ExistAuction" classname="com.orpheus.auction.persistence.LocalCustomAuctionPersistenceUnitTest" time="0.641"></testcase>
  <testcase name="testEjbCreateAuction_Accuracy" classname="com.orpheus.auction.persistence.LocalCustomAuctionPersistenceUnitTest" time="0.312"></testcase>
  <testcase name="testEjbGetAuction_NotExistAuction" classname="com.orpheus.auction.persistence.LocalCustomAuctionPersistenceUnitTest" time="0.157"></testcase>
  <testcase name="testEjbGetAuction_Accuracy" classname="com.orpheus.auction.persistence.LocalCustomAuctionPersistenceUnitTest" time="0.281"></testcase>
  <testcase name="testEjbUpdateAuction_NullID" classname="com.orpheus.auction.persistence.LocalCustomAuctionPersistenceUnitTest" time="0.062"></testcase>
  <testcase name="testEjbUpdateAuction_InvalidBidderid" classname="com.orpheus.auction.persistence.LocalCustomAuctionPersistenceUnitTest" time="0.141"></testcase>
  <testcase name="testEjbUpdateAuction_NotExistAuction" classname="com.orpheus.auction.persistence.LocalCustomAuctionPersistenceUnitTest" time="0.125"></testcase>
  <testcase name="testEjbUpdateAuction_Accuracy1" classname="com.orpheus.auction.persistence.LocalCustomAuctionPersistenceUnitTest" time="0.453"></testcase>
  <testcase name="testEjbUpdateAuction_Accuracy2" classname="com.orpheus.auction.persistence.LocalCustomAuctionPersistenceUnitTest" time="0.406"></testcase>
  <testcase name="testEjbUpdateBids_NotExistAuction" classname="com.orpheus.auction.persistence.LocalCustomAuctionPersistenceUnitTest" time="0.172"></testcase>
  <testcase name="testEjbUpdateBids_InvalidBidderid" classname="com.orpheus.auction.persistence.LocalCustomAuctionPersistenceUnitTest" time="0.141"></testcase>
  <testcase name="testEjbUpdateBids_Accuracy1" classname="com.orpheus.auction.persistence.LocalCustomAuctionPersistenceUnitTest" time="0.328"></testcase>
  <testcase name="testEjbUpdateBids_Accuracy2" classname="com.orpheus.auction.persistence.LocalCustomAuctionPersistenceUnitTest" time="0.453"></testcase>
  <testcase name="testDeleteAuction_Accuracy" classname="com.orpheus.auction.persistence.LocalCustomAuctionPersistenceUnitTest" time="0.25"></testcase>
  <testcase name="testEjbFindAuctionsByDate_Accuracy1" classname="com.orpheus.auction.persistence.LocalCustomAuctionPersistenceUnitTest" time="0.36"></testcase>
  <testcase name="testEjbFindAuctionsByDate_Accuracy2" classname="com.orpheus.auction.persistence.LocalCustomAuctionPersistenceUnitTest" time="0.312"></testcase>
  <testcase name="testEjbFindAuctionsByDate_Accuracy3" classname="com.orpheus.auction.persistence.LocalCustomAuctionPersistenceUnitTest" time="0.547"></testcase>
  <testcase name="testEjbFindAuctionsByDate_Accuracy4" classname="com.orpheus.auction.persistence.LocalCustomAuctionPersistenceUnitTest" time="0.391"></testcase>
  <testcase name="testEjbFindAuctionsByBidder_Accuracy1" classname="com.orpheus.auction.persistence.LocalCustomAuctionPersistenceUnitTest" time="0.39"></testcase>
  <testcase name="testEjbFindAuctionsByBidder_Accuracy2" classname="com.orpheus.auction.persistence.LocalCustomAuctionPersistenceUnitTest" time="0.328"></testcase>
  <testcase name="testCustomAuctionPersistence_Accuracy" classname="com.orpheus.auction.persistence.LocalCustomAuctionPersistenceUnitTest" time="0.141"></testcase>
  <testcase name="testCreateAuction_NullAuction" classname="com.orpheus.auction.persistence.LocalCustomAuctionPersistenceUnitTest" time="0.125"></testcase>
  <testcase name="testCreateAuction_NullID" classname="com.orpheus.auction.persistence.LocalCustomAuctionPersistenceUnitTest" time="0.109"></testcase>
  <testcase name="testCreateAuction_InvalidAuctionId" classname="com.orpheus.auction.persistence.LocalCustomAuctionPersistenceUnitTest" time="0.157"></testcase>
  <testcase name="testCreateAuction_ExistAuction" classname="com.orpheus.auction.persistence.LocalCustomAuctionPersistenceUnitTest" time="0.265"></testcase>
  <testcase name="testCreateAuction_Accuracy" classname="com.orpheus.auction.persistence.LocalCustomAuctionPersistenceUnitTest" time="0.313"></testcase>
  <testcase name="testGetAuction_NotExistAuction" classname="com.orpheus.auction.persistence.LocalCustomAuctionPersistenceUnitTest" time="0.093"></testcase>
  <testcase name="testGetAuction_Accuracy" classname="com.orpheus.auction.persistence.LocalCustomAuctionPersistenceUnitTest" time="0.188"></testcase>
  <testcase name="testUpdateAuction_NullAuction" classname="com.orpheus.auction.persistence.LocalCustomAuctionPersistenceUnitTest" time="0.047"></testcase>
  <testcase name="testUpdateAuction_NullID" classname="com.orpheus.auction.persistence.LocalCustomAuctionPersistenceUnitTest" time="0.109"></testcase>
  <testcase name="testUpdateAuction_NotExistAuction" classname="com.orpheus.auction.persistence.LocalCustomAuctionPersistenceUnitTest" time="0.11"></testcase>
  <testcase name="testUpdateAuction_Accuracy" classname="com.orpheus.auction.persistence.LocalCustomAuctionPersistenceUnitTest" time="0.109"></testcase>
  <testcase name="testUpdateBids_NullBids" classname="com.orpheus.auction.persistence.LocalCustomAuctionPersistenceUnitTest" time="0.062"></testcase>
  <testcase name="testUpdateBids_ContainNullBid" classname="com.orpheus.auction.persistence.LocalCustomAuctionPersistenceUnitTest" time="0.047"></testcase>
  <testcase name="testUpdateBids_NotExistAuction" classname="com.orpheus.auction.persistence.LocalCustomAuctionPersistenceUnitTest" time="0.063"></testcase>
  <testcase name="testUpdateBids_Accuracy" classname="com.orpheus.auction.persistence.LocalCustomAuctionPersistenceUnitTest" time="0.25"></testcase>
  <testcase name="testFindAuctionsByDate_Accuracy1" classname="com.orpheus.auction.persistence.LocalCustomAuctionPersistenceUnitTest" time="0.344"></testcase>
  <testcase name="testFindAuctionsByDate_Accuracy2" classname="com.orpheus.auction.persistence.LocalCustomAuctionPersistenceUnitTest" time="0.281"></testcase>
  <testcase name="testFindAuctionsByDate_Accuracy3" classname="com.orpheus.auction.persistence.LocalCustomAuctionPersistenceUnitTest" time="0.39"></testcase>
  <testcase name="testFindAuctionsByDate_Accuracy4" classname="com.orpheus.auction.persistence.LocalCustomAuctionPersistenceUnitTest" time="0.454"></testcase>
  <testcase name="testFindAuctionsByBidder_Accuracy1" classname="com.orpheus.auction.persistence.LocalCustomAuctionPersistenceUnitTest" time="0.406"></testcase>
  <testcase name="testFindAuctionsByBidder_Accuracy2" classname="com.orpheus.auction.persistence.LocalCustomAuctionPersistenceUnitTest" time="0.547"></testcase>
  <testcase name="testDeleteAuction_NotExistAuctionId" classname="com.orpheus.auction.persistence.RemoteCustomAuctionPersistenceUnitTest" time="0.265"></testcase>
  <testcase name="testEjbCreateAuction_NullID" classname="com.orpheus.auction.persistence.RemoteCustomAuctionPersistenceUnitTest" time="0.266"></testcase>
  <testcase name="testEjbCreateAuction_InvalidAuctionId" classname="com.orpheus.auction.persistence.RemoteCustomAuctionPersistenceUnitTest" time="0.187"></testcase>
  <testcase name="testEjbCreateAuction_InvalidBidderid" classname="com.orpheus.auction.persistence.RemoteCustomAuctionPersistenceUnitTest" time="0.25"></testcase>
  <testcase name="testEjbCreateAuction_ExistAuction" classname="com.orpheus.auction.persistence.RemoteCustomAuctionPersistenceUnitTest" time="0.735"></testcase>
  <testcase name="testEjbCreateAuction_Accuracy" classname="com.orpheus.auction.persistence.RemoteCustomAuctionPersistenceUnitTest" time="0.89"></testcase>
  <testcase name="testEjbGetAuction_NotExistAuction" classname="com.orpheus.auction.persistence.RemoteCustomAuctionPersistenceUnitTest" time="0.516"></testcase>
  <testcase name="testEjbGetAuction_Accuracy" classname="com.orpheus.auction.persistence.RemoteCustomAuctionPersistenceUnitTest" time="0.531"></testcase>
  <testcase name="testEjbUpdateAuction_NullID" classname="com.orpheus.auction.persistence.RemoteCustomAuctionPersistenceUnitTest" time="0.11"></testcase>
  <testcase name="testEjbUpdateAuction_InvalidBidderid" classname="com.orpheus.auction.persistence.RemoteCustomAuctionPersistenceUnitTest" time="0.062"></testcase>
  <testcase name="testEjbUpdateAuction_NotExistAuction" classname="com.orpheus.auction.persistence.RemoteCustomAuctionPersistenceUnitTest" time="0.063"></testcase>
  <testcase name="testEjbUpdateAuction_Accuracy1" classname="com.orpheus.auction.persistence.RemoteCustomAuctionPersistenceUnitTest" time="0.125"></testcase>
  <testcase name="testEjbUpdateAuction_Accuracy2" classname="com.orpheus.auction.persistence.RemoteCustomAuctionPersistenceUnitTest" time="0.093"></testcase>
  <testcase name="testEjbUpdateBids_NotExistAuction" classname="com.orpheus.auction.persistence.RemoteCustomAuctionPersistenceUnitTest" time="0.063"></testcase>
  <testcase name="testEjbUpdateBids_InvalidBidderid" classname="com.orpheus.auction.persistence.RemoteCustomAuctionPersistenceUnitTest" time="0.062"></testcase>
  <testcase name="testEjbUpdateBids_Accuracy1" classname="com.orpheus.auction.persistence.RemoteCustomAuctionPersistenceUnitTest" time="0.11"></testcase>
  <testcase name="testEjbUpdateBids_Accuracy2" classname="com.orpheus.auction.persistence.RemoteCustomAuctionPersistenceUnitTest" time="0.078"></testcase>
  <testcase name="testDeleteAuction_Accuracy" classname="com.orpheus.auction.persistence.RemoteCustomAuctionPersistenceUnitTest" time="0.078"></testcase>
  <testcase name="testEjbFindAuctionsByDate_Accuracy1" classname="com.orpheus.auction.persistence.RemoteCustomAuctionPersistenceUnitTest" time="0.125"></testcase>
  <testcase name="testEjbFindAuctionsByDate_Accuracy2" classname="com.orpheus.auction.persistence.RemoteCustomAuctionPersistenceUnitTest" time="0.141"></testcase>
  <testcase name="testEjbFindAuctionsByDate_Accuracy3" classname="com.orpheus.auction.persistence.RemoteCustomAuctionPersistenceUnitTest" time="0.125"></testcase>
  <testcase name="testEjbFindAuctionsByDate_Accuracy4" classname="com.orpheus.auction.persistence.RemoteCustomAuctionPersistenceUnitTest" time="0.125"></testcase>
  <testcase name="testEjbFindAuctionsByBidder_Accuracy1" classname="com.orpheus.auction.persistence.RemoteCustomAuctionPersistenceUnitTest" time="0.156"></testcase>
  <testcase name="testEjbFindAuctionsByBidder_Accuracy2" classname="com.orpheus.auction.persistence.RemoteCustomAuctionPersistenceUnitTest" time="0.141"></testcase>
  <testcase name="testRemoteCustomAuctionPersistence_Accuracy" classname="com.orpheus.auction.persistence.RemoteCustomAuctionPersistenceUnitTest" time="0.046"></testcase>
  <testcase name="testCustomAuctionPersistence_Accuracy" classname="com.orpheus.auction.persistence.RemoteCustomAuctionPersistenceUnitTest" time="0.047"></testcase>
  <testcase name="testCreateAuction_NullAuction" classname="com.orpheus.auction.persistence.RemoteCustomAuctionPersistenceUnitTest" time="0.032"></testcase>
  <testcase name="testCreateAuction_NullID" classname="com.orpheus.auction.persistence.RemoteCustomAuctionPersistenceUnitTest" time="0.062"></testcase>
  <testcase name="testCreateAuction_InvalidAuctionId" classname="com.orpheus.auction.persistence.RemoteCustomAuctionPersistenceUnitTest" time="0.047"></testcase>
  <testcase name="testCreateAuction_ExistAuction" classname="com.orpheus.auction.persistence.RemoteCustomAuctionPersistenceUnitTest" time="0.078"></testcase>
  <testcase name="testCreateAuction_Accuracy" classname="com.orpheus.auction.persistence.RemoteCustomAuctionPersistenceUnitTest" time="0.063"></testcase>
  <testcase name="testGetAuction_NotExistAuction" classname="com.orpheus.auction.persistence.RemoteCustomAuctionPersistenceUnitTest" time="0.046"></testcase>
  <testcase name="testGetAuction_Accuracy" classname="com.orpheus.auction.persistence.RemoteCustomAuctionPersistenceUnitTest" time="0.063"></testcase>
  <testcase name="testUpdateAuction_NullAuction" classname="com.orpheus.auction.persistence.RemoteCustomAuctionPersistenceUnitTest" time="0.047"></testcase>
  <testcase name="testUpdateAuction_NullID" classname="com.orpheus.auction.persistence.RemoteCustomAuctionPersistenceUnitTest" time="0.047"></testcase>
  <testcase name="testUpdateAuction_NotExistAuction" classname="com.orpheus.auction.persistence.RemoteCustomAuctionPersistenceUnitTest" time="0.062"></testcase>
  <testcase name="testUpdateAuction_Accuracy" classname="com.orpheus.auction.persistence.RemoteCustomAuctionPersistenceUnitTest" time="0.094"></testcase>
  <testcase name="testUpdateBids_NullBids" classname="com.orpheus.auction.persistence.RemoteCustomAuctionPersistenceUnitTest" time="0.062"></testcase>
  <testcase name="testUpdateBids_ContainNullBid" classname="com.orpheus.auction.persistence.RemoteCustomAuctionPersistenceUnitTest" time="0.047"></testcase>
  <testcase name="testUpdateBids_NotExistAuction" classname="com.orpheus.auction.persistence.RemoteCustomAuctionPersistenceUnitTest" time="0.047"></testcase>
  <testcase name="testUpdateBids_Accuracy" classname="com.orpheus.auction.persistence.RemoteCustomAuctionPersistenceUnitTest" time="0.094"></testcase>
  <testcase name="testFindAuctionsByDate_Accuracy1" classname="com.orpheus.auction.persistence.RemoteCustomAuctionPersistenceUnitTest" time="0.234"></testcase>
  <testcase name="testFindAuctionsByDate_Accuracy2" classname="com.orpheus.auction.persistence.RemoteCustomAuctionPersistenceUnitTest" time="0.141"></testcase>
  <testcase name="testFindAuctionsByDate_Accuracy3" classname="com.orpheus.auction.persistence.RemoteCustomAuctionPersistenceUnitTest" time="0.156"></testcase>
  <testcase name="testFindAuctionsByDate_Accuracy4" classname="com.orpheus.auction.persistence.RemoteCustomAuctionPersistenceUnitTest" time="0.344"></testcase>
  <testcase name="testFindAuctionsByBidder_Accuracy1" classname="com.orpheus.auction.persistence.RemoteCustomAuctionPersistenceUnitTest" time="0.172"></testcase>
  <testcase name="testFindAuctionsByBidder_Accuracy2" classname="com.orpheus.auction.persistence.RemoteCustomAuctionPersistenceUnitTest" time="0.234"></testcase>
  <testcase name="testValidateNotNull_NullObject" classname="com.orpheus.auction.persistence.AuctionPersistenceHelperUnitTest" time="0.016"></testcase>
  <testcase name="testValidateNotNull_Accuracy" classname="com.orpheus.auction.persistence.AuctionPersistenceHelperUnitTest" time="0.015"></testcase>
  <testcase name="testValidateString_NullString" classname="com.orpheus.auction.persistence.AuctionPersistenceHelperUnitTest" time="0.0"></testcase>
  <testcase name="testValidateString_EmptyString" classname="com.orpheus.auction.persistence.AuctionPersistenceHelperUnitTest" time="0.016"></testcase>
  <testcase name="testValidateString_Accuracy" classname="com.orpheus.auction.persistence.AuctionPersistenceHelperUnitTest" time="0.016"></testcase>
  <testcase name="testValidateNotNegative_Negative" classname="com.orpheus.auction.persistence.AuctionPersistenceHelperUnitTest" time="0.0"></testcase>
  <testcase name="testValidateNotNegative_Zero" classname="com.orpheus.auction.persistence.AuctionPersistenceHelperUnitTest" time="0.015"></testcase>
  <testcase name="testValidateNotNegative_Accuracy" classname="com.orpheus.auction.persistence.AuctionPersistenceHelperUnitTest" time="0.016"></testcase>
  <testcase name="testValidateCollection_NullArray" classname="com.orpheus.auction.persistence.AuctionPersistenceHelperUnitTest" time="0.0"></testcase>
  <testcase name="testValidateCollection_NullElement" classname="com.orpheus.auction.persistence.AuctionPersistenceHelperUnitTest" time="0.016"></testcase>
  <testcase name="testValidateCollection_Accuracy" classname="com.orpheus.auction.persistence.AuctionPersistenceHelperUnitTest" time="0.015"></testcase>
  <testcase name="testValidateAuctionDTO_NullAuction" classname="com.orpheus.auction.persistence.AuctionPersistenceHelperUnitTest" time="0.0"></testcase>
  <testcase name="testValidateAuctionDTO_NegativeMinimumBid" classname="com.orpheus.auction.persistence.AuctionPersistenceHelperUnitTest" time="0.016"></testcase>
  <testcase name="testValidateAuctionDTO_NegativeItemCount" classname="com.orpheus.auction.persistence.AuctionPersistenceHelperUnitTest" time="0.015"></testcase>
  <testcase name="testValidateAuctionDTO_NullBids" classname="com.orpheus.auction.persistence.AuctionPersistenceHelperUnitTest" time="0.016"></testcase>
  <testcase name="testValidateAuctionDTO_NullBidElements" classname="com.orpheus.auction.persistence.AuctionPersistenceHelperUnitTest" time="0.0"></testcase>
  <testcase name="testValidateAuctionDTO_NegativeImageId" classname="com.orpheus.auction.persistence.AuctionPersistenceHelperUnitTest" time="0.016"></testcase>
  <testcase name="testValidateAuctionDTO_NegativeMaxAmount" classname="com.orpheus.auction.persistence.AuctionPersistenceHelperUnitTest" time="0.015"></testcase>
  <testcase name="testValidateAuctionDTO_NegativEffectiveAmount" classname="com.orpheus.auction.persistence.AuctionPersistenceHelperUnitTest" time="0.0"></testcase>
  <testcase name="testValidateAuctionDTO_Accuracy" classname="com.orpheus.auction.persistence.AuctionPersistenceHelperUnitTest" time="0.016"></testcase>
  <testcase name="testValidateBidDTOCollection_NullBids" classname="com.orpheus.auction.persistence.AuctionPersistenceHelperUnitTest" time="0.016"></testcase>
  <testcase name="testValidateBidDTOCollection_ContainNullBid" classname="com.orpheus.auction.persistence.AuctionPersistenceHelperUnitTest" time="0.015"></testcase>
  <testcase name="testValidateBidDTOCollection_NegativeImageId" classname="com.orpheus.auction.persistence.AuctionPersistenceHelperUnitTest" time="0.016"></testcase>
  <testcase name="testValidateBidDTOCollection_NegativeMaxAmount" classname="com.orpheus.auction.persistence.AuctionPersistenceHelperUnitTest" time="0.062"></testcase>
  <testcase name="testValidateBidDTOCollection_NegativEffectiveAmount" classname="com.orpheus.auction.persistence.AuctionPersistenceHelperUnitTest" time="0.016"></testcase>
  <testcase name="testValidateBidDTOCollection_Accuracy" classname="com.orpheus.auction.persistence.AuctionPersistenceHelperUnitTest" time="0.016"></testcase>
  <testcase name="testValidateBidDTO_NullBid" classname="com.orpheus.auction.persistence.AuctionPersistenceHelperUnitTest" time="0.015"></testcase>
  <testcase name="testValidateBidDTO_NegativeImageId" classname="com.orpheus.auction.persistence.AuctionPersistenceHelperUnitTest" time="0.0"></testcase>
  <testcase name="testValidateBidDTO_NegativeMaxAmount" classname="com.orpheus.auction.persistence.AuctionPersistenceHelperUnitTest" time="0.016"></testcase>
  <testcase name="testValidateBidDTO_NegativEffectiveAmount" classname="com.orpheus.auction.persistence.AuctionPersistenceHelperUnitTest" time="0.015"></testcase>
  <testcase name="testValidateBidDTO_Accuracy" classname="com.orpheus.auction.persistence.AuctionPersistenceHelperUnitTest" time="0.016"></testcase>
  <testcase name="testValidateTwoDate_BebinAfterEnd" classname="com.orpheus.auction.persistence.AuctionPersistenceHelperUnitTest" time="0.016"></testcase>
  <testcase name="testValidateTwoDate_Accuracy" classname="com.orpheus.auction.persistence.AuctionPersistenceHelperUnitTest" time="0.0"></testcase>
  <testcase name="testCreateObjectFactory_NotCorrect" classname="com.orpheus.auction.persistence.AuctionPersistenceHelperUnitTest" time="0.015"></testcase>
  <testcase name="testCreateObjectFactory_Accuracy" classname="com.orpheus.auction.persistence.AuctionPersistenceHelperUnitTest" time="0.016"></testcase>
  <testcase name="testSetID_Accuracy" classname="com.orpheus.auction.persistence.ejb.AuctionDTOUnitTest" time="0.0"></testcase>
  <testcase name="testAuctionDTO_Accuracy" classname="com.orpheus.auction.persistence.ejb.AuctionDTOUnitTest" time="0.0"></testcase>
  <testcase name="testGetID_Accuracy" classname="com.orpheus.auction.persistence.ejb.AuctionDTOUnitTest" time="0.0"></testcase>
  <testcase name="testGetSummary_Accuracy" classname="com.orpheus.auction.persistence.ejb.AuctionDTOUnitTest" time="0.0"></testcase>
  <testcase name="testSetSummary_Accuracy" classname="com.orpheus.auction.persistence.ejb.AuctionDTOUnitTest" time="0.0"></testcase>
  <testcase name="testGetDescription_Accuracy" classname="com.orpheus.auction.persistence.ejb.AuctionDTOUnitTest" time="0.0"></testcase>
  <testcase name="testSetDescriptionAccuracy" classname="com.orpheus.auction.persistence.ejb.AuctionDTOUnitTest" time="0.0"></testcase>
  <testcase name="testGetItemCount_Accuracy" classname="com.orpheus.auction.persistence.ejb.AuctionDTOUnitTest" time="0.0"></testcase>
  <testcase name="testSetItemCount_Accuracy" classname="com.orpheus.auction.persistence.ejb.AuctionDTOUnitTest" time="0.0"></testcase>
  <testcase name="testGetMinimumBid_Accuracy" classname="com.orpheus.auction.persistence.ejb.AuctionDTOUnitTest" time="0.0"></testcase>
  <testcase name="testSetMinimumBid_Accuracy" classname="com.orpheus.auction.persistence.ejb.AuctionDTOUnitTest" time="0.0"></testcase>
  <testcase name="testGetStartDate_Accuracy" classname="com.orpheus.auction.persistence.ejb.AuctionDTOUnitTest" time="0.0"></testcase>
  <testcase name="testSetStartDate_Accuracy" classname="com.orpheus.auction.persistence.ejb.AuctionDTOUnitTest" time="0.0"></testcase>
  <testcase name="testGetEndDate_Accuracy" classname="com.orpheus.auction.persistence.ejb.AuctionDTOUnitTest" time="0.0"></testcase>
  <testcase name="testSetEndDate_Accuracy" classname="com.orpheus.auction.persistence.ejb.AuctionDTOUnitTest" time="0.0"></testcase>
  <testcase name="testGetBids_Accuracy" classname="com.orpheus.auction.persistence.ejb.AuctionDTOUnitTest" time="0.0"></testcase>
  <testcase name="testSetBids_Accuracy" classname="com.orpheus.auction.persistence.ejb.AuctionDTOUnitTest" time="0.0"></testcase>
  <testcase name="testGetID_Accuracy1" classname="com.orpheus.auction.persistence.ejb.BidDTOUnitTest" time="0.0"></testcase>
  <testcase name="testGetID_Accuracy2" classname="com.orpheus.auction.persistence.ejb.BidDTOUnitTest" time="0.0"></testcase>
  <testcase name="testSetID_Accuracy" classname="com.orpheus.auction.persistence.ejb.BidDTOUnitTest" time="0.0"></testcase>
  <testcase name="testGetEffectiveAmount_Accuracy1" classname="com.orpheus.auction.persistence.ejb.BidDTOUnitTest" time="0.0"></testcase>
  <testcase name="testGetEffectiveAmount_Accuracy2" classname="com.orpheus.auction.persistence.ejb.BidDTOUnitTest" time="0.0"></testcase>
  <testcase name="testSetEffectiveAmount_Accuracy" classname="com.orpheus.auction.persistence.ejb.BidDTOUnitTest" time="0.0"></testcase>
  <testcase name="testBidDTO_Accuracy" classname="com.orpheus.auction.persistence.ejb.BidDTOUnitTest" time="0.0"></testcase>
  <testcase name="testGetImageId_Accuracy1" classname="com.orpheus.auction.persistence.ejb.BidDTOUnitTest" time="0.0"></testcase>
  <testcase name="testGetImageId_Accuracy2" classname="com.orpheus.auction.persistence.ejb.BidDTOUnitTest" time="0.0"></testcase>
  <testcase name="testSetImageId_Accuracy" classname="com.orpheus.auction.persistence.ejb.BidDTOUnitTest" time="0.0"></testcase>
  <testcase name="testGetBidderId_Accuracy1" classname="com.orpheus.auction.persistence.ejb.BidDTOUnitTest" time="0.0"></testcase>
  <testcase name="testGetBidderId_Accuracy2" classname="com.orpheus.auction.persistence.ejb.BidDTOUnitTest" time="0.0"></testcase>
  <testcase name="testSetBidderId_Accuracy" classname="com.orpheus.auction.persistence.ejb.BidDTOUnitTest" time="0.0"></testcase>
  <testcase name="testGetMaxAmount_Accuracy1" classname="com.orpheus.auction.persistence.ejb.BidDTOUnitTest" time="0.0"></testcase>
  <testcase name="testGetMaxAmount_Accuracy2" classname="com.orpheus.auction.persistence.ejb.BidDTOUnitTest" time="0.0"></testcase>
  <testcase name="testSetMaxAmount_Accuracy" classname="com.orpheus.auction.persistence.ejb.BidDTOUnitTest" time="0.0"></testcase>
  <testcase name="testGetTimestamp_Accuracy1" classname="com.orpheus.auction.persistence.ejb.BidDTOUnitTest" time="0.0"></testcase>
  <testcase name="testGetTimestamp_Accuracy2" classname="com.orpheus.auction.persistence.ejb.BidDTOUnitTest" time="0.0"></testcase>
  <testcase name="testSetTimestamp_Accuracy" classname="com.orpheus.auction.persistence.ejb.BidDTOUnitTest" time="0.0"></testcase>
  <testcase name="testDeleteAuction_Accuracy" classname="com.orpheus.auction.persistence.ejb.AuctionBeanUnitTest" time="0.062"></testcase>
  <testcase name="testCreateAuction_NullAuction" classname="com.orpheus.auction.persistence.ejb.AuctionBeanUnitTest" time="0.016"></testcase>
  <testcase name="testCreateAuction_Accuracy" classname="com.orpheus.auction.persistence.ejb.AuctionBeanUnitTest" time="0.0"></testcase>
  <testcase name="testGetAuction_Accuracy" classname="com.orpheus.auction.persistence.ejb.AuctionBeanUnitTest" time="0.016"></testcase>
  <testcase name="testUpdateAuction_NullAuction" classname="com.orpheus.auction.persistence.ejb.AuctionBeanUnitTest" time="0.015"></testcase>
  <testcase name="testUpdateAuction_Accuracy" classname="com.orpheus.auction.persistence.ejb.AuctionBeanUnitTest" time="0.016"></testcase>
  <testcase name="testUpdateBids_NullBids" classname="com.orpheus.auction.persistence.ejb.AuctionBeanUnitTest" time="0.016"></testcase>
  <testcase name="testUpdateBids_ContainNullBid" classname="com.orpheus.auction.persistence.ejb.AuctionBeanUnitTest" time="0.0"></testcase>
  <testcase name="testUpdateBids_Accuracy" classname="com.orpheus.auction.persistence.ejb.AuctionBeanUnitTest" time="0.078"></testcase>
  <testcase name="testAuctionBean_Accuracy" classname="com.orpheus.auction.persistence.ejb.AuctionBeanUnitTest" time="0.0"></testcase>
  <testcase name="testEjbCreate_Accuracy" classname="com.orpheus.auction.persistence.ejb.AuctionBeanUnitTest" time="0.015"></testcase>
  <testcase name="testEjbRemove_Accuracy" classname="com.orpheus.auction.persistence.ejb.AuctionBeanUnitTest" time="0.016"></testcase>
  <testcase name="testEjbActivate_Accuracy" classname="com.orpheus.auction.persistence.ejb.AuctionBeanUnitTest" time="0.016"></testcase>
  <testcase name="testEjbPassivate_Accuracy" classname="com.orpheus.auction.persistence.ejb.AuctionBeanUnitTest" time="0.0"></testcase>
  <testcase name="testSetSessionContext_Accuracy" classname="com.orpheus.auction.persistence.ejb.AuctionBeanUnitTest" time="0.015"></testcase>
  <testcase name="testCreateAuction_PersistenceException" classname="com.orpheus.auction.persistence.ejb.AuctionBeanUnitTest" time="0.031"></testcase>
  <testcase name="testGetAuction_PersistenceException" classname="com.orpheus.auction.persistence.ejb.AuctionBeanUnitTest" time="0.0"></testcase>
  <testcase name="testUpdateAuction_PersistenceException" classname="com.orpheus.auction.persistence.ejb.AuctionBeanUnitTest" time="0.094"></testcase>
  <testcase name="testUpdateBids_PersistenceException" classname="com.orpheus.auction.persistence.ejb.AuctionBeanUnitTest" time="0.0"></testcase>
  <testcase name="testDeleteAuction_PersistenceException" classname="com.orpheus.auction.persistence.ejb.AuctionBeanUnitTest" time="0.016"></testcase>
  <testcase name="testFindAuctionsByDate_PersistenceException" classname="com.orpheus.auction.persistence.ejb.AuctionBeanUnitTest" time="0.015"></testcase>
  <testcase name="testFindAuctionsByDate_Accuracy" classname="com.orpheus.auction.persistence.ejb.AuctionBeanUnitTest" time="0.0"></testcase>
  <testcase name="testFindAuctionsByBidder_PersistenceException" classname="com.orpheus.auction.persistence.ejb.AuctionBeanUnitTest" time="0.016"></testcase>
  <testcase name="testFindAuctionsByBidder_Accuracy" classname="com.orpheus.auction.persistence.ejb.AuctionBeanUnitTest" time="0.016"></testcase>
  <testcase name="testDeleteAuction_NotExistAuctionId" classname="com.orpheus.auction.persistence.impl.SQLServerAuctionDAOUnitTest" time="0.093"></testcase>
  <testcase name="testDeleteAuction_Accuracy" classname="com.orpheus.auction.persistence.impl.SQLServerAuctionDAOUnitTest" time="0.157"></testcase>
  <testcase name="testCreateAuction_NullAuction" classname="com.orpheus.auction.persistence.impl.SQLServerAuctionDAOUnitTest" time="0.047"></testcase>
  <testcase name="testCreateAuction_NullID" classname="com.orpheus.auction.persistence.impl.SQLServerAuctionDAOUnitTest" time="0.031"></testcase>
  <testcase name="testCreateAuction_InvalidAuctionId" classname="com.orpheus.auction.persistence.impl.SQLServerAuctionDAOUnitTest" time="0.094"></testcase>
  <testcase name="testCreateAuction_ExistAuction" classname="com.orpheus.auction.persistence.impl.SQLServerAuctionDAOUnitTest" time="0.046"></testcase>
  <testcase name="testCreateAuction_Accuracy" classname="com.orpheus.auction.persistence.impl.SQLServerAuctionDAOUnitTest" time="0.063"></testcase>
  <testcase name="testGetAuction_NotExistAuction" classname="com.orpheus.auction.persistence.impl.SQLServerAuctionDAOUnitTest" time="0.047"></testcase>
  <testcase name="testGetAuction_Accuracy" classname="com.orpheus.auction.persistence.impl.SQLServerAuctionDAOUnitTest" time="0.094"></testcase>
  <testcase name="testUpdateAuction_NullAuction" classname="com.orpheus.auction.persistence.impl.SQLServerAuctionDAOUnitTest" time="0.046"></testcase>
  <testcase name="testUpdateAuction_NullID" classname="com.orpheus.auction.persistence.impl.SQLServerAuctionDAOUnitTest" time="0.047"></testcase>
  <testcase name="testUpdateAuction_NotExistAuction" classname="com.orpheus.auction.persistence.impl.SQLServerAuctionDAOUnitTest" time="0.11"></testcase>
  <testcase name="testUpdateBids_NullBids" classname="com.orpheus.auction.persistence.impl.SQLServerAuctionDAOUnitTest" time="0.047"></testcase>
  <testcase name="testUpdateBids_ContainNullBid" classname="com.orpheus.auction.persistence.impl.SQLServerAuctionDAOUnitTest" time="0.031"></testcase>
  <testcase name="testUpdateBids_NotExistAuction" classname="com.orpheus.auction.persistence.impl.SQLServerAuctionDAOUnitTest" time="0.047"></testcase>
  <testcase name="testFindAuctionsByDate_Accuracy1" classname="com.orpheus.auction.persistence.impl.SQLServerAuctionDAOUnitTest" time="0.14"></testcase>
  <testcase name="testFindAuctionsByDate_Accuracy2" classname="com.orpheus.auction.persistence.impl.SQLServerAuctionDAOUnitTest" time="0.141"></testcase>
  <testcase name="testFindAuctionsByDate_Accuracy3" classname="com.orpheus.auction.persistence.impl.SQLServerAuctionDAOUnitTest" time="0.172"></testcase>
  <testcase name="testFindAuctionsByDate_Accuracy4" classname="com.orpheus.auction.persistence.impl.SQLServerAuctionDAOUnitTest" time="0.156"></testcase>
  <testcase name="testFindAuctionsByBidder_Accuracy1" classname="com.orpheus.auction.persistence.impl.SQLServerAuctionDAOUnitTest" time="0.141"></testcase>
  <testcase name="testFindAuctionsByBidder_Accuracy2" classname="com.orpheus.auction.persistence.impl.SQLServerAuctionDAOUnitTest" time="0.156"></testcase>
  <testcase name="testSQLServerAuctionDAO_NullNamespace" classname="com.orpheus.auction.persistence.impl.SQLServerAuctionDAOUnitTest" time="0.031"></testcase>
  <testcase name="testSQLServerAuctionDAO_EmptyNamespace" classname="com.orpheus.auction.persistence.impl.SQLServerAuctionDAOUnitTest" time="0.047"></testcase>
  <testcase name="testSQLServerAuctionDAO_Accuracy" classname="com.orpheus.auction.persistence.impl.SQLServerAuctionDAOUnitTest" time="0.031"></testcase>
  <testcase name="testCreateAuction_NegativeMinimumBid" classname="com.orpheus.auction.persistence.impl.SQLServerAuctionDAOUnitTest" time="0.047"></testcase>
  <testcase name="testCreateAuction_NegativeItemCount" classname="com.orpheus.auction.persistence.impl.SQLServerAuctionDAOUnitTest" time="0.031"></testcase>
  <testcase name="testCreateAuction_NullBids" classname="com.orpheus.auction.persistence.impl.SQLServerAuctionDAOUnitTest" time="0.047"></testcase>
  <testcase name="testCreateAuction_NullBidElements" classname="com.orpheus.auction.persistence.impl.SQLServerAuctionDAOUnitTest" time="0.032"></testcase>
  <testcase name="testCreateAuction_NegativeImageId" classname="com.orpheus.auction.persistence.impl.SQLServerAuctionDAOUnitTest" time="0.093"></testcase>
  <testcase name="testCreateAuction_NegativeMaxAmount" classname="com.orpheus.auction.persistence.impl.SQLServerAuctionDAOUnitTest" time="0.047"></testcase>
  <testcase name="testCreateAuction_NegativEffectiveAmount" classname="com.orpheus.auction.persistence.impl.SQLServerAuctionDAOUnitTest" time="0.031"></testcase>
  <testcase name="testCreateAuction_InvalidBidderid" classname="com.orpheus.auction.persistence.impl.SQLServerAuctionDAOUnitTest" time="0.047"></testcase>
  <testcase name="testUpdateAuction_NegativeMinimumBid" classname="com.orpheus.auction.persistence.impl.SQLServerAuctionDAOUnitTest" time="0.047"></testcase>
  <testcase name="testUpdateAuction_NegativeItemCount" classname="com.orpheus.auction.persistence.impl.SQLServerAuctionDAOUnitTest" time="0.031"></testcase>
  <testcase name="testUpdateAuction_NullBids" classname="com.orpheus.auction.persistence.impl.SQLServerAuctionDAOUnitTest" time="0.047"></testcase>
  <testcase name="testUpdateAuction_NullBidElements" classname="com.orpheus.auction.persistence.impl.SQLServerAuctionDAOUnitTest" time="0.047"></testcase>
  <testcase name="testUpdateAuction_NegativeImageId" classname="com.orpheus.auction.persistence.impl.SQLServerAuctionDAOUnitTest" time="0.031"></testcase>
  <testcase name="testUpdateAuction_NegativeMaxAmount" classname="com.orpheus.auction.persistence.impl.SQLServerAuctionDAOUnitTest" time="0.032"></testcase>
  <testcase name="testUpdateAuction_NegativEffectiveAmount" classname="com.orpheus.auction.persistence.impl.SQLServerAuctionDAOUnitTest" time="0.047"></testcase>
  <testcase name="testUpdateAuction_InvalidBidderid" classname="com.orpheus.auction.persistence.impl.SQLServerAuctionDAOUnitTest" time="0.078"></testcase>
  <testcase name="testUpdateAuction_Accuracy1" classname="com.orpheus.auction.persistence.impl.SQLServerAuctionDAOUnitTest" time="0.156"></testcase>
  <testcase name="testUpdateAuction_Accuracy2" classname="com.orpheus.auction.persistence.impl.SQLServerAuctionDAOUnitTest" time="0.125"></testcase>
  <testcase name="testUpdateBids_NegativeImageId" classname="com.orpheus.auction.persistence.impl.SQLServerAuctionDAOUnitTest" time="0.031"></testcase>
  <testcase name="testUpdateBids_NegativeMaxAmount" classname="com.orpheus.auction.persistence.impl.SQLServerAuctionDAOUnitTest" time="0.031"></testcase>
  <testcase name="testUpdateBids_NegativEffectiveAmount" classname="com.orpheus.auction.persistence.impl.SQLServerAuctionDAOUnitTest" time="0.047"></testcase>
  <testcase name="testUpdateBids_InvalidBidderid" classname="com.orpheus.auction.persistence.impl.SQLServerAuctionDAOUnitTest" time="0.047"></testcase>
  <testcase name="testUpdateBids_Accuracy1" classname="com.orpheus.auction.persistence.impl.SQLServerAuctionDAOUnitTest" time="0.11"></testcase>
  <testcase name="testUpdateBids_Accuracy2" classname="com.orpheus.auction.persistence.impl.SQLServerAuctionDAOUnitTest" time="0.093"></testcase>
  <testcase name="testDefaultAuctionTranslator_Accuracy" classname="com.orpheus.auction.persistence.impl.DefaultAuctionTranslatorUnitTest" time="0.0"></testcase>
  <testcase name="testAssembleAuction_NullBid" classname="com.orpheus.auction.persistence.impl.DefaultAuctionTranslatorUnitTest" time="0.0"></testcase>
  <testcase name="testAssembleAuction_Accuracy" classname="com.orpheus.auction.persistence.impl.DefaultAuctionTranslatorUnitTest" time="0.0"></testcase>
  <testcase name="testAssembleAuctionDTO_NullBid" classname="com.orpheus.auction.persistence.impl.DefaultAuctionTranslatorUnitTest" time="0.0"></testcase>
  <testcase name="testAssembleAuctionDTO_ContainNoCustomBidBid" classname="com.orpheus.auction.persistence.impl.DefaultAuctionTranslatorUnitTest" time="0.032"></testcase>
  <testcase name="testAssembleAuctionDTO_Accuracy" classname="com.orpheus.auction.persistence.impl.DefaultAuctionTranslatorUnitTest" time="0.0"></testcase>
  <testcase name="testAssembleBid_NullBidDTO" classname="com.orpheus.auction.persistence.impl.DefaultAuctionTranslatorUnitTest" time="0.0"></testcase>
  <testcase name="testAssembleBid_Accuracy" classname="com.orpheus.auction.persistence.impl.DefaultAuctionTranslatorUnitTest" time="0.0"></testcase>
  <testcase name="testAssembleBidDTO_NullBid" classname="com.orpheus.auction.persistence.impl.DefaultAuctionTranslatorUnitTest" time="0.0"></testcase>
  <testcase name="testAssembleBidDTO_Accuracy" classname="com.orpheus.auction.persistence.impl.DefaultAuctionTranslatorUnitTest" time="0.0"></testcase>
  <testcase name="testTypicalAuctionClient_Usage" classname="com.orpheus.auction.persistence.DemoTest" time="0.25"></testcase>
  <testcase name="testCreateAuction" classname="com.orpheus.auction.persistence.stresstests.SQLServerAuctionDAOTest" time="2.734"></testcase>
  <testcase name="testUpdateAuction" classname="com.orpheus.auction.persistence.stresstests.SQLServerAuctionDAOTest" time="1.641"></testcase>
  <testcase name="testUpdateBids" classname="com.orpheus.auction.persistence.stresstests.SQLServerAuctionDAOTest" time="6.078"></testcase>
  <testcase name="testDeleteAuction" classname="com.orpheus.auction.persistence.stresstests.SQLServerAuctionDAOTest" time="3.734"></testcase>
  <testcase name="testFindAuctionsByDate" classname="com.orpheus.auction.persistence.stresstests.SQLServerAuctionDAOTest" time="0.906"></testcase>
  <testcase name="testFindAuctionsByBidder" classname="com.orpheus.auction.persistence.stresstests.SQLServerAuctionDAOTest" time="1.11"></testcase>
  <testcase name="testGetAuction" classname="com.orpheus.auction.persistence.stresstests.SQLServerAuctionDAOTest" time="0.109"></testcase>
  <system-out><![CDATA[Running createAuction for 100 times takes 2344ms.
Running updateAuction for 100 times takes 1485ms.
Running updateBids for 100 times takes 5937ms.
Running deleteAuction for 100 times takes 1672ms.
Running findAuctionsByDate for 100 times takes 797ms.
Running findAuctionsByBidder for 100 times takes 921ms.
Running getAuction for 100 times takes 0ms.
]]></system-out>
  <system-err><![CDATA[]]></system-err>
</testsuite>
