Testsuite: com.topcoder.service.studio.contest.failuretests.FailureTests
Tests run: 172, Failures: 0, Errors: 0, Time elapsed: 6.375 sec
------------- Standard Output ---------------
WARN   addInstance, InitialContext did not implement EventContext
[Enter method: getAllContests()]
There are errors while persisting the entity.
com.topcoder.service.studio.contest.ContestManagementException: There are errors while persisting the entity.
	at com.topcoder.service.studio.contest.bean.ContestManagerBean.wrapContestManagementException(ContestManagerBean.java:2119)
	at com.topcoder.service.studio.contest.bean.ContestManagerBean.getAllContests(ContestManagerBean.java:1931)
	at com.topcoder.service.studio.contest.failuretests.ContestManagerBean2FailureTest.testGetAllContestsWithTRE(ContestManagerBean2FailureTest.java:119)
	at sun.reflect.NativeMethodAccessorImpl.invoke0(Native Method)
	at sun.reflect.NativeMethodAccessorImpl.invoke(NativeMethodAccessorImpl.java:39)
	at sun.reflect.DelegatingMethodAccessorImpl.invoke(DelegatingMethodAccessorImpl.java:25)
	at java.lang.reflect.Method.invoke(Method.java:585)
	at junit.framework.TestCase.runTest(TestCase.java:154)
	at junit.framework.TestCase.runBare(TestCase.java:127)
	at junit.framework.TestResult$1.protect(TestResult.java:106)
	at junit.framework.TestResult.runProtected(TestResult.java:124)
	at junit.framework.TestResult.run(TestResult.java:109)
	at junit.framework.TestCase.run(TestCase.java:118)
	at junit.framework.TestSuite.runTest(TestSuite.java:208)
	at junit.framework.TestSuite.run(TestSuite.java:203)
	at junit.framework.TestSuite.runTest(TestSuite.java:208)
	at junit.framework.TestSuite.run(TestSuite.java:203)
	at org.apache.tools.ant.taskdefs.optional.junit.JUnitTestRunner.run(JUnitTestRunner.java:421)
	at org.apache.tools.ant.taskdefs.optional.junit.JUnitTestRunner.launch(JUnitTestRunner.java:912)
	at org.apache.tools.ant.taskdefs.optional.junit.JUnitTestRunner.main(JUnitTestRunner.java:766)
Caused by: javax.persistence.TransactionRequiredException
	at com.topcoder.service.studio.contest.bean.MockEntityManager.createQuery(MockEntityManager.java:252)
	at com.topcoder.service.studio.contest.bean.ContestManagerBean.getAllContests(ContestManagerBean.java:1921)
	... 18 more
[Exit method: getAllContests()]
[Enter method: getAllContests()]
There are errors while persisting the entity.
com.topcoder.service.studio.contest.ContestManagementException: There are errors while persisting the entity.
	at com.topcoder.service.studio.contest.bean.ContestManagerBean.wrapContestManagementException(ContestManagerBean.java:2119)
	at com.topcoder.service.studio.contest.bean.ContestManagerBean.getAllContests(ContestManagerBean.java:1931)
	at com.topcoder.service.studio.contest.failuretests.ContestManagerBean2FailureTest.testGetAllContestsWithPE(ContestManagerBean2FailureTest.java:138)
	at sun.reflect.NativeMethodAccessorImpl.invoke0(Native Method)
	at sun.reflect.NativeMethodAccessorImpl.invoke(NativeMethodAccessorImpl.java:39)
	at sun.reflect.DelegatingMethodAccessorImpl.invoke(DelegatingMethodAccessorImpl.java:25)
	at java.lang.reflect.Method.invoke(Method.java:585)
	at junit.framework.TestCase.runTest(TestCase.java:154)
	at junit.framework.TestCase.runBare(TestCase.java:127)
	at junit.framework.TestResult$1.protect(TestResult.java:106)
	at junit.framework.TestResult.runProtected(TestResult.java:124)
	at junit.framework.TestResult.run(TestResult.java:109)
	at junit.framework.TestCase.run(TestCase.java:118)
	at junit.framework.TestSuite.runTest(TestSuite.java:208)
	at junit.framework.TestSuite.run(TestSuite.java:203)
	at junit.framework.TestSuite.runTest(TestSuite.java:208)
	at junit.framework.TestSuite.run(TestSuite.java:203)
	at org.apache.tools.ant.taskdefs.optional.junit.JUnitTestRunner.run(JUnitTestRunner.java:421)
	at org.apache.tools.ant.taskdefs.optional.junit.JUnitTestRunner.launch(JUnitTestRunner.java:912)
	at org.apache.tools.ant.taskdefs.optional.junit.JUnitTestRunner.main(JUnitTestRunner.java:766)
Caused by: javax.persistence.PersistenceException
	at com.topcoder.service.studio.contest.bean.MockEntityManager.createQuery(MockEntityManager.java:248)
	at com.topcoder.service.studio.contest.bean.ContestManagerBean.getAllContests(ContestManagerBean.java:1921)
	... 18 more
[Exit method: getAllContests()]
[Enter method: searchContests()]
[Exit method: searchContests()]
[Enter method: searchContests()]
There are errors while persisting the entity.
com.topcoder.service.studio.contest.ContestManagementException: There are errors while persisting the entity.
	at com.topcoder.service.studio.contest.bean.ContestManagerBean.wrapContestManagementException(ContestManagerBean.java:2119)
	at com.topcoder.service.studio.contest.bean.ContestManagerBean.searchContests(ContestManagerBean.java:1977)
	at com.topcoder.service.studio.contest.failuretests.ContestManagerBean2FailureTest.testSearchContestsWithEntityManagerClosed(ContestManagerBean2FailureTest.java:172)
	at sun.reflect.NativeMethodAccessorImpl.invoke0(Native Method)
	at sun.reflect.NativeMethodAccessorImpl.invoke(NativeMethodAccessorImpl.java:39)
	at sun.reflect.DelegatingMethodAccessorImpl.invoke(DelegatingMethodAccessorImpl.java:25)
	at java.lang.reflect.Method.invoke(Method.java:585)
	at junit.framework.TestCase.runTest(TestCase.java:154)
	at junit.framework.TestCase.runBare(TestCase.java:127)
	at junit.framework.TestResult$1.protect(TestResult.java:106)
	at junit.framework.TestResult.runProtected(TestResult.java:124)
	at junit.framework.TestResult.run(TestResult.java:109)
	at junit.framework.TestCase.run(TestCase.java:118)
	at junit.framework.TestSuite.runTest(TestSuite.java:208)
	at junit.framework.TestSuite.run(TestSuite.java:203)
	at junit.framework.TestSuite.runTest(TestSuite.java:208)
	at junit.framework.TestSuite.run(TestSuite.java:203)
	at org.apache.tools.ant.taskdefs.optional.junit.JUnitTestRunner.run(JUnitTestRunner.java:421)
	at org.apache.tools.ant.taskdefs.optional.junit.JUnitTestRunner.launch(JUnitTestRunner.java:912)
	at org.apache.tools.ant.taskdefs.optional.junit.JUnitTestRunner.main(JUnitTestRunner.java:766)
Caused by: javax.persistence.PersistenceException
	at com.topcoder.service.studio.contest.bean.MockEntityManager.createNativeQuery(MockEntityManager.java:309)
	at com.topcoder.service.studio.contest.bean.ContestManagerBean.searchContests(ContestManagerBean.java:1959)
	... 18 more
[Exit method: searchContests()]
WARN   addInstance, InitialContext did not implement EventContext
[Enter method: createContest()]
[param1: null]
Hibernate: select max(contest_id) from contest
WARN   logWarnings, SQL Warning: 0, SQLState: 01I01
WARN   logWarnings, Database has transactions
WARN   logWarnings, SQL Warning: 0, SQLState: 01I04
WARN   logWarnings, Database selected
[Exit method: createContest()]
[Enter method: createContest()]
[param1: 1]
[Enter method: getContest()]
[param1: 1]
[Exit method: getContest()]
The contest already exist.
com.topcoder.service.studio.contest.EntityAlreadyExistsException: The contest already exist.
	at com.topcoder.service.studio.contest.bean.ContestManagerBean.createContest(ContestManagerBean.java:353)
	at com.topcoder.service.studio.contest.failuretests.ContestManagerBeanFailureTest.test_CreateContest_Failure2_EntityAlreadyExistsException(ContestManagerBeanFailureTest.java:618)
	at sun.reflect.NativeMethodAccessorImpl.invoke0(Native Method)
	at sun.reflect.NativeMethodAccessorImpl.invoke(NativeMethodAccessorImpl.java:39)
	at sun.reflect.DelegatingMethodAccessorImpl.invoke(DelegatingMethodAccessorImpl.java:25)
	at java.lang.reflect.Method.invoke(Method.java:585)
	at junit.framework.TestCase.runTest(TestCase.java:154)
	at junit.framework.TestCase.runBare(TestCase.java:127)
	at junit.framework.TestResult$1.protect(TestResult.java:106)
	at junit.framework.TestResult.runProtected(TestResult.java:124)
	at junit.framework.TestResult.run(TestResult.java:109)
	at junit.framework.TestCase.run(TestCase.java:118)
	at junit.framework.TestSuite.runTest(TestSuite.java:208)
	at junit.framework.TestSuite.run(TestSuite.java:203)
	at junit.framework.TestSuite.runTest(TestSuite.java:208)
	at junit.framework.TestSuite.run(TestSuite.java:203)
	at org.apache.tools.ant.taskdefs.optional.junit.JUnitTestRunner.run(JUnitTestRunner.java:421)
	at org.apache.tools.ant.taskdefs.optional.junit.JUnitTestRunner.launch(JUnitTestRunner.java:912)
	at org.apache.tools.ant.taskdefs.optional.junit.JUnitTestRunner.main(JUnitTestRunner.java:766)
[Exit method: createContest()]
[Enter method: createContest()]
[param1: null]
The EntityManager is closed.
com.topcoder.service.studio.contest.ContestManagementException: The EntityManager is closed.
	at com.topcoder.service.studio.contest.bean.ContestManagerBean.wrapContestManagementException(ContestManagerBean.java:2119)
	at com.topcoder.service.studio.contest.bean.ContestManagerBean.createContest(ContestManagerBean.java:365)
	at com.topcoder.service.studio.contest.failuretests.ContestManagerBeanFailureTest.test_CreateContest_Failure3_EntityManagerClosed(ContestManagerBeanFailureTest.java:645)
	at sun.reflect.NativeMethodAccessorImpl.invoke0(Native Method)
	at sun.reflect.NativeMethodAccessorImpl.invoke(NativeMethodAccessorImpl.java:39)
	at sun.reflect.DelegatingMethodAccessorImpl.invoke(DelegatingMethodAccessorImpl.java:25)
	at java.lang.reflect.Method.invoke(Method.java:585)
	at junit.framework.TestCase.runTest(TestCase.java:154)
	at junit.framework.TestCase.runBare(TestCase.java:127)
	at junit.framework.TestResult$1.protect(TestResult.java:106)
	at junit.framework.TestResult.runProtected(TestResult.java:124)
	at junit.framework.TestResult.run(TestResult.java:109)
	at junit.framework.TestCase.run(TestCase.java:118)
	at junit.framework.TestSuite.runTest(TestSuite.java:208)
	at junit.framework.TestSuite.run(TestSuite.java:203)
	at junit.framework.TestSuite.runTest(TestSuite.java:208)
	at junit.framework.TestSuite.run(TestSuite.java:203)
	at org.apache.tools.ant.taskdefs.optional.junit.JUnitTestRunner.run(JUnitTestRunner.java:421)
	at org.apache.tools.ant.taskdefs.optional.junit.JUnitTestRunner.launch(JUnitTestRunner.java:912)
	at org.apache.tools.ant.taskdefs.optional.junit.JUnitTestRunner.main(JUnitTestRunner.java:766)
Caused by: java.lang.IllegalStateException: EntityManager is closed
	at org.hibernate.ejb.EntityManagerImpl.getSession(EntityManagerImpl.java:42)
	at org.hibernate.ejb.AbstractEntityManagerImpl.persist(AbstractEntityManagerImpl.java:212)
	at com.topcoder.service.studio.contest.failuretests.mock.MockEntityManager.persist(MockEntityManager.java:80)
	at com.topcoder.service.studio.contest.bean.ContestManagerBean.createContest(ContestManagerBean.java:361)
	... 18 more
[Exit method: createContest()]
[Enter method: createContest()]
[param1: null]
There are errors while persisting the entity.
com.topcoder.service.studio.contest.ContestManagementException: There are errors while persisting the entity.
	at com.topcoder.service.studio.contest.bean.ContestManagerBean.wrapContestManagementException(ContestManagerBean.java:2119)
	at com.topcoder.service.studio.contest.bean.ContestManagerBean.createContest(ContestManagerBean.java:369)
	at com.topcoder.service.studio.contest.failuretests.ContestManagerBeanFailureTest.test_CreateContest_Failure4_PersistenceException(ContestManagerBeanFailureTest.java:672)
	at sun.reflect.NativeMethodAccessorImpl.invoke0(Native Method)
	at sun.reflect.NativeMethodAccessorImpl.invoke(NativeMethodAccessorImpl.java:39)
	at sun.reflect.DelegatingMethodAccessorImpl.invoke(DelegatingMethodAccessorImpl.java:25)
	at java.lang.reflect.Method.invoke(Method.java:585)
	at junit.framework.TestCase.runTest(TestCase.java:154)
	at junit.framework.TestCase.runBare(TestCase.java:127)
	at junit.framework.TestResult$1.protect(TestResult.java:106)
	at junit.framework.TestResult.runProtected(TestResult.java:124)
	at junit.framework.TestResult.run(TestResult.java:109)
	at junit.framework.TestCase.run(TestCase.java:118)
	at junit.framework.TestSuite.runTest(TestSuite.java:208)
	at junit.framework.TestSuite.run(TestSuite.java:203)
	at junit.framework.TestSuite.runTest(TestSuite.java:208)
	at junit.framework.TestSuite.run(TestSuite.java:203)
	at org.apache.tools.ant.taskdefs.optional.junit.JUnitTestRunner.run(JUnitTestRunner.java:421)
	at org.apache.tools.ant.taskdefs.optional.junit.JUnitTestRunner.launch(JUnitTestRunner.java:912)
	at org.apache.tools.ant.taskdefs.optional.junit.JUnitTestRunner.main(JUnitTestRunner.java:766)
Caused by: javax.persistence.PersistenceException
	at com.topcoder.service.studio.contest.failuretests.mock.MockEntityManager.persist(MockEntityManager.java:73)
	at com.topcoder.service.studio.contest.bean.ContestManagerBean.createContest(ContestManagerBean.java:361)
	... 18 more
[Exit method: createContest()]
[Enter method: createContest()]
[param1: null]
This method is required to run in transaction.
com.topcoder.service.studio.contest.ContestManagementException: This method is required to run in transaction.
	at com.topcoder.service.studio.contest.bean.ContestManagerBean.wrapContestManagementException(ContestManagerBean.java:2119)
	at com.topcoder.service.studio.contest.bean.ContestManagerBean.createContest(ContestManagerBean.java:367)
	at com.topcoder.service.studio.contest.failuretests.ContestManagerBeanFailureTest.test_CreateContest_Failure5_TransactionException(ContestManagerBeanFailureTest.java:699)
	at sun.reflect.NativeMethodAccessorImpl.invoke0(Native Method)
	at sun.reflect.NativeMethodAccessorImpl.invoke(NativeMethodAccessorImpl.java:39)
	at sun.reflect.DelegatingMethodAccessorImpl.invoke(DelegatingMethodAccessorImpl.java:25)
	at java.lang.reflect.Method.invoke(Method.java:585)
	at junit.framework.TestCase.runTest(TestCase.java:154)
	at junit.framework.TestCase.runBare(TestCase.java:127)
	at junit.framework.TestResult$1.protect(TestResult.java:106)
	at junit.framework.TestResult.runProtected(TestResult.java:124)
	at junit.framework.TestResult.run(TestResult.java:109)
	at junit.framework.TestCase.run(TestCase.java:118)
	at junit.framework.TestSuite.runTest(TestSuite.java:208)
	at junit.framework.TestSuite.run(TestSuite.java:203)
	at junit.framework.TestSuite.runTest(TestSuite.java:208)
	at junit.framework.TestSuite.run(TestSuite.java:203)
	at org.apache.tools.ant.taskdefs.optional.junit.JUnitTestRunner.run(JUnitTestRunner.java:421)
	at org.apache.tools.ant.taskdefs.optional.junit.JUnitTestRunner.launch(JUnitTestRunner.java:912)
	at org.apache.tools.ant.taskdefs.optional.junit.JUnitTestRunner.main(JUnitTestRunner.java:766)
Caused by: javax.persistence.TransactionRequiredException
	at com.topcoder.service.studio.contest.failuretests.mock.MockEntityManager.persist(MockEntityManager.java:77)
	at com.topcoder.service.studio.contest.bean.ContestManagerBean.createContest(ContestManagerBean.java:361)
	... 18 more
[Exit method: createContest()]
[Enter method: getContest()]
[param1: 1,000]
The EntityManager is closed.
com.topcoder.service.studio.contest.ContestManagementException: The EntityManager is closed.
	at com.topcoder.service.studio.contest.bean.ContestManagerBean.wrapContestManagementException(ContestManagerBean.java:2119)
	at com.topcoder.service.studio.contest.bean.ContestManagerBean.getContest(ContestManagerBean.java:395)
	at com.topcoder.service.studio.contest.failuretests.ContestManagerBeanFailureTest.test_GetContest_Failure1_EntityManagerClosed(ContestManagerBeanFailureTest.java:725)
	at sun.reflect.NativeMethodAccessorImpl.invoke0(Native Method)
	at sun.reflect.NativeMethodAccessorImpl.invoke(NativeMethodAccessorImpl.java:39)
	at sun.reflect.DelegatingMethodAccessorImpl.invoke(DelegatingMethodAccessorImpl.java:25)
	at java.lang.reflect.Method.invoke(Method.java:585)
	at junit.framework.TestCase.runTest(TestCase.java:154)
	at junit.framework.TestCase.runBare(TestCase.java:127)
	at junit.framework.TestResult$1.protect(TestResult.java:106)
	at junit.framework.TestResult.runProtected(TestResult.java:124)
	at junit.framework.TestResult.run(TestResult.java:109)
	at junit.framework.TestCase.run(TestCase.java:118)
	at junit.framework.TestSuite.runTest(TestSuite.java:208)
	at junit.framework.TestSuite.run(TestSuite.java:203)
	at junit.framework.TestSuite.runTest(TestSuite.java:208)
	at junit.framework.TestSuite.run(TestSuite.java:203)
	at org.apache.tools.ant.taskdefs.optional.junit.JUnitTestRunner.run(JUnitTestRunner.java:421)
	at org.apache.tools.ant.taskdefs.optional.junit.JUnitTestRunner.launch(JUnitTestRunner.java:912)
	at org.apache.tools.ant.taskdefs.optional.junit.JUnitTestRunner.main(JUnitTestRunner.java:766)
Caused by: java.lang.IllegalStateException: EntityManager is closed
	at org.hibernate.ejb.EntityManagerImpl.getSession(EntityManagerImpl.java:42)
	at org.hibernate.ejb.AbstractEntityManagerImpl.find(AbstractEntityManagerImpl.java:174)
	at com.topcoder.service.studio.contest.failuretests.mock.MockEntityManager.find(MockEntityManager.java:134)
	at com.topcoder.service.studio.contest.bean.ContestManagerBean.getContest(ContestManagerBean.java:393)
	... 18 more
[Exit method: getContest()]
[Enter method: getContest()]
[param1: 1,000]
There are errors while persisting the entity.
com.topcoder.service.studio.contest.ContestManagementException: There are errors while persisting the entity.
	at com.topcoder.service.studio.contest.bean.ContestManagerBean.wrapContestManagementException(ContestManagerBean.java:2119)
	at com.topcoder.service.studio.contest.bean.ContestManagerBean.getContest(ContestManagerBean.java:397)
	at com.topcoder.service.studio.contest.failuretests.ContestManagerBeanFailureTest.test_GetContest_Failure2_PersistenceException(ContestManagerBeanFailureTest.java:749)
	at sun.reflect.NativeMethodAccessorImpl.invoke0(Native Method)
	at sun.reflect.NativeMethodAccessorImpl.invoke(NativeMethodAccessorImpl.java:39)
	at sun.reflect.DelegatingMethodAccessorImpl.invoke(DelegatingMethodAccessorImpl.java:25)
	at java.lang.reflect.Method.invoke(Method.java:585)
	at junit.framework.TestCase.runTest(TestCase.java:154)
	at junit.framework.TestCase.runBare(TestCase.java:127)
	at junit.framework.TestResult$1.protect(TestResult.java:106)
	at junit.framework.TestResult.runProtected(TestResult.java:124)
	at junit.framework.TestResult.run(TestResult.java:109)
	at junit.framework.TestCase.run(TestCase.java:118)
	at junit.framework.TestSuite.runTest(TestSuite.java:208)
	at junit.framework.TestSuite.run(TestSuite.java:203)
	at junit.framework.TestSuite.runTest(TestSuite.java:208)
	at junit.framework.TestSuite.run(TestSuite.java:203)
	at org.apache.tools.ant.taskdefs.optional.junit.JUnitTestRunner.run(JUnitTestRunner.java:421)
	at org.apache.tools.ant.taskdefs.optional.junit.JUnitTestRunner.launch(JUnitTestRunner.java:912)
	at org.apache.tools.ant.taskdefs.optional.junit.JUnitTestRunner.main(JUnitTestRunner.java:766)
Caused by: javax.persistence.PersistenceException
	at com.topcoder.service.studio.contest.failuretests.mock.MockEntityManager.find(MockEntityManager.java:127)
	at com.topcoder.service.studio.contest.bean.ContestManagerBean.getContest(ContestManagerBean.java:393)
	... 18 more
[Exit method: getContest()]
[Enter method: getContestForProject()]
[param1: 1]
The EntityManager is closed.
com.topcoder.service.studio.contest.ContestManagementException: The EntityManager is closed.
	at com.topcoder.service.studio.contest.bean.ContestManagerBean.wrapContestManagementException(ContestManagerBean.java:2119)
	at com.topcoder.service.studio.contest.bean.ContestManagerBean.getContestsForProject(ContestManagerBean.java:435)
	at com.topcoder.service.studio.contest.failuretests.ContestManagerBeanFailureTest.test_GetContestsForProject_Failure1_EMClosed(ContestManagerBeanFailureTest.java:773)
	at sun.reflect.NativeMethodAccessorImpl.invoke0(Native Method)
	at sun.reflect.NativeMethodAccessorImpl.invoke(NativeMethodAccessorImpl.java:39)
	at sun.reflect.DelegatingMethodAccessorImpl.invoke(DelegatingMethodAccessorImpl.java:25)
	at java.lang.reflect.Method.invoke(Method.java:585)
	at junit.framework.TestCase.runTest(TestCase.java:154)
	at junit.framework.TestCase.runBare(TestCase.java:127)
	at junit.framework.TestResult$1.protect(TestResult.java:106)
	at junit.framework.TestResult.runProtected(TestResult.java:124)
	at junit.framework.TestResult.run(TestResult.java:109)
	at junit.framework.TestCase.run(TestCase.java:118)
	at junit.framework.TestSuite.runTest(TestSuite.java:208)
	at junit.framework.TestSuite.run(TestSuite.java:203)
	at junit.framework.TestSuite.runTest(TestSuite.java:208)
	at junit.framework.TestSuite.run(TestSuite.java:203)
	at org.apache.tools.ant.taskdefs.optional.junit.JUnitTestRunner.run(JUnitTestRunner.java:421)
	at org.apache.tools.ant.taskdefs.optional.junit.JUnitTestRunner.launch(JUnitTestRunner.java:912)
	at org.apache.tools.ant.taskdefs.optional.junit.JUnitTestRunner.main(JUnitTestRunner.java:766)
Caused by: java.lang.IllegalStateException: EntityManager is closed
	at org.hibernate.ejb.EntityManagerImpl.getSession(EntityManagerImpl.java:42)
	at org.hibernate.ejb.AbstractEntityManagerImpl.createQuery(AbstractEntityManagerImpl.java:92)
	at com.topcoder.service.studio.contest.failuretests.mock.MockEntityManager.createQuery(MockEntityManager.java:243)
	at com.topcoder.service.studio.contest.bean.ContestManagerBean.getContestsForProject(ContestManagerBean.java:422)
	... 18 more
[Exit method: getContestsForProject()]
[Enter method: getContestForProject()]
[param1: 1]
There are errors while persisting the entity.
com.topcoder.service.studio.contest.ContestManagementException: There are errors while persisting the entity.
	at com.topcoder.service.studio.contest.bean.ContestManagerBean.wrapContestManagementException(ContestManagerBean.java:2119)
	at com.topcoder.service.studio.contest.bean.ContestManagerBean.getContestsForProject(ContestManagerBean.java:437)
	at com.topcoder.service.studio.contest.failuretests.ContestManagerBeanFailureTest.test_GetContestsForProject_Failure2_PersistenceException(ContestManagerBeanFailureTest.java:797)
	at sun.reflect.NativeMethodAccessorImpl.invoke0(Native Method)
	at sun.reflect.NativeMethodAccessorImpl.invoke(NativeMethodAccessorImpl.java:39)
	at sun.reflect.DelegatingMethodAccessorImpl.invoke(DelegatingMethodAccessorImpl.java:25)
	at java.lang.reflect.Method.invoke(Method.java:585)
	at junit.framework.TestCase.runTest(TestCase.java:154)
	at junit.framework.TestCase.runBare(TestCase.java:127)
	at junit.framework.TestResult$1.protect(TestResult.java:106)
	at junit.framework.TestResult.runProtected(TestResult.java:124)
	at junit.framework.TestResult.run(TestResult.java:109)
	at junit.framework.TestCase.run(TestCase.java:118)
	at junit.framework.TestSuite.runTest(TestSuite.java:208)
	at junit.framework.TestSuite.run(TestSuite.java:203)
	at junit.framework.TestSuite.runTest(TestSuite.java:208)
	at junit.framework.TestSuite.run(TestSuite.java:203)
	at org.apache.tools.ant.taskdefs.optional.junit.JUnitTestRunner.run(JUnitTestRunner.java:421)
	at org.apache.tools.ant.taskdefs.optional.junit.JUnitTestRunner.launch(JUnitTestRunner.java:912)
	at org.apache.tools.ant.taskdefs.optional.junit.JUnitTestRunner.main(JUnitTestRunner.java:766)
Caused by: javax.persistence.PersistenceException
	at com.topcoder.service.studio.contest.failuretests.mock.MockEntityManager.createQuery(MockEntityManager.java:236)
	at com.topcoder.service.studio.contest.bean.ContestManagerBean.getContestsForProject(ContestManagerBean.java:422)
	... 18 more
[Exit method: getContestsForProject()]
[Enter method: updateContest()]
The contest of id 'null' doesn't exist.
com.topcoder.service.studio.contest.EntityNotFoundException: The contest of id 'null' doesn't exist.
	at com.topcoder.service.studio.contest.bean.ContestManagerBean.wrapEntityNotFoundException(ContestManagerBean.java:2084)
	at com.topcoder.service.studio.contest.bean.ContestManagerBean.updateContest(ContestManagerBean.java:462)
	at com.topcoder.service.studio.contest.failuretests.ContestManagerBeanFailureTest.test_updateContest_Failure1(ContestManagerBeanFailureTest.java:820)
	at sun.reflect.NativeMethodAccessorImpl.invoke0(Native Method)
	at sun.reflect.NativeMethodAccessorImpl.invoke(NativeMethodAccessorImpl.java:39)
	at sun.reflect.DelegatingMethodAccessorImpl.invoke(DelegatingMethodAccessorImpl.java:25)
	at java.lang.reflect.Method.invoke(Method.java:585)
	at junit.framework.TestCase.runTest(TestCase.java:154)
	at junit.framework.TestCase.runBare(TestCase.java:127)
	at junit.framework.TestResult$1.protect(TestResult.java:106)
	at junit.framework.TestResult.runProtected(TestResult.java:124)
	at junit.framework.TestResult.run(TestResult.java:109)
	at junit.framework.TestCase.run(TestCase.java:118)
	at junit.framework.TestSuite.runTest(TestSuite.java:208)
	at junit.framework.TestSuite.run(TestSuite.java:203)
	at junit.framework.TestSuite.runTest(TestSuite.java:208)
	at junit.framework.TestSuite.run(TestSuite.java:203)
	at org.apache.tools.ant.taskdefs.optional.junit.JUnitTestRunner.run(JUnitTestRunner.java:421)
	at org.apache.tools.ant.taskdefs.optional.junit.JUnitTestRunner.launch(JUnitTestRunner.java:912)
	at org.apache.tools.ant.taskdefs.optional.junit.JUnitTestRunner.main(JUnitTestRunner.java:766)
[Exit method: updateContest()]
[Enter method: createContest()]
[param1: null]
[Exit method: createContest()]
[Enter method: updateContest()]
[Enter method: getContest()]
[param1: 2]
The EntityManager is closed.
com.topcoder.service.studio.contest.ContestManagementException: The EntityManager is closed.
	at com.topcoder.service.studio.contest.bean.ContestManagerBean.wrapContestManagementException(ContestManagerBean.java:2119)
	at com.topcoder.service.studio.contest.bean.ContestManagerBean.getContest(ContestManagerBean.java:395)
	at com.topcoder.service.studio.contest.bean.ContestManagerBean.updateContest(ContestManagerBean.java:461)
	at com.topcoder.service.studio.contest.failuretests.ContestManagerBeanFailureTest.test_updateContest_Failure2(ContestManagerBeanFailureTest.java:849)
	at sun.reflect.NativeMethodAccessorImpl.invoke0(Native Method)
	at sun.reflect.NativeMethodAccessorImpl.invoke(NativeMethodAccessorImpl.java:39)
	at sun.reflect.DelegatingMethodAccessorImpl.invoke(DelegatingMethodAccessorImpl.java:25)
	at java.lang.reflect.Method.invoke(Method.java:585)
	at junit.framework.TestCase.runTest(TestCase.java:154)
	at junit.framework.TestCase.runBare(TestCase.java:127)
	at junit.framework.TestResult$1.protect(TestResult.java:106)
	at junit.framework.TestResult.runProtected(TestResult.java:124)
	at junit.framework.TestResult.run(TestResult.java:109)
	at junit.framework.TestCase.run(TestCase.java:118)
	at junit.framework.TestSuite.runTest(TestSuite.java:208)
	at junit.framework.TestSuite.run(TestSuite.java:203)
	at junit.framework.TestSuite.runTest(TestSuite.java:208)
	at junit.framework.TestSuite.run(TestSuite.java:203)
	at org.apache.tools.ant.taskdefs.optional.junit.JUnitTestRunner.run(JUnitTestRunner.java:421)
	at org.apache.tools.ant.taskdefs.optional.junit.JUnitTestRunner.launch(JUnitTestRunner.java:912)
	at org.apache.tools.ant.taskdefs.optional.junit.JUnitTestRunner.main(JUnitTestRunner.java:766)
Caused by: java.lang.IllegalStateException: EntityManager is closed
	at org.hibernate.ejb.EntityManagerImpl.getSession(EntityManagerImpl.java:42)
	at org.hibernate.ejb.AbstractEntityManagerImpl.find(AbstractEntityManagerImpl.java:174)
	at com.topcoder.service.studio.contest.failuretests.mock.MockEntityManager.find(MockEntityManager.java:134)
	at com.topcoder.service.studio.contest.bean.ContestManagerBean.getContest(ContestManagerBean.java:393)
	... 19 more
[Exit method: getContest()]
[Exit method: updateContest()]
[Enter method: createContest()]
[param1: null]
[Exit method: createContest()]
[Enter method: updateContest()]
[Enter method: getContest()]
[param1: 3]
There are errors while persisting the entity.
com.topcoder.service.studio.contest.ContestManagementException: There are errors while persisting the entity.
	at com.topcoder.service.studio.contest.bean.ContestManagerBean.wrapContestManagementException(ContestManagerBean.java:2119)
	at com.topcoder.service.studio.contest.bean.ContestManagerBean.getContest(ContestManagerBean.java:397)
	at com.topcoder.service.studio.contest.bean.ContestManagerBean.updateContest(ContestManagerBean.java:461)
	at com.topcoder.service.studio.contest.failuretests.ContestManagerBeanFailureTest.test_updateContest_Failure3(ContestManagerBeanFailureTest.java:878)
	at sun.reflect.NativeMethodAccessorImpl.invoke0(Native Method)
	at sun.reflect.NativeMethodAccessorImpl.invoke(NativeMethodAccessorImpl.java:39)
	at sun.reflect.DelegatingMethodAccessorImpl.invoke(DelegatingMethodAccessorImpl.java:25)
	at java.lang.reflect.Method.invoke(Method.java:585)
	at junit.framework.TestCase.runTest(TestCase.java:154)
	at junit.framework.TestCase.runBare(TestCase.java:127)
	at junit.framework.TestResult$1.protect(TestResult.java:106)
	at junit.framework.TestResult.runProtected(TestResult.java:124)
	at junit.framework.TestResult.run(TestResult.java:109)
	at junit.framework.TestCase.run(TestCase.java:118)
	at junit.framework.TestSuite.runTest(TestSuite.java:208)
	at junit.framework.TestSuite.run(TestSuite.java:203)
	at junit.framework.TestSuite.runTest(TestSuite.java:208)
	at junit.framework.TestSuite.run(TestSuite.java:203)
	at org.apache.tools.ant.taskdefs.optional.junit.JUnitTestRunner.run(JUnitTestRunner.java:421)
	at org.apache.tools.ant.taskdefs.optional.junit.JUnitTestRunner.launch(JUnitTestRunner.java:912)
	at org.apache.tools.ant.taskdefs.optional.junit.JUnitTestRunner.main(JUnitTestRunner.java:766)
Caused by: javax.persistence.TransactionRequiredException
	at com.topcoder.service.studio.contest.failuretests.mock.MockEntityManager.find(MockEntityManager.java:131)
	at com.topcoder.service.studio.contest.bean.ContestManagerBean.getContest(ContestManagerBean.java:393)
	... 19 more
[Exit method: getContest()]
[Exit method: updateContest()]
[Enter method: createContest()]
[param1: null]
[Exit method: createContest()]
[Enter method: updateContest()]
[Enter method: getContest()]
[param1: 4]
There are errors while persisting the entity.
com.topcoder.service.studio.contest.ContestManagementException: There are errors while persisting the entity.
	at com.topcoder.service.studio.contest.bean.ContestManagerBean.wrapContestManagementException(ContestManagerBean.java:2119)
	at com.topcoder.service.studio.contest.bean.ContestManagerBean.getContest(ContestManagerBean.java:397)
	at com.topcoder.service.studio.contest.bean.ContestManagerBean.updateContest(ContestManagerBean.java:461)
	at com.topcoder.service.studio.contest.failuretests.ContestManagerBeanFailureTest.test_updateContest_Failure4(ContestManagerBeanFailureTest.java:907)
	at sun.reflect.NativeMethodAccessorImpl.invoke0(Native Method)
	at sun.reflect.NativeMethodAccessorImpl.invoke(NativeMethodAccessorImpl.java:39)
	at sun.reflect.DelegatingMethodAccessorImpl.invoke(DelegatingMethodAccessorImpl.java:25)
	at java.lang.reflect.Method.invoke(Method.java:585)
	at junit.framework.TestCase.runTest(TestCase.java:154)
	at junit.framework.TestCase.runBare(TestCase.java:127)
	at junit.framework.TestResult$1.protect(TestResult.java:106)
	at junit.framework.TestResult.runProtected(TestResult.java:124)
	at junit.framework.TestResult.run(TestResult.java:109)
	at junit.framework.TestCase.run(TestCase.java:118)
	at junit.framework.TestSuite.runTest(TestSuite.java:208)
	at junit.framework.TestSuite.run(TestSuite.java:203)
	at junit.framework.TestSuite.runTest(TestSuite.java:208)
	at junit.framework.TestSuite.run(TestSuite.java:203)
	at org.apache.tools.ant.taskdefs.optional.junit.JUnitTestRunner.run(JUnitTestRunner.java:421)
	at org.apache.tools.ant.taskdefs.optional.junit.JUnitTestRunner.launch(JUnitTestRunner.java:912)
	at org.apache.tools.ant.taskdefs.optional.junit.JUnitTestRunner.main(JUnitTestRunner.java:766)
Caused by: javax.persistence.PersistenceException
	at com.topcoder.service.studio.contest.failuretests.mock.MockEntityManager.find(MockEntityManager.java:127)
	at com.topcoder.service.studio.contest.bean.ContestManagerBean.getContest(ContestManagerBean.java:393)
	... 19 more
[Exit method: getContest()]
[Exit method: updateContest()]
[Enter method: getClientForContest()]
[param1: 1]
The EntityManager is closed.
com.topcoder.service.studio.contest.ContestManagementException: The EntityManager is closed.
	at com.topcoder.service.studio.contest.bean.ContestManagerBean.wrapContestManagementException(ContestManagerBean.java:2119)
	at com.topcoder.service.studio.contest.bean.ContestManagerBean.getClientForContest(ContestManagerBean.java:654)
	at com.topcoder.service.studio.contest.failuretests.ContestManagerBeanFailureTest.test_GetClientForContest_Failure1(ContestManagerBeanFailureTest.java:932)
	at sun.reflect.NativeMethodAccessorImpl.invoke0(Native Method)
	at sun.reflect.NativeMethodAccessorImpl.invoke(NativeMethodAccessorImpl.java:39)
	at sun.reflect.DelegatingMethodAccessorImpl.invoke(DelegatingMethodAccessorImpl.java:25)
	at java.lang.reflect.Method.invoke(Method.java:585)
	at junit.framework.TestCase.runTest(TestCase.java:154)
	at junit.framework.TestCase.runBare(TestCase.java:127)
	at junit.framework.TestResult$1.protect(TestResult.java:106)
	at junit.framework.TestResult.runProtected(TestResult.java:124)
	at junit.framework.TestResult.run(TestResult.java:109)
	at junit.framework.TestCase.run(TestCase.java:118)
	at junit.framework.TestSuite.runTest(TestSuite.java:208)
	at junit.framework.TestSuite.run(TestSuite.java:203)
	at junit.framework.TestSuite.runTest(TestSuite.java:208)
	at junit.framework.TestSuite.run(TestSuite.java:203)
	at org.apache.tools.ant.taskdefs.optional.junit.JUnitTestRunner.run(JUnitTestRunner.java:421)
	at org.apache.tools.ant.taskdefs.optional.junit.JUnitTestRunner.launch(JUnitTestRunner.java:912)
	at org.apache.tools.ant.taskdefs.optional.junit.JUnitTestRunner.main(JUnitTestRunner.java:766)
Caused by: java.lang.IllegalStateException: EntityManager is closed
	at org.hibernate.ejb.EntityManagerImpl.getSession(EntityManagerImpl.java:42)
	at org.hibernate.ejb.AbstractEntityManagerImpl.find(AbstractEntityManagerImpl.java:174)
	at com.topcoder.service.studio.contest.failuretests.mock.MockEntityManager.find(MockEntityManager.java:134)
	at com.topcoder.service.studio.contest.bean.ContestManagerBean.getClientForContest(ContestManagerBean.java:639)
	... 18 more
[Exit method: getClientForContest()]
[Enter method: getClientForContest()]
[param1: 1]
There are errors while persisting the entity.
com.topcoder.service.studio.contest.ContestManagementException: There are errors while persisting the entity.
	at com.topcoder.service.studio.contest.bean.ContestManagerBean.wrapContestManagementException(ContestManagerBean.java:2119)
	at com.topcoder.service.studio.contest.bean.ContestManagerBean.getClientForContest(ContestManagerBean.java:656)
	at com.topcoder.service.studio.contest.failuretests.ContestManagerBeanFailureTest.test_GetClientForContest_Failure2(ContestManagerBeanFailureTest.java:955)
	at sun.reflect.NativeMethodAccessorImpl.invoke0(Native Method)
	at sun.reflect.NativeMethodAccessorImpl.invoke(NativeMethodAccessorImpl.java:39)
	at sun.reflect.DelegatingMethodAccessorImpl.invoke(DelegatingMethodAccessorImpl.java:25)
	at java.lang.reflect.Method.invoke(Method.java:585)
	at junit.framework.TestCase.runTest(TestCase.java:154)
	at junit.framework.TestCase.runBare(TestCase.java:127)
	at junit.framework.TestResult$1.protect(TestResult.java:106)
	at junit.framework.TestResult.runProtected(TestResult.java:124)
	at junit.framework.TestResult.run(TestResult.java:109)
	at junit.framework.TestCase.run(TestCase.java:118)
	at junit.framework.TestSuite.runTest(TestSuite.java:208)
	at junit.framework.TestSuite.run(TestSuite.java:203)
	at junit.framework.TestSuite.runTest(TestSuite.java:208)
	at junit.framework.TestSuite.run(TestSuite.java:203)
	at org.apache.tools.ant.taskdefs.optional.junit.JUnitTestRunner.run(JUnitTestRunner.java:421)
	at org.apache.tools.ant.taskdefs.optional.junit.JUnitTestRunner.launch(JUnitTestRunner.java:912)
	at org.apache.tools.ant.taskdefs.optional.junit.JUnitTestRunner.main(JUnitTestRunner.java:766)
Caused by: javax.persistence.PersistenceException
	at com.topcoder.service.studio.contest.failuretests.mock.MockEntityManager.find(MockEntityManager.java:127)
	at com.topcoder.service.studio.contest.bean.ContestManagerBean.getClientForContest(ContestManagerBean.java:639)
	... 18 more
[Exit method: getClientForContest()]
[Enter method: getClientForContest()]
[param1: 1]
Hibernate: /* load com.topcoder.service.studio.contest.Contest */ select contest0_.contest_id as contest1_45_0_, contest0_.contest_channel_id as contest2_45_0_, contest0_.name as name45_0_, contest0_.contest_type_id as contest4_45_0_, contest0_.project_id as project5_45_0_, contest0_.tc_direct_project_id as tc6_45_0_, contest0_.contest_status_id as contest7_45_0_, contest0_.forum_id as forum8_45_0_, contest0_.event_id as event9_45_0_, contest0_.start_time as start10_45_0_, contest0_.end_date as end11_45_0_, contest0_.winner_annoucement_deadline as winner12_45_0_, contest0_.creator_user_id as creator13_45_0_ from contest contest0_ where contest0_.contest_id=?
The contest with id '1' doesn't exist.
com.topcoder.service.studio.contest.EntityNotFoundException: The contest with id '1' doesn't exist.
	at com.topcoder.service.studio.contest.bean.ContestManagerBean.wrapEntityNotFoundException(ContestManagerBean.java:2084)
	at com.topcoder.service.studio.contest.bean.ContestManagerBean.getClientForContest(ContestManagerBean.java:642)
	at com.topcoder.service.studio.contest.failuretests.ContestManagerBeanFailureTest.test_GetClientForContest_Failure3(ContestManagerBeanFailureTest.java:976)
	at sun.reflect.NativeMethodAccessorImpl.invoke0(Native Method)
	at sun.reflect.NativeMethodAccessorImpl.invoke(NativeMethodAccessorImpl.java:39)
	at sun.reflect.DelegatingMethodAccessorImpl.invoke(DelegatingMethodAccessorImpl.java:25)
	at java.lang.reflect.Method.invoke(Method.java:585)
	at junit.framework.TestCase.runTest(TestCase.java:154)
	at junit.framework.TestCase.runBare(TestCase.java:127)
	at junit.framework.TestResult$1.protect(TestResult.java:106)
	at junit.framework.TestResult.runProtected(TestResult.java:124)
	at junit.framework.TestResult.run(TestResult.java:109)
	at junit.framework.TestCase.run(TestCase.java:118)
	at junit.framework.TestSuite.runTest(TestSuite.java:208)
	at junit.framework.TestSuite.run(TestSuite.java:203)
	at junit.framework.TestSuite.runTest(TestSuite.java:208)
	at junit.framework.TestSuite.run(TestSuite.java:203)
	at org.apache.tools.ant.taskdefs.optional.junit.JUnitTestRunner.run(JUnitTestRunner.java:421)
	at org.apache.tools.ant.taskdefs.optional.junit.JUnitTestRunner.launch(JUnitTestRunner.java:912)
	at org.apache.tools.ant.taskdefs.optional.junit.JUnitTestRunner.main(JUnitTestRunner.java:766)
[Exit method: getClientForContest()]
[Enter method: createContest()]
[param1: null]
[Exit method: createContest()]
[Enter method: getClientForContest()]
[param1: 5]
Hibernate: /* load com.topcoder.service.project.Project */ select project0_.project_id as project1_43_0_, project0_.name as name43_0_, project0_.description as descript3_43_0_, project0_.user_id as user4_43_0_, project0_.create_date as create5_43_0_, project0_.modify_date as modify6_43_0_ from tc_direct_project project0_ where project0_.project_id=?
The project with id '1' doesn't exist.
com.topcoder.service.studio.contest.EntityNotFoundException: The project with id '1' doesn't exist.
	at com.topcoder.service.studio.contest.bean.ContestManagerBean.wrapEntityNotFoundException(ContestManagerBean.java:2084)
	at com.topcoder.service.studio.contest.bean.ContestManagerBean.getClientForContest(ContestManagerBean.java:648)
	at com.topcoder.service.studio.contest.failuretests.ContestManagerBeanFailureTest.test_GetClientForContest_Failure4(ContestManagerBeanFailureTest.java:1000)
	at sun.reflect.NativeMethodAccessorImpl.invoke0(Native Method)
	at sun.reflect.NativeMethodAccessorImpl.invoke(NativeMethodAccessorImpl.java:39)
	at sun.reflect.DelegatingMethodAccessorImpl.invoke(DelegatingMethodAccessorImpl.java:25)
	at java.lang.reflect.Method.invoke(Method.java:585)
	at junit.framework.TestCase.runTest(TestCase.java:154)
	at junit.framework.TestCase.runBare(TestCase.java:127)
	at junit.framework.TestResult$1.protect(TestResult.java:106)
	at junit.framework.TestResult.runProtected(TestResult.java:124)
	at junit.framework.TestResult.run(TestResult.java:109)
	at junit.framework.TestCase.run(TestCase.java:118)
	at junit.framework.TestSuite.runTest(TestSuite.java:208)
	at junit.framework.TestSuite.run(TestSuite.java:203)
	at junit.framework.TestSuite.runTest(TestSuite.java:208)
	at junit.framework.TestSuite.run(TestSuite.java:203)
	at org.apache.tools.ant.taskdefs.optional.junit.JUnitTestRunner.run(JUnitTestRunner.java:421)
	at org.apache.tools.ant.taskdefs.optional.junit.JUnitTestRunner.launch(JUnitTestRunner.java:912)
	at org.apache.tools.ant.taskdefs.optional.junit.JUnitTestRunner.main(JUnitTestRunner.java:766)
[Exit method: getClientForContest()]
[Enter method: getClientForProject()]
[param1: 999]
Hibernate: /* load com.topcoder.service.project.Project */ select project0_.project_id as project1_43_0_, project0_.name as name43_0_, project0_.description as descript3_43_0_, project0_.user_id as user4_43_0_, project0_.create_date as create5_43_0_, project0_.modify_date as modify6_43_0_ from tc_direct_project project0_ where project0_.project_id=?
The project with id '999' doesn't exist.
com.topcoder.service.studio.contest.EntityNotFoundException: The project with id '999' doesn't exist.
	at com.topcoder.service.studio.contest.bean.ContestManagerBean.wrapEntityNotFoundException(ContestManagerBean.java:2084)
	at com.topcoder.service.studio.contest.bean.ContestManagerBean.getClientForProject(ContestManagerBean.java:684)
	at com.topcoder.service.studio.contest.failuretests.ContestManagerBeanFailureTest.test_GetClientForProject_Failure1(ContestManagerBeanFailureTest.java:1021)
	at sun.reflect.NativeMethodAccessorImpl.invoke0(Native Method)
	at sun.reflect.NativeMethodAccessorImpl.invoke(NativeMethodAccessorImpl.java:39)
	at sun.reflect.DelegatingMethodAccessorImpl.invoke(DelegatingMethodAccessorImpl.java:25)
	at java.lang.reflect.Method.invoke(Method.java:585)
	at junit.framework.TestCase.runTest(TestCase.java:154)
	at junit.framework.TestCase.runBare(TestCase.java:127)
	at junit.framework.TestResult$1.protect(TestResult.java:106)
	at junit.framework.TestResult.runProtected(TestResult.java:124)
	at junit.framework.TestResult.run(TestResult.java:109)
	at junit.framework.TestCase.run(TestCase.java:118)
	at junit.framework.TestSuite.runTest(TestSuite.java:208)
	at junit.framework.TestSuite.run(TestSuite.java:203)
	at junit.framework.TestSuite.runTest(TestSuite.java:208)
	at junit.framework.TestSuite.run(TestSuite.java:203)
	at org.apache.tools.ant.taskdefs.optional.junit.JUnitTestRunner.run(JUnitTestRunner.java:421)
	at org.apache.tools.ant.taskdefs.optional.junit.JUnitTestRunner.launch(JUnitTestRunner.java:912)
	at org.apache.tools.ant.taskdefs.optional.junit.JUnitTestRunner.main(JUnitTestRunner.java:766)
[Exit method: getClientForProject()]
Hibernate: select max(project_id) from tc_direct_project
[Enter method: getClientForProject()]
[param1: 1]
The EntityManager is closed.
com.topcoder.service.studio.contest.ContestManagementException: The EntityManager is closed.
	at com.topcoder.service.studio.contest.bean.ContestManagerBean.wrapContestManagementException(ContestManagerBean.java:2119)
	at com.topcoder.service.studio.contest.bean.ContestManagerBean.getClientForProject(ContestManagerBean.java:689)
	at com.topcoder.service.studio.contest.failuretests.ContestManagerBeanFailureTest.test_GetClientForProject_Failure2(ContestManagerBeanFailureTest.java:1053)
	at sun.reflect.NativeMethodAccessorImpl.invoke0(Native Method)
	at sun.reflect.NativeMethodAccessorImpl.invoke(NativeMethodAccessorImpl.java:39)
	at sun.reflect.DelegatingMethodAccessorImpl.invoke(DelegatingMethodAccessorImpl.java:25)
	at java.lang.reflect.Method.invoke(Method.java:585)
	at junit.framework.TestCase.runTest(TestCase.java:154)
	at junit.framework.TestCase.runBare(TestCase.java:127)
	at junit.framework.TestResult$1.protect(TestResult.java:106)
	at junit.framework.TestResult.runProtected(TestResult.java:124)
	at junit.framework.TestResult.run(TestResult.java:109)
	at junit.framework.TestCase.run(TestCase.java:118)
	at junit.framework.TestSuite.runTest(TestSuite.java:208)
	at junit.framework.TestSuite.run(TestSuite.java:203)
	at junit.framework.TestSuite.runTest(TestSuite.java:208)
	at junit.framework.TestSuite.run(TestSuite.java:203)
	at org.apache.tools.ant.taskdefs.optional.junit.JUnitTestRunner.run(JUnitTestRunner.java:421)
	at org.apache.tools.ant.taskdefs.optional.junit.JUnitTestRunner.launch(JUnitTestRunner.java:912)
	at org.apache.tools.ant.taskdefs.optional.junit.JUnitTestRunner.main(JUnitTestRunner.java:766)
Caused by: java.lang.IllegalStateException: EntityManager is closed
	at org.hibernate.ejb.EntityManagerImpl.getSession(EntityManagerImpl.java:42)
	at org.hibernate.ejb.AbstractEntityManagerImpl.find(AbstractEntityManagerImpl.java:174)
	at com.topcoder.service.studio.contest.failuretests.mock.MockEntityManager.find(MockEntityManager.java:134)
	at com.topcoder.service.studio.contest.bean.ContestManagerBean.getClientForProject(ContestManagerBean.java:681)
	... 18 more
[Exit method: getClientForProject()]
[Enter method: getClientForProject()]
[param1: 2]
There are errors while persisting the entity.
com.topcoder.service.studio.contest.ContestManagementException: There are errors while persisting the entity.
	at com.topcoder.service.studio.contest.bean.ContestManagerBean.wrapContestManagementException(ContestManagerBean.java:2119)
	at com.topcoder.service.studio.contest.bean.ContestManagerBean.getClientForProject(ContestManagerBean.java:691)
	at com.topcoder.service.studio.contest.failuretests.ContestManagerBeanFailureTest.test_GetClientForProject_Failure3(ContestManagerBeanFailureTest.java:1085)
	at sun.reflect.NativeMethodAccessorImpl.invoke0(Native Method)
	at sun.reflect.NativeMethodAccessorImpl.invoke(NativeMethodAccessorImpl.java:39)
	at sun.reflect.DelegatingMethodAccessorImpl.invoke(DelegatingMethodAccessorImpl.java:25)
	at java.lang.reflect.Method.invoke(Method.java:585)
	at junit.framework.TestCase.runTest(TestCase.java:154)
	at junit.framework.TestCase.runBare(TestCase.java:127)
	at junit.framework.TestResult$1.protect(TestResult.java:106)
	at junit.framework.TestResult.runProtected(TestResult.java:124)
	at junit.framework.TestResult.run(TestResult.java:109)
	at junit.framework.TestCase.run(TestCase.java:118)
	at junit.framework.TestSuite.runTest(TestSuite.java:208)
	at junit.framework.TestSuite.run(TestSuite.java:203)
	at junit.framework.TestSuite.runTest(TestSuite.java:208)
	at junit.framework.TestSuite.run(TestSuite.java:203)
	at org.apache.tools.ant.taskdefs.optional.junit.JUnitTestRunner.run(JUnitTestRunner.java:421)
	at org.apache.tools.ant.taskdefs.optional.junit.JUnitTestRunner.launch(JUnitTestRunner.java:912)
	at org.apache.tools.ant.taskdefs.optional.junit.JUnitTestRunner.main(JUnitTestRunner.java:766)
Caused by: javax.persistence.PersistenceException
	at com.topcoder.service.studio.contest.failuretests.mock.MockEntityManager.find(MockEntityManager.java:127)
	at com.topcoder.service.studio.contest.bean.ContestManagerBean.getClientForProject(ContestManagerBean.java:681)
	... 18 more
[Exit method: getClientForProject()]
[Enter method: addContestStatus()]
[param1: null]
Hibernate: select max(contest_status_id) from contest_status_lu
[Exit method: addContestStatus()]
[Enter method: addContestStatus()]
[param1: 1]
[Enter method: getContestStatus()]
[param1: 1]
[Exit method: getContestStatus()]
The contest status already exists.
com.topcoder.service.studio.contest.EntityAlreadyExistsException: The contest status already exists.
	at com.topcoder.service.studio.contest.bean.ContestManagerBean.addContestStatus(ContestManagerBean.java:720)
	at com.topcoder.service.studio.contest.failuretests.ContestManagerBeanFailureTest.test_AddContestStatus_Failure1(ContestManagerBeanFailureTest.java:1112)
	at sun.reflect.NativeMethodAccessorImpl.invoke0(Native Method)
	at sun.reflect.NativeMethodAccessorImpl.invoke(NativeMethodAccessorImpl.java:39)
	at sun.reflect.DelegatingMethodAccessorImpl.invoke(DelegatingMethodAccessorImpl.java:25)
	at java.lang.reflect.Method.invoke(Method.java:585)
	at junit.framework.TestCase.runTest(TestCase.java:154)
	at junit.framework.TestCase.runBare(TestCase.java:127)
	at junit.framework.TestResult$1.protect(TestResult.java:106)
	at junit.framework.TestResult.runProtected(TestResult.java:124)
	at junit.framework.TestResult.run(TestResult.java:109)
	at junit.framework.TestCase.run(TestCase.java:118)
	at junit.framework.TestSuite.runTest(TestSuite.java:208)
	at junit.framework.TestSuite.run(TestSuite.java:203)
	at junit.framework.TestSuite.runTest(TestSuite.java:208)
	at junit.framework.TestSuite.run(TestSuite.java:203)
	at org.apache.tools.ant.taskdefs.optional.junit.JUnitTestRunner.run(JUnitTestRunner.java:421)
	at org.apache.tools.ant.taskdefs.optional.junit.JUnitTestRunner.launch(JUnitTestRunner.java:912)
	at org.apache.tools.ant.taskdefs.optional.junit.JUnitTestRunner.main(JUnitTestRunner.java:766)
[Exit method: addContestStatus()]
[Enter method: addContestStatus()]
[param1: null]
The EntityManager is closed.
com.topcoder.service.studio.contest.ContestManagementException: The EntityManager is closed.
	at com.topcoder.service.studio.contest.bean.ContestManagerBean.wrapContestManagementException(ContestManagerBean.java:2119)
	at com.topcoder.service.studio.contest.bean.ContestManagerBean.addContestStatus(ContestManagerBean.java:733)
	at com.topcoder.service.studio.contest.failuretests.ContestManagerBeanFailureTest.test_AddContestStatus_Failure2(ContestManagerBeanFailureTest.java:1139)
	at sun.reflect.NativeMethodAccessorImpl.invoke0(Native Method)
	at sun.reflect.NativeMethodAccessorImpl.invoke(NativeMethodAccessorImpl.java:39)
	at sun.reflect.DelegatingMethodAccessorImpl.invoke(DelegatingMethodAccessorImpl.java:25)
	at java.lang.reflect.Method.invoke(Method.java:585)
	at junit.framework.TestCase.runTest(TestCase.java:154)
	at junit.framework.TestCase.runBare(TestCase.java:127)
	at junit.framework.TestResult$1.protect(TestResult.java:106)
	at junit.framework.TestResult.runProtected(TestResult.java:124)
	at junit.framework.TestResult.run(TestResult.java:109)
	at junit.framework.TestCase.run(TestCase.java:118)
	at junit.framework.TestSuite.runTest(TestSuite.java:208)
	at junit.framework.TestSuite.run(TestSuite.java:203)
	at junit.framework.TestSuite.runTest(TestSuite.java:208)
	at junit.framework.TestSuite.run(TestSuite.java:203)
	at org.apache.tools.ant.taskdefs.optional.junit.JUnitTestRunner.run(JUnitTestRunner.java:421)
	at org.apache.tools.ant.taskdefs.optional.junit.JUnitTestRunner.launch(JUnitTestRunner.java:912)
	at org.apache.tools.ant.taskdefs.optional.junit.JUnitTestRunner.main(JUnitTestRunner.java:766)
Caused by: java.lang.IllegalStateException: EntityManager is closed
	at org.hibernate.ejb.EntityManagerImpl.getSession(EntityManagerImpl.java:42)
	at org.hibernate.ejb.AbstractEntityManagerImpl.persist(AbstractEntityManagerImpl.java:212)
	at com.topcoder.service.studio.contest.failuretests.mock.MockEntityManager.persist(MockEntityManager.java:80)
	at com.topcoder.service.studio.contest.bean.ContestManagerBean.addContestStatus(ContestManagerBean.java:729)
	... 18 more
[Exit method: addContestStatus()]
[Enter method: addContestStatus()]
[param1: null]
This method is required to run in transaction.
com.topcoder.service.studio.contest.ContestManagementException: This method is required to run in transaction.
	at com.topcoder.service.studio.contest.bean.ContestManagerBean.wrapContestManagementException(ContestManagerBean.java:2119)
	at com.topcoder.service.studio.contest.bean.ContestManagerBean.addContestStatus(ContestManagerBean.java:735)
	at com.topcoder.service.studio.contest.failuretests.ContestManagerBeanFailureTest.test_AddContestStatus_Failure3(ContestManagerBeanFailureTest.java:1167)
	at sun.reflect.NativeMethodAccessorImpl.invoke0(Native Method)
	at sun.reflect.NativeMethodAccessorImpl.invoke(NativeMethodAccessorImpl.java:39)
	at sun.reflect.DelegatingMethodAccessorImpl.invoke(DelegatingMethodAccessorImpl.java:25)
	at java.lang.reflect.Method.invoke(Method.java:585)
	at junit.framework.TestCase.runTest(TestCase.java:154)
	at junit.framework.TestCase.runBare(TestCase.java:127)
	at junit.framework.TestResult$1.protect(TestResult.java:106)
	at junit.framework.TestResult.runProtected(TestResult.java:124)
	at junit.framework.TestResult.run(TestResult.java:109)
	at junit.framework.TestCase.run(TestCase.java:118)
	at junit.framework.TestSuite.runTest(TestSuite.java:208)
	at junit.framework.TestSuite.run(TestSuite.java:203)
	at junit.framework.TestSuite.runTest(TestSuite.java:208)
	at junit.framework.TestSuite.run(TestSuite.java:203)
	at org.apache.tools.ant.taskdefs.optional.junit.JUnitTestRunner.run(JUnitTestRunner.java:421)
	at org.apache.tools.ant.taskdefs.optional.junit.JUnitTestRunner.launch(JUnitTestRunner.java:912)
	at org.apache.tools.ant.taskdefs.optional.junit.JUnitTestRunner.main(JUnitTestRunner.java:766)
Caused by: javax.persistence.TransactionRequiredException
	at com.topcoder.service.studio.contest.failuretests.mock.MockEntityManager.persist(MockEntityManager.java:77)
	at com.topcoder.service.studio.contest.bean.ContestManagerBean.addContestStatus(ContestManagerBean.java:729)
	... 18 more
[Exit method: addContestStatus()]
[Enter method: addContestStatus()]
[param1: null]
There are errors while persisting the entity.
com.topcoder.service.studio.contest.ContestManagementException: There are errors while persisting the entity.
	at com.topcoder.service.studio.contest.bean.ContestManagerBean.wrapContestManagementException(ContestManagerBean.java:2119)
	at com.topcoder.service.studio.contest.bean.ContestManagerBean.addContestStatus(ContestManagerBean.java:737)
	at com.topcoder.service.studio.contest.failuretests.ContestManagerBeanFailureTest.test_AddContestStatus_Failure4(ContestManagerBeanFailureTest.java:1195)
	at sun.reflect.NativeMethodAccessorImpl.invoke0(Native Method)
	at sun.reflect.NativeMethodAccessorImpl.invoke(NativeMethodAccessorImpl.java:39)
	at sun.reflect.DelegatingMethodAccessorImpl.invoke(DelegatingMethodAccessorImpl.java:25)
	at java.lang.reflect.Method.invoke(Method.java:585)
	at junit.framework.TestCase.runTest(TestCase.java:154)
	at junit.framework.TestCase.runBare(TestCase.java:127)
	at junit.framework.TestResult$1.protect(TestResult.java:106)
	at junit.framework.TestResult.runProtected(TestResult.java:124)
	at junit.framework.TestResult.run(TestResult.java:109)
	at junit.framework.TestCase.run(TestCase.java:118)
	at junit.framework.TestSuite.runTest(TestSuite.java:208)
	at junit.framework.TestSuite.run(TestSuite.java:203)
	at junit.framework.TestSuite.runTest(TestSuite.java:208)
	at junit.framework.TestSuite.run(TestSuite.java:203)
	at org.apache.tools.ant.taskdefs.optional.junit.JUnitTestRunner.run(JUnitTestRunner.java:421)
	at org.apache.tools.ant.taskdefs.optional.junit.JUnitTestRunner.launch(JUnitTestRunner.java:912)
	at org.apache.tools.ant.taskdefs.optional.junit.JUnitTestRunner.main(JUnitTestRunner.java:766)
Caused by: javax.persistence.PersistenceException
	at com.topcoder.service.studio.contest.failuretests.mock.MockEntityManager.persist(MockEntityManager.java:73)
	at com.topcoder.service.studio.contest.bean.ContestManagerBean.addContestStatus(ContestManagerBean.java:729)
	... 18 more
[Exit method: addContestStatus()]
[Enter method: updateContestStatus()]
[param1: null]
The contest status with id 'null' doesn't exist.
com.topcoder.service.studio.contest.EntityNotFoundException: The contest status with id 'null' doesn't exist.
	at com.topcoder.service.studio.contest.bean.ContestManagerBean.wrapEntityNotFoundException(ContestManagerBean.java:2084)
	at com.topcoder.service.studio.contest.bean.ContestManagerBean.updateContestStatus(ContestManagerBean.java:766)
	at com.topcoder.service.studio.contest.failuretests.ContestManagerBeanFailureTest.test_UpdateContestStatus_Failure1(ContestManagerBeanFailureTest.java:1221)
	at sun.reflect.NativeMethodAccessorImpl.invoke0(Native Method)
	at sun.reflect.NativeMethodAccessorImpl.invoke(NativeMethodAccessorImpl.java:39)
	at sun.reflect.DelegatingMethodAccessorImpl.invoke(DelegatingMethodAccessorImpl.java:25)
	at java.lang.reflect.Method.invoke(Method.java:585)
	at junit.framework.TestCase.runTest(TestCase.java:154)
	at junit.framework.TestCase.runBare(TestCase.java:127)
	at junit.framework.TestResult$1.protect(TestResult.java:106)
	at junit.framework.TestResult.runProtected(TestResult.java:124)
	at junit.framework.TestResult.run(TestResult.java:109)
	at junit.framework.TestCase.run(TestCase.java:118)
	at junit.framework.TestSuite.runTest(TestSuite.java:208)
	at junit.framework.TestSuite.run(TestSuite.java:203)
	at junit.framework.TestSuite.runTest(TestSuite.java:208)
	at junit.framework.TestSuite.run(TestSuite.java:203)
	at org.apache.tools.ant.taskdefs.optional.junit.JUnitTestRunner.run(JUnitTestRunner.java:421)
	at org.apache.tools.ant.taskdefs.optional.junit.JUnitTestRunner.launch(JUnitTestRunner.java:912)
	at org.apache.tools.ant.taskdefs.optional.junit.JUnitTestRunner.main(JUnitTestRunner.java:766)
[Exit method: UpdateContestStatus()]
[Enter method: addContestStatus()]
[param1: null]
[Exit method: addContestStatus()]
[Enter method: updateContestStatus()]
[param1: 2]
The EntityManager is closed.
com.topcoder.service.studio.contest.ContestManagementException: The EntityManager is closed.
	at com.topcoder.service.studio.contest.bean.ContestManagerBean.wrapContestManagementException(ContestManagerBean.java:2119)
	at com.topcoder.service.studio.contest.bean.ContestManagerBean.updateContestStatus(ContestManagerBean.java:772)
	at com.topcoder.service.studio.contest.failuretests.ContestManagerBeanFailureTest.test_UpdateContestStatus_Failure2(ContestManagerBeanFailureTest.java:1252)
	at sun.reflect.NativeMethodAccessorImpl.invoke0(Native Method)
	at sun.reflect.NativeMethodAccessorImpl.invoke(NativeMethodAccessorImpl.java:39)
	at sun.reflect.DelegatingMethodAccessorImpl.invoke(DelegatingMethodAccessorImpl.java:25)
	at java.lang.reflect.Method.invoke(Method.java:585)
	at junit.framework.TestCase.runTest(TestCase.java:154)
	at junit.framework.TestCase.runBare(TestCase.java:127)
	at junit.framework.TestResult$1.protect(TestResult.java:106)
	at junit.framework.TestResult.runProtected(TestResult.java:124)
	at junit.framework.TestResult.run(TestResult.java:109)
	at junit.framework.TestCase.run(TestCase.java:118)
	at junit.framework.TestSuite.runTest(TestSuite.java:208)
	at junit.framework.TestSuite.run(TestSuite.java:203)
	at junit.framework.TestSuite.runTest(TestSuite.java:208)
	at junit.framework.TestSuite.run(TestSuite.java:203)
	at org.apache.tools.ant.taskdefs.optional.junit.JUnitTestRunner.run(JUnitTestRunner.java:421)
	at org.apache.tools.ant.taskdefs.optional.junit.JUnitTestRunner.launch(JUnitTestRunner.java:912)
	at org.apache.tools.ant.taskdefs.optional.junit.JUnitTestRunner.main(JUnitTestRunner.java:766)
Caused by: java.lang.IllegalStateException: EntityManager is closed
	at org.hibernate.ejb.EntityManagerImpl.getSession(EntityManagerImpl.java:42)
	at org.hibernate.ejb.AbstractEntityManagerImpl.find(AbstractEntityManagerImpl.java:174)
	at com.topcoder.service.studio.contest.failuretests.mock.MockEntityManager.find(MockEntityManager.java:134)
	at com.topcoder.service.studio.contest.bean.ContestManagerBean.updateContestStatus(ContestManagerBean.java:764)
	... 18 more
[Exit method: UpdateContestStatus()]
[Enter method: addContestStatus()]
[param1: null]
[Exit method: addContestStatus()]
[Enter method: updateContestStatus()]
[param1: 3]
This method is required to run in transaction.
com.topcoder.service.studio.contest.ContestManagementException: This method is required to run in transaction.
	at com.topcoder.service.studio.contest.bean.ContestManagerBean.wrapContestManagementException(ContestManagerBean.java:2119)
	at com.topcoder.service.studio.contest.bean.ContestManagerBean.updateContestStatus(ContestManagerBean.java:774)
	at com.topcoder.service.studio.contest.failuretests.ContestManagerBeanFailureTest.test_UpdateContestStatus_Failure3(ContestManagerBeanFailureTest.java:1283)
	at sun.reflect.NativeMethodAccessorImpl.invoke0(Native Method)
	at sun.reflect.NativeMethodAccessorImpl.invoke(NativeMethodAccessorImpl.java:39)
	at sun.reflect.DelegatingMethodAccessorImpl.invoke(DelegatingMethodAccessorImpl.java:25)
	at java.lang.reflect.Method.invoke(Method.java:585)
	at junit.framework.TestCase.runTest(TestCase.java:154)
	at junit.framework.TestCase.runBare(TestCase.java:127)
	at junit.framework.TestResult$1.protect(TestResult.java:106)
	at junit.framework.TestResult.runProtected(TestResult.java:124)
	at junit.framework.TestResult.run(TestResult.java:109)
	at junit.framework.TestCase.run(TestCase.java:118)
	at junit.framework.TestSuite.runTest(TestSuite.java:208)
	at junit.framework.TestSuite.run(TestSuite.java:203)
	at junit.framework.TestSuite.runTest(TestSuite.java:208)
	at junit.framework.TestSuite.run(TestSuite.java:203)
	at org.apache.tools.ant.taskdefs.optional.junit.JUnitTestRunner.run(JUnitTestRunner.java:421)
	at org.apache.tools.ant.taskdefs.optional.junit.JUnitTestRunner.launch(JUnitTestRunner.java:912)
	at org.apache.tools.ant.taskdefs.optional.junit.JUnitTestRunner.main(JUnitTestRunner.java:766)
Caused by: javax.persistence.TransactionRequiredException
	at com.topcoder.service.studio.contest.failuretests.mock.MockEntityManager.find(MockEntityManager.java:131)
	at com.topcoder.service.studio.contest.bean.ContestManagerBean.updateContestStatus(ContestManagerBean.java:764)
	... 18 more
[Exit method: UpdateContestStatus()]
[Enter method: addContestStatus()]
[param1: null]
[Exit method: addContestStatus()]
[Enter method: updateContestStatus()]
[param1: 4]
There are errors while persisting the entity.
com.topcoder.service.studio.contest.ContestManagementException: There are errors while persisting the entity.
	at com.topcoder.service.studio.contest.bean.ContestManagerBean.wrapContestManagementException(ContestManagerBean.java:2119)
	at com.topcoder.service.studio.contest.bean.ContestManagerBean.updateContestStatus(ContestManagerBean.java:776)
	at com.topcoder.service.studio.contest.failuretests.ContestManagerBeanFailureTest.test_UpdateContestStatus_Failure4(ContestManagerBeanFailureTest.java:1314)
	at sun.reflect.NativeMethodAccessorImpl.invoke0(Native Method)
	at sun.reflect.NativeMethodAccessorImpl.invoke(NativeMethodAccessorImpl.java:39)
	at sun.reflect.DelegatingMethodAccessorImpl.invoke(DelegatingMethodAccessorImpl.java:25)
	at java.lang.reflect.Method.invoke(Method.java:585)
	at junit.framework.TestCase.runTest(TestCase.java:154)
	at junit.framework.TestCase.runBare(TestCase.java:127)
	at junit.framework.TestResult$1.protect(TestResult.java:106)
	at junit.framework.TestResult.runProtected(TestResult.java:124)
	at junit.framework.TestResult.run(TestResult.java:109)
	at junit.framework.TestCase.run(TestCase.java:118)
	at junit.framework.TestSuite.runTest(TestSuite.java:208)
	at junit.framework.TestSuite.run(TestSuite.java:203)
	at junit.framework.TestSuite.runTest(TestSuite.java:208)
	at junit.framework.TestSuite.run(TestSuite.java:203)
	at org.apache.tools.ant.taskdefs.optional.junit.JUnitTestRunner.run(JUnitTestRunner.java:421)
	at org.apache.tools.ant.taskdefs.optional.junit.JUnitTestRunner.launch(JUnitTestRunner.java:912)
	at org.apache.tools.ant.taskdefs.optional.junit.JUnitTestRunner.main(JUnitTestRunner.java:766)
Caused by: javax.persistence.PersistenceException
	at com.topcoder.service.studio.contest.failuretests.mock.MockEntityManager.find(MockEntityManager.java:127)
	at com.topcoder.service.studio.contest.bean.ContestManagerBean.updateContestStatus(ContestManagerBean.java:764)
	... 18 more
[Exit method: UpdateContestStatus()]
[Enter method: removeContestStatus()]
[param1: 1]
The EntityManager is closed.
com.topcoder.service.studio.contest.ContestManagementException: The EntityManager is closed.
	at com.topcoder.service.studio.contest.bean.ContestManagerBean.wrapContestManagementException(ContestManagerBean.java:2119)
	at com.topcoder.service.studio.contest.bean.ContestManagerBean.removeContestStatus(ContestManagerBean.java:811)
	at com.topcoder.service.studio.contest.failuretests.ContestManagerBeanFailureTest.test_RemoveContestStatus_Failure1(ContestManagerBeanFailureTest.java:1338)
	at sun.reflect.NativeMethodAccessorImpl.invoke0(Native Method)
	at sun.reflect.NativeMethodAccessorImpl.invoke(NativeMethodAccessorImpl.java:39)
	at sun.reflect.DelegatingMethodAccessorImpl.invoke(DelegatingMethodAccessorImpl.java:25)
	at java.lang.reflect.Method.invoke(Method.java:585)
	at junit.framework.TestCase.runTest(TestCase.java:154)
	at junit.framework.TestCase.runBare(TestCase.java:127)
	at junit.framework.TestResult$1.protect(TestResult.java:106)
	at junit.framework.TestResult.runProtected(TestResult.java:124)
	at junit.framework.TestResult.run(TestResult.java:109)
	at junit.framework.TestCase.run(TestCase.java:118)
	at junit.framework.TestSuite.runTest(TestSuite.java:208)
	at junit.framework.TestSuite.run(TestSuite.java:203)
	at junit.framework.TestSuite.runTest(TestSuite.java:208)
	at junit.framework.TestSuite.run(TestSuite.java:203)
	at org.apache.tools.ant.taskdefs.optional.junit.JUnitTestRunner.run(JUnitTestRunner.java:421)
	at org.apache.tools.ant.taskdefs.optional.junit.JUnitTestRunner.launch(JUnitTestRunner.java:912)
	at org.apache.tools.ant.taskdefs.optional.junit.JUnitTestRunner.main(JUnitTestRunner.java:766)
Caused by: java.lang.IllegalStateException: EntityManager is closed
	at org.hibernate.ejb.EntityManagerImpl.getSession(EntityManagerImpl.java:42)
	at org.hibernate.ejb.AbstractEntityManagerImpl.find(AbstractEntityManagerImpl.java:174)
	at com.topcoder.service.studio.contest.failuretests.mock.MockEntityManager.find(MockEntityManager.java:134)
	at com.topcoder.service.studio.contest.bean.ContestManagerBean.removeContestStatus(ContestManagerBean.java:801)
	... 18 more
[Exit method: removeContestStatus()]
[Enter method: removeContestStatus()]
[param1: 1]
This method is required to run in transaction.
com.topcoder.service.studio.contest.ContestManagementException: This method is required to run in transaction.
	at com.topcoder.service.studio.contest.bean.ContestManagerBean.wrapContestManagementException(ContestManagerBean.java:2119)
	at com.topcoder.service.studio.contest.bean.ContestManagerBean.removeContestStatus(ContestManagerBean.java:813)
	at com.topcoder.service.studio.contest.failuretests.ContestManagerBeanFailureTest.test_RemoveContestStatus_Failure2(ContestManagerBeanFailureTest.java:1362)
	at sun.reflect.NativeMethodAccessorImpl.invoke0(Native Method)
	at sun.reflect.NativeMethodAccessorImpl.invoke(NativeMethodAccessorImpl.java:39)
	at sun.reflect.DelegatingMethodAccessorImpl.invoke(DelegatingMethodAccessorImpl.java:25)
	at java.lang.reflect.Method.invoke(Method.java:585)
	at junit.framework.TestCase.runTest(TestCase.java:154)
	at junit.framework.TestCase.runBare(TestCase.java:127)
	at junit.framework.TestResult$1.protect(TestResult.java:106)
	at junit.framework.TestResult.runProtected(TestResult.java:124)
	at junit.framework.TestResult.run(TestResult.java:109)
	at junit.framework.TestCase.run(TestCase.java:118)
	at junit.framework.TestSuite.runTest(TestSuite.java:208)
	at junit.framework.TestSuite.run(TestSuite.java:203)
	at junit.framework.TestSuite.runTest(TestSuite.java:208)
	at junit.framework.TestSuite.run(TestSuite.java:203)
	at org.apache.tools.ant.taskdefs.optional.junit.JUnitTestRunner.run(JUnitTestRunner.java:421)
	at org.apache.tools.ant.taskdefs.optional.junit.JUnitTestRunner.launch(JUnitTestRunner.java:912)
	at org.apache.tools.ant.taskdefs.optional.junit.JUnitTestRunner.main(JUnitTestRunner.java:766)
Caused by: javax.persistence.TransactionRequiredException
	at com.topcoder.service.studio.contest.failuretests.mock.MockEntityManager.find(MockEntityManager.java:131)
	at com.topcoder.service.studio.contest.bean.ContestManagerBean.removeContestStatus(ContestManagerBean.java:801)
	... 18 more
[Exit method: removeContestStatus()]
[Enter method: removeContestStatus()]
[param1: 1]
There are errors while persisting the entity.
com.topcoder.service.studio.contest.ContestManagementException: There are errors while persisting the entity.
	at com.topcoder.service.studio.contest.bean.ContestManagerBean.wrapContestManagementException(ContestManagerBean.java:2119)
	at com.topcoder.service.studio.contest.bean.ContestManagerBean.removeContestStatus(ContestManagerBean.java:815)
	at com.topcoder.service.studio.contest.failuretests.ContestManagerBeanFailureTest.test_RemoveContestStatus_Failure3(ContestManagerBeanFailureTest.java:1386)
	at sun.reflect.NativeMethodAccessorImpl.invoke0(Native Method)
	at sun.reflect.NativeMethodAccessorImpl.invoke(NativeMethodAccessorImpl.java:39)
	at sun.reflect.DelegatingMethodAccessorImpl.invoke(DelegatingMethodAccessorImpl.java:25)
	at java.lang.reflect.Method.invoke(Method.java:585)
	at junit.framework.TestCase.runTest(TestCase.java:154)
	at junit.framework.TestCase.runBare(TestCase.java:127)
	at junit.framework.TestResult$1.protect(TestResult.java:106)
	at junit.framework.TestResult.runProtected(TestResult.java:124)
	at junit.framework.TestResult.run(TestResult.java:109)
	at junit.framework.TestCase.run(TestCase.java:118)
	at junit.framework.TestSuite.runTest(TestSuite.java:208)
	at junit.framework.TestSuite.run(TestSuite.java:203)
	at junit.framework.TestSuite.runTest(TestSuite.java:208)
	at junit.framework.TestSuite.run(TestSuite.java:203)
	at org.apache.tools.ant.taskdefs.optional.junit.JUnitTestRunner.run(JUnitTestRunner.java:421)
	at org.apache.tools.ant.taskdefs.optional.junit.JUnitTestRunner.launch(JUnitTestRunner.java:912)
	at org.apache.tools.ant.taskdefs.optional.junit.JUnitTestRunner.main(JUnitTestRunner.java:766)
Caused by: javax.persistence.PersistenceException
	at com.topcoder.service.studio.contest.failuretests.mock.MockEntityManager.find(MockEntityManager.java:127)
	at com.topcoder.service.studio.contest.bean.ContestManagerBean.removeContestStatus(ContestManagerBean.java:801)
	... 18 more
[Exit method: removeContestStatus()]
[Enter method: getContestStatus()]
[param1: 1]
The EntityManager is closed.
com.topcoder.service.studio.contest.ContestManagementException: The EntityManager is closed.
	at com.topcoder.service.studio.contest.bean.ContestManagerBean.wrapContestManagementException(ContestManagerBean.java:2119)
	at com.topcoder.service.studio.contest.bean.ContestManagerBean.getContestStatus(ContestManagerBean.java:843)
	at com.topcoder.service.studio.contest.failuretests.ContestManagerBeanFailureTest.test_GetContestStatus_Failure1(ContestManagerBeanFailureTest.java:1410)
	at sun.reflect.NativeMethodAccessorImpl.invoke0(Native Method)
	at sun.reflect.NativeMethodAccessorImpl.invoke(NativeMethodAccessorImpl.java:39)
	at sun.reflect.DelegatingMethodAccessorImpl.invoke(DelegatingMethodAccessorImpl.java:25)
	at java.lang.reflect.Method.invoke(Method.java:585)
	at junit.framework.TestCase.runTest(TestCase.java:154)
	at junit.framework.TestCase.runBare(TestCase.java:127)
	at junit.framework.TestResult$1.protect(TestResult.java:106)
	at junit.framework.TestResult.runProtected(TestResult.java:124)
	at junit.framework.TestResult.run(TestResult.java:109)
	at junit.framework.TestCase.run(TestCase.java:118)
	at junit.framework.TestSuite.runTest(TestSuite.java:208)
	at junit.framework.TestSuite.run(TestSuite.java:203)
	at junit.framework.TestSuite.runTest(TestSuite.java:208)
	at junit.framework.TestSuite.run(TestSuite.java:203)
	at org.apache.tools.ant.taskdefs.optional.junit.JUnitTestRunner.run(JUnitTestRunner.java:421)
	at org.apache.tools.ant.taskdefs.optional.junit.JUnitTestRunner.launch(JUnitTestRunner.java:912)
	at org.apache.tools.ant.taskdefs.optional.junit.JUnitTestRunner.main(JUnitTestRunner.java:766)
Caused by: java.lang.IllegalStateException: EntityManager is closed
	at org.hibernate.ejb.EntityManagerImpl.getSession(EntityManagerImpl.java:42)
	at org.hibernate.ejb.AbstractEntityManagerImpl.find(AbstractEntityManagerImpl.java:174)
	at com.topcoder.service.studio.contest.failuretests.mock.MockEntityManager.find(MockEntityManager.java:134)
	at com.topcoder.service.studio.contest.bean.ContestManagerBean.getContestStatus(ContestManagerBean.java:839)
	... 18 more
[Exit method: getContestStatus()]
[Enter method: getContestStatus()]
[param1: 1]
There are errors while persisting the entity.
com.topcoder.service.studio.contest.ContestManagementException: There are errors while persisting the entity.
	at com.topcoder.service.studio.contest.bean.ContestManagerBean.wrapContestManagementException(ContestManagerBean.java:2119)
	at com.topcoder.service.studio.contest.bean.ContestManagerBean.getContestStatus(ContestManagerBean.java:845)
	at com.topcoder.service.studio.contest.failuretests.ContestManagerBeanFailureTest.test_GetContestStatus_Failure2(ContestManagerBeanFailureTest.java:1434)
	at sun.reflect.NativeMethodAccessorImpl.invoke0(Native Method)
	at sun.reflect.NativeMethodAccessorImpl.invoke(NativeMethodAccessorImpl.java:39)
	at sun.reflect.DelegatingMethodAccessorImpl.invoke(DelegatingMethodAccessorImpl.java:25)
	at java.lang.reflect.Method.invoke(Method.java:585)
	at junit.framework.TestCase.runTest(TestCase.java:154)
	at junit.framework.TestCase.runBare(TestCase.java:127)
	at junit.framework.TestResult$1.protect(TestResult.java:106)
	at junit.framework.TestResult.runProtected(TestResult.java:124)
	at junit.framework.TestResult.run(TestResult.java:109)
	at junit.framework.TestCase.run(TestCase.java:118)
	at junit.framework.TestSuite.runTest(TestSuite.java:208)
	at junit.framework.TestSuite.run(TestSuite.java:203)
	at junit.framework.TestSuite.runTest(TestSuite.java:208)
	at junit.framework.TestSuite.run(TestSuite.java:203)
	at org.apache.tools.ant.taskdefs.optional.junit.JUnitTestRunner.run(JUnitTestRunner.java:421)
	at org.apache.tools.ant.taskdefs.optional.junit.JUnitTestRunner.launch(JUnitTestRunner.java:912)
	at org.apache.tools.ant.taskdefs.optional.junit.JUnitTestRunner.main(JUnitTestRunner.java:766)
Caused by: javax.persistence.PersistenceException
	at com.topcoder.service.studio.contest.failuretests.mock.MockEntityManager.find(MockEntityManager.java:127)
	at com.topcoder.service.studio.contest.bean.ContestManagerBean.getContestStatus(ContestManagerBean.java:839)
	... 18 more
[Exit method: getContestStatus()]
Hibernate: select max(path_id) from path
[Enter method: addDocument()]
[param1: null]
Hibernate: select max(document_id) from document
[Exit method: addDocument()]
[Enter method: addDocument()]
[param1: 1]
The document already exists.
com.topcoder.service.studio.contest.EntityAlreadyExistsException: The document already exists.
	at com.topcoder.service.studio.contest.bean.ContestManagerBean.addDocument(ContestManagerBean.java:874)
	at com.topcoder.service.studio.contest.failuretests.ContestManagerBeanFailureTest.test_AddDocument_Failure1(ContestManagerBeanFailureTest.java:1466)
	at sun.reflect.NativeMethodAccessorImpl.invoke0(Native Method)
	at sun.reflect.NativeMethodAccessorImpl.invoke(NativeMethodAccessorImpl.java:39)
	at sun.reflect.DelegatingMethodAccessorImpl.invoke(DelegatingMethodAccessorImpl.java:25)
	at java.lang.reflect.Method.invoke(Method.java:585)
	at junit.framework.TestCase.runTest(TestCase.java:154)
	at junit.framework.TestCase.runBare(TestCase.java:127)
	at junit.framework.TestResult$1.protect(TestResult.java:106)
	at junit.framework.TestResult.runProtected(TestResult.java:124)
	at junit.framework.TestResult.run(TestResult.java:109)
	at junit.framework.TestCase.run(TestCase.java:118)
	at junit.framework.TestSuite.runTest(TestSuite.java:208)
	at junit.framework.TestSuite.run(TestSuite.java:203)
	at junit.framework.TestSuite.runTest(TestSuite.java:208)
	at junit.framework.TestSuite.run(TestSuite.java:203)
	at org.apache.tools.ant.taskdefs.optional.junit.JUnitTestRunner.run(JUnitTestRunner.java:421)
	at org.apache.tools.ant.taskdefs.optional.junit.JUnitTestRunner.launch(JUnitTestRunner.java:912)
	at org.apache.tools.ant.taskdefs.optional.junit.JUnitTestRunner.main(JUnitTestRunner.java:766)
[Exit method: addDocument()]
[Enter method: addDocument()]
[param1: null]
The EntityManager is closed.
com.topcoder.service.studio.contest.ContestManagementException: The EntityManager is closed.
	at com.topcoder.service.studio.contest.bean.ContestManagerBean.wrapContestManagementException(ContestManagerBean.java:2119)
	at com.topcoder.service.studio.contest.bean.ContestManagerBean.addDocument(ContestManagerBean.java:899)
	at com.topcoder.service.studio.contest.failuretests.ContestManagerBeanFailureTest.test_AddDocument_Failure2(ContestManagerBeanFailureTest.java:1493)
	at sun.reflect.NativeMethodAccessorImpl.invoke0(Native Method)
	at sun.reflect.NativeMethodAccessorImpl.invoke(NativeMethodAccessorImpl.java:39)
	at sun.reflect.DelegatingMethodAccessorImpl.invoke(DelegatingMethodAccessorImpl.java:25)
	at java.lang.reflect.Method.invoke(Method.java:585)
	at junit.framework.TestCase.runTest(TestCase.java:154)
	at junit.framework.TestCase.runBare(TestCase.java:127)
	at junit.framework.TestResult$1.protect(TestResult.java:106)
	at junit.framework.TestResult.runProtected(TestResult.java:124)
	at junit.framework.TestResult.run(TestResult.java:109)
	at junit.framework.TestCase.run(TestCase.java:118)
	at junit.framework.TestSuite.runTest(TestSuite.java:208)
	at junit.framework.TestSuite.run(TestSuite.java:203)
	at junit.framework.TestSuite.runTest(TestSuite.java:208)
	at junit.framework.TestSuite.run(TestSuite.java:203)
	at org.apache.tools.ant.taskdefs.optional.junit.JUnitTestRunner.run(JUnitTestRunner.java:421)
	at org.apache.tools.ant.taskdefs.optional.junit.JUnitTestRunner.launch(JUnitTestRunner.java:912)
	at org.apache.tools.ant.taskdefs.optional.junit.JUnitTestRunner.main(JUnitTestRunner.java:766)
Caused by: java.lang.IllegalStateException: EntityManager is closed
	at org.hibernate.ejb.EntityManagerImpl.getSession(EntityManagerImpl.java:42)
	at org.hibernate.ejb.AbstractEntityManagerImpl.find(AbstractEntityManagerImpl.java:174)
	at com.topcoder.service.studio.contest.failuretests.mock.MockEntityManager.find(MockEntityManager.java:134)
	at com.topcoder.service.studio.contest.bean.ContestManagerBean.addDocument(ContestManagerBean.java:882)
	... 18 more
[Exit method: addDocument()]
[Enter method: addDocument()]
[param1: null]
This method is required to run in transaction.
com.topcoder.service.studio.contest.ContestManagementException: This method is required to run in transaction.
	at com.topcoder.service.studio.contest.bean.ContestManagerBean.wrapContestManagementException(ContestManagerBean.java:2119)
	at com.topcoder.service.studio.contest.bean.ContestManagerBean.addDocument(ContestManagerBean.java:901)
	at com.topcoder.service.studio.contest.failuretests.ContestManagerBeanFailureTest.test_AddDocument_Failure3(ContestManagerBeanFailureTest.java:1520)
	at sun.reflect.NativeMethodAccessorImpl.invoke0(Native Method)
	at sun.reflect.NativeMethodAccessorImpl.invoke(NativeMethodAccessorImpl.java:39)
	at sun.reflect.DelegatingMethodAccessorImpl.invoke(DelegatingMethodAccessorImpl.java:25)
	at java.lang.reflect.Method.invoke(Method.java:585)
	at junit.framework.TestCase.runTest(TestCase.java:154)
	at junit.framework.TestCase.runBare(TestCase.java:127)
	at junit.framework.TestResult$1.protect(TestResult.java:106)
	at junit.framework.TestResult.runProtected(TestResult.java:124)
	at junit.framework.TestResult.run(TestResult.java:109)
	at junit.framework.TestCase.run(TestCase.java:118)
	at junit.framework.TestSuite.runTest(TestSuite.java:208)
	at junit.framework.TestSuite.run(TestSuite.java:203)
	at junit.framework.TestSuite.runTest(TestSuite.java:208)
	at junit.framework.TestSuite.run(TestSuite.java:203)
	at org.apache.tools.ant.taskdefs.optional.junit.JUnitTestRunner.run(JUnitTestRunner.java:421)
	at org.apache.tools.ant.taskdefs.optional.junit.JUnitTestRunner.launch(JUnitTestRunner.java:912)
	at org.apache.tools.ant.taskdefs.optional.junit.JUnitTestRunner.main(JUnitTestRunner.java:766)
Caused by: javax.persistence.TransactionRequiredException
	at com.topcoder.service.studio.contest.failuretests.mock.MockEntityManager.find(MockEntityManager.java:131)
	at com.topcoder.service.studio.contest.bean.ContestManagerBean.addDocument(ContestManagerBean.java:882)
	... 18 more
[Exit method: addDocument()]
[Enter method: addDocument()]
[param1: null]
There are errors while persisting the entity.
com.topcoder.service.studio.contest.ContestManagementException: There are errors while persisting the entity.
	at com.topcoder.service.studio.contest.bean.ContestManagerBean.wrapContestManagementException(ContestManagerBean.java:2119)
	at com.topcoder.service.studio.contest.bean.ContestManagerBean.addDocument(ContestManagerBean.java:903)
	at com.topcoder.service.studio.contest.failuretests.ContestManagerBeanFailureTest.test_AddDocument_Failure4(ContestManagerBeanFailureTest.java:1547)
	at sun.reflect.NativeMethodAccessorImpl.invoke0(Native Method)
	at sun.reflect.NativeMethodAccessorImpl.invoke(NativeMethodAccessorImpl.java:39)
	at sun.reflect.DelegatingMethodAccessorImpl.invoke(DelegatingMethodAccessorImpl.java:25)
	at java.lang.reflect.Method.invoke(Method.java:585)
	at junit.framework.TestCase.runTest(TestCase.java:154)
	at junit.framework.TestCase.runBare(TestCase.java:127)
	at junit.framework.TestResult$1.protect(TestResult.java:106)
	at junit.framework.TestResult.runProtected(TestResult.java:124)
	at junit.framework.TestResult.run(TestResult.java:109)
	at junit.framework.TestCase.run(TestCase.java:118)
	at junit.framework.TestSuite.runTest(TestSuite.java:208)
	at junit.framework.TestSuite.run(TestSuite.java:203)
	at junit.framework.TestSuite.runTest(TestSuite.java:208)
	at junit.framework.TestSuite.run(TestSuite.java:203)
	at org.apache.tools.ant.taskdefs.optional.junit.JUnitTestRunner.run(JUnitTestRunner.java:421)
	at org.apache.tools.ant.taskdefs.optional.junit.JUnitTestRunner.launch(JUnitTestRunner.java:912)
	at org.apache.tools.ant.taskdefs.optional.junit.JUnitTestRunner.main(JUnitTestRunner.java:766)
Caused by: javax.persistence.PersistenceException
	at com.topcoder.service.studio.contest.failuretests.mock.MockEntityManager.find(MockEntityManager.java:127)
	at com.topcoder.service.studio.contest.bean.ContestManagerBean.addDocument(ContestManagerBean.java:882)
	... 18 more
[Exit method: addDocument()]
[Enter method: updateDocument()]
[param1: null]
The document with id 'null' doesn't exist.
com.topcoder.service.studio.contest.EntityNotFoundException: The document with id 'null' doesn't exist.
	at com.topcoder.service.studio.contest.bean.ContestManagerBean.wrapEntityNotFoundException(ContestManagerBean.java:2084)
	at com.topcoder.service.studio.contest.bean.ContestManagerBean.updateDocument(ContestManagerBean.java:931)
	at com.topcoder.service.studio.contest.failuretests.ContestManagerBeanFailureTest.test_UpdateDocument_Failure1(ContestManagerBeanFailureTest.java:1577)
	at sun.reflect.NativeMethodAccessorImpl.invoke0(Native Method)
	at sun.reflect.NativeMethodAccessorImpl.invoke(NativeMethodAccessorImpl.java:39)
	at sun.reflect.DelegatingMethodAccessorImpl.invoke(DelegatingMethodAccessorImpl.java:25)
	at java.lang.reflect.Method.invoke(Method.java:585)
	at junit.framework.TestCase.runTest(TestCase.java:154)
	at junit.framework.TestCase.runBare(TestCase.java:127)
	at junit.framework.TestResult$1.protect(TestResult.java:106)
	at junit.framework.TestResult.runProtected(TestResult.java:124)
	at junit.framework.TestResult.run(TestResult.java:109)
	at junit.framework.TestCase.run(TestCase.java:118)
	at junit.framework.TestSuite.runTest(TestSuite.java:208)
	at junit.framework.TestSuite.run(TestSuite.java:203)
	at junit.framework.TestSuite.runTest(TestSuite.java:208)
	at junit.framework.TestSuite.run(TestSuite.java:203)
	at org.apache.tools.ant.taskdefs.optional.junit.JUnitTestRunner.run(JUnitTestRunner.java:421)
	at org.apache.tools.ant.taskdefs.optional.junit.JUnitTestRunner.launch(JUnitTestRunner.java:912)
	at org.apache.tools.ant.taskdefs.optional.junit.JUnitTestRunner.main(JUnitTestRunner.java:766)
[Exit method: updateDocument()]
[Enter method: addDocument()]
[param1: null]
Hibernate: /* load com.topcoder.service.studio.contest.FilePath */ select filepath0_.path_id as path1_36_0_, filepath0_.path as path36_0_, filepath0_.modify_date as modify3_36_0_ from path filepath0_ where filepath0_.path_id=?
The file path with specified path id doesn't exist.
com.topcoder.service.studio.contest.ContestManagementException: The file path with specified path id doesn't exist.
	at com.topcoder.service.studio.contest.bean.ContestManagerBean.wrapContestManagementException(ContestManagerBean.java:2101)
	at com.topcoder.service.studio.contest.bean.ContestManagerBean.addDocument(ContestManagerBean.java:885)
	at com.topcoder.service.studio.contest.failuretests.ContestManagerBeanFailureTest.test_UpdateDocument_Failure2(ContestManagerBeanFailureTest.java:1607)
	at sun.reflect.NativeMethodAccessorImpl.invoke0(Native Method)
	at sun.reflect.NativeMethodAccessorImpl.invoke(NativeMethodAccessorImpl.java:39)
	at sun.reflect.DelegatingMethodAccessorImpl.invoke(DelegatingMethodAccessorImpl.java:25)
	at java.lang.reflect.Method.invoke(Method.java:585)
	at junit.framework.TestCase.runTest(TestCase.java:154)
	at junit.framework.TestCase.runBare(TestCase.java:127)
	at junit.framework.TestResult$1.protect(TestResult.java:106)
	at junit.framework.TestResult.runProtected(TestResult.java:124)
	at junit.framework.TestResult.run(TestResult.java:109)
	at junit.framework.TestCase.run(TestCase.java:118)
	at junit.framework.TestSuite.runTest(TestSuite.java:208)
	at junit.framework.TestSuite.run(TestSuite.java:203)
	at junit.framework.TestSuite.runTest(TestSuite.java:208)
	at junit.framework.TestSuite.run(TestSuite.java:203)
	at org.apache.tools.ant.taskdefs.optional.junit.JUnitTestRunner.run(JUnitTestRunner.java:421)
	at org.apache.tools.ant.taskdefs.optional.junit.JUnitTestRunner.launch(JUnitTestRunner.java:912)
	at org.apache.tools.ant.taskdefs.optional.junit.JUnitTestRunner.main(JUnitTestRunner.java:766)
[Exit method: addDocument()]
[Enter method: addDocument()]
[param1: null]
Hibernate: /* load com.topcoder.service.studio.contest.FilePath */ select filepath0_.path_id as path1_36_0_, filepath0_.path as path36_0_, filepath0_.modify_date as modify3_36_0_ from path filepath0_ where filepath0_.path_id=?
The file path with specified path id doesn't exist.
com.topcoder.service.studio.contest.ContestManagementException: The file path with specified path id doesn't exist.
	at com.topcoder.service.studio.contest.bean.ContestManagerBean.wrapContestManagementException(ContestManagerBean.java:2101)
	at com.topcoder.service.studio.contest.bean.ContestManagerBean.addDocument(ContestManagerBean.java:885)
	at com.topcoder.service.studio.contest.failuretests.ContestManagerBeanFailureTest.test_UpdateDocument_Failure3(ContestManagerBeanFailureTest.java:1640)
	at sun.reflect.NativeMethodAccessorImpl.invoke0(Native Method)
	at sun.reflect.NativeMethodAccessorImpl.invoke(NativeMethodAccessorImpl.java:39)
	at sun.reflect.DelegatingMethodAccessorImpl.invoke(DelegatingMethodAccessorImpl.java:25)
	at java.lang.reflect.Method.invoke(Method.java:585)
	at junit.framework.TestCase.runTest(TestCase.java:154)
	at junit.framework.TestCase.runBare(TestCase.java:127)
	at junit.framework.TestResult$1.protect(TestResult.java:106)
	at junit.framework.TestResult.runProtected(TestResult.java:124)
	at junit.framework.TestResult.run(TestResult.java:109)
	at junit.framework.TestCase.run(TestCase.java:118)
	at junit.framework.TestSuite.runTest(TestSuite.java:208)
	at junit.framework.TestSuite.run(TestSuite.java:203)
	at junit.framework.TestSuite.runTest(TestSuite.java:208)
	at junit.framework.TestSuite.run(TestSuite.java:203)
	at org.apache.tools.ant.taskdefs.optional.junit.JUnitTestRunner.run(JUnitTestRunner.java:421)
	at org.apache.tools.ant.taskdefs.optional.junit.JUnitTestRunner.launch(JUnitTestRunner.java:912)
	at org.apache.tools.ant.taskdefs.optional.junit.JUnitTestRunner.main(JUnitTestRunner.java:766)
[Exit method: addDocument()]
[Enter method: addDocument()]
[param1: null]
Hibernate: /* load com.topcoder.service.studio.contest.FilePath */ select filepath0_.path_id as path1_36_0_, filepath0_.path as path36_0_, filepath0_.modify_date as modify3_36_0_ from path filepath0_ where filepath0_.path_id=?
The file path with specified path id doesn't exist.
com.topcoder.service.studio.contest.ContestManagementException: The file path with specified path id doesn't exist.
	at com.topcoder.service.studio.contest.bean.ContestManagerBean.wrapContestManagementException(ContestManagerBean.java:2101)
	at com.topcoder.service.studio.contest.bean.ContestManagerBean.addDocument(ContestManagerBean.java:885)
	at com.topcoder.service.studio.contest.failuretests.ContestManagerBeanFailureTest.test_UpdateDocument_Failure4(ContestManagerBeanFailureTest.java:1674)
	at sun.reflect.NativeMethodAccessorImpl.invoke0(Native Method)
	at sun.reflect.NativeMethodAccessorImpl.invoke(NativeMethodAccessorImpl.java:39)
	at sun.reflect.DelegatingMethodAccessorImpl.invoke(DelegatingMethodAccessorImpl.java:25)
	at java.lang.reflect.Method.invoke(Method.java:585)
	at junit.framework.TestCase.runTest(TestCase.java:154)
	at junit.framework.TestCase.runBare(TestCase.java:127)
	at junit.framework.TestResult$1.protect(TestResult.java:106)
	at junit.framework.TestResult.runProtected(TestResult.java:124)
	at junit.framework.TestResult.run(TestResult.java:109)
	at junit.framework.TestCase.run(TestCase.java:118)
	at junit.framework.TestSuite.runTest(TestSuite.java:208)
	at junit.framework.TestSuite.run(TestSuite.java:203)
	at junit.framework.TestSuite.runTest(TestSuite.java:208)
	at junit.framework.TestSuite.run(TestSuite.java:203)
	at org.apache.tools.ant.taskdefs.optional.junit.JUnitTestRunner.run(JUnitTestRunner.java:421)
	at org.apache.tools.ant.taskdefs.optional.junit.JUnitTestRunner.launch(JUnitTestRunner.java:912)
	at org.apache.tools.ant.taskdefs.optional.junit.JUnitTestRunner.main(JUnitTestRunner.java:766)
[Exit method: addDocument()]
[Enter method: getDocument()]
[param1: 1]
The EntityManager is closed.
com.topcoder.service.studio.contest.ContestManagementException: The EntityManager is closed.
	at com.topcoder.service.studio.contest.bean.ContestManagerBean.wrapContestManagementException(ContestManagerBean.java:2119)
	at com.topcoder.service.studio.contest.bean.ContestManagerBean.getDocument(ContestManagerBean.java:969)
	at com.topcoder.service.studio.contest.failuretests.ContestManagerBeanFailureTest.test_GetDocument_Failure1(ContestManagerBeanFailureTest.java:1701)
	at sun.reflect.NativeMethodAccessorImpl.invoke0(Native Method)
	at sun.reflect.NativeMethodAccessorImpl.invoke(NativeMethodAccessorImpl.java:39)
	at sun.reflect.DelegatingMethodAccessorImpl.invoke(DelegatingMethodAccessorImpl.java:25)
	at java.lang.reflect.Method.invoke(Method.java:585)
	at junit.framework.TestCase.runTest(TestCase.java:154)
	at junit.framework.TestCase.runBare(TestCase.java:127)
	at junit.framework.TestResult$1.protect(TestResult.java:106)
	at junit.framework.TestResult.runProtected(TestResult.java:124)
	at junit.framework.TestResult.run(TestResult.java:109)
	at junit.framework.TestCase.run(TestCase.java:118)
	at junit.framework.TestSuite.runTest(TestSuite.java:208)
	at junit.framework.TestSuite.run(TestSuite.java:203)
	at junit.framework.TestSuite.runTest(TestSuite.java:208)
	at junit.framework.TestSuite.run(TestSuite.java:203)
	at org.apache.tools.ant.taskdefs.optional.junit.JUnitTestRunner.run(JUnitTestRunner.java:421)
	at org.apache.tools.ant.taskdefs.optional.junit.JUnitTestRunner.launch(JUnitTestRunner.java:912)
	at org.apache.tools.ant.taskdefs.optional.junit.JUnitTestRunner.main(JUnitTestRunner.java:766)
Caused by: java.lang.IllegalStateException: EntityManager is closed
	at org.hibernate.ejb.EntityManagerImpl.getSession(EntityManagerImpl.java:42)
	at org.hibernate.ejb.AbstractEntityManagerImpl.find(AbstractEntityManagerImpl.java:174)
	at com.topcoder.service.studio.contest.failuretests.mock.MockEntityManager.find(MockEntityManager.java:134)
	at com.topcoder.service.studio.contest.bean.ContestManagerBean.getDocument(ContestManagerBean.java:965)
	... 18 more
[Exit method: getDocument()]
[Enter method: getDocument()]
[param1: 1]
There are errors while persisting the entity.
com.topcoder.service.studio.contest.ContestManagementException: There are errors while persisting the entity.
	at com.topcoder.service.studio.contest.bean.ContestManagerBean.wrapContestManagementException(ContestManagerBean.java:2119)
	at com.topcoder.service.studio.contest.bean.ContestManagerBean.getDocument(ContestManagerBean.java:971)
	at com.topcoder.service.studio.contest.failuretests.ContestManagerBeanFailureTest.test_GetDocument_Failure2(ContestManagerBeanFailureTest.java:1725)
	at sun.reflect.NativeMethodAccessorImpl.invoke0(Native Method)
	at sun.reflect.NativeMethodAccessorImpl.invoke(NativeMethodAccessorImpl.java:39)
	at sun.reflect.DelegatingMethodAccessorImpl.invoke(DelegatingMethodAccessorImpl.java:25)
	at java.lang.reflect.Method.invoke(Method.java:585)
	at junit.framework.TestCase.runTest(TestCase.java:154)
	at junit.framework.TestCase.runBare(TestCase.java:127)
	at junit.framework.TestResult$1.protect(TestResult.java:106)
	at junit.framework.TestResult.runProtected(TestResult.java:124)
	at junit.framework.TestResult.run(TestResult.java:109)
	at junit.framework.TestCase.run(TestCase.java:118)
	at junit.framework.TestSuite.runTest(TestSuite.java:208)
	at junit.framework.TestSuite.run(TestSuite.java:203)
	at junit.framework.TestSuite.runTest(TestSuite.java:208)
	at junit.framework.TestSuite.run(TestSuite.java:203)
	at org.apache.tools.ant.taskdefs.optional.junit.JUnitTestRunner.run(JUnitTestRunner.java:421)
	at org.apache.tools.ant.taskdefs.optional.junit.JUnitTestRunner.launch(JUnitTestRunner.java:912)
	at org.apache.tools.ant.taskdefs.optional.junit.JUnitTestRunner.main(JUnitTestRunner.java:766)
Caused by: javax.persistence.PersistenceException
	at com.topcoder.service.studio.contest.failuretests.mock.MockEntityManager.find(MockEntityManager.java:127)
	at com.topcoder.service.studio.contest.bean.ContestManagerBean.getDocument(ContestManagerBean.java:965)
	... 18 more
[Exit method: getDocument()]
[Enter method: removeDocument()]
[param1: 1]
The EntityManager is closed.
com.topcoder.service.studio.contest.ContestManagementException: The EntityManager is closed.
	at com.topcoder.service.studio.contest.bean.ContestManagerBean.wrapContestManagementException(ContestManagerBean.java:2119)
	at com.topcoder.service.studio.contest.bean.ContestManagerBean.removeDocument(ContestManagerBean.java:1006)
	at com.topcoder.service.studio.contest.failuretests.ContestManagerBeanFailureTest.test_RemoveDocument_Failure1(ContestManagerBeanFailureTest.java:1749)
	at sun.reflect.NativeMethodAccessorImpl.invoke0(Native Method)
	at sun.reflect.NativeMethodAccessorImpl.invoke(NativeMethodAccessorImpl.java:39)
	at sun.reflect.DelegatingMethodAccessorImpl.invoke(DelegatingMethodAccessorImpl.java:25)
	at java.lang.reflect.Method.invoke(Method.java:585)
	at junit.framework.TestCase.runTest(TestCase.java:154)
	at junit.framework.TestCase.runBare(TestCase.java:127)
	at junit.framework.TestResult$1.protect(TestResult.java:106)
	at junit.framework.TestResult.runProtected(TestResult.java:124)
	at junit.framework.TestResult.run(TestResult.java:109)
	at junit.framework.TestCase.run(TestCase.java:118)
	at junit.framework.TestSuite.runTest(TestSuite.java:208)
	at junit.framework.TestSuite.run(TestSuite.java:203)
	at junit.framework.TestSuite.runTest(TestSuite.java:208)
	at junit.framework.TestSuite.run(TestSuite.java:203)
	at org.apache.tools.ant.taskdefs.optional.junit.JUnitTestRunner.run(JUnitTestRunner.java:421)
	at org.apache.tools.ant.taskdefs.optional.junit.JUnitTestRunner.launch(JUnitTestRunner.java:912)
	at org.apache.tools.ant.taskdefs.optional.junit.JUnitTestRunner.main(JUnitTestRunner.java:766)
Caused by: java.lang.IllegalStateException: EntityManager is closed
	at org.hibernate.ejb.EntityManagerImpl.getSession(EntityManagerImpl.java:42)
	at org.hibernate.ejb.AbstractEntityManagerImpl.find(AbstractEntityManagerImpl.java:174)
	at com.topcoder.service.studio.contest.failuretests.mock.MockEntityManager.find(MockEntityManager.java:134)
	at com.topcoder.service.studio.contest.bean.ContestManagerBean.removeDocument(ContestManagerBean.java:996)
	... 18 more
[Exit method: removeDocument()]
[Enter method: removeDocument()]
[param1: 1]
This method is required to run in transaction.
com.topcoder.service.studio.contest.ContestManagementException: This method is required to run in transaction.
	at com.topcoder.service.studio.contest.bean.ContestManagerBean.wrapContestManagementException(ContestManagerBean.java:2119)
	at com.topcoder.service.studio.contest.bean.ContestManagerBean.removeDocument(ContestManagerBean.java:1008)
	at com.topcoder.service.studio.contest.failuretests.ContestManagerBeanFailureTest.test_RemoveDocument_Failure2(ContestManagerBeanFailureTest.java:1773)
	at sun.reflect.NativeMethodAccessorImpl.invoke0(Native Method)
	at sun.reflect.NativeMethodAccessorImpl.invoke(NativeMethodAccessorImpl.java:39)
	at sun.reflect.DelegatingMethodAccessorImpl.invoke(DelegatingMethodAccessorImpl.java:25)
	at java.lang.reflect.Method.invoke(Method.java:585)
	at junit.framework.TestCase.runTest(TestCase.java:154)
	at junit.framework.TestCase.runBare(TestCase.java:127)
	at junit.framework.TestResult$1.protect(TestResult.java:106)
	at junit.framework.TestResult.runProtected(TestResult.java:124)
	at junit.framework.TestResult.run(TestResult.java:109)
	at junit.framework.TestCase.run(TestCase.java:118)
	at junit.framework.TestSuite.runTest(TestSuite.java:208)
	at junit.framework.TestSuite.run(TestSuite.java:203)
	at junit.framework.TestSuite.runTest(TestSuite.java:208)
	at junit.framework.TestSuite.run(TestSuite.java:203)
	at org.apache.tools.ant.taskdefs.optional.junit.JUnitTestRunner.run(JUnitTestRunner.java:421)
	at org.apache.tools.ant.taskdefs.optional.junit.JUnitTestRunner.launch(JUnitTestRunner.java:912)
	at org.apache.tools.ant.taskdefs.optional.junit.JUnitTestRunner.main(JUnitTestRunner.java:766)
Caused by: javax.persistence.TransactionRequiredException
	at com.topcoder.service.studio.contest.failuretests.mock.MockEntityManager.find(MockEntityManager.java:131)
	at com.topcoder.service.studio.contest.bean.ContestManagerBean.removeDocument(ContestManagerBean.java:996)
	... 18 more
[Exit method: removeDocument()]
[Enter method: removeDocument()]
[param1: 1]
There are errors while persisting the entity.
com.topcoder.service.studio.contest.ContestManagementException: There are errors while persisting the entity.
	at com.topcoder.service.studio.contest.bean.ContestManagerBean.wrapContestManagementException(ContestManagerBean.java:2119)
	at com.topcoder.service.studio.contest.bean.ContestManagerBean.removeDocument(ContestManagerBean.java:1010)
	at com.topcoder.service.studio.contest.failuretests.ContestManagerBeanFailureTest.test_RemoveDocument_Failure3(ContestManagerBeanFailureTest.java:1797)
	at sun.reflect.NativeMethodAccessorImpl.invoke0(Native Method)
	at sun.reflect.NativeMethodAccessorImpl.invoke(NativeMethodAccessorImpl.java:39)
	at sun.reflect.DelegatingMethodAccessorImpl.invoke(DelegatingMethodAccessorImpl.java:25)
	at java.lang.reflect.Method.invoke(Method.java:585)
	at junit.framework.TestCase.runTest(TestCase.java:154)
	at junit.framework.TestCase.runBare(TestCase.java:127)
	at junit.framework.TestResult$1.protect(TestResult.java:106)
	at junit.framework.TestResult.runProtected(TestResult.java:124)
	at junit.framework.TestResult.run(TestResult.java:109)
	at junit.framework.TestCase.run(TestCase.java:118)
	at junit.framework.TestSuite.runTest(TestSuite.java:208)
	at junit.framework.TestSuite.run(TestSuite.java:203)
	at junit.framework.TestSuite.runTest(TestSuite.java:208)
	at junit.framework.TestSuite.run(TestSuite.java:203)
	at org.apache.tools.ant.taskdefs.optional.junit.JUnitTestRunner.run(JUnitTestRunner.java:421)
	at org.apache.tools.ant.taskdefs.optional.junit.JUnitTestRunner.launch(JUnitTestRunner.java:912)
	at org.apache.tools.ant.taskdefs.optional.junit.JUnitTestRunner.main(JUnitTestRunner.java:766)
Caused by: javax.persistence.PersistenceException
	at com.topcoder.service.studio.contest.failuretests.mock.MockEntityManager.find(MockEntityManager.java:127)
	at com.topcoder.service.studio.contest.bean.ContestManagerBean.removeDocument(ContestManagerBean.java:996)
	... 18 more
[Exit method: removeDocument()]
[Enter method: createContest()]
[param1: null]
[Exit method: createContest()]
[Enter method: addDocumentToContest()]
[param1: 1,000, param2: 6]
Hibernate: /* load com.topcoder.service.studio.contest.Document */ select document0_.document_id as document1_50_0_, document0_.original_file_name as original2_50_0_, document0_.system_file_name as system3_50_0_, document0_.path_id as path4_50_0_, document0_.mime_type_id as mime5_50_0_, document0_.document_type_id as document6_50_0_, document0_.create_date as create7_50_0_ from document document0_ where document0_.document_id=?
The document with id '1000' doesn't exist.
com.topcoder.service.studio.contest.EntityNotFoundException: The document with id '1000' doesn't exist.
	at com.topcoder.service.studio.contest.bean.ContestManagerBean.wrapEntityNotFoundException(ContestManagerBean.java:2084)
	at com.topcoder.service.studio.contest.bean.ContestManagerBean.addDocumentToContest(ContestManagerBean.java:1039)
	at com.topcoder.service.studio.contest.failuretests.ContestManagerBeanFailureTest.test_AddDocumentToContest_Failure1(ContestManagerBeanFailureTest.java:1823)
	at sun.reflect.NativeMethodAccessorImpl.invoke0(Native Method)
	at sun.reflect.NativeMethodAccessorImpl.invoke(NativeMethodAccessorImpl.java:39)
	at sun.reflect.DelegatingMethodAccessorImpl.invoke(DelegatingMethodAccessorImpl.java:25)
	at java.lang.reflect.Method.invoke(Method.java:585)
	at junit.framework.TestCase.runTest(TestCase.java:154)
	at junit.framework.TestCase.runBare(TestCase.java:127)
	at junit.framework.TestResult$1.protect(TestResult.java:106)
	at junit.framework.TestResult.runProtected(TestResult.java:124)
	at junit.framework.TestResult.run(TestResult.java:109)
	at junit.framework.TestCase.run(TestCase.java:118)
	at junit.framework.TestSuite.runTest(TestSuite.java:208)
	at junit.framework.TestSuite.run(TestSuite.java:203)
	at junit.framework.TestSuite.runTest(TestSuite.java:208)
	at junit.framework.TestSuite.run(TestSuite.java:203)
	at org.apache.tools.ant.taskdefs.optional.junit.JUnitTestRunner.run(JUnitTestRunner.java:421)
	at org.apache.tools.ant.taskdefs.optional.junit.JUnitTestRunner.launch(JUnitTestRunner.java:912)
	at org.apache.tools.ant.taskdefs.optional.junit.JUnitTestRunner.main(JUnitTestRunner.java:766)
[Exit method: addDocumentToContest()]
[Enter method: addDocument()]
[param1: null]
[Exit method: addDocument()]
[Enter method: addDocumentToContest()]
[param1: 2, param2: 1,000]
Hibernate: /* load com.topcoder.service.studio.contest.Contest */ select contest0_.contest_id as contest1_45_0_, contest0_.contest_channel_id as contest2_45_0_, contest0_.name as name45_0_, contest0_.contest_type_id as contest4_45_0_, contest0_.project_id as project5_45_0_, contest0_.tc_direct_project_id as tc6_45_0_, contest0_.contest_status_id as contest7_45_0_, contest0_.forum_id as forum8_45_0_, contest0_.event_id as event9_45_0_, contest0_.start_time as start10_45_0_, contest0_.end_date as end11_45_0_, contest0_.winner_annoucement_deadline as winner12_45_0_, contest0_.creator_user_id as creator13_45_0_ from contest contest0_ where contest0_.contest_id=?
The contest with id '1000' doesn't exist.
com.topcoder.service.studio.contest.EntityNotFoundException: The contest with id '1000' doesn't exist.
	at com.topcoder.service.studio.contest.bean.ContestManagerBean.wrapEntityNotFoundException(ContestManagerBean.java:2084)
	at com.topcoder.service.studio.contest.bean.ContestManagerBean.addDocumentToContest(ContestManagerBean.java:1045)
	at com.topcoder.service.studio.contest.failuretests.ContestManagerBeanFailureTest.test_AddDocumentToContest_Failure2(ContestManagerBeanFailureTest.java:1872)
	at sun.reflect.NativeMethodAccessorImpl.invoke0(Native Method)
	at sun.reflect.NativeMethodAccessorImpl.invoke(NativeMethodAccessorImpl.java:39)
	at sun.reflect.DelegatingMethodAccessorImpl.invoke(DelegatingMethodAccessorImpl.java:25)
	at java.lang.reflect.Method.invoke(Method.java:585)
	at junit.framework.TestCase.runTest(TestCase.java:154)
	at junit.framework.TestCase.runBare(TestCase.java:127)
	at junit.framework.TestResult$1.protect(TestResult.java:106)
	at junit.framework.TestResult.runProtected(TestResult.java:124)
	at junit.framework.TestResult.run(TestResult.java:109)
	at junit.framework.TestCase.run(TestCase.java:118)
	at junit.framework.TestSuite.runTest(TestSuite.java:208)
	at junit.framework.TestSuite.run(TestSuite.java:203)
	at junit.framework.TestSuite.runTest(TestSuite.java:208)
	at junit.framework.TestSuite.run(TestSuite.java:203)
	at org.apache.tools.ant.taskdefs.optional.junit.JUnitTestRunner.run(JUnitTestRunner.java:421)
	at org.apache.tools.ant.taskdefs.optional.junit.JUnitTestRunner.launch(JUnitTestRunner.java:912)
	at org.apache.tools.ant.taskdefs.optional.junit.JUnitTestRunner.main(JUnitTestRunner.java:766)
[Exit method: addDocumentToContest()]
[Enter method: addDocumentToContest()]
[param1: 1, param2: 1]
The EntityManager is closed.
com.topcoder.service.studio.contest.ContestManagementException: The EntityManager is closed.
	at com.topcoder.service.studio.contest.bean.ContestManagerBean.wrapContestManagementException(ContestManagerBean.java:2119)
	at com.topcoder.service.studio.contest.bean.ContestManagerBean.addDocumentToContest(ContestManagerBean.java:1053)
	at com.topcoder.service.studio.contest.failuretests.ContestManagerBeanFailureTest.test_AddDocumentToContest_Failure3(ContestManagerBeanFailureTest.java:1895)
	at sun.reflect.NativeMethodAccessorImpl.invoke0(Native Method)
	at sun.reflect.NativeMethodAccessorImpl.invoke(NativeMethodAccessorImpl.java:39)
	at sun.reflect.DelegatingMethodAccessorImpl.invoke(DelegatingMethodAccessorImpl.java:25)
	at java.lang.reflect.Method.invoke(Method.java:585)
	at junit.framework.TestCase.runTest(TestCase.java:154)
	at junit.framework.TestCase.runBare(TestCase.java:127)
	at junit.framework.TestResult$1.protect(TestResult.java:106)
	at junit.framework.TestResult.runProtected(TestResult.java:124)
	at junit.framework.TestResult.run(TestResult.java:109)
	at junit.framework.TestCase.run(TestCase.java:118)
	at junit.framework.TestSuite.runTest(TestSuite.java:208)
	at junit.framework.TestSuite.run(TestSuite.java:203)
	at junit.framework.TestSuite.runTest(TestSuite.java:208)
	at junit.framework.TestSuite.run(TestSuite.java:203)
	at org.apache.tools.ant.taskdefs.optional.junit.JUnitTestRunner.run(JUnitTestRunner.java:421)
	at org.apache.tools.ant.taskdefs.optional.junit.JUnitTestRunner.launch(JUnitTestRunner.java:912)
	at org.apache.tools.ant.taskdefs.optional.junit.JUnitTestRunner.main(JUnitTestRunner.java:766)
Caused by: java.lang.IllegalStateException: EntityManager is closed
	at org.hibernate.ejb.EntityManagerImpl.getSession(EntityManagerImpl.java:42)
	at org.hibernate.ejb.AbstractEntityManagerImpl.find(AbstractEntityManagerImpl.java:174)
	at com.topcoder.service.studio.contest.failuretests.mock.MockEntityManager.find(MockEntityManager.java:134)
	at com.topcoder.service.studio.contest.bean.ContestManagerBean.addDocumentToContest(ContestManagerBean.java:1036)
	... 18 more
[Exit method: addDocumentToContest()]
[Enter method: addDocumentToContest()]
[param1: 1, param2: 1]
This method is required to run in transaction.
com.topcoder.service.studio.contest.ContestManagementException: This method is required to run in transaction.
	at com.topcoder.service.studio.contest.bean.ContestManagerBean.wrapContestManagementException(ContestManagerBean.java:2119)
	at com.topcoder.service.studio.contest.bean.ContestManagerBean.addDocumentToContest(ContestManagerBean.java:1055)
	at com.topcoder.service.studio.contest.failuretests.ContestManagerBeanFailureTest.test_AddDocumentToContest_Failure4(ContestManagerBeanFailureTest.java:1919)
	at sun.reflect.NativeMethodAccessorImpl.invoke0(Native Method)
	at sun.reflect.NativeMethodAccessorImpl.invoke(NativeMethodAccessorImpl.java:39)
	at sun.reflect.DelegatingMethodAccessorImpl.invoke(DelegatingMethodAccessorImpl.java:25)
	at java.lang.reflect.Method.invoke(Method.java:585)
	at junit.framework.TestCase.runTest(TestCase.java:154)
	at junit.framework.TestCase.runBare(TestCase.java:127)
	at junit.framework.TestResult$1.protect(TestResult.java:106)
	at junit.framework.TestResult.runProtected(TestResult.java:124)
	at junit.framework.TestResult.run(TestResult.java:109)
	at junit.framework.TestCase.run(TestCase.java:118)
	at junit.framework.TestSuite.runTest(TestSuite.java:208)
	at junit.framework.TestSuite.run(TestSuite.java:203)
	at junit.framework.TestSuite.runTest(TestSuite.java:208)
	at junit.framework.TestSuite.run(TestSuite.java:203)
	at org.apache.tools.ant.taskdefs.optional.junit.JUnitTestRunner.run(JUnitTestRunner.java:421)
	at org.apache.tools.ant.taskdefs.optional.junit.JUnitTestRunner.launch(JUnitTestRunner.java:912)
	at org.apache.tools.ant.taskdefs.optional.junit.JUnitTestRunner.main(JUnitTestRunner.java:766)
Caused by: javax.persistence.TransactionRequiredException
	at com.topcoder.service.studio.contest.failuretests.mock.MockEntityManager.find(MockEntityManager.java:131)
	at com.topcoder.service.studio.contest.bean.ContestManagerBean.addDocumentToContest(ContestManagerBean.java:1036)
	... 18 more
[Exit method: addDocumentToContest()]
[Enter method: addDocumentToContest()]
[param1: 1, param2: 1]
There are errors while persisting the entity.
com.topcoder.service.studio.contest.ContestManagementException: There are errors while persisting the entity.
	at com.topcoder.service.studio.contest.bean.ContestManagerBean.wrapContestManagementException(ContestManagerBean.java:2119)
	at com.topcoder.service.studio.contest.bean.ContestManagerBean.addDocumentToContest(ContestManagerBean.java:1057)
	at com.topcoder.service.studio.contest.failuretests.ContestManagerBeanFailureTest.test_AddDocumentToContest_Failure5(ContestManagerBeanFailureTest.java:1943)
	at sun.reflect.NativeMethodAccessorImpl.invoke0(Native Method)
	at sun.reflect.NativeMethodAccessorImpl.invoke(NativeMethodAccessorImpl.java:39)
	at sun.reflect.DelegatingMethodAccessorImpl.invoke(DelegatingMethodAccessorImpl.java:25)
	at java.lang.reflect.Method.invoke(Method.java:585)
	at junit.framework.TestCase.runTest(TestCase.java:154)
	at junit.framework.TestCase.runBare(TestCase.java:127)
	at junit.framework.TestResult$1.protect(TestResult.java:106)
	at junit.framework.TestResult.runProtected(TestResult.java:124)
	at junit.framework.TestResult.run(TestResult.java:109)
	at junit.framework.TestCase.run(TestCase.java:118)
	at junit.framework.TestSuite.runTest(TestSuite.java:208)
	at junit.framework.TestSuite.run(TestSuite.java:203)
	at junit.framework.TestSuite.runTest(TestSuite.java:208)
	at junit.framework.TestSuite.run(TestSuite.java:203)
	at org.apache.tools.ant.taskdefs.optional.junit.JUnitTestRunner.run(JUnitTestRunner.java:421)
	at org.apache.tools.ant.taskdefs.optional.junit.JUnitTestRunner.launch(JUnitTestRunner.java:912)
	at org.apache.tools.ant.taskdefs.optional.junit.JUnitTestRunner.main(JUnitTestRunner.java:766)
Caused by: javax.persistence.PersistenceException
	at com.topcoder.service.studio.contest.failuretests.mock.MockEntityManager.find(MockEntityManager.java:127)
	at com.topcoder.service.studio.contest.bean.ContestManagerBean.addDocumentToContest(ContestManagerBean.java:1036)
	... 18 more
[Exit method: addDocumentToContest()]
[Enter method: createContest()]
[param1: null]
[Exit method: createContest()]
[Enter method: removeDocumentFromContest()]
[param1: 1,000, param2: 7]
Hibernate: /* load com.topcoder.service.studio.contest.Document */ select document0_.document_id as document1_50_0_, document0_.original_file_name as original2_50_0_, document0_.system_file_name as system3_50_0_, document0_.path_id as path4_50_0_, document0_.mime_type_id as mime5_50_0_, document0_.document_type_id as document6_50_0_, document0_.create_date as create7_50_0_ from document document0_ where document0_.document_id=?
The document with id '1000' doesn't exist.
com.topcoder.service.studio.contest.EntityNotFoundException: The document with id '1000' doesn't exist.
	at com.topcoder.service.studio.contest.bean.ContestManagerBean.wrapEntityNotFoundException(ContestManagerBean.java:2084)
	at com.topcoder.service.studio.contest.bean.ContestManagerBean.removeDocumentFromContest(ContestManagerBean.java:1088)
	at com.topcoder.service.studio.contest.failuretests.ContestManagerBeanFailureTest.test_RemoveDocumentFromContest_Failure1(ContestManagerBeanFailureTest.java:1969)
	at sun.reflect.NativeMethodAccessorImpl.invoke0(Native Method)
	at sun.reflect.NativeMethodAccessorImpl.invoke(NativeMethodAccessorImpl.java:39)
	at sun.reflect.DelegatingMethodAccessorImpl.invoke(DelegatingMethodAccessorImpl.java:25)
	at java.lang.reflect.Method.invoke(Method.java:585)
	at junit.framework.TestCase.runTest(TestCase.java:154)
	at junit.framework.TestCase.runBare(TestCase.java:127)
	at junit.framework.TestResult$1.protect(TestResult.java:106)
	at junit.framework.TestResult.runProtected(TestResult.java:124)
	at junit.framework.TestResult.run(TestResult.java:109)
	at junit.framework.TestCase.run(TestCase.java:118)
	at junit.framework.TestSuite.runTest(TestSuite.java:208)
	at junit.framework.TestSuite.run(TestSuite.java:203)
	at junit.framework.TestSuite.runTest(TestSuite.java:208)
	at junit.framework.TestSuite.run(TestSuite.java:203)
	at org.apache.tools.ant.taskdefs.optional.junit.JUnitTestRunner.run(JUnitTestRunner.java:421)
	at org.apache.tools.ant.taskdefs.optional.junit.JUnitTestRunner.launch(JUnitTestRunner.java:912)
	at org.apache.tools.ant.taskdefs.optional.junit.JUnitTestRunner.main(JUnitTestRunner.java:766)
[Exit method: removeDocumentFromContest()]
[Enter method: addDocument()]
[param1: null]
[Exit method: addDocument()]
[Enter method: removeDocumentFromContest()]
[param1: 3, param2: 1,000]
Hibernate: /* load com.topcoder.service.studio.contest.Contest */ select contest0_.contest_id as contest1_45_0_, contest0_.contest_channel_id as contest2_45_0_, contest0_.name as name45_0_, contest0_.contest_type_id as contest4_45_0_, contest0_.project_id as project5_45_0_, contest0_.tc_direct_project_id as tc6_45_0_, contest0_.contest_status_id as contest7_45_0_, contest0_.forum_id as forum8_45_0_, contest0_.event_id as event9_45_0_, contest0_.start_time as start10_45_0_, contest0_.end_date as end11_45_0_, contest0_.winner_annoucement_deadline as winner12_45_0_, contest0_.creator_user_id as creator13_45_0_ from contest contest0_ where contest0_.contest_id=?
The contest with id '1000' doesn't exist.
com.topcoder.service.studio.contest.EntityNotFoundException: The contest with id '1000' doesn't exist.
	at com.topcoder.service.studio.contest.bean.ContestManagerBean.wrapEntityNotFoundException(ContestManagerBean.java:2084)
	at com.topcoder.service.studio.contest.bean.ContestManagerBean.removeDocumentFromContest(ContestManagerBean.java:1094)
	at com.topcoder.service.studio.contest.failuretests.ContestManagerBeanFailureTest.test_RemoveDocumentFromContest_Failure2(ContestManagerBeanFailureTest.java:2018)
	at sun.reflect.NativeMethodAccessorImpl.invoke0(Native Method)
	at sun.reflect.NativeMethodAccessorImpl.invoke(NativeMethodAccessorImpl.java:39)
	at sun.reflect.DelegatingMethodAccessorImpl.invoke(DelegatingMethodAccessorImpl.java:25)
	at java.lang.reflect.Method.invoke(Method.java:585)
	at junit.framework.TestCase.runTest(TestCase.java:154)
	at junit.framework.TestCase.runBare(TestCase.java:127)
	at junit.framework.TestResult$1.protect(TestResult.java:106)
	at junit.framework.TestResult.runProtected(TestResult.java:124)
	at junit.framework.TestResult.run(TestResult.java:109)
	at junit.framework.TestCase.run(TestCase.java:118)
	at junit.framework.TestSuite.runTest(TestSuite.java:208)
	at junit.framework.TestSuite.run(TestSuite.java:203)
	at junit.framework.TestSuite.runTest(TestSuite.java:208)
	at junit.framework.TestSuite.run(TestSuite.java:203)
	at org.apache.tools.ant.taskdefs.optional.junit.JUnitTestRunner.run(JUnitTestRunner.java:421)
	at org.apache.tools.ant.taskdefs.optional.junit.JUnitTestRunner.launch(JUnitTestRunner.java:912)
	at org.apache.tools.ant.taskdefs.optional.junit.JUnitTestRunner.main(JUnitTestRunner.java:766)
[Exit method: removeDocumentFromContest()]
[Enter method: removeDocumentFromContest()]
[param1: 1, param2: 1]
The EntityManager is closed.
com.topcoder.service.studio.contest.ContestManagementException: The EntityManager is closed.
	at com.topcoder.service.studio.contest.bean.ContestManagerBean.wrapContestManagementException(ContestManagerBean.java:2119)
	at com.topcoder.service.studio.contest.bean.ContestManagerBean.removeDocumentFromContest(ContestManagerBean.java:1108)
	at com.topcoder.service.studio.contest.failuretests.ContestManagerBeanFailureTest.test_removeDocumentFromContest_Failure3(ContestManagerBeanFailureTest.java:2041)
	at sun.reflect.NativeMethodAccessorImpl.invoke0(Native Method)
	at sun.reflect.NativeMethodAccessorImpl.invoke(NativeMethodAccessorImpl.java:39)
	at sun.reflect.DelegatingMethodAccessorImpl.invoke(DelegatingMethodAccessorImpl.java:25)
	at java.lang.reflect.Method.invoke(Method.java:585)
	at junit.framework.TestCase.runTest(TestCase.java:154)
	at junit.framework.TestCase.runBare(TestCase.java:127)
	at junit.framework.TestResult$1.protect(TestResult.java:106)
	at junit.framework.TestResult.runProtected(TestResult.java:124)
	at junit.framework.TestResult.run(TestResult.java:109)
	at junit.framework.TestCase.run(TestCase.java:118)
	at junit.framework.TestSuite.runTest(TestSuite.java:208)
	at junit.framework.TestSuite.run(TestSuite.java:203)
	at junit.framework.TestSuite.runTest(TestSuite.java:208)
	at junit.framework.TestSuite.run(TestSuite.java:203)
	at org.apache.tools.ant.taskdefs.optional.junit.JUnitTestRunner.run(JUnitTestRunner.java:421)
	at org.apache.tools.ant.taskdefs.optional.junit.JUnitTestRunner.launch(JUnitTestRunner.java:912)
	at org.apache.tools.ant.taskdefs.optional.junit.JUnitTestRunner.main(JUnitTestRunner.java:766)
Caused by: java.lang.IllegalStateException: EntityManager is closed
	at org.hibernate.ejb.EntityManagerImpl.getSession(EntityManagerImpl.java:42)
	at org.hibernate.ejb.AbstractEntityManagerImpl.find(AbstractEntityManagerImpl.java:174)
	at com.topcoder.service.studio.contest.failuretests.mock.MockEntityManager.find(MockEntityManager.java:134)
	at com.topcoder.service.studio.contest.bean.ContestManagerBean.removeDocumentFromContest(ContestManagerBean.java:1085)
	... 18 more
[Exit method: removeDocumentFromContest()]
[Enter method: removeDocumentFromContest()]
[param1: 1, param2: 1]
This method is required to run in transaction.
com.topcoder.service.studio.contest.ContestManagementException: This method is required to run in transaction.
	at com.topcoder.service.studio.contest.bean.ContestManagerBean.wrapContestManagementException(ContestManagerBean.java:2119)
	at com.topcoder.service.studio.contest.bean.ContestManagerBean.removeDocumentFromContest(ContestManagerBean.java:1110)
	at com.topcoder.service.studio.contest.failuretests.ContestManagerBeanFailureTest.test_removeDocumentFromContest_Failure4(ContestManagerBeanFailureTest.java:2065)
	at sun.reflect.NativeMethodAccessorImpl.invoke0(Native Method)
	at sun.reflect.NativeMethodAccessorImpl.invoke(NativeMethodAccessorImpl.java:39)
	at sun.reflect.DelegatingMethodAccessorImpl.invoke(DelegatingMethodAccessorImpl.java:25)
	at java.lang.reflect.Method.invoke(Method.java:585)
	at junit.framework.TestCase.runTest(TestCase.java:154)
	at junit.framework.TestCase.runBare(TestCase.java:127)
	at junit.framework.TestResult$1.protect(TestResult.java:106)
	at junit.framework.TestResult.runProtected(TestResult.java:124)
	at junit.framework.TestResult.run(TestResult.java:109)
	at junit.framework.TestCase.run(TestCase.java:118)
	at junit.framework.TestSuite.runTest(TestSuite.java:208)
	at junit.framework.TestSuite.run(TestSuite.java:203)
	at junit.framework.TestSuite.runTest(TestSuite.java:208)
	at junit.framework.TestSuite.run(TestSuite.java:203)
	at org.apache.tools.ant.taskdefs.optional.junit.JUnitTestRunner.run(JUnitTestRunner.java:421)
	at org.apache.tools.ant.taskdefs.optional.junit.JUnitTestRunner.launch(JUnitTestRunner.java:912)
	at org.apache.tools.ant.taskdefs.optional.junit.JUnitTestRunner.main(JUnitTestRunner.java:766)
Caused by: javax.persistence.TransactionRequiredException
	at com.topcoder.service.studio.contest.failuretests.mock.MockEntityManager.find(MockEntityManager.java:131)
	at com.topcoder.service.studio.contest.bean.ContestManagerBean.removeDocumentFromContest(ContestManagerBean.java:1085)
	... 18 more
[Exit method: removeDocumentFromContest()]
[Enter method: removeDocumentFromContest()]
[param1: 1, param2: 1]
There are errors while persisting the entity.
com.topcoder.service.studio.contest.ContestManagementException: There are errors while persisting the entity.
	at com.topcoder.service.studio.contest.bean.ContestManagerBean.wrapContestManagementException(ContestManagerBean.java:2119)
	at com.topcoder.service.studio.contest.bean.ContestManagerBean.removeDocumentFromContest(ContestManagerBean.java:1112)
	at com.topcoder.service.studio.contest.failuretests.ContestManagerBeanFailureTest.test_removeDocumentFromContest_Failure5(ContestManagerBeanFailureTest.java:2089)
	at sun.reflect.NativeMethodAccessorImpl.invoke0(Native Method)
	at sun.reflect.NativeMethodAccessorImpl.invoke(NativeMethodAccessorImpl.java:39)
	at sun.reflect.DelegatingMethodAccessorImpl.invoke(DelegatingMethodAccessorImpl.java:25)
	at java.lang.reflect.Method.invoke(Method.java:585)
	at junit.framework.TestCase.runTest(TestCase.java:154)
	at junit.framework.TestCase.runBare(TestCase.java:127)
	at junit.framework.TestResult$1.protect(TestResult.java:106)
	at junit.framework.TestResult.runProtected(TestResult.java:124)
	at junit.framework.TestResult.run(TestResult.java:109)
	at junit.framework.TestCase.run(TestCase.java:118)
	at junit.framework.TestSuite.runTest(TestSuite.java:208)
	at junit.framework.TestSuite.run(TestSuite.java:203)
	at junit.framework.TestSuite.runTest(TestSuite.java:208)
	at junit.framework.TestSuite.run(TestSuite.java:203)
	at org.apache.tools.ant.taskdefs.optional.junit.JUnitTestRunner.run(JUnitTestRunner.java:421)
	at org.apache.tools.ant.taskdefs.optional.junit.JUnitTestRunner.launch(JUnitTestRunner.java:912)
	at org.apache.tools.ant.taskdefs.optional.junit.JUnitTestRunner.main(JUnitTestRunner.java:766)
Caused by: javax.persistence.PersistenceException
	at com.topcoder.service.studio.contest.failuretests.mock.MockEntityManager.find(MockEntityManager.java:127)
	at com.topcoder.service.studio.contest.bean.ContestManagerBean.removeDocumentFromContest(ContestManagerBean.java:1085)
	... 18 more
[Exit method: removeDocumentFromContest()]
Hibernate: select max(file_type_id) from file_type_lu
[Enter method: addContestChannel()]
[param1: null]
Hibernate: select max(contest_channel_id) from contest_channel_lu
[Exit method: addContestChannel()]
[Enter method: addContestChannel()]
[param1: 1]
The contest channel with id '1' already exists.
com.topcoder.service.studio.contest.EntityAlreadyExistsException: The contest channel with id '1' already exists.
	at com.topcoder.service.studio.contest.bean.ContestManagerBean.addContestChannel(ContestManagerBean.java:1142)
	at com.topcoder.service.studio.contest.failuretests.ContestManagerBeanFailureTest.test_AddContestChannel_Failure1(ContestManagerBeanFailureTest.java:2127)
	at sun.reflect.NativeMethodAccessorImpl.invoke0(Native Method)
	at sun.reflect.NativeMethodAccessorImpl.invoke(NativeMethodAccessorImpl.java:39)
	at sun.reflect.DelegatingMethodAccessorImpl.invoke(DelegatingMethodAccessorImpl.java:25)
	at java.lang.reflect.Method.invoke(Method.java:585)
	at junit.framework.TestCase.runTest(TestCase.java:154)
	at junit.framework.TestCase.runBare(TestCase.java:127)
	at junit.framework.TestResult$1.protect(TestResult.java:106)
	at junit.framework.TestResult.runProtected(TestResult.java:124)
	at junit.framework.TestResult.run(TestResult.java:109)
	at junit.framework.TestCase.run(TestCase.java:118)
	at junit.framework.TestSuite.runTest(TestSuite.java:208)
	at junit.framework.TestSuite.run(TestSuite.java:203)
	at junit.framework.TestSuite.runTest(TestSuite.java:208)
	at junit.framework.TestSuite.run(TestSuite.java:203)
	at org.apache.tools.ant.taskdefs.optional.junit.JUnitTestRunner.run(JUnitTestRunner.java:421)
	at org.apache.tools.ant.taskdefs.optional.junit.JUnitTestRunner.launch(JUnitTestRunner.java:912)
	at org.apache.tools.ant.taskdefs.optional.junit.JUnitTestRunner.main(JUnitTestRunner.java:766)
[Exit method: addContestChannel()]
[Enter method: addContestChannel()]
[param1: null]
The EntityManager is closed.
com.topcoder.service.studio.contest.ContestManagementException: The EntityManager is closed.
	at com.topcoder.service.studio.contest.bean.ContestManagerBean.wrapContestManagementException(ContestManagerBean.java:2119)
	at com.topcoder.service.studio.contest.bean.ContestManagerBean.addContestChannel(ContestManagerBean.java:1155)
	at com.topcoder.service.studio.contest.failuretests.ContestManagerBeanFailureTest.test_AddContestChannel_Failure3(ContestManagerBeanFailureTest.java:2164)
	at sun.reflect.NativeMethodAccessorImpl.invoke0(Native Method)
	at sun.reflect.NativeMethodAccessorImpl.invoke(NativeMethodAccessorImpl.java:39)
	at sun.reflect.DelegatingMethodAccessorImpl.invoke(DelegatingMethodAccessorImpl.java:25)
	at java.lang.reflect.Method.invoke(Method.java:585)
	at junit.framework.TestCase.runTest(TestCase.java:154)
	at junit.framework.TestCase.runBare(TestCase.java:127)
	at junit.framework.TestResult$1.protect(TestResult.java:106)
	at junit.framework.TestResult.runProtected(TestResult.java:124)
	at junit.framework.TestResult.run(TestResult.java:109)
	at junit.framework.TestCase.run(TestCase.java:118)
	at junit.framework.TestSuite.runTest(TestSuite.java:208)
	at junit.framework.TestSuite.run(TestSuite.java:203)
	at junit.framework.TestSuite.runTest(TestSuite.java:208)
	at junit.framework.TestSuite.run(TestSuite.java:203)
	at org.apache.tools.ant.taskdefs.optional.junit.JUnitTestRunner.run(JUnitTestRunner.java:421)
	at org.apache.tools.ant.taskdefs.optional.junit.JUnitTestRunner.launch(JUnitTestRunner.java:912)
	at org.apache.tools.ant.taskdefs.optional.junit.JUnitTestRunner.main(JUnitTestRunner.java:766)
Caused by: java.lang.IllegalStateException: EntityManager is closed
	at org.hibernate.ejb.EntityManagerImpl.getSession(EntityManagerImpl.java:42)
	at org.hibernate.ejb.AbstractEntityManagerImpl.persist(AbstractEntityManagerImpl.java:212)
	at com.topcoder.service.studio.contest.failuretests.mock.MockEntityManager.persist(MockEntityManager.java:80)
	at com.topcoder.service.studio.contest.bean.ContestManagerBean.addContestChannel(ContestManagerBean.java:1151)
	... 18 more
[Exit method: addContestChannel()]
[Enter method: addContestChannel()]
[param1: null]
This method is required to run in transaction.
com.topcoder.service.studio.contest.ContestManagementException: This method is required to run in transaction.
	at com.topcoder.service.studio.contest.bean.ContestManagerBean.wrapContestManagementException(ContestManagerBean.java:2119)
	at com.topcoder.service.studio.contest.bean.ContestManagerBean.addContestChannel(ContestManagerBean.java:1157)
	at com.topcoder.service.studio.contest.failuretests.ContestManagerBeanFailureTest.test_AddContestChannel_Failure4(ContestManagerBeanFailureTest.java:2202)
	at sun.reflect.NativeMethodAccessorImpl.invoke0(Native Method)
	at sun.reflect.NativeMethodAccessorImpl.invoke(NativeMethodAccessorImpl.java:39)
	at sun.reflect.DelegatingMethodAccessorImpl.invoke(DelegatingMethodAccessorImpl.java:25)
	at java.lang.reflect.Method.invoke(Method.java:585)
	at junit.framework.TestCase.runTest(TestCase.java:154)
	at junit.framework.TestCase.runBare(TestCase.java:127)
	at junit.framework.TestResult$1.protect(TestResult.java:106)
	at junit.framework.TestResult.runProtected(TestResult.java:124)
	at junit.framework.TestResult.run(TestResult.java:109)
	at junit.framework.TestCase.run(TestCase.java:118)
	at junit.framework.TestSuite.runTest(TestSuite.java:208)
	at junit.framework.TestSuite.run(TestSuite.java:203)
	at junit.framework.TestSuite.runTest(TestSuite.java:208)
	at junit.framework.TestSuite.run(TestSuite.java:203)
	at org.apache.tools.ant.taskdefs.optional.junit.JUnitTestRunner.run(JUnitTestRunner.java:421)
	at org.apache.tools.ant.taskdefs.optional.junit.JUnitTestRunner.launch(JUnitTestRunner.java:912)
	at org.apache.tools.ant.taskdefs.optional.junit.JUnitTestRunner.main(JUnitTestRunner.java:766)
Caused by: javax.persistence.TransactionRequiredException
	at com.topcoder.service.studio.contest.failuretests.mock.MockEntityManager.persist(MockEntityManager.java:77)
	at com.topcoder.service.studio.contest.bean.ContestManagerBean.addContestChannel(ContestManagerBean.java:1151)
	... 18 more
[Exit method: addContestChannel()]
[Enter method: addContestChannel()]
[param1: null]
There are errors while persisting the entity.
com.topcoder.service.studio.contest.ContestManagementException: There are errors while persisting the entity.
	at com.topcoder.service.studio.contest.bean.ContestManagerBean.wrapContestManagementException(ContestManagerBean.java:2119)
	at com.topcoder.service.studio.contest.bean.ContestManagerBean.addContestChannel(ContestManagerBean.java:1159)
	at com.topcoder.service.studio.contest.failuretests.ContestManagerBeanFailureTest.test_AddContestChannel_Failure5(ContestManagerBeanFailureTest.java:2239)
	at sun.reflect.NativeMethodAccessorImpl.invoke0(Native Method)
	at sun.reflect.NativeMethodAccessorImpl.invoke(NativeMethodAccessorImpl.java:39)
	at sun.reflect.DelegatingMethodAccessorImpl.invoke(DelegatingMethodAccessorImpl.java:25)
	at java.lang.reflect.Method.invoke(Method.java:585)
	at junit.framework.TestCase.runTest(TestCase.java:154)
	at junit.framework.TestCase.runBare(TestCase.java:127)
	at junit.framework.TestResult$1.protect(TestResult.java:106)
	at junit.framework.TestResult.runProtected(TestResult.java:124)
	at junit.framework.TestResult.run(TestResult.java:109)
	at junit.framework.TestCase.run(TestCase.java:118)
	at junit.framework.TestSuite.runTest(TestSuite.java:208)
	at junit.framework.TestSuite.run(TestSuite.java:203)
	at junit.framework.TestSuite.runTest(TestSuite.java:208)
	at junit.framework.TestSuite.run(TestSuite.java:203)
	at org.apache.tools.ant.taskdefs.optional.junit.JUnitTestRunner.run(JUnitTestRunner.java:421)
	at org.apache.tools.ant.taskdefs.optional.junit.JUnitTestRunner.launch(JUnitTestRunner.java:912)
	at org.apache.tools.ant.taskdefs.optional.junit.JUnitTestRunner.main(JUnitTestRunner.java:766)
Caused by: javax.persistence.PersistenceException
	at com.topcoder.service.studio.contest.failuretests.mock.MockEntityManager.persist(MockEntityManager.java:73)
	at com.topcoder.service.studio.contest.bean.ContestManagerBean.addContestChannel(ContestManagerBean.java:1151)
	... 18 more
[Exit method: addContestChannel()]
[Enter method: updateContestChannel()]
[param1: null]
The contest channel with id 'null' doesn't exist.
com.topcoder.service.studio.contest.EntityNotFoundException: The contest channel with id 'null' doesn't exist.
	at com.topcoder.service.studio.contest.bean.ContestManagerBean.wrapEntityNotFoundException(ContestManagerBean.java:2084)
	at com.topcoder.service.studio.contest.bean.ContestManagerBean.updateContestChannel(ContestManagerBean.java:1188)
	at com.topcoder.service.studio.contest.failuretests.ContestManagerBeanFailureTest.test_UpdateContestChannel_Failure1(ContestManagerBeanFailureTest.java:2276)
	at sun.reflect.NativeMethodAccessorImpl.invoke0(Native Method)
	at sun.reflect.NativeMethodAccessorImpl.invoke(NativeMethodAccessorImpl.java:39)
	at sun.reflect.DelegatingMethodAccessorImpl.invoke(DelegatingMethodAccessorImpl.java:25)
	at java.lang.reflect.Method.invoke(Method.java:585)
	at junit.framework.TestCase.runTest(TestCase.java:154)
	at junit.framework.TestCase.runBare(TestCase.java:127)
	at junit.framework.TestResult$1.protect(TestResult.java:106)
	at junit.framework.TestResult.runProtected(TestResult.java:124)
	at junit.framework.TestResult.run(TestResult.java:109)
	at junit.framework.TestCase.run(TestCase.java:118)
	at junit.framework.TestSuite.runTest(TestSuite.java:208)
	at junit.framework.TestSuite.run(TestSuite.java:203)
	at junit.framework.TestSuite.runTest(TestSuite.java:208)
	at junit.framework.TestSuite.run(TestSuite.java:203)
	at org.apache.tools.ant.taskdefs.optional.junit.JUnitTestRunner.run(JUnitTestRunner.java:421)
	at org.apache.tools.ant.taskdefs.optional.junit.JUnitTestRunner.launch(JUnitTestRunner.java:912)
	at org.apache.tools.ant.taskdefs.optional.junit.JUnitTestRunner.main(JUnitTestRunner.java:766)
[Exit method: updateContestChannel()]
[Enter method: addContestChannel()]
[param1: null]
[Exit method: addContestChannel()]
[Enter method: updateContestChannel()]
[param1: 2]
The EntityManager is closed.
com.topcoder.service.studio.contest.ContestManagementException: The EntityManager is closed.
	at com.topcoder.service.studio.contest.bean.ContestManagerBean.wrapContestManagementException(ContestManagerBean.java:2119)
	at com.topcoder.service.studio.contest.bean.ContestManagerBean.updateContestChannel(ContestManagerBean.java:1194)
	at com.topcoder.service.studio.contest.failuretests.ContestManagerBeanFailureTest.test_UpdateContestChannel_Failure2(ContestManagerBeanFailureTest.java:2316)
	at sun.reflect.NativeMethodAccessorImpl.invoke0(Native Method)
	at sun.reflect.NativeMethodAccessorImpl.invoke(NativeMethodAccessorImpl.java:39)
	at sun.reflect.DelegatingMethodAccessorImpl.invoke(DelegatingMethodAccessorImpl.java:25)
	at java.lang.reflect.Method.invoke(Method.java:585)
	at junit.framework.TestCase.runTest(TestCase.java:154)
	at junit.framework.TestCase.runBare(TestCase.java:127)
	at junit.framework.TestResult$1.protect(TestResult.java:106)
	at junit.framework.TestResult.runProtected(TestResult.java:124)
	at junit.framework.TestResult.run(TestResult.java:109)
	at junit.framework.TestCase.run(TestCase.java:118)
	at junit.framework.TestSuite.runTest(TestSuite.java:208)
	at junit.framework.TestSuite.run(TestSuite.java:203)
	at junit.framework.TestSuite.runTest(TestSuite.java:208)
	at junit.framework.TestSuite.run(TestSuite.java:203)
	at org.apache.tools.ant.taskdefs.optional.junit.JUnitTestRunner.run(JUnitTestRunner.java:421)
	at org.apache.tools.ant.taskdefs.optional.junit.JUnitTestRunner.launch(JUnitTestRunner.java:912)
	at org.apache.tools.ant.taskdefs.optional.junit.JUnitTestRunner.main(JUnitTestRunner.java:766)
Caused by: java.lang.IllegalStateException: EntityManager is closed
	at org.hibernate.ejb.EntityManagerImpl.getSession(EntityManagerImpl.java:42)
	at org.hibernate.ejb.AbstractEntityManagerImpl.find(AbstractEntityManagerImpl.java:174)
	at com.topcoder.service.studio.contest.failuretests.mock.MockEntityManager.find(MockEntityManager.java:134)
	at com.topcoder.service.studio.contest.bean.ContestManagerBean.updateContestChannel(ContestManagerBean.java:1186)
	... 18 more
[Exit method: updateContestChannel()]
[Enter method: addContestChannel()]
[param1: null]
[Exit method: addContestChannel()]
[Enter method: updateContestChannel()]
[param1: 3]
This method is required to run in transaction.
com.topcoder.service.studio.contest.ContestManagementException: This method is required to run in transaction.
	at com.topcoder.service.studio.contest.bean.ContestManagerBean.wrapContestManagementException(ContestManagerBean.java:2119)
	at com.topcoder.service.studio.contest.bean.ContestManagerBean.updateContestChannel(ContestManagerBean.java:1196)
	at com.topcoder.service.studio.contest.failuretests.ContestManagerBeanFailureTest.test_UpdateContestChannel_Failure3(ContestManagerBeanFailureTest.java:2356)
	at sun.reflect.NativeMethodAccessorImpl.invoke0(Native Method)
	at sun.reflect.NativeMethodAccessorImpl.invoke(NativeMethodAccessorImpl.java:39)
	at sun.reflect.DelegatingMethodAccessorImpl.invoke(DelegatingMethodAccessorImpl.java:25)
	at java.lang.reflect.Method.invoke(Method.java:585)
	at junit.framework.TestCase.runTest(TestCase.java:154)
	at junit.framework.TestCase.runBare(TestCase.java:127)
	at junit.framework.TestResult$1.protect(TestResult.java:106)
	at junit.framework.TestResult.runProtected(TestResult.java:124)
	at junit.framework.TestResult.run(TestResult.java:109)
	at junit.framework.TestCase.run(TestCase.java:118)
	at junit.framework.TestSuite.runTest(TestSuite.java:208)
	at junit.framework.TestSuite.run(TestSuite.java:203)
	at junit.framework.TestSuite.runTest(TestSuite.java:208)
	at junit.framework.TestSuite.run(TestSuite.java:203)
	at org.apache.tools.ant.taskdefs.optional.junit.JUnitTestRunner.run(JUnitTestRunner.java:421)
	at org.apache.tools.ant.taskdefs.optional.junit.JUnitTestRunner.launch(JUnitTestRunner.java:912)
	at org.apache.tools.ant.taskdefs.optional.junit.JUnitTestRunner.main(JUnitTestRunner.java:766)
Caused by: javax.persistence.TransactionRequiredException
	at com.topcoder.service.studio.contest.failuretests.mock.MockEntityManager.find(MockEntityManager.java:131)
	at com.topcoder.service.studio.contest.bean.ContestManagerBean.updateContestChannel(ContestManagerBean.java:1186)
	... 18 more
[Exit method: updateContestChannel()]
[Enter method: addContestChannel()]
[param1: null]
[Exit method: addContestChannel()]
[Enter method: updateContestChannel()]
[param1: 4]
There are errors while persisting the entity.
com.topcoder.service.studio.contest.ContestManagementException: There are errors while persisting the entity.
	at com.topcoder.service.studio.contest.bean.ContestManagerBean.wrapContestManagementException(ContestManagerBean.java:2119)
	at com.topcoder.service.studio.contest.bean.ContestManagerBean.updateContestChannel(ContestManagerBean.java:1198)
	at com.topcoder.service.studio.contest.failuretests.ContestManagerBeanFailureTest.test_UpdateContestChannel_Failure4(ContestManagerBeanFailureTest.java:2395)
	at sun.reflect.NativeMethodAccessorImpl.invoke0(Native Method)
	at sun.reflect.NativeMethodAccessorImpl.invoke(NativeMethodAccessorImpl.java:39)
	at sun.reflect.DelegatingMethodAccessorImpl.invoke(DelegatingMethodAccessorImpl.java:25)
	at java.lang.reflect.Method.invoke(Method.java:585)
	at junit.framework.TestCase.runTest(TestCase.java:154)
	at junit.framework.TestCase.runBare(TestCase.java:127)
	at junit.framework.TestResult$1.protect(TestResult.java:106)
	at junit.framework.TestResult.runProtected(TestResult.java:124)
	at junit.framework.TestResult.run(TestResult.java:109)
	at junit.framework.TestCase.run(TestCase.java:118)
	at junit.framework.TestSuite.runTest(TestSuite.java:208)
	at junit.framework.TestSuite.run(TestSuite.java:203)
	at junit.framework.TestSuite.runTest(TestSuite.java:208)
	at junit.framework.TestSuite.run(TestSuite.java:203)
	at org.apache.tools.ant.taskdefs.optional.junit.JUnitTestRunner.run(JUnitTestRunner.java:421)
	at org.apache.tools.ant.taskdefs.optional.junit.JUnitTestRunner.launch(JUnitTestRunner.java:912)
	at org.apache.tools.ant.taskdefs.optional.junit.JUnitTestRunner.main(JUnitTestRunner.java:766)
Caused by: javax.persistence.PersistenceException
	at com.topcoder.service.studio.contest.failuretests.mock.MockEntityManager.find(MockEntityManager.java:127)
	at com.topcoder.service.studio.contest.bean.ContestManagerBean.updateContestChannel(ContestManagerBean.java:1186)
	... 18 more
[Exit method: updateContestChannel()]
[Enter method: getContestChannel()]
[param1: 1]
The EntityManager is closed.
com.topcoder.service.studio.contest.ContestManagementException: The EntityManager is closed.
	at com.topcoder.service.studio.contest.bean.ContestManagerBean.wrapContestManagementException(ContestManagerBean.java:2119)
	at com.topcoder.service.studio.contest.bean.ContestManagerBean.getContestChannel(ContestManagerBean.java:1265)
	at com.topcoder.service.studio.contest.failuretests.ContestManagerBeanFailureTest.test_GetContestChannel_Failure1(ContestManagerBeanFailureTest.java:2419)
	at sun.reflect.NativeMethodAccessorImpl.invoke0(Native Method)
	at sun.reflect.NativeMethodAccessorImpl.invoke(NativeMethodAccessorImpl.java:39)
	at sun.reflect.DelegatingMethodAccessorImpl.invoke(DelegatingMethodAccessorImpl.java:25)
	at java.lang.reflect.Method.invoke(Method.java:585)
	at junit.framework.TestCase.runTest(TestCase.java:154)
	at junit.framework.TestCase.runBare(TestCase.java:127)
	at junit.framework.TestResult$1.protect(TestResult.java:106)
	at junit.framework.TestResult.runProtected(TestResult.java:124)
	at junit.framework.TestResult.run(TestResult.java:109)
	at junit.framework.TestCase.run(TestCase.java:118)
	at junit.framework.TestSuite.runTest(TestSuite.java:208)
	at junit.framework.TestSuite.run(TestSuite.java:203)
	at junit.framework.TestSuite.runTest(TestSuite.java:208)
	at junit.framework.TestSuite.run(TestSuite.java:203)
	at org.apache.tools.ant.taskdefs.optional.junit.JUnitTestRunner.run(JUnitTestRunner.java:421)
	at org.apache.tools.ant.taskdefs.optional.junit.JUnitTestRunner.launch(JUnitTestRunner.java:912)
	at org.apache.tools.ant.taskdefs.optional.junit.JUnitTestRunner.main(JUnitTestRunner.java:766)
Caused by: java.lang.IllegalStateException: EntityManager is closed
	at org.hibernate.ejb.EntityManagerImpl.getSession(EntityManagerImpl.java:42)
	at org.hibernate.ejb.AbstractEntityManagerImpl.find(AbstractEntityManagerImpl.java:174)
	at com.topcoder.service.studio.contest.failuretests.mock.MockEntityManager.find(MockEntityManager.java:134)
	at com.topcoder.service.studio.contest.bean.ContestManagerBean.getContestChannel(ContestManagerBean.java:1261)
	... 18 more
[Exit method: getContestChannel()]
[Enter method: getContestChannel()]
[param1: 1]
There are errors while persisting the entity.
com.topcoder.service.studio.contest.ContestManagementException: There are errors while persisting the entity.
	at com.topcoder.service.studio.contest.bean.ContestManagerBean.wrapContestManagementException(ContestManagerBean.java:2119)
	at com.topcoder.service.studio.contest.bean.ContestManagerBean.getContestChannel(ContestManagerBean.java:1267)
	at com.topcoder.service.studio.contest.failuretests.ContestManagerBeanFailureTest.test_GetContestChannel_Failure2(ContestManagerBeanFailureTest.java:2443)
	at sun.reflect.NativeMethodAccessorImpl.invoke0(Native Method)
	at sun.reflect.NativeMethodAccessorImpl.invoke(NativeMethodAccessorImpl.java:39)
	at sun.reflect.DelegatingMethodAccessorImpl.invoke(DelegatingMethodAccessorImpl.java:25)
	at java.lang.reflect.Method.invoke(Method.java:585)
	at junit.framework.TestCase.runTest(TestCase.java:154)
	at junit.framework.TestCase.runBare(TestCase.java:127)
	at junit.framework.TestResult$1.protect(TestResult.java:106)
	at junit.framework.TestResult.runProtected(TestResult.java:124)
	at junit.framework.TestResult.run(TestResult.java:109)
	at junit.framework.TestCase.run(TestCase.java:118)
	at junit.framework.TestSuite.runTest(TestSuite.java:208)
	at junit.framework.TestSuite.run(TestSuite.java:203)
	at junit.framework.TestSuite.runTest(TestSuite.java:208)
	at junit.framework.TestSuite.run(TestSuite.java:203)
	at org.apache.tools.ant.taskdefs.optional.junit.JUnitTestRunner.run(JUnitTestRunner.java:421)
	at org.apache.tools.ant.taskdefs.optional.junit.JUnitTestRunner.launch(JUnitTestRunner.java:912)
	at org.apache.tools.ant.taskdefs.optional.junit.JUnitTestRunner.main(JUnitTestRunner.java:766)
Caused by: javax.persistence.PersistenceException
	at com.topcoder.service.studio.contest.failuretests.mock.MockEntityManager.find(MockEntityManager.java:127)
	at com.topcoder.service.studio.contest.bean.ContestManagerBean.getContestChannel(ContestManagerBean.java:1261)
	... 18 more
[Exit method: getContestChannel()]
[Enter method: removeContestChannel()]
[param1: 1]
The EntityManager is closed.
com.topcoder.service.studio.contest.ContestManagementException: The EntityManager is closed.
	at com.topcoder.service.studio.contest.bean.ContestManagerBean.wrapContestManagementException(ContestManagerBean.java:2119)
	at com.topcoder.service.studio.contest.bean.ContestManagerBean.removeContestChannel(ContestManagerBean.java:1233)
	at com.topcoder.service.studio.contest.failuretests.ContestManagerBeanFailureTest.test_RemoveContestChannel_Failure1(ContestManagerBeanFailureTest.java:2467)
	at sun.reflect.NativeMethodAccessorImpl.invoke0(Native Method)
	at sun.reflect.NativeMethodAccessorImpl.invoke(NativeMethodAccessorImpl.java:39)
	at sun.reflect.DelegatingMethodAccessorImpl.invoke(DelegatingMethodAccessorImpl.java:25)
	at java.lang.reflect.Method.invoke(Method.java:585)
	at junit.framework.TestCase.runTest(TestCase.java:154)
	at junit.framework.TestCase.runBare(TestCase.java:127)
	at junit.framework.TestResult$1.protect(TestResult.java:106)
	at junit.framework.TestResult.runProtected(TestResult.java:124)
	at junit.framework.TestResult.run(TestResult.java:109)
	at junit.framework.TestCase.run(TestCase.java:118)
	at junit.framework.TestSuite.runTest(TestSuite.java:208)
	at junit.framework.TestSuite.run(TestSuite.java:203)
	at junit.framework.TestSuite.runTest(TestSuite.java:208)
	at junit.framework.TestSuite.run(TestSuite.java:203)
	at org.apache.tools.ant.taskdefs.optional.junit.JUnitTestRunner.run(JUnitTestRunner.java:421)
	at org.apache.tools.ant.taskdefs.optional.junit.JUnitTestRunner.launch(JUnitTestRunner.java:912)
	at org.apache.tools.ant.taskdefs.optional.junit.JUnitTestRunner.main(JUnitTestRunner.java:766)
Caused by: java.lang.IllegalStateException: EntityManager is closed
	at org.hibernate.ejb.EntityManagerImpl.getSession(EntityManagerImpl.java:42)
	at org.hibernate.ejb.AbstractEntityManagerImpl.find(AbstractEntityManagerImpl.java:174)
	at com.topcoder.service.studio.contest.failuretests.mock.MockEntityManager.find(MockEntityManager.java:134)
	at com.topcoder.service.studio.contest.bean.ContestManagerBean.removeContestChannel(ContestManagerBean.java:1223)
	... 18 more
[Exit method: removeContestChannel()]
[Enter method: removeContestChannel()]
[param1: 1]
This method is required to run in transaction.
com.topcoder.service.studio.contest.ContestManagementException: This method is required to run in transaction.
	at com.topcoder.service.studio.contest.bean.ContestManagerBean.wrapContestManagementException(ContestManagerBean.java:2119)
	at com.topcoder.service.studio.contest.bean.ContestManagerBean.removeContestChannel(ContestManagerBean.java:1235)
	at com.topcoder.service.studio.contest.failuretests.ContestManagerBeanFailureTest.test_RemoveContestChannel_Failure2(ContestManagerBeanFailureTest.java:2491)
	at sun.reflect.NativeMethodAccessorImpl.invoke0(Native Method)
	at sun.reflect.NativeMethodAccessorImpl.invoke(NativeMethodAccessorImpl.java:39)
	at sun.reflect.DelegatingMethodAccessorImpl.invoke(DelegatingMethodAccessorImpl.java:25)
	at java.lang.reflect.Method.invoke(Method.java:585)
	at junit.framework.TestCase.runTest(TestCase.java:154)
	at junit.framework.TestCase.runBare(TestCase.java:127)
	at junit.framework.TestResult$1.protect(TestResult.java:106)
	at junit.framework.TestResult.runProtected(TestResult.java:124)
	at junit.framework.TestResult.run(TestResult.java:109)
	at junit.framework.TestCase.run(TestCase.java:118)
	at junit.framework.TestSuite.runTest(TestSuite.java:208)
	at junit.framework.TestSuite.run(TestSuite.java:203)
	at junit.framework.TestSuite.runTest(TestSuite.java:208)
	at junit.framework.TestSuite.run(TestSuite.java:203)
	at org.apache.tools.ant.taskdefs.optional.junit.JUnitTestRunner.run(JUnitTestRunner.java:421)
	at org.apache.tools.ant.taskdefs.optional.junit.JUnitTestRunner.launch(JUnitTestRunner.java:912)
	at org.apache.tools.ant.taskdefs.optional.junit.JUnitTestRunner.main(JUnitTestRunner.java:766)
Caused by: javax.persistence.TransactionRequiredException
	at com.topcoder.service.studio.contest.failuretests.mock.MockEntityManager.find(MockEntityManager.java:131)
	at com.topcoder.service.studio.contest.bean.ContestManagerBean.removeContestChannel(ContestManagerBean.java:1223)
	... 18 more
[Exit method: removeContestChannel()]
[Enter method: removeContestChannel()]
[param1: 1]
There are errors while persisting the entity.
com.topcoder.service.studio.contest.ContestManagementException: There are errors while persisting the entity.
	at com.topcoder.service.studio.contest.bean.ContestManagerBean.wrapContestManagementException(ContestManagerBean.java:2119)
	at com.topcoder.service.studio.contest.bean.ContestManagerBean.removeContestChannel(ContestManagerBean.java:1237)
	at com.topcoder.service.studio.contest.failuretests.ContestManagerBeanFailureTest.test_RemoveContestChannel_Failure3(ContestManagerBeanFailureTest.java:2515)
	at sun.reflect.NativeMethodAccessorImpl.invoke0(Native Method)
	at sun.reflect.NativeMethodAccessorImpl.invoke(NativeMethodAccessorImpl.java:39)
	at sun.reflect.DelegatingMethodAccessorImpl.invoke(DelegatingMethodAccessorImpl.java:25)
	at java.lang.reflect.Method.invoke(Method.java:585)
	at junit.framework.TestCase.runTest(TestCase.java:154)
	at junit.framework.TestCase.runBare(TestCase.java:127)
	at junit.framework.TestResult$1.protect(TestResult.java:106)
	at junit.framework.TestResult.runProtected(TestResult.java:124)
	at junit.framework.TestResult.run(TestResult.java:109)
	at junit.framework.TestCase.run(TestCase.java:118)
	at junit.framework.TestSuite.runTest(TestSuite.java:208)
	at junit.framework.TestSuite.run(TestSuite.java:203)
	at junit.framework.TestSuite.runTest(TestSuite.java:208)
	at junit.framework.TestSuite.run(TestSuite.java:203)
	at org.apache.tools.ant.taskdefs.optional.junit.JUnitTestRunner.run(JUnitTestRunner.java:421)
	at org.apache.tools.ant.taskdefs.optional.junit.JUnitTestRunner.launch(JUnitTestRunner.java:912)
	at org.apache.tools.ant.taskdefs.optional.junit.JUnitTestRunner.main(JUnitTestRunner.java:766)
Caused by: javax.persistence.PersistenceException
	at com.topcoder.service.studio.contest.failuretests.mock.MockEntityManager.find(MockEntityManager.java:127)
	at com.topcoder.service.studio.contest.bean.ContestManagerBean.removeContestChannel(ContestManagerBean.java:1223)
	... 18 more
[Exit method: removeContestChannel()]
[Enter method: addConfig()]
[param1: 0]
The EntityManager is closed.
com.topcoder.service.studio.contest.ContestManagementException: The EntityManager is closed.
	at com.topcoder.service.studio.contest.bean.ContestManagerBean.wrapContestManagementException(ContestManagerBean.java:2119)
	at com.topcoder.service.studio.contest.bean.ContestManagerBean.addConfig(ContestManagerBean.java:1308)
	at com.topcoder.service.studio.contest.failuretests.ContestManagerBeanFailureTest.test_AddConfig_Failure1(ContestManagerBeanFailureTest.java:2544)
	at sun.reflect.NativeMethodAccessorImpl.invoke0(Native Method)
	at sun.reflect.NativeMethodAccessorImpl.invoke(NativeMethodAccessorImpl.java:39)
	at sun.reflect.DelegatingMethodAccessorImpl.invoke(DelegatingMethodAccessorImpl.java:25)
	at java.lang.reflect.Method.invoke(Method.java:585)
	at junit.framework.TestCase.runTest(TestCase.java:154)
	at junit.framework.TestCase.runBare(TestCase.java:127)
	at junit.framework.TestResult$1.protect(TestResult.java:106)
	at junit.framework.TestResult.runProtected(TestResult.java:124)
	at junit.framework.TestResult.run(TestResult.java:109)
	at junit.framework.TestCase.run(TestCase.java:118)
	at junit.framework.TestSuite.runTest(TestSuite.java:208)
	at junit.framework.TestSuite.run(TestSuite.java:203)
	at junit.framework.TestSuite.runTest(TestSuite.java:208)
	at junit.framework.TestSuite.run(TestSuite.java:203)
	at org.apache.tools.ant.taskdefs.optional.junit.JUnitTestRunner.run(JUnitTestRunner.java:421)
	at org.apache.tools.ant.taskdefs.optional.junit.JUnitTestRunner.launch(JUnitTestRunner.java:912)
	at org.apache.tools.ant.taskdefs.optional.junit.JUnitTestRunner.main(JUnitTestRunner.java:766)
Caused by: java.lang.IllegalStateException: EntityManager is closed
	at org.hibernate.ejb.EntityManagerImpl.getSession(EntityManagerImpl.java:42)
	at org.hibernate.ejb.AbstractEntityManagerImpl.find(AbstractEntityManagerImpl.java:174)
	at com.topcoder.service.studio.contest.failuretests.mock.MockEntityManager.find(MockEntityManager.java:134)
	at com.topcoder.service.studio.contest.bean.ContestManagerBean.addConfig(ContestManagerBean.java:1294)
	... 18 more
[Exit method: addConfig()]
[Enter method: addConfig()]
[param1: 0]
This method is required to run in transaction.
com.topcoder.service.studio.contest.ContestManagementException: This method is required to run in transaction.
	at com.topcoder.service.studio.contest.bean.ContestManagerBean.wrapContestManagementException(ContestManagerBean.java:2119)
	at com.topcoder.service.studio.contest.bean.ContestManagerBean.addConfig(ContestManagerBean.java:1310)
	at com.topcoder.service.studio.contest.failuretests.ContestManagerBeanFailureTest.test_AddConfig_Failure2(ContestManagerBeanFailureTest.java:2573)
	at sun.reflect.NativeMethodAccessorImpl.invoke0(Native Method)
	at sun.reflect.NativeMethodAccessorImpl.invoke(NativeMethodAccessorImpl.java:39)
	at sun.reflect.DelegatingMethodAccessorImpl.invoke(DelegatingMethodAccessorImpl.java:25)
	at java.lang.reflect.Method.invoke(Method.java:585)
	at junit.framework.TestCase.runTest(TestCase.java:154)
	at junit.framework.TestCase.runBare(TestCase.java:127)
	at junit.framework.TestResult$1.protect(TestResult.java:106)
	at junit.framework.TestResult.runProtected(TestResult.java:124)
	at junit.framework.TestResult.run(TestResult.java:109)
	at junit.framework.TestCase.run(TestCase.java:118)
	at junit.framework.TestSuite.runTest(TestSuite.java:208)
	at junit.framework.TestSuite.run(TestSuite.java:203)
	at junit.framework.TestSuite.runTest(TestSuite.java:208)
	at junit.framework.TestSuite.run(TestSuite.java:203)
	at org.apache.tools.ant.taskdefs.optional.junit.JUnitTestRunner.run(JUnitTestRunner.java:421)
	at org.apache.tools.ant.taskdefs.optional.junit.JUnitTestRunner.launch(JUnitTestRunner.java:912)
	at org.apache.tools.ant.taskdefs.optional.junit.JUnitTestRunner.main(JUnitTestRunner.java:766)
Caused by: javax.persistence.TransactionRequiredException
	at com.topcoder.service.studio.contest.failuretests.mock.MockEntityManager.find(MockEntityManager.java:131)
	at com.topcoder.service.studio.contest.bean.ContestManagerBean.addConfig(ContestManagerBean.java:1294)
	... 18 more
[Exit method: addConfig()]
[Enter method: addConfig()]
[param1: 0]
There are errors while persisting the entity.
com.topcoder.service.studio.contest.ContestManagementException: There are errors while persisting the entity.
	at com.topcoder.service.studio.contest.bean.ContestManagerBean.wrapContestManagementException(ContestManagerBean.java:2119)
	at com.topcoder.service.studio.contest.bean.ContestManagerBean.addConfig(ContestManagerBean.java:1312)
	at com.topcoder.service.studio.contest.failuretests.ContestManagerBeanFailureTest.test_AddConfig_Failure3(ContestManagerBeanFailureTest.java:2602)
	at sun.reflect.NativeMethodAccessorImpl.invoke0(Native Method)
	at sun.reflect.NativeMethodAccessorImpl.invoke(NativeMethodAccessorImpl.java:39)
	at sun.reflect.DelegatingMethodAccessorImpl.invoke(DelegatingMethodAccessorImpl.java:25)
	at java.lang.reflect.Method.invoke(Method.java:585)
	at junit.framework.TestCase.runTest(TestCase.java:154)
	at junit.framework.TestCase.runBare(TestCase.java:127)
	at junit.framework.TestResult$1.protect(TestResult.java:106)
	at junit.framework.TestResult.runProtected(TestResult.java:124)
	at junit.framework.TestResult.run(TestResult.java:109)
	at junit.framework.TestCase.run(TestCase.java:118)
	at junit.framework.TestSuite.runTest(TestSuite.java:208)
	at junit.framework.TestSuite.run(TestSuite.java:203)
	at junit.framework.TestSuite.runTest(TestSuite.java:208)
	at junit.framework.TestSuite.run(TestSuite.java:203)
	at org.apache.tools.ant.taskdefs.optional.junit.JUnitTestRunner.run(JUnitTestRunner.java:421)
	at org.apache.tools.ant.taskdefs.optional.junit.JUnitTestRunner.launch(JUnitTestRunner.java:912)
	at org.apache.tools.ant.taskdefs.optional.junit.JUnitTestRunner.main(JUnitTestRunner.java:766)
Caused by: javax.persistence.PersistenceException
	at com.topcoder.service.studio.contest.failuretests.mock.MockEntityManager.find(MockEntityManager.java:127)
	at com.topcoder.service.studio.contest.bean.ContestManagerBean.addConfig(ContestManagerBean.java:1294)
	... 18 more
[Exit method: addConfig()]
[08-5-28 6:33: Enter method start()]
[08-5-28 6:33: Exit method Start()]
[Enter method: addDocument()]
[param1: null]
[Exit method: addDocument()]
[Enter method: saveDocumentContent()]
[Exit method: saveDocumentContent()]
[08-5-28 6:33: Enter method stop()]
[08-5-28 6:33: Exit method stop()]
[Enter method: saveDocumentContent()]
[param1: 100, param2: [B@1c66ec7]
Hibernate: /* load com.topcoder.service.studio.contest.Document */ select document0_.document_id as document1_50_0_, document0_.original_file_name as original2_50_0_, document0_.system_file_name as system3_50_0_, document0_.path_id as path4_50_0_, document0_.mime_type_id as mime5_50_0_, document0_.document_type_id as document6_50_0_, document0_.create_date as create7_50_0_ from document document0_ where document0_.document_id=?
The document with id '100' doesn't exist.
com.topcoder.service.studio.contest.EntityNotFoundException: The document with id '100' doesn't exist.
	at com.topcoder.service.studio.contest.bean.ContestManagerBean.wrapEntityNotFoundException(ContestManagerBean.java:2084)
	at com.topcoder.service.studio.contest.bean.ContestManagerBean.saveDocumentContent(ContestManagerBean.java:1416)
	at com.topcoder.service.studio.contest.failuretests.ContestManagerBeanFailureTest.test_SaveDocumentContent_Failure2(ContestManagerBeanFailureTest.java:2690)
	at sun.reflect.NativeMethodAccessorImpl.invoke0(Native Method)
	at sun.reflect.NativeMethodAccessorImpl.invoke(NativeMethodAccessorImpl.java:39)
	at sun.reflect.DelegatingMethodAccessorImpl.invoke(DelegatingMethodAccessorImpl.java:25)
	at java.lang.reflect.Method.invoke(Method.java:585)
	at junit.framework.TestCase.runTest(TestCase.java:154)
	at junit.framework.TestCase.runBare(TestCase.java:127)
	at junit.framework.TestResult$1.protect(TestResult.java:106)
	at junit.framework.TestResult.runProtected(TestResult.java:124)
	at junit.framework.TestResult.run(TestResult.java:109)
	at junit.framework.TestCase.run(TestCase.java:118)
	at junit.framework.TestSuite.runTest(TestSuite.java:208)
	at junit.framework.TestSuite.run(TestSuite.java:203)
	at junit.framework.TestSuite.runTest(TestSuite.java:208)
	at junit.framework.TestSuite.run(TestSuite.java:203)
	at org.apache.tools.ant.taskdefs.optional.junit.JUnitTestRunner.run(JUnitTestRunner.java:421)
	at org.apache.tools.ant.taskdefs.optional.junit.JUnitTestRunner.launch(JUnitTestRunner.java:912)
	at org.apache.tools.ant.taskdefs.optional.junit.JUnitTestRunner.main(JUnitTestRunner.java:766)
[Exit method: saveDocumentContent()]
[Enter method: addDocument()]
[param1: null]
Hibernate: /* load com.topcoder.service.studio.contest.FilePath */ select filepath0_.path_id as path1_36_0_, filepath0_.path as path36_0_, filepath0_.modify_date as modify3_36_0_ from path filepath0_ where filepath0_.path_id=?
The file path with specified path id doesn't exist.
com.topcoder.service.studio.contest.ContestManagementException: The file path with specified path id doesn't exist.
	at com.topcoder.service.studio.contest.bean.ContestManagerBean.wrapContestManagementException(ContestManagerBean.java:2101)
	at com.topcoder.service.studio.contest.bean.ContestManagerBean.addDocument(ContestManagerBean.java:885)
	at com.topcoder.service.studio.contest.failuretests.ContestManagerBeanFailureTest.test_SaveDocumentContent_Failure3(ContestManagerBeanFailureTest.java:2720)
	at sun.reflect.NativeMethodAccessorImpl.invoke0(Native Method)
	at sun.reflect.NativeMethodAccessorImpl.invoke(NativeMethodAccessorImpl.java:39)
	at sun.reflect.DelegatingMethodAccessorImpl.invoke(DelegatingMethodAccessorImpl.java:25)
	at java.lang.reflect.Method.invoke(Method.java:585)
	at junit.framework.TestCase.runTest(TestCase.java:154)
	at junit.framework.TestCase.runBare(TestCase.java:127)
	at junit.framework.TestResult$1.protect(TestResult.java:106)
	at junit.framework.TestResult.runProtected(TestResult.java:124)
	at junit.framework.TestResult.run(TestResult.java:109)
	at junit.framework.TestCase.run(TestCase.java:118)
	at junit.framework.TestSuite.runTest(TestSuite.java:208)
	at junit.framework.TestSuite.run(TestSuite.java:203)
	at junit.framework.TestSuite.runTest(TestSuite.java:208)
	at junit.framework.TestSuite.run(TestSuite.java:203)
	at org.apache.tools.ant.taskdefs.optional.junit.JUnitTestRunner.run(JUnitTestRunner.java:421)
	at org.apache.tools.ant.taskdefs.optional.junit.JUnitTestRunner.launch(JUnitTestRunner.java:912)
	at org.apache.tools.ant.taskdefs.optional.junit.JUnitTestRunner.main(JUnitTestRunner.java:766)
[Exit method: addDocument()]
[Enter method: addDocument()]
[param1: null]
Hibernate: /* load com.topcoder.service.studio.contest.FilePath */ select filepath0_.path_id as path1_36_0_, filepath0_.path as path36_0_, filepath0_.modify_date as modify3_36_0_ from path filepath0_ where filepath0_.path_id=?
The file path with specified path id doesn't exist.
com.topcoder.service.studio.contest.ContestManagementException: The file path with specified path id doesn't exist.
	at com.topcoder.service.studio.contest.bean.ContestManagerBean.wrapContestManagementException(ContestManagerBean.java:2101)
	at com.topcoder.service.studio.contest.bean.ContestManagerBean.addDocument(ContestManagerBean.java:885)
	at com.topcoder.service.studio.contest.failuretests.ContestManagerBeanFailureTest.test_SaveDocumentContent_Failure4(ContestManagerBeanFailureTest.java:2758)
	at sun.reflect.NativeMethodAccessorImpl.invoke0(Native Method)
	at sun.reflect.NativeMethodAccessorImpl.invoke(NativeMethodAccessorImpl.java:39)
	at sun.reflect.DelegatingMethodAccessorImpl.invoke(DelegatingMethodAccessorImpl.java:25)
	at java.lang.reflect.Method.invoke(Method.java:585)
	at junit.framework.TestCase.runTest(TestCase.java:154)
	at junit.framework.TestCase.runBare(TestCase.java:127)
	at junit.framework.TestResult$1.protect(TestResult.java:106)
	at junit.framework.TestResult.runProtected(TestResult.java:124)
	at junit.framework.TestResult.run(TestResult.java:109)
	at junit.framework.TestCase.run(TestCase.java:118)
	at junit.framework.TestSuite.runTest(TestSuite.java:208)
	at junit.framework.TestSuite.run(TestSuite.java:203)
	at junit.framework.TestSuite.runTest(TestSuite.java:208)
	at junit.framework.TestSuite.run(TestSuite.java:203)
	at org.apache.tools.ant.taskdefs.optional.junit.JUnitTestRunner.run(JUnitTestRunner.java:421)
	at org.apache.tools.ant.taskdefs.optional.junit.JUnitTestRunner.launch(JUnitTestRunner.java:912)
	at org.apache.tools.ant.taskdefs.optional.junit.JUnitTestRunner.main(JUnitTestRunner.java:766)
[Exit method: addDocument()]
[Enter method: addDocument()]
[param1: null]
Hibernate: /* load com.topcoder.service.studio.contest.FilePath */ select filepath0_.path_id as path1_36_0_, filepath0_.path as path36_0_, filepath0_.modify_date as modify3_36_0_ from path filepath0_ where filepath0_.path_id=?
The file path with specified path id doesn't exist.
com.topcoder.service.studio.contest.ContestManagementException: The file path with specified path id doesn't exist.
	at com.topcoder.service.studio.contest.bean.ContestManagerBean.wrapContestManagementException(ContestManagerBean.java:2101)
	at com.topcoder.service.studio.contest.bean.ContestManagerBean.addDocument(ContestManagerBean.java:885)
	at com.topcoder.service.studio.contest.failuretests.ContestManagerBeanFailureTest.test_SaveDocumentContent_Failure5(ContestManagerBeanFailureTest.java:2796)
	at sun.reflect.NativeMethodAccessorImpl.invoke0(Native Method)
	at sun.reflect.NativeMethodAccessorImpl.invoke(NativeMethodAccessorImpl.java:39)
	at sun.reflect.DelegatingMethodAccessorImpl.invoke(DelegatingMethodAccessorImpl.java:25)
	at java.lang.reflect.Method.invoke(Method.java:585)
	at junit.framework.TestCase.runTest(TestCase.java:154)
	at junit.framework.TestCase.runBare(TestCase.java:127)
	at junit.framework.TestResult$1.protect(TestResult.java:106)
	at junit.framework.TestResult.runProtected(TestResult.java:124)
	at junit.framework.TestResult.run(TestResult.java:109)
	at junit.framework.TestCase.run(TestCase.java:118)
	at junit.framework.TestSuite.runTest(TestSuite.java:208)
	at junit.framework.TestSuite.run(TestSuite.java:203)
	at junit.framework.TestSuite.runTest(TestSuite.java:208)
	at junit.framework.TestSuite.run(TestSuite.java:203)
	at org.apache.tools.ant.taskdefs.optional.junit.JUnitTestRunner.run(JUnitTestRunner.java:421)
	at org.apache.tools.ant.taskdefs.optional.junit.JUnitTestRunner.launch(JUnitTestRunner.java:912)
	at org.apache.tools.ant.taskdefs.optional.junit.JUnitTestRunner.main(JUnitTestRunner.java:766)
[Exit method: addDocument()]
[Enter method: addDocument()]
[param1: null]
Hibernate: /* load com.topcoder.service.studio.contest.FilePath */ select filepath0_.path_id as path1_36_0_, filepath0_.path as path36_0_, filepath0_.modify_date as modify3_36_0_ from path filepath0_ where filepath0_.path_id=?
The file path with specified path id doesn't exist.
com.topcoder.service.studio.contest.ContestManagementException: The file path with specified path id doesn't exist.
	at com.topcoder.service.studio.contest.bean.ContestManagerBean.wrapContestManagementException(ContestManagerBean.java:2101)
	at com.topcoder.service.studio.contest.bean.ContestManagerBean.addDocument(ContestManagerBean.java:885)
	at com.topcoder.service.studio.contest.failuretests.ContestManagerBeanFailureTest.test_SaveDocumentContent_Failure6(ContestManagerBeanFailureTest.java:2834)
	at sun.reflect.NativeMethodAccessorImpl.invoke0(Native Method)
	at sun.reflect.NativeMethodAccessorImpl.invoke(NativeMethodAccessorImpl.java:39)
	at sun.reflect.DelegatingMethodAccessorImpl.invoke(DelegatingMethodAccessorImpl.java:25)
	at java.lang.reflect.Method.invoke(Method.java:585)
	at junit.framework.TestCase.runTest(TestCase.java:154)
	at junit.framework.TestCase.runBare(TestCase.java:127)
	at junit.framework.TestResult$1.protect(TestResult.java:106)
	at junit.framework.TestResult.runProtected(TestResult.java:124)
	at junit.framework.TestResult.run(TestResult.java:109)
	at junit.framework.TestCase.run(TestCase.java:118)
	at junit.framework.TestSuite.runTest(TestSuite.java:208)
	at junit.framework.TestSuite.run(TestSuite.java:203)
	at junit.framework.TestSuite.runTest(TestSuite.java:208)
	at junit.framework.TestSuite.run(TestSuite.java:203)
	at org.apache.tools.ant.taskdefs.optional.junit.JUnitTestRunner.run(JUnitTestRunner.java:421)
	at org.apache.tools.ant.taskdefs.optional.junit.JUnitTestRunner.launch(JUnitTestRunner.java:912)
	at org.apache.tools.ant.taskdefs.optional.junit.JUnitTestRunner.main(JUnitTestRunner.java:766)
[Exit method: addDocument()]
[Enter method: getAllContestSatuses()]
The EntityManager is closed.
com.topcoder.service.studio.contest.ContestManagementException: The EntityManager is closed.
	at com.topcoder.service.studio.contest.bean.ContestManagerBean.wrapContestManagementException(ContestManagerBean.java:2119)
	at com.topcoder.service.studio.contest.bean.ContestManagerBean.getAllContestStatuses(ContestManagerBean.java:1570)
	at com.topcoder.service.studio.contest.failuretests.ContestManagerBeanFailureTest.test_GetAllContestStatuses_Failure1(ContestManagerBeanFailureTest.java:2864)
	at sun.reflect.NativeMethodAccessorImpl.invoke0(Native Method)
	at sun.reflect.NativeMethodAccessorImpl.invoke(NativeMethodAccessorImpl.java:39)
	at sun.reflect.DelegatingMethodAccessorImpl.invoke(DelegatingMethodAccessorImpl.java:25)
	at java.lang.reflect.Method.invoke(Method.java:585)
	at junit.framework.TestCase.runTest(TestCase.java:154)
	at junit.framework.TestCase.runBare(TestCase.java:127)
	at junit.framework.TestResult$1.protect(TestResult.java:106)
	at junit.framework.TestResult.runProtected(TestResult.java:124)
	at junit.framework.TestResult.run(TestResult.java:109)
	at junit.framework.TestCase.run(TestCase.java:118)
	at junit.framework.TestSuite.runTest(TestSuite.java:208)
	at junit.framework.TestSuite.run(TestSuite.java:203)
	at junit.framework.TestSuite.runTest(TestSuite.java:208)
	at junit.framework.TestSuite.run(TestSuite.java:203)
	at org.apache.tools.ant.taskdefs.optional.junit.JUnitTestRunner.run(JUnitTestRunner.java:421)
	at org.apache.tools.ant.taskdefs.optional.junit.JUnitTestRunner.launch(JUnitTestRunner.java:912)
	at org.apache.tools.ant.taskdefs.optional.junit.JUnitTestRunner.main(JUnitTestRunner.java:766)
Caused by: java.lang.IllegalStateException: EntityManager is closed
	at org.hibernate.ejb.EntityManagerImpl.getSession(EntityManagerImpl.java:42)
	at org.hibernate.ejb.AbstractEntityManagerImpl.createQuery(AbstractEntityManagerImpl.java:92)
	at com.topcoder.service.studio.contest.failuretests.mock.MockEntityManager.createQuery(MockEntityManager.java:243)
	at com.topcoder.service.studio.contest.bean.ContestManagerBean.getAllContestStatuses(ContestManagerBean.java:1558)
	... 18 more
[Exit method: getAllContestSatuses()]
[Enter method: getAllContestSatuses()]
There are errors while persisting the entity.
com.topcoder.service.studio.contest.ContestManagementException: There are errors while persisting the entity.
	at com.topcoder.service.studio.contest.bean.ContestManagerBean.wrapContestManagementException(ContestManagerBean.java:2119)
	at com.topcoder.service.studio.contest.bean.ContestManagerBean.getAllContestStatuses(ContestManagerBean.java:1572)
	at com.topcoder.service.studio.contest.failuretests.ContestManagerBeanFailureTest.test_GetAllContestStatuses_Failure2(ContestManagerBeanFailureTest.java:2888)
	at sun.reflect.NativeMethodAccessorImpl.invoke0(Native Method)
	at sun.reflect.NativeMethodAccessorImpl.invoke(NativeMethodAccessorImpl.java:39)
	at sun.reflect.DelegatingMethodAccessorImpl.invoke(DelegatingMethodAccessorImpl.java:25)
	at java.lang.reflect.Method.invoke(Method.java:585)
	at junit.framework.TestCase.runTest(TestCase.java:154)
	at junit.framework.TestCase.runBare(TestCase.java:127)
	at junit.framework.TestResult$1.protect(TestResult.java:106)
	at junit.framework.TestResult.runProtected(TestResult.java:124)
	at junit.framework.TestResult.run(TestResult.java:109)
	at junit.framework.TestCase.run(TestCase.java:118)
	at junit.framework.TestSuite.runTest(TestSuite.java:208)
	at junit.framework.TestSuite.run(TestSuite.java:203)
	at junit.framework.TestSuite.runTest(TestSuite.java:208)
	at junit.framework.TestSuite.run(TestSuite.java:203)
	at org.apache.tools.ant.taskdefs.optional.junit.JUnitTestRunner.run(JUnitTestRunner.java:421)
	at org.apache.tools.ant.taskdefs.optional.junit.JUnitTestRunner.launch(JUnitTestRunner.java:912)
	at org.apache.tools.ant.taskdefs.optional.junit.JUnitTestRunner.main(JUnitTestRunner.java:766)
Caused by: javax.persistence.TransactionRequiredException
	at com.topcoder.service.studio.contest.failuretests.mock.MockEntityManager.createQuery(MockEntityManager.java:240)
	at com.topcoder.service.studio.contest.bean.ContestManagerBean.getAllContestStatuses(ContestManagerBean.java:1558)
	... 18 more
[Exit method: getAllContestSatuses()]
[Enter method: getAllContestSatuses()]
There are errors while persisting the entity.
com.topcoder.service.studio.contest.ContestManagementException: There are errors while persisting the entity.
	at com.topcoder.service.studio.contest.bean.ContestManagerBean.wrapContestManagementException(ContestManagerBean.java:2119)
	at com.topcoder.service.studio.contest.bean.ContestManagerBean.getAllContestStatuses(ContestManagerBean.java:1572)
	at com.topcoder.service.studio.contest.failuretests.ContestManagerBeanFailureTest.test_GetAllContestStatuses_Failure3(ContestManagerBeanFailureTest.java:2912)
	at sun.reflect.NativeMethodAccessorImpl.invoke0(Native Method)
	at sun.reflect.NativeMethodAccessorImpl.invoke(NativeMethodAccessorImpl.java:39)
	at sun.reflect.DelegatingMethodAccessorImpl.invoke(DelegatingMethodAccessorImpl.java:25)
	at java.lang.reflect.Method.invoke(Method.java:585)
	at junit.framework.TestCase.runTest(TestCase.java:154)
	at junit.framework.TestCase.runBare(TestCase.java:127)
	at junit.framework.TestResult$1.protect(TestResult.java:106)
	at junit.framework.TestResult.runProtected(TestResult.java:124)
	at junit.framework.TestResult.run(TestResult.java:109)
	at junit.framework.TestCase.run(TestCase.java:118)
	at junit.framework.TestSuite.runTest(TestSuite.java:208)
	at junit.framework.TestSuite.run(TestSuite.java:203)
	at junit.framework.TestSuite.runTest(TestSuite.java:208)
	at junit.framework.TestSuite.run(TestSuite.java:203)
	at org.apache.tools.ant.taskdefs.optional.junit.JUnitTestRunner.run(JUnitTestRunner.java:421)
	at org.apache.tools.ant.taskdefs.optional.junit.JUnitTestRunner.launch(JUnitTestRunner.java:912)
	at org.apache.tools.ant.taskdefs.optional.junit.JUnitTestRunner.main(JUnitTestRunner.java:766)
Caused by: javax.persistence.PersistenceException
	at com.topcoder.service.studio.contest.failuretests.mock.MockEntityManager.createQuery(MockEntityManager.java:236)
	at com.topcoder.service.studio.contest.bean.ContestManagerBean.getAllContestStatuses(ContestManagerBean.java:1558)
	... 18 more
[Exit method: getAllContestSatuses()]
[Enter method: getAllContestChannels()]
The EntityManager is closed.
com.topcoder.service.studio.contest.ContestManagementException: The EntityManager is closed.
	at com.topcoder.service.studio.contest.bean.ContestManagerBean.wrapContestManagementException(ContestManagerBean.java:2119)
	at com.topcoder.service.studio.contest.bean.ContestManagerBean.getAllContestChannels(ContestManagerBean.java:1606)
	at com.topcoder.service.studio.contest.failuretests.ContestManagerBeanFailureTest.test_GetAllContestChannels_Failure1(ContestManagerBeanFailureTest.java:2936)
	at sun.reflect.NativeMethodAccessorImpl.invoke0(Native Method)
	at sun.reflect.NativeMethodAccessorImpl.invoke(NativeMethodAccessorImpl.java:39)
	at sun.reflect.DelegatingMethodAccessorImpl.invoke(DelegatingMethodAccessorImpl.java:25)
	at java.lang.reflect.Method.invoke(Method.java:585)
	at junit.framework.TestCase.runTest(TestCase.java:154)
	at junit.framework.TestCase.runBare(TestCase.java:127)
	at junit.framework.TestResult$1.protect(TestResult.java:106)
	at junit.framework.TestResult.runProtected(TestResult.java:124)
	at junit.framework.TestResult.run(TestResult.java:109)
	at junit.framework.TestCase.run(TestCase.java:118)
	at junit.framework.TestSuite.runTest(TestSuite.java:208)
	at junit.framework.TestSuite.run(TestSuite.java:203)
	at junit.framework.TestSuite.runTest(TestSuite.java:208)
	at junit.framework.TestSuite.run(TestSuite.java:203)
	at org.apache.tools.ant.taskdefs.optional.junit.JUnitTestRunner.run(JUnitTestRunner.java:421)
	at org.apache.tools.ant.taskdefs.optional.junit.JUnitTestRunner.launch(JUnitTestRunner.java:912)
	at org.apache.tools.ant.taskdefs.optional.junit.JUnitTestRunner.main(JUnitTestRunner.java:766)
Caused by: java.lang.IllegalStateException: EntityManager is closed
	at org.hibernate.ejb.EntityManagerImpl.getSession(EntityManagerImpl.java:42)
	at org.hibernate.ejb.AbstractEntityManagerImpl.createQuery(AbstractEntityManagerImpl.java:92)
	at com.topcoder.service.studio.contest.failuretests.mock.MockEntityManager.createQuery(MockEntityManager.java:243)
	at com.topcoder.service.studio.contest.bean.ContestManagerBean.getAllContestChannels(ContestManagerBean.java:1594)
	... 18 more
[Exit method: getAllContestChannels()]
[Enter method: getAllContestChannels()]
There are errors while persisting the entity.
com.topcoder.service.studio.contest.ContestManagementException: There are errors while persisting the entity.
	at com.topcoder.service.studio.contest.bean.ContestManagerBean.wrapContestManagementException(ContestManagerBean.java:2119)
	at com.topcoder.service.studio.contest.bean.ContestManagerBean.getAllContestChannels(ContestManagerBean.java:1608)
	at com.topcoder.service.studio.contest.failuretests.ContestManagerBeanFailureTest.test_GetAllContestChannels_Failure2(ContestManagerBeanFailureTest.java:2960)
	at sun.reflect.NativeMethodAccessorImpl.invoke0(Native Method)
	at sun.reflect.NativeMethodAccessorImpl.invoke(NativeMethodAccessorImpl.java:39)
	at sun.reflect.DelegatingMethodAccessorImpl.invoke(DelegatingMethodAccessorImpl.java:25)
	at java.lang.reflect.Method.invoke(Method.java:585)
	at junit.framework.TestCase.runTest(TestCase.java:154)
	at junit.framework.TestCase.runBare(TestCase.java:127)
	at junit.framework.TestResult$1.protect(TestResult.java:106)
	at junit.framework.TestResult.runProtected(TestResult.java:124)
	at junit.framework.TestResult.run(TestResult.java:109)
	at junit.framework.TestCase.run(TestCase.java:118)
	at junit.framework.TestSuite.runTest(TestSuite.java:208)
	at junit.framework.TestSuite.run(TestSuite.java:203)
	at junit.framework.TestSuite.runTest(TestSuite.java:208)
	at junit.framework.TestSuite.run(TestSuite.java:203)
	at org.apache.tools.ant.taskdefs.optional.junit.JUnitTestRunner.run(JUnitTestRunner.java:421)
	at org.apache.tools.ant.taskdefs.optional.junit.JUnitTestRunner.launch(JUnitTestRunner.java:912)
	at org.apache.tools.ant.taskdefs.optional.junit.JUnitTestRunner.main(JUnitTestRunner.java:766)
Caused by: javax.persistence.PersistenceException
	at com.topcoder.service.studio.contest.failuretests.mock.MockEntityManager.createQuery(MockEntityManager.java:236)
	at com.topcoder.service.studio.contest.bean.ContestManagerBean.getAllContestChannels(ContestManagerBean.java:1594)
	... 18 more
[Exit method: getAllContestChannels()]
[Enter method: getAllStudioFileTypes()]
The EntityManager is closed.
com.topcoder.service.studio.contest.ContestManagementException: The EntityManager is closed.
	at com.topcoder.service.studio.contest.bean.ContestManagerBean.wrapContestManagementException(ContestManagerBean.java:2119)
	at com.topcoder.service.studio.contest.bean.ContestManagerBean.getAllStudioFileTypes(ContestManagerBean.java:1642)
	at com.topcoder.service.studio.contest.failuretests.ContestManagerBeanFailureTest.test_GetAllStudioFileTypes_Failure1(ContestManagerBeanFailureTest.java:2984)
	at sun.reflect.NativeMethodAccessorImpl.invoke0(Native Method)
	at sun.reflect.NativeMethodAccessorImpl.invoke(NativeMethodAccessorImpl.java:39)
	at sun.reflect.DelegatingMethodAccessorImpl.invoke(DelegatingMethodAccessorImpl.java:25)
	at java.lang.reflect.Method.invoke(Method.java:585)
	at junit.framework.TestCase.runTest(TestCase.java:154)
	at junit.framework.TestCase.runBare(TestCase.java:127)
	at junit.framework.TestResult$1.protect(TestResult.java:106)
	at junit.framework.TestResult.runProtected(TestResult.java:124)
	at junit.framework.TestResult.run(TestResult.java:109)
	at junit.framework.TestCase.run(TestCase.java:118)
	at junit.framework.TestSuite.runTest(TestSuite.java:208)
	at junit.framework.TestSuite.run(TestSuite.java:203)
	at junit.framework.TestSuite.runTest(TestSuite.java:208)
	at junit.framework.TestSuite.run(TestSuite.java:203)
	at org.apache.tools.ant.taskdefs.optional.junit.JUnitTestRunner.run(JUnitTestRunner.java:421)
	at org.apache.tools.ant.taskdefs.optional.junit.JUnitTestRunner.launch(JUnitTestRunner.java:912)
	at org.apache.tools.ant.taskdefs.optional.junit.JUnitTestRunner.main(JUnitTestRunner.java:766)
Caused by: java.lang.IllegalStateException: EntityManager is closed
	at org.hibernate.ejb.EntityManagerImpl.getSession(EntityManagerImpl.java:42)
	at org.hibernate.ejb.AbstractEntityManagerImpl.createQuery(AbstractEntityManagerImpl.java:92)
	at com.topcoder.service.studio.contest.failuretests.mock.MockEntityManager.createQuery(MockEntityManager.java:243)
	at com.topcoder.service.studio.contest.bean.ContestManagerBean.getAllStudioFileTypes(ContestManagerBean.java:1630)
	... 18 more
[Exit method: getAllStudioFileTypes()]
[Enter method: getAllStudioFileTypes()]
There are errors while persisting the entity.
com.topcoder.service.studio.contest.ContestManagementException: There are errors while persisting the entity.
	at com.topcoder.service.studio.contest.bean.ContestManagerBean.wrapContestManagementException(ContestManagerBean.java:2119)
	at com.topcoder.service.studio.contest.bean.ContestManagerBean.getAllStudioFileTypes(ContestManagerBean.java:1644)
	at com.topcoder.service.studio.contest.failuretests.ContestManagerBeanFailureTest.test_GetAllStudioFileTypes_Failure2(ContestManagerBeanFailureTest.java:3008)
	at sun.reflect.NativeMethodAccessorImpl.invoke0(Native Method)
	at sun.reflect.NativeMethodAccessorImpl.invoke(NativeMethodAccessorImpl.java:39)
	at sun.reflect.DelegatingMethodAccessorImpl.invoke(DelegatingMethodAccessorImpl.java:25)
	at java.lang.reflect.Method.invoke(Method.java:585)
	at junit.framework.TestCase.runTest(TestCase.java:154)
	at junit.framework.TestCase.runBare(TestCase.java:127)
	at junit.framework.TestResult$1.protect(TestResult.java:106)
	at junit.framework.TestResult.runProtected(TestResult.java:124)
	at junit.framework.TestResult.run(TestResult.java:109)
	at junit.framework.TestCase.run(TestCase.java:118)
	at junit.framework.TestSuite.runTest(TestSuite.java:208)
	at junit.framework.TestSuite.run(TestSuite.java:203)
	at junit.framework.TestSuite.runTest(TestSuite.java:208)
	at junit.framework.TestSuite.run(TestSuite.java:203)
	at org.apache.tools.ant.taskdefs.optional.junit.JUnitTestRunner.run(JUnitTestRunner.java:421)
	at org.apache.tools.ant.taskdefs.optional.junit.JUnitTestRunner.launch(JUnitTestRunner.java:912)
	at org.apache.tools.ant.taskdefs.optional.junit.JUnitTestRunner.main(JUnitTestRunner.java:766)
Caused by: javax.persistence.PersistenceException
	at com.topcoder.service.studio.contest.failuretests.mock.MockEntityManager.createQuery(MockEntityManager.java:236)
	at com.topcoder.service.studio.contest.bean.ContestManagerBean.getAllStudioFileTypes(ContestManagerBean.java:1630)
	... 18 more
[Exit method: getAllStudioFileTypes()]
[Enter method: createContest()]
[param1: null]
[Exit method: createContest()]
[Enter method: addPrizeToContest()]
[param1: 8, param2: 1,000]
Hibernate: /* load com.topcoder.service.studio.submission.Prize */ select prize0_.prize_id as prize1_33_0_, prize0_.place as place33_0_, prize0_.amount as amount33_0_, prize0_.prize_type_id as prize4_33_0_, prize0_.create_date as create5_33_0_ from prize prize0_ where prize0_.prize_id=?
The prize with id '1000' doesn't exist.
com.topcoder.service.studio.contest.EntityNotFoundException: The prize with id '1000' doesn't exist.
	at com.topcoder.service.studio.contest.bean.ContestManagerBean.wrapEntityNotFoundException(ContestManagerBean.java:2084)
	at com.topcoder.service.studio.contest.bean.ContestManagerBean.addPrizeToContest(ContestManagerBean.java:1786)
	at com.topcoder.service.studio.contest.failuretests.ContestManagerBeanFailureTest.test_AddPrizeToContest_Failure1(ContestManagerBeanFailureTest.java:3034)
	at sun.reflect.NativeMethodAccessorImpl.invoke0(Native Method)
	at sun.reflect.NativeMethodAccessorImpl.invoke(NativeMethodAccessorImpl.java:39)
	at sun.reflect.DelegatingMethodAccessorImpl.invoke(DelegatingMethodAccessorImpl.java:25)
	at java.lang.reflect.Method.invoke(Method.java:585)
	at junit.framework.TestCase.runTest(TestCase.java:154)
	at junit.framework.TestCase.runBare(TestCase.java:127)
	at junit.framework.TestResult$1.protect(TestResult.java:106)
	at junit.framework.TestResult.runProtected(TestResult.java:124)
	at junit.framework.TestResult.run(TestResult.java:109)
	at junit.framework.TestCase.run(TestCase.java:118)
	at junit.framework.TestSuite.runTest(TestSuite.java:208)
	at junit.framework.TestSuite.run(TestSuite.java:203)
	at junit.framework.TestSuite.runTest(TestSuite.java:208)
	at junit.framework.TestSuite.run(TestSuite.java:203)
	at org.apache.tools.ant.taskdefs.optional.junit.JUnitTestRunner.run(JUnitTestRunner.java:421)
	at org.apache.tools.ant.taskdefs.optional.junit.JUnitTestRunner.launch(JUnitTestRunner.java:912)
	at org.apache.tools.ant.taskdefs.optional.junit.JUnitTestRunner.main(JUnitTestRunner.java:766)
[Exit method: addPrizeToContest()]
Hibernate: select max(prize_type_id) from prize_type_lu
Hibernate: select max(prize_id) from prize
[Enter method: addPrizeToContest()]
[param1: 100, param2: 1]
Hibernate: /* load com.topcoder.service.studio.contest.Contest */ select contest0_.contest_id as contest1_45_0_, contest0_.contest_channel_id as contest2_45_0_, contest0_.name as name45_0_, contest0_.contest_type_id as contest4_45_0_, contest0_.project_id as project5_45_0_, contest0_.tc_direct_project_id as tc6_45_0_, contest0_.contest_status_id as contest7_45_0_, contest0_.forum_id as forum8_45_0_, contest0_.event_id as event9_45_0_, contest0_.start_time as start10_45_0_, contest0_.end_date as end11_45_0_, contest0_.winner_annoucement_deadline as winner12_45_0_, contest0_.creator_user_id as creator13_45_0_ from contest contest0_ where contest0_.contest_id=?
The contest with id '100' doesn't exist.
com.topcoder.service.studio.contest.EntityNotFoundException: The contest with id '100' doesn't exist.
	at com.topcoder.service.studio.contest.bean.ContestManagerBean.wrapEntityNotFoundException(ContestManagerBean.java:2084)
	at com.topcoder.service.studio.contest.bean.ContestManagerBean.addPrizeToContest(ContestManagerBean.java:1792)
	at com.topcoder.service.studio.contest.failuretests.ContestManagerBeanFailureTest.test_AddPrizeToContest_Failure2(ContestManagerBeanFailureTest.java:3069)
	at sun.reflect.NativeMethodAccessorImpl.invoke0(Native Method)
	at sun.reflect.NativeMethodAccessorImpl.invoke(NativeMethodAccessorImpl.java:39)
	at sun.reflect.DelegatingMethodAccessorImpl.invoke(DelegatingMethodAccessorImpl.java:25)
	at java.lang.reflect.Method.invoke(Method.java:585)
	at junit.framework.TestCase.runTest(TestCase.java:154)
	at junit.framework.TestCase.runBare(TestCase.java:127)
	at junit.framework.TestResult$1.protect(TestResult.java:106)
	at junit.framework.TestResult.runProtected(TestResult.java:124)
	at junit.framework.TestResult.run(TestResult.java:109)
	at junit.framework.TestCase.run(TestCase.java:118)
	at junit.framework.TestSuite.runTest(TestSuite.java:208)
	at junit.framework.TestSuite.run(TestSuite.java:203)
	at junit.framework.TestSuite.runTest(TestSuite.java:208)
	at junit.framework.TestSuite.run(TestSuite.java:203)
	at org.apache.tools.ant.taskdefs.optional.junit.JUnitTestRunner.run(JUnitTestRunner.java:421)
	at org.apache.tools.ant.taskdefs.optional.junit.JUnitTestRunner.launch(JUnitTestRunner.java:912)
	at org.apache.tools.ant.taskdefs.optional.junit.JUnitTestRunner.main(JUnitTestRunner.java:766)
[Exit method: addPrizeToContest()]
[Enter method: createContest()]
[param1: null]
[Exit method: createContest()]
[Enter method: addPrizeToContest()]
[param1: 9, param2: 2]
The EntityManager is closed.
com.topcoder.service.studio.contest.ContestManagementException: The EntityManager is closed.
	at com.topcoder.service.studio.contest.bean.ContestManagerBean.wrapContestManagementException(ContestManagerBean.java:2119)
	at com.topcoder.service.studio.contest.bean.ContestManagerBean.addPrizeToContest(ContestManagerBean.java:1798)
	at com.topcoder.service.studio.contest.failuretests.ContestManagerBeanFailureTest.test_AddPrizeToContest_Failure3(ContestManagerBeanFailureTest.java:3108)
	at sun.reflect.NativeMethodAccessorImpl.invoke0(Native Method)
	at sun.reflect.NativeMethodAccessorImpl.invoke(NativeMethodAccessorImpl.java:39)
	at sun.reflect.DelegatingMethodAccessorImpl.invoke(DelegatingMethodAccessorImpl.java:25)
	at java.lang.reflect.Method.invoke(Method.java:585)
	at junit.framework.TestCase.runTest(TestCase.java:154)
	at junit.framework.TestCase.runBare(TestCase.java:127)
	at junit.framework.TestResult$1.protect(TestResult.java:106)
	at junit.framework.TestResult.runProtected(TestResult.java:124)
	at junit.framework.TestResult.run(TestResult.java:109)
	at junit.framework.TestCase.run(TestCase.java:118)
	at junit.framework.TestSuite.runTest(TestSuite.java:208)
	at junit.framework.TestSuite.run(TestSuite.java:203)
	at junit.framework.TestSuite.runTest(TestSuite.java:208)
	at junit.framework.TestSuite.run(TestSuite.java:203)
	at org.apache.tools.ant.taskdefs.optional.junit.JUnitTestRunner.run(JUnitTestRunner.java:421)
	at org.apache.tools.ant.taskdefs.optional.junit.JUnitTestRunner.launch(JUnitTestRunner.java:912)
	at org.apache.tools.ant.taskdefs.optional.junit.JUnitTestRunner.main(JUnitTestRunner.java:766)
Caused by: java.lang.IllegalStateException: EntityManager is closed
	at org.hibernate.ejb.EntityManagerImpl.getSession(EntityManagerImpl.java:42)
	at org.hibernate.ejb.AbstractEntityManagerImpl.find(AbstractEntityManagerImpl.java:174)
	at com.topcoder.service.studio.contest.failuretests.mock.MockEntityManager.find(MockEntityManager.java:134)
	at com.topcoder.service.studio.contest.bean.ContestManagerBean.addPrizeToContest(ContestManagerBean.java:1783)
	... 18 more
[Exit method: addPrizeToContest()]
[Enter method: createContest()]
[param1: null]
[Exit method: createContest()]
[Enter method: addPrizeToContest()]
[param1: 10, param2: 3]
This method is required to run in transaction.
com.topcoder.service.studio.contest.ContestManagementException: This method is required to run in transaction.
	at com.topcoder.service.studio.contest.bean.ContestManagerBean.wrapContestManagementException(ContestManagerBean.java:2119)
	at com.topcoder.service.studio.contest.bean.ContestManagerBean.addPrizeToContest(ContestManagerBean.java:1800)
	at com.topcoder.service.studio.contest.failuretests.ContestManagerBeanFailureTest.test_AddPrizeToContest_Failure4(ContestManagerBeanFailureTest.java:3148)
	at sun.reflect.NativeMethodAccessorImpl.invoke0(Native Method)
	at sun.reflect.NativeMethodAccessorImpl.invoke(NativeMethodAccessorImpl.java:39)
	at sun.reflect.DelegatingMethodAccessorImpl.invoke(DelegatingMethodAccessorImpl.java:25)
	at java.lang.reflect.Method.invoke(Method.java:585)
	at junit.framework.TestCase.runTest(TestCase.java:154)
	at junit.framework.TestCase.runBare(TestCase.java:127)
	at junit.framework.TestResult$1.protect(TestResult.java:106)
	at junit.framework.TestResult.runProtected(TestResult.java:124)
	at junit.framework.TestResult.run(TestResult.java:109)
	at junit.framework.TestCase.run(TestCase.java:118)
	at junit.framework.TestSuite.runTest(TestSuite.java:208)
	at junit.framework.TestSuite.run(TestSuite.java:203)
	at junit.framework.TestSuite.runTest(TestSuite.java:208)
	at junit.framework.TestSuite.run(TestSuite.java:203)
	at org.apache.tools.ant.taskdefs.optional.junit.JUnitTestRunner.run(JUnitTestRunner.java:421)
	at org.apache.tools.ant.taskdefs.optional.junit.JUnitTestRunner.launch(JUnitTestRunner.java:912)
	at org.apache.tools.ant.taskdefs.optional.junit.JUnitTestRunner.main(JUnitTestRunner.java:766)
Caused by: javax.persistence.TransactionRequiredException
	at com.topcoder.service.studio.contest.failuretests.mock.MockEntityManager.find(MockEntityManager.java:131)
	at com.topcoder.service.studio.contest.bean.ContestManagerBean.addPrizeToContest(ContestManagerBean.java:1783)
	... 18 more
[Exit method: addPrizeToContest()]
[Enter method: createContest()]
[param1: null]
[Exit method: createContest()]
[Enter method: addPrizeToContest()]
[param1: 11, param2: 4]
There are errors while persisting the entity.
com.topcoder.service.studio.contest.ContestManagementException: There are errors while persisting the entity.
	at com.topcoder.service.studio.contest.bean.ContestManagerBean.wrapContestManagementException(ContestManagerBean.java:2119)
	at com.topcoder.service.studio.contest.bean.ContestManagerBean.addPrizeToContest(ContestManagerBean.java:1802)
	at com.topcoder.service.studio.contest.failuretests.ContestManagerBeanFailureTest.test_AddPrizeToContest_Failure5(ContestManagerBeanFailureTest.java:3187)
	at sun.reflect.NativeMethodAccessorImpl.invoke0(Native Method)
	at sun.reflect.NativeMethodAccessorImpl.invoke(NativeMethodAccessorImpl.java:39)
	at sun.reflect.DelegatingMethodAccessorImpl.invoke(DelegatingMethodAccessorImpl.java:25)
	at java.lang.reflect.Method.invoke(Method.java:585)
	at junit.framework.TestCase.runTest(TestCase.java:154)
	at junit.framework.TestCase.runBare(TestCase.java:127)
	at junit.framework.TestResult$1.protect(TestResult.java:106)
	at junit.framework.TestResult.runProtected(TestResult.java:124)
	at junit.framework.TestResult.run(TestResult.java:109)
	at junit.framework.TestCase.run(TestCase.java:118)
	at junit.framework.TestSuite.runTest(TestSuite.java:208)
	at junit.framework.TestSuite.run(TestSuite.java:203)
	at junit.framework.TestSuite.runTest(TestSuite.java:208)
	at junit.framework.TestSuite.run(TestSuite.java:203)
	at org.apache.tools.ant.taskdefs.optional.junit.JUnitTestRunner.run(JUnitTestRunner.java:421)
	at org.apache.tools.ant.taskdefs.optional.junit.JUnitTestRunner.launch(JUnitTestRunner.java:912)
	at org.apache.tools.ant.taskdefs.optional.junit.JUnitTestRunner.main(JUnitTestRunner.java:766)
Caused by: javax.persistence.PersistenceException
	at com.topcoder.service.studio.contest.failuretests.mock.MockEntityManager.find(MockEntityManager.java:127)
	at com.topcoder.service.studio.contest.bean.ContestManagerBean.addPrizeToContest(ContestManagerBean.java:1783)
	... 18 more
[Exit method: addPrizeToContest()]
[Enter method: createContest()]
[param1: null]
[Exit method: createContest()]
[Enter method: removePrizesFromContest()]
[param1: 12, param2: 1,000]
Hibernate: /* load com.topcoder.service.studio.submission.Prize */ select prize0_.prize_id as prize1_33_0_, prize0_.place as place33_0_, prize0_.amount as amount33_0_, prize0_.prize_type_id as prize4_33_0_, prize0_.create_date as create5_33_0_ from prize prize0_ where prize0_.prize_id=?
The prize with id '1000' doesn't exist.
com.topcoder.service.studio.contest.EntityNotFoundException: The prize with id '1000' doesn't exist.
	at com.topcoder.service.studio.contest.bean.ContestManagerBean.wrapEntityNotFoundException(ContestManagerBean.java:2084)
	at com.topcoder.service.studio.contest.bean.ContestManagerBean.removePrizeFromContest(ContestManagerBean.java:1833)
	at com.topcoder.service.studio.contest.failuretests.ContestManagerBeanFailureTest.test_RemovePrizeFromContest_Failure1(ContestManagerBeanFailureTest.java:3214)
	at sun.reflect.NativeMethodAccessorImpl.invoke0(Native Method)
	at sun.reflect.NativeMethodAccessorImpl.invoke(NativeMethodAccessorImpl.java:39)
	at sun.reflect.DelegatingMethodAccessorImpl.invoke(DelegatingMethodAccessorImpl.java:25)
	at java.lang.reflect.Method.invoke(Method.java:585)
	at junit.framework.TestCase.runTest(TestCase.java:154)
	at junit.framework.TestCase.runBare(TestCase.java:127)
	at junit.framework.TestResult$1.protect(TestResult.java:106)
	at junit.framework.TestResult.runProtected(TestResult.java:124)
	at junit.framework.TestResult.run(TestResult.java:109)
	at junit.framework.TestCase.run(TestCase.java:118)
	at junit.framework.TestSuite.runTest(TestSuite.java:208)
	at junit.framework.TestSuite.run(TestSuite.java:203)
	at junit.framework.TestSuite.runTest(TestSuite.java:208)
	at junit.framework.TestSuite.run(TestSuite.java:203)
	at org.apache.tools.ant.taskdefs.optional.junit.JUnitTestRunner.run(JUnitTestRunner.java:421)
	at org.apache.tools.ant.taskdefs.optional.junit.JUnitTestRunner.launch(JUnitTestRunner.java:912)
	at org.apache.tools.ant.taskdefs.optional.junit.JUnitTestRunner.main(JUnitTestRunner.java:766)
[Exit method: removePrizesFromContest()]
[Enter method: removePrizesFromContest()]
[param1: 100, param2: 5]
Hibernate: /* load com.topcoder.service.studio.contest.Contest */ select contest0_.contest_id as contest1_45_0_, contest0_.contest_channel_id as contest2_45_0_, contest0_.name as name45_0_, contest0_.contest_type_id as contest4_45_0_, contest0_.project_id as project5_45_0_, contest0_.tc_direct_project_id as tc6_45_0_, contest0_.contest_status_id as contest7_45_0_, contest0_.forum_id as forum8_45_0_, contest0_.event_id as event9_45_0_, contest0_.start_time as start10_45_0_, contest0_.end_date as end11_45_0_, contest0_.winner_annoucement_deadline as winner12_45_0_, contest0_.creator_user_id as creator13_45_0_ from contest contest0_ where contest0_.contest_id=?
The contest with id '100' doesn't exist.
com.topcoder.service.studio.contest.EntityNotFoundException: The contest with id '100' doesn't exist.
	at com.topcoder.service.studio.contest.bean.ContestManagerBean.wrapEntityNotFoundException(ContestManagerBean.java:2084)
	at com.topcoder.service.studio.contest.bean.ContestManagerBean.removePrizeFromContest(ContestManagerBean.java:1839)
	at com.topcoder.service.studio.contest.failuretests.ContestManagerBeanFailureTest.test_RemovePrizeFromContest_Failure2(ContestManagerBeanFailureTest.java:3249)
	at sun.reflect.NativeMethodAccessorImpl.invoke0(Native Method)
	at sun.reflect.NativeMethodAccessorImpl.invoke(NativeMethodAccessorImpl.java:39)
	at sun.reflect.DelegatingMethodAccessorImpl.invoke(DelegatingMethodAccessorImpl.java:25)
	at java.lang.reflect.Method.invoke(Method.java:585)
	at junit.framework.TestCase.runTest(TestCase.java:154)
	at junit.framework.TestCase.runBare(TestCase.java:127)
	at junit.framework.TestResult$1.protect(TestResult.java:106)
	at junit.framework.TestResult.runProtected(TestResult.java:124)
	at junit.framework.TestResult.run(TestResult.java:109)
	at junit.framework.TestCase.run(TestCase.java:118)
	at junit.framework.TestSuite.runTest(TestSuite.java:208)
	at junit.framework.TestSuite.run(TestSuite.java:203)
	at junit.framework.TestSuite.runTest(TestSuite.java:208)
	at junit.framework.TestSuite.run(TestSuite.java:203)
	at org.apache.tools.ant.taskdefs.optional.junit.JUnitTestRunner.run(JUnitTestRunner.java:421)
	at org.apache.tools.ant.taskdefs.optional.junit.JUnitTestRunner.launch(JUnitTestRunner.java:912)
	at org.apache.tools.ant.taskdefs.optional.junit.JUnitTestRunner.main(JUnitTestRunner.java:766)
[Exit method: removePrizesFromContest()]
[Enter method: createContest()]
[param1: null]
[Exit method: createContest()]
[Enter method: removePrizesFromContest()]
[param1: 13, param2: 6]
The EntityManager is closed.
com.topcoder.service.studio.contest.ContestManagementException: The EntityManager is closed.
	at com.topcoder.service.studio.contest.bean.ContestManagerBean.wrapContestManagementException(ContestManagerBean.java:2119)
	at com.topcoder.service.studio.contest.bean.ContestManagerBean.removePrizeFromContest(ContestManagerBean.java:1851)
	at com.topcoder.service.studio.contest.failuretests.ContestManagerBeanFailureTest.test_RemovePrizeFromContest_Failure3(ContestManagerBeanFailureTest.java:3288)
	at sun.reflect.NativeMethodAccessorImpl.invoke0(Native Method)
	at sun.reflect.NativeMethodAccessorImpl.invoke(NativeMethodAccessorImpl.java:39)
	at sun.reflect.DelegatingMethodAccessorImpl.invoke(DelegatingMethodAccessorImpl.java:25)
	at java.lang.reflect.Method.invoke(Method.java:585)
	at junit.framework.TestCase.runTest(TestCase.java:154)
	at junit.framework.TestCase.runBare(TestCase.java:127)
	at junit.framework.TestResult$1.protect(TestResult.java:106)
	at junit.framework.TestResult.runProtected(TestResult.java:124)
	at junit.framework.TestResult.run(TestResult.java:109)
	at junit.framework.TestCase.run(TestCase.java:118)
	at junit.framework.TestSuite.runTest(TestSuite.java:208)
	at junit.framework.TestSuite.run(TestSuite.java:203)
	at junit.framework.TestSuite.runTest(TestSuite.java:208)
	at junit.framework.TestSuite.run(TestSuite.java:203)
	at org.apache.tools.ant.taskdefs.optional.junit.JUnitTestRunner.run(JUnitTestRunner.java:421)
	at org.apache.tools.ant.taskdefs.optional.junit.JUnitTestRunner.launch(JUnitTestRunner.java:912)
	at org.apache.tools.ant.taskdefs.optional.junit.JUnitTestRunner.main(JUnitTestRunner.java:766)
Caused by: java.lang.IllegalStateException: EntityManager is closed
	at org.hibernate.ejb.EntityManagerImpl.getSession(EntityManagerImpl.java:42)
	at org.hibernate.ejb.AbstractEntityManagerImpl.find(AbstractEntityManagerImpl.java:174)
	at com.topcoder.service.studio.contest.failuretests.mock.MockEntityManager.find(MockEntityManager.java:134)
	at com.topcoder.service.studio.contest.bean.ContestManagerBean.removePrizeFromContest(ContestManagerBean.java:1830)
	... 18 more
[Exit method: removePrizesFromContest()]
[Enter method: createContest()]
[param1: null]
[Exit method: createContest()]
[Enter method: removePrizesFromContest()]
[param1: 14, param2: 7]
This method is required to run in transaction.
com.topcoder.service.studio.contest.ContestManagementException: This method is required to run in transaction.
	at com.topcoder.service.studio.contest.bean.ContestManagerBean.wrapContestManagementException(ContestManagerBean.java:2119)
	at com.topcoder.service.studio.contest.bean.ContestManagerBean.removePrizeFromContest(ContestManagerBean.java:1853)
	at com.topcoder.service.studio.contest.failuretests.ContestManagerBeanFailureTest.test_RemovePrizeFromContest_Failure4(ContestManagerBeanFailureTest.java:3328)
	at sun.reflect.NativeMethodAccessorImpl.invoke0(Native Method)
	at sun.reflect.NativeMethodAccessorImpl.invoke(NativeMethodAccessorImpl.java:39)
	at sun.reflect.DelegatingMethodAccessorImpl.invoke(DelegatingMethodAccessorImpl.java:25)
	at java.lang.reflect.Method.invoke(Method.java:585)
	at junit.framework.TestCase.runTest(TestCase.java:154)
	at junit.framework.TestCase.runBare(TestCase.java:127)
	at junit.framework.TestResult$1.protect(TestResult.java:106)
	at junit.framework.TestResult.runProtected(TestResult.java:124)
	at junit.framework.TestResult.run(TestResult.java:109)
	at junit.framework.TestCase.run(TestCase.java:118)
	at junit.framework.TestSuite.runTest(TestSuite.java:208)
	at junit.framework.TestSuite.run(TestSuite.java:203)
	at junit.framework.TestSuite.runTest(TestSuite.java:208)
	at junit.framework.TestSuite.run(TestSuite.java:203)
	at org.apache.tools.ant.taskdefs.optional.junit.JUnitTestRunner.run(JUnitTestRunner.java:421)
	at org.apache.tools.ant.taskdefs.optional.junit.JUnitTestRunner.launch(JUnitTestRunner.java:912)
	at org.apache.tools.ant.taskdefs.optional.junit.JUnitTestRunner.main(JUnitTestRunner.java:766)
Caused by: javax.persistence.TransactionRequiredException
	at com.topcoder.service.studio.contest.failuretests.mock.MockEntityManager.find(MockEntityManager.java:131)
	at com.topcoder.service.studio.contest.bean.ContestManagerBean.removePrizeFromContest(ContestManagerBean.java:1830)
	... 18 more
[Exit method: removePrizesFromContest()]
[Enter method: createContest()]
[param1: null]
[Exit method: createContest()]
[Enter method: removePrizesFromContest()]
[param1: 15, param2: 8]
There are errors while persisting the entity.
com.topcoder.service.studio.contest.ContestManagementException: There are errors while persisting the entity.
	at com.topcoder.service.studio.contest.bean.ContestManagerBean.wrapContestManagementException(ContestManagerBean.java:2119)
	at com.topcoder.service.studio.contest.bean.ContestManagerBean.removePrizeFromContest(ContestManagerBean.java:1855)
	at com.topcoder.service.studio.contest.failuretests.ContestManagerBeanFailureTest.test_RemovePrizeFromContest_Failure5(ContestManagerBeanFailureTest.java:3367)
	at sun.reflect.NativeMethodAccessorImpl.invoke0(Native Method)
	at sun.reflect.NativeMethodAccessorImpl.invoke(NativeMethodAccessorImpl.java:39)
	at sun.reflect.DelegatingMethodAccessorImpl.invoke(DelegatingMethodAccessorImpl.java:25)
	at java.lang.reflect.Method.invoke(Method.java:585)
	at junit.framework.TestCase.runTest(TestCase.java:154)
	at junit.framework.TestCase.runBare(TestCase.java:127)
	at junit.framework.TestResult$1.protect(TestResult.java:106)
	at junit.framework.TestResult.runProtected(TestResult.java:124)
	at junit.framework.TestResult.run(TestResult.java:109)
	at junit.framework.TestCase.run(TestCase.java:118)
	at junit.framework.TestSuite.runTest(TestSuite.java:208)
	at junit.framework.TestSuite.run(TestSuite.java:203)
	at junit.framework.TestSuite.runTest(TestSuite.java:208)
	at junit.framework.TestSuite.run(TestSuite.java:203)
	at org.apache.tools.ant.taskdefs.optional.junit.JUnitTestRunner.run(JUnitTestRunner.java:421)
	at org.apache.tools.ant.taskdefs.optional.junit.JUnitTestRunner.launch(JUnitTestRunner.java:912)
	at org.apache.tools.ant.taskdefs.optional.junit.JUnitTestRunner.main(JUnitTestRunner.java:766)
Caused by: javax.persistence.PersistenceException
	at com.topcoder.service.studio.contest.failuretests.mock.MockEntityManager.find(MockEntityManager.java:127)
	at com.topcoder.service.studio.contest.bean.ContestManagerBean.removePrizeFromContest(ContestManagerBean.java:1830)
	... 18 more
[Exit method: removePrizesFromContest()]
[Enter method: getDocumentContent()]
[param1: 100]
Hibernate: /* load com.topcoder.service.studio.contest.Document */ select document0_.document_id as document1_50_0_, document0_.original_file_name as original2_50_0_, document0_.system_file_name as system3_50_0_, document0_.path_id as path4_50_0_, document0_.mime_type_id as mime5_50_0_, document0_.document_type_id as document6_50_0_, document0_.create_date as create7_50_0_ from document document0_ where document0_.document_id=?
The document with id '100' doesn't exist.
com.topcoder.service.studio.contest.EntityNotFoundException: The document with id '100' doesn't exist.
	at com.topcoder.service.studio.contest.bean.ContestManagerBean.wrapEntityNotFoundException(ContestManagerBean.java:2084)
	at com.topcoder.service.studio.contest.bean.ContestManagerBean.getDocumentContent(ContestManagerBean.java:1459)
	at com.topcoder.service.studio.contest.failuretests.ContestManagerBeanFailureTest.test_GetDocumentContent_Failure1(ContestManagerBeanFailureTest.java:3407)
	at sun.reflect.NativeMethodAccessorImpl.invoke0(Native Method)
	at sun.reflect.NativeMethodAccessorImpl.invoke(NativeMethodAccessorImpl.java:39)
	at sun.reflect.DelegatingMethodAccessorImpl.invoke(DelegatingMethodAccessorImpl.java:25)
	at java.lang.reflect.Method.invoke(Method.java:585)
	at junit.framework.TestCase.runTest(TestCase.java:154)
	at junit.framework.TestCase.runBare(TestCase.java:127)
	at junit.framework.TestResult$1.protect(TestResult.java:106)
	at junit.framework.TestResult.runProtected(TestResult.java:124)
	at junit.framework.TestResult.run(TestResult.java:109)
	at junit.framework.TestCase.run(TestCase.java:118)
	at junit.framework.TestSuite.runTest(TestSuite.java:208)
	at junit.framework.TestSuite.run(TestSuite.java:203)
	at junit.framework.TestSuite.runTest(TestSuite.java:208)
	at junit.framework.TestSuite.run(TestSuite.java:203)
	at org.apache.tools.ant.taskdefs.optional.junit.JUnitTestRunner.run(JUnitTestRunner.java:421)
	at org.apache.tools.ant.taskdefs.optional.junit.JUnitTestRunner.launch(JUnitTestRunner.java:912)
	at org.apache.tools.ant.taskdefs.optional.junit.JUnitTestRunner.main(JUnitTestRunner.java:766)
[Exit method: getDocumentContent()]
[Enter method: existDocumentContent()]
[param1: 100]
Hibernate: /* load com.topcoder.service.studio.contest.Document */ select document0_.document_id as document1_50_0_, document0_.original_file_name as original2_50_0_, document0_.system_file_name as system3_50_0_, document0_.path_id as path4_50_0_, document0_.mime_type_id as mime5_50_0_, document0_.document_type_id as document6_50_0_, document0_.create_date as create7_50_0_ from document document0_ where document0_.document_id=?
The document with id '100' doesn't exist.
com.topcoder.service.studio.contest.EntityNotFoundException: The document with id '100' doesn't exist.
	at com.topcoder.service.studio.contest.bean.ContestManagerBean.wrapEntityNotFoundException(ContestManagerBean.java:2084)
	at com.topcoder.service.studio.contest.bean.ContestManagerBean.existDocumentContent(ContestManagerBean.java:1521)
	at com.topcoder.service.studio.contest.failuretests.ContestManagerBeanFailureTest.test_ExistDocumentContent_Failure(ContestManagerBeanFailureTest.java:3430)
	at sun.reflect.NativeMethodAccessorImpl.invoke0(Native Method)
	at sun.reflect.NativeMethodAccessorImpl.invoke(NativeMethodAccessorImpl.java:39)
	at sun.reflect.DelegatingMethodAccessorImpl.invoke(DelegatingMethodAccessorImpl.java:25)
	at java.lang.reflect.Method.invoke(Method.java:585)
	at junit.framework.TestCase.runTest(TestCase.java:154)
	at junit.framework.TestCase.runBare(TestCase.java:127)
	at junit.framework.TestResult$1.protect(TestResult.java:106)
	at junit.framework.TestResult.runProtected(TestResult.java:124)
	at junit.framework.TestResult.run(TestResult.java:109)
	at junit.framework.TestCase.run(TestCase.java:118)
	at junit.framework.TestSuite.runTest(TestSuite.java:208)
	at junit.framework.TestSuite.run(TestSuite.java:203)
	at junit.framework.TestSuite.runTest(TestSuite.java:208)
	at junit.framework.TestSuite.run(TestSuite.java:203)
	at org.apache.tools.ant.taskdefs.optional.junit.JUnitTestRunner.run(JUnitTestRunner.java:421)
	at org.apache.tools.ant.taskdefs.optional.junit.JUnitTestRunner.launch(JUnitTestRunner.java:912)
	at org.apache.tools.ant.taskdefs.optional.junit.JUnitTestRunner.main(JUnitTestRunner.java:766)
[Exit method: existDocumentContent()]
[08-5-28 6:33: Enter method stop()]
[08-5-28 6:33: Exit method stop()]
[08-5-28 6:33: Enter method stop()]
[08-5-28 6:33: Exit method stop()]
[08-5-28 6:33: Enter method stop()]
[08-5-28 6:33: Exit method stop()]
[08-5-28 6:33: Enter method stop()]
[08-5-28 6:33: Exit method stop()]
[08-5-28 6:33: Enter method stop()]
[08-5-28 6:33: Exit method stop()]
[08-5-28 6:33: Enter method stop()]
[08-5-28 6:33: Exit method stop()]
[08-5-28 6:33: Enter method stop()]
[08-5-28 6:33: Exit method stop()]
[08-5-28 6:33: Enter method stop()]
[08-5-28 6:33: Exit method stop()]
[08-5-28 6:33: Enter method stop()]
[08-5-28 6:33: Exit method stop()]
[08-5-28 6:33: Enter method stop()]
[08-5-28 6:33: Exit method stop()]
[08-5-28 6:33: Enter method stop()]
[08-5-28 6:33: Exit method stop()]
[08-5-28 6:33: Enter method stop()]
[08-5-28 6:33: Exit method stop()]
[08-5-28 6:33: Enter method stop()]
[08-5-28 6:33: Exit method stop()]
[08-5-28 6:33: Enter method stop()]
[08-5-28 6:33: Exit method stop()]
[08-5-28 6:33: Enter method stop()]
[08-5-28 6:33: Exit method stop()]
[08-5-28 6:33: Enter method stop()]
[08-5-28 6:33: Exit method stop()]
[08-5-28 6:33: Enter method stop()]
[08-5-28 6:33: Exit method stop()]
[08-5-28 6:33: Enter method stop()]
[08-5-28 6:33: Exit method stop()]
[08-5-28 6:33: Enter method stop()]
[08-5-28 6:33: Exit method stop()]
[08-5-28 6:33: Enter method stop()]
[08-5-28 6:33: Exit method stop()]
[08-5-28 6:33: Enter method stop()]
[08-5-28 6:33: Exit method stop()]
[08-5-28 6:33: Enter method stop()]
[08-5-28 6:33: Exit method stop()]
[08-5-28 6:33: Enter method stop()]
[08-5-28 6:33: Exit method stop()]
[08-5-28 6:33: Enter method stop()]
[08-5-28 6:33: Exit method stop()]
[08-5-28 6:33: Enter method stop()]
[08-5-28 6:33: Exit method stop()]
[08-5-28 6:33: Enter method stop()]
[08-5-28 6:33: Exit method stop()]
[08-5-28 6:33: Enter method stop()]
[08-5-28 6:33: Exit method stop()]
[08-5-28 6:33: Enter method stop()]
[08-5-28 6:33: Exit method stop()]
[08-5-28 6:33: Enter method stop()]
[08-5-28 6:33: Exit method stop()]
[08-5-28 6:33: Enter method stop()]
[08-5-28 6:33: Exit method stop()]
[08-5-28 6:33: Enter method stop()]
[08-5-28 6:33: Exit method stop()]
[08-5-28 6:33: Enter method stop()]
[08-5-28 6:33: Exit method stop()]
[08-5-28 6:33: Enter method start()]
[08-5-28 6:33: Exit method Start()]
[08-5-28 6:33: Enter method start()]
There are errors in the start()
java.net.BindException: Address already in use: bind
	at sun.nio.ch.Net.bind(Native Method)
	at sun.nio.ch.ServerSocketChannelImpl.bind(ServerSocketChannelImpl.java:119)
	at sun.nio.ch.ServerSocketAdaptor.bind(ServerSocketAdaptor.java:59)
	at com.topcoder.service.studio.contest.documentcontentservers.SocketDocumentContentServer.start(SocketDocumentContentServer.java:256)
	at com.topcoder.service.studio.contest.failuretests.SocketDocumentContentServerFailureTest.test_Start_Failure1(SocketDocumentContentServerFailureTest.java:288)
	at sun.reflect.NativeMethodAccessorImpl.invoke0(Native Method)
	at sun.reflect.NativeMethodAccessorImpl.invoke(NativeMethodAccessorImpl.java:39)
	at sun.reflect.DelegatingMethodAccessorImpl.invoke(DelegatingMethodAccessorImpl.java:25)
	at java.lang.reflect.Method.invoke(Method.java:585)
	at junit.framework.TestCase.runTest(TestCase.java:154)
	at junit.framework.TestCase.runBare(TestCase.java:127)
	at junit.framework.TestResult$1.protect(TestResult.java:106)
	at junit.framework.TestResult.runProtected(TestResult.java:124)
	at junit.framework.TestResult.run(TestResult.java:109)
	at junit.framework.TestCase.run(TestCase.java:118)
	at junit.framework.TestSuite.runTest(TestSuite.java:208)
	at junit.framework.TestSuite.run(TestSuite.java:203)
	at junit.framework.TestSuite.runTest(TestSuite.java:208)
	at junit.framework.TestSuite.run(TestSuite.java:203)
	at org.apache.tools.ant.taskdefs.optional.junit.JUnitTestRunner.run(JUnitTestRunner.java:421)
	at org.apache.tools.ant.taskdefs.optional.junit.JUnitTestRunner.launch(JUnitTestRunner.java:912)
	at org.apache.tools.ant.taskdefs.optional.junit.JUnitTestRunner.main(JUnitTestRunner.java:766)
[08-5-28 6:33: Exit method Start()]
[08-5-28 6:33: Enter method stop()]
[08-5-28 6:33: Exit method stop()]
[08-5-28 6:33: Enter method stop()]
[08-5-28 6:33: Exit method stop()]
------------- ---------------- ---------------

Testcase: testGetAllContestsWithTRE took 2.672 sec
Testcase: testGetAllContestsWithPE took 0.015 sec
Testcase: testSearchContestsWithFilterNull took 0.016 sec
Testcase: testSearchContestsWithEntityManagerClosed took 0.016 sec
Testcase: testCreateStudioFileTypeExtensionFilterWithNull took 0 sec
Testcase: testCreateStudioFileTypeExtensionFilterWithEmpty took 0 sec
Testcase: testCreateStudioContestChannelNameFilterWithNull took 0 sec
Testcase: testCreateStudioContestChannelNameFilterWithEmpty took 0 sec
Testcase: testCreateStudioContestStatusNameFilterWithNull took 0 sec
Testcase: testCreateStudioContestStatusNameFilterWithEmpty took 0 sec
Testcase: testCreateStudioContestNameFilterWithNull took 0 sec
Testcase: testCreateStudioContestNameFilterWithEmpty took 0 sec
Testcase: testCreateStudioContestStartDateFilterWithNull took 0 sec
Testcase: testCreateStudioContestEndDateFilterWithNull took 0 sec
Testcase: testCreateStudioContestWinnerAnnouncementDeadlineDateFilterWithNull took 0 sec
Testcase: testCreateAndFilter1WithFirstFilterNull took 0 sec
Testcase: testCreateAndFilter1WithSecondFilterNull took 0 sec
Testcase: testCreateAndFilter2WithFiltersNull took 0 sec
Testcase: testCreateAndFilter2WithFiltersEmpty took 0 sec
Testcase: testCreateAndFilter2WithFiltersContainsNull took 0 sec
Testcase: testCreateOrFilter1WithFirstFilterNull took 0 sec
Testcase: testCreateOrFilter1WithSecondFilterNull took 0 sec
Testcase: testCreateOrFilter2WithFiltersNull took 0 sec
Testcase: testCreateOrFilter2WithFiltersEmpty took 0 sec
Testcase: testCreateOrFilter2WithFiltersContainsNull took 0 sec
Testcase: testCreateNotFilter2WithFilterNull took 0 sec
Testcase: testConvertWithFilterNull took 0 sec
Testcase: testConvertWithFitlerUnknown took 0 sec
Testcase: testConvertWithFitlerUnsupported took 0 sec
Testcase: test_Initialize_Failure1_miss_unitName took 0.016 sec
Testcase: test_Initialize_Failure2_unitName_notString took 0 sec
Testcase: test_Initialize_Failure3_empty_unitName took 0 sec
Testcase: test_Initialize_Failure4_miss_activeContestStatusId took 0 sec
Testcase: test_Initialize_Failure5_activeContestStatusId_notLong took 0 sec
Testcase: test_Initialize_Failure6_miss_defaultDocumentPathId took 0 sec
Testcase: test_Initialize_Failure7_defaultDocumentPathId_notLong took 0 sec
Testcase: test_Initialize_Failure8_loggerName_empty took 0 sec
Testcase: test_Initialize_Failure9_miss_documentManagerClassName took 0 sec
Testcase: test_Initialize_Failure10_documentContentManagerClassName_type_wrong took 0 sec
Testcase: test_Initialize_Failure11_documentContentManagerClassName_ctor_wrong took 0 sec
Testcase: test_Initialize_Failure12_SocketDocumentContentManager_attr_miss took 0 sec
Testcase: test_CreateContest_Failure1_null took 0 sec
Testcase: test_CreateContest_Failure2_EntityAlreadyExistsException took 1.078 sec
Testcase: test_CreateContest_Failure3_EntityManagerClosed took 0 sec
Testcase: test_CreateContest_Failure4_PersistenceException took 0 sec
Testcase: test_CreateContest_Failure5_TransactionException took 0 sec
Testcase: test_GetContest_Failure1_EntityManagerClosed took 0 sec
Testcase: test_GetContest_Failure2_PersistenceException took 0.016 sec
Testcase: test_GetContestsForProject_Failure1_EMClosed took 0 sec
Testcase: test_GetContestsForProject_Failure2_PersistenceException took 0 sec
Testcase: test_updateContest_Failure1 took 0 sec
Testcase: test_updateContest_Failure2 took 0.015 sec
Testcase: test_updateContest_Failure3 took 0 sec
Testcase: test_updateContest_Failure4 took 0 sec
Testcase: test_GetClientForContest_Failure1 took 0 sec
Testcase: test_GetClientForContest_Failure2 took 0 sec
Testcase: test_GetClientForContest_Failure3 took 0.016 sec
Testcase: test_GetClientForContest_Failure4 took 0.016 sec
Testcase: test_GetClientForProject_Failure1 took 0 sec
Testcase: test_GetClientForProject_Failure2 took 0 sec
Testcase: test_GetClientForProject_Failure3 took 0.015 sec
Testcase: test_AddContestStatus_Failure1 took 0 sec
Testcase: test_AddContestStatus_Failure2 took 0 sec
Testcase: test_AddContestStatus_Failure3 took 0.016 sec
Testcase: test_AddContestStatus_Failure4 took 0 sec
Testcase: test_UpdateContestStatus_Failure1 took 0 sec
Testcase: test_UpdateContestStatus_Failure2 took 0 sec
Testcase: test_UpdateContestStatus_Failure3 took 0 sec
Testcase: test_UpdateContestStatus_Failure4 took 0 sec
Testcase: test_RemoveContestStatus_Failure1 took 0 sec
Testcase: test_RemoveContestStatus_Failure2 took 0 sec
Testcase: test_RemoveContestStatus_Failure3 took 0 sec
Testcase: test_GetContestStatus_Failure1 took 0 sec
Testcase: test_GetContestStatus_Failure2 took 0.015 sec
Testcase: test_AddDocument_Failure1 took 0 sec
Testcase: test_AddDocument_Failure2 took 0 sec
Testcase: test_AddDocument_Failure3 took 0 sec
Testcase: test_AddDocument_Failure4 took 0 sec
Testcase: test_UpdateDocument_Failure1 took 0 sec
Testcase: test_UpdateDocument_Failure2 took 0 sec
Testcase: test_UpdateDocument_Failure3 took 0 sec
Testcase: test_UpdateDocument_Failure4 took 0 sec
Testcase: test_GetDocument_Failure1 took 0 sec
Testcase: test_GetDocument_Failure2 took 0 sec
Testcase: test_RemoveDocument_Failure1 took 0 sec
Testcase: test_RemoveDocument_Failure2 took 0 sec
Testcase: test_RemoveDocument_Failure3 took 0.016 sec
Testcase: test_AddDocumentToContest_Failure1 took 0 sec
Testcase: test_AddDocumentToContest_Failure2 took 0 sec
Testcase: test_AddDocumentToContest_Failure3 took 0 sec
Testcase: test_AddDocumentToContest_Failure4 took 0 sec
Testcase: test_AddDocumentToContest_Failure5 took 0 sec
Testcase: test_RemoveDocumentFromContest_Failure1 took 0.015 sec
Testcase: test_RemoveDocumentFromContest_Failure2 took 0 sec
Testcase: test_removeDocumentFromContest_Failure3 took 0 sec
Testcase: test_removeDocumentFromContest_Failure4 took 0.016 sec
Testcase: test_removeDocumentFromContest_Failure5 took 0 sec
Testcase: test_AddContestChannel_Failure1 took 0 sec
Testcase: test_AddContestChannel_Failure3 took 0 sec
Testcase: test_AddContestChannel_Failure4 took 0 sec
Testcase: test_AddContestChannel_Failure5 took 0 sec
Testcase: test_UpdateContestChannel_Failure1 took 0 sec
Testcase: test_UpdateContestChannel_Failure2 took 0 sec
Testcase: test_UpdateContestChannel_Failure3 took 0.016 sec
Testcase: test_UpdateContestChannel_Failure4 took 0 sec
Testcase: test_GetContestChannel_Failure1 took 0 sec
Testcase: test_GetContestChannel_Failure2 took 0 sec
Testcase: test_RemoveContestChannel_Failure1 took 0.015 sec
Testcase: test_RemoveContestChannel_Failure2 took 0 sec
Testcase: test_RemoveContestChannel_Failure3 took 0 sec
Testcase: test_AddConfig_Failure1 took 0 sec
Testcase: test_AddConfig_Failure2 took 0 sec
Testcase: test_AddConfig_Failure3 took 0 sec
Testcase: test_SaveDocumentContent_Failure1 took 1.031 sec
Testcase: test_SaveDocumentContent_Failure2 took 0 sec
Testcase: test_SaveDocumentContent_Failure3 took 0 sec
Testcase: test_SaveDocumentContent_Failure4 took 0.016 sec
Testcase: test_SaveDocumentContent_Failure5 took 0 sec
Testcase: test_SaveDocumentContent_Failure6 took 0 sec
Testcase: test_GetAllContestStatuses_Failure1 took 0.078 sec
Testcase: test_GetAllContestStatuses_Failure2 took 0 sec
Testcase: test_GetAllContestStatuses_Failure3 took 0 sec
Testcase: test_GetAllContestChannels_Failure1 took 0 sec
Testcase: test_GetAllContestChannels_Failure2 took 0 sec
Testcase: test_GetAllStudioFileTypes_Failure1 took 0 sec
Testcase: test_GetAllStudioFileTypes_Failure2 took 0 sec
Testcase: test_AddPrizeToContest_Failure1 took 0 sec
Testcase: test_AddPrizeToContest_Failure2 took 0 sec
Testcase: test_AddPrizeToContest_Failure3 took 0 sec
Testcase: test_AddPrizeToContest_Failure4 took 0 sec
Testcase: test_AddPrizeToContest_Failure5 took 0.015 sec
Testcase: test_RemovePrizeFromContest_Failure1 took 0 sec
Testcase: test_RemovePrizeFromContest_Failure2 took 0 sec
Testcase: test_RemovePrizeFromContest_Failure3 took 0 sec
Testcase: test_RemovePrizeFromContest_Failure4 took 0.016 sec
Testcase: test_RemovePrizeFromContest_Failure5 took 0 sec
Testcase: test_GetContestPrizes_Failure took 0 sec
Testcase: test_GetDocumentContent_Failure1 took 0 sec
Testcase: test_ExistDocumentContent_Failure took 0 sec
Testcase: test_CtorMap_Failure1 took 0 sec
Testcase: test_CtorMap_Failure2 took 0 sec
Testcase: test_CtorMap_Failure3 took 0 sec
Testcase: test_CtorMap_Failure4 took 0 sec
Testcase: test_CtorMap_Failure5 took 0 sec
Testcase: test_CtorMap_Failure6 took 0 sec
Testcase: test_CtorMap_Failure7 took 0 sec
Testcase: test_CtorMap_Failure8 took 0 sec
Testcase: test_CtorMap_Failure9 took 0 sec
Testcase: test_CtorMap_Failure10 took 0 sec
Testcase: test_CtorStringInt_Failure1 took 0 sec
Testcase: test_CtorStringInt_Failure2 took 0 sec
Testcase: test_CtorStringInt_Failure3 took 0 sec
Testcase: test_CtorStringInt_Failure4 took 0 sec
Testcase: test_SaveDocumentContest_Failure1 took 0.015 sec
Testcase: test_SaveDocumentContest_Failure2 took 0 sec
Testcase: test_SaveDocumentContest_Failure3 took 0 sec
Testcase: test_GetDocumentContest_Failure_null took 0 sec
Testcase: test_GetDocumentContest_Failure_empty took 0 sec
Testcase: test_ExistDocumentContest_null took 0 sec
Testcase: test_ExistDocumentContest_empty took 0 sec
Testcase: test_Ctor1_Failure took 0 sec
Testcase: test_Ctor2_Failure1 took 0 sec
Testcase: test_Ctor2_Failure2 took 0 sec
Testcase: test_Ctor3_Failure1 took 0 sec
Testcase: test_Ctor3_Failure2 took 0 sec
Testcase: test_Ctor4_Failure1 took 0 sec
Testcase: test_Ctor4_Failure2 took 0 sec
Testcase: test_Ctor4_Failure3 took 0 sec
Testcase: test_Ctor5_Failure took 0 sec
Testcase: test_Ctor6_Failure1 took 0 sec
Testcase: test_Ctor6_Failure2 took 0.016 sec
Testcase: test_Start_Failure1 took 1 sec
