<html xmlns:lxslt="http://xml.apache.org/xslt" xmlns:stringutils="xalan://org.apache.tools.ant.util.StringUtils">
<head>
<META http-equiv="Content-Type" content="text/html; charset=US-ASCII">
<title>Unit Test Results: com.topcoder.direct.actions.project.milestone.AllTests</title>
<link rel="stylesheet" type="text/css" title="Style" href="../../../../../../stylesheet.css">
<script type="text/javascript" language="JavaScript">
        var TestCases = new Array();
        var cur;
        
    cur = TestCases['com.topcoder.direct.actions.project.milestone.AllTests'] = new Array();
    
        cur['ant.core.lib'] = 'E:\\development\\apache-ant-1.8.1\\lib\\ant.jar';
    
        cur['ant.file'] = 'E:\\code\\topcoder_cockpit_project_milestone_struts_actions_1.0.0_dev_submission\\build.xml';
    
        cur['ant.file.Dependency Import'] = 'E:\\code\\topcoder_cockpit_project_milestone_struts_actions_1.0.0_dev_submission\\build-dependencies.xml';
    
        cur['ant.file.TopCoder Java Generic Build'] = 'E:\\code\\topcoder_cockpit_project_milestone_struts_actions_1.0.0_dev_submission\\build.xml';
    
        cur['ant.file.type'] = 'file';
    
        cur['ant.file.type.Dependency Import'] = 'file';
    
        cur['ant.file.type.TopCoder Java Generic Build'] = 'file';
    
        cur['ant.home'] = 'E:\\development\\apache-ant-1.8.1';
    
        cur['ant.java.version'] = '1.5';
    
        cur['ant.library.dir'] = 'E:\\development\\apache-ant-1.8.1\\lib';
    
        cur['ant.project.default-target'] = 'dist';
    
        cur['ant.project.invoked-targets'] = 'reports-all';
    
        cur['ant.project.name'] = 'TopCoder Java Generic Build';
    
        cur['ant.version'] = 'Apache Ant version 1.8.1 compiled on April 30 2010';
    
        cur['awt.toolkit'] = 'sun.awt.windows.WToolkit';
    
        cur['base_exception.jar'] = '../tcs/lib/tcs/base_exception/2.0.0/base_exception.jar';
    
        cur['basedir'] = 'E:\\code\\topcoder_cockpit_project_milestone_struts_actions_1.0.0_dev_submission';
    
        cur['build_classdir'] = 'build/classes';
    
        cur['build_distdir'] = 'build/dist';
    
        cur['build_docsdir'] = 'build/docs';
    
        cur['build_javadocsdir'] = 'build/docs/javadocs';
    
        cur['build_targetclassdir'] = 'build/targetclasses';
    
        cur['build_tcsdistdir'] = 'build/dist/topcoder_cockpit_project_milestone_struts_actions-1.0.0';
    
        cur['build_testclassdir'] = 'build/testClasses';
    
        cur['builddir'] = 'build';
    
        cur['cobertura.datafile'] = 'log/cobertura.ser';
    
        cur['cobertura.dir'] = '../tcs/lib/third_party/cobertura/1.9';
    
        cur['cobertura.format'] = 'html';
    
        cur['commons-logging-1.1.1.jar'] = '../tcs/lib/third_party/commons-logging-1.1.1.jar';
    
        cur['component'] = 'TopCoder Cockpit Project Milestone Struts Actions';
    
        cur['component_path'] = 'topcoder_cockpit_project_milestone_struts_actions/1.0.0';
    
        cur['component_version'] = '1.0.0';
    
        cur['component.bootclasspath'] = 'C:\\Program Files (x86)\\Java\\jdk1.5.0_22\\jre\\lib\\rt.jar';
    
        cur['component.dist.jar'] = 'build/dist/topcoder_cockpit_project_milestone_struts_actions-1.0.0.jar';
    
        cur['component.distfilename'] = 'topcoder_cockpit_project_milestone_struts_actions';
    
        cur['component.jar'] = 'build/dist/lib/tcs/topcoder_cockpit_project_milestone_struts_actions/1.0.0/topcoder_cockpit_project_milestone_struts_actions.jar';
    
        cur['component.mainclass'] = '';
    
        cur['component.name'] = 'TopCoder Cockpit Project Milestone Struts Actions';
    
        cur['component.package'] = 'com.topcoder.direct.actions.project.milestone';
    
        cur['component.packagedir'] = 'com/topcoder/direct/actions/project/milestone';
    
        cur['component.target'] = '1.5';
    
        cur['component.tests.jar'] = 'build/dist/lib/tcs/topcoder_cockpit_project_milestone_struts_actions_tests.jar';
    
        cur['component.version.build'] = '1';
    
        cur['component.version.major'] = '1';
    
        cur['component.version.micro'] = '0';
    
        cur['component.version.minor'] = '0';
    
        cur['configdir'] = 'conf';
    
        cur['cronos_libdir'] = '../tcs/lib/cronos';
    
        cur['debug'] = 'off';
    
        cur['dependency.jar'] = 'test_files/dep_mock.jar';
    
        cur['design_dist.jar'] = 'topcoder_cockpit_project_milestone_struts_actions_1.0.0_design_dist.jar';
    
        cur['design_submission.jar'] = 'topcoder_cockpit_project_milestone_struts_actions_1.0.0_design_submission.jar';
    
        cur['dev_dist.jar'] = 'topcoder_cockpit_project_milestone_struts_actions_1.0.0_dev_dist.jar';
    
        cur['dev_submission.jar'] = 'topcoder_cockpit_project_milestone_struts_actions_1.0.0_dev_submission.jar';
    
        cur['dist_coverage'] = 'build/dist/topcoder_cockpit_project_milestone_struts_actions-1.0.0/docs/coverage';
    
        cur['dist_docpackage'] = 'build/doc_package';
    
        cur['dist_docs'] = 'build/dist/topcoder_cockpit_project_milestone_struts_actions-1.0.0/docs';
    
        cur['dist_javadocs'] = 'build/dist/topcoder_cockpit_project_milestone_struts_actions-1.0.0/docs/javadocs';
    
        cur['dist_lib'] = 'build/dist/lib/tcs';
    
        cur['distfilename'] = 'topcoder_cockpit_project_milestone_struts_actions';
    
        cur['docpackage.jar'] = 'topcoder_cockpit_project_milestone_struts_actions_docs.jar';
    
        cur['docsdir'] = 'docs';
    
        cur['ext_libdir'] = '../tcs/lib/third_party';
    
        cur['file.encoding'] = 'GBK';
    
        cur['file.encoding.pkg'] = 'sun.io';
    
        cur['file.separator'] = '\\';
    
        cur['instrumented.dir'] = 'build/instrumented';
    
        cur['java_1_3_bootclasspath'] = 'C:\\Program Files (x86\\Java\\j2re1.4.2_06\\lib\\rt.jar';
    
        cur['java_1_4_bootclasspath'] = 'C:\\Program Files (x86)\\Java\\j2re1.4.2_06\\lib\\rt.jar';
    
        cur['java_1_5_bootclasspath'] = 'C:\\Program Files (x86)\\Java\\jdk1.5.0_22\\jre\\lib\\rt.jar';
    
        cur['java.awt.graphicsenv'] = 'sun.awt.Win32GraphicsEnvironment';
    
        cur['java.awt.printerjob'] = 'sun.awt.windows.WPrinterJob';
    
        cur['java.class.path'] = 'E:\\code\\topcoder_cockpit_project_milestone_struts_actions_1.0.0_dev_submission\\build\\testClasses;E:\\code\\tcs\\lib\\third_party\\junit\\4.7\\junit.jar;E:\\code\\tcs\\lib\\tcs\\base_exception\\2.0.0\\base_exception.jar;E:\\code\\tcs\\lib\\tcs\\topcoder_commons_utility\\1.0.0\\topcoder_commons_utility.jar;E:\\code\\topcoder_cockpit_project_milestone_struts_actions_1.0.0_dev_submission\\test_files\\dep_mock.jar;E:\\code\\tcs\\lib\\tcs\\shared\\shared.jar;E:\\code\\tcs\\lib\\tcs\\security\\security.jar;E:\\code\\topcoder_cockpit_project_milestone_struts_actions_1.0.0_dev_submission\\test_files\\services_mock.jar;E:\\code\\tcs\\lib\\third_party\\struts-2.2.3\\lib\\xwork-core-2.2.3.jar;E:\\code\\tcs\\lib\\third_party\\spring-framework-2.5\\spring.jar;E:\\code\\tcs\\lib\\third_party\\struts-2.2.3\\lib\\struts2-core-2.2.3.jar;E:\\code\\topcoder_cockpit_project_milestone_struts_actions_1.0.0_dev_submission\\build\\classes;E:\\code\\topcoder_cockpit_project_milestone_struts_actions_1.0.0_dev_submission\\test_files;E:\\code\\topcoder_cockpit_project_milestone_struts_actions_1.0.0_dev_submission\\conf;E:\\code\\topcoder_cockpit_project_milestone_struts_actions_1.0.0_dev_submission;C:\\Program Files\\Java\\jdk1.5.0_22\\lib\\dt.jar;C:\\Program Files\\Java\\jdk1.5.0_22\\lib\\tools.jar;D:\\PROGRA~1\\IBM\\SQLLIB\\java\\db2java.zip;D:\\PROGRA~1\\IBM\\SQLLIB\\java\\db2jcc.jar;D:\\PROGRA~1\\IBM\\SQLLIB\\java\\sqlj.zip;D:\\PROGRA~1\\IBM\\SQLLIB\\java\\db2jcc_license_cu.jar;D:\\PROGRA~1\\IBM\\SQLLIB\\bin;D:\\PROGRA~1\\IBM\\SQLLIB\\java\\common.jar;E:\\code\\dst_capacity_tools_scripts_file_transfer_1.0.0_dev_dist\\lib\\log4j-1.2.16.jar;E:\\development\\apache-ant-1.8.1\\lib\\ant-launcher.jar;E:\\development\\apache-ant-1.8.1\\lib\\ant.jar;E:\\development\\apache-ant-1.8.1\\lib\\ant-junit.jar';
    
        cur['java.class.version'] = '49.0';
    
        cur['java.endorsed.dirs'] = 'C:\\Program Files\\Java\\jdk1.5.0_22\\jre\\lib\\endorsed';
    
        cur['java.ext.dirs'] = 'C:\\Program Files\\Java\\jdk1.5.0_22\\jre\\lib\\ext';
    
        cur['java.home'] = 'C:\\Program Files\\Java\\jdk1.5.0_22\\jre';
    
        cur['java.io.tmpdir'] = 'C:\\Users\\tk\\AppData\\Local\\Temp\\';
    
        cur['java.library.path'] = 'C:\\Program Files\\Java\\jdk1.5.0_22\\jre\\bin;.;C:\\Windows\\system32;C:\\Windows;D:\\oracle\\app\\oracle\\product\\11.2.0\\server\\bin;;C:\\Program Files\\ibm\\gsk8\\lib;C:\\Program Files\\ibm\\gsk8\\bin;d:\\Program Files\\IBM\\Informix\\11.70\\bin;C:\\Windows\\system32;C:\\Windows;C:\\Windows\\System32\\Wbem;C:\\Windows\\System32\\WindowsPowerShell\\v1.0\\;C:\\Program Files\\Java\\jdk1.5.0_22\\bin;E:\\development\\apache-ant-1.8.1\\bin; E:\\development\\apache-ant-1.8.1\\lib ;C:\\Program Files\\Microsoft SQL Server\\90\\Tools\\binn\\;C:\\PROGRA~1\\ibm\\gsk7\\bin;C:\\PROGRA~1\\ibm\\gsk7\\lib;d:\\Program Files\\Bitvise Tunnelier;D:\\PROGRA~1\\IBM\\SQLLIB\\BIN;D:\\PROGRA~1\\IBM\\SQLLIB\\FUNCTION;D:\\PROGRA~1\\IBM\\SQLLIB\\SAMPLES\\REPL;d:\\Program Files\\OpenSSH\\bin';
    
        cur['java.runtime.name'] = 'Java(TM) 2 Runtime Environment, Standard Edition';
    
        cur['java.runtime.version'] = '1.5.0_22-b03';
    
        cur['java.specification.name'] = 'Java Platform API Specification';
    
        cur['java.specification.vendor'] = 'Sun Microsystems Inc.';
    
        cur['java.specification.version'] = '1.5';
    
        cur['java.vendor'] = 'Sun Microsystems Inc.';
    
        cur['java.vendor.url'] = 'http://java.sun.com/';
    
        cur['java.vendor.url.bug'] = 'http://java.sun.com/cgi-bin/bugreport.cgi';
    
        cur['java.version'] = '1.5.0_22';
    
        cur['java.vm.info'] = 'mixed mode, sharing';
    
        cur['java.vm.name'] = 'Java HotSpot(TM) Client VM';
    
        cur['java.vm.specification.name'] = 'Java Virtual Machine Specification';
    
        cur['java.vm.specification.vendor'] = 'Sun Microsystems Inc.';
    
        cur['java.vm.specification.version'] = '1.0';
    
        cur['java.vm.vendor'] = 'Sun Microsystems Inc.';
    
        cur['java.vm.version'] = '1.5.0_22-b03';
    
        cur['javac.encoding'] = 'UTF-8';
    
        cur['javadoc.jar'] = 'javadocs.jar';
    
        cur['javadoc.locale'] = 'en_US';
    
        cur['javadocsdir'] = 'docs/javadocs';
    
        cur['javamain'] = 'src/java/main';
    
        cur['javasrc'] = 'src/java';
    
        cur['javatests'] = 'src/java/tests';
    
        cur['junit.jar'] = '../tcs/lib/third_party/junit/4.7/junit.jar';
    
        cur['libdir'] = '../tcs/lib';
    
        cur['line.separator'] = ' ';
    
        cur['log4j.jar'] = '../tcs/lib/third_party/log4j/1.2.6/log4j-1.2.6.jar';
    
        cur['manifest_file'] = 'build/dist/topcoder_cockpit_project_milestone_struts_actions-1.0.0/META-INF//MANIFEST.MF';
    
        cur['manifest_file_path'] = 'build/dist/topcoder_cockpit_project_milestone_struts_actions-1.0.0/META-INF/';
    
        cur['os.arch'] = 'x86';
    
        cur['os.name'] = 'Windows 7';
    
        cur['os.version'] = '6.1';
    
        cur['package'] = 'com.topcoder.direct.actions.project.milestone';
    
        cur['packagedir'] = 'com/topcoder/direct/actions/project/milestone';
    
        cur['path.separator'] = ';';
    
        cur['reports'] = 'log/reports';
    
        cur['security.jar'] = '../tcs/lib/tcs/security/security.jar';
    
        cur['services_mock.jar'] = 'test_files/services_mock.jar';
    
        cur['shared.jar'] = '../tcs/lib/tcs/shared/shared.jar';
    
        cur['spring.jar'] = '../tcs/lib/third_party/spring-framework-2.5/spring.jar';
    
        cur['srcdir'] = 'src';
    
        cur['struts2-core.jar'] = '../tcs/lib/third_party/struts-2.2.3/lib/struts2-core-2.2.3.jar';
    
        cur['sun.arch.data.model'] = '32';
    
        cur['sun.boot.class.path'] = 'C:\\Program Files\\Java\\jdk1.5.0_22\\jre\\lib\\rt.jar;C:\\Program Files\\Java\\jdk1.5.0_22\\jre\\lib\\i18n.jar;C:\\Program Files\\Java\\jdk1.5.0_22\\jre\\lib\\sunrsasign.jar;C:\\Program Files\\Java\\jdk1.5.0_22\\jre\\lib\\jsse.jar;C:\\Program Files\\Java\\jdk1.5.0_22\\jre\\lib\\jce.jar;C:\\Program Files\\Java\\jdk1.5.0_22\\jre\\lib\\charsets.jar;C:\\Program Files\\Java\\jdk1.5.0_22\\jre\\classes';
    
        cur['sun.boot.library.path'] = 'C:\\Program Files\\Java\\jdk1.5.0_22\\jre\\bin';
    
        cur['sun.cpu.endian'] = 'little';
    
        cur['sun.cpu.isalist'] = 'pentium_pro+mmx pentium_pro pentium+mmx pentium i486 i386 i86';
    
        cur['sun.desktop'] = 'windows';
    
        cur['sun.io.unicode.encoding'] = 'UnicodeLittle';
    
        cur['sun.java.launcher'] = 'SUN_STANDARD';
    
        cur['sun.jnu.encoding'] = 'GBK';
    
        cur['sun.management.compiler'] = 'HotSpot Client Compiler';
    
        cur['sun.os.patch.level'] = '';
    
        cur['target_libdir'] = '../tcs/lib/tcs';
    
        cur['tcs_libdir'] = '../tcs/lib/tcs';
    
        cur['test_reflib'] = 'test_reflib';
    
        cur['testfiles'] = 'test_files';
    
        cur['testlogdir'] = 'log';
    
        cur['topcoder_commons_utility.jar'] = '../tcs/lib/tcs/topcoder_commons_utility/1.0.0/topcoder_commons_utility.jar';
    
        cur['user.country'] = 'CN';
    
        cur['user.dir'] = 'E:\\code\\topcoder_cockpit_project_milestone_struts_actions_1.0.0_dev_submission';
    
        cur['user.home'] = 'C:\\Users\\tk';
    
        cur['user.language'] = 'zh';
    
        cur['user.name'] = 'tk';
    
        cur['user.timezone'] = '';
    
        cur['user.variant'] = '';
    
        cur['verbose'] = 'no';
    
        cur['xwork-core.jar'] = '../tcs/lib/third_party/struts-2.2.3/lib/xwork-core-2.2.3.jar';
    </script><script type="text/javascript" language="JavaScript">
        function displayProperties (name) {
          var win = window.open('','JUnitSystemProperties','scrollbars=1,resizable=1');
          var doc = win.document;
          doc.open();
          doc.write("<html><head><title>Properties of " + name + "</title>");
          doc.write("<style type=\"text/css\">");
          doc.write("body {font:normal 68% verdana,arial,helvetica; color:#000000; }");
          doc.write("table tr td, table tr th { font-size: 68%; }");
          doc.write("table.properties { border-collapse:collapse; border-left:solid 1 #cccccc; border-top:solid 1 #cccccc; padding:5px; }");
          doc.write("table.properties th { text-align:left; border-right:solid 1 #cccccc; border-bottom:solid 1 #cccccc; background-color:#eeeeee; }");
          doc.write("table.properties td { font:normal; text-align:left; border-right:solid 1 #cccccc; border-bottom:solid 1 #cccccc; background-color:#fffffff; }");
          doc.write("h3 { margin-bottom: 0.5em; font: bold 115% verdana,arial,helvetica }");
          doc.write("</style>");
          doc.write("</head><body>");
          doc.write("<h3>Properties of " + name + "</h3>");
          doc.write("<div align=\"right\"><a href=\"javascript:window.close();\">Close</a></div>");
          doc.write("<table class='properties'>");
          doc.write("<tr><th>Name</th><th>Value</th></tr>");
          for (prop in TestCases[name]) {
            doc.write("<tr><th>" + prop + "</th><td>" + TestCases[name][prop] + "</td></tr>");
          }
          doc.write("</table>");
          doc.write("</body></html>");
          doc.close();
          win.focus();
        }
      
      </script>
</head>
<body>
<h1>Unit Test Results.</h1>
<table width="100%">
<tr>
<td align="left"></td><td align="right">Designed for use with <a href="http://www.junit.org/">JUnit</a> and <a href="http://ant.apache.org/">Ant</a>.</td>
</tr>
</table>
<hr size="1">
<h3>Class com.topcoder.direct.actions.project.milestone.AllTests</h3>
<table class="details" border="0" cellpadding="5" cellspacing="2" width="95%">
<tr valign="top">
<th width="80%">Name</th><th>Tests</th><th>Errors</th><th>Failures</th><th nowrap="nowrap">Time(s)</th><th nowrap="nowrap">Time Stamp</th><th>Host</th>
</tr>
<tr valign="top" class="Error">
<td><a title="Display all tests" href="0_AllTests.html">AllTests</a></td><td><a title="Display all tests" href="0_AllTests.html">119</a></td><td><a title="Display only errors" href="0_AllTests-errors.html">42</a></td><td>0</td><td>4.156</td><td>2011-12-25T07:36:47</td><td>tk-pc</td>
</tr>
</table>
<h2>Errors</h2>
<table class="details" border="0" cellpadding="5" cellspacing="2" width="95%">
<tr valign="top">
<th>Name</th><th>Status</th><th width="80%">Type</th><th nowrap="nowrap">Time(s)</th>
</tr>
<tr valign="top" class="Error">
<td><a name="testExecuteActionAccuracy"></a>testExecuteActionAccuracy</td><td>Error</td><td>org/apache/commons/logging/LogFactory<br>
<br>
<code>java.lang.NoClassDefFoundError: org/apache/commons/logging/LogFactory<br>	at org.springframework.util.ClassUtils.&lt;clinit&gt;(ClassUtils.java:73)<br>	at org.springframework.core.io.DefaultResourceLoader.&lt;init&gt;(DefaultResourceLoader.java:52)<br>	at org.springframework.context.support.AbstractApplicationContext.&lt;init&gt;(AbstractApplicationContext.java:198)<br>	at org.springframework.context.support.AbstractRefreshableApplicationContext.&lt;init&gt;(AbstractRefreshableApplicationContext.java:80)<br>	at org.springframework.context.support.AbstractXmlApplicationContext.&lt;init&gt;(AbstractXmlApplicationContext.java:58)<br>	at org.springframework.context.support.ClassPathXmlApplicationContext.&lt;init&gt;(ClassPathXmlApplicationContext.java:119)<br>	at org.springframework.context.support.ClassPathXmlApplicationContext.&lt;init&gt;(ClassPathXmlApplicationContext.java:66)<br>	at com.topcoder.direct.actions.project.milestone.TestHelper.&lt;clinit&gt;(TestHelper.java:39)<br>	at com.topcoder.direct.actions.project.milestone.UpdateMilestonesActionTest.testExecuteActionAccuracy(UpdateMilestonesActionTest.java:138)<br>
</code></td><td>0.099</td>
</tr>
<tr valign="top" class="Error">
<td><a name="testExecuteActionFailure4"></a>testExecuteActionFailure4</td><td>Error</td><td>Unexpected exception, expected&lt;java.lang.IllegalArgumentException&gt; but was&lt;java.lang.NoClassDefFoundError&gt;<br>
<br>
<code>java.lang.Exception: Unexpected exception, expected&lt;java.lang.IllegalArgumentException&gt; but was&lt;java.lang.NoClassDefFoundError&gt;<br>Caused by: java.lang.NoClassDefFoundError<br>	at com.topcoder.direct.actions.project.milestone.UpdateMilestonesActionTest.testExecuteActionFailure4(UpdateMilestonesActionTest.java:218)<br>
</code></td><td>0.004</td>
</tr>
<tr valign="top" class="Error">
<td><a name="testExecuteActionFailure5"></a>testExecuteActionFailure5</td><td>Error</td><td>Unexpected exception, expected&lt;java.lang.IllegalArgumentException&gt; but was&lt;java.lang.NoClassDefFoundError&gt;<br>
<br>
<code>java.lang.Exception: Unexpected exception, expected&lt;java.lang.IllegalArgumentException&gt; but was&lt;java.lang.NoClassDefFoundError&gt;<br>Caused by: java.lang.NoClassDefFoundError<br>	at com.topcoder.direct.actions.project.milestone.UpdateMilestonesActionTest.testExecuteActionFailure5(UpdateMilestonesActionTest.java:237)<br>
</code></td><td>0.096</td>
</tr>
<tr valign="top" class="Error">
<td><a name="testExecuteActionFailure6"></a>testExecuteActionFailure6</td><td>Error</td><td>Unexpected exception, expected&lt;java.lang.IllegalArgumentException&gt; but was&lt;java.lang.NoClassDefFoundError&gt;<br>
<br>
<code>java.lang.Exception: Unexpected exception, expected&lt;java.lang.IllegalArgumentException&gt; but was&lt;java.lang.NoClassDefFoundError&gt;<br>Caused by: java.lang.NoClassDefFoundError<br>	at com.topcoder.direct.actions.project.milestone.UpdateMilestonesActionTest.testExecuteActionFailure6(UpdateMilestonesActionTest.java:256)<br>
</code></td><td>0.003</td>
</tr>
<tr valign="top" class="Error">
<td><a name="testExecuteActionFailure7"></a>testExecuteActionFailure7</td><td>Error</td><td>Unexpected exception, expected&lt;java.lang.IllegalArgumentException&gt; but was&lt;java.lang.NoClassDefFoundError&gt;<br>
<br>
<code>java.lang.Exception: Unexpected exception, expected&lt;java.lang.IllegalArgumentException&gt; but was&lt;java.lang.NoClassDefFoundError&gt;<br>Caused by: java.lang.NoClassDefFoundError<br>	at com.topcoder.direct.actions.project.milestone.UpdateMilestonesActionTest.testExecuteActionFailure7(UpdateMilestonesActionTest.java:275)<br>
</code></td><td>0.098</td>
</tr>
<tr valign="top" class="Error">
<td><a name="testExecuteActionFailure8"></a>testExecuteActionFailure8</td><td>Error</td><td>Unexpected exception, expected&lt;java.lang.IllegalArgumentException&gt; but was&lt;java.lang.NoClassDefFoundError&gt;<br>
<br>
<code>java.lang.Exception: Unexpected exception, expected&lt;java.lang.IllegalArgumentException&gt; but was&lt;java.lang.NoClassDefFoundError&gt;<br>Caused by: java.lang.NoClassDefFoundError<br>	at com.topcoder.direct.actions.project.milestone.UpdateMilestonesActionTest.testExecuteActionFailure8(UpdateMilestonesActionTest.java:294)<br>
</code></td><td>0.002</td>
</tr>
<tr valign="top" class="Error">
<td><a name="testExecuteActionFailure9"></a>testExecuteActionFailure9</td><td>Error</td><td>Unexpected exception, expected&lt;java.lang.IllegalArgumentException&gt; but was&lt;java.lang.NoClassDefFoundError&gt;<br>
<br>
<code>java.lang.Exception: Unexpected exception, expected&lt;java.lang.IllegalArgumentException&gt; but was&lt;java.lang.NoClassDefFoundError&gt;<br>Caused by: java.lang.NoClassDefFoundError<br>	at com.topcoder.direct.actions.project.milestone.UpdateMilestonesActionTest.testExecuteActionFailure9(UpdateMilestonesActionTest.java:313)<br>
</code></td><td>0.097</td>
</tr>
<tr valign="top" class="Error">
<td><a name="testExecuteActionFailure10"></a>testExecuteActionFailure10</td><td>Error</td><td>Unexpected exception, expected&lt;java.lang.IllegalArgumentException&gt; but was&lt;java.lang.NoClassDefFoundError&gt;<br>
<br>
<code>java.lang.Exception: Unexpected exception, expected&lt;java.lang.IllegalArgumentException&gt; but was&lt;java.lang.NoClassDefFoundError&gt;<br>Caused by: java.lang.NoClassDefFoundError<br>	at com.topcoder.direct.actions.project.milestone.UpdateMilestonesActionTest.testExecuteActionFailure10(UpdateMilestonesActionTest.java:332)<br>
</code></td><td>0.003</td>
</tr>
<tr valign="top" class="Error">
<td><a name="testExecuteActionFailure11"></a>testExecuteActionFailure11</td><td>Error</td><td>Unexpected exception, expected&lt;java.lang.IllegalArgumentException&gt; but was&lt;java.lang.NoClassDefFoundError&gt;<br>
<br>
<code>java.lang.Exception: Unexpected exception, expected&lt;java.lang.IllegalArgumentException&gt; but was&lt;java.lang.NoClassDefFoundError&gt;<br>Caused by: java.lang.NoClassDefFoundError<br>	at com.topcoder.direct.actions.project.milestone.UpdateMilestonesActionTest.testExecuteActionFailure11(UpdateMilestonesActionTest.java:351)<br>
</code></td><td>0.097</td>
</tr>
<tr valign="top" class="Error">
<td><a name="testExecuteActionFailure12"></a>testExecuteActionFailure12</td><td>Error</td><td>Unexpected exception, expected&lt;java.lang.IllegalArgumentException&gt; but was&lt;java.lang.NoClassDefFoundError&gt;<br>
<br>
<code>java.lang.Exception: Unexpected exception, expected&lt;java.lang.IllegalArgumentException&gt; but was&lt;java.lang.NoClassDefFoundError&gt;<br>Caused by: java.lang.NoClassDefFoundError<br>	at com.topcoder.direct.actions.project.milestone.UpdateMilestonesActionTest.testExecuteActionFailure12(UpdateMilestonesActionTest.java:371)<br>
</code></td><td>0.003</td>
</tr>
<tr valign="top" class="Error">
<td><a name="testExecuteActionFailure13"></a>testExecuteActionFailure13</td><td>Error</td><td>Unexpected exception, expected&lt;java.lang.IllegalArgumentException&gt; but was&lt;java.lang.NoClassDefFoundError&gt;<br>
<br>
<code>java.lang.Exception: Unexpected exception, expected&lt;java.lang.IllegalArgumentException&gt; but was&lt;java.lang.NoClassDefFoundError&gt;<br>Caused by: java.lang.NoClassDefFoundError<br>	at com.topcoder.direct.actions.project.milestone.UpdateMilestonesActionTest.testExecuteActionFailure13(UpdateMilestonesActionTest.java:393)<br>
</code></td><td>0.096</td>
</tr>
<tr valign="top" class="Error">
<td><a name="testExecuteActionFailure14"></a>testExecuteActionFailure14</td><td>Error</td><td>N/A<br>
<br>
<code>java.lang.NoClassDefFoundError<br>	at com.topcoder.direct.actions.project.milestone.UpdateMilestonesActionTest.testExecuteActionFailure14(UpdateMilestonesActionTest.java:418)<br>
</code></td><td>0.002</td>
</tr>
<tr valign="top" class="Error">
<td><a name="testExecuteActionFailure15"></a>testExecuteActionFailure15</td><td>Error</td><td>N/A<br>
<br>
<code>java.lang.NoClassDefFoundError<br>	at com.topcoder.direct.actions.project.milestone.UpdateMilestonesActionTest.testExecuteActionFailure15(UpdateMilestonesActionTest.java:444)<br>
</code></td><td>0.001</td>
</tr>
<tr valign="top" class="Error">
<td><a name="testExecuteActionAccuracy"></a>testExecuteActionAccuracy</td><td>Error</td><td>N/A<br>
<br>
<code>java.lang.NoClassDefFoundError<br>	at com.topcoder.direct.actions.project.milestone.CreateMilestonesActionTest.testExecuteActionAccuracy(CreateMilestonesActionTest.java:138)<br>
</code></td><td>0.002</td>
</tr>
<tr valign="top" class="Error">
<td><a name="testExecuteActionFailure4"></a>testExecuteActionFailure4</td><td>Error</td><td>Unexpected exception, expected&lt;java.lang.IllegalArgumentException&gt; but was&lt;java.lang.NoClassDefFoundError&gt;<br>
<br>
<code>java.lang.Exception: Unexpected exception, expected&lt;java.lang.IllegalArgumentException&gt; but was&lt;java.lang.NoClassDefFoundError&gt;<br>Caused by: java.lang.NoClassDefFoundError<br>	at com.topcoder.direct.actions.project.milestone.CreateMilestonesActionTest.testExecuteActionFailure4(CreateMilestonesActionTest.java:214)<br>
</code></td><td>0.002</td>
</tr>
<tr valign="top" class="Error">
<td><a name="testExecuteActionFailure5"></a>testExecuteActionFailure5</td><td>Error</td><td>Unexpected exception, expected&lt;java.lang.IllegalArgumentException&gt; but was&lt;java.lang.NoClassDefFoundError&gt;<br>
<br>
<code>java.lang.Exception: Unexpected exception, expected&lt;java.lang.IllegalArgumentException&gt; but was&lt;java.lang.NoClassDefFoundError&gt;<br>Caused by: java.lang.NoClassDefFoundError<br>	at com.topcoder.direct.actions.project.milestone.CreateMilestonesActionTest.testExecuteActionFailure5(CreateMilestonesActionTest.java:233)<br>
</code></td><td>0.003</td>
</tr>
<tr valign="top" class="Error">
<td><a name="testExecuteActionFailure6"></a>testExecuteActionFailure6</td><td>Error</td><td>Unexpected exception, expected&lt;java.lang.IllegalArgumentException&gt; but was&lt;java.lang.NoClassDefFoundError&gt;<br>
<br>
<code>java.lang.Exception: Unexpected exception, expected&lt;java.lang.IllegalArgumentException&gt; but was&lt;java.lang.NoClassDefFoundError&gt;<br>Caused by: java.lang.NoClassDefFoundError<br>	at com.topcoder.direct.actions.project.milestone.CreateMilestonesActionTest.testExecuteActionFailure6(CreateMilestonesActionTest.java:252)<br>
</code></td><td>0.096</td>
</tr>
<tr valign="top" class="Error">
<td><a name="testExecuteActionFailure7"></a>testExecuteActionFailure7</td><td>Error</td><td>Unexpected exception, expected&lt;java.lang.IllegalArgumentException&gt; but was&lt;java.lang.NoClassDefFoundError&gt;<br>
<br>
<code>java.lang.Exception: Unexpected exception, expected&lt;java.lang.IllegalArgumentException&gt; but was&lt;java.lang.NoClassDefFoundError&gt;<br>Caused by: java.lang.NoClassDefFoundError<br>	at com.topcoder.direct.actions.project.milestone.CreateMilestonesActionTest.testExecuteActionFailure7(CreateMilestonesActionTest.java:271)<br>
</code></td><td>0.008</td>
</tr>
<tr valign="top" class="Error">
<td><a name="testExecuteActionFailure8"></a>testExecuteActionFailure8</td><td>Error</td><td>Unexpected exception, expected&lt;java.lang.IllegalArgumentException&gt; but was&lt;java.lang.NoClassDefFoundError&gt;<br>
<br>
<code>java.lang.Exception: Unexpected exception, expected&lt;java.lang.IllegalArgumentException&gt; but was&lt;java.lang.NoClassDefFoundError&gt;<br>Caused by: java.lang.NoClassDefFoundError<br>	at com.topcoder.direct.actions.project.milestone.CreateMilestonesActionTest.testExecuteActionFailure8(CreateMilestonesActionTest.java:290)<br>
</code></td><td>0.096</td>
</tr>
<tr valign="top" class="Error">
<td><a name="testExecuteActionFailure9"></a>testExecuteActionFailure9</td><td>Error</td><td>Unexpected exception, expected&lt;java.lang.IllegalArgumentException&gt; but was&lt;java.lang.NoClassDefFoundError&gt;<br>
<br>
<code>java.lang.Exception: Unexpected exception, expected&lt;java.lang.IllegalArgumentException&gt; but was&lt;java.lang.NoClassDefFoundError&gt;<br>Caused by: java.lang.NoClassDefFoundError<br>	at com.topcoder.direct.actions.project.milestone.CreateMilestonesActionTest.testExecuteActionFailure9(CreateMilestonesActionTest.java:309)<br>
</code></td><td>0.032</td>
</tr>
<tr valign="top" class="Error">
<td><a name="testExecuteActionFailure10"></a>testExecuteActionFailure10</td><td>Error</td><td>Unexpected exception, expected&lt;java.lang.IllegalArgumentException&gt; but was&lt;java.lang.NoClassDefFoundError&gt;<br>
<br>
<code>java.lang.Exception: Unexpected exception, expected&lt;java.lang.IllegalArgumentException&gt; but was&lt;java.lang.NoClassDefFoundError&gt;<br>Caused by: java.lang.NoClassDefFoundError<br>	at com.topcoder.direct.actions.project.milestone.CreateMilestonesActionTest.testExecuteActionFailure10(CreateMilestonesActionTest.java:328)<br>
</code></td><td>0.067</td>
</tr>
<tr valign="top" class="Error">
<td><a name="testExecuteActionFailure11"></a>testExecuteActionFailure11</td><td>Error</td><td>Unexpected exception, expected&lt;java.lang.IllegalArgumentException&gt; but was&lt;java.lang.NoClassDefFoundError&gt;<br>
<br>
<code>java.lang.Exception: Unexpected exception, expected&lt;java.lang.IllegalArgumentException&gt; but was&lt;java.lang.NoClassDefFoundError&gt;<br>Caused by: java.lang.NoClassDefFoundError<br>	at com.topcoder.direct.actions.project.milestone.CreateMilestonesActionTest.testExecuteActionFailure11(CreateMilestonesActionTest.java:347)<br>
</code></td><td>0.002</td>
</tr>
<tr valign="top" class="Error">
<td><a name="testExecuteActionFailure12"></a>testExecuteActionFailure12</td><td>Error</td><td>Unexpected exception, expected&lt;java.lang.IllegalArgumentException&gt; but was&lt;java.lang.NoClassDefFoundError&gt;<br>
<br>
<code>java.lang.Exception: Unexpected exception, expected&lt;java.lang.IllegalArgumentException&gt; but was&lt;java.lang.NoClassDefFoundError&gt;<br>Caused by: java.lang.NoClassDefFoundError<br>	at com.topcoder.direct.actions.project.milestone.CreateMilestonesActionTest.testExecuteActionFailure12(CreateMilestonesActionTest.java:367)<br>
</code></td><td>0.099</td>
</tr>
<tr valign="top" class="Error">
<td><a name="testExecuteActionFailure13"></a>testExecuteActionFailure13</td><td>Error</td><td>Unexpected exception, expected&lt;java.lang.IllegalArgumentException&gt; but was&lt;java.lang.NoClassDefFoundError&gt;<br>
<br>
<code>java.lang.Exception: Unexpected exception, expected&lt;java.lang.IllegalArgumentException&gt; but was&lt;java.lang.NoClassDefFoundError&gt;<br>Caused by: java.lang.NoClassDefFoundError<br>	at com.topcoder.direct.actions.project.milestone.CreateMilestonesActionTest.testExecuteActionFailure13(CreateMilestonesActionTest.java:389)<br>
</code></td><td>0.002</td>
</tr>
<tr valign="top" class="Error">
<td><a name="testExecuteActionFailure14"></a>testExecuteActionFailure14</td><td>Error</td><td>N/A<br>
<br>
<code>java.lang.NoClassDefFoundError<br>	at com.topcoder.direct.actions.project.milestone.CreateMilestonesActionTest.testExecuteActionFailure14(CreateMilestonesActionTest.java:414)<br>
</code></td><td>0.095</td>
</tr>
<tr valign="top" class="Error">
<td><a name="testExecuteActionFailure15"></a>testExecuteActionFailure15</td><td>Error</td><td>N/A<br>
<br>
<code>java.lang.NoClassDefFoundError<br>	at com.topcoder.direct.actions.project.milestone.CreateMilestonesActionTest.testExecuteActionFailure15(CreateMilestonesActionTest.java:440)<br>
</code></td><td>0.002</td>
</tr>
<tr valign="top" class="Error">
<td><a name="testExecuteActionAccuracy"></a>testExecuteActionAccuracy</td><td>Error</td><td>N/A<br>
<br>
<code>java.lang.NoClassDefFoundError<br>	at com.topcoder.direct.actions.project.milestone.DeleteMilestonesActionTest.testExecuteActionAccuracy(DeleteMilestonesActionTest.java:158)<br>
</code></td><td>0.002</td>
</tr>
<tr valign="top" class="Error">
<td><a name="testExecuteActionFailure3"></a>testExecuteActionFailure3</td><td>Error</td><td>Unexpected exception, expected&lt;java.lang.IllegalArgumentException&gt; but was&lt;java.lang.NoClassDefFoundError&gt;<br>
<br>
<code>java.lang.Exception: Unexpected exception, expected&lt;java.lang.IllegalArgumentException&gt; but was&lt;java.lang.NoClassDefFoundError&gt;<br>Caused by: java.lang.NoClassDefFoundError<br>	at com.topcoder.direct.actions.project.milestone.DeleteMilestonesActionTest.testExecuteActionFailure3(DeleteMilestonesActionTest.java:211)<br>
</code></td><td>0.001</td>
</tr>
<tr valign="top" class="Error">
<td><a name="testExecuteActionFailure4"></a>testExecuteActionFailure4</td><td>Error</td><td>Unexpected exception, expected&lt;java.lang.IllegalArgumentException&gt; but was&lt;java.lang.NoClassDefFoundError&gt;<br>
<br>
<code>java.lang.Exception: Unexpected exception, expected&lt;java.lang.IllegalArgumentException&gt; but was&lt;java.lang.NoClassDefFoundError&gt;<br>Caused by: java.lang.NoClassDefFoundError<br>	at com.topcoder.direct.actions.project.milestone.DeleteMilestonesActionTest.testExecuteActionFailure4(DeleteMilestonesActionTest.java:228)<br>
</code></td><td>0.098</td>
</tr>
<tr valign="top" class="Error">
<td><a name="testExecuteActionFailure5"></a>testExecuteActionFailure5</td><td>Error</td><td>N/A<br>
<br>
<code>java.lang.NoClassDefFoundError<br>	at com.topcoder.direct.actions.project.milestone.DeleteMilestonesActionTest.testExecuteActionFailure5(DeleteMilestonesActionTest.java:254)<br>
</code></td><td>0.004</td>
</tr>
<tr valign="top" class="Error">
<td><a name="testExecuteActionFailure6"></a>testExecuteActionFailure6</td><td>Error</td><td>N/A<br>
<br>
<code>java.lang.NoClassDefFoundError<br>	at com.topcoder.direct.actions.project.milestone.DeleteMilestonesActionTest.testExecuteActionFailure6(DeleteMilestonesActionTest.java:283)<br>
</code></td><td>0.001</td>
</tr>
<tr valign="top" class="Error">
<td><a name="testExecuteActionAccuracy"></a>testExecuteActionAccuracy</td><td>Error</td><td>N/A<br>
<br>
<code>java.lang.NoClassDefFoundError<br>	at com.topcoder.direct.actions.project.milestone.GetAllMilestonesInMonthActionTest.testExecuteActionAccuracy(GetAllMilestonesInMonthActionTest.java:224)<br>
</code></td><td>0.002</td>
</tr>
<tr valign="top" class="Error">
<td><a name="testExecuteActionFailure1"></a>testExecuteActionFailure1</td><td>Error</td><td>Unexpected exception, expected&lt;java.lang.IllegalArgumentException&gt; but was&lt;java.lang.NoClassDefFoundError&gt;<br>
<br>
<code>java.lang.Exception: Unexpected exception, expected&lt;java.lang.IllegalArgumentException&gt; but was&lt;java.lang.NoClassDefFoundError&gt;<br>Caused by: java.lang.NoClassDefFoundError<br>	at com.topcoder.direct.actions.project.milestone.GetAllMilestonesInMonthActionTest.testExecuteActionFailure1(GetAllMilestonesInMonthActionTest.java:249)<br>
</code></td><td>0.001</td>
</tr>
<tr valign="top" class="Error">
<td><a name="testExecuteActionFailure2"></a>testExecuteActionFailure2</td><td>Error</td><td>Unexpected exception, expected&lt;java.lang.IllegalArgumentException&gt; but was&lt;java.lang.NoClassDefFoundError&gt;<br>
<br>
<code>java.lang.Exception: Unexpected exception, expected&lt;java.lang.IllegalArgumentException&gt; but was&lt;java.lang.NoClassDefFoundError&gt;<br>Caused by: java.lang.NoClassDefFoundError<br>	at com.topcoder.direct.actions.project.milestone.GetAllMilestonesInMonthActionTest.testExecuteActionFailure2(GetAllMilestonesInMonthActionTest.java:266)<br>
</code></td><td>0.003</td>
</tr>
<tr valign="top" class="Error">
<td><a name="testExecuteActionFailure3"></a>testExecuteActionFailure3</td><td>Error</td><td>Unexpected exception, expected&lt;java.lang.IllegalArgumentException&gt; but was&lt;java.lang.NoClassDefFoundError&gt;<br>
<br>
<code>java.lang.Exception: Unexpected exception, expected&lt;java.lang.IllegalArgumentException&gt; but was&lt;java.lang.NoClassDefFoundError&gt;<br>Caused by: java.lang.NoClassDefFoundError<br>	at com.topcoder.direct.actions.project.milestone.GetAllMilestonesInMonthActionTest.testExecuteActionFailure3(GetAllMilestonesInMonthActionTest.java:283)<br>
</code></td><td>0.097</td>
</tr>
<tr valign="top" class="Error">
<td><a name="testExecuteActionFailure4"></a>testExecuteActionFailure4</td><td>Error</td><td>Unexpected exception, expected&lt;java.lang.IllegalArgumentException&gt; but was&lt;java.lang.NoClassDefFoundError&gt;<br>
<br>
<code>java.lang.Exception: Unexpected exception, expected&lt;java.lang.IllegalArgumentException&gt; but was&lt;java.lang.NoClassDefFoundError&gt;<br>Caused by: java.lang.NoClassDefFoundError<br>	at com.topcoder.direct.actions.project.milestone.GetAllMilestonesInMonthActionTest.testExecuteActionFailure4(GetAllMilestonesInMonthActionTest.java:300)<br>
</code></td><td>0.003</td>
</tr>
<tr valign="top" class="Error">
<td><a name="testExecuteActionAccuracy"></a>testExecuteActionAccuracy</td><td>Error</td><td>N/A<br>
<br>
<code>java.lang.NoClassDefFoundError<br>	at com.topcoder.direct.actions.project.milestone.GetAllMilestonesActionTest.testExecuteActionAccuracy(GetAllMilestonesActionTest.java:203)<br>
</code></td><td>0.098</td>
</tr>
<tr valign="top" class="Error">
<td><a name="testExecuteActionFailure1"></a>testExecuteActionFailure1</td><td>Error</td><td>Unexpected exception, expected&lt;java.lang.IllegalArgumentException&gt; but was&lt;java.lang.NoClassDefFoundError&gt;<br>
<br>
<code>java.lang.Exception: Unexpected exception, expected&lt;java.lang.IllegalArgumentException&gt; but was&lt;java.lang.NoClassDefFoundError&gt;<br>Caused by: java.lang.NoClassDefFoundError<br>	at com.topcoder.direct.actions.project.milestone.GetAllMilestonesActionTest.testExecuteActionFailure1(GetAllMilestonesActionTest.java:228)<br>
</code></td><td>0.002</td>
</tr>
<tr valign="top" class="Error">
<td><a name="testExecuteActionFailure2"></a>testExecuteActionFailure2</td><td>Error</td><td>Unexpected exception, expected&lt;java.lang.IllegalArgumentException&gt; but was&lt;java.lang.NoClassDefFoundError&gt;<br>
<br>
<code>java.lang.Exception: Unexpected exception, expected&lt;java.lang.IllegalArgumentException&gt; but was&lt;java.lang.NoClassDefFoundError&gt;<br>Caused by: java.lang.NoClassDefFoundError<br>	at com.topcoder.direct.actions.project.milestone.GetAllMilestonesActionTest.testExecuteActionFailure2(GetAllMilestonesActionTest.java:245)<br>
</code></td><td>0.098</td>
</tr>
<tr valign="top" class="Error">
<td><a name="testExecuteActionAccuracy"></a>testExecuteActionAccuracy</td><td>Error</td><td>N/A<br>
<br>
<code>java.lang.NoClassDefFoundError<br>	at com.topcoder.direct.actions.project.milestone.LoadMilestonesActionTest.testExecuteActionAccuracy(LoadMilestonesActionTest.java:245)<br>
</code></td><td>0.001</td>
</tr>
<tr valign="top" class="Error">
<td><a name="testExecuteActionFailure3"></a>testExecuteActionFailure3</td><td>Error</td><td>Unexpected exception, expected&lt;java.lang.IllegalArgumentException&gt; but was&lt;java.lang.NoClassDefFoundError&gt;<br>
<br>
<code>java.lang.Exception: Unexpected exception, expected&lt;java.lang.IllegalArgumentException&gt; but was&lt;java.lang.NoClassDefFoundError&gt;<br>Caused by: java.lang.NoClassDefFoundError<br>	at com.topcoder.direct.actions.project.milestone.LoadMilestonesActionTest.testExecuteActionFailure3(LoadMilestonesActionTest.java:302)<br>
</code></td><td>0.003</td>
</tr>
<tr valign="top" class="Error">
<td><a name="testExecuteActionFailure4"></a>testExecuteActionFailure4</td><td>Error</td><td>Unexpected exception, expected&lt;java.lang.IllegalArgumentException&gt; but was&lt;java.lang.NoClassDefFoundError&gt;<br>
<br>
<code>java.lang.Exception: Unexpected exception, expected&lt;java.lang.IllegalArgumentException&gt; but was&lt;java.lang.NoClassDefFoundError&gt;<br>Caused by: java.lang.NoClassDefFoundError<br>	at com.topcoder.direct.actions.project.milestone.LoadMilestonesActionTest.testExecuteActionFailure4(LoadMilestonesActionTest.java:319)<br>
</code></td><td>0.001</td>
</tr>
</table>
<div class="Properties">
<a href="javascript:displayProperties('com.topcoder.direct.actions.project.milestone.AllTests');">
                    Properties &raquo;
                </a>
</div>
</body>
</html>
