<?xml version="1.0" encoding="UTF-8" ?>
<testsuite errors="0" failures="0" name="com.topcoder.service.digitalrun.contest.UnitTests" tests="172" time="8.531">
  <properties>
[...]
</properties>
  <testcase classname="com.topcoder.service.digitalrun.contest.HelperUnitTests" name="testGetChild_NullConfigurationObject" time="0.031"></testcase>
  <testcase classname="com.topcoder.service.digitalrun.contest.HelperUnitTests" name="testGetChild_NullChildName" time="0.0"></testcase>
  <testcase classname="com.topcoder.service.digitalrun.contest.HelperUnitTests" name="testGetChild_EmptyChildName" time="0.0"></testcase>
  <testcase classname="com.topcoder.service.digitalrun.contest.HelperUnitTests" name="testGetChild_ChildNotExist" time="0.0"></testcase>
  <testcase classname="com.topcoder.service.digitalrun.contest.HelperUnitTests" name="testGetChild_Acc" time="0.0"></testcase>
  <testcase classname="com.topcoder.service.digitalrun.contest.HelperUnitTests" name="testGetConfigString_NullConfigurationObject" time="0.0"></testcase>
  <testcase classname="com.topcoder.service.digitalrun.contest.HelperUnitTests" name="testGetConfigString_NullPropertyName" time="0.0"></testcase>
  <testcase classname="com.topcoder.service.digitalrun.contest.HelperUnitTests" name="testGetConfigString_EmptyPropertyName" time="0.0"></testcase>
  <testcase classname="com.topcoder.service.digitalrun.contest.HelperUnitTests" name="testGetConfigString_ValueNotTypeOfString" time="0.0"></testcase>
  <testcase classname="com.topcoder.service.digitalrun.contest.HelperUnitTests" name="testGetConfigString_EmptyValue" time="0.0"></testcase>
  <testcase classname="com.topcoder.service.digitalrun.contest.HelperUnitTests" name="testGetConfigString_RequiredPropertyNotExist" time="0.0"></testcase>
  <testcase classname="com.topcoder.service.digitalrun.contest.HelperUnitTests" name="testGetConfigString_MultipleValues" time="0.0"></testcase>
  <testcase classname="com.topcoder.service.digitalrun.contest.HelperUnitTests" name="testGetConfigString_Acc_1" time="0.0"></testcase>
  <testcase classname="com.topcoder.service.digitalrun.contest.HelperUnitTests" name="testGetConfigString_Acc_2" time="0.0"></testcase>
  <testcase classname="com.topcoder.service.digitalrun.contest.HelperUnitTests" name="testLookupENC_NotString" time="0.015"></testcase>
  <testcase classname="com.topcoder.service.digitalrun.contest.HelperUnitTests" name="testLookupENC_EmptyValue" time="0.0"></testcase>
  <testcase classname="com.topcoder.service.digitalrun.contest.HelperUnitTests" name="testGetEntityManager_NotEntityManager" time="0.0"></testcase>
  <testcase classname="com.topcoder.service.digitalrun.contest.HelperUnitTests" name="testGetEntityManager_NullObjectBound" time="0.0"></testcase>
  <testcase classname="com.topcoder.service.digitalrun.contest.HelperUnitTests" name="testLogEnter_NullLogger" time="0.0"></testcase>
  <testcase classname="com.topcoder.service.digitalrun.contest.HelperUnitTests" name="testLogExit_NullLogger" time="0.0"></testcase>
  <testcase classname="com.topcoder.service.digitalrun.contest.HelperUnitTests" name="testLogException_NullLogger" time="0.0"></testcase>
  <testcase classname="com.topcoder.service.digitalrun.contest.ContestManagerConfigurationExceptionUnitTests" name="testInheritance" time="0.0"></testcase>
  <testcase classname="com.topcoder.service.digitalrun.contest.ContestManagerConfigurationExceptionUnitTests" name="testCtor1" time="0.0"></testcase>
  <testcase classname="com.topcoder.service.digitalrun.contest.ContestManagerConfigurationExceptionUnitTests" name="testCtor2" time="0.0"></testcase>
  <testcase classname="com.topcoder.service.digitalrun.contest.ContestManagerConfigurationExceptionUnitTests" name="testCtor3" time="0.0"></testcase>
  <testcase classname="com.topcoder.service.digitalrun.contest.ContestManagerConfigurationExceptionUnitTests" name="testCtor4" time="0.0"></testcase>
  <testcase classname="com.topcoder.service.digitalrun.contest.DigitalRunContestManagerExceptionUnitTests" name="testInheritance" time="0.0"></testcase>
  <testcase classname="com.topcoder.service.digitalrun.contest.DigitalRunContestManagerExceptionUnitTests" name="testCtor1" time="0.0"></testcase>
  <testcase classname="com.topcoder.service.digitalrun.contest.DigitalRunContestManagerExceptionUnitTests" name="testCtor2" time="0.0"></testcase>
  <testcase classname="com.topcoder.service.digitalrun.contest.DigitalRunContestManagerExceptionUnitTests" name="testCtor3" time="0.0"></testcase>
  <testcase classname="com.topcoder.service.digitalrun.contest.DigitalRunContestManagerExceptionUnitTests" name="testCtor4" time="0.0"></testcase>
  <testcase classname="com.topcoder.service.digitalrun.contest.PersistenceExceptionUnitTests" name="testInheritance" time="0.0"></testcase>
  <testcase classname="com.topcoder.service.digitalrun.contest.PersistenceExceptionUnitTests" name="testCtor1" time="0.0"></testcase>
  <testcase classname="com.topcoder.service.digitalrun.contest.PersistenceExceptionUnitTests" name="testCtor2" time="0.0"></testcase>
  <testcase classname="com.topcoder.service.digitalrun.contest.PersistenceExceptionUnitTests" name="testCtor3" time="0.0"></testcase>
  <testcase classname="com.topcoder.service.digitalrun.contest.PersistenceExceptionUnitTests" name="testCtor4" time="0.0"></testcase>
  <testcase classname="com.topcoder.service.digitalrun.contest.EntityExistsExceptionUnitTests" name="testInheritance" time="0.0"></testcase>
  <testcase classname="com.topcoder.service.digitalrun.contest.EntityExistsExceptionUnitTests" name="testCtor1" time="0.0"></testcase>
  <testcase classname="com.topcoder.service.digitalrun.contest.EntityExistsExceptionUnitTests" name="testCtor2" time="0.0"></testcase>
  <testcase classname="com.topcoder.service.digitalrun.contest.EntityExistsExceptionUnitTests" name="testCtor3" time="0.0"></testcase>
  <testcase classname="com.topcoder.service.digitalrun.contest.EntityExistsExceptionUnitTests" name="testCtor4" time="0.0"></testcase>
  <testcase classname="com.topcoder.service.digitalrun.contest.EntityNotFoundExceptionUnitTests" name="testInheritance" time="0.0"></testcase>
  <testcase classname="com.topcoder.service.digitalrun.contest.EntityNotFoundExceptionUnitTests" name="testCtor1" time="0.0"></testcase>
  <testcase classname="com.topcoder.service.digitalrun.contest.EntityNotFoundExceptionUnitTests" name="testCtor2" time="0.0"></testcase>
  <testcase classname="com.topcoder.service.digitalrun.contest.EntityNotFoundExceptionUnitTests" name="testCtor3" time="0.0"></testcase>
  <testcase classname="com.topcoder.service.digitalrun.contest.EntityNotFoundExceptionUnitTests" name="testCtor4" time="0.0"></testcase>
  <testcase classname="com.topcoder.service.digitalrun.contest.audit.interceptors.BaseAuditContestInterceptorUnitTests" name="testConstructor" time="0.0"></testcase>
  <testcase classname="com.topcoder.service.digitalrun.contest.audit.interceptors.BaseAuditContestInterceptorUnitTests" name="testInitialize_Acc" time="0.156"></testcase>
  <testcase classname="com.topcoder.service.digitalrun.contest.audit.interceptors.BaseAuditContestInterceptorUnitTests" name="testInitialize_NoSuchFile" time="0.0"></testcase>
  <testcase classname="com.topcoder.service.digitalrun.contest.audit.interceptors.BaseAuditContestInterceptorUnitTests" name="testInitialize_NoSuchNamespace" time="0.047"></testcase>
  <testcase classname="com.topcoder.service.digitalrun.contest.audit.interceptors.BaseAuditContestInterceptorUnitTests" name="testGetEntityManager" time="0.0"></testcase>
  <testcase classname="com.topcoder.service.digitalrun.contest.persistence.BaseHibernateDAOUnitTests" name="testConstructor" time="0.0"></testcase>
  <testcase classname="com.topcoder.service.digitalrun.contest.persistence.BaseHibernateDAOUnitTests" name="testGetEntityManager" time="0.0"></testcase>
  <testcase classname="com.topcoder.service.digitalrun.contest.persistence.BaseHibernateDAOUnitTests" name="testSetAndGetSessionContext" time="0.0"></testcase>
  <testcase classname="com.topcoder.service.digitalrun.contest.persistence.BaseHibernateDAOUnitTests" name="testSetAndGetLogger" time="0.0"></testcase>
  <testcase classname="com.topcoder.service.digitalrun.contest.persistence.BaseHibernateDAOUnitTests" name="testSetAndGetUnitName" time="0.0"></testcase>
  <testcase classname="com.topcoder.service.digitalrun.contest.persistence.BaseHibernateDAOUnitTests" name="testSetSessionContext" time="0.0"></testcase>
  <testcase classname="com.topcoder.service.digitalrun.contest.persistence.BaseHibernateDAOUnitTests" name="testSetLogger" time="0.0"></testcase>
  <testcase classname="com.topcoder.service.digitalrun.contest.persistence.BaseHibernateDAOUnitTests" name="testSetUnitName_1" time="0.0"></testcase>
  <testcase classname="com.topcoder.service.digitalrun.contest.persistence.BaseHibernateDAOUnitTests" name="testSetUnitName_2" time="0.0"></testcase>
  <testcase classname="com.topcoder.service.digitalrun.contest.persistence.BaseHibernateDAOUnitTests" name="testCheckNullWithLogging" time="0.0"></testcase>
  <testcase classname="com.topcoder.service.digitalrun.contest.persistence.BaseHibernateDAOUnitTests" name="testQueryEntities" time="0.016"></testcase>
  <testcase classname="com.topcoder.service.digitalrun.contest.persistence.BaseHibernateDAOUnitTests" name="testFindEntity" time="0.0"></testcase>
  <testcase classname="com.topcoder.service.digitalrun.contest.persistence.HibernateContestTrackDAOUnitTests" name="testConstructor_Acc" time="0.125"></testcase>
  <testcase classname="com.topcoder.service.digitalrun.contest.persistence.HibernateContestTrackDAOUnitTests" name="testConstructor_NullNamespace" time="0.0"></testcase>
  <testcase classname="com.topcoder.service.digitalrun.contest.persistence.HibernateContestTrackDAOUnitTests" name="testConstructor_EmptyNamespace" time="0.0"></testcase>
  <testcase classname="com.topcoder.service.digitalrun.contest.persistence.HibernateContestTrackDAOUnitTests" name="testConstructor_NullBundleName" time="0.0"></testcase>
  <testcase classname="com.topcoder.service.digitalrun.contest.persistence.HibernateContestTrackDAOUnitTests" name="testConstructor_EmptyBundleName" time="0.0"></testcase>
  <testcase classname="com.topcoder.service.digitalrun.contest.persistence.HibernateContestTrackDAOUnitTests" name="testConstructor_NoSuchBundleNamespace" time="0.0"></testcase>
  <testcase classname="com.topcoder.service.digitalrun.contest.persistence.HibernateContestTrackDAOUnitTests" name="testConstructor_NoSuchBundleName" time="0.0"></testcase>
  <testcase classname="com.topcoder.service.digitalrun.contest.persistence.HibernateContestTrackDAOUnitTests" name="testCreateTrackContest_NullEntity" time="0.0"></testcase>
  <testcase classname="com.topcoder.service.digitalrun.contest.persistence.HibernateContestTrackDAOUnitTests" name="testUpdateTrackContest_NullEntity" time="0.0"></testcase>
  <testcase classname="com.topcoder.service.digitalrun.contest.persistence.HibernateContestTrackDAOUnitTests" name="testSearchTrackContests_NullFilter" time="0.0"></testcase>
  <testcase classname="com.topcoder.service.digitalrun.contest.persistence.HibernateContestTrackDAOUnitTests" name="testSearchTrackContests" time="0.015"></testcase>
  <testcase classname="com.topcoder.service.digitalrun.contest.persistence.HibernateContestTrackDAOUnitTests" name="testSearchTrackContests_SearchException" time="0.0"></testcase>
  <testcase classname="com.topcoder.service.digitalrun.contest.persistence.HibernateTrackContestTypeDAOUnitTests" name="testConstructor_Acc" time="0.0"></testcase>
  <testcase classname="com.topcoder.service.digitalrun.contest.persistence.HibernateTrackContestTypeDAOUnitTests" name="testCreateTrackContestType_NullEntity" time="0.0"></testcase>
  <testcase classname="com.topcoder.service.digitalrun.contest.persistence.HibernateTrackContestTypeDAOUnitTests" name="testUpdateTrackContestType_NullEntity" time="0.0"></testcase>
  <testcase classname="com.topcoder.service.digitalrun.contest.persistence.HibernateTrackContestResultCalculatorDAOUnitTests" name="testConstructor_Acc" time="0.0"></testcase>
  <testcase classname="com.topcoder.service.digitalrun.contest.persistence.HibernateTrackContestResultCalculatorDAOUnitTests" name="testCreateTrackContestResultCalculator_NullEntity" time="0.0"></testcase>
  <testcase classname="com.topcoder.service.digitalrun.contest.persistence.HibernateTrackContestResultCalculatorDAOUnitTests" name="testUpdateTrackContestResultCalculator_NullEntity" time="0.0"></testcase>
  <testcase classname="com.topcoder.service.digitalrun.contest.ContestFilterFactoryUnitTests" name="testCreateContestIdEqualsFilter_Acc" time="0.0"></testcase>
  <testcase classname="com.topcoder.service.digitalrun.contest.ContestFilterFactoryUnitTests" name="testCreateContestIdEqualsFilter_NegativeId" time="0.0"></testcase>
  <testcase classname="com.topcoder.service.digitalrun.contest.ContestFilterFactoryUnitTests" name="testCreateContestIdsInFilter_NullArray" time="0.0"></testcase>
  <testcase classname="com.topcoder.service.digitalrun.contest.ContestFilterFactoryUnitTests" name="testCreateContestIdsInFilter_EmptyArray" time="0.0"></testcase>
  <testcase classname="com.topcoder.service.digitalrun.contest.ContestFilterFactoryUnitTests" name="testCreateContestIdsInFilter_ArrayContainsNegative" time="0.0"></testcase>
  <testcase classname="com.topcoder.service.digitalrun.contest.ContestFilterFactoryUnitTests" name="testCreateContestIdsInFilter_Acc" time="0.0"></testcase>
  <testcase classname="com.topcoder.service.digitalrun.contest.ContestFilterFactoryUnitTests" name="testCreateContestTypeIdEqualsFilter_Acc" time="0.0"></testcase>
  <testcase classname="com.topcoder.service.digitalrun.contest.ContestFilterFactoryUnitTests" name="testCreateContestTypeIdEqualsFilter_NegativeId" time="0.0"></testcase>
  <testcase classname="com.topcoder.service.digitalrun.contest.ContestFilterFactoryUnitTests" name="testCreateContestTypeIdsInFilter_NullArray" time="0.0"></testcase>
  <testcase classname="com.topcoder.service.digitalrun.contest.ContestFilterFactoryUnitTests" name="testCreateContestTypeIdsInFilter_EmptyArray" time="0.0"></testcase>
  <testcase classname="com.topcoder.service.digitalrun.contest.ContestFilterFactoryUnitTests" name="testCreateContestTypeIdsInFilter_ArrayContainsNegative" time="0.016"></testcase>
  <testcase classname="com.topcoder.service.digitalrun.contest.ContestFilterFactoryUnitTests" name="testCreateContestTypeIdsInFilter_Acc" time="0.0"></testcase>
  <testcase classname="com.topcoder.service.digitalrun.contest.ContestFilterFactoryUnitTests" name="testCreateTrackIdEqualsFilter_Acc" time="0.0"></testcase>
  <testcase classname="com.topcoder.service.digitalrun.contest.ContestFilterFactoryUnitTests" name="testCreateTrackIdEqualsFilter_NegativeId" time="0.0"></testcase>
  <testcase classname="com.topcoder.service.digitalrun.contest.ContestFilterFactoryUnitTests" name="testCreateTrackIdsInFilter_NullArray" time="0.0"></testcase>
  <testcase classname="com.topcoder.service.digitalrun.contest.ContestFilterFactoryUnitTests" name="testCreateTrackIdsInFilter_EmptyArray" time="0.0"></testcase>
  <testcase classname="com.topcoder.service.digitalrun.contest.ContestFilterFactoryUnitTests" name="testCreateTrackIdsInFilter_ArrayContainsNegative" time="0.0"></testcase>
  <testcase classname="com.topcoder.service.digitalrun.contest.ContestFilterFactoryUnitTests" name="testCreateTrackIdsInFilter_Acc" time="0.0"></testcase>
  <testcase classname="com.topcoder.service.digitalrun.contest.ContestFilterFactoryUnitTests" name="testCreateAndFilter_1_Acc" time="0.0"></testcase>
  <testcase classname="com.topcoder.service.digitalrun.contest.ContestFilterFactoryUnitTests" name="testCreateAndFilter_1_NullArray" time="0.0"></testcase>
  <testcase classname="com.topcoder.service.digitalrun.contest.ContestFilterFactoryUnitTests" name="testCreateAndFilter_1_ArrayContainsNull" time="0.0"></testcase>
  <testcase classname="com.topcoder.service.digitalrun.contest.ContestFilterFactoryUnitTests" name="testCreateAndFilter_2_Acc" time="0.0"></testcase>
  <testcase classname="com.topcoder.service.digitalrun.contest.ContestFilterFactoryUnitTests" name="testCreateAndFilter_2_FirstNull" time="0.0"></testcase>
  <testcase classname="com.topcoder.service.digitalrun.contest.ContestFilterFactoryUnitTests" name="testCreateAndFilter_2_SecondNull" time="0.0"></testcase>
  <testcase classname="com.topcoder.service.digitalrun.contest.ContestFilterFactoryUnitTests" name="testCreateOrFilter_1_Acc" time="0.0"></testcase>
  <testcase classname="com.topcoder.service.digitalrun.contest.ContestFilterFactoryUnitTests" name="testCreateOrFilter_1_NullArray" time="0.0"></testcase>
  <testcase classname="com.topcoder.service.digitalrun.contest.ContestFilterFactoryUnitTests" name="testCreateOrFilter_1_ArrayContainsNull" time="0.0"></testcase>
  <testcase classname="com.topcoder.service.digitalrun.contest.ContestFilterFactoryUnitTests" name="testCreateOrFilter_2_Acc" time="0.0"></testcase>
  <testcase classname="com.topcoder.service.digitalrun.contest.ContestFilterFactoryUnitTests" name="testCreateOrFilter_2_FirstNull" time="0.0"></testcase>
  <testcase classname="com.topcoder.service.digitalrun.contest.ContestFilterFactoryUnitTests" name="testCreateOrFilter_2_SecondNull" time="0.0"></testcase>
  <testcase classname="com.topcoder.service.digitalrun.contest.ContestFilterFactoryUnitTests" name="testCreateNotFilter_NullFilter" time="0.0"></testcase>
  <testcase classname="com.topcoder.service.digitalrun.contest.ContestFilterFactoryUnitTests" name="testCreateNotFilter_Acc" time="0.0"></testcase>
  <testcase classname="com.topcoder.service.digitalrun.contest.ContestFilterFactoryUnitTests" name="testCreateContestDescriptionEqualsFilter_Acc" time="0.0"></testcase>
  <testcase classname="com.topcoder.service.digitalrun.contest.ContestFilterFactoryUnitTests" name="testCreateContestDescriptionEqualsFilter_NullString" time="0.0"></testcase>
  <testcase classname="com.topcoder.service.digitalrun.contest.ContestFilterFactoryUnitTests" name="testCreateContestDescriptionEqualsFilter_EmptyString" time="0.0"></testcase>
  <testcase classname="com.topcoder.service.digitalrun.contest.ContestFilterFactoryUnitTests" name="testCreateContestDescriptionLikeFilter_Acc" time="0.0"></testcase>
  <testcase classname="com.topcoder.service.digitalrun.contest.ContestFilterFactoryUnitTests" name="testCreateContestDescriptionLikeFilter_NullString" time="0.0"></testcase>
  <testcase classname="com.topcoder.service.digitalrun.contest.ContestFilterFactoryUnitTests" name="testCreateContestDescriptionLikeFilter_EmptyString" time="0.0"></testcase>
  <testcase classname="com.topcoder.service.digitalrun.contest.ContestFilterFactoryUnitTests" name="testCreateContestDescriptionInFilter_NullArray" time="0.0"></testcase>
  <testcase classname="com.topcoder.service.digitalrun.contest.ContestFilterFactoryUnitTests" name="testCreateContestDescriptionInFilter_EmptyArray" time="0.0"></testcase>
  <testcase classname="com.topcoder.service.digitalrun.contest.ContestFilterFactoryUnitTests" name="testCreateContestDescriptionInFilter_ArrayContainsNull" time="0.0"></testcase>
  <testcase classname="com.topcoder.service.digitalrun.contest.ContestFilterFactoryUnitTests" name="testCreateContestDescriptionInFilter_ArrayContainsEmpty" time="0.0"></testcase>
  <testcase classname="com.topcoder.service.digitalrun.contest.ContestFilterFactoryUnitTests" name="testCreateContestDescriptionInFilter_Acc" time="0.0"></testcase>
  <testcase classname="com.topcoder.service.digitalrun.contest.DigitalRunContestManagerBeanUnitTests" name="testConstructor" time="0.078"></testcase>
  <testcase classname="com.topcoder.service.digitalrun.contest.DigitalRunContestManagerBeanUnitTests" name="testInitialize_Acc" time="0.094"></testcase>
  <testcase classname="com.topcoder.service.digitalrun.contest.DigitalRunContestManagerBeanUnitTests" name="testInitialize_NoSuchFile" time="0.062"></testcase>
  <testcase classname="com.topcoder.service.digitalrun.contest.DigitalRunContestManagerBeanUnitTests" name="testInitialize_NoSuchNamespace" time="0.079"></testcase>
  <testcase classname="com.topcoder.service.digitalrun.contest.DigitalRunContestManagerBeanUnitTests" name="testSearchTrackContests" time="0.062"></testcase>
  <testcase classname="com.topcoder.service.digitalrun.contest.DigitalRunContestManagerBeanUnitTests" name="testInitialize_ClassCastException" time="0.109"></testcase>
  <testcase classname="com.topcoder.service.digitalrun.contest.DigitalRunContestManagerBeanUnitTests" name="testInitialize_ExceptionWhileInjection" time="0.079"></testcase>
  <testcase classname="com.topcoder.service.digitalrun.contest.DigitalRunContestManagerBeanUnitTests" name="testCreateTrackContest" time="0.031"></testcase>
  <testcase classname="com.topcoder.service.digitalrun.contest.DigitalRunContestManagerBeanUnitTests" name="testUpdateTrackContest" time="0.062"></testcase>
  <testcase classname="com.topcoder.service.digitalrun.contest.DigitalRunContestManagerBeanUnitTests" name="testGetTrackContest" time="0.032"></testcase>
  <testcase classname="com.topcoder.service.digitalrun.contest.DigitalRunContestManagerBeanUnitTests" name="testRemoveTrackContest" time="0.046"></testcase>
  <testcase classname="com.topcoder.service.digitalrun.contest.DigitalRunContestManagerBeanUnitTests" name="testGetAllTrackContestResultCalculators" time="0.032"></testcase>
  <testcase classname="com.topcoder.service.digitalrun.contest.DigitalRunContestManagerBeanUnitTests" name="testCreateTrackContestResultCalculator" time="0.047"></testcase>
  <testcase classname="com.topcoder.service.digitalrun.contest.DigitalRunContestManagerBeanUnitTests" name="testUpdateTrackContestResultCalculator" time="0.062"></testcase>
  <testcase classname="com.topcoder.service.digitalrun.contest.DigitalRunContestManagerBeanUnitTests" name="testGetTrackContestResultCalculator" time="0.031"></testcase>
  <testcase classname="com.topcoder.service.digitalrun.contest.DigitalRunContestManagerBeanUnitTests" name="testRemoveTrackContestResultCalculator" time="0.032"></testcase>
  <testcase classname="com.topcoder.service.digitalrun.contest.DigitalRunContestManagerBeanUnitTests" name="testGetAllTrackContestTypes" time="0.046"></testcase>
  <testcase classname="com.topcoder.service.digitalrun.contest.DigitalRunContestManagerBeanUnitTests" name="testCreateTrackContestType" time="0.032"></testcase>
  <testcase classname="com.topcoder.service.digitalrun.contest.DigitalRunContestManagerBeanUnitTests" name="testUpdateTrackContestType" time="0.047"></testcase>
  <testcase classname="com.topcoder.service.digitalrun.contest.DigitalRunContestManagerBeanUnitTests" name="testGetTrackContestType" time="0.031"></testcase>
  <testcase classname="com.topcoder.service.digitalrun.contest.DigitalRunContestManagerBeanUnitTests" name="testRemoveTrackContestType" time="0.047"></testcase>
  <testcase classname="com.topcoder.service.digitalrun.contest.DigitalRunContestManagerBeanTestAcc" name="testTrackContest_Acc" time="3.515"></testcase>
  <testcase classname="com.topcoder.service.digitalrun.contest.DigitalRunContestManagerBeanTestAcc" name="testTrackContestType_Acc" time="0.172"></testcase>
  <testcase classname="com.topcoder.service.digitalrun.contest.DigitalRunContestManagerBeanTestAcc" name="testTrackContestResultCalculator_Acc" time="0.172"></testcase>
  <testcase classname="com.topcoder.service.digitalrun.contest.DigitalRunContestManagerBeanTestExp" name="testCreateTrackContest_EntityExistsException" time="0.109"></testcase>
  <testcase classname="com.topcoder.service.digitalrun.contest.DigitalRunContestManagerBeanTestExp" name="testCreateTrackContest_PersistenceException" time="0.032"></testcase>
  <testcase classname="com.topcoder.service.digitalrun.contest.DigitalRunContestManagerBeanTestExp" name="testCreateTrackContest_IllegalArgumentException" time="0.031"></testcase>
  <testcase classname="com.topcoder.service.digitalrun.contest.DigitalRunContestManagerBeanTestExp" name="testUpdateTrackContest_EntityNotFoundException" time="0.047"></testcase>
  <testcase classname="com.topcoder.service.digitalrun.contest.DigitalRunContestManagerBeanTestExp" name="testUpdateTrackContest_PersistenceException" time="0.219"></testcase>
  <testcase classname="com.topcoder.service.digitalrun.contest.DigitalRunContestManagerBeanTestExp" name="testUpdateTrackContest_IllegalArgumentException" time="0.031"></testcase>
  <testcase classname="com.topcoder.service.digitalrun.contest.DigitalRunContestManagerBeanTestExp" name="testSearchTrackContests_IllegalArgumentException" time="0.015"></testcase>
  <testcase classname="com.topcoder.service.digitalrun.contest.DigitalRunContestManagerBeanTestExp" name="testRemoveTrackContest_EntityNotFoundException" time="0.157"></testcase>
  <testcase classname="com.topcoder.service.digitalrun.contest.DigitalRunContestManagerBeanTestExp" name="testCreateTrackContestType_IllegalArgumentException" time="0.125"></testcase>
  <testcase classname="com.topcoder.service.digitalrun.contest.DigitalRunContestManagerBeanTestExp" name="testCreateTrackContestType_EntityExistsException" time="0.172"></testcase>
  <testcase classname="com.topcoder.service.digitalrun.contest.DigitalRunContestManagerBeanTestExp" name="testCreateTrackContestType_PersistenceException" time="0.015"></testcase>
  <testcase classname="com.topcoder.service.digitalrun.contest.DigitalRunContestManagerBeanTestExp" name="testUpdateTrackContestType_IllegalArgumentException" time="0.0"></testcase>
  <testcase classname="com.topcoder.service.digitalrun.contest.DigitalRunContestManagerBeanTestExp" name="testUpdateTrackContestType_EntityNotFoundException" time="0.016"></testcase>
  <testcase classname="com.topcoder.service.digitalrun.contest.DigitalRunContestManagerBeanTestExp" name="testUpdateTrackContestType_PersistenceException" time="0.172"></testcase>
  <testcase classname="com.topcoder.service.digitalrun.contest.DigitalRunContestManagerBeanTestExp" name="testRemoveTrackContestType_EntityNotFoundException" time="0.0"></testcase>
  <testcase classname="com.topcoder.service.digitalrun.contest.DigitalRunContestManagerBeanTestExp" name="testCreateTrackContestResultCalculator_IllegalArgumentException" time="0.015"></testcase>
  <testcase classname="com.topcoder.service.digitalrun.contest.DigitalRunContestManagerBeanTestExp" name="testCreateTrackContestResultCalculator_EntityExistsException" time="0.157"></testcase>
  <testcase classname="com.topcoder.service.digitalrun.contest.DigitalRunContestManagerBeanTestExp" name="testCreateTrackContestResultCalculator_PersistenceException" time="0.015"></testcase>
  <testcase classname="com.topcoder.service.digitalrun.contest.DigitalRunContestManagerBeanTestExp" name="testUpdateTrackContestResultCalculator_IllegalArgumentException" time="0.016"></testcase>
  <testcase classname="com.topcoder.service.digitalrun.contest.DigitalRunContestManagerBeanTestExp" name="testUpdateTrackContestResultCalculator_EntityNotFoundException" time="0.015"></testcase>
  <testcase classname="com.topcoder.service.digitalrun.contest.DigitalRunContestManagerBeanTestExp" name="testUpdateTrackContestResultCalculator_PersistenceException" time="0.157"></testcase>
  <testcase classname="com.topcoder.service.digitalrun.contest.DigitalRunContestManagerBeanTestExp" name="testRemoveTrackContestResultCalculator_EntityNotFoundException" time="0.015"></testcase>
  <testcase classname="com.topcoder.service.digitalrun.contest.Demo" name="testDemo" time="0.25"></testcase>
  <testcase classname="com.topcoder.service.digitalrun.contest.SaveTest" name="testSave" time="1.125"></testcase>
  <system-out><![CDATA[com.topcoder.service.digitalrun.contest.MockTrackContestDAO.setLogger(com.topcoder.util.log.Log)
java.lang.NoSuchMethodException: com.topcoder.service.digitalrun.contest.MockTrackContestDAO.setLogger(com.topcoder.util.log.Log)
	at java.lang.Class.getMethod(Class.java:1581)
	at com.topcoder.service.digitalrun.contest.DigitalRunContestManagerBean.inject(DigitalRunContestManagerBean.java:490)
	at com.topcoder.service.digitalrun.contest.DigitalRunContestManagerBean.initialize(DigitalRunContestManagerBean.java:452)
	at com.topcoder.service.digitalrun.contest.DigitalRunContestManagerBeanUnitTests.setUp(DigitalRunContestManagerBeanUnitTests.java:51)
	at junit.framework.TestCase.runBare(TestCase.java:125)
	at junit.framework.TestResult$1.protect(TestResult.java:106)
	at junit.framework.TestResult.runProtected(TestResult.java:124)
	at junit.framework.TestResult.run(TestResult.java:109)
	at junit.framework.TestCase.run(TestCase.java:118)
	at junit.framework.TestSuite.runTest(TestSuite.java:208)
	at junit.framework.TestSuite.run(TestSuite.java:203)
	at junit.framework.TestSuite.runTest(TestSuite.java:208)
	at junit.framework.TestSuite.run(TestSuite.java:203)
	at org.apache.tools.ant.taskdefs.optional.junit.JUnitTestRunner.run(JUnitTestRunner.java:297)
	at org.apache.tools.ant.taskdefs.optional.junit.JUnitTestRunner.launch(JUnitTestRunner.java:672)
	at org.apache.tools.ant.taskdefs.optional.junit.JUnitTestRunner.main(JUnitTestRunner.java:567)
com.topcoder.service.digitalrun.contest.MockTrackContestTypeDAO.setLogger(com.topcoder.util.log.Log)
java.lang.NoSuchMethodException: com.topcoder.service.digitalrun.contest.MockTrackContestTypeDAO.setLogger(com.topcoder.util.log.Log)
	at java.lang.Class.getMethod(Class.java:1581)
	at com.topcoder.service.digitalrun.contest.DigitalRunContestManagerBean.inject(DigitalRunContestManagerBean.java:490)
	at com.topcoder.service.digitalrun.contest.DigitalRunContestManagerBean.initialize(DigitalRunContestManagerBean.java:453)
	at com.topcoder.service.digitalrun.contest.DigitalRunContestManagerBeanUnitTests.setUp(DigitalRunContestManagerBeanUnitTests.java:51)
	at junit.framework.TestCase.runBare(TestCase.java:125)
	at junit.framework.TestResult$1.protect(TestResult.java:106)
	at junit.framework.TestResult.runProtected(TestResult.java:124)
	at junit.framework.TestResult.run(TestResult.java:109)
	at junit.framework.TestCase.run(TestCase.java:118)
	at junit.framework.TestSuite.runTest(TestSuite.java:208)
	at junit.framework.TestSuite.run(TestSuite.java:203)
	at junit.framework.TestSuite.runTest(TestSuite.java:208)
	at junit.framework.TestSuite.run(TestSuite.java:203)
	at org.apache.tools.ant.taskdefs.optional.junit.JUnitTestRunner.run(JUnitTestRunner.java:297)
	at org.apache.tools.ant.taskdefs.optional.junit.JUnitTestRunner.launch(JUnitTestRunner.java:672)
	at org.apache.tools.ant.taskdefs.optional.junit.JUnitTestRunner.main(JUnitTestRunner.java:567)
com.topcoder.service.digitalrun.contest.MockResultCalculatorDAO.setLogger(com.topcoder.util.log.Log)
java.lang.NoSuchMethodException: com.topcoder.service.digitalrun.contest.MockResultCalculatorDAO.setLogger(com.topcoder.util.log.Log)
	at java.lang.Class.getMethod(Class.java:1581)
	at com.topcoder.service.digitalrun.contest.DigitalRunContestManagerBean.inject(DigitalRunContestManagerBean.java:490)
	at com.topcoder.service.digitalrun.contest.DigitalRunContestManagerBean.initialize(DigitalRunContestManagerBean.java:454)
	at com.topcoder.service.digitalrun.contest.DigitalRunContestManagerBeanUnitTests.setUp(DigitalRunContestManagerBeanUnitTests.java:51)
	at junit.framework.TestCase.runBare(TestCase.java:125)
	at junit.framework.TestResult$1.protect(TestResult.java:106)
	at junit.framework.TestResult.runProtected(TestResult.java:124)
	at junit.framework.TestResult.run(TestResult.java:109)
	at junit.framework.TestCase.run(TestCase.java:118)
	at junit.framework.TestSuite.runTest(TestSuite.java:208)
	at junit.framework.TestSuite.run(TestSuite.java:203)
	at junit.framework.TestSuite.runTest(TestSuite.java:208)
	at junit.framework.TestSuite.run(TestSuite.java:203)
	at org.apache.tools.ant.taskdefs.optional.junit.JUnitTestRunner.run(JUnitTestRunner.java:297)
	at org.apache.tools.ant.taskdefs.optional.junit.JUnitTestRunner.launch(JUnitTestRunner.java:672)
	at org.apache.tools.ant.taskdefs.optional.junit.JUnitTestRunner.main(JUnitTestRunner.java:567)
com.topcoder.service.digitalrun.contest.MockTrackContestDAO.setUnitName(java.lang.String)
java.lang.NoSuchMethodException: com.topcoder.service.digitalrun.contest.MockTrackContestDAO.setUnitName(java.lang.String)
	at java.lang.Class.getMethod(Class.java:1581)
	at com.topcoder.service.digitalrun.contest.DigitalRunContestManagerBean.inject(DigitalRunContestManagerBean.java:490)
	at com.topcoder.service.digitalrun.contest.DigitalRunContestManagerBean.initialize(DigitalRunContestManagerBean.java:457)
	at com.topcoder.service.digitalrun.contest.DigitalRunContestManagerBeanUnitTests.setUp(DigitalRunContestManagerBeanUnitTests.java:51)
	at junit.framework.TestCase.runBare(TestCase.java:125)
	at junit.framework.TestResult$1.protect(TestResult.java:106)
	at junit.framework.TestResult.runProtected(TestResult.java:124)
	at junit.framework.TestResult.run(TestResult.java:109)
	at junit.framework.TestCase.run(TestCase.java:118)
	at junit.framework.TestSuite.runTest(TestSuite.java:208)
	at junit.framework.TestSuite.run(TestSuite.java:203)
	at junit.framework.TestSuite.runTest(TestSuite.java:208)
	at junit.framework.TestSuite.run(TestSuite.java:203)
	at org.apache.tools.ant.taskdefs.optional.junit.JUnitTestRunner.run(JUnitTestRunner.java:297)
	at org.apache.tools.ant.taskdefs.optional.junit.JUnitTestRunner.launch(JUnitTestRunner.java:672)
	at org.apache.tools.ant.taskdefs.optional.junit.JUnitTestRunner.main(JUnitTestRunner.java:567)
com.topcoder.service.digitalrun.contest.MockTrackContestTypeDAO.setUnitName(java.lang.String)
java.lang.NoSuchMethodException: com.topcoder.service.digitalrun.contest.MockTrackContestTypeDAO.setUnitName(java.lang.String)
	at java.lang.Class.getMethod(Class.java:1581)
	at com.topcoder.service.digitalrun.contest.DigitalRunContestManagerBean.inject(DigitalRunContestManagerBean.java:490)
	at com.topcoder.service.digitalrun.contest.DigitalRunContestManagerBean.initialize(DigitalRunContestManagerBean.java:458)
	at com.topcoder.service.digitalrun.contest.DigitalRunContestManagerBeanUnitTests.setUp(DigitalRunContestManagerBeanUnitTests.java:51)
	at junit.framework.TestCase.runBare(TestCase.java:125)
	at junit.framework.TestResult$1.protect(TestResult.java:106)
	at junit.framework.TestResult.runProtected(TestResult.java:124)
	at junit.framework.TestResult.run(TestResult.java:109)
	at junit.framework.TestCase.run(TestCase.java:118)
	at junit.framework.TestSuite.runTest(TestSuite.java:208)
	at junit.framework.TestSuite.run(TestSuite.java:203)
	at junit.framework.TestSuite.runTest(TestSuite.java:208)
	at junit.framework.TestSuite.run(TestSuite.java:203)
	at org.apache.tools.ant.taskdefs.optional.junit.JUnitTestRunner.run(JUnitTestRunner.java:297)
	at org.apache.tools.ant.taskdefs.optional.junit.JUnitTestRunner.launch(JUnitTestRunner.java:672)
	at org.apache.tools.ant.taskdefs.optional.junit.JUnitTestRunner.main(JUnitTestRunner.java:567)
com.topcoder.service.digitalrun.contest.MockResultCalculatorDAO.setUnitName(java.lang.String)
java.lang.NoSuchMethodException: com.topcoder.service.digitalrun.contest.MockResultCalculatorDAO.setUnitName(java.lang.String)
	at java.lang.Class.getMethod(Class.java:1581)
	at com.topcoder.service.digitalrun.contest.DigitalRunContestManagerBean.inject(DigitalRunContestManagerBean.java:490)
	at com.topcoder.service.digitalrun.contest.DigitalRunContestManagerBean.initialize(DigitalRunContestManagerBean.java:459)
	at com.topcoder.service.digitalrun.contest.DigitalRunContestManagerBeanUnitTests.setUp(DigitalRunContestManagerBeanUnitTests.java:51)
	at junit.framework.TestCase.runBare(TestCase.java:125)
	at junit.framework.TestResult$1.protect(TestResult.java:106)
	at junit.framework.TestResult.runProtected(TestResult.java:124)
	at junit.framework.TestResult.run(TestResult.java:109)
	at junit.framework.TestCase.run(TestCase.java:118)
	at junit.framework.TestSuite.runTest(TestSuite.java:208)
	at junit.framework.TestSuite.run(TestSuite.java:203)
	at junit.framework.TestSuite.runTest(TestSuite.java:208)
	at junit.framework.TestSuite.run(TestSuite.java:203)
	at org.apache.tools.ant.taskdefs.optional.junit.JUnitTestRunner.run(JUnitTestRunner.java:297)
	at org.apache.tools.ant.taskdefs.optional.junit.JUnitTestRunner.launch(JUnitTestRunner.java:672)
	at org.apache.tools.ant.taskdefs.optional.junit.JUnitTestRunner.main(JUnitTestRunner.java:567)
com.topcoder.service.digitalrun.contest.MockTrackContestDAO.setSessionContext(javax.ejb.SessionContext)
java.lang.NoSuchMethodException: com.topcoder.service.digitalrun.contest.MockTrackContestDAO.setSessionContext(javax.ejb.SessionContext)
	at java.lang.Class.getMethod(Class.java:1581)
	at com.topcoder.service.digitalrun.contest.DigitalRunContestManagerBean.inject(DigitalRunContestManagerBean.java:490)
	at com.topcoder.service.digitalrun.contest.DigitalRunContestManagerBean.initialize(DigitalRunContestManagerBean.java:461)
	at com.topcoder.service.digitalrun.contest.DigitalRunContestManagerBeanUnitTests.setUp(DigitalRunContestManagerBeanUnitTests.java:51)
	at junit.framework.TestCase.runBare(TestCase.java:125)
	at junit.framework.TestResult$1.protect(TestResult.java:106)
	at junit.framework.TestResult.runProtected(TestResult.java:124)
	at junit.framework.TestResult.run(TestResult.java:109)
	at junit.framework.TestCase.run(TestCase.java:118)
	at junit.framework.TestSuite.runTest(TestSuite.java:208)
	at junit.framework.TestSuite.run(TestSuite.java:203)
	at junit.framework.TestSuite.runTest(TestSuite.java:208)
	at junit.framework.TestSuite.run(TestSuite.java:203)
	at org.apache.tools.ant.taskdefs.optional.junit.JUnitTestRunner.run(JUnitTestRunner.java:297)
	at org.apache.tools.ant.taskdefs.optional.junit.JUnitTestRunner.launch(JUnitTestRunner.java:672)
	at org.apache.tools.ant.taskdefs.optional.junit.JUnitTestRunner.main(JUnitTestRunner.java:567)
com.topcoder.service.digitalrun.contest.MockTrackContestTypeDAO.setSessionContext(javax.ejb.SessionContext)
java.lang.NoSuchMethodException: com.topcoder.service.digitalrun.contest.MockTrackContestTypeDAO.setSessionContext(javax.ejb.SessionContext)
	at java.lang.Class.getMethod(Class.java:1581)
	at com.topcoder.service.digitalrun.contest.DigitalRunContestManagerBean.inject(DigitalRunContestManagerBean.java:490)
	at com.topcoder.service.digitalrun.contest.DigitalRunContestManagerBean.initialize(DigitalRunContestManagerBean.java:462)
	at com.topcoder.service.digitalrun.contest.DigitalRunContestManagerBeanUnitTests.setUp(DigitalRunContestManagerBeanUnitTests.java:51)
	at junit.framework.TestCase.runBare(TestCase.java:125)
	at junit.framework.TestResult$1.protect(TestResult.java:106)
	at junit.framework.TestResult.runProtected(TestResult.java:124)
	at junit.framework.TestResult.run(TestResult.java:109)
	at junit.framework.TestCase.run(TestCase.java:118)
	at junit.framework.TestSuite.runTest(TestSuite.java:208)
	at junit.framework.TestSuite.run(TestSuite.java:203)
	at junit.framework.TestSuite.runTest(TestSuite.java:208)
	at junit.framework.TestSuite.run(TestSuite.java:203)
	at org.apache.tools.ant.taskdefs.optional.junit.JUnitTestRunner.run(JUnitTestRunner.java:297)
	at org.apache.tools.ant.taskdefs.optional.junit.JUnitTestRunner.launch(JUnitTestRunner.java:672)
	at org.apache.tools.ant.taskdefs.optional.junit.JUnitTestRunner.main(JUnitTestRunner.java:567)
com.topcoder.service.digitalrun.contest.MockResultCalculatorDAO.setSessionContext(javax.ejb.SessionContext)
java.lang.NoSuchMethodException: com.topcoder.service.digitalrun.contest.MockResultCalculatorDAO.setSessionContext(javax.ejb.SessionContext)
	at java.lang.Class.getMethod(Class.java:1581)
	at com.topcoder.service.digitalrun.contest.DigitalRunContestManagerBean.inject(DigitalRunContestManagerBean.java:490)
	at com.topcoder.service.digitalrun.contest.DigitalRunContestManagerBean.initialize(DigitalRunContestManagerBean.java:463)
	at com.topcoder.service.digitalrun.contest.DigitalRunContestManagerBeanUnitTests.setUp(DigitalRunContestManagerBeanUnitTests.java:51)
	at junit.framework.TestCase.runBare(TestCase.java:125)
	at junit.framework.TestResult$1.protect(TestResult.java:106)
	at junit.framework.TestResult.runProtected(TestResult.java:124)
	at junit.framework.TestResult.run(TestResult.java:109)
	at junit.framework.TestCase.run(TestCase.java:118)
	at junit.framework.TestSuite.runTest(TestSuite.java:208)
	at junit.framework.TestSuite.run(TestSuite.java:203)
	at junit.framework.TestSuite.runTest(TestSuite.java:208)
	at junit.framework.TestSuite.run(TestSuite.java:203)
	at org.apache.tools.ant.taskdefs.optional.junit.JUnitTestRunner.run(JUnitTestRunner.java:297)
	at org.apache.tools.ant.taskdefs.optional.junit.JUnitTestRunner.launch(JUnitTestRunner.java:672)
	at org.apache.tools.ant.taskdefs.optional.junit.JUnitTestRunner.main(JUnitTestRunner.java:567)
com.topcoder.service.digitalrun.contest.MockTrackContestDAO.setLogger(com.topcoder.util.log.Log)
java.lang.NoSuchMethodException: com.topcoder.service.digitalrun.contest.MockTrackContestDAO.setLogger(com.topcoder.util.log.Log)
	at java.lang.Class.getMethod(Class.java:1581)
	at com.topcoder.service.digitalrun.contest.DigitalRunContestManagerBean.inject(DigitalRunContestManagerBean.java:490)
	at com.topcoder.service.digitalrun.contest.DigitalRunContestManagerBean.initialize(DigitalRunContestManagerBean.java:452)
	at com.topcoder.service.digitalrun.contest.DigitalRunContestManagerBeanUnitTests.setUp(DigitalRunContestManagerBeanUnitTests.java:51)
	at junit.framework.TestCase.runBare(TestCase.java:125)
	at junit.framework.TestResult$1.protect(TestResult.java:106)
	at junit.framework.TestResult.runProtected(TestResult.java:124)
	at junit.framework.TestResult.run(TestResult.java:109)
	at junit.framework.TestCase.run(TestCase.java:118)
	at junit.framework.TestSuite.runTest(TestSuite.java:208)
	at junit.framework.TestSuite.run(TestSuite.java:203)
	at junit.framework.TestSuite.runTest(TestSuite.java:208)
	at junit.framework.TestSuite.run(TestSuite.java:203)
	at org.apache.tools.ant.taskdefs.optional.junit.JUnitTestRunner.run(JUnitTestRunner.java:297)
	at org.apache.tools.ant.taskdefs.optional.junit.JUnitTestRunner.launch(JUnitTestRunner.java:672)
	at org.apache.tools.ant.taskdefs.optional.junit.JUnitTestRunner.main(JUnitTestRunner.java:567)
com.topcoder.service.digitalrun.contest.MockTrackContestTypeDAO.setLogger(com.topcoder.util.log.Log)
java.lang.NoSuchMethodException: com.topcoder.service.digitalrun.contest.MockTrackContestTypeDAO.setLogger(com.topcoder.util.log.Log)
	at java.lang.Class.getMethod(Class.java:1581)
	at com.topcoder.service.digitalrun.contest.DigitalRunContestManagerBean.inject(DigitalRunContestManagerBean.java:490)
	at com.topcoder.service.digitalrun.contest.DigitalRunContestManagerBean.initialize(DigitalRunContestManagerBean.java:453)
	at com.topcoder.service.digitalrun.contest.DigitalRunContestManagerBeanUnitTests.setUp(DigitalRunContestManagerBeanUnitTests.java:51)
	at junit.framework.TestCase.runBare(TestCase.java:125)
	at junit.framework.TestResult$1.protect(TestResult.java:106)
	at junit.framework.TestResult.runProtected(TestResult.java:124)
	at junit.framework.TestResult.run(TestResult.java:109)
	at junit.framework.TestCase.run(TestCase.java:118)
	at junit.framework.TestSuite.runTest(TestSuite.java:208)
	at junit.framework.TestSuite.run(TestSuite.java:203)
	at junit.framework.TestSuite.runTest(TestSuite.java:208)
	at junit.framework.TestSuite.run(TestSuite.java:203)
	at org.apache.tools.ant.taskdefs.optional.junit.JUnitTestRunner.run(JUnitTestRunner.java:297)
	at org.apache.tools.ant.taskdefs.optional.junit.JUnitTestRunner.launch(JUnitTestRunner.java:672)
	at org.apache.tools.ant.taskdefs.optional.junit.JUnitTestRunner.main(JUnitTestRunner.java:567)
com.topcoder.service.digitalrun.contest.MockResultCalculatorDAO.setLogger(com.topcoder.util.log.Log)
java.lang.NoSuchMethodException: com.topcoder.service.digitalrun.contest.MockResultCalculatorDAO.setLogger(com.topcoder.util.log.Log)
	at java.lang.Class.getMethod(Class.java:1581)
	at com.topcoder.service.digitalrun.contest.DigitalRunContestManagerBean.inject(DigitalRunContestManagerBean.java:490)
	at com.topcoder.service.digitalrun.contest.DigitalRunContestManagerBean.initialize(DigitalRunContestManagerBean.java:454)
	at com.topcoder.service.digitalrun.contest.DigitalRunContestManagerBeanUnitTests.setUp(DigitalRunContestManagerBeanUnitTests.java:51)
	at junit.framework.TestCase.runBare(TestCase.java:125)
	at junit.framework.TestResult$1.protect(TestResult.java:106)
	at junit.framework.TestResult.runProtected(TestResult.java:124)
	at junit.framework.TestResult.run(TestResult.java:109)
	at junit.framework.TestCase.run(TestCase.java:118)
	at junit.framework.TestSuite.runTest(TestSuite.java:208)
	at junit.framework.TestSuite.run(TestSuite.java:203)
	at junit.framework.TestSuite.runTest(TestSuite.java:208)
	at junit.framework.TestSuite.run(TestSuite.java:203)
	at org.apache.tools.ant.taskdefs.optional.junit.JUnitTestRunner.run(JUnitTestRunner.java:297)
	at org.apache.tools.ant.taskdefs.optional.junit.JUnitTestRunner.launch(JUnitTestRunner.java:672)
	at org.apache.tools.ant.taskdefs.optional.junit.JUnitTestRunner.main(JUnitTestRunner.java:567)
com.topcoder.service.digitalrun.contest.MockTrackContestDAO.setUnitName(java.lang.String)
java.lang.NoSuchMethodException: com.topcoder.service.digitalrun.contest.MockTrackContestDAO.setUnitName(java.lang.String)
	at java.lang.Class.getMethod(Class.java:1581)
	at com.topcoder.service.digitalrun.contest.DigitalRunContestManagerBean.inject(DigitalRunContestManagerBean.java:490)
	at com.topcoder.service.digitalrun.contest.DigitalRunContestManagerBean.initialize(DigitalRunContestManagerBean.java:457)
	at com.topcoder.service.digitalrun.contest.DigitalRunContestManagerBeanUnitTests.setUp(DigitalRunContestManagerBeanUnitTests.java:51)
	at junit.framework.TestCase.runBare(TestCase.java:125)
	at junit.framework.TestResult$1.protect(TestResult.java:106)
	at junit.framework.TestResult.runProtected(TestResult.java:124)
	at junit.framework.TestResult.run(TestResult.java:109)
	at junit.framework.TestCase.run(TestCase.java:118)
	at junit.framework.TestSuite.runTest(TestSuite.java:208)
	at junit.framework.TestSuite.run(TestSuite.java:203)
	at junit.framework.TestSuite.runTest(TestSuite.java:208)
	at junit.framework.TestSuite.run(TestSuite.java:203)
	at org.apache.tools.ant.taskdefs.optional.junit.JUnitTestRunner.run(JUnitTestRunner.java:297)
	at org.apache.tools.ant.taskdefs.optional.junit.JUnitTestRunner.launch(JUnitTestRunner.java:672)
	at org.apache.tools.ant.taskdefs.optional.junit.JUnitTestRunner.main(JUnitTestRunner.java:567)
com.topcoder.service.digitalrun.contest.MockTrackContestTypeDAO.setUnitName(java.lang.String)
java.lang.NoSuchMethodException: com.topcoder.service.digitalrun.contest.MockTrackContestTypeDAO.setUnitName(java.lang.String)
	at java.lang.Class.getMethod(Class.java:1581)
	at com.topcoder.service.digitalrun.contest.DigitalRunContestManagerBean.inject(DigitalRunContestManagerBean.java:490)
	at com.topcoder.service.digitalrun.contest.DigitalRunContestManagerBean.initialize(DigitalRunContestManagerBean.java:458)
	at com.topcoder.service.digitalrun.contest.DigitalRunContestManagerBeanUnitTests.setUp(DigitalRunContestManagerBeanUnitTests.java:51)
	at junit.framework.TestCase.runBare(TestCase.java:125)
	at junit.framework.TestResult$1.protect(TestResult.java:106)
	at junit.framework.TestResult.runProtected(TestResult.java:124)
	at junit.framework.TestResult.run(TestResult.java:109)
	at junit.framework.TestCase.run(TestCase.java:118)
	at junit.framework.TestSuite.runTest(TestSuite.java:208)
	at junit.framework.TestSuite.run(TestSuite.java:203)
	at junit.framework.TestSuite.runTest(TestSuite.java:208)
	at junit.framework.TestSuite.run(TestSuite.java:203)
	at org.apache.tools.ant.taskdefs.optional.junit.JUnitTestRunner.run(JUnitTestRunner.java:297)
	at org.apache.tools.ant.taskdefs.optional.junit.JUnitTestRunner.launch(JUnitTestRunner.java:672)
	at org.apache.tools.ant.taskdefs.optional.junit.JUnitTestRunner.main(JUnitTestRunner.java:567)
com.topcoder.service.digitalrun.contest.MockResultCalculatorDAO.setUnitName(java.lang.String)
java.lang.NoSuchMethodException: com.topcoder.service.digitalrun.contest.MockResultCalculatorDAO.setUnitName(java.lang.String)
	at java.lang.Class.getMethod(Class.java:1581)
	at com.topcoder.service.digitalrun.contest.DigitalRunContestManagerBean.inject(DigitalRunContestManagerBean.java:490)
	at com.topcoder.service.digitalrun.contest.DigitalRunContestManagerBean.initialize(DigitalRunContestManagerBean.java:459)
	at com.topcoder.service.digitalrun.contest.DigitalRunContestManagerBeanUnitTests.setUp(DigitalRunContestManagerBeanUnitTests.java:51)
	at junit.framework.TestCase.runBare(TestCase.java:125)
	at junit.framework.TestResult$1.protect(TestResult.java:106)
	at junit.framework.TestResult.runProtected(TestResult.java:124)
	at junit.framework.TestResult.run(TestResult.java:109)
	at junit.framework.TestCase.run(TestCase.java:118)
	at junit.framework.TestSuite.runTest(TestSuite.java:208)
	at junit.framework.TestSuite.run(TestSuite.java:203)
	at junit.framework.TestSuite.runTest(TestSuite.java:208)
	at junit.framework.TestSuite.run(TestSuite.java:203)
	at org.apache.tools.ant.taskdefs.optional.junit.JUnitTestRunner.run(JUnitTestRunner.java:297)
	at org.apache.tools.ant.taskdefs.optional.junit.JUnitTestRunner.launch(JUnitTestRunner.java:672)
	at org.apache.tools.ant.taskdefs.optional.junit.JUnitTestRunner.main(JUnitTestRunner.java:567)
com.topcoder.service.digitalrun.contest.MockTrackContestDAO.setSessionContext(javax.ejb.SessionContext)
java.lang.NoSuchMethodException: com.topcoder.service.digitalrun.contest.MockTrackContestDAO.setSessionContext(javax.ejb.SessionContext)
	at java.lang.Class.getMethod(Class.java:1581)
	at com.topcoder.service.digitalrun.contest.DigitalRunContestManagerBean.inject(DigitalRunContestManagerBean.java:490)
	at com.topcoder.service.digitalrun.contest.DigitalRunContestManagerBean.initialize(DigitalRunContestManagerBean.java:461)
	at com.topcoder.service.digitalrun.contest.DigitalRunContestManagerBeanUnitTests.setUp(DigitalRunContestManagerBeanUnitTests.java:51)
	at junit.framework.TestCase.runBare(TestCase.java:125)
	at junit.framework.TestResult$1.protect(TestResult.java:106)
	at junit.framework.TestResult.runProtected(TestResult.java:124)
	at junit.framework.TestResult.run(TestResult.java:109)
	at junit.framework.TestCase.run(TestCase.java:118)
	at junit.framework.TestSuite.runTest(TestSuite.java:208)
	at junit.framework.TestSuite.run(TestSuite.java:203)
	at junit.framework.TestSuite.runTest(TestSuite.java:208)
	at junit.framework.TestSuite.run(TestSuite.java:203)
	at org.apache.tools.ant.taskdefs.optional.junit.JUnitTestRunner.run(JUnitTestRunner.java:297)
	at org.apache.tools.ant.taskdefs.optional.junit.JUnitTestRunner.launch(JUnitTestRunner.java:672)
	at org.apache.tools.ant.taskdefs.optional.junit.JUnitTestRunner.main(JUnitTestRunner.java:567)
com.topcoder.service.digitalrun.contest.MockTrackContestTypeDAO.setSessionContext(javax.ejb.SessionContext)
java.lang.NoSuchMethodException: com.topcoder.service.digitalrun.contest.MockTrackContestTypeDAO.setSessionContext(javax.ejb.SessionContext)
	at java.lang.Class.getMethod(Class.java:1581)
	at com.topcoder.service.digitalrun.contest.DigitalRunContestManagerBean.inject(DigitalRunContestManagerBean.java:490)
	at com.topcoder.service.digitalrun.contest.DigitalRunContestManagerBean.initialize(DigitalRunContestManagerBean.java:462)
	at com.topcoder.service.digitalrun.contest.DigitalRunContestManagerBeanUnitTests.setUp(DigitalRunContestManagerBeanUnitTests.java:51)
	at junit.framework.TestCase.runBare(TestCase.java:125)
	at junit.framework.TestResult$1.protect(TestResult.java:106)
	at junit.framework.TestResult.runProtected(TestResult.java:124)
	at junit.framework.TestResult.run(TestResult.java:109)
	at junit.framework.TestCase.run(TestCase.java:118)
	at junit.framework.TestSuite.runTest(TestSuite.java:208)
	at junit.framework.TestSuite.run(TestSuite.java:203)
	at junit.framework.TestSuite.runTest(TestSuite.java:208)
	at junit.framework.TestSuite.run(TestSuite.java:203)
	at org.apache.tools.ant.taskdefs.optional.junit.JUnitTestRunner.run(JUnitTestRunner.java:297)
	at org.apache.tools.ant.taskdefs.optional.junit.JUnitTestRunner.launch(JUnitTestRunner.java:672)
	at org.apache.tools.ant.taskdefs.optional.junit.JUnitTestRunner.main(JUnitTestRunner.java:567)
com.topcoder.service.digitalrun.contest.MockResultCalculatorDAO.setSessionContext(javax.ejb.SessionContext)
java.lang.NoSuchMethodException: com.topcoder.service.digitalrun.contest.MockResultCalculatorDAO.setSessionContext(javax.ejb.SessionContext)
	at java.lang.Class.getMethod(Class.java:1581)
	at com.topcoder.service.digitalrun.contest.DigitalRunContestManagerBean.inject(DigitalRunContestManagerBean.java:490)
	at com.topcoder.service.digitalrun.contest.DigitalRunContestManagerBean.initialize(DigitalRunContestManagerBean.java:463)
	at com.topcoder.service.digitalrun.contest.DigitalRunContestManagerBeanUnitTests.setUp(DigitalRunContestManagerBeanUnitTests.java:51)
	at junit.framework.TestCase.runBare(TestCase.java:125)
	at junit.framework.TestResult$1.protect(TestResult.java:106)
	at junit.framework.TestResult.runProtected(TestResult.java:124)
	at junit.framework.TestResult.run(TestResult.java:109)
	at junit.framework.TestCase.run(TestCase.java:118)
	at junit.framework.TestSuite.runTest(TestSuite.java:208)
	at junit.framework.TestSuite.run(TestSuite.java:203)
	at junit.framework.TestSuite.runTest(TestSuite.java:208)
	at junit.framework.TestSuite.run(TestSuite.java:203)
	at org.apache.tools.ant.taskdefs.optional.junit.JUnitTestRunner.run(JUnitTestRunner.java:297)
	at org.apache.tools.ant.taskdefs.optional.junit.JUnitTestRunner.launch(JUnitTestRunner.java:672)
	at org.apache.tools.ant.taskdefs.optional.junit.JUnitTestRunner.main(JUnitTestRunner.java:567)
com.topcoder.service.digitalrun.contest.MockTrackContestDAO.setLogger(com.topcoder.util.log.Log)
java.lang.NoSuchMethodException: com.topcoder.service.digitalrun.contest.MockTrackContestDAO.setLogger(com.topcoder.util.log.Log)
	at java.lang.Class.getMethod(Class.java:1581)
	at com.topcoder.service.digitalrun.contest.DigitalRunContestManagerBean.inject(DigitalRunContestManagerBean.java:490)
	at com.topcoder.service.digitalrun.contest.DigitalRunContestManagerBean.initialize(DigitalRunContestManagerBean.java:452)
	at com.topcoder.service.digitalrun.contest.DigitalRunContestManagerBeanUnitTests.setUp(DigitalRunContestManagerBeanUnitTests.java:51)
	at junit.framework.TestCase.runBare(TestCase.java:125)
	at junit.framework.TestResult$1.protect(TestResult.java:106)
	at junit.framework.TestResult.runProtected(TestResult.java:124)
	at junit.framework.TestResult.run(TestResult.java:109)
	at junit.framework.TestCase.run(TestCase.java:118)
	at junit.framework.TestSuite.runTest(TestSuite.java:208)
	at junit.framework.TestSuite.run(TestSuite.java:203)
	at junit.framework.TestSuite.runTest(TestSuite.java:208)
	at junit.framework.TestSuite.run(TestSuite.java:203)
	at org.apache.tools.ant.taskdefs.optional.junit.JUnitTestRunner.run(JUnitTestRunner.java:297)
	at org.apache.tools.ant.taskdefs.optional.junit.JUnitTestRunner.launch(JUnitTestRunner.java:672)
	at org.apache.tools.ant.taskdefs.optional.junit.JUnitTestRunner.main(JUnitTestRunner.java:567)
com.topcoder.service.digitalrun.contest.MockTrackContestTypeDAO.setLogger(com.topcoder.util.log.Log)
java.lang.NoSuchMethodException: com.topcoder.service.digitalrun.contest.MockTrackContestTypeDAO.setLogger(com.topcoder.util.log.Log)
	at java.lang.Class.getMethod(Class.java:1581)
	at com.topcoder.service.digitalrun.contest.DigitalRunContestManagerBean.inject(DigitalRunContestManagerBean.java:490)
	at com.topcoder.service.digitalrun.contest.DigitalRunContestManagerBean.initialize(DigitalRunContestManagerBean.java:453)
	at com.topcoder.service.digitalrun.contest.DigitalRunContestManagerBeanUnitTests.setUp(DigitalRunContestManagerBeanUnitTests.java:51)
	at junit.framework.TestCase.runBare(TestCase.java:125)
	at junit.framework.TestResult$1.protect(TestResult.java:106)
	at junit.framework.TestResult.runProtected(TestResult.java:124)
	at junit.framework.TestResult.run(TestResult.java:109)
	at junit.framework.TestCase.run(TestCase.java:118)
	at junit.framework.TestSuite.runTest(TestSuite.java:208)
	at junit.framework.TestSuite.run(TestSuite.java:203)
	at junit.framework.TestSuite.runTest(TestSuite.java:208)
	at junit.framework.TestSuite.run(TestSuite.java:203)
	at org.apache.tools.ant.taskdefs.optional.junit.JUnitTestRunner.run(JUnitTestRunner.java:297)
	at org.apache.tools.ant.taskdefs.optional.junit.JUnitTestRunner.launch(JUnitTestRunner.java:672)
	at org.apache.tools.ant.taskdefs.optional.junit.JUnitTestRunner.main(JUnitTestRunner.java:567)
com.topcoder.service.digitalrun.contest.MockResultCalculatorDAO.setLogger(com.topcoder.util.log.Log)
java.lang.NoSuchMethodException: com.topcoder.service.digitalrun.contest.MockResultCalculatorDAO.setLogger(com.topcoder.util.log.Log)
	at java.lang.Class.getMethod(Class.java:1581)
	at com.topcoder.service.digitalrun.contest.DigitalRunContestManagerBean.inject(DigitalRunContestManagerBean.java:490)
	at com.topcoder.service.digitalrun.contest.DigitalRunContestManagerBean.initialize(DigitalRunContestManagerBean.java:454)
	at com.topcoder.service.digitalrun.contest.DigitalRunContestManagerBeanUnitTests.setUp(DigitalRunContestManagerBeanUnitTests.java:51)
	at junit.framework.TestCase.runBare(TestCase.java:125)
	at junit.framework.TestResult$1.protect(TestResult.java:106)
	at junit.framework.TestResult.runProtected(TestResult.java:124)
	at junit.framework.TestResult.run(TestResult.java:109)
	at junit.framework.TestCase.run(TestCase.java:118)
	at junit.framework.TestSuite.runTest(TestSuite.java:208)
	at junit.framework.TestSuite.run(TestSuite.java:203)
	at junit.framework.TestSuite.runTest(TestSuite.java:208)
	at junit.framework.TestSuite.run(TestSuite.java:203)
	at org.apache.tools.ant.taskdefs.optional.junit.JUnitTestRunner.run(JUnitTestRunner.java:297)
	at org.apache.tools.ant.taskdefs.optional.junit.JUnitTestRunner.launch(JUnitTestRunner.java:672)
	at org.apache.tools.ant.taskdefs.optional.junit.JUnitTestRunner.main(JUnitTestRunner.java:567)
com.topcoder.service.digitalrun.contest.MockTrackContestDAO.setUnitName(java.lang.String)
java.lang.NoSuchMethodException: com.topcoder.service.digitalrun.contest.MockTrackContestDAO.setUnitName(java.lang.String)
	at java.lang.Class.getMethod(Class.java:1581)
	at com.topcoder.service.digitalrun.contest.DigitalRunContestManagerBean.inject(DigitalRunContestManagerBean.java:490)
	at com.topcoder.service.digitalrun.contest.DigitalRunContestManagerBean.initialize(DigitalRunContestManagerBean.java:457)
	at com.topcoder.service.digitalrun.contest.DigitalRunContestManagerBeanUnitTests.setUp(DigitalRunContestManagerBeanUnitTests.java:51)
	at junit.framework.TestCase.runBare(TestCase.java:125)
	at junit.framework.TestResult$1.protect(TestResult.java:106)
	at junit.framework.TestResult.runProtected(TestResult.java:124)
	at junit.framework.TestResult.run(TestResult.java:109)
	at junit.framework.TestCase.run(TestCase.java:118)
	at junit.framework.TestSuite.runTest(TestSuite.java:208)
	at junit.framework.TestSuite.run(TestSuite.java:203)
	at junit.framework.TestSuite.runTest(TestSuite.java:208)
	at junit.framework.TestSuite.run(TestSuite.java:203)
	at org.apache.tools.ant.taskdefs.optional.junit.JUnitTestRunner.run(JUnitTestRunner.java:297)
	at org.apache.tools.ant.taskdefs.optional.junit.JUnitTestRunner.launch(JUnitTestRunner.java:672)
	at org.apache.tools.ant.taskdefs.optional.junit.JUnitTestRunner.main(JUnitTestRunner.java:567)
com.topcoder.service.digitalrun.contest.MockTrackContestTypeDAO.setUnitName(java.lang.String)
java.lang.NoSuchMethodException: com.topcoder.service.digitalrun.contest.MockTrackContestTypeDAO.setUnitName(java.lang.String)
	at java.lang.Class.getMethod(Class.java:1581)
	at com.topcoder.service.digitalrun.contest.DigitalRunContestManagerBean.inject(DigitalRunContestManagerBean.java:490)
	at com.topcoder.service.digitalrun.contest.DigitalRunContestManagerBean.initialize(DigitalRunContestManagerBean.java:458)
	at com.topcoder.service.digitalrun.contest.DigitalRunContestManagerBeanUnitTests.setUp(DigitalRunContestManagerBeanUnitTests.java:51)
	at junit.framework.TestCase.runBare(TestCase.java:125)
	at junit.framework.TestResult$1.protect(TestResult.java:106)
	at junit.framework.TestResult.runProtected(TestResult.java:124)
	at junit.framework.TestResult.run(TestResult.java:109)
	at junit.framework.TestCase.run(TestCase.java:118)
	at junit.framework.TestSuite.runTest(TestSuite.java:208)
	at junit.framework.TestSuite.run(TestSuite.java:203)
	at junit.framework.TestSuite.runTest(TestSuite.java:208)
	at junit.framework.TestSuite.run(TestSuite.java:203)
	at org.apache.tools.ant.taskdefs.optional.junit.JUnitTestRunner.run(JUnitTestRunner.java:297)
	at org.apache.tools.ant.taskdefs.optional.junit.JUnitTestRunner.launch(JUnitTestRunner.java:672)
	at org.apache.tools.ant.taskdefs.optional.junit.JUnitTestRunner.main(JUnitTestRunner.java:567)
com.topcoder.service.digitalrun.contest.MockResultCalculatorDAO.setUnitName(java.lang.String)
java.lang.NoSuchMethodException: com.topcoder.service.digitalrun.contest.MockResultCalculatorDAO.setUnitName(java.lang.String)
	at java.lang.Class.getMethod(Class.java:1581)
	at com.topcoder.service.digitalrun.contest.DigitalRunContestManagerBean.inject(DigitalRunContestManagerBean.java:490)
	at com.topcoder.service.digitalrun.contest.DigitalRunContestManagerBean.initialize(DigitalRunContestManagerBean.java:459)
	at com.topcoder.service.digitalrun.contest.DigitalRunContestManagerBeanUnitTests.setUp(DigitalRunContestManagerBeanUnitTests.java:51)
	at junit.framework.TestCase.runBare(TestCase.java:125)
	at junit.framework.TestResult$1.protect(TestResult.java:106)
	at junit.framework.TestResult.runProtected(TestResult.java:124)
	at junit.framework.TestResult.run(TestResult.java:109)
	at junit.framework.TestCase.run(TestCase.java:118)
	at junit.framework.TestSuite.runTest(TestSuite.java:208)
	at junit.framework.TestSuite.run(TestSuite.java:203)
	at junit.framework.TestSuite.runTest(TestSuite.java:208)
	at junit.framework.TestSuite.run(TestSuite.java:203)
	at org.apache.tools.ant.taskdefs.optional.junit.JUnitTestRunner.run(JUnitTestRunner.java:297)
	at org.apache.tools.ant.taskdefs.optional.junit.JUnitTestRunner.launch(JUnitTestRunner.java:672)
	at org.apache.tools.ant.taskdefs.optional.junit.JUnitTestRunner.main(JUnitTestRunner.java:567)
com.topcoder.service.digitalrun.contest.MockTrackContestDAO.setSessionContext(javax.ejb.SessionContext)
java.lang.NoSuchMethodException: com.topcoder.service.digitalrun.contest.MockTrackContestDAO.setSessionContext(javax.ejb.SessionContext)
	at java.lang.Class.getMethod(Class.java:1581)
	at com.topcoder.service.digitalrun.contest.DigitalRunContestManagerBean.inject(DigitalRunContestManagerBean.java:490)
	at com.topcoder.service.digitalrun.contest.DigitalRunContestManagerBean.initialize(DigitalRunContestManagerBean.java:461)
	at com.topcoder.service.digitalrun.contest.DigitalRunContestManagerBeanUnitTests.setUp(DigitalRunContestManagerBeanUnitTests.java:51)
	at junit.framework.TestCase.runBare(TestCase.java:125)
	at junit.framework.TestResult$1.protect(TestResult.java:106)
	at junit.framework.TestResult.runProtected(TestResult.java:124)
	at junit.framework.TestResult.run(TestResult.java:109)
	at junit.framework.TestCase.run(TestCase.java:118)
	at junit.framework.TestSuite.runTest(TestSuite.java:208)
	at junit.framework.TestSuite.run(TestSuite.java:203)
	at junit.framework.TestSuite.runTest(TestSuite.java:208)
	at junit.framework.TestSuite.run(TestSuite.java:203)
	at org.apache.tools.ant.taskdefs.optional.junit.JUnitTestRunner.run(JUnitTestRunner.java:297)
	at org.apache.tools.ant.taskdefs.optional.junit.JUnitTestRunner.launch(JUnitTestRunner.java:672)
	at org.apache.tools.ant.taskdefs.optional.junit.JUnitTestRunner.main(JUnitTestRunner.java:567)
com.topcoder.service.digitalrun.contest.MockTrackContestTypeDAO.setSessionContext(javax.ejb.SessionContext)
java.lang.NoSuchMethodException: com.topcoder.service.digitalrun.contest.MockTrackContestTypeDAO.setSessionContext(javax.ejb.SessionContext)
	at java.lang.Class.getMethod(Class.java:1581)
	at com.topcoder.service.digitalrun.contest.DigitalRunContestManagerBean.inject(DigitalRunContestManagerBean.java:490)
	at com.topcoder.service.digitalrun.contest.DigitalRunContestManagerBean.initialize(DigitalRunContestManagerBean.java:462)
	at com.topcoder.service.digitalrun.contest.DigitalRunContestManagerBeanUnitTests.setUp(DigitalRunContestManagerBeanUnitTests.java:51)
	at junit.framework.TestCase.runBare(TestCase.java:125)
	at junit.framework.TestResult$1.protect(TestResult.java:106)
	at junit.framework.TestResult.runProtected(TestResult.java:124)
	at junit.framework.TestResult.run(TestResult.java:109)
	at junit.framework.TestCase.run(TestCase.java:118)
	at junit.framework.TestSuite.runTest(TestSuite.java:208)
	at junit.framework.TestSuite.run(TestSuite.java:203)
	at junit.framework.TestSuite.runTest(TestSuite.java:208)
	at junit.framework.TestSuite.run(TestSuite.java:203)
	at org.apache.tools.ant.taskdefs.optional.junit.JUnitTestRunner.run(JUnitTestRunner.java:297)
	at org.apache.tools.ant.taskdefs.optional.junit.JUnitTestRunner.launch(JUnitTestRunner.java:672)
	at org.apache.tools.ant.taskdefs.optional.junit.JUnitTestRunner.main(JUnitTestRunner.java:567)
com.topcoder.service.digitalrun.contest.MockResultCalculatorDAO.setSessionContext(javax.ejb.SessionContext)
java.lang.NoSuchMethodException: com.topcoder.service.digitalrun.contest.MockResultCalculatorDAO.setSessionContext(javax.ejb.SessionContext)
	at java.lang.Class.getMethod(Class.java:1581)
	at com.topcoder.service.digitalrun.contest.DigitalRunContestManagerBean.inject(DigitalRunContestManagerBean.java:490)
	at com.topcoder.service.digitalrun.contest.DigitalRunContestManagerBean.initialize(DigitalRunContestManagerBean.java:463)
	at com.topcoder.service.digitalrun.contest.DigitalRunContestManagerBeanUnitTests.setUp(DigitalRunContestManagerBeanUnitTests.java:51)
	at junit.framework.TestCase.runBare(TestCase.java:125)
	at junit.framework.TestResult$1.protect(TestResult.java:106)
	at junit.framework.TestResult.runProtected(TestResult.java:124)
	at junit.framework.TestResult.run(TestResult.java:109)
	at junit.framework.TestCase.run(TestCase.java:118)
	at junit.framework.TestSuite.runTest(TestSuite.java:208)
	at junit.framework.TestSuite.run(TestSuite.java:203)
	at junit.framework.TestSuite.runTest(TestSuite.java:208)
	at junit.framework.TestSuite.run(TestSuite.java:203)
	at org.apache.tools.ant.taskdefs.optional.junit.JUnitTestRunner.run(JUnitTestRunner.java:297)
	at org.apache.tools.ant.taskdefs.optional.junit.JUnitTestRunner.launch(JUnitTestRunner.java:672)
	at org.apache.tools.ant.taskdefs.optional.junit.JUnitTestRunner.main(JUnitTestRunner.java:567)
com.topcoder.service.digitalrun.contest.MockTrackContestDAO.setLogger(com.topcoder.util.log.Log)
java.lang.NoSuchMethodException: com.topcoder.service.digitalrun.contest.MockTrackContestDAO.setLogger(com.topcoder.util.log.Log)
	at java.lang.Class.getMethod(Class.java:1581)
	at com.topcoder.service.digitalrun.contest.DigitalRunContestManagerBean.inject(DigitalRunContestManagerBean.java:490)
	at com.topcoder.service.digitalrun.contest.DigitalRunContestManagerBean.initialize(DigitalRunContestManagerBean.java:452)
	at com.topcoder.service.digitalrun.contest.DigitalRunContestManagerBeanUnitTests.setUp(DigitalRunContestManagerBeanUnitTests.java:51)
	at junit.framework.TestCase.runBare(TestCase.java:125)
	at junit.framework.TestResult$1.protect(TestResult.java:106)
	at junit.framework.TestResult.runProtected(TestResult.java:124)
	at junit.framework.TestResult.run(TestResult.java:109)
	at junit.framework.TestCase.run(TestCase.java:118)
	at junit.framework.TestSuite.runTest(TestSuite.java:208)
	at junit.framework.TestSuite.run(TestSuite.java:203)
	at junit.framework.TestSuite.runTest(TestSuite.java:208)
	at junit.framework.TestSuite.run(TestSuite.java:203)
	at org.apache.tools.ant.taskdefs.optional.junit.JUnitTestRunner.run(JUnitTestRunner.java:297)
	at org.apache.tools.ant.taskdefs.optional.junit.JUnitTestRunner.launch(JUnitTestRunner.java:672)
	at org.apache.tools.ant.taskdefs.optional.junit.JUnitTestRunner.main(JUnitTestRunner.java:567)
com.topcoder.service.digitalrun.contest.MockTrackContestTypeDAO.setLogger(com.topcoder.util.log.Log)
java.lang.NoSuchMethodException: com.topcoder.service.digitalrun.contest.MockTrackContestTypeDAO.setLogger(com.topcoder.util.log.Log)
	at java.lang.Class.getMethod(Class.java:1581)
	at com.topcoder.service.digitalrun.contest.DigitalRunContestManagerBean.inject(DigitalRunContestManagerBean.java:490)
	at com.topcoder.service.digitalrun.contest.DigitalRunContestManagerBean.initialize(DigitalRunContestManagerBean.java:453)
	at com.topcoder.service.digitalrun.contest.DigitalRunContestManagerBeanUnitTests.setUp(DigitalRunContestManagerBeanUnitTests.java:51)
	at junit.framework.TestCase.runBare(TestCase.java:125)
	at junit.framework.TestResult$1.protect(TestResult.java:106)
	at junit.framework.TestResult.runProtected(TestResult.java:124)
	at junit.framework.TestResult.run(TestResult.java:109)
	at junit.framework.TestCase.run(TestCase.java:118)
	at junit.framework.TestSuite.runTest(TestSuite.java:208)
	at junit.framework.TestSuite.run(TestSuite.java:203)
	at junit.framework.TestSuite.runTest(TestSuite.java:208)
	at junit.framework.TestSuite.run(TestSuite.java:203)
	at org.apache.tools.ant.taskdefs.optional.junit.JUnitTestRunner.run(JUnitTestRunner.java:297)
	at org.apache.tools.ant.taskdefs.optional.junit.JUnitTestRunner.launch(JUnitTestRunner.java:672)
	at org.apache.tools.ant.taskdefs.optional.junit.JUnitTestRunner.main(JUnitTestRunner.java:567)
com.topcoder.service.digitalrun.contest.MockResultCalculatorDAO.setLogger(com.topcoder.util.log.Log)
java.lang.NoSuchMethodException: com.topcoder.service.digitalrun.contest.MockResultCalculatorDAO.setLogger(com.topcoder.util.log.Log)
	at java.lang.Class.getMethod(Class.java:1581)
	at com.topcoder.service.digitalrun.contest.DigitalRunContestManagerBean.inject(DigitalRunContestManagerBean.java:490)
	at com.topcoder.service.digitalrun.contest.DigitalRunContestManagerBean.initialize(DigitalRunContestManagerBean.java:454)
	at com.topcoder.service.digitalrun.contest.DigitalRunContestManagerBeanUnitTests.setUp(DigitalRunContestManagerBeanUnitTests.java:51)
	at junit.framework.TestCase.runBare(TestCase.java:125)
	at junit.framework.TestResult$1.protect(TestResult.java:106)
	at junit.framework.TestResult.runProtected(TestResult.java:124)
	at junit.framework.TestResult.run(TestResult.java:109)
	at junit.framework.TestCase.run(TestCase.java:118)
	at junit.framework.TestSuite.runTest(TestSuite.java:208)
	at junit.framework.TestSuite.run(TestSuite.java:203)
	at junit.framework.TestSuite.runTest(TestSuite.java:208)
	at junit.framework.TestSuite.run(TestSuite.java:203)
	at org.apache.tools.ant.taskdefs.optional.junit.JUnitTestRunner.run(JUnitTestRunner.java:297)
	at org.apache.tools.ant.taskdefs.optional.junit.JUnitTestRunner.launch(JUnitTestRunner.java:672)
	at org.apache.tools.ant.taskdefs.optional.junit.JUnitTestRunner.main(JUnitTestRunner.java:567)
com.topcoder.service.digitalrun.contest.MockTrackContestDAO.setUnitName(java.lang.String)
java.lang.NoSuchMethodException: com.topcoder.service.digitalrun.contest.MockTrackContestDAO.setUnitName(java.lang.String)
	at java.lang.Class.getMethod(Class.java:1581)
	at com.topcoder.service.digitalrun.contest.DigitalRunContestManagerBean.inject(DigitalRunContestManagerBean.java:490)
	at com.topcoder.service.digitalrun.contest.DigitalRunContestManagerBean.initialize(DigitalRunContestManagerBean.java:457)
	at com.topcoder.service.digitalrun.contest.DigitalRunContestManagerBeanUnitTests.setUp(DigitalRunContestManagerBeanUnitTests.java:51)
	at junit.framework.TestCase.runBare(TestCase.java:125)
	at junit.framework.TestResult$1.protect(TestResult.java:106)
	at junit.framework.TestResult.runProtected(TestResult.java:124)
	at junit.framework.TestResult.run(TestResult.java:109)
	at junit.framework.TestCase.run(TestCase.java:118)
	at junit.framework.TestSuite.runTest(TestSuite.java:208)
	at junit.framework.TestSuite.run(TestSuite.java:203)
	at junit.framework.TestSuite.runTest(TestSuite.java:208)
	at junit.framework.TestSuite.run(TestSuite.java:203)
	at org.apache.tools.ant.taskdefs.optional.junit.JUnitTestRunner.run(JUnitTestRunner.java:297)
	at org.apache.tools.ant.taskdefs.optional.junit.JUnitTestRunner.launch(JUnitTestRunner.java:672)
	at org.apache.tools.ant.taskdefs.optional.junit.JUnitTestRunner.main(JUnitTestRunner.java:567)
com.topcoder.service.digitalrun.contest.MockTrackContestTypeDAO.setUnitName(java.lang.String)
java.lang.NoSuchMethodException: com.topcoder.service.digitalrun.contest.MockTrackContestTypeDAO.setUnitName(java.lang.String)
	at java.lang.Class.getMethod(Class.java:1581)
	at com.topcoder.service.digitalrun.contest.DigitalRunContestManagerBean.inject(DigitalRunContestManagerBean.java:490)
	at com.topcoder.service.digitalrun.contest.DigitalRunContestManagerBean.initialize(DigitalRunContestManagerBean.java:458)
	at com.topcoder.service.digitalrun.contest.DigitalRunContestManagerBeanUnitTests.setUp(DigitalRunContestManagerBeanUnitTests.java:51)
	at junit.framework.TestCase.runBare(TestCase.java:125)
	at junit.framework.TestResult$1.protect(TestResult.java:106)
	at junit.framework.TestResult.runProtected(TestResult.java:124)
	at junit.framework.TestResult.run(TestResult.java:109)
	at junit.framework.TestCase.run(TestCase.java:118)
	at junit.framework.TestSuite.runTest(TestSuite.java:208)
	at junit.framework.TestSuite.run(TestSuite.java:203)
	at junit.framework.TestSuite.runTest(TestSuite.java:208)
	at junit.framework.TestSuite.run(TestSuite.java:203)
	at org.apache.tools.ant.taskdefs.optional.junit.JUnitTestRunner.run(JUnitTestRunner.java:297)
	at org.apache.tools.ant.taskdefs.optional.junit.JUnitTestRunner.launch(JUnitTestRunner.java:672)
	at org.apache.tools.ant.taskdefs.optional.junit.JUnitTestRunner.main(JUnitTestRunner.java:567)
com.topcoder.service.digitalrun.contest.MockResultCalculatorDAO.setUnitName(java.lang.String)
java.lang.NoSuchMethodException: com.topcoder.service.digitalrun.contest.MockResultCalculatorDAO.setUnitName(java.lang.String)
	at java.lang.Class.getMethod(Class.java:1581)
	at com.topcoder.service.digitalrun.contest.DigitalRunContestManagerBean.inject(DigitalRunContestManagerBean.java:490)
	at com.topcoder.service.digitalrun.contest.DigitalRunContestManagerBean.initialize(DigitalRunContestManagerBean.java:459)
	at com.topcoder.service.digitalrun.contest.DigitalRunContestManagerBeanUnitTests.setUp(DigitalRunContestManagerBeanUnitTests.java:51)
	at junit.framework.TestCase.runBare(TestCase.java:125)
	at junit.framework.TestResult$1.protect(TestResult.java:106)
	at junit.framework.TestResult.runProtected(TestResult.java:124)
	at junit.framework.TestResult.run(TestResult.java:109)
	at junit.framework.TestCase.run(TestCase.java:118)
	at junit.framework.TestSuite.runTest(TestSuite.java:208)
	at junit.framework.TestSuite.run(TestSuite.java:203)
	at junit.framework.TestSuite.runTest(TestSuite.java:208)
	at junit.framework.TestSuite.run(TestSuite.java:203)
	at org.apache.tools.ant.taskdefs.optional.junit.JUnitTestRunner.run(JUnitTestRunner.java:297)
	at org.apache.tools.ant.taskdefs.optional.junit.JUnitTestRunner.launch(JUnitTestRunner.java:672)
	at org.apache.tools.ant.taskdefs.optional.junit.JUnitTestRunner.main(JUnitTestRunner.java:567)
com.topcoder.service.digitalrun.contest.MockTrackContestDAO.setSessionContext(javax.ejb.SessionContext)
java.lang.NoSuchMethodException: com.topcoder.service.digitalrun.contest.MockTrackContestDAO.setSessionContext(javax.ejb.SessionContext)
	at java.lang.Class.getMethod(Class.java:1581)
	at com.topcoder.service.digitalrun.contest.DigitalRunContestManagerBean.inject(DigitalRunContestManagerBean.java:490)
	at com.topcoder.service.digitalrun.contest.DigitalRunContestManagerBean.initialize(DigitalRunContestManagerBean.java:461)
	at com.topcoder.service.digitalrun.contest.DigitalRunContestManagerBeanUnitTests.setUp(DigitalRunContestManagerBeanUnitTests.java:51)
	at junit.framework.TestCase.runBare(TestCase.java:125)
	at junit.framework.TestResult$1.protect(TestResult.java:106)
	at junit.framework.TestResult.runProtected(TestResult.java:124)
	at junit.framework.TestResult.run(TestResult.java:109)
	at junit.framework.TestCase.run(TestCase.java:118)
	at junit.framework.TestSuite.runTest(TestSuite.java:208)
	at junit.framework.TestSuite.run(TestSuite.java:203)
	at junit.framework.TestSuite.runTest(TestSuite.java:208)
	at junit.framework.TestSuite.run(TestSuite.java:203)
	at org.apache.tools.ant.taskdefs.optional.junit.JUnitTestRunner.run(JUnitTestRunner.java:297)
	at org.apache.tools.ant.taskdefs.optional.junit.JUnitTestRunner.launch(JUnitTestRunner.java:672)
	at org.apache.tools.ant.taskdefs.optional.junit.JUnitTestRunner.main(JUnitTestRunner.java:567)
com.topcoder.service.digitalrun.contest.MockTrackContestTypeDAO.setSessionContext(javax.ejb.SessionContext)
java.lang.NoSuchMethodException: com.topcoder.service.digitalrun.contest.MockTrackContestTypeDAO.setSessionContext(javax.ejb.SessionContext)
	at java.lang.Class.getMethod(Class.java:1581)
	at com.topcoder.service.digitalrun.contest.DigitalRunContestManagerBean.inject(DigitalRunContestManagerBean.java:490)
	at com.topcoder.service.digitalrun.contest.DigitalRunContestManagerBean.initialize(DigitalRunContestManagerBean.java:462)
	at com.topcoder.service.digitalrun.contest.DigitalRunContestManagerBeanUnitTests.setUp(DigitalRunContestManagerBeanUnitTests.java:51)
	at junit.framework.TestCase.runBare(TestCase.java:125)
	at junit.framework.TestResult$1.protect(TestResult.java:106)
	at junit.framework.TestResult.runProtected(TestResult.java:124)
	at junit.framework.TestResult.run(TestResult.java:109)
	at junit.framework.TestCase.run(TestCase.java:118)
	at junit.framework.TestSuite.runTest(TestSuite.java:208)
	at junit.framework.TestSuite.run(TestSuite.java:203)
	at junit.framework.TestSuite.runTest(TestSuite.java:208)
	at junit.framework.TestSuite.run(TestSuite.java:203)
	at org.apache.tools.ant.taskdefs.optional.junit.JUnitTestRunner.run(JUnitTestRunner.java:297)
	at org.apache.tools.ant.taskdefs.optional.junit.JUnitTestRunner.launch(JUnitTestRunner.java:672)
	at org.apache.tools.ant.taskdefs.optional.junit.JUnitTestRunner.main(JUnitTestRunner.java:567)
com.topcoder.service.digitalrun.contest.MockResultCalculatorDAO.setSessionContext(javax.ejb.SessionContext)
java.lang.NoSuchMethodException: com.topcoder.service.digitalrun.contest.MockResultCalculatorDAO.setSessionContext(javax.ejb.SessionContext)
[...]
	at junit.framework.TestCase.run(TestCase.java:118)
	at junit.framework.TestSuite.runTest(TestSuite.java:208)
	at junit.framework.TestSuite.run(TestSuite.java:203)
	at junit.framework.TestSuite.runTest(TestSuite.java:208)
	at junit.framework.TestSuite.run(TestSuite.java:203)
	at org.apache.tools.ant.taskdefs.optional.junit.JUnitTestRunner.run(JUnitTestRunner.java:297)
	at org.apache.tools.ant.taskdefs.optional.junit.JUnitTestRunner.launch(JUnitTestRunner.java:672)
	at org.apache.tools.ant.taskdefs.optional.junit.JUnitTestRunner.main(JUnitTestRunner.java:567)
com.topcoder.service.digitalrun.contest.MockResultCalculatorDAO.setLogger(com.topcoder.util.log.Log)
java.lang.NoSuchMethodException: com.topcoder.service.digitalrun.contest.MockResultCalculatorDAO.setLogger(com.topcoder.util.log.Log)
	at java.lang.Class.getMethod(Class.java:1581)
	at com.topcoder.service.digitalrun.contest.DigitalRunContestManagerBean.inject(DigitalRunContestManagerBean.java:490)
	at com.topcoder.service.digitalrun.contest.DigitalRunContestManagerBean.initialize(DigitalRunContestManagerBean.java:454)
	at com.topcoder.service.digitalrun.contest.DigitalRunContestManagerBeanUnitTests.setUp(DigitalRunContestManagerBeanUnitTests.java:51)
	at junit.framework.TestCase.runBare(TestCase.java:125)
	at junit.framework.TestResult$1.protect(TestResult.java:106)
	at junit.framework.TestResult.runProtected(TestResult.java:124)
	at junit.framework.TestResult.run(TestResult.java:109)
	at junit.framework.TestCase.run(TestCase.java:118)
	at junit.framework.TestSuite.runTest(TestSuite.java:208)
	at junit.framework.TestSuite.run(TestSuite.java:203)
	at junit.framework.TestSuite.runTest(TestSuite.java:208)
	at junit.framework.TestSuite.run(TestSuite.java:203)
	at org.apache.tools.ant.taskdefs.optional.junit.JUnitTestRunner.run(JUnitTestRunner.java:297)
	at org.apache.tools.ant.taskdefs.optional.junit.JUnitTestRunner.launch(JUnitTestRunner.java:672)
	at org.apache.tools.ant.taskdefs.optional.junit.JUnitTestRunner.main(JUnitTestRunner.java:567)
com.topcoder.service.digitalrun.contest.MockTrackContestDAO.setUnitName(java.lang.String)
java.lang.NoSuchMethodException: com.topcoder.service.digitalrun.contest.MockTrackContestDAO.setUnitName(java.lang.String)
	at java.lang.Class.getMethod(Class.java:1581)
	at com.topcoder.service.digitalrun.contest.DigitalRunContestManagerBean.inject(DigitalRunContestManagerBean.java:490)
	at com.topcoder.service.digitalrun.contest.DigitalRunContestManagerBean.initialize(DigitalRunContestManagerBean.java:457)
	at com.topcoder.service.digitalrun.contest.DigitalRunContestManagerBeanUnitTests.setUp(DigitalRunContestManagerBeanUnitTests.java:51)
	at junit.framework.TestCase.runBare(TestCase.java:125)
	at junit.framework.TestResult$1.protect(TestResult.java:106)
	at junit.framework.TestResult.runProtected(TestResult.java:124)
	at junit.framework.TestResult.run(TestResult.java:109)
	at junit.framework.TestCase.run(TestCase.java:118)
	at junit.framework.TestSuite.runTest(TestSuite.java:208)
	at junit.framework.TestSuite.run(TestSuite.java:203)
	at junit.framework.TestSuite.runTest(TestSuite.java:208)
	at junit.framework.TestSuite.run(TestSuite.java:203)
	at org.apache.tools.ant.taskdefs.optional.junit.JUnitTestRunner.run(JUnitTestRunner.java:297)
	at org.apache.tools.ant.taskdefs.optional.junit.JUnitTestRunner.launch(JUnitTestRunner.java:672)
	at org.apache.tools.ant.taskdefs.optional.junit.JUnitTestRunner.main(JUnitTestRunner.java:567)
com.topcoder.service.digitalrun.contest.MockTrackContestTypeDAO.setUnitName(java.lang.String)
java.lang.NoSuchMethodException: com.topcoder.service.digitalrun.contest.MockTrackContestTypeDAO.setUnitName(java.lang.String)
	at java.lang.Class.getMethod(Class.java:1581)
	at com.topcoder.service.digitalrun.contest.DigitalRunContestManagerBean.inject(DigitalRunContestManagerBean.java:490)
	at com.topcoder.service.digitalrun.contest.DigitalRunContestManagerBean.initialize(DigitalRunContestManagerBean.java:458)
	at com.topcoder.service.digitalrun.contest.DigitalRunContestManagerBeanUnitTests.setUp(DigitalRunContestManagerBeanUnitTests.java:51)
	at junit.framework.TestCase.runBare(TestCase.java:125)
	at junit.framework.TestResult$1.protect(TestResult.java:106)
	at junit.framework.TestResult.runProtected(TestResult.java:124)
	at junit.framework.TestResult.run(TestResult.java:109)
	at junit.framework.TestCase.run(TestCase.java:118)
	at junit.framework.TestSuite.runTest(TestSuite.java:208)
	at junit.framework.TestSuite.run(TestSuite.java:203)
	at junit.framework.TestSuite.runTest(TestSuite.java:208)
	at junit.framework.TestSuite.run(TestSuite.java:203)
	at org.apache.tools.ant.taskdefs.optional.junit.JUnitTestRunner.run(JUnitTestRunner.java:297)
	at org.apache.tools.ant.taskdefs.optional.junit.JUnitTestRunner.launch(JUnitTestRunner.java:672)
	at org.apache.tools.ant.taskdefs.optional.junit.JUnitTestRunner.main(JUnitTestRunner.java:567)
com.topcoder.service.digitalrun.contest.MockResultCalculatorDAO.setUnitName(java.lang.String)
java.lang.NoSuchMethodException: com.topcoder.service.digitalrun.contest.MockResultCalculatorDAO.setUnitName(java.lang.String)
	at java.lang.Class.getMethod(Class.java:1581)
	at com.topcoder.service.digitalrun.contest.DigitalRunContestManagerBean.inject(DigitalRunContestManagerBean.java:490)
	at com.topcoder.service.digitalrun.contest.DigitalRunContestManagerBean.initialize(DigitalRunContestManagerBean.java:459)
	at com.topcoder.service.digitalrun.contest.DigitalRunContestManagerBeanUnitTests.setUp(DigitalRunContestManagerBeanUnitTests.java:51)
	at junit.framework.TestCase.runBare(TestCase.java:125)
	at junit.framework.TestResult$1.protect(TestResult.java:106)
	at junit.framework.TestResult.runProtected(TestResult.java:124)
	at junit.framework.TestResult.run(TestResult.java:109)
	at junit.framework.TestCase.run(TestCase.java:118)
	at junit.framework.TestSuite.runTest(TestSuite.java:208)
	at junit.framework.TestSuite.run(TestSuite.java:203)
	at junit.framework.TestSuite.runTest(TestSuite.java:208)
	at junit.framework.TestSuite.run(TestSuite.java:203)
	at org.apache.tools.ant.taskdefs.optional.junit.JUnitTestRunner.run(JUnitTestRunner.java:297)
	at org.apache.tools.ant.taskdefs.optional.junit.JUnitTestRunner.launch(JUnitTestRunner.java:672)
	at org.apache.tools.ant.taskdefs.optional.junit.JUnitTestRunner.main(JUnitTestRunner.java:567)
com.topcoder.service.digitalrun.contest.MockTrackContestDAO.setSessionContext(javax.ejb.SessionContext)
java.lang.NoSuchMethodException: com.topcoder.service.digitalrun.contest.MockTrackContestDAO.setSessionContext(javax.ejb.SessionContext)
	at java.lang.Class.getMethod(Class.java:1581)
	at com.topcoder.service.digitalrun.contest.DigitalRunContestManagerBean.inject(DigitalRunContestManagerBean.java:490)
	at com.topcoder.service.digitalrun.contest.DigitalRunContestManagerBean.initialize(DigitalRunContestManagerBean.java:461)
	at com.topcoder.service.digitalrun.contest.DigitalRunContestManagerBeanUnitTests.setUp(DigitalRunContestManagerBeanUnitTests.java:51)
	at junit.framework.TestCase.runBare(TestCase.java:125)
	at junit.framework.TestResult$1.protect(TestResult.java:106)
	at junit.framework.TestResult.runProtected(TestResult.java:124)
	at junit.framework.TestResult.run(TestResult.java:109)
	at junit.framework.TestCase.run(TestCase.java:118)
	at junit.framework.TestSuite.runTest(TestSuite.java:208)
	at junit.framework.TestSuite.run(TestSuite.java:203)
	at junit.framework.TestSuite.runTest(TestSuite.java:208)
	at junit.framework.TestSuite.run(TestSuite.java:203)
	at org.apache.tools.ant.taskdefs.optional.junit.JUnitTestRunner.run(JUnitTestRunner.java:297)
	at org.apache.tools.ant.taskdefs.optional.junit.JUnitTestRunner.launch(JUnitTestRunner.java:672)
	at org.apache.tools.ant.taskdefs.optional.junit.JUnitTestRunner.main(JUnitTestRunner.java:567)
com.topcoder.service.digitalrun.contest.MockTrackContestTypeDAO.setSessionContext(javax.ejb.SessionContext)
java.lang.NoSuchMethodException: com.topcoder.service.digitalrun.contest.MockTrackContestTypeDAO.setSessionContext(javax.ejb.SessionContext)
	at java.lang.Class.getMethod(Class.java:1581)
	at com.topcoder.service.digitalrun.contest.DigitalRunContestManagerBean.inject(DigitalRunContestManagerBean.java:490)
	at com.topcoder.service.digitalrun.contest.DigitalRunContestManagerBean.initialize(DigitalRunContestManagerBean.java:462)
	at com.topcoder.service.digitalrun.contest.DigitalRunContestManagerBeanUnitTests.setUp(DigitalRunContestManagerBeanUnitTests.java:51)
	at junit.framework.TestCase.runBare(TestCase.java:125)
	at junit.framework.TestResult$1.protect(TestResult.java:106)
	at junit.framework.TestResult.runProtected(TestResult.java:124)
	at junit.framework.TestResult.run(TestResult.java:109)
	at junit.framework.TestCase.run(TestCase.java:118)
	at junit.framework.TestSuite.runTest(TestSuite.java:208)
	at junit.framework.TestSuite.run(TestSuite.java:203)
	at junit.framework.TestSuite.runTest(TestSuite.java:208)
	at junit.framework.TestSuite.run(TestSuite.java:203)
	at org.apache.tools.ant.taskdefs.optional.junit.JUnitTestRunner.run(JUnitTestRunner.java:297)
	at org.apache.tools.ant.taskdefs.optional.junit.JUnitTestRunner.launch(JUnitTestRunner.java:672)
	at org.apache.tools.ant.taskdefs.optional.junit.JUnitTestRunner.main(JUnitTestRunner.java:567)
com.topcoder.service.digitalrun.contest.MockResultCalculatorDAO.setSessionContext(javax.ejb.SessionContext)
java.lang.NoSuchMethodException: com.topcoder.service.digitalrun.contest.MockResultCalculatorDAO.setSessionContext(javax.ejb.SessionContext)
	at java.lang.Class.getMethod(Class.java:1581)
	at com.topcoder.service.digitalrun.contest.DigitalRunContestManagerBean.inject(DigitalRunContestManagerBean.java:490)
	at com.topcoder.service.digitalrun.contest.DigitalRunContestManagerBean.initialize(DigitalRunContestManagerBean.java:463)
	at com.topcoder.service.digitalrun.contest.DigitalRunContestManagerBeanUnitTests.setUp(DigitalRunContestManagerBeanUnitTests.java:51)
	at junit.framework.TestCase.runBare(TestCase.java:125)
	at junit.framework.TestResult$1.protect(TestResult.java:106)
	at junit.framework.TestResult.runProtected(TestResult.java:124)
	at junit.framework.TestResult.run(TestResult.java:109)
	at junit.framework.TestCase.run(TestCase.java:118)
	at junit.framework.TestSuite.runTest(TestSuite.java:208)
	at junit.framework.TestSuite.run(TestSuite.java:203)
	at junit.framework.TestSuite.runTest(TestSuite.java:208)
	at junit.framework.TestSuite.run(TestSuite.java:203)
	at org.apache.tools.ant.taskdefs.optional.junit.JUnitTestRunner.run(JUnitTestRunner.java:297)
	at org.apache.tools.ant.taskdefs.optional.junit.JUnitTestRunner.launch(JUnitTestRunner.java:672)
	at org.apache.tools.ant.taskdefs.optional.junit.JUnitTestRunner.main(JUnitTestRunner.java:567)
Enter into method [DigitalRunContestManagerBean#removeTrackContestType(long)]
mock exception
com.topcoder.service.digitalrun.contest.PersistenceException: mock exception
	at com.topcoder.service.digitalrun.contest.MockTrackContestTypeDAO.removeTrackContestType(MockTrackContestTypeDAO.java:79)
	at com.topcoder.service.digitalrun.contest.DigitalRunContestManagerBean.removeTrackContestType(DigitalRunContestManagerBean.java:777)
	at com.topcoder.service.digitalrun.contest.DigitalRunContestManagerBeanUnitTests.testRemoveTrackContestType(DigitalRunContestManagerBeanUnitTests.java:481)
	at sun.reflect.NativeMethodAccessorImpl.invoke0(Native Method)
	at sun.reflect.NativeMethodAccessorImpl.invoke(NativeMethodAccessorImpl.java:39)
	at sun.reflect.DelegatingMethodAccessorImpl.invoke(DelegatingMethodAccessorImpl.java:25)
	at java.lang.reflect.Method.invoke(Method.java:585)
	at junit.framework.TestCase.runTest(TestCase.java:154)
	at junit.framework.TestCase.runBare(TestCase.java:127)
	at junit.framework.TestResult$1.protect(TestResult.java:106)
	at junit.framework.TestResult.runProtected(TestResult.java:124)
	at junit.framework.TestResult.run(TestResult.java:109)
	at junit.framework.TestCase.run(TestCase.java:118)
	at junit.framework.TestSuite.runTest(TestSuite.java:208)
	at junit.framework.TestSuite.run(TestSuite.java:203)
	at junit.framework.TestSuite.runTest(TestSuite.java:208)
	at junit.framework.TestSuite.run(TestSuite.java:203)
	at org.apache.tools.ant.taskdefs.optional.junit.JUnitTestRunner.run(JUnitTestRunner.java:297)
	at org.apache.tools.ant.taskdefs.optional.junit.JUnitTestRunner.launch(JUnitTestRunner.java:672)
	at org.apache.tools.ant.taskdefs.optional.junit.JUnitTestRunner.main(JUnitTestRunner.java:567)
Exit from method [DigitalRunContestManagerBean#removeTrackContestType(long)]
Hibernate: /* insert com.topcoder.service.digitalrun.entity.PointsCalculator */ insert into points_calculator_lu (class_name, points_calculator_desc, points_calculator_id) values (?, ?, ?)
Hibernate: /* insert com.topcoder.service.digitalrun.entity.TrackStatus */ insert into track_status_lu (track_status_desc, track_status_id) values (?, ?)
Hibernate: /* insert com.topcoder.service.digitalrun.entity.TrackType */ insert into track_type_lu (track_type_desc, track_type_id) values (?, ?)
Hibernate: /* insert com.topcoder.service.digitalrun.entity.Track */ insert into track (track_type_id, track_status_id, points_calculator_id, track_start_date, track_end_date, track_desc, track_id) values (?, ?, ?, ?, ?, ?, ?)
Hibernate: /* insert com.topcoder.service.digitalrun.entity.TrackContestResultCalculator */ insert into track_contest_result_calculator_lu (class_name, track_contest_result_calculator_desc, track_contest_result_calculator_id) values (?, ?, ?)
Hibernate: /* insert com.topcoder.service.digitalrun.entity.TrackContestType */ insert into track_contest_type_lu (track_contest_type_desc, track_contest_type_id) values (?, ?)
Hibernate: /* delete com.topcoder.service.digitalrun.entity.TrackContestResultCalculator */ delete from track_contest_result_calculator_lu where track_contest_result_calculator_id=?
Hibernate: /* delete com.topcoder.service.digitalrun.entity.TrackContestType */ delete from track_contest_type_lu where track_contest_type_id=?
Hibernate: /* delete com.topcoder.service.digitalrun.entity.Track */ delete from track where track_id=?
Hibernate: /* delete com.topcoder.service.digitalrun.entity.PointsCalculator */ delete from points_calculator_lu where points_calculator_id=?
Hibernate: /* delete com.topcoder.service.digitalrun.entity.TrackStatus */ delete from track_status_lu where track_status_id=?
Hibernate: /* delete com.topcoder.service.digitalrun.entity.TrackType */ delete from track_type_lu where track_type_id=?
Hibernate: /* insert com.topcoder.service.digitalrun.entity.PointsCalculator */ insert into points_calculator_lu (class_name, points_calculator_desc, points_calculator_id) values (?, ?, ?)
Hibernate: /* insert com.topcoder.service.digitalrun.entity.TrackStatus */ insert into track_status_lu (track_status_desc, track_status_id) values (?, ?)
Hibernate: /* insert com.topcoder.service.digitalrun.entity.TrackType */ insert into track_type_lu (track_type_desc, track_type_id) values (?, ?)
Hibernate: /* insert com.topcoder.service.digitalrun.entity.Track */ insert into track (track_type_id, track_status_id, points_calculator_id, track_start_date, track_end_date, track_desc, track_id) values (?, ?, ?, ?, ?, ?, ?)
Hibernate: /* insert com.topcoder.service.digitalrun.entity.TrackContestResultCalculator */ insert into track_contest_result_calculator_lu (class_name, track_contest_result_calculator_desc, track_contest_result_calculator_id) values (?, ?, ?)
Hibernate: /* insert com.topcoder.service.digitalrun.entity.TrackContestType */ insert into track_contest_type_lu (track_contest_type_desc, track_contest_type_id) values (?, ?)
Hibernate: /* delete com.topcoder.service.digitalrun.entity.TrackContestResultCalculator */ delete from track_contest_result_calculator_lu where track_contest_result_calculator_id=?
Hibernate: /* delete com.topcoder.service.digitalrun.entity.TrackContestType */ delete from track_contest_type_lu where track_contest_type_id=?
Hibernate: /* delete com.topcoder.service.digitalrun.entity.Track */ delete from track where track_id=?
Hibernate: /* delete com.topcoder.service.digitalrun.entity.PointsCalculator */ delete from points_calculator_lu where points_calculator_id=?
Hibernate: /* delete com.topcoder.service.digitalrun.entity.TrackStatus */ delete from track_status_lu where track_status_id=?
Hibernate: /* delete com.topcoder.service.digitalrun.entity.TrackType */ delete from track_type_lu where track_type_id=?
Hibernate: /* insert com.topcoder.service.digitalrun.entity.PointsCalculator */ insert into points_calculator_lu (class_name, points_calculator_desc, points_calculator_id) values (?, ?, ?)
Hibernate: /* insert com.topcoder.service.digitalrun.entity.TrackStatus */ insert into track_status_lu (track_status_desc, track_status_id) values (?, ?)
Hibernate: /* insert com.topcoder.service.digitalrun.entity.TrackType */ insert into track_type_lu (track_type_desc, track_type_id) values (?, ?)
Hibernate: /* insert com.topcoder.service.digitalrun.entity.Track */ insert into track (track_type_id, track_status_id, points_calculator_id, track_start_date, track_end_date, track_desc, track_id) values (?, ?, ?, ?, ?, ?, ?)
Hibernate: /* insert com.topcoder.service.digitalrun.entity.TrackContestResultCalculator */ insert into track_contest_result_calculator_lu (class_name, track_contest_result_calculator_desc, track_contest_result_calculator_id) values (?, ?, ?)
Hibernate: /* insert com.topcoder.service.digitalrun.entity.TrackContestType */ insert into track_contest_type_lu (track_contest_type_desc, track_contest_type_id) values (?, ?)
Hibernate: /* delete com.topcoder.service.digitalrun.entity.TrackContestResultCalculator */ delete from track_contest_result_calculator_lu where track_contest_result_calculator_id=?
Hibernate: /* delete com.topcoder.service.digitalrun.entity.TrackContestType */ delete from track_contest_type_lu where track_contest_type_id=?
Hibernate: /* delete com.topcoder.service.digitalrun.entity.Track */ delete from track where track_id=?
Hibernate: /* delete com.topcoder.service.digitalrun.entity.PointsCalculator */ delete from points_calculator_lu where points_calculator_id=?
Hibernate: /* delete com.topcoder.service.digitalrun.entity.TrackStatus */ delete from track_status_lu where track_status_id=?
Hibernate: /* delete com.topcoder.service.digitalrun.entity.TrackType */ delete from track_type_lu where track_type_id=?
Hibernate: /* insert com.topcoder.service.digitalrun.entity.PointsCalculator */ insert into points_calculator_lu (class_name, points_calculator_desc, points_calculator_id) values (?, ?, ?)
Hibernate: /* insert com.topcoder.service.digitalrun.entity.TrackStatus */ insert into track_status_lu (track_status_desc, track_status_id) values (?, ?)
Hibernate: /* insert com.topcoder.service.digitalrun.entity.TrackType */ insert into track_type_lu (track_type_desc, track_type_id) values (?, ?)
Hibernate: /* insert com.topcoder.service.digitalrun.entity.Track */ insert into track (track_type_id, track_status_id, points_calculator_id, track_start_date, track_end_date, track_desc, track_id) values (?, ?, ?, ?, ?, ?, ?)
Hibernate: /* delete com.topcoder.service.digitalrun.entity.Track */ delete from track where track_id=?
Hibernate: /* delete com.topcoder.service.digitalrun.entity.PointsCalculator */ delete from points_calculator_lu where points_calculator_id=?
Hibernate: /* delete com.topcoder.service.digitalrun.entity.TrackStatus */ delete from track_status_lu where track_status_id=?
Hibernate: /* delete com.topcoder.service.digitalrun.entity.TrackType */ delete from track_type_lu where track_type_id=?
]]></system-out>
  <system-err><![CDATA[]]></system-err>
</testsuite>
