<?xml version="1.0" encoding="UTF-8" ?>
<testsuite errors="0" failures="0" hostname="James-PC" name="com.topcoder.management.review.data.AllTests" tests="295" time="7.446" timestamp="2010-09-17T20:34:27">
  <properties>
[...]
</properties>
  <testcase classname="com.topcoder.management.review.data.CommentTypeUnitTests" name="testImplements" time="0.0030" />
  <testcase classname="com.topcoder.management.review.data.CommentTypeUnitTests" name="testConstructorWithNoArgu" time="0.0" />
  <testcase classname="com.topcoder.management.review.data.CommentTypeUnitTests" name="testConstructorWithNegativeId" time="0.0" />
  <testcase classname="com.topcoder.management.review.data.CommentTypeUnitTests" name="testConstructorWithZeroId" time="0.032" />
  <testcase classname="com.topcoder.management.review.data.CommentTypeUnitTests" name="testConstructorWithPositiveId" time="0.0010" />
  <testcase classname="com.topcoder.management.review.data.CommentTypeUnitTests" name="testConstructorWithNegativeIdAndNonNullName" time="0.0" />
  <testcase classname="com.topcoder.management.review.data.CommentTypeUnitTests" name="testConstructorWithZeroIdAndNonNullName" time="0.0" />
  <testcase classname="com.topcoder.management.review.data.CommentTypeUnitTests" name="testConstructorWithPositiveIdAndNullName" time="0.092" />
  <testcase classname="com.topcoder.management.review.data.CommentTypeUnitTests" name="testConstructorWithPositiveIdAndNonNullName" time="0.0010" />
  <testcase classname="com.topcoder.management.review.data.CommentTypeUnitTests" name="testSetIdWithNegativeId" time="0.0010" />
  <testcase classname="com.topcoder.management.review.data.CommentTypeUnitTests" name="testSetIdWithZeroId" time="0.0" />
  <testcase classname="com.topcoder.management.review.data.CommentTypeUnitTests" name="testSetIdWithPositiveId" time="0.089" />
  <testcase classname="com.topcoder.management.review.data.CommentTypeUnitTests" name="testGetId" time="0.0" />
  <testcase classname="com.topcoder.management.review.data.CommentTypeUnitTests" name="testResetId" time="0.0" />
  <testcase classname="com.topcoder.management.review.data.CommentTypeUnitTests" name="testSetName" time="0.0" />
  <testcase classname="com.topcoder.management.review.data.CommentTypeUnitTests" name="testGetName" time="0.0" />
  <testcase classname="com.topcoder.management.review.data.CommentTypeUnitTests" name="testResetName" time="0.087" />
  <testcase classname="com.topcoder.management.review.data.CommentUnitTests" name="testImplements" time="0.0010" />
  <testcase classname="com.topcoder.management.review.data.CommentUnitTests" name="testConstructorWithNoArgu" time="0.0" />
  <testcase classname="com.topcoder.management.review.data.CommentUnitTests" name="testConstructorWithNegativeId" time="0.0010" />
  <testcase classname="com.topcoder.management.review.data.CommentUnitTests" name="testConstructorWithZeroId" time="0.089" />
  <testcase classname="com.topcoder.management.review.data.CommentUnitTests" name="testConstructorWithPositiveId" time="0.0010" />
  <testcase classname="com.topcoder.management.review.data.CommentUnitTests" name="testSetIdWithNegativeId" time="0.0" />
  <testcase classname="com.topcoder.management.review.data.CommentUnitTests" name="testSetIdWithZeroId" time="0.0" />
  <testcase classname="com.topcoder.management.review.data.CommentUnitTests" name="testSetIdWithPositiveId" time="0.088" />
  <testcase classname="com.topcoder.management.review.data.CommentUnitTests" name="testGetId" time="0.0" />
  <testcase classname="com.topcoder.management.review.data.CommentUnitTests" name="testResetId" time="0.0010" />
  <testcase classname="com.topcoder.management.review.data.CommentUnitTests" name="testConstructorWithNegativeIdAndPositiveAuthor" time="0.0" />
  <testcase classname="com.topcoder.management.review.data.CommentUnitTests" name="testConstructorWithZeroIdAndPositiveAuthor" time="0.0" />
  <testcase classname="com.topcoder.management.review.data.CommentUnitTests" name="testConstructorWithNegativeAuthorAndPositiveId" time="0.0010" />
  <testcase classname="com.topcoder.management.review.data.CommentUnitTests" name="testConstructorWithZeroAuthorAndPositiveId" time="0.0" />
  <testcase classname="com.topcoder.management.review.data.CommentUnitTests" name="testConstructorWithPositiveIdAndAuthor" time="0.0" />
  <testcase classname="com.topcoder.management.review.data.CommentUnitTests" name="testConstructorWithNegativeIdAndNonNullComment" time="0.091" />
  <testcase classname="com.topcoder.management.review.data.CommentUnitTests" name="testConstructorWithZeroIdAndNonNullComment" time="0.0010" />
  <testcase classname="com.topcoder.management.review.data.CommentUnitTests" name="testConstructorWithNegativeAuthorAndNonNullComment" time="0.0" />
  <testcase classname="com.topcoder.management.review.data.CommentUnitTests" name="testConstructorWithZeroAuthorAndNonNullComment" time="0.0" />
  <testcase classname="com.topcoder.management.review.data.CommentUnitTests" name="testConstructorWithPositiveIdAuthorAndNullComment" time="0.0" />
  <testcase classname="com.topcoder.management.review.data.CommentUnitTests" name="testConstructorWithPositiveIdAuthorAndNonNullComment" time="0.0010" />
  <testcase classname="com.topcoder.management.review.data.CommentUnitTests" name="testConstructorWithNegativeIdAndNonNullCommentType" time="0.0" />
  <testcase classname="com.topcoder.management.review.data.CommentUnitTests" name="testConstructorWithZeroIdAndNonNullCommentType" time="0.0" />
  <testcase classname="com.topcoder.management.review.data.CommentUnitTests" name="testConstructorWithNegativeAuthorAndNonNullCommentType" time="0.0010" />
  <testcase classname="com.topcoder.management.review.data.CommentUnitTests" name="testConstructorWithZeroAuthorAndNonNullCommentType" time="0.0010" />
  <testcase classname="com.topcoder.management.review.data.CommentUnitTests" name="testConstructorWithPositiveIdAuthorAndNullCommentType" time="0.0" />
  <testcase classname="com.topcoder.management.review.data.CommentUnitTests" name="testConstructorWithPositiveIdAuthorAndNonNullCommentType" time="0.0" />
  <testcase classname="com.topcoder.management.review.data.CommentUnitTests" name="testConstructorWithNegativeIdAndOtherValidArgus" time="0.0010" />
  <testcase classname="com.topcoder.management.review.data.CommentUnitTests" name="testConstructorWithZeroIdAndOtherValidArgus" time="0.0" />
  <testcase classname="com.topcoder.management.review.data.CommentUnitTests" name="testConstructorWithNegativeAuthorAndOtherValidArgus" time="0.0" />
  <testcase classname="com.topcoder.management.review.data.CommentUnitTests" name="testConstructorWithZeroAuthorAndOtherValidArgus" time="0.0010" />
  <testcase classname="com.topcoder.management.review.data.CommentUnitTests" name="testConstructorWithNullCommentAndOtherValidArgus" time="0.0" />
  <testcase classname="com.topcoder.management.review.data.CommentUnitTests" name="testConstructorWithNullCommentTypeAndOtherValidArgus" time="0.0" />
  <testcase classname="com.topcoder.management.review.data.CommentUnitTests" name="testConstructorWithValidArgus" time="0.0" />
  <testcase classname="com.topcoder.management.review.data.CommentUnitTests" name="testSetAuthorWithNegativeAuthor" time="0.093" />
  <testcase classname="com.topcoder.management.review.data.CommentUnitTests" name="testSetAuthorWithZeroAuthor" time="0.0010" />
  <testcase classname="com.topcoder.management.review.data.CommentUnitTests" name="testSetAuthorWithPositiveAuthor" time="0.0" />
  <testcase classname="com.topcoder.management.review.data.CommentUnitTests" name="testGetAuthor" time="0.0" />
  <testcase classname="com.topcoder.management.review.data.CommentUnitTests" name="testResetAuthor" time="0.0" />
  <testcase classname="com.topcoder.management.review.data.CommentUnitTests" name="testSetCommentType" time="0.0" />
  <testcase classname="com.topcoder.management.review.data.CommentUnitTests" name="testGetCommentType" time="0.0010" />
  <testcase classname="com.topcoder.management.review.data.CommentUnitTests" name="testResetCommentType" time="0.0" />
  <testcase classname="com.topcoder.management.review.data.CommentUnitTests" name="testSetComment" time="0.0" />
  <testcase classname="com.topcoder.management.review.data.CommentUnitTests" name="testGetComment" time="0.089" />
  <testcase classname="com.topcoder.management.review.data.CommentUnitTests" name="testResetComment" time="0.0010" />
  <testcase classname="com.topcoder.management.review.data.CommentUnitTests" name="testSetExtraInfo" time="0.0" />
  <testcase classname="com.topcoder.management.review.data.CommentUnitTests" name="testGetExtraInfo" time="0.0" />
  <testcase classname="com.topcoder.management.review.data.CommentUnitTests" name="testResetExtraInfo" time="0.0" />
  <testcase classname="com.topcoder.management.review.data.ItemUnitTests" name="testImplements" time="0.0010" />
  <testcase classname="com.topcoder.management.review.data.ItemUnitTests" name="testConstructorWithNoArgu" time="0.0010" />
  <testcase classname="com.topcoder.management.review.data.ItemUnitTests" name="testConstructorWithNegativeId" time="0.0" />
  <testcase classname="com.topcoder.management.review.data.ItemUnitTests" name="testConstructorWithZeroId" time="0.0" />
  <testcase classname="com.topcoder.management.review.data.ItemUnitTests" name="testConstructorWithPositiveId" time="0.0010" />
  <testcase classname="com.topcoder.management.review.data.ItemUnitTests" name="testSetIdWithNegativeId" time="0.0" />
  <testcase classname="com.topcoder.management.review.data.ItemUnitTests" name="testSetIdWithZeroId" time="0.0" />
  <testcase classname="com.topcoder.management.review.data.ItemUnitTests" name="testSetIdWithPositiveId" time="0.0" />
  <testcase classname="com.topcoder.management.review.data.ItemUnitTests" name="testGetId" time="0.09" />
  <testcase classname="com.topcoder.management.review.data.ItemUnitTests" name="testResetId" time="0.0010" />
  <testcase classname="com.topcoder.management.review.data.ItemUnitTests" name="testConstructorWithNegativeIdAndPositiveQuestion" time="0.0010" />
  <testcase classname="com.topcoder.management.review.data.ItemUnitTests" name="testConstructorWithZeroIdAndPositiveQuestion" time="0.0" />
  <testcase classname="com.topcoder.management.review.data.ItemUnitTests" name="testConstructorWithNegativeQuestionAndPositiveId" time="0.0" />
  <testcase classname="com.topcoder.management.review.data.ItemUnitTests" name="testConstructorWithZeroQuestionAndPositiveId" time="0.0010" />
  <testcase classname="com.topcoder.management.review.data.ItemUnitTests" name="testConstructorWithPositiveQuestionAndId" time="0.0010" />
  <testcase classname="com.topcoder.management.review.data.ItemUnitTests" name="testConstructorWithNegativeIdAndNonNullAnswer" time="0.0" />
  <testcase classname="com.topcoder.management.review.data.ItemUnitTests" name="testConstructorWithZeroIdAndNonNullAnswer" time="0.0" />
  <testcase classname="com.topcoder.management.review.data.ItemUnitTests" name="testConstructorWithNegativeQuestionAndNonNullAnswer" time="0.0010" />
  <testcase classname="com.topcoder.management.review.data.ItemUnitTests" name="testConstructorWithZeroQuestionAndNonNullAnswer" time="0.0" />
  <testcase classname="com.topcoder.management.review.data.ItemUnitTests" name="testConstructorWithNullAnswer" time="0.0010" />
  <testcase classname="com.topcoder.management.review.data.ItemUnitTests" name="testConstructorWithPositiveQuestionIdAndNonNullAnswer" time="0.0010" />
  <testcase classname="com.topcoder.management.review.data.ItemUnitTests" name="testSetQuestionWithNegativeQuestion" time="0.09" />
  <testcase classname="com.topcoder.management.review.data.ItemUnitTests" name="testSetQuestionWithZeroQuestion" time="0.0010" />
  <testcase classname="com.topcoder.management.review.data.ItemUnitTests" name="testSetQuestionWithPositiveQuestion" time="0.0" />
  <testcase classname="com.topcoder.management.review.data.ItemUnitTests" name="testGetQuestion" time="0.0" />
  <testcase classname="com.topcoder.management.review.data.ItemUnitTests" name="testResetQuestion" time="0.091" />
  <testcase classname="com.topcoder.management.review.data.ItemUnitTests" name="testSetAnswer" time="0.0010" />
  <testcase classname="com.topcoder.management.review.data.ItemUnitTests" name="testGetAnswer" time="0.0" />
  <testcase classname="com.topcoder.management.review.data.ItemUnitTests" name="testResetAnswer" time="0.0" />
  <testcase classname="com.topcoder.management.review.data.ItemUnitTests" name="testSetDocumentWithNegativeDocument" time="0.0" />
  <testcase classname="com.topcoder.management.review.data.ItemUnitTests" name="testSetDocumentWithZeroDocument" time="0.0" />
  <testcase classname="com.topcoder.management.review.data.ItemUnitTests" name="testSetDocumentWithValidArgu" time="0.0" />
  <testcase classname="com.topcoder.management.review.data.ItemUnitTests" name="testGetDocument" time="0.0010" />
  <testcase classname="com.topcoder.management.review.data.ItemUnitTests" name="testResetDocument" time="0.0" />
  <testcase classname="com.topcoder.management.review.data.ItemUnitTests" name="testAddCommentWithNullComment" time="0.0" />
  <testcase classname="com.topcoder.management.review.data.ItemUnitTests" name="testAddCommentWithExistentComment" time="0.0" />
  <testcase classname="com.topcoder.management.review.data.ItemUnitTests" name="testAddCommentWithInexistentComment" time="0.0" />
  <testcase classname="com.topcoder.management.review.data.ItemUnitTests" name="testAddCommentsWithNullComments" time="0.085" />
  <testcase classname="com.topcoder.management.review.data.ItemUnitTests" name="testAddCommentsWithInvalidComments" time="0.0" />
  <testcase classname="com.topcoder.management.review.data.ItemUnitTests" name="testAddCommentsWithValidComments" time="0.0010" />
  <testcase classname="com.topcoder.management.review.data.ItemUnitTests" name="testRemoveCommentWithNullComment" time="0.0" />
  <testcase classname="com.topcoder.management.review.data.ItemUnitTests" name="testRemoveCommentWithInexistentComment" time="0.0010" />
  <testcase classname="com.topcoder.management.review.data.ItemUnitTests" name="testRemoveCommentWithExistentComment" time="0.0" />
  <testcase classname="com.topcoder.management.review.data.ItemUnitTests" name="testRemoveCommentsWithNullComments" time="0.0010" />
  <testcase classname="com.topcoder.management.review.data.ItemUnitTests" name="testRemoveCommentsWithInvalidComments" time="0.09" />
  <testcase classname="com.topcoder.management.review.data.ItemUnitTests" name="testRemoveCommentsWithValidComments" time="0.0" />
  <testcase classname="com.topcoder.management.review.data.ItemUnitTests" name="testRemoveCommentWithZeroId" time="0.0" />
  <testcase classname="com.topcoder.management.review.data.ItemUnitTests" name="testRemoveCommentWithNegativeId" time="0.0" />
  <testcase classname="com.topcoder.management.review.data.ItemUnitTests" name="testRemoveCommentWithExistentId" time="0.083" />
  <testcase classname="com.topcoder.management.review.data.ItemUnitTests" name="testRemoveCommentWithInexistentId" time="0.0" />
  <testcase classname="com.topcoder.management.review.data.ItemUnitTests" name="testClearComments" time="0.0" />
  <testcase classname="com.topcoder.management.review.data.ItemUnitTests" name="testGetCommentWithNegativeIndex" time="0.0" />
  <testcase classname="com.topcoder.management.review.data.ItemUnitTests" name="testGetCommentWithTooBigIndex" time="0.087" />
  <testcase classname="com.topcoder.management.review.data.ItemUnitTests" name="testGetCommentWithValidIndex" time="0.0010" />
  <testcase classname="com.topcoder.management.review.data.ItemUnitTests" name="testGetAllComments" time="0.0" />
  <testcase classname="com.topcoder.management.review.data.ItemUnitTests" name="testGetNumberOfComments" time="0.0" />
  <testcase classname="com.topcoder.management.review.data.ReviewUnitTests" name="testImplements" time="0.046" />
  <testcase classname="com.topcoder.management.review.data.ReviewUnitTests" name="testConstructorWithNoArgu" time="0.0010" />
  <testcase classname="com.topcoder.management.review.data.ReviewUnitTests" name="testConstructorWithPositiveId" time="0.0" />
  <testcase classname="com.topcoder.management.review.data.ReviewUnitTests" name="testSetIdWithNegativeId" time="0.0" />
  <testcase classname="com.topcoder.management.review.data.ReviewUnitTests" name="testSetIdWithZeroId" time="0.0" />
  <testcase classname="com.topcoder.management.review.data.ReviewUnitTests" name="testSetIdWithPositiveId" time="0.0" />
  <testcase classname="com.topcoder.management.review.data.ReviewUnitTests" name="testGetId" time="0.0" />
  <testcase classname="com.topcoder.management.review.data.ReviewUnitTests" name="testResetId" time="0.0" />
  <testcase classname="com.topcoder.management.review.data.ReviewUnitTests" name="testSetAuthorWithNegativeAuthor" time="0.0" />
  <testcase classname="com.topcoder.management.review.data.ReviewUnitTests" name="testSetAuthorWithZeroAuthor" time="0.086" />
  <testcase classname="com.topcoder.management.review.data.ReviewUnitTests" name="testSetAuthorWithPositiveAuthor" time="0.0" />
  <testcase classname="com.topcoder.management.review.data.ReviewUnitTests" name="testGetAuthor" time="0.0" />
  <testcase classname="com.topcoder.management.review.data.ReviewUnitTests" name="testResetAuthor" time="0.0" />
  <testcase classname="com.topcoder.management.review.data.ReviewUnitTests" name="testAddCommentWithNullComment" time="0.0" />
  <testcase classname="com.topcoder.management.review.data.ReviewUnitTests" name="testAddCommentWithExistentComment" time="0.0" />
  <testcase classname="com.topcoder.management.review.data.ReviewUnitTests" name="testAddCommentWithInexistentComment" time="0.0" />
  <testcase classname="com.topcoder.management.review.data.ReviewUnitTests" name="testAddCommentsWithNullComments" time="0.0" />
  <testcase classname="com.topcoder.management.review.data.ReviewUnitTests" name="testAddCommentsWithInvalidComments" time="0.087" />
  <testcase classname="com.topcoder.management.review.data.ReviewUnitTests" name="testAddCommentsWithValidComments" time="0.0" />
  <testcase classname="com.topcoder.management.review.data.ReviewUnitTests" name="testRemoveCommentWithNullComment" time="0.0010" />
  <testcase classname="com.topcoder.management.review.data.ReviewUnitTests" name="testRemoveCommentWithInexistentComment" time="0.0" />
  <testcase classname="com.topcoder.management.review.data.ReviewUnitTests" name="testRemoveCommentWithExistentComment" time="0.0010" />
  <testcase classname="com.topcoder.management.review.data.ReviewUnitTests" name="testRemoveCommentsWithNullComments" time="0.0" />
  <testcase classname="com.topcoder.management.review.data.ReviewUnitTests" name="testRemoveCommentsWithInvalidComments" time="0.0" />
  <testcase classname="com.topcoder.management.review.data.ReviewUnitTests" name="testRemoveCommentsWithValidComments" time="0.092" />
  <testcase classname="com.topcoder.management.review.data.ReviewUnitTests" name="testRemoveCommentWithZeroId" time="0.0010" />
  <testcase classname="com.topcoder.management.review.data.ReviewUnitTests" name="testRemoveCommentWithNegativeId" time="0.0" />
  <testcase classname="com.topcoder.management.review.data.ReviewUnitTests" name="testRemoveCommentWithExistentId" time="0.0" />
  <testcase classname="com.topcoder.management.review.data.ReviewUnitTests" name="testRemoveCommentWithInexistentId" time="0.088" />
  <testcase classname="com.topcoder.management.review.data.ReviewUnitTests" name="testClearComments" time="0.0010" />
  <testcase classname="com.topcoder.management.review.data.ReviewUnitTests" name="testGetCommentWithNegativeIndex" time="0.0010" />
  <testcase classname="com.topcoder.management.review.data.ReviewUnitTests" name="testGetCommentWithTooBigIndex" time="0.0" />
  <testcase classname="com.topcoder.management.review.data.ReviewUnitTests" name="testGetCommentWithValidIndex" time="0.089" />
  <testcase classname="com.topcoder.management.review.data.ReviewUnitTests" name="testGetAllComments" time="0.0" />
  <testcase classname="com.topcoder.management.review.data.ReviewUnitTests" name="testGetNumberOfComments" time="0.0" />
  <testcase classname="com.topcoder.management.review.data.ReviewUnitTests" name="testConstructorWithNegativeId1" time="0.0010" />
  <testcase classname="com.topcoder.management.review.data.ReviewUnitTests" name="testConstructorWithZeroId1" time="0.091" />
  <testcase classname="com.topcoder.management.review.data.ReviewUnitTests" name="testConstructorWithNegativeIdAndNonNullUser" time="0.0" />
  <testcase classname="com.topcoder.management.review.data.ReviewUnitTests" name="testConstructorWithZeroIdAndNonNullUser" time="0.0" />
  <testcase classname="com.topcoder.management.review.data.ReviewUnitTests" name="testConstructorWithPositiveIdAndNullUser" time="0.0" />
  <testcase classname="com.topcoder.management.review.data.ReviewUnitTests" name="testConstructorWithPositiveIdAndNonNullUser" time="0.0010" />
  <testcase classname="com.topcoder.management.review.data.ReviewUnitTests" name="testConstructorWithNegativeId2" time="0.0" />
  <testcase classname="com.topcoder.management.review.data.ReviewUnitTests" name="testConstructorWithZeroId2" time="0.0" />
  <testcase classname="com.topcoder.management.review.data.ReviewUnitTests" name="testConstructorWithNegativeAuthor1" time="0.089" />
  <testcase classname="com.topcoder.management.review.data.ReviewUnitTests" name="testConstructorWithZeroAuthor1" time="0.0" />
  <testcase classname="com.topcoder.management.review.data.ReviewUnitTests" name="testConstructorWithNegativeSubmission1" time="0.0010" />
  <testcase classname="com.topcoder.management.review.data.ReviewUnitTests" name="testConstructorWithZeroSubmission1" time="0.0010" />
  <testcase classname="com.topcoder.management.review.data.ReviewUnitTests" name="testConstructorWithNegativeScorecard1" time="0.0" />
  <testcase classname="com.topcoder.management.review.data.ReviewUnitTests" name="testConstructorWithZeroScorecard1" time="0.0" />
  <testcase classname="com.topcoder.management.review.data.ReviewUnitTests" name="testConstructorWithPositiveLongs" time="0.0" />
  <testcase classname="com.topcoder.management.review.data.ReviewUnitTests" name="testConstructorWithNegativeId3" time="0.091" />
  <testcase classname="com.topcoder.management.review.data.ReviewUnitTests" name="testConstructorWithZeroId3" time="0.0010" />
  <testcase classname="com.topcoder.management.review.data.ReviewUnitTests" name="testConstructorWithNegativeAuthor2" time="0.0010" />
  <testcase classname="com.topcoder.management.review.data.ReviewUnitTests" name="testConstructorWithZeroAuthor2" time="0.0010" />
  <testcase classname="com.topcoder.management.review.data.ReviewUnitTests" name="testConstructorWithNegativeSubmission2" time="0.0010" />
  <testcase classname="com.topcoder.management.review.data.ReviewUnitTests" name="testConstructorWithZeroSubmission2" time="0.0" />
  <testcase classname="com.topcoder.management.review.data.ReviewUnitTests" name="testConstructorWithNegativeScorecard2" time="0.0" />
  <testcase classname="com.topcoder.management.review.data.ReviewUnitTests" name="testConstructorWithZeroScorecard2" time="0.089" />
  <testcase classname="com.topcoder.management.review.data.ReviewUnitTests" name="testConstructorWithNullUser" time="0.0010" />
  <testcase classname="com.topcoder.management.review.data.ReviewUnitTests" name="testConstructorWithPositiveLongsAndNonNullUser" time="0.0" />
  <testcase classname="com.topcoder.management.review.data.ReviewUnitTests" name="testSetSubmissionWithNegativeSubmission" time="0.0" />
  <testcase classname="com.topcoder.management.review.data.ReviewUnitTests" name="testSetSubmissionWithZeroSubmission" time="0.0" />
  <testcase classname="com.topcoder.management.review.data.ReviewUnitTests" name="testSetSubmissionWithPositiveSubmission" time="0.0" />
  <testcase classname="com.topcoder.management.review.data.ReviewUnitTests" name="testGetSubmission" time="0.0010" />
  <testcase classname="com.topcoder.management.review.data.ReviewUnitTests" name="testResetSubmission" time="0.0010" />
  <testcase classname="com.topcoder.management.review.data.ReviewUnitTests" name="testSetScorecardWithNegativeScorecard" time="0.0010" />
  <testcase classname="com.topcoder.management.review.data.ReviewUnitTests" name="testSetScorecardWithZeroScorecard" time="0.0010" />
  <testcase classname="com.topcoder.management.review.data.ReviewUnitTests" name="testSetScorecardWithPositiveScorecard" time="0.0" />
  <testcase classname="com.topcoder.management.review.data.ReviewUnitTests" name="testGetScorecard" time="0.0" />
  <testcase classname="com.topcoder.management.review.data.ReviewUnitTests" name="testResetScorecard" time="0.0" />
  <testcase classname="com.topcoder.management.review.data.ReviewUnitTests" name="testSetCommitted" time="0.0" />
  <testcase classname="com.topcoder.management.review.data.ReviewUnitTests" name="testIsCommitted" time="0.0010" />
  <testcase classname="com.topcoder.management.review.data.ReviewUnitTests" name="testResetCommitted" time="0.0" />
  <testcase classname="com.topcoder.management.review.data.ReviewUnitTests" name="testSetScoreWithNegativeScore" time="0.085" />
  <testcase classname="com.topcoder.management.review.data.ReviewUnitTests" name="testSetScoreWithInfinityScore" time="0.0010" />
  <testcase classname="com.topcoder.management.review.data.ReviewUnitTests" name="testSetScoreWithNaNScore" time="0.0010" />
  <testcase classname="com.topcoder.management.review.data.ReviewUnitTests" name="testSetScoreWithValidScore" time="0.0010" />
  <testcase classname="com.topcoder.management.review.data.ReviewUnitTests" name="testGetScore" time="0.089" />
  <testcase classname="com.topcoder.management.review.data.ReviewUnitTests" name="testResetScore" time="0.0010" />
  <testcase classname="com.topcoder.management.review.data.ReviewUnitTests" name="testSetInitialScoreWithNegativeScore" time="0.0" />
  <testcase classname="com.topcoder.management.review.data.ReviewUnitTests" name="testSetInitialScoreWithInfinityScore" time="0.0" />
  <testcase classname="com.topcoder.management.review.data.ReviewUnitTests" name="testSetInitialScoreWithNaNScore" time="0.089" />
  <testcase classname="com.topcoder.management.review.data.ReviewUnitTests" name="testSetInitialScoreWithValidScore" time="0.0010" />
  <testcase classname="com.topcoder.management.review.data.ReviewUnitTests" name="testGetInitialScore" time="0.0" />
  <testcase classname="com.topcoder.management.review.data.ReviewUnitTests" name="testResetInitialScore" time="0.0" />
  <testcase classname="com.topcoder.management.review.data.ReviewUnitTests" name="testAddItemWithNullItem" time="0.091" />
  <testcase classname="com.topcoder.management.review.data.ReviewUnitTests" name="testAddItemWithExistentItem" time="0.0010" />
  <testcase classname="com.topcoder.management.review.data.ReviewUnitTests" name="testAddItemWithInexistentItem" time="0.0010" />
  <testcase classname="com.topcoder.management.review.data.ReviewUnitTests" name="testAddItemsWithNullItems" time="0.0010" />
  <testcase classname="com.topcoder.management.review.data.ReviewUnitTests" name="testAddItemsWithInvalidItems" time="0.085" />
  <testcase classname="com.topcoder.management.review.data.ReviewUnitTests" name="testAddItemsWithValidItems" time="0.0" />
  <testcase classname="com.topcoder.management.review.data.ReviewUnitTests" name="testRemoveItemWithNullItem" time="0.0010" />
  <testcase classname="com.topcoder.management.review.data.ReviewUnitTests" name="testRemoveItemWithInexistentItem" time="0.0" />
  <testcase classname="com.topcoder.management.review.data.ReviewUnitTests" name="testRemoveItemWithExistentItem" time="0.079" />
  <testcase classname="com.topcoder.management.review.data.ReviewUnitTests" name="testRemoveItemsWithNullItems" time="0.0" />
  <testcase classname="com.topcoder.management.review.data.ReviewUnitTests" name="testRemoveItemsWithInvalidItems" time="0.0010" />
  <testcase classname="com.topcoder.management.review.data.ReviewUnitTests" name="testRemoveItemsWithValidItems" time="0.0010" />
  <testcase classname="com.topcoder.management.review.data.ReviewUnitTests" name="testRemoveItemWithZeroId" time="0.093" />
  <testcase classname="com.topcoder.management.review.data.ReviewUnitTests" name="testRemoveItemWithNegativeId" time="0.0010" />
  <testcase classname="com.topcoder.management.review.data.ReviewUnitTests" name="testRemoveItemWithExistentId" time="0.0" />
  <testcase classname="com.topcoder.management.review.data.ReviewUnitTests" name="testRemoveItemWithInexistentId" time="0.0010" />
  <testcase classname="com.topcoder.management.review.data.ReviewUnitTests" name="testClearItems" time="0.091" />
  <testcase classname="com.topcoder.management.review.data.ReviewUnitTests" name="testGetItemWithNegativeIndex" time="0.0" />
  <testcase classname="com.topcoder.management.review.data.ReviewUnitTests" name="testGetItemWithTooBigIndex" time="0.0010" />
  <testcase classname="com.topcoder.management.review.data.ReviewUnitTests" name="testGetItemWithValidIndex" time="0.0010" />
  <testcase classname="com.topcoder.management.review.data.ReviewUnitTests" name="testGetAllItems" time="0.087" />
  <testcase classname="com.topcoder.management.review.data.ReviewUnitTests" name="testGetNumberOfItems" time="0.0010" />
  <testcase classname="com.topcoder.management.review.data.ReviewUnitTests" name="testSetCreationUser" time="0.0" />
  <testcase classname="com.topcoder.management.review.data.ReviewUnitTests" name="testGetCreationUser" time="0.0" />
  <testcase classname="com.topcoder.management.review.data.ReviewUnitTests" name="testSetCreationTimestamp" time="0.0" />
  <testcase classname="com.topcoder.management.review.data.ReviewUnitTests" name="testGetCreationTimestamp" time="0.084" />
  <testcase classname="com.topcoder.management.review.data.ReviewUnitTests" name="testSetModificationUser" time="0.0" />
  <testcase classname="com.topcoder.management.review.data.ReviewUnitTests" name="testGetModificationUser" time="0.0010" />
  <testcase classname="com.topcoder.management.review.data.ReviewUnitTests" name="testSetModificationTimestamp" time="0.0" />
  <testcase classname="com.topcoder.management.review.data.ReviewUnitTests" name="testGetModificationTimestamp" time="0.084" />
  <testcase classname="com.topcoder.management.review.data.ReviewEditorUnitTests" name="testImplements" time="0.04" />
  <testcase classname="com.topcoder.management.review.data.ReviewEditorUnitTests" name="testSetIdWithNegativeId" time="0.0010" />
  <testcase classname="com.topcoder.management.review.data.ReviewEditorUnitTests" name="testSetIdWithZeroId" time="0.0010" />
  <testcase classname="com.topcoder.management.review.data.ReviewEditorUnitTests" name="testSetIdWithPositiveId" time="0.0" />
  <testcase classname="com.topcoder.management.review.data.ReviewEditorUnitTests" name="testResetId" time="0.0" />
  <testcase classname="com.topcoder.management.review.data.ReviewEditorUnitTests" name="testSetAuthorWithNegativeAuthor" time="0.0" />
  <testcase classname="com.topcoder.management.review.data.ReviewEditorUnitTests" name="testSetAuthorWithZeroAuthor" time="0.0010" />
  <testcase classname="com.topcoder.management.review.data.ReviewEditorUnitTests" name="testSetAuthorWithPositiveAuthor" time="0.0010" />
  <testcase classname="com.topcoder.management.review.data.ReviewEditorUnitTests" name="testResetAuthor" time="0.0010" />
  <testcase classname="com.topcoder.management.review.data.ReviewEditorUnitTests" name="testAddCommentWithNullComment" time="0.0" />
  <testcase classname="com.topcoder.management.review.data.ReviewEditorUnitTests" name="testAddCommentWithExistentComment" time="0.0" />
  <testcase classname="com.topcoder.management.review.data.ReviewEditorUnitTests" name="testAddCommentWithInexistentComment" time="0.0" />
  <testcase classname="com.topcoder.management.review.data.ReviewEditorUnitTests" name="testAddCommentsWithNullComments" time="0.0" />
  <testcase classname="com.topcoder.management.review.data.ReviewEditorUnitTests" name="testAddCommentsWithInvalidComments" time="0.0" />
  <testcase classname="com.topcoder.management.review.data.ReviewEditorUnitTests" name="testAddCommentsWithValidComments" time="0.0" />
  <testcase classname="com.topcoder.management.review.data.ReviewEditorUnitTests" name="testRemoveCommentWithNullComment" time="0.01" />
  <testcase classname="com.topcoder.management.review.data.ReviewEditorUnitTests" name="testRemoveCommentWithInexistentComment" time="0.0" />
  <testcase classname="com.topcoder.management.review.data.ReviewEditorUnitTests" name="testRemoveCommentWithExistentComment" time="0.0" />
  <testcase classname="com.topcoder.management.review.data.ReviewEditorUnitTests" name="testRemoveCommentsWithNullComments" time="0.0" />
  <testcase classname="com.topcoder.management.review.data.ReviewEditorUnitTests" name="testRemoveCommentsWithInvalidComments" time="0.0" />
  <testcase classname="com.topcoder.management.review.data.ReviewEditorUnitTests" name="testRemoveCommentsWithValidComments" time="0.0" />
  <testcase classname="com.topcoder.management.review.data.ReviewEditorUnitTests" name="testClearComments" time="0.0" />
  <testcase classname="com.topcoder.management.review.data.ReviewEditorUnitTests" name="testConstructorWithNullUser" time="0.0010" />
  <testcase classname="com.topcoder.management.review.data.ReviewEditorUnitTests" name="testSetSubmissionWithNegativeSubmission" time="0.0" />
  <testcase classname="com.topcoder.management.review.data.ReviewEditorUnitTests" name="testSetSubmissionWithZeroSubmission" time="0.0" />
  <testcase classname="com.topcoder.management.review.data.ReviewEditorUnitTests" name="testSetSubmissionWithPositiveSubmission" time="0.0" />
  <testcase classname="com.topcoder.management.review.data.ReviewEditorUnitTests" name="testResetSubmission" time="0.091" />
  <testcase classname="com.topcoder.management.review.data.ReviewEditorUnitTests" name="testSetScorecardWithNegativeScorecard" time="0.0" />
  <testcase classname="com.topcoder.management.review.data.ReviewEditorUnitTests" name="testSetScorecardWithZeroScorecard" time="0.0" />
  <testcase classname="com.topcoder.management.review.data.ReviewEditorUnitTests" name="testSetScorecardWithPositiveScorecard" time="0.0" />
  <testcase classname="com.topcoder.management.review.data.ReviewEditorUnitTests" name="testResetScorecard" time="0.0" />
  <testcase classname="com.topcoder.management.review.data.ReviewEditorUnitTests" name="testSetCommitted" time="0.0" />
  <testcase classname="com.topcoder.management.review.data.ReviewEditorUnitTests" name="testResetCommitted" time="0.0" />
  <testcase classname="com.topcoder.management.review.data.ReviewEditorUnitTests" name="testSetScoreWithNegativeScore" time="0.0" />
  <testcase classname="com.topcoder.management.review.data.ReviewEditorUnitTests" name="testSetScoreWithInfinityScore" time="0.087" />
  <testcase classname="com.topcoder.management.review.data.ReviewEditorUnitTests" name="testSetScoreWithNaNScore" time="0.0010" />
  <testcase classname="com.topcoder.management.review.data.ReviewEditorUnitTests" name="testSetScoreWithValidScore" time="0.0" />
  <testcase classname="com.topcoder.management.review.data.ReviewEditorUnitTests" name="testResetScore" time="0.0020" />
  <testcase classname="com.topcoder.management.review.data.ReviewEditorUnitTests" name="testAddItemWithNullItem" time="0.0" />
  <testcase classname="com.topcoder.management.review.data.ReviewEditorUnitTests" name="testAddItemWithExistentItem" time="0.0" />
  <testcase classname="com.topcoder.management.review.data.ReviewEditorUnitTests" name="testAddItemWithInexistentItem" time="0.0" />
  <testcase classname="com.topcoder.management.review.data.ReviewEditorUnitTests" name="testAddItemsWithNullItems" time="0.0" />
  <testcase classname="com.topcoder.management.review.data.ReviewEditorUnitTests" name="testAddItemsWithInvalidItems" time="0.0" />
  <testcase classname="com.topcoder.management.review.data.ReviewEditorUnitTests" name="testAddItemsWithValidItems" time="0.0" />
  <testcase classname="com.topcoder.management.review.data.ReviewEditorUnitTests" name="testRemoveItemWithNullItem" time="0.0" />
  <testcase classname="com.topcoder.management.review.data.ReviewEditorUnitTests" name="testRemoveItemWithInexistentItem" time="0.0" />
  <testcase classname="com.topcoder.management.review.data.ReviewEditorUnitTests" name="testRemoveItemWithExistentItem" time="0.0010" />
  <testcase classname="com.topcoder.management.review.data.ReviewEditorUnitTests" name="testRemoveItemsWithNullItems" time="0.0" />
  <testcase classname="com.topcoder.management.review.data.ReviewEditorUnitTests" name="testRemoveItemsWithInvalidItems" time="0.0010" />
  <testcase classname="com.topcoder.management.review.data.ReviewEditorUnitTests" name="testRemoveItemsWithValidItems" time="0.0010" />
  <testcase classname="com.topcoder.management.review.data.ReviewEditorUnitTests" name="testClearItems" time="0.0" />
  <testcase classname="com.topcoder.management.review.data.ReviewEditorUnitTests" name="testConstructorWithNonNullUser" time="0.0010" />
  <testcase classname="com.topcoder.management.review.data.ReviewEditorUnitTests" name="testConstructorWithNullUserAndNonNullReview" time="0.0" />
  <testcase classname="com.topcoder.management.review.data.ReviewEditorUnitTests" name="testConstructorWithNullReviewAndNonNullUser" time="0.0" />
  <testcase classname="com.topcoder.management.review.data.ReviewEditorUnitTests" name="testConstructorWithValidUserAndReview" time="0.089" />
  <testcase classname="com.topcoder.management.review.data.ReviewEditorUnitTests" name="testGetReview" time="0.0010" />
  <testcase classname="com.topcoder.management.review.data.ReviewEditorUnitTests" name="testGetUser" time="0.0" />
  <testcase classname="com.topcoder.management.review.data.DemoTests" name="testCreatingAndUsingReviewHierarchy" time="0.055" />
  <testcase classname="com.topcoder.management.review.data.DemoTests" name="testUsingReviewEditor" time="0.0010" />
  <system-out><![CDATA[]]></system-out>
  <system-err><![CDATA[]]></system-err>
</testsuite>
