Testsuite: com.topcoder.widgets.bridge.UnitTests
Tests run: 77, Failures: 0, Errors: 0, Time elapsed: 4.078 sec
------------- Standard Output ---------------
Entering doGet() method.
The request or response object should not be null!
Entering doGet() method.
The request or response object should not be null!
Entering doPost() method.
The request or response object should not be null!
Entering doPost() method.
The request or response object should not be null!
Entering doPost() method.
Entering doPost() method.
Entering doPost() method.
Entering doPost() method.
main parameters = [service] : project [method] : invalid
Exiting doPost() method.
Entering doPost() method.
main parameters = [service] : studio [method] : invalid
Exiting doPost() method.
Entering doGet() method.
Entering doPost() method.
main parameters = [service] : project [method] : createProject
received ID = [project id] : 1
createProject success!
the Ajax Response is : {"json":{"projectID":1,"description":"Proj Desc","name":"Project Name"},"success":true}
Exiting doPost() method.
Exiting doGet() method.
Entering doGet() method.
Entering doPost() method.
main parameters = [service] : project [method] : createProject
received ID = [project id] : 50
PersistenceFault exception occurred while handling request : Problem creating the project
com.topcoder.service.project.PersistenceFault: Problem creating the project
	at com.topcoder.widgets.bridge.mocks.MockProjectService.createProject(MockProjectService.java:42)
	at com.topcoder.widgets.bridge.AjaxBridgeServlet.doPost(AjaxBridgeServlet.java:393)
	at com.topcoder.widgets.bridge.AjaxBridgeServlet.doGet(AjaxBridgeServlet.java:307)
	at com.topcoder.widgets.bridge.AjaxBridgeServletTest.testProjectCreateProjectFail(AjaxBridgeServletTest.java:616)
	at sun.reflect.NativeMethodAccessorImpl.invoke0(Native Method)
	at sun.reflect.NativeMethodAccessorImpl.invoke(NativeMethodAccessorImpl.java:39)
	at sun.reflect.DelegatingMethodAccessorImpl.invoke(DelegatingMethodAccessorImpl.java:25)
	at java.lang.reflect.Method.invoke(Method.java:585)
	at junit.framework.TestCase.runTest(TestCase.java:154)
	at junit.framework.TestCase.runBare(TestCase.java:127)
	at junit.framework.TestResult$1.protect(TestResult.java:106)
	at junit.framework.TestResult.runProtected(TestResult.java:124)
	at junit.framework.TestResult.run(TestResult.java:109)
	at junit.framework.TestCase.run(TestCase.java:118)
	at junit.framework.TestSuite.runTest(TestSuite.java:208)
	at junit.framework.TestSuite.run(TestSuite.java:203)
	at junit.framework.TestSuite.runTest(TestSuite.java:208)
	at junit.framework.TestSuite.run(TestSuite.java:203)
	at org.apache.tools.ant.taskdefs.optional.junit.JUnitTestRunner.run(JUnitTestRunner.java:297)
	at org.apache.tools.ant.taskdefs.optional.junit.JUnitTestRunner.launch(JUnitTestRunner.java:672)
	at org.apache.tools.ant.taskdefs.optional.junit.JUnitTestRunner.main(JUnitTestRunner.java:567)
Exiting doPost() method.
Exiting doGet() method.
Entering doGet() method.
Entering doPost() method.
main parameters = [service] : project [method] : createProject
Exiting doGet() method.
Entering doPost() method.
main parameters = [service] : project [method] : updateProject
received ID = [project id] : 1
updateProject success!
the Ajax Response is : {"json":{"projectID":1,"description":"Get ProjectData","name":"Get ProjectData"},"success":true}
Exiting doPost() method.
Entering doPost() method.
main parameters = [service] : project [method] : updateProject
received ID = [project id] : 50
PersistenceFault exception occurred while handling request : Problem updating the project data
com.topcoder.service.project.PersistenceFault: Problem updating the project data
	at com.topcoder.widgets.bridge.mocks.MockProjectService.updateProject(MockProjectService.java:172)
	at com.topcoder.widgets.bridge.AjaxBridgeServlet.doPost(AjaxBridgeServlet.java:413)
	at com.topcoder.widgets.bridge.AjaxBridgeServletTest.testProjectUpdateProjectFail(AjaxBridgeServletTest.java:669)
	at sun.reflect.NativeMethodAccessorImpl.invoke0(Native Method)
	at sun.reflect.NativeMethodAccessorImpl.invoke(NativeMethodAccessorImpl.java:39)
	at sun.reflect.DelegatingMethodAccessorImpl.invoke(DelegatingMethodAccessorImpl.java:25)
	at java.lang.reflect.Method.invoke(Method.java:585)
	at junit.framework.TestCase.runTest(TestCase.java:154)
	at junit.framework.TestCase.runBare(TestCase.java:127)
	at junit.framework.TestResult$1.protect(TestResult.java:106)
	at junit.framework.TestResult.runProtected(TestResult.java:124)
	at junit.framework.TestResult.run(TestResult.java:109)
	at junit.framework.TestCase.run(TestCase.java:118)
	at junit.framework.TestSuite.runTest(TestSuite.java:208)
	at junit.framework.TestSuite.run(TestSuite.java:203)
	at junit.framework.TestSuite.runTest(TestSuite.java:208)
	at junit.framework.TestSuite.run(TestSuite.java:203)
	at org.apache.tools.ant.taskdefs.optional.junit.JUnitTestRunner.run(JUnitTestRunner.java:297)
	at org.apache.tools.ant.taskdefs.optional.junit.JUnitTestRunner.launch(JUnitTestRunner.java:672)
	at org.apache.tools.ant.taskdefs.optional.junit.JUnitTestRunner.main(JUnitTestRunner.java:567)
Exiting doPost() method.
Entering doPost() method.
main parameters = [service] : project [method] : updateProject
Entering doPost() method.
main parameters = [service] : project [method] : deleteProject
received ID = [project id] : 1
deleteProject success!
the Ajax Response is : {"success":true}
Exiting doPost() method.
Entering doPost() method.
main parameters = [service] : project [method] : deleteProject
received ID = [project id] : 50
PersistenceFault exception occurred while handling request : Problem deleting the project
com.topcoder.service.project.PersistenceFault: Problem deleting the project
	at com.topcoder.widgets.bridge.mocks.MockProjectService.deleteProject(MockProjectService.java:63)
	at com.topcoder.widgets.bridge.AjaxBridgeServlet.doPost(AjaxBridgeServlet.java:434)
	at com.topcoder.widgets.bridge.AjaxBridgeServletTest.testProjectDeleteProjectFail(AjaxBridgeServletTest.java:718)
	at sun.reflect.NativeMethodAccessorImpl.invoke0(Native Method)
	at sun.reflect.NativeMethodAccessorImpl.invoke(NativeMethodAccessorImpl.java:39)
	at sun.reflect.DelegatingMethodAccessorImpl.invoke(DelegatingMethodAccessorImpl.java:25)
	at java.lang.reflect.Method.invoke(Method.java:585)
	at junit.framework.TestCase.runTest(TestCase.java:154)
	at junit.framework.TestCase.runBare(TestCase.java:127)
	at junit.framework.TestResult$1.protect(TestResult.java:106)
	at junit.framework.TestResult.runProtected(TestResult.java:124)
	at junit.framework.TestResult.run(TestResult.java:109)
	at junit.framework.TestCase.run(TestCase.java:118)
	at junit.framework.TestSuite.runTest(TestSuite.java:208)
	at junit.framework.TestSuite.run(TestSuite.java:203)
	at junit.framework.TestSuite.runTest(TestSuite.java:208)
	at junit.framework.TestSuite.run(TestSuite.java:203)
	at org.apache.tools.ant.taskdefs.optional.junit.JUnitTestRunner.run(JUnitTestRunner.java:297)
	at org.apache.tools.ant.taskdefs.optional.junit.JUnitTestRunner.launch(JUnitTestRunner.java:672)
	at org.apache.tools.ant.taskdefs.optional.junit.JUnitTestRunner.main(JUnitTestRunner.java:567)
Exiting doPost() method.
Entering doPost() method.
main parameters = [service] : project [method] : getProject
received ID = [project id] : 1
getProject success!
the Ajax Response is : {"json":{"projectID":1,"description":"Get ProjectData","name":"Get ProjectData"},"success":true}
Exiting doPost() method.
Entering doPost() method.
main parameters = [service] : project [method] : getProject
received ID = [project id] : 50
ProjectNotFoundFault exception occurred while handling request : Problem retrieving the project for project id 50
com.topcoder.service.project.ProjectNotFoundFault: Problem retrieving the project for project id 50
	at com.topcoder.widgets.bridge.mocks.MockProjectService.getProject(MockProjectService.java:112)
	at com.topcoder.widgets.bridge.AjaxBridgeServlet.doPost(AjaxBridgeServlet.java:450)
	at com.topcoder.widgets.bridge.AjaxBridgeServletTest.testProjectGetProjectFail(AjaxBridgeServletTest.java:764)
	at sun.reflect.NativeMethodAccessorImpl.invoke0(Native Method)
	at sun.reflect.NativeMethodAccessorImpl.invoke(NativeMethodAccessorImpl.java:39)
	at sun.reflect.DelegatingMethodAccessorImpl.invoke(DelegatingMethodAccessorImpl.java:25)
	at java.lang.reflect.Method.invoke(Method.java:585)
	at junit.framework.TestCase.runTest(TestCase.java:154)
	at junit.framework.TestCase.runBare(TestCase.java:127)
	at junit.framework.TestResult$1.protect(TestResult.java:106)
	at junit.framework.TestResult.runProtected(TestResult.java:124)
	at junit.framework.TestResult.run(TestResult.java:109)
	at junit.framework.TestCase.run(TestCase.java:118)
	at junit.framework.TestSuite.runTest(TestSuite.java:208)
	at junit.framework.TestSuite.run(TestSuite.java:203)
	at junit.framework.TestSuite.runTest(TestSuite.java:208)
	at junit.framework.TestSuite.run(TestSuite.java:203)
	at org.apache.tools.ant.taskdefs.optional.junit.JUnitTestRunner.run(JUnitTestRunner.java:297)
	at org.apache.tools.ant.taskdefs.optional.junit.JUnitTestRunner.launch(JUnitTestRunner.java:672)
	at org.apache.tools.ant.taskdefs.optional.junit.JUnitTestRunner.main(JUnitTestRunner.java:567)
Exiting doPost() method.
Entering doPost() method.
main parameters = [service] : project [method] : getProject
Entering doPost() method.
main parameters = [service] : project [method] : getProjectsForUser
received ID = [user id] : 1
getProjectsForUser success!
the Ajax Response is : {"json":[{"projectID":1,"description":"Get ProjectData for User Desc","name":"Get ProjectData for User"},{"projectID":2,"description":"Get Project2 for User Desc2","name":"Get Project2 for User 2"}],"success":true}
Exiting doPost() method.
Entering doPost() method.
main parameters = [service] : project [method] : getProjectsForUser
received ID = [user id] : 50
UserNotFoundFault exception occurred while handling request : User not found for id of 50
com.topcoder.service.project.UserNotFoundFault: User not found for id of 50
	at com.topcoder.widgets.bridge.mocks.MockProjectService.getProjectsForUser(MockProjectService.java:145)
	at com.topcoder.widgets.bridge.AjaxBridgeServlet.doPost(AjaxBridgeServlet.java:465)
	at com.topcoder.widgets.bridge.AjaxBridgeServletTest.testProjectGetProjectsForUserFail(AjaxBridgeServletTest.java:820)
	at sun.reflect.NativeMethodAccessorImpl.invoke0(Native Method)
	at sun.reflect.NativeMethodAccessorImpl.invoke(NativeMethodAccessorImpl.java:39)
	at sun.reflect.DelegatingMethodAccessorImpl.invoke(DelegatingMethodAccessorImpl.java:25)
	at java.lang.reflect.Method.invoke(Method.java:585)
	at junit.framework.TestCase.runTest(TestCase.java:154)
	at junit.framework.TestCase.runBare(TestCase.java:127)
	at junit.framework.TestResult$1.protect(TestResult.java:106)
	at junit.framework.TestResult.runProtected(TestResult.java:124)
	at junit.framework.TestResult.run(TestResult.java:109)
	at junit.framework.TestCase.run(TestCase.java:118)
	at junit.framework.TestSuite.runTest(TestSuite.java:208)
	at junit.framework.TestSuite.run(TestSuite.java:203)
	at junit.framework.TestSuite.runTest(TestSuite.java:208)
	at junit.framework.TestSuite.run(TestSuite.java:203)
	at org.apache.tools.ant.taskdefs.optional.junit.JUnitTestRunner.run(JUnitTestRunner.java:297)
	at org.apache.tools.ant.taskdefs.optional.junit.JUnitTestRunner.launch(JUnitTestRunner.java:672)
	at org.apache.tools.ant.taskdefs.optional.junit.JUnitTestRunner.main(JUnitTestRunner.java:567)
Exiting doPost() method.
Entering doPost() method.
main parameters = [service] : project [method] : getProjectsForUser
received ID = [user id] : 51
AuthorizationFailedFault exception occurred while handling request : User not authorized for this function with id of 51
com.topcoder.service.project.AuthorizationFailedFault: User not authorized for this function with id of 51
	at com.topcoder.widgets.bridge.mocks.MockProjectService.getProjectsForUser(MockProjectService.java:147)
	at com.topcoder.widgets.bridge.AjaxBridgeServlet.doPost(AjaxBridgeServlet.java:465)
	at com.topcoder.widgets.bridge.AjaxBridgeServletTest.testProjectGetProjectsForUserFail(AjaxBridgeServletTest.java:827)
	at sun.reflect.NativeMethodAccessorImpl.invoke0(Native Method)
	at sun.reflect.NativeMethodAccessorImpl.invoke(NativeMethodAccessorImpl.java:39)
	at sun.reflect.DelegatingMethodAccessorImpl.invoke(DelegatingMethodAccessorImpl.java:25)
	at java.lang.reflect.Method.invoke(Method.java:585)
	at junit.framework.TestCase.runTest(TestCase.java:154)
	at junit.framework.TestCase.runBare(TestCase.java:127)
	at junit.framework.TestResult$1.protect(TestResult.java:106)
	at junit.framework.TestResult.runProtected(TestResult.java:124)
	at junit.framework.TestResult.run(TestResult.java:109)
	at junit.framework.TestCase.run(TestCase.java:118)
	at junit.framework.TestSuite.runTest(TestSuite.java:208)
	at junit.framework.TestSuite.run(TestSuite.java:203)
	at junit.framework.TestSuite.runTest(TestSuite.java:208)
	at junit.framework.TestSuite.run(TestSuite.java:203)
	at org.apache.tools.ant.taskdefs.optional.junit.JUnitTestRunner.run(JUnitTestRunner.java:297)
	at org.apache.tools.ant.taskdefs.optional.junit.JUnitTestRunner.launch(JUnitTestRunner.java:672)
	at org.apache.tools.ant.taskdefs.optional.junit.JUnitTestRunner.main(JUnitTestRunner.java:567)
Exiting doPost() method.
Entering doPost() method.
main parameters = [service] : project [method] : getProjectsForUser
received ID = [user id] : 52
PersistenceFault exception occurred while handling request : Project not found for user
com.topcoder.service.project.PersistenceFault: Project not found for user
	at com.topcoder.widgets.bridge.mocks.MockProjectService.getProjectsForUser(MockProjectService.java:149)
	at com.topcoder.widgets.bridge.AjaxBridgeServlet.doPost(AjaxBridgeServlet.java:465)
	at com.topcoder.widgets.bridge.AjaxBridgeServletTest.testProjectGetProjectsForUserFail(AjaxBridgeServletTest.java:834)
	at sun.reflect.NativeMethodAccessorImpl.invoke0(Native Method)
	at sun.reflect.NativeMethodAccessorImpl.invoke(NativeMethodAccessorImpl.java:39)
	at sun.reflect.DelegatingMethodAccessorImpl.invoke(DelegatingMethodAccessorImpl.java:25)
	at java.lang.reflect.Method.invoke(Method.java:585)
	at junit.framework.TestCase.runTest(TestCase.java:154)
	at junit.framework.TestCase.runBare(TestCase.java:127)
	at junit.framework.TestResult$1.protect(TestResult.java:106)
	at junit.framework.TestResult.runProtected(TestResult.java:124)
	at junit.framework.TestResult.run(TestResult.java:109)
	at junit.framework.TestCase.run(TestCase.java:118)
	at junit.framework.TestSuite.runTest(TestSuite.java:208)
	at junit.framework.TestSuite.run(TestSuite.java:203)
	at junit.framework.TestSuite.runTest(TestSuite.java:208)
	at junit.framework.TestSuite.run(TestSuite.java:203)
	at org.apache.tools.ant.taskdefs.optional.junit.JUnitTestRunner.run(JUnitTestRunner.java:297)
	at org.apache.tools.ant.taskdefs.optional.junit.JUnitTestRunner.launch(JUnitTestRunner.java:672)
	at org.apache.tools.ant.taskdefs.optional.junit.JUnitTestRunner.main(JUnitTestRunner.java:567)
Exiting doPost() method.
Entering doPost() method.
main parameters = [service] : project [method] : getProjectsForUser
Entering doPost() method.
main parameters = [service] : project [method] : getAllProjects
getAllProjects success!
the Ajax Response is : {"json":[{"projectID":1,"description":"Get Project for User Desc","name":"Get Project for User"},{"projectID":2,"description":"Get Project2 for User Desc2","name":"Get Project2 for User 2"}],"success":true}
Exiting doPost() method.
Entering doPost() method.
main parameters = [service] : studio [method] : createContest
received IDs = [contest ID] : 1 [project ID] : 1
the Ajax Response is : {"success":true}
createContest success!
Exiting doPost() method.
Entering doPost() method.
main parameters = [service] : studio [method] : createContest
received IDs = [contest ID] : 50 [project ID] : 50
PersistenceException exception occurred while handling request : mock error: only allow project id of 1.
com.topcoder.service.studio.PersistenceException: mock error: only allow project id of 1.
	at com.topcoder.widgets.bridge.mocks.MockStudioService.createContest(MockStudioService.java:56)
	at com.topcoder.widgets.bridge.AjaxBridgeServlet.doPost(AjaxBridgeServlet.java:594)
	at com.topcoder.widgets.bridge.AjaxBridgeServletTest.testStudioCreateContestFail(AjaxBridgeServletTest.java:911)
	at sun.reflect.NativeMethodAccessorImpl.invoke0(Native Method)
	at sun.reflect.NativeMethodAccessorImpl.invoke(NativeMethodAccessorImpl.java:39)
	at sun.reflect.DelegatingMethodAccessorImpl.invoke(DelegatingMethodAccessorImpl.java:25)
	at java.lang.reflect.Method.invoke(Method.java:585)
	at junit.framework.TestCase.runTest(TestCase.java:154)
	at junit.framework.TestCase.runBare(TestCase.java:127)
	at junit.framework.TestResult$1.protect(TestResult.java:106)
	at junit.framework.TestResult.runProtected(TestResult.java:124)
	at junit.framework.TestResult.run(TestResult.java:109)
	at junit.framework.TestCase.run(TestCase.java:118)
	at junit.framework.TestSuite.runTest(TestSuite.java:208)
	at junit.framework.TestSuite.run(TestSuite.java:203)
	at junit.framework.TestSuite.runTest(TestSuite.java:208)
	at junit.framework.TestSuite.run(TestSuite.java:203)
	at org.apache.tools.ant.taskdefs.optional.junit.JUnitTestRunner.run(JUnitTestRunner.java:297)
	at org.apache.tools.ant.taskdefs.optional.junit.JUnitTestRunner.launch(JUnitTestRunner.java:672)
	at org.apache.tools.ant.taskdefs.optional.junit.JUnitTestRunner.main(JUnitTestRunner.java:567)
Exiting doPost() method.
Entering doPost() method.
main parameters = [service] : studio [method] : createContest
Entering doPost() method.
main parameters = [service] : studio [method] : createContest
Entering doPost() method.
main parameters = [service] : studio [method] : getContest
received ID = [contest ID] : 1
getContest success!
the Ajax Response is : {"json":{"contestID":1,"projectID":32,"launchDateAndTime":"2008-04-01 09:00","statusID":-1,"requiredOrRestrictedFonts":"Arial","finalFileFormatList":["bmp","png"],"creatorUserID":30000,"documentationUploads":[{"contestID":123,"fileName":"","description":"desc of uploaded","documentID":3344},{"contestID":1233,"fileName":"","description":"desc of222 uploaded","documentID":3344}],"contestTypeID":0,"contestCategoryID":2,"contestPayloads":[{"contestTypeID":-1,"value":"Value of payload1","required":true,"description":"description","name":"Name of payload1"},{"contestTypeID":-1,"value":"Value of payload2","required":true,"description":"description","name":"Name of payload2"}],"shortSummary":"Short sum","sizeRequirements":"Size","prizes":[{"amount":1000,"place":1},{"amount":1000,"place":1}],"winnerAnnouncementDeadline":"2008-05-01 09:00","finalFileFormatOther":"jpg,gif","tcDirectProjectID":10000,"durationInHours":100,"contestDescriptionAndRequirements":"contest reqs","requiredOrRestrictedColors":"Red","otherRequirementsOrRestrictions":"other reqs","name":"Contest name"},"success":true}
Exiting doPost() method.
Entering doPost() method.
main parameters = [service] : studio [method] : getContest
received ID = [contest ID] : 50
ContestNotFoundException exception occurred while handling request : Contest not found
com.topcoder.service.studio.ContestNotFoundException: Contest not found
	at com.topcoder.widgets.bridge.mocks.MockStudioService.getContest(MockStudioService.java:78)
	at com.topcoder.widgets.bridge.AjaxBridgeServlet.doPost(AjaxBridgeServlet.java:607)
	at com.topcoder.widgets.bridge.AjaxBridgeServletTest.testStudioGetContestFail(AjaxBridgeServletTest.java:972)
	at sun.reflect.NativeMethodAccessorImpl.invoke0(Native Method)
	at sun.reflect.NativeMethodAccessorImpl.invoke(NativeMethodAccessorImpl.java:39)
	at sun.reflect.DelegatingMethodAccessorImpl.invoke(DelegatingMethodAccessorImpl.java:25)
	at java.lang.reflect.Method.invoke(Method.java:585)
	at junit.framework.TestCase.runTest(TestCase.java:154)
	at junit.framework.TestCase.runBare(TestCase.java:127)
	at junit.framework.TestResult$1.protect(TestResult.java:106)
	at junit.framework.TestResult.runProtected(TestResult.java:124)
	at junit.framework.TestResult.run(TestResult.java:109)
	at junit.framework.TestCase.run(TestCase.java:118)
	at junit.framework.TestSuite.runTest(TestSuite.java:208)
	at junit.framework.TestSuite.run(TestSuite.java:203)
	at junit.framework.TestSuite.runTest(TestSuite.java:208)
	at junit.framework.TestSuite.run(TestSuite.java:203)
	at org.apache.tools.ant.taskdefs.optional.junit.JUnitTestRunner.run(JUnitTestRunner.java:297)
	at org.apache.tools.ant.taskdefs.optional.junit.JUnitTestRunner.launch(JUnitTestRunner.java:672)
	at org.apache.tools.ant.taskdefs.optional.junit.JUnitTestRunner.main(JUnitTestRunner.java:567)
Exiting doPost() method.
Entering doPost() method.
main parameters = [service] : studio [method] : getContest
Entering doPost() method.
main parameters = [service] : studio [method] : getContest
received ID = [contest ID] : 10
PersistenceException exception occurred while handling request : mock error.
com.topcoder.service.studio.PersistenceException: mock error.
	at com.topcoder.widgets.bridge.mocks.MockStudioService.getContest(MockStudioService.java:80)
	at com.topcoder.widgets.bridge.AjaxBridgeServlet.doPost(AjaxBridgeServlet.java:607)
	at com.topcoder.widgets.bridge.AjaxBridgeServletTest.testStudioGetContestFail(AjaxBridgeServletTest.java:986)
	at sun.reflect.NativeMethodAccessorImpl.invoke0(Native Method)
	at sun.reflect.NativeMethodAccessorImpl.invoke(NativeMethodAccessorImpl.java:39)
	at sun.reflect.DelegatingMethodAccessorImpl.invoke(DelegatingMethodAccessorImpl.java:25)
	at java.lang.reflect.Method.invoke(Method.java:585)
	at junit.framework.TestCase.runTest(TestCase.java:154)
	at junit.framework.TestCase.runBare(TestCase.java:127)
	at junit.framework.TestResult$1.protect(TestResult.java:106)
	at junit.framework.TestResult.runProtected(TestResult.java:124)
	at junit.framework.TestResult.run(TestResult.java:109)
	at junit.framework.TestCase.run(TestCase.java:118)
	at junit.framework.TestSuite.runTest(TestSuite.java:208)
	at junit.framework.TestSuite.run(TestSuite.java:203)
	at junit.framework.TestSuite.runTest(TestSuite.java:208)
	at junit.framework.TestSuite.run(TestSuite.java:203)
	at org.apache.tools.ant.taskdefs.optional.junit.JUnitTestRunner.run(JUnitTestRunner.java:297)
	at org.apache.tools.ant.taskdefs.optional.junit.JUnitTestRunner.launch(JUnitTestRunner.java:672)
	at org.apache.tools.ant.taskdefs.optional.junit.JUnitTestRunner.main(JUnitTestRunner.java:567)
Exiting doPost() method.
Entering doPost() method.
main parameters = [service] : studio [method] : getContestsForClient
received ID = [clientID]: 1 [contestStatusID]: 1
StudioServiceException exception occurred while handling request : It is not supported.
com.topcoder.service.studio.StudioServiceException: It is not supported.
	at com.topcoder.widgets.bridge.AjaxBridgeServlet.doPost(AjaxBridgeServlet.java:629)
	at com.topcoder.widgets.bridge.AjaxBridgeServletTest.testStudioGetContestsForClientNotSupportedYet(AjaxBridgeServletTest.java:1008)
	at sun.reflect.NativeMethodAccessorImpl.invoke0(Native Method)
	at sun.reflect.NativeMethodAccessorImpl.invoke(NativeMethodAccessorImpl.java:39)
	at sun.reflect.DelegatingMethodAccessorImpl.invoke(DelegatingMethodAccessorImpl.java:25)
	at java.lang.reflect.Method.invoke(Method.java:585)
	at junit.framework.TestCase.runTest(TestCase.java:154)
	at junit.framework.TestCase.runBare(TestCase.java:127)
	at junit.framework.TestResult$1.protect(TestResult.java:106)
	at junit.framework.TestResult.runProtected(TestResult.java:124)
	at junit.framework.TestResult.run(TestResult.java:109)
	at junit.framework.TestCase.run(TestCase.java:118)
	at junit.framework.TestSuite.runTest(TestSuite.java:208)
	at junit.framework.TestSuite.run(TestSuite.java:203)
	at junit.framework.TestSuite.runTest(TestSuite.java:208)
	at junit.framework.TestSuite.run(TestSuite.java:203)
	at org.apache.tools.ant.taskdefs.optional.junit.JUnitTestRunner.run(JUnitTestRunner.java:297)
	at org.apache.tools.ant.taskdefs.optional.junit.JUnitTestRunner.launch(JUnitTestRunner.java:672)
	at org.apache.tools.ant.taskdefs.optional.junit.JUnitTestRunner.main(JUnitTestRunner.java:567)
Exiting doPost() method.
Entering doPost() method.
main parameters = [service] : studio [method] : getContestsForClient
Entering doPost() method.
main parameters = [service] : studio [method] : getContestsForClient
Entering doPost() method.
main parameters = [service] : studio [method] : getContestsForProject
received ID = [project ID] : 1
the Ajax Response is : {"json":[{"contestID":1,"projectID":32,"launchDateAndTime":"2008-04-01 09:00","statusID":-1,"requiredOrRestrictedFonts":"Arial","finalFileFormatList":["bmp","png"],"creatorUserID":30000,"documentationUploads":[{"contestID":123,"fileName":"","description":"desc of uploaded","documentID":3344},{"contestID":1233,"fileName":"","description":"desc of222 uploaded","documentID":3344}],"contestTypeID":0,"contestCategoryID":2,"contestPayloads":[{"contestTypeID":-1,"value":"Value of payload1","required":true,"description":"description","name":"Name of payload1"},{"contestTypeID":-1,"value":"Value of payload2","required":true,"description":"description","name":"Name of payload2"}],"shortSummary":"Short sum","sizeRequirements":"Size","prizes":[{"amount":1000,"place":1},{"amount":1000,"place":1}],"winnerAnnouncementDeadline":"2008-05-01 09:00","finalFileFormatOther":"jpg,gif","tcDirectProjectID":10000,"durationInHours":100,"contestDescriptionAndRequirements":"contest reqs","requiredOrRestrictedColors":"Red","otherRequirementsOrRestrictions":"other reqs","name":"Contest name"},{"contestID":2,"projectID":32,"launchDateAndTime":"2008-04-01 09:00","statusID":-1,"requiredOrRestrictedFonts":"Arial","finalFileFormatList":["bmp","png"],"creatorUserID":30000,"documentationUploads":[{"contestID":123,"fileName":"","description":"desc of uploaded","documentID":3344},{"contestID":1233,"fileName":"","description":"desc of222 uploaded","documentID":3344}],"contestTypeID":0,"contestCategoryID":2,"contestPayloads":[{"contestTypeID":-1,"value":"Value of payload1","required":true,"description":"description","name":"Name of payload1"},{"contestTypeID":-1,"value":"Value of payload2","required":true,"description":"description","name":"Name of payload2"}],"shortSummary":"Short sum","sizeRequirements":"Size","prizes":[{"amount":1000,"place":1},{"amount":1000,"place":1}],"winnerAnnouncementDeadline":"2008-05-01 09:00","finalFileFormatOther":"jpg,gif","tcDirectProjectID":10000,"durationInHours":100,"contestDescriptionAndRequirements":"contest reqs","requiredOrRestrictedColors":"Red","otherRequirementsOrRestrictions":"other reqs","name":"Contest name"}],"success":true}
getContestsForProject success!
Exiting doPost() method.
Entering doPost() method.
main parameters = [service] : studio [method] : getContestsForProject
received ID = [project ID] : 50
PersistenceException exception occurred while handling request : mock error.
com.topcoder.service.studio.PersistenceException: mock error.
	at com.topcoder.widgets.bridge.mocks.MockStudioService.getContestsForProject(MockStudioService.java:108)
	at com.topcoder.widgets.bridge.AjaxBridgeServlet.doPost(AjaxBridgeServlet.java:639)
	at com.topcoder.widgets.bridge.AjaxBridgeServletTest.testStudioGetContestsForProjectFail(AjaxBridgeServletTest.java:1086)
	at sun.reflect.NativeMethodAccessorImpl.invoke0(Native Method)
	at sun.reflect.NativeMethodAccessorImpl.invoke(NativeMethodAccessorImpl.java:39)
	at sun.reflect.DelegatingMethodAccessorImpl.invoke(DelegatingMethodAccessorImpl.java:25)
	at java.lang.reflect.Method.invoke(Method.java:585)
	at junit.framework.TestCase.runTest(TestCase.java:154)
	at junit.framework.TestCase.runBare(TestCase.java:127)
	at junit.framework.TestResult$1.protect(TestResult.java:106)
	at junit.framework.TestResult.runProtected(TestResult.java:124)
	at junit.framework.TestResult.run(TestResult.java:109)
	at junit.framework.TestCase.run(TestCase.java:118)
	at junit.framework.TestSuite.runTest(TestSuite.java:208)
	at junit.framework.TestSuite.run(TestSuite.java:203)
	at junit.framework.TestSuite.runTest(TestSuite.java:208)
	at junit.framework.TestSuite.run(TestSuite.java:203)
	at org.apache.tools.ant.taskdefs.optional.junit.JUnitTestRunner.run(JUnitTestRunner.java:297)
	at org.apache.tools.ant.taskdefs.optional.junit.JUnitTestRunner.launch(JUnitTestRunner.java:672)
	at org.apache.tools.ant.taskdefs.optional.junit.JUnitTestRunner.main(JUnitTestRunner.java:567)
Exiting doPost() method.
Entering doPost() method.
main parameters = [service] : studio [method] : getContestsForProject
Entering doPost() method.
main parameters = [service] : studio [method] : updateContestStatus
received IDs = [contest ID] : 1 [new status ID] : 50
the Ajax Response is : {"json":{"contestID":1,"projectID":32,"launchDateAndTime":"2008-04-01 09:00","statusID":-1,"requiredOrRestrictedFonts":"Arial","finalFileFormatList":["bmp","png"],"creatorUserID":30000,"documentationUploads":[{"contestID":123,"fileName":"","description":"desc of uploaded","documentID":3344},{"contestID":1233,"fileName":"","description":"desc of222 uploaded","documentID":3344}],"contestTypeID":0,"contestCategoryID":2,"contestPayloads":[{"contestTypeID":-1,"value":"Value of payload1","required":true,"description":"description","name":"Name of payload1"},{"contestTypeID":-1,"value":"Value of payload2","required":true,"description":"description","name":"Name of payload2"}],"shortSummary":"Short sum","sizeRequirements":"Size","prizes":[{"amount":1000,"place":1},{"amount":1000,"place":1}],"winnerAnnouncementDeadline":"2008-05-01 09:00","finalFileFormatOther":"jpg,gif","tcDirectProjectID":10000,"durationInHours":100,"contestDescriptionAndRequirements":"contest reqs","requiredOrRestrictedColors":"Red","otherRequirementsOrRestrictions":"other reqs","name":"Contest name"},"success":true}
updateContestStatus success!
Exiting doPost() method.
Entering doPost() method.
main parameters = [service] : studio [method] : updateContestStatus
received IDs = [contest ID] : 50 [new status ID] : 50
PersistenceException exception occurred while handling request : mock error.
com.topcoder.service.studio.PersistenceException: mock error.
	at com.topcoder.widgets.bridge.mocks.MockStudioService.updateContestStatus(MockStudioService.java:154)
	at com.topcoder.widgets.bridge.AjaxBridgeServlet.doPost(AjaxBridgeServlet.java:665)
	at com.topcoder.widgets.bridge.AjaxBridgeServletTest.testStudioUpdateContestStatusFail(AjaxBridgeServletTest.java:1140)
	at sun.reflect.NativeMethodAccessorImpl.invoke0(Native Method)
	at sun.reflect.NativeMethodAccessorImpl.invoke(NativeMethodAccessorImpl.java:39)
	at sun.reflect.DelegatingMethodAccessorImpl.invoke(DelegatingMethodAccessorImpl.java:25)
	at java.lang.reflect.Method.invoke(Method.java:585)
	at junit.framework.TestCase.runTest(TestCase.java:154)
	at junit.framework.TestCase.runBare(TestCase.java:127)
	at junit.framework.TestResult$1.protect(TestResult.java:106)
	at junit.framework.TestResult.runProtected(TestResult.java:124)
	at junit.framework.TestResult.run(TestResult.java:109)
	at junit.framework.TestCase.run(TestCase.java:118)
	at junit.framework.TestSuite.runTest(TestSuite.java:208)
	at junit.framework.TestSuite.run(TestSuite.java:203)
	at junit.framework.TestSuite.runTest(TestSuite.java:208)
	at junit.framework.TestSuite.run(TestSuite.java:203)
	at org.apache.tools.ant.taskdefs.optional.junit.JUnitTestRunner.run(JUnitTestRunner.java:297)
	at org.apache.tools.ant.taskdefs.optional.junit.JUnitTestRunner.launch(JUnitTestRunner.java:672)
	at org.apache.tools.ant.taskdefs.optional.junit.JUnitTestRunner.main(JUnitTestRunner.java:567)
Exiting doPost() method.
Entering doPost() method.
main parameters = [service] : studio [method] : updateContestStatus
Entering doPost() method.
main parameters = [service] : studio [method] : updateContestStatus
Entering doPost() method.
main parameters = [service] : studio [method] : removeDocumentFromContest
received ID = [document ID] : 1
removeDocumentFromContest success!
the Ajax Response is : {"success":true}
Exiting doPost() method.
Entering doPost() method.
main parameters = [service] : studio [method] : removeDocumentFromContest
received ID = [document ID] : 50
PersistenceException exception occurred while handling request : mock error.
com.topcoder.service.studio.PersistenceException: mock error.
	at com.topcoder.widgets.bridge.mocks.MockStudioService.removeDocumentFromContest(MockStudioService.java:200)
	at com.topcoder.widgets.bridge.AjaxBridgeServlet.doPost(AjaxBridgeServlet.java:725)
	at com.topcoder.widgets.bridge.AjaxBridgeServletTest.testStudioRemoveDocumentFromContestFail(AjaxBridgeServletTest.java:1198)
	at sun.reflect.NativeMethodAccessorImpl.invoke0(Native Method)
	at sun.reflect.NativeMethodAccessorImpl.invoke(NativeMethodAccessorImpl.java:39)
	at sun.reflect.DelegatingMethodAccessorImpl.invoke(DelegatingMethodAccessorImpl.java:25)
	at java.lang.reflect.Method.invoke(Method.java:585)
	at junit.framework.TestCase.runTest(TestCase.java:154)
	at junit.framework.TestCase.runBare(TestCase.java:127)
	at junit.framework.TestResult$1.protect(TestResult.java:106)
	at junit.framework.TestResult.runProtected(TestResult.java:124)
	at junit.framework.TestResult.run(TestResult.java:109)
	at junit.framework.TestCase.run(TestCase.java:118)
	at junit.framework.TestSuite.runTest(TestSuite.java:208)
	at junit.framework.TestSuite.run(TestSuite.java:203)
	at junit.framework.TestSuite.runTest(TestSuite.java:208)
	at junit.framework.TestSuite.run(TestSuite.java:203)
	at org.apache.tools.ant.taskdefs.optional.junit.JUnitTestRunner.run(JUnitTestRunner.java:297)
	at org.apache.tools.ant.taskdefs.optional.junit.JUnitTestRunner.launch(JUnitTestRunner.java:672)
	at org.apache.tools.ant.taskdefs.optional.junit.JUnitTestRunner.main(JUnitTestRunner.java:567)
Exiting doPost() method.
Entering doPost() method.
main parameters = [service] : studio [method] : retrieveSubmissionsForContest
received ID = [contest ID] : 1
retrieveSubmissionsForContest success!
the Ajax Response is : {"json":[{"passedReview":false,"contestID":1234,"removed":false,"markedForPurchase":true,"submitterID":32221,"passedScreening":true,"submissionID":5555,"submissionTimeStamp":"2008-04-04 09:00","price":234,"paidFor":true,"placement":2,"submissionContent":"content"},{"passedReview":false,"contestID":1234,"removed":false,"markedForPurchase":true,"submitterID":32221,"passedScreening":true,"submissionID":6666,"submissionTimeStamp":"2008-04-04 09:00","price":234,"paidFor":true,"placement":2,"submissionContent":"content"}],"success":true}
Exiting doPost() method.
Entering doPost() method.
main parameters = [service] : studio [method] : retrieveSubmissionsForContest
received ID = [contest ID] : 50
PersistenceException exception occurred while handling request : mock error.
com.topcoder.service.studio.PersistenceException: mock error.
	at com.topcoder.widgets.bridge.mocks.MockStudioService.retrieveSubmissionsForContest(MockStudioService.java:225)
	at com.topcoder.widgets.bridge.AjaxBridgeServlet.doPost(AjaxBridgeServlet.java:741)
	at com.topcoder.widgets.bridge.AjaxBridgeServletTest.testStudioRetrieveSubmissionsForContestFail(AjaxBridgeServletTest.java:1246)
	at sun.reflect.NativeMethodAccessorImpl.invoke0(Native Method)
	at sun.reflect.NativeMethodAccessorImpl.invoke(NativeMethodAccessorImpl.java:39)
	at sun.reflect.DelegatingMethodAccessorImpl.invoke(DelegatingMethodAccessorImpl.java:25)
	at java.lang.reflect.Method.invoke(Method.java:585)
	at junit.framework.TestCase.runTest(TestCase.java:154)
	at junit.framework.TestCase.runBare(TestCase.java:127)
	at junit.framework.TestResult$1.protect(TestResult.java:106)
	at junit.framework.TestResult.runProtected(TestResult.java:124)
	at junit.framework.TestResult.run(TestResult.java:109)
	at junit.framework.TestCase.run(TestCase.java:118)
	at junit.framework.TestSuite.runTest(TestSuite.java:208)
	at junit.framework.TestSuite.run(TestSuite.java:203)
	at junit.framework.TestSuite.runTest(TestSuite.java:208)
	at junit.framework.TestSuite.run(TestSuite.java:203)
	at org.apache.tools.ant.taskdefs.optional.junit.JUnitTestRunner.run(JUnitTestRunner.java:297)
	at org.apache.tools.ant.taskdefs.optional.junit.JUnitTestRunner.launch(JUnitTestRunner.java:672)
	at org.apache.tools.ant.taskdefs.optional.junit.JUnitTestRunner.main(JUnitTestRunner.java:567)
Exiting doPost() method.
Entering doPost() method.
main parameters = [service] : studio [method] : retrieveSubmissionsForContest
Entering doPost() method.
main parameters = [service] : studio [method] : updateSubmission
received ID = [submission ID] : 1
updateSubmission success!
the Ajax Response is : {"success":true}
Exiting doPost() method.
Entering doPost() method.
main parameters = [service] : studio [method] : updateSubmission
received ID = [submission ID] : 50
JSONInvalidKeyException exception occurred while handling request : There is no data for the given key
com.topcoder.json.object.JSONInvalidKeyException: There is no data for the given key
	at com.topcoder.json.object.JSONObject.validateKey(JSONObject.java:167)
	at com.topcoder.json.object.JSONObject.getBoolean(JSONObject.java:223)
	at com.topcoder.widgets.bridge.AjaxBridgeServlet.getSubmissionFromJSON(AjaxBridgeServlet.java:1493)
	at com.topcoder.widgets.bridge.AjaxBridgeServlet.doPost(AjaxBridgeServlet.java:767)
	at com.topcoder.widgets.bridge.AjaxBridgeServletTest.testStudioUpdateSubmissionFail(AjaxBridgeServletTest.java:1295)
	at sun.reflect.NativeMethodAccessorImpl.invoke0(Native Method)
	at sun.reflect.NativeMethodAccessorImpl.invoke(NativeMethodAccessorImpl.java:39)
	at sun.reflect.DelegatingMethodAccessorImpl.invoke(DelegatingMethodAccessorImpl.java:25)
	at java.lang.reflect.Method.invoke(Method.java:585)
	at junit.framework.TestCase.runTest(TestCase.java:154)
	at junit.framework.TestCase.runBare(TestCase.java:127)
	at junit.framework.TestResult$1.protect(TestResult.java:106)
	at junit.framework.TestResult.runProtected(TestResult.java:124)
	at junit.framework.TestResult.run(TestResult.java:109)
	at junit.framework.TestCase.run(TestCase.java:118)
	at junit.framework.TestSuite.runTest(TestSuite.java:208)
	at junit.framework.TestSuite.run(TestSuite.java:203)
	at junit.framework.TestSuite.runTest(TestSuite.java:208)
	at junit.framework.TestSuite.run(TestSuite.java:203)
	at org.apache.tools.ant.taskdefs.optional.junit.JUnitTestRunner.run(JUnitTestRunner.java:297)
	at org.apache.tools.ant.taskdefs.optional.junit.JUnitTestRunner.launch(JUnitTestRunner.java:672)
	at org.apache.tools.ant.taskdefs.optional.junit.JUnitTestRunner.main(JUnitTestRunner.java:567)
Exiting doPost() method.
Entering doPost() method.
main parameters = [service] : studio [method] : updateSubmission
Entering doPost() method.
main parameters = [service] : studio [method] : updateContest
received ID = [contest ID] : 1
updateContest success!
the Ajax Response is : {"success":true}
Exiting doPost() method.
Entering doPost() method.
main parameters = [service] : studio [method] : updateContest
received ID = [contest ID] : 50
PersistenceException exception occurred while handling request : mock error.
com.topcoder.service.studio.PersistenceException: mock error.
	at com.topcoder.widgets.bridge.mocks.MockStudioService.updateContest(MockStudioService.java:129)
	at com.topcoder.widgets.bridge.AjaxBridgeServlet.doPost(AjaxBridgeServlet.java:790)
	at com.topcoder.widgets.bridge.AjaxBridgeServletTest.testStudioUpdateContestFail(AjaxBridgeServletTest.java:1344)
	at sun.reflect.NativeMethodAccessorImpl.invoke0(Native Method)
	at sun.reflect.NativeMethodAccessorImpl.invoke(NativeMethodAccessorImpl.java:39)
	at sun.reflect.DelegatingMethodAccessorImpl.invoke(DelegatingMethodAccessorImpl.java:25)
	at java.lang.reflect.Method.invoke(Method.java:585)
	at junit.framework.TestCase.runTest(TestCase.java:154)
	at junit.framework.TestCase.runBare(TestCase.java:127)
	at junit.framework.TestResult$1.protect(TestResult.java:106)
	at junit.framework.TestResult.runProtected(TestResult.java:124)
	at junit.framework.TestResult.run(TestResult.java:109)
	at junit.framework.TestCase.run(TestCase.java:118)
	at junit.framework.TestSuite.runTest(TestSuite.java:208)
	at junit.framework.TestSuite.run(TestSuite.java:203)
	at junit.framework.TestSuite.runTest(TestSuite.java:208)
	at junit.framework.TestSuite.run(TestSuite.java:203)
	at org.apache.tools.ant.taskdefs.optional.junit.JUnitTestRunner.run(JUnitTestRunner.java:297)
	at org.apache.tools.ant.taskdefs.optional.junit.JUnitTestRunner.launch(JUnitTestRunner.java:672)
	at org.apache.tools.ant.taskdefs.optional.junit.JUnitTestRunner.main(JUnitTestRunner.java:567)
Exiting doPost() method.
Entering doPost() method.
main parameters = [service] : studio [method] : updateContest
Entering doPost() method.
main parameters = [service] : studio [method] : retrieveSubmission
received ID = [submission ID] : 1
StudioServiceException exception occurred while handling request : It is not supported.
com.topcoder.service.studio.StudioServiceException: It is not supported.
	at com.topcoder.widgets.bridge.AjaxBridgeServlet.doPost(AjaxBridgeServlet.java:809)
	at com.topcoder.widgets.bridge.AjaxBridgeServletTest.testStudioRetrieveSubmissionNotSupported(AjaxBridgeServletTest.java:1372)
	at sun.reflect.NativeMethodAccessorImpl.invoke0(Native Method)
	at sun.reflect.NativeMethodAccessorImpl.invoke(NativeMethodAccessorImpl.java:39)
	at sun.reflect.DelegatingMethodAccessorImpl.invoke(DelegatingMethodAccessorImpl.java:25)
	at java.lang.reflect.Method.invoke(Method.java:585)
	at junit.framework.TestCase.runTest(TestCase.java:154)
	at junit.framework.TestCase.runBare(TestCase.java:127)
	at junit.framework.TestResult$1.protect(TestResult.java:106)
	at junit.framework.TestResult.runProtected(TestResult.java:124)
	at junit.framework.TestResult.run(TestResult.java:109)
	at junit.framework.TestCase.run(TestCase.java:118)
	at junit.framework.TestSuite.runTest(TestSuite.java:208)
	at junit.framework.TestSuite.run(TestSuite.java:203)
	at junit.framework.TestSuite.runTest(TestSuite.java:208)
	at junit.framework.TestSuite.run(TestSuite.java:203)
	at org.apache.tools.ant.taskdefs.optional.junit.JUnitTestRunner.run(JUnitTestRunner.java:297)
	at org.apache.tools.ant.taskdefs.optional.junit.JUnitTestRunner.launch(JUnitTestRunner.java:672)
	at org.apache.tools.ant.taskdefs.optional.junit.JUnitTestRunner.main(JUnitTestRunner.java:567)
Exiting doPost() method.
Entering doPost() method.
main parameters = [service] : studio [method] : retrieveSubmission
received ID = [submission ID] : 50
StudioServiceException exception occurred while handling request : It is not supported.
com.topcoder.service.studio.StudioServiceException: It is not supported.
	at com.topcoder.widgets.bridge.AjaxBridgeServlet.doPost(AjaxBridgeServlet.java:809)
	at com.topcoder.widgets.bridge.AjaxBridgeServletTest.testStudioRetrieveSubmissionFail(AjaxBridgeServletTest.java:1393)
	at sun.reflect.NativeMethodAccessorImpl.invoke0(Native Method)
	at sun.reflect.NativeMethodAccessorImpl.invoke(NativeMethodAccessorImpl.java:39)
	at sun.reflect.DelegatingMethodAccessorImpl.invoke(DelegatingMethodAccessorImpl.java:25)
	at java.lang.reflect.Method.invoke(Method.java:585)
	at junit.framework.TestCase.runTest(TestCase.java:154)
	at junit.framework.TestCase.runBare(TestCase.java:127)
	at junit.framework.TestResult$1.protect(TestResult.java:106)
	at junit.framework.TestResult.runProtected(TestResult.java:124)
	at junit.framework.TestResult.run(TestResult.java:109)
	at junit.framework.TestCase.run(TestCase.java:118)
	at junit.framework.TestSuite.runTest(TestSuite.java:208)
	at junit.framework.TestSuite.run(TestSuite.java:203)
	at junit.framework.TestSuite.runTest(TestSuite.java:208)
	at junit.framework.TestSuite.run(TestSuite.java:203)
	at org.apache.tools.ant.taskdefs.optional.junit.JUnitTestRunner.run(JUnitTestRunner.java:297)
	at org.apache.tools.ant.taskdefs.optional.junit.JUnitTestRunner.launch(JUnitTestRunner.java:672)
	at org.apache.tools.ant.taskdefs.optional.junit.JUnitTestRunner.main(JUnitTestRunner.java:567)
Exiting doPost() method.
Entering doPost() method.
main parameters = [service] : studio [method] : retrieveSubmission
Entering doPost() method.
main parameters = [service] : studio [method] : removeSubmission
received ID = [submission ID] : 1
removeSubmission success!
the Ajax Response is : {"success":true}
Exiting doPost() method.
Entering doPost() method.
main parameters = [service] : studio [method] : removeSubmission
received ID = [submission ID] : 50
PersistenceException exception occurred while handling request : mock error.
com.topcoder.service.studio.PersistenceException: mock error.
	at com.topcoder.widgets.bridge.mocks.MockStudioService.removeSubmission(MockStudioService.java:285)
	at com.topcoder.widgets.bridge.AjaxBridgeServlet.doPost(AjaxBridgeServlet.java:820)
	at com.topcoder.widgets.bridge.AjaxBridgeServletTest.testStudioRemoveSubmissionFail(AjaxBridgeServletTest.java:1442)
	at sun.reflect.NativeMethodAccessorImpl.invoke0(Native Method)
	at sun.reflect.NativeMethodAccessorImpl.invoke(NativeMethodAccessorImpl.java:39)
	at sun.reflect.DelegatingMethodAccessorImpl.invoke(DelegatingMethodAccessorImpl.java:25)
	at java.lang.reflect.Method.invoke(Method.java:585)
	at junit.framework.TestCase.runTest(TestCase.java:154)
	at junit.framework.TestCase.runBare(TestCase.java:127)
	at junit.framework.TestResult$1.protect(TestResult.java:106)
	at junit.framework.TestResult.runProtected(TestResult.java:124)
	at junit.framework.TestResult.run(TestResult.java:109)
	at junit.framework.TestCase.run(TestCase.java:118)
	at junit.framework.TestSuite.runTest(TestSuite.java:208)
	at junit.framework.TestSuite.run(TestSuite.java:203)
	at junit.framework.TestSuite.runTest(TestSuite.java:208)
	at junit.framework.TestSuite.run(TestSuite.java:203)
	at org.apache.tools.ant.taskdefs.optional.junit.JUnitTestRunner.run(JUnitTestRunner.java:297)
	at org.apache.tools.ant.taskdefs.optional.junit.JUnitTestRunner.launch(JUnitTestRunner.java:672)
	at org.apache.tools.ant.taskdefs.optional.junit.JUnitTestRunner.main(JUnitTestRunner.java:567)
Exiting doPost() method.
Entering doPost() method.
main parameters = [service] : studio [method] : removeSubmission
Entering doPost() method.
main parameters = [service] : studio [method] : retrieveAllSubmissionsByMember
received ID = [user ID] : 1
retrieveAllSubmissionsByMember success!
the Ajax Response is : {"json":[{"passedReview":false,"contestID":1234,"removed":false,"markedForPurchase":true,"submitterID":32221,"passedScreening":true,"submissionID":5555,"submissionTimeStamp":"2008-04-04 09:00","price":234,"paidFor":true,"placement":2,"submissionContent":"content"},{"passedReview":false,"contestID":1234,"removed":false,"markedForPurchase":true,"submitterID":32221,"passedScreening":true,"submissionID":6666,"submissionTimeStamp":"2008-04-04 09:00","price":234,"paidFor":true,"placement":2,"submissionContent":"content"}],"success":true}
Exiting doPost() method.
Entering doPost() method.
main parameters = [service] : studio [method] : retrieveAllSubmissionsByMember
received ID = [user ID] : 50
PersistenceException exception occurred while handling request : mock error.
com.topcoder.service.studio.PersistenceException: mock error.
	at com.topcoder.widgets.bridge.mocks.MockStudioService.retrieveAllSubmissionsByMember(MockStudioService.java:248)
	at com.topcoder.widgets.bridge.AjaxBridgeServlet.doPost(AjaxBridgeServlet.java:836)
	at com.topcoder.widgets.bridge.AjaxBridgeServletTest.testStudioRetrieveAllSubmissionsByMemberFail(AjaxBridgeServletTest.java:1497)
	at sun.reflect.NativeMethodAccessorImpl.invoke0(Native Method)
	at sun.reflect.NativeMethodAccessorImpl.invoke(NativeMethodAccessorImpl.java:39)
	at sun.reflect.DelegatingMethodAccessorImpl.invoke(DelegatingMethodAccessorImpl.java:25)
	at java.lang.reflect.Method.invoke(Method.java:585)
	at junit.framework.TestCase.runTest(TestCase.java:154)
	at junit.framework.TestCase.runBare(TestCase.java:127)
	at junit.framework.TestResult$1.protect(TestResult.java:106)
	at junit.framework.TestResult.runProtected(TestResult.java:124)
	at junit.framework.TestResult.run(TestResult.java:109)
	at junit.framework.TestCase.run(TestCase.java:118)
	at junit.framework.TestSuite.runTest(TestSuite.java:208)
	at junit.framework.TestSuite.run(TestSuite.java:203)
	at junit.framework.TestSuite.runTest(TestSuite.java:208)
	at junit.framework.TestSuite.run(TestSuite.java:203)
	at org.apache.tools.ant.taskdefs.optional.junit.JUnitTestRunner.run(JUnitTestRunner.java:297)
	at org.apache.tools.ant.taskdefs.optional.junit.JUnitTestRunner.launch(JUnitTestRunner.java:672)
	at org.apache.tools.ant.taskdefs.optional.junit.JUnitTestRunner.main(JUnitTestRunner.java:567)
Exiting doPost() method.
Entering doPost() method.
main parameters = [service] : studio [method] : retrieveAllSubmissionsByMember
Entering doPost() method.
main parameters = [service] : studio [method] : getContestCategories
received ID = [parameters] : ["param1","param2","param3"]
getContestCategories success!
the Ajax Response is : {"json":[{"contestName":"Contest Name1","contestCategoryID":111,"contestDescription":"Description","contestCategory":"Category Cont1"},{"contestName":"Contest Name2","contestCategoryID":111222,"contestDescription":"Decription2","contestCategory":"Category Cont2"}],"success":true}
Exiting doPost() method.
Entering doPost() method.
main parameters = [service] : studio [method] : getContestCategories
Entering doPost() method.
main parameters = [service] : studio [method] : getSubmissionFileTypes
getSubmissionFileTypes success!
the Ajax Response is : {"json":["jpg","gif","png"],"success":true}
Exiting doPost() method.
Entering doPost() method.
main parameters = [service] : studio [method] : getContestStatuses
getContestStatuses success!
the Ajax Response is : {"json":[{"allowableNextStatuses":[2,3,4],"displayIcon":"","description":"Status Description","statusID":1,"name":"Status Name"},{"allowableNextStatuses":[2,3,4],"displayIcon":"","description":"Status Description","statusID":2,"name":"Status Name"}],"success":true}
Exiting doPost() method.
Entering doPost() method.
main parameters = [service] : prerequisite [method] : getAllPrerequisiteDocuments
Handle request of getAllPrerequisiteDocuments
the Ajax Response is : {"json":[{"versionDate":"2008-05-24 09:00","content":"content","name":"document1","documentID":1,"version":1},{"versionDate":"2008-05-24 09:00","content":"content","name":"document2","documentID":2,"version":2}],"success":true}
getAllPrerequisiteDocuments success!
Exiting doPost() method.
Entering doPost() method.
main parameters = [service] : prerequisite [method] : getPrerequisiteDocuments
received parameters = [competitionID] : 1 [roleID] : 2
the Ajax Response is : {"json":[{"versionDate":"2008-05-24 09:00","content":"content","name":"document1","documentID":1,"version":1}],"success":true}
getPrerequisiteDocuments success!
Exiting doPost() method.
Entering doPost() method.
main parameters = [service] : prerequisite [method] : getPrerequisiteDocuments
Entering doPost() method.
main parameters = [service] : prerequisite [method] : getPrerequisiteDocuments
Entering doPost() method.
main parameters = [service] : prerequisite [method] : getPrerequisiteDocuments
Entering doPost() method.
main parameters = [service] : prerequisite [method] : getPrerequisiteDocument
received parameters = [documentID] : 1 [version] : 1
the Ajax Response is : {"json":{"versionDate":"2008-05-24 09:00","content":"content","name":"document1","documentID":1,"version":1},"success":true}
getPrerequisiteDocument success!
Exiting doPost() method.
Entering doPost() method.
main parameters = [service] : prerequisite [method] : getPrerequisiteDocument
received parameters = [documentID] : 3 [version] : 1
DocumentNotFoundException exception occurred while handling request : mock error : document not found.
com.topcoder.service.prerequisite.DocumentNotFoundException: mock error : document not found.
	at com.topcoder.widgets.bridge.mocks.MockPrerequisiteService.getPrerequisiteDocument(MockPrerequisiteService.java:93)
	at com.topcoder.widgets.bridge.AjaxBridgeServlet.doPost(AjaxBridgeServlet.java:546)
	at com.topcoder.widgets.bridge.AjaxBridgeServletTest.testPrerequisiteGetPrerequisiteDocumentFail1(AjaxBridgeServletTest.java:1716)
	at sun.reflect.NativeMethodAccessorImpl.invoke0(Native Method)
	at sun.reflect.NativeMethodAccessorImpl.invoke(NativeMethodAccessorImpl.java:39)
	at sun.reflect.DelegatingMethodAccessorImpl.invoke(DelegatingMethodAccessorImpl.java:25)
	at java.lang.reflect.Method.invoke(Method.java:585)
	at junit.framework.TestCase.runTest(TestCase.java:154)
	at junit.framework.TestCase.runBare(TestCase.java:127)
	at junit.framework.TestResult$1.protect(TestResult.java:106)
	at junit.framework.TestResult.runProtected(TestResult.java:124)
	at junit.framework.TestResult.run(TestResult.java:109)
	at junit.framework.TestCase.run(TestCase.java:118)
	at junit.framework.TestSuite.runTest(TestSuite.java:208)
	at junit.framework.TestSuite.run(TestSuite.java:203)
	at junit.framework.TestSuite.runTest(TestSuite.java:208)
	at junit.framework.TestSuite.run(TestSuite.java:203)
	at org.apache.tools.ant.taskdefs.optional.junit.JUnitTestRunner.run(JUnitTestRunner.java:297)
	at org.apache.tools.ant.taskdefs.optional.junit.JUnitTestRunner.launch(JUnitTestRunner.java:672)
	at org.apache.tools.ant.taskdefs.optional.junit.JUnitTestRunner.main(JUnitTestRunner.java:567)
Exiting doPost() method.
Entering doPost() method.
main parameters = [service] : prerequisite [method] : getPrerequisiteDocument
Entering doPost() method.
main parameters = [service] : prerequisite [method] : getPrerequisiteDocument
Entering doPost() method.
main parameters = [service] : prerequisite [method] : recordMemberAnswer
received IDs = [competitionID] : 1 [roleID] : 1
the Ajax Response is : {"success":true}
recordMemberAnswer success!
Exiting doPost() method.
Entering doPost() method.
main parameters = [service] : prerequisite [method] : recordMemberAnswer
received IDs = [competitionID] : 2 [roleID] : 1
PersistenceException exception occurred while handling request : mock error : persistence error.
com.topcoder.service.prerequisite.PersistenceException: mock error : persistence error.
	at com.topcoder.widgets.bridge.mocks.MockPrerequisiteService.recordMemberAnswer(MockPrerequisiteService.java:168)
	at com.topcoder.widgets.bridge.AjaxBridgeServlet.doPost(AjaxBridgeServlet.java:565)
	at com.topcoder.widgets.bridge.AjaxBridgeServletTest.testPrerequisiteRecordMemberAnswerFail1(AjaxBridgeServletTest.java:1790)
	at sun.reflect.NativeMethodAccessorImpl.invoke0(Native Method)
	at sun.reflect.NativeMethodAccessorImpl.invoke(NativeMethodAccessorImpl.java:39)
	at sun.reflect.DelegatingMethodAccessorImpl.invoke(DelegatingMethodAccessorImpl.java:25)
	at java.lang.reflect.Method.invoke(Method.java:585)
	at junit.framework.TestCase.runTest(TestCase.java:154)
	at junit.framework.TestCase.runBare(TestCase.java:127)
	at junit.framework.TestResult$1.protect(TestResult.java:106)
	at junit.framework.TestResult.runProtected(TestResult.java:124)
	at junit.framework.TestResult.run(TestResult.java:109)
	at junit.framework.TestCase.run(TestCase.java:118)
	at junit.framework.TestSuite.runTest(TestSuite.java:208)
	at junit.framework.TestSuite.run(TestSuite.java:203)
	at junit.framework.TestSuite.runTest(TestSuite.java:208)
	at junit.framework.TestSuite.run(TestSuite.java:203)
	at org.apache.tools.ant.taskdefs.optional.junit.JUnitTestRunner.run(JUnitTestRunner.java:297)
	at org.apache.tools.ant.taskdefs.optional.junit.JUnitTestRunner.launch(JUnitTestRunner.java:672)
	at org.apache.tools.ant.taskdefs.optional.junit.JUnitTestRunner.main(JUnitTestRunner.java:567)
Exiting doPost() method.
Entering doPost() method.
main parameters = [service] : prerequisite [method] : recordMemberAnswer
received IDs = [competitionID] : 1 [roleID] : 1
JSONDataAccessTypeException exception occurred while handling request : The value represented can not be converted to a string
com.topcoder.json.object.JSONDataAccessTypeException: The value represented can not be converted to a string
	at com.topcoder.json.object.JSONValueWrapper.convertToString(JSONValueWrapper.java:365)
	at com.topcoder.json.object.JSONObject.getString(JSONObject.java:378)
	at com.topcoder.widgets.bridge.AjaxBridgeServlet.getPrerequisiteDocumentFromJSON(AjaxBridgeServlet.java:1443)
	at com.topcoder.widgets.bridge.AjaxBridgeServlet.doPost(AjaxBridgeServlet.java:565)
	at com.topcoder.widgets.bridge.AjaxBridgeServletTest.testPrerequisiteRecordMemberAnswerFail2(AjaxBridgeServletTest.java:1811)
	at sun.reflect.NativeMethodAccessorImpl.invoke0(Native Method)
	at sun.reflect.NativeMethodAccessorImpl.invoke(NativeMethodAccessorImpl.java:39)
	at sun.reflect.DelegatingMethodAccessorImpl.invoke(DelegatingMethodAccessorImpl.java:25)
	at java.lang.reflect.Method.invoke(Method.java:585)
	at junit.framework.TestCase.runTest(TestCase.java:154)
	at junit.framework.TestCase.runBare(TestCase.java:127)
	at junit.framework.TestResult$1.protect(TestResult.java:106)
	at junit.framework.TestResult.runProtected(TestResult.java:124)
	at junit.framework.TestResult.run(TestResult.java:109)
	at junit.framework.TestCase.run(TestCase.java:118)
	at junit.framework.TestSuite.runTest(TestSuite.java:208)
	at junit.framework.TestSuite.run(TestSuite.java:203)
	at junit.framework.TestSuite.runTest(TestSuite.java:208)
	at junit.framework.TestSuite.run(TestSuite.java:203)
	at org.apache.tools.ant.taskdefs.optional.junit.JUnitTestRunner.run(JUnitTestRunner.java:297)
	at org.apache.tools.ant.taskdefs.optional.junit.JUnitTestRunner.launch(JUnitTestRunner.java:672)
	at org.apache.tools.ant.taskdefs.optional.junit.JUnitTestRunner.main(JUnitTestRunner.java:567)
Exiting doPost() method.
Entering doPost() method.
main parameters = [service] : prerequisite [method] : recordMemberAnswer
Entering doPost() method.
main parameters = [service] : prerequisite [method] : recordMemberAnswer
Entering doPost() method.
main parameters = [service] : prerequisite [method] : recordMemberAnswer_wrong
Exiting doPost() method.
------------- ---------------- ---------------
------------- Standard Error -----------------
com.topcoder.service.project.PersistenceFault: Problem creating the project
	at com.topcoder.widgets.bridge.mocks.MockProjectService.createProject(MockProjectService.java:42)
	at com.topcoder.widgets.bridge.AjaxBridgeServlet.doPost(AjaxBridgeServlet.java:393)
	at com.topcoder.widgets.bridge.AjaxBridgeServlet.doGet(AjaxBridgeServlet.java:307)
	at com.topcoder.widgets.bridge.AjaxBridgeServletTest.testProjectCreateProjectFail(AjaxBridgeServletTest.java:616)
	at sun.reflect.NativeMethodAccessorImpl.invoke0(Native Method)
	at sun.reflect.NativeMethodAccessorImpl.invoke(NativeMethodAccessorImpl.java:39)
	at sun.reflect.DelegatingMethodAccessorImpl.invoke(DelegatingMethodAccessorImpl.java:25)
	at java.lang.reflect.Method.invoke(Method.java:585)
	at junit.framework.TestCase.runTest(TestCase.java:154)
	at junit.framework.TestCase.runBare(TestCase.java:127)
	at junit.framework.TestResult$1.protect(TestResult.java:106)
	at junit.framework.TestResult.runProtected(TestResult.java:124)
	at junit.framework.TestResult.run(TestResult.java:109)
	at junit.framework.TestCase.run(TestCase.java:118)
	at junit.framework.TestSuite.runTest(TestSuite.java:208)
	at junit.framework.TestSuite.run(TestSuite.java:203)
	at junit.framework.TestSuite.runTest(TestSuite.java:208)
	at junit.framework.TestSuite.run(TestSuite.java:203)
	at org.apache.tools.ant.taskdefs.optional.junit.JUnitTestRunner.run(JUnitTestRunner.java:297)
	at org.apache.tools.ant.taskdefs.optional.junit.JUnitTestRunner.launch(JUnitTestRunner.java:672)
	at org.apache.tools.ant.taskdefs.optional.junit.JUnitTestRunner.main(JUnitTestRunner.java:567)
com.topcoder.service.project.PersistenceFault: Problem updating the project data
	at com.topcoder.widgets.bridge.mocks.MockProjectService.updateProject(MockProjectService.java:172)
	at com.topcoder.widgets.bridge.AjaxBridgeServlet.doPost(AjaxBridgeServlet.java:413)
	at com.topcoder.widgets.bridge.AjaxBridgeServletTest.testProjectUpdateProjectFail(AjaxBridgeServletTest.java:669)
	at sun.reflect.NativeMethodAccessorImpl.invoke0(Native Method)
	at sun.reflect.NativeMethodAccessorImpl.invoke(NativeMethodAccessorImpl.java:39)
	at sun.reflect.DelegatingMethodAccessorImpl.invoke(DelegatingMethodAccessorImpl.java:25)
	at java.lang.reflect.Method.invoke(Method.java:585)
	at junit.framework.TestCase.runTest(TestCase.java:154)
	at junit.framework.TestCase.runBare(TestCase.java:127)
	at junit.framework.TestResult$1.protect(TestResult.java:106)
	at junit.framework.TestResult.runProtected(TestResult.java:124)
	at junit.framework.TestResult.run(TestResult.java:109)
	at junit.framework.TestCase.run(TestCase.java:118)
	at junit.framework.TestSuite.runTest(TestSuite.java:208)
	at junit.framework.TestSuite.run(TestSuite.java:203)
	at junit.framework.TestSuite.runTest(TestSuite.java:208)
	at junit.framework.TestSuite.run(TestSuite.java:203)
	at org.apache.tools.ant.taskdefs.optional.junit.JUnitTestRunner.run(JUnitTestRunner.java:297)
	at org.apache.tools.ant.taskdefs.optional.junit.JUnitTestRunner.launch(JUnitTestRunner.java:672)
	at org.apache.tools.ant.taskdefs.optional.junit.JUnitTestRunner.main(JUnitTestRunner.java:567)
com.topcoder.service.project.PersistenceFault: Problem deleting the project
	at com.topcoder.widgets.bridge.mocks.MockProjectService.deleteProject(MockProjectService.java:63)
	at com.topcoder.widgets.bridge.AjaxBridgeServlet.doPost(AjaxBridgeServlet.java:434)
	at com.topcoder.widgets.bridge.AjaxBridgeServletTest.testProjectDeleteProjectFail(AjaxBridgeServletTest.java:718)
	at sun.reflect.NativeMethodAccessorImpl.invoke0(Native Method)
	at sun.reflect.NativeMethodAccessorImpl.invoke(NativeMethodAccessorImpl.java:39)
	at sun.reflect.DelegatingMethodAccessorImpl.invoke(DelegatingMethodAccessorImpl.java:25)
	at java.lang.reflect.Method.invoke(Method.java:585)
	at junit.framework.TestCase.runTest(TestCase.java:154)
	at junit.framework.TestCase.runBare(TestCase.java:127)
	at junit.framework.TestResult$1.protect(TestResult.java:106)
	at junit.framework.TestResult.runProtected(TestResult.java:124)
	at junit.framework.TestResult.run(TestResult.java:109)
	at junit.framework.TestCase.run(TestCase.java:118)
	at junit.framework.TestSuite.runTest(TestSuite.java:208)
	at junit.framework.TestSuite.run(TestSuite.java:203)
	at junit.framework.TestSuite.runTest(TestSuite.java:208)
	at junit.framework.TestSuite.run(TestSuite.java:203)
	at org.apache.tools.ant.taskdefs.optional.junit.JUnitTestRunner.run(JUnitTestRunner.java:297)
	at org.apache.tools.ant.taskdefs.optional.junit.JUnitTestRunner.launch(JUnitTestRunner.java:672)
	at org.apache.tools.ant.taskdefs.optional.junit.JUnitTestRunner.main(JUnitTestRunner.java:567)
com.topcoder.service.project.ProjectNotFoundFault: Problem retrieving the project for project id 50
	at com.topcoder.widgets.bridge.mocks.MockProjectService.getProject(MockProjectService.java:112)
	at com.topcoder.widgets.bridge.AjaxBridgeServlet.doPost(AjaxBridgeServlet.java:450)
	at com.topcoder.widgets.bridge.AjaxBridgeServletTest.testProjectGetProjectFail(AjaxBridgeServletTest.java:764)
	at sun.reflect.NativeMethodAccessorImpl.invoke0(Native Method)
	at sun.reflect.NativeMethodAccessorImpl.invoke(NativeMethodAccessorImpl.java:39)
	at sun.reflect.DelegatingMethodAccessorImpl.invoke(DelegatingMethodAccessorImpl.java:25)
	at java.lang.reflect.Method.invoke(Method.java:585)
	at junit.framework.TestCase.runTest(TestCase.java:154)
	at junit.framework.TestCase.runBare(TestCase.java:127)
	at junit.framework.TestResult$1.protect(TestResult.java:106)
	at junit.framework.TestResult.runProtected(TestResult.java:124)
	at junit.framework.TestResult.run(TestResult.java:109)
	at junit.framework.TestCase.run(TestCase.java:118)
	at junit.framework.TestSuite.runTest(TestSuite.java:208)
	at junit.framework.TestSuite.run(TestSuite.java:203)
	at junit.framework.TestSuite.runTest(TestSuite.java:208)
	at junit.framework.TestSuite.run(TestSuite.java:203)
	at org.apache.tools.ant.taskdefs.optional.junit.JUnitTestRunner.run(JUnitTestRunner.java:297)
	at org.apache.tools.ant.taskdefs.optional.junit.JUnitTestRunner.launch(JUnitTestRunner.java:672)
	at org.apache.tools.ant.taskdefs.optional.junit.JUnitTestRunner.main(JUnitTestRunner.java:567)
com.topcoder.service.project.UserNotFoundFault: User not found for id of 50
	at com.topcoder.widgets.bridge.mocks.MockProjectService.getProjectsForUser(MockProjectService.java:145)
	at com.topcoder.widgets.bridge.AjaxBridgeServlet.doPost(AjaxBridgeServlet.java:465)
	at com.topcoder.widgets.bridge.AjaxBridgeServletTest.testProjectGetProjectsForUserFail(AjaxBridgeServletTest.java:820)
	at sun.reflect.NativeMethodAccessorImpl.invoke0(Native Method)
	at sun.reflect.NativeMethodAccessorImpl.invoke(NativeMethodAccessorImpl.java:39)
	at sun.reflect.DelegatingMethodAccessorImpl.invoke(DelegatingMethodAccessorImpl.java:25)
	at java.lang.reflect.Method.invoke(Method.java:585)
	at junit.framework.TestCase.runTest(TestCase.java:154)
	at junit.framework.TestCase.runBare(TestCase.java:127)
	at junit.framework.TestResult$1.protect(TestResult.java:106)
	at junit.framework.TestResult.runProtected(TestResult.java:124)
	at junit.framework.TestResult.run(TestResult.java:109)
	at junit.framework.TestCase.run(TestCase.java:118)
	at junit.framework.TestSuite.runTest(TestSuite.java:208)
	at junit.framework.TestSuite.run(TestSuite.java:203)
	at junit.framework.TestSuite.runTest(TestSuite.java:208)
	at junit.framework.TestSuite.run(TestSuite.java:203)
	at org.apache.tools.ant.taskdefs.optional.junit.JUnitTestRunner.run(JUnitTestRunner.java:297)
	at org.apache.tools.ant.taskdefs.optional.junit.JUnitTestRunner.launch(JUnitTestRunner.java:672)
	at org.apache.tools.ant.taskdefs.optional.junit.JUnitTestRunner.main(JUnitTestRunner.java:567)
com.topcoder.service.project.AuthorizationFailedFault: User not authorized for this function with id of 51
	at com.topcoder.widgets.bridge.mocks.MockProjectService.getProjectsForUser(MockProjectService.java:147)
	at com.topcoder.widgets.bridge.AjaxBridgeServlet.doPost(AjaxBridgeServlet.java:465)
	at com.topcoder.widgets.bridge.AjaxBridgeServletTest.testProjectGetProjectsForUserFail(AjaxBridgeServletTest.java:827)
	at sun.reflect.NativeMethodAccessorImpl.invoke0(Native Method)
	at sun.reflect.NativeMethodAccessorImpl.invoke(NativeMethodAccessorImpl.java:39)
	at sun.reflect.DelegatingMethodAccessorImpl.invoke(DelegatingMethodAccessorImpl.java:25)
	at java.lang.reflect.Method.invoke(Method.java:585)
	at junit.framework.TestCase.runTest(TestCase.java:154)
	at junit.framework.TestCase.runBare(TestCase.java:127)
	at junit.framework.TestResult$1.protect(TestResult.java:106)
	at junit.framework.TestResult.runProtected(TestResult.java:124)
	at junit.framework.TestResult.run(TestResult.java:109)
	at junit.framework.TestCase.run(TestCase.java:118)
	at junit.framework.TestSuite.runTest(TestSuite.java:208)
	at junit.framework.TestSuite.run(TestSuite.java:203)
	at junit.framework.TestSuite.runTest(TestSuite.java:208)
	at junit.framework.TestSuite.run(TestSuite.java:203)
	at org.apache.tools.ant.taskdefs.optional.junit.JUnitTestRunner.run(JUnitTestRunner.java:297)
	at org.apache.tools.ant.taskdefs.optional.junit.JUnitTestRunner.launch(JUnitTestRunner.java:672)
	at org.apache.tools.ant.taskdefs.optional.junit.JUnitTestRunner.main(JUnitTestRunner.java:567)
com.topcoder.service.project.PersistenceFault: Project not found for user
	at com.topcoder.widgets.bridge.mocks.MockProjectService.getProjectsForUser(MockProjectService.java:149)
	at com.topcoder.widgets.bridge.AjaxBridgeServlet.doPost(AjaxBridgeServlet.java:465)
	at com.topcoder.widgets.bridge.AjaxBridgeServletTest.testProjectGetProjectsForUserFail(AjaxBridgeServletTest.java:834)
	at sun.reflect.NativeMethodAccessorImpl.invoke0(Native Method)
	at sun.reflect.NativeMethodAccessorImpl.invoke(NativeMethodAccessorImpl.java:39)
	at sun.reflect.DelegatingMethodAccessorImpl.invoke(DelegatingMethodAccessorImpl.java:25)
	at java.lang.reflect.Method.invoke(Method.java:585)
	at junit.framework.TestCase.runTest(TestCase.java:154)
	at junit.framework.TestCase.runBare(TestCase.java:127)
	at junit.framework.TestResult$1.protect(TestResult.java:106)
	at junit.framework.TestResult.runProtected(TestResult.java:124)
	at junit.framework.TestResult.run(TestResult.java:109)
	at junit.framework.TestCase.run(TestCase.java:118)
	at junit.framework.TestSuite.runTest(TestSuite.java:208)
	at junit.framework.TestSuite.run(TestSuite.java:203)
	at junit.framework.TestSuite.runTest(TestSuite.java:208)
	at junit.framework.TestSuite.run(TestSuite.java:203)
	at org.apache.tools.ant.taskdefs.optional.junit.JUnitTestRunner.run(JUnitTestRunner.java:297)
	at org.apache.tools.ant.taskdefs.optional.junit.JUnitTestRunner.launch(JUnitTestRunner.java:672)
	at org.apache.tools.ant.taskdefs.optional.junit.JUnitTestRunner.main(JUnitTestRunner.java:567)
com.topcoder.service.studio.PersistenceException: mock error: only allow project id of 1.
	at com.topcoder.widgets.bridge.mocks.MockStudioService.createContest(MockStudioService.java:56)
	at com.topcoder.widgets.bridge.AjaxBridgeServlet.doPost(AjaxBridgeServlet.java:594)
	at com.topcoder.widgets.bridge.AjaxBridgeServletTest.testStudioCreateContestFail(AjaxBridgeServletTest.java:911)
	at sun.reflect.NativeMethodAccessorImpl.invoke0(Native Method)
	at sun.reflect.NativeMethodAccessorImpl.invoke(NativeMethodAccessorImpl.java:39)
	at sun.reflect.DelegatingMethodAccessorImpl.invoke(DelegatingMethodAccessorImpl.java:25)
	at java.lang.reflect.Method.invoke(Method.java:585)
	at junit.framework.TestCase.runTest(TestCase.java:154)
	at junit.framework.TestCase.runBare(TestCase.java:127)
	at junit.framework.TestResult$1.protect(TestResult.java:106)
	at junit.framework.TestResult.runProtected(TestResult.java:124)
	at junit.framework.TestResult.run(TestResult.java:109)
	at junit.framework.TestCase.run(TestCase.java:118)
	at junit.framework.TestSuite.runTest(TestSuite.java:208)
	at junit.framework.TestSuite.run(TestSuite.java:203)
	at junit.framework.TestSuite.runTest(TestSuite.java:208)
	at junit.framework.TestSuite.run(TestSuite.java:203)
	at org.apache.tools.ant.taskdefs.optional.junit.JUnitTestRunner.run(JUnitTestRunner.java:297)
	at org.apache.tools.ant.taskdefs.optional.junit.JUnitTestRunner.launch(JUnitTestRunner.java:672)
	at org.apache.tools.ant.taskdefs.optional.junit.JUnitTestRunner.main(JUnitTestRunner.java:567)
com.topcoder.service.studio.ContestNotFoundException: Contest not found
	at com.topcoder.widgets.bridge.mocks.MockStudioService.getContest(MockStudioService.java:78)
	at com.topcoder.widgets.bridge.AjaxBridgeServlet.doPost(AjaxBridgeServlet.java:607)
	at com.topcoder.widgets.bridge.AjaxBridgeServletTest.testStudioGetContestFail(AjaxBridgeServletTest.java:972)
	at sun.reflect.NativeMethodAccessorImpl.invoke0(Native Method)
	at sun.reflect.NativeMethodAccessorImpl.invoke(NativeMethodAccessorImpl.java:39)
	at sun.reflect.DelegatingMethodAccessorImpl.invoke(DelegatingMethodAccessorImpl.java:25)
	at java.lang.reflect.Method.invoke(Method.java:585)
	at junit.framework.TestCase.runTest(TestCase.java:154)
	at junit.framework.TestCase.runBare(TestCase.java:127)
	at junit.framework.TestResult$1.protect(TestResult.java:106)
	at junit.framework.TestResult.runProtected(TestResult.java:124)
	at junit.framework.TestResult.run(TestResult.java:109)
	at junit.framework.TestCase.run(TestCase.java:118)
	at junit.framework.TestSuite.runTest(TestSuite.java:208)
	at junit.framework.TestSuite.run(TestSuite.java:203)
	at junit.framework.TestSuite.runTest(TestSuite.java:208)
	at junit.framework.TestSuite.run(TestSuite.java:203)
	at org.apache.tools.ant.taskdefs.optional.junit.JUnitTestRunner.run(JUnitTestRunner.java:297)
	at org.apache.tools.ant.taskdefs.optional.junit.JUnitTestRunner.launch(JUnitTestRunner.java:672)
	at org.apache.tools.ant.taskdefs.optional.junit.JUnitTestRunner.main(JUnitTestRunner.java:567)
com.topcoder.service.studio.PersistenceException: mock error.
	at com.topcoder.widgets.bridge.mocks.MockStudioService.getContest(MockStudioService.java:80)
	at com.topcoder.widgets.bridge.AjaxBridgeServlet.doPost(AjaxBridgeServlet.java:607)
	at com.topcoder.widgets.bridge.AjaxBridgeServletTest.testStudioGetContestFail(AjaxBridgeServletTest.java:986)
	at sun.reflect.NativeMethodAccessorImpl.invoke0(Native Method)
	at sun.reflect.NativeMethodAccessorImpl.invoke(NativeMethodAccessorImpl.java:39)
	at sun.reflect.DelegatingMethodAccessorImpl.invoke(DelegatingMethodAccessorImpl.java:25)
	at java.lang.reflect.Method.invoke(Method.java:585)
	at junit.framework.TestCase.runTest(TestCase.java:154)
	at junit.framework.TestCase.runBare(TestCase.java:127)
	at junit.framework.TestResult$1.protect(TestResult.java:106)
	at junit.framework.TestResult.runProtected(TestResult.java:124)
	at junit.framework.TestResult.run(TestResult.java:109)
	at junit.framework.TestCase.run(TestCase.java:118)
	at junit.framework.TestSuite.runTest(TestSuite.java:208)
	at junit.framework.TestSuite.run(TestSuite.java:203)
	at junit.framework.TestSuite.runTest(TestSuite.java:208)
	at junit.framework.TestSuite.run(TestSuite.java:203)
	at org.apache.tools.ant.taskdefs.optional.junit.JUnitTestRunner.run(JUnitTestRunner.java:297)
	at org.apache.tools.ant.taskdefs.optional.junit.JUnitTestRunner.launch(JUnitTestRunner.java:672)
	at org.apache.tools.ant.taskdefs.optional.junit.JUnitTestRunner.main(JUnitTestRunner.java:567)
com.topcoder.service.studio.StudioServiceException: It is not supported.
	at com.topcoder.widgets.bridge.AjaxBridgeServlet.doPost(AjaxBridgeServlet.java:629)
	at com.topcoder.widgets.bridge.AjaxBridgeServletTest.testStudioGetContestsForClientNotSupportedYet(AjaxBridgeServletTest.java:1008)
	at sun.reflect.NativeMethodAccessorImpl.invoke0(Native Method)
	at sun.reflect.NativeMethodAccessorImpl.invoke(NativeMethodAccessorImpl.java:39)
	at sun.reflect.DelegatingMethodAccessorImpl.invoke(DelegatingMethodAccessorImpl.java:25)
	at java.lang.reflect.Method.invoke(Method.java:585)
	at junit.framework.TestCase.runTest(TestCase.java:154)
	at junit.framework.TestCase.runBare(TestCase.java:127)
	at junit.framework.TestResult$1.protect(TestResult.java:106)
	at junit.framework.TestResult.runProtected(TestResult.java:124)
	at junit.framework.TestResult.run(TestResult.java:109)
	at junit.framework.TestCase.run(TestCase.java:118)
	at junit.framework.TestSuite.runTest(TestSuite.java:208)
	at junit.framework.TestSuite.run(TestSuite.java:203)
	at junit.framework.TestSuite.runTest(TestSuite.java:208)
	at junit.framework.TestSuite.run(TestSuite.java:203)
	at org.apache.tools.ant.taskdefs.optional.junit.JUnitTestRunner.run(JUnitTestRunner.java:297)
	at org.apache.tools.ant.taskdefs.optional.junit.JUnitTestRunner.launch(JUnitTestRunner.java:672)
	at org.apache.tools.ant.taskdefs.optional.junit.JUnitTestRunner.main(JUnitTestRunner.java:567)
com.topcoder.service.studio.PersistenceException: mock error.
	at com.topcoder.widgets.bridge.mocks.MockStudioService.getContestsForProject(MockStudioService.java:108)
	at com.topcoder.widgets.bridge.AjaxBridgeServlet.doPost(AjaxBridgeServlet.java:639)
	at com.topcoder.widgets.bridge.AjaxBridgeServletTest.testStudioGetContestsForProjectFail(AjaxBridgeServletTest.java:1086)
	at sun.reflect.NativeMethodAccessorImpl.invoke0(Native Method)
	at sun.reflect.NativeMethodAccessorImpl.invoke(NativeMethodAccessorImpl.java:39)
	at sun.reflect.DelegatingMethodAccessorImpl.invoke(DelegatingMethodAccessorImpl.java:25)
	at java.lang.reflect.Method.invoke(Method.java:585)
	at junit.framework.TestCase.runTest(TestCase.java:154)
	at junit.framework.TestCase.runBare(TestCase.java:127)
	at junit.framework.TestResult$1.protect(TestResult.java:106)
	at junit.framework.TestResult.runProtected(TestResult.java:124)
	at junit.framework.TestResult.run(TestResult.java:109)
	at junit.framework.TestCase.run(TestCase.java:118)
	at junit.framework.TestSuite.runTest(TestSuite.java:208)
	at junit.framework.TestSuite.run(TestSuite.java:203)
	at junit.framework.TestSuite.runTest(TestSuite.java:208)
	at junit.framework.TestSuite.run(TestSuite.java:203)
	at org.apache.tools.ant.taskdefs.optional.junit.JUnitTestRunner.run(JUnitTestRunner.java:297)
	at org.apache.tools.ant.taskdefs.optional.junit.JUnitTestRunner.launch(JUnitTestRunner.java:672)
	at org.apache.tools.ant.taskdefs.optional.junit.JUnitTestRunner.main(JUnitTestRunner.java:567)
com.topcoder.service.studio.PersistenceException: mock error.
	at com.topcoder.widgets.bridge.mocks.MockStudioService.updateContestStatus(MockStudioService.java:154)
	at com.topcoder.widgets.bridge.AjaxBridgeServlet.doPost(AjaxBridgeServlet.java:665)
	at com.topcoder.widgets.bridge.AjaxBridgeServletTest.testStudioUpdateContestStatusFail(AjaxBridgeServletTest.java:1140)
	at sun.reflect.NativeMethodAccessorImpl.invoke0(Native Method)
	at sun.reflect.NativeMethodAccessorImpl.invoke(NativeMethodAccessorImpl.java:39)
	at sun.reflect.DelegatingMethodAccessorImpl.invoke(DelegatingMethodAccessorImpl.java:25)
	at java.lang.reflect.Method.invoke(Method.java:585)
	at junit.framework.TestCase.runTest(TestCase.java:154)
	at junit.framework.TestCase.runBare(TestCase.java:127)
	at junit.framework.TestResult$1.protect(TestResult.java:106)
	at junit.framework.TestResult.runProtected(TestResult.java:124)
	at junit.framework.TestResult.run(TestResult.java:109)
	at junit.framework.TestCase.run(TestCase.java:118)
	at junit.framework.TestSuite.runTest(TestSuite.java:208)
	at junit.framework.TestSuite.run(TestSuite.java:203)
	at junit.framework.TestSuite.runTest(TestSuite.java:208)
	at junit.framework.TestSuite.run(TestSuite.java:203)
	at org.apache.tools.ant.taskdefs.optional.junit.JUnitTestRunner.run(JUnitTestRunner.java:297)
	at org.apache.tools.ant.taskdefs.optional.junit.JUnitTestRunner.launch(JUnitTestRunner.java:672)
	at org.apache.tools.ant.taskdefs.optional.junit.JUnitTestRunner.main(JUnitTestRunner.java:567)
com.topcoder.service.studio.PersistenceException: mock error.
	at com.topcoder.widgets.bridge.mocks.MockStudioService.removeDocumentFromContest(MockStudioService.java:200)
	at com.topcoder.widgets.bridge.AjaxBridgeServlet.doPost(AjaxBridgeServlet.java:725)
	at com.topcoder.widgets.bridge.AjaxBridgeServletTest.testStudioRemoveDocumentFromContestFail(AjaxBridgeServletTest.java:1198)
	at sun.reflect.NativeMethodAccessorImpl.invoke0(Native Method)
	at sun.reflect.NativeMethodAccessorImpl.invoke(NativeMethodAccessorImpl.java:39)
	at sun.reflect.DelegatingMethodAccessorImpl.invoke(DelegatingMethodAccessorImpl.java:25)
	at java.lang.reflect.Method.invoke(Method.java:585)
	at junit.framework.TestCase.runTest(TestCase.java:154)
	at junit.framework.TestCase.runBare(TestCase.java:127)
	at junit.framework.TestResult$1.protect(TestResult.java:106)
	at junit.framework.TestResult.runProtected(TestResult.java:124)
	at junit.framework.TestResult.run(TestResult.java:109)
	at junit.framework.TestCase.run(TestCase.java:118)
	at junit.framework.TestSuite.runTest(TestSuite.java:208)
	at junit.framework.TestSuite.run(TestSuite.java:203)
	at junit.framework.TestSuite.runTest(TestSuite.java:208)
	at junit.framework.TestSuite.run(TestSuite.java:203)
	at org.apache.tools.ant.taskdefs.optional.junit.JUnitTestRunner.run(JUnitTestRunner.java:297)
	at org.apache.tools.ant.taskdefs.optional.junit.JUnitTestRunner.launch(JUnitTestRunner.java:672)
	at org.apache.tools.ant.taskdefs.optional.junit.JUnitTestRunner.main(JUnitTestRunner.java:567)
com.topcoder.service.studio.PersistenceException: mock error.
	at com.topcoder.widgets.bridge.mocks.MockStudioService.retrieveSubmissionsForContest(MockStudioService.java:225)
	at com.topcoder.widgets.bridge.AjaxBridgeServlet.doPost(AjaxBridgeServlet.java:741)
	at com.topcoder.widgets.bridge.AjaxBridgeServletTest.testStudioRetrieveSubmissionsForContestFail(AjaxBridgeServletTest.java:1246)
	at sun.reflect.NativeMethodAccessorImpl.invoke0(Native Method)
	at sun.reflect.NativeMethodAccessorImpl.invoke(NativeMethodAccessorImpl.java:39)
	at sun.reflect.DelegatingMethodAccessorImpl.invoke(DelegatingMethodAccessorImpl.java:25)
	at java.lang.reflect.Method.invoke(Method.java:585)
	at junit.framework.TestCase.runTest(TestCase.java:154)
	at junit.framework.TestCase.runBare(TestCase.java:127)
	at junit.framework.TestResult$1.protect(TestResult.java:106)
	at junit.framework.TestResult.runProtected(TestResult.java:124)
	at junit.framework.TestResult.run(TestResult.java:109)
	at junit.framework.TestCase.run(TestCase.java:118)
	at junit.framework.TestSuite.runTest(TestSuite.java:208)
	at junit.framework.TestSuite.run(TestSuite.java:203)
	at junit.framework.TestSuite.runTest(TestSuite.java:208)
	at junit.framework.TestSuite.run(TestSuite.java:203)
	at org.apache.tools.ant.taskdefs.optional.junit.JUnitTestRunner.run(JUnitTestRunner.java:297)
	at org.apache.tools.ant.taskdefs.optional.junit.JUnitTestRunner.launch(JUnitTestRunner.java:672)
	at org.apache.tools.ant.taskdefs.optional.junit.JUnitTestRunner.main(JUnitTestRunner.java:567)
com.topcoder.json.object.JSONInvalidKeyException: There is no data for the given key
	at com.topcoder.json.object.JSONObject.validateKey(JSONObject.java:167)
	at com.topcoder.json.object.JSONObject.getBoolean(JSONObject.java:223)
	at com.topcoder.widgets.bridge.AjaxBridgeServlet.getSubmissionFromJSON(AjaxBridgeServlet.java:1493)
	at com.topcoder.widgets.bridge.AjaxBridgeServlet.doPost(AjaxBridgeServlet.java:767)
	at com.topcoder.widgets.bridge.AjaxBridgeServletTest.testStudioUpdateSubmissionFail(AjaxBridgeServletTest.java:1295)
	at sun.reflect.NativeMethodAccessorImpl.invoke0(Native Method)
	at sun.reflect.NativeMethodAccessorImpl.invoke(NativeMethodAccessorImpl.java:39)
	at sun.reflect.DelegatingMethodAccessorImpl.invoke(DelegatingMethodAccessorImpl.java:25)
	at java.lang.reflect.Method.invoke(Method.java:585)
	at junit.framework.TestCase.runTest(TestCase.java:154)
	at junit.framework.TestCase.runBare(TestCase.java:127)
	at junit.framework.TestResult$1.protect(TestResult.java:106)
	at junit.framework.TestResult.runProtected(TestResult.java:124)
	at junit.framework.TestResult.run(TestResult.java:109)
	at junit.framework.TestCase.run(TestCase.java:118)
	at junit.framework.TestSuite.runTest(TestSuite.java:208)
	at junit.framework.TestSuite.run(TestSuite.java:203)
	at junit.framework.TestSuite.runTest(TestSuite.java:208)
	at junit.framework.TestSuite.run(TestSuite.java:203)
	at org.apache.tools.ant.taskdefs.optional.junit.JUnitTestRunner.run(JUnitTestRunner.java:297)
	at org.apache.tools.ant.taskdefs.optional.junit.JUnitTestRunner.launch(JUnitTestRunner.java:672)
	at org.apache.tools.ant.taskdefs.optional.junit.JUnitTestRunner.main(JUnitTestRunner.java:567)
com.topcoder.service.studio.PersistenceException: mock error.
	at com.topcoder.widgets.bridge.mocks.MockStudioService.updateContest(MockStudioService.java:129)
	at com.topcoder.widgets.bridge.AjaxBridgeServlet.doPost(AjaxBridgeServlet.java:790)
	at com.topcoder.widgets.bridge.AjaxBridgeServletTest.testStudioUpdateContestFail(AjaxBridgeServletTest.java:1344)
	at sun.reflect.NativeMethodAccessorImpl.invoke0(Native Method)
	at sun.reflect.NativeMethodAccessorImpl.invoke(NativeMethodAccessorImpl.java:39)
	at sun.reflect.DelegatingMethodAccessorImpl.invoke(DelegatingMethodAccessorImpl.java:25)
	at java.lang.reflect.Method.invoke(Method.java:585)
	at junit.framework.TestCase.runTest(TestCase.java:154)
	at junit.framework.TestCase.runBare(TestCase.java:127)
	at junit.framework.TestResult$1.protect(TestResult.java:106)
	at junit.framework.TestResult.runProtected(TestResult.java:124)
	at junit.framework.TestResult.run(TestResult.java:109)
	at junit.framework.TestCase.run(TestCase.java:118)
	at junit.framework.TestSuite.runTest(TestSuite.java:208)
	at junit.framework.TestSuite.run(TestSuite.java:203)
	at junit.framework.TestSuite.runTest(TestSuite.java:208)
	at junit.framework.TestSuite.run(TestSuite.java:203)
	at org.apache.tools.ant.taskdefs.optional.junit.JUnitTestRunner.run(JUnitTestRunner.java:297)
	at org.apache.tools.ant.taskdefs.optional.junit.JUnitTestRunner.launch(JUnitTestRunner.java:672)
	at org.apache.tools.ant.taskdefs.optional.junit.JUnitTestRunner.main(JUnitTestRunner.java:567)
com.topcoder.service.studio.StudioServiceException: It is not supported.
	at com.topcoder.widgets.bridge.AjaxBridgeServlet.doPost(AjaxBridgeServlet.java:809)
	at com.topcoder.widgets.bridge.AjaxBridgeServletTest.testStudioRetrieveSubmissionNotSupported(AjaxBridgeServletTest.java:1372)
	at sun.reflect.NativeMethodAccessorImpl.invoke0(Native Method)
	at sun.reflect.NativeMethodAccessorImpl.invoke(NativeMethodAccessorImpl.java:39)
	at sun.reflect.DelegatingMethodAccessorImpl.invoke(DelegatingMethodAccessorImpl.java:25)
	at java.lang.reflect.Method.invoke(Method.java:585)
	at junit.framework.TestCase.runTest(TestCase.java:154)
	at junit.framework.TestCase.runBare(TestCase.java:127)
	at junit.framework.TestResult$1.protect(TestResult.java:106)
	at junit.framework.TestResult.runProtected(TestResult.java:124)
	at junit.framework.TestResult.run(TestResult.java:109)
	at junit.framework.TestCase.run(TestCase.java:118)
	at junit.framework.TestSuite.runTest(TestSuite.java:208)
	at junit.framework.TestSuite.run(TestSuite.java:203)
	at junit.framework.TestSuite.runTest(TestSuite.java:208)
	at junit.framework.TestSuite.run(TestSuite.java:203)
	at org.apache.tools.ant.taskdefs.optional.junit.JUnitTestRunner.run(JUnitTestRunner.java:297)
	at org.apache.tools.ant.taskdefs.optional.junit.JUnitTestRunner.launch(JUnitTestRunner.java:672)
	at org.apache.tools.ant.taskdefs.optional.junit.JUnitTestRunner.main(JUnitTestRunner.java:567)
com.topcoder.service.studio.StudioServiceException: It is not supported.
	at com.topcoder.widgets.bridge.AjaxBridgeServlet.doPost(AjaxBridgeServlet.java:809)
	at com.topcoder.widgets.bridge.AjaxBridgeServletTest.testStudioRetrieveSubmissionFail(AjaxBridgeServletTest.java:1393)
	at sun.reflect.NativeMethodAccessorImpl.invoke0(Native Method)
	at sun.reflect.NativeMethodAccessorImpl.invoke(NativeMethodAccessorImpl.java:39)
	at sun.reflect.DelegatingMethodAccessorImpl.invoke(DelegatingMethodAccessorImpl.java:25)
	at java.lang.reflect.Method.invoke(Method.java:585)
	at junit.framework.TestCase.runTest(TestCase.java:154)
	at junit.framework.TestCase.runBare(TestCase.java:127)
	at junit.framework.TestResult$1.protect(TestResult.java:106)
	at junit.framework.TestResult.runProtected(TestResult.java:124)
	at junit.framework.TestResult.run(TestResult.java:109)
	at junit.framework.TestCase.run(TestCase.java:118)
	at junit.framework.TestSuite.runTest(TestSuite.java:208)
	at junit.framework.TestSuite.run(TestSuite.java:203)
	at junit.framework.TestSuite.runTest(TestSuite.java:208)
	at junit.framework.TestSuite.run(TestSuite.java:203)
	at org.apache.tools.ant.taskdefs.optional.junit.JUnitTestRunner.run(JUnitTestRunner.java:297)
	at org.apache.tools.ant.taskdefs.optional.junit.JUnitTestRunner.launch(JUnitTestRunner.java:672)
	at org.apache.tools.ant.taskdefs.optional.junit.JUnitTestRunner.main(JUnitTestRunner.java:567)
com.topcoder.service.studio.PersistenceException: mock error.
	at com.topcoder.widgets.bridge.mocks.MockStudioService.removeSubmission(MockStudioService.java:285)
	at com.topcoder.widgets.bridge.AjaxBridgeServlet.doPost(AjaxBridgeServlet.java:820)
	at com.topcoder.widgets.bridge.AjaxBridgeServletTest.testStudioRemoveSubmissionFail(AjaxBridgeServletTest.java:1442)
	at sun.reflect.NativeMethodAccessorImpl.invoke0(Native Method)
	at sun.reflect.NativeMethodAccessorImpl.invoke(NativeMethodAccessorImpl.java:39)
	at sun.reflect.DelegatingMethodAccessorImpl.invoke(DelegatingMethodAccessorImpl.java:25)
	at java.lang.reflect.Method.invoke(Method.java:585)
	at junit.framework.TestCase.runTest(TestCase.java:154)
	at junit.framework.TestCase.runBare(TestCase.java:127)
	at junit.framework.TestResult$1.protect(TestResult.java:106)
	at junit.framework.TestResult.runProtected(TestResult.java:124)
	at junit.framework.TestResult.run(TestResult.java:109)
	at junit.framework.TestCase.run(TestCase.java:118)
	at junit.framework.TestSuite.runTest(TestSuite.java:208)
	at junit.framework.TestSuite.run(TestSuite.java:203)
	at junit.framework.TestSuite.runTest(TestSuite.java:208)
	at junit.framework.TestSuite.run(TestSuite.java:203)
	at org.apache.tools.ant.taskdefs.optional.junit.JUnitTestRunner.run(JUnitTestRunner.java:297)
	at org.apache.tools.ant.taskdefs.optional.junit.JUnitTestRunner.launch(JUnitTestRunner.java:672)
	at org.apache.tools.ant.taskdefs.optional.junit.JUnitTestRunner.main(JUnitTestRunner.java:567)
com.topcoder.service.studio.PersistenceException: mock error.
	at com.topcoder.widgets.bridge.mocks.MockStudioService.retrieveAllSubmissionsByMember(MockStudioService.java:248)
	at com.topcoder.widgets.bridge.AjaxBridgeServlet.doPost(AjaxBridgeServlet.java:836)
	at com.topcoder.widgets.bridge.AjaxBridgeServletTest.testStudioRetrieveAllSubmissionsByMemberFail(AjaxBridgeServletTest.java:1497)
	at sun.reflect.NativeMethodAccessorImpl.invoke0(Native Method)
	at sun.reflect.NativeMethodAccessorImpl.invoke(NativeMethodAccessorImpl.java:39)
	at sun.reflect.DelegatingMethodAccessorImpl.invoke(DelegatingMethodAccessorImpl.java:25)
	at java.lang.reflect.Method.invoke(Method.java:585)
	at junit.framework.TestCase.runTest(TestCase.java:154)
	at junit.framework.TestCase.runBare(TestCase.java:127)
	at junit.framework.TestResult$1.protect(TestResult.java:106)
	at junit.framework.TestResult.runProtected(TestResult.java:124)
	at junit.framework.TestResult.run(TestResult.java:109)
	at junit.framework.TestCase.run(TestCase.java:118)
	at junit.framework.TestSuite.runTest(TestSuite.java:208)
	at junit.framework.TestSuite.run(TestSuite.java:203)
	at junit.framework.TestSuite.runTest(TestSuite.java:208)
	at junit.framework.TestSuite.run(TestSuite.java:203)
	at org.apache.tools.ant.taskdefs.optional.junit.JUnitTestRunner.run(JUnitTestRunner.java:297)
	at org.apache.tools.ant.taskdefs.optional.junit.JUnitTestRunner.launch(JUnitTestRunner.java:672)
	at org.apache.tools.ant.taskdefs.optional.junit.JUnitTestRunner.main(JUnitTestRunner.java:567)
com.topcoder.service.prerequisite.DocumentNotFoundException: mock error : document not found.
	at com.topcoder.widgets.bridge.mocks.MockPrerequisiteService.getPrerequisiteDocument(MockPrerequisiteService.java:93)
	at com.topcoder.widgets.bridge.AjaxBridgeServlet.doPost(AjaxBridgeServlet.java:546)
	at com.topcoder.widgets.bridge.AjaxBridgeServletTest.testPrerequisiteGetPrerequisiteDocumentFail1(AjaxBridgeServletTest.java:1716)
	at sun.reflect.NativeMethodAccessorImpl.invoke0(Native Method)
	at sun.reflect.NativeMethodAccessorImpl.invoke(NativeMethodAccessorImpl.java:39)
	at sun.reflect.DelegatingMethodAccessorImpl.invoke(DelegatingMethodAccessorImpl.java:25)
	at java.lang.reflect.Method.invoke(Method.java:585)
	at junit.framework.TestCase.runTest(TestCase.java:154)
	at junit.framework.TestCase.runBare(TestCase.java:127)
	at junit.framework.TestResult$1.protect(TestResult.java:106)
	at junit.framework.TestResult.runProtected(TestResult.java:124)
	at junit.framework.TestResult.run(TestResult.java:109)
	at junit.framework.TestCase.run(TestCase.java:118)
	at junit.framework.TestSuite.runTest(TestSuite.java:208)
	at junit.framework.TestSuite.run(TestSuite.java:203)
	at junit.framework.TestSuite.runTest(TestSuite.java:208)
	at junit.framework.TestSuite.run(TestSuite.java:203)
	at org.apache.tools.ant.taskdefs.optional.junit.JUnitTestRunner.run(JUnitTestRunner.java:297)
	at org.apache.tools.ant.taskdefs.optional.junit.JUnitTestRunner.launch(JUnitTestRunner.java:672)
	at org.apache.tools.ant.taskdefs.optional.junit.JUnitTestRunner.main(JUnitTestRunner.java:567)
com.topcoder.service.prerequisite.PersistenceException: mock error : persistence error.
	at com.topcoder.widgets.bridge.mocks.MockPrerequisiteService.recordMemberAnswer(MockPrerequisiteService.java:168)
	at com.topcoder.widgets.bridge.AjaxBridgeServlet.doPost(AjaxBridgeServlet.java:565)
	at com.topcoder.widgets.bridge.AjaxBridgeServletTest.testPrerequisiteRecordMemberAnswerFail1(AjaxBridgeServletTest.java:1790)
	at sun.reflect.NativeMethodAccessorImpl.invoke0(Native Method)
	at sun.reflect.NativeMethodAccessorImpl.invoke(NativeMethodAccessorImpl.java:39)
	at sun.reflect.DelegatingMethodAccessorImpl.invoke(DelegatingMethodAccessorImpl.java:25)
	at java.lang.reflect.Method.invoke(Method.java:585)
	at junit.framework.TestCase.runTest(TestCase.java:154)
	at junit.framework.TestCase.runBare(TestCase.java:127)
	at junit.framework.TestResult$1.protect(TestResult.java:106)
	at junit.framework.TestResult.runProtected(TestResult.java:124)
	at junit.framework.TestResult.run(TestResult.java:109)
	at junit.framework.TestCase.run(TestCase.java:118)
	at junit.framework.TestSuite.runTest(TestSuite.java:208)
	at junit.framework.TestSuite.run(TestSuite.java:203)
	at junit.framework.TestSuite.runTest(TestSuite.java:208)
	at junit.framework.TestSuite.run(TestSuite.java:203)
	at org.apache.tools.ant.taskdefs.optional.junit.JUnitTestRunner.run(JUnitTestRunner.java:297)
	at org.apache.tools.ant.taskdefs.optional.junit.JUnitTestRunner.launch(JUnitTestRunner.java:672)
	at org.apache.tools.ant.taskdefs.optional.junit.JUnitTestRunner.main(JUnitTestRunner.java:567)
com.topcoder.json.object.JSONDataAccessTypeException: The value represented can not be converted to a string
	at com.topcoder.json.object.JSONValueWrapper.convertToString(JSONValueWrapper.java:365)
	at com.topcoder.json.object.JSONObject.getString(JSONObject.java:378)
	at com.topcoder.widgets.bridge.AjaxBridgeServlet.getPrerequisiteDocumentFromJSON(AjaxBridgeServlet.java:1443)
	at com.topcoder.widgets.bridge.AjaxBridgeServlet.doPost(AjaxBridgeServlet.java:565)
	at com.topcoder.widgets.bridge.AjaxBridgeServletTest.testPrerequisiteRecordMemberAnswerFail2(AjaxBridgeServletTest.java:1811)
	at sun.reflect.NativeMethodAccessorImpl.invoke0(Native Method)
	at sun.reflect.NativeMethodAccessorImpl.invoke(NativeMethodAccessorImpl.java:39)
	at sun.reflect.DelegatingMethodAccessorImpl.invoke(DelegatingMethodAccessorImpl.java:25)
	at java.lang.reflect.Method.invoke(Method.java:585)
	at junit.framework.TestCase.runTest(TestCase.java:154)
	at junit.framework.TestCase.runBare(TestCase.java:127)
	at junit.framework.TestResult$1.protect(TestResult.java:106)
	at junit.framework.TestResult.runProtected(TestResult.java:124)
	at junit.framework.TestResult.run(TestResult.java:109)
	at junit.framework.TestCase.run(TestCase.java:118)
	at junit.framework.TestSuite.runTest(TestSuite.java:208)
	at junit.framework.TestSuite.run(TestSuite.java:203)
	at junit.framework.TestSuite.runTest(TestSuite.java:208)
	at junit.framework.TestSuite.run(TestSuite.java:203)
	at org.apache.tools.ant.taskdefs.optional.junit.JUnitTestRunner.run(JUnitTestRunner.java:297)
	at org.apache.tools.ant.taskdefs.optional.junit.JUnitTestRunner.launch(JUnitTestRunner.java:672)
	at org.apache.tools.ant.taskdefs.optional.junit.JUnitTestRunner.main(JUnitTestRunner.java:567)
------------- ---------------- ---------------

Testcase: testCtor took 0.406 sec
Testcase: testInitNullConfig took 0 sec
Testcase: testInitWithValidParams took 0.281 sec
Testcase: testInitInvalidParamAjaxBridge took 0 sec
Testcase: testInitNullParamAjaxBridge took 0 sec
Testcase: testInitEmptyParamAjaxBridge2 took 0 sec
Testcase: testInitInvalidParamObjNS took 0.078 sec
Testcase: testInitInvalidParamEncoderKey took 0.031 sec
Testcase: testInitInvalidParamDecoderKey took 0.031 sec
Testcase: testInitInvalidParamProjectKey took 0.047 sec
Testcase: testInitEmptyParamProjectKey took 0.031 sec
Testcase: testInitInvalidParamPrerequisiteKey took 0.031 sec
Testcase: testInitInvalidParamStudioKey took 0.047 sec
Testcase: testInitInvalidParamUploadKey took 0.032 sec
Testcase: testDoGetNullRequest took 0.046 sec
Testcase: testDoGetNullResponse took 0.047 sec
Testcase: testDoPostNullRequest took 0.032 sec
Testcase: testDoPostNullResponse took 0.046 sec
Testcase: testInvalidServiceParam took 0.047 sec
Testcase: testInvalidServiceParam1 took 0.032 sec
Testcase: testInvalidServiceParam2 took 0.046 sec
Testcase: testInvalidMethodParamForProject took 0.032 sec
Testcase: testInvalidMethodParamForStudio took 0.031 sec
Testcase: testProjectCreateProjectSuccess took 0.062 sec
Testcase: testProjectCreateProjectFail took 0.047 sec
Testcase: testProjectUpdateProjectSuccess took 0.032 sec
Testcase: testProjectUpdateProjectFail took 0.046 sec
Testcase: testProjectDeleteProjectSuccess took 0.032 sec
Testcase: testProjectDeleteProjectFail took 0.062 sec
Testcase: testProjectGetProjectSuccess took 0.047 sec
Testcase: testProjectGetProjectFail took 0.031 sec
Testcase: testProjectGetProjectsForUserSuccess took 0.032 sec
Testcase: testProjectGetProjectsForUserFail took 0.062 sec
Testcase: testProjectGetAllProjectsSuccess took 0.094 sec
Testcase: testStudioCreateContestSuccess took 0.047 sec
Testcase: testStudioCreateContestFail took 0.078 sec
Testcase: testStudioGetContestSuccess took 0.062 sec
Testcase: testStudioGetContestFail took 0.047 sec
Testcase: testStudioGetContestsForClientNotSupportedYet took 0.031 sec
Testcase: testStudioGetContestsForClientFail took 0.032 sec
Testcase: testStudioGetContestsForProjectSuccess took 0.093 sec
Testcase: testStudioGetContestsForProjectFail took 0.047 sec
Testcase: testStudioUpdateContestStatusSuccess took 0.047 sec
Testcase: testStudioUpdateContestStatusFail took 0.031 sec
Testcase: testStudioRemoveDocumentFromContestSuccess took 0.032 sec
Testcase: testStudioRemoveDocumentFromContestFail took 0.047 sec
Testcase: testStudioRetrieveSubmissionsForContestSuccess took 0.046 sec
Testcase: testStudioRetrieveSubmissionsForContestFail took 0.016 sec
Testcase: testStudioUpdateSubmissionSuccess took 0.047 sec
Testcase: testStudioUpdateSubmissionFail took 0.031 sec
Testcase: testStudioUpdateContestSuccess took 0.031 sec
Testcase: testStudioUpdateContestFail took 0.047 sec
Testcase: testStudioRetrieveSubmissionNotSupported took 0.032 sec
Testcase: testStudioRetrieveSubmissionFail took 0.031 sec
Testcase: testStudioRemoveSubmissionSuccess took 0.031 sec
Testcase: testStudioRemoveSubmissionFail took 0.031 sec
Testcase: testStudioRetrieveAllSubmissionsByMemberSuccess took 0.031 sec
Testcase: testStudioRetrieveAllSubmissionsByMemberFail took 0.078 sec
Testcase: testStudioGetContestCategoriesSuccess took 0.032 sec
Testcase: testStudioGetContestCategoriesFail took 0.031 sec
Testcase: testStudioGetSubmissionFileTypesSuccess took 0.031 sec
Testcase: testStudioGetContestStatusesSuccess took 0.031 sec
Testcase: testPrerequisiteGetAllPrerequisiteDocumentsSuccess took 0.032 sec
Testcase: testPrerequisiteGetPrerequisiteDocumentsSuccess took 0.031 sec
Testcase: testPrerequisiteGetPrerequisiteDocumentsFail1 took 0.031 sec
Testcase: testPrerequisiteGetPrerequisiteDocumentsFail2 took 0.016 sec
Testcase: testPrerequisiteGetPrerequisiteDocumentsFail3 took 0.031 sec
Testcase: testPrerequisiteGetPrerequisiteDocumentSuccess took 0.031 sec
Testcase: testPrerequisiteGetPrerequisiteDocumentFail1 took 0.031 sec
Testcase: testPrerequisiteGetPrerequisiteDocumentFail2 took 0.032 sec
Testcase: testPrerequisiteGetPrerequisiteDocumentFail3 took 0.031 sec
Testcase: testPrerequisiterecordMemberAnswerSuccess took 0.031 sec
Testcase: testPrerequisiteRecordMemberAnswerFail1 took 0.031 sec
Testcase: testPrerequisiteRecordMemberAnswerFail2 took 0.032 sec
Testcase: testPrerequisiteRecordMemberAnswerFail3 took 0.031 sec
Testcase: testPrerequisiteRecordMemberAnswerFail4 took 0.031 sec
Testcase: testPrerequisiterecordMemberAnswerFail5 took 0.047 sec
