<?xml version="1.0" encoding="UTF-8" ?>
<testsuite errors="0" failures="0" name="com.topcoder.widgets.bridge.UnitTests" tests="77" time="4.078">
  <properties>
    <property name="java.vendor" value="Sun Microsystems Inc."></property>
    <property name="package" value="com.topcoder.widgets.bridge"></property>
    <property name="docpackage.jar" value="widget_bridge_docs.jar"></property>
    <property name="sun.management.compiler" value="HotSpot Client Compiler"></property>
    <property name="manifest_file_path" value="build/dist/widget_bridge-1.0.0/META-INF/"></property>
    <property name="verbose" value="no"></property>
    <property name="os.name" value="Windows XP"></property>
    <property name="sun.boot.class.path" value="C:\Java\JDK\jdk1.5.0_07\jre\lib\rt.jar;C:\Java\JDK\jdk1.5.0_07\jre\lib\i18n.jar;C:\Java\JDK\jdk1.5.0_07\jre\lib\sunrsasign.jar;C:\Java\JDK\jdk1.5.0_07\jre\lib\jsse.jar;C:\Java\JDK\jdk1.5.0_07\jre\lib\jce.jar;C:\Java\JDK\jdk1.5.0_07\jre\lib\charsets.jar;C:\Java\JDK\jdk1.5.0_07\jre\classes"></property>
    <property name="spring.jar" value="C:/TopCoder/components/lib/thirdparty/spring/2.5.1/spring.jar"></property>
    <property name="docsdir" value="docs"></property>
    <property name="javadoc.jar" value="javadocs.jar"></property>
    <property name="design_submission.jar" value="widget_bridge_1.0.0_design_submission.jar"></property>
    <property name="sun.desktop" value="windows"></property>
    <property name="component.tests.jar" value="build/dist/lib/tcs/widget_bridge_tests.jar"></property>
    <property name="object_formatter.jar" value="C:/TopCoder/components/lib/tcs/object_formatter/1.0/object_formatter.jar"></property>
    <property name="java.vm.specification.vendor" value="Sun Microsystems Inc."></property>
    <property name="ant.home" value="C:\Java\apache\ant\apache-ant-1.6.5\bin\.."></property>
    <property name="java.runtime.version" value="1.5.0_07-b03"></property>
    <property name="jbossws.dir" value="C:/TopCoder/components/lib/thirdparty/jbossws/2.0"></property>
    <property name="prerequisite_service.jar" value="C:/TopCoder/projects/lib/tcs/prerequisite_service/1.0.0/prerequisite_service.jar"></property>
    <property name="component_path" value="widget_bridge/1.0.0"></property>
    <property name="cobertura.dir" value="C:/TopCoder/components/lib/thirdparty/cobertura/1.8"></property>
    <property name="component.version.micro" value="0"></property>
    <property name="user.name" value="acton"></property>
    <property name="manifest_file" value="build/dist/widget_bridge-1.0.0/META-INF//MANIFEST.MF"></property>
    <property name="logging_wrapper.jar" value="C:/TopCoder/components/lib/tcs/logging_wrapper/2.0/logging_wrapper.jar"></property>
    <property name="debug" value="off"></property>
    <property name="reports" value="log/reports"></property>
    <property name="testfiles" value="test_files"></property>
    <property name="component.version.major" value="1"></property>
    <property name="component_version" value="1.0.0"></property>
    <property name="dist_coverage" value="build/dist/widget_bridge-1.0.0/docs/coverage"></property>
    <property name="component.packagedir" value="com/topcoder/widgets/bridge"></property>
    <property name="user.language" value="en"></property>
    <property name="cobertura.datafile" value="log/cobertura.ser"></property>
    <property name="javadoc.locale" value="en_US"></property>
    <property name="sun.boot.library.path" value="C:\Java\JDK\jdk1.5.0_07\jre\bin"></property>
    <property name="configuration_persistence.jar" value="C:/TopCoder/components/lib/tcs/configuration_persistence/1.0.1/configuration_persistence.jar"></property>
    <property name="tcs_libdir" value="C:/TopCoder/components/lib/tcs"></property>
    <property name="srcdir" value="src"></property>
    <property name="ant.project.name" value="TopCoder Java Generic Build"></property>
    <property name="component.bootclasspath" value="${java_1_5_bootclasspath}"></property>
    <property name="component.version.minor" value="0"></property>
    <property name="java.version" value="1.5.0_07"></property>
    <property name="user.timezone" value=""></property>
    <property name="dev_dist.jar" value="widget_bridge_1.0.0_dev_dist.jar"></property>
    <property name="sun.arch.data.model" value="32"></property>
    <property name="jboss.dir" value="C:/TopCoder/components/lib/thirdparty/jboss/4.2"></property>
    <property name="java.endorsed.dirs" value="C:\Java\JDK\jdk1.5.0_07\jre\lib\endorsed"></property>
    <property name="sun.cpu.isalist" value="pentium_pro+mmx pentium_pro pentium+mmx pentium i486 i386 i86"></property>
    <property name="packagedir" value="com/topcoder/widgets/bridge"></property>
    <property name="sun.jnu.encoding" value="GBK"></property>
    <property name="file.encoding.pkg" value="sun.io"></property>
    <property name="file.separator" value="\"></property>
    <property name="java.specification.name" value="Java Platform API Specification"></property>
    <property name="build_docsdir" value="build/docs"></property>
    <property name="dev_submission.jar" value="widget_bridge_1.0.0_dev_submission.jar"></property>
    <property name="java.class.version" value="49.0"></property>
    <property name="build_testclassdir" value="build/testClasses"></property>
    <property name="user.country" value="US"></property>
    <property name="java.home" value="C:\Java\JDK\jdk1.5.0_07\jre"></property>
    <property name="component.distfilename" value="widget_bridge"></property>
    <property name="component.version.build" value="1"></property>
    <property name="java.vm.info" value="mixed mode"></property>
    <property name="ant.file" value="C:\TopCoder\projects\widget_bridge_1.0\build.xml"></property>
    <property name="os.version" value="5.1"></property>
    <property name="build_distdir" value="build/dist"></property>
    <property name="dist_docpackage" value="build/doc_package"></property>
    <property name="build_tcsdistdir" value="build/dist/widget_bridge-1.0.0"></property>
    <property name="path.separator" value=";"></property>
    <property name="java.vm.version" value="1.5.0_07-b03"></property>
    <property name="testlogdir" value="log"></property>
    <property name="user.variant" value=""></property>
    <property name="ant.library.dir" value="C:\Java\apache\ant\apache-ant-1.6.5\lib"></property>
    <property name="component.name" value="Widget Bridge"></property>
    <property name="javamain" value="src/java/main"></property>
    <property name="base_exception.jar" value="C:/TopCoder/components/lib/tcs/base_exception/2.0/base_exception.jar"></property>
    <property name="dist_javadocs" value="build/dist/widget_bridge-1.0.0/docs/javadocs"></property>
    <property name="dist_lib" value="build/dist/lib/tcs"></property>
    <property name="java.awt.printerjob" value="sun.awt.windows.WPrinterJob"></property>
    <property name="sun.io.unicode.encoding" value="UnicodeLittle"></property>
    <property name="awt.toolkit" value="sun.awt.windows.WToolkit"></property>
    <property name="component" value="Widget Bridge"></property>
    <property name="user.home" value="C:\Documents and Settings\acton"></property>
    <property name="object_factory_configuration_api_plugin.jar" value="C:/TopCoder/components/lib/tcs/object_factory_configuration_api_plugin/1.0/object_factory_configuration_api_plugin.jar"></property>
    <property name="studio_service.jar" value="C:/TopCoder/projects/lib/tcs/studio_service/1.0.0/studio_service.jar"></property>
    <property name="object_factory.jar" value="C:/TopCoder/components/lib/tcs/object_factory/2.0.1/object_factory.jar"></property>
    <property name="java.specification.vendor" value="Sun Microsystems Inc."></property>
    <property name="java.library.path" value="C:\Java\JDK\jdk1.5.0_07\jre\bin;.;C:\WINDOWS\system32;C:\WINDOWS;C:\Java\apache\ant\apache-ant-1.6.5\bin;C:\Microsoft\bin;C:\Software\UnixUtils\usr\local\wbin;C:\ActivePerl\bin\;C:\Software\NetWork\Mail Enable\BIN;C:\Program Files\ThinkPad\Utilities;C:\WINDOWS\system32;C:\WINDOWS;C:\WINDOWS\System32\Wbem;C:\Program Files\Intel\Wireless\Bin\;C:\Program Files\ATI Technologies\ATI.ACE\;C:\Program Files\IBM ThinkVantage\Client Security Solution;C:\Program Files\ThinkPad\ConnectUtilities;C:\Program Files\IDM Computer Solutions\UltraEdit-32;C:\etc\bin;C:\Projects\AOL\bin;C:\java\maven\1.0.2\bin;C:\Software\SCS\CVS\nt2.5.03;C:\Software\SCS\CVS\nt2.5.03\;C:\Java\JDK\jdk1.5.0_07\bin;C:\Program Files\JProbe 7.0\bin;c:\java\aop\aspectj\1.5\bin;C:\Projects\AFFINITY\bin;C:\Software\SCS\SVN\svn-win32-1.4.0\bin;c:\TopCoder\bin;C:\database\informix\connect_3.00\bin;C:\Program Files\Microsoft SQL Server\80\Tools\BINN;C:\Java\JDK_EE\bin;C:\Software\SCS\CVS\nt2.5.03\"></property>
    <property name="java.vendor.url" value="http://java.sun.com/"></property>
    <property name="build_javadocsdir" value="build/docs/javadocs"></property>
    <property name="configdir" value="conf"></property>
    <property name="java.vm.vendor" value="Sun Microsystems Inc."></property>
    <property name="file_upload.jar" value="C:/TopCoder/components/lib/tcs/file_upload/2.2.0/file_upload.jar"></property>
    <property name="ant.file.TopCoder Java Generic Build" value="C:\TopCoder\projects\widget_bridge_1.0\build.xml"></property>
    <property name="java.runtime.name" value="Java(TM) 2 Runtime Environment, Standard Edition"></property>
    <property name="ant.version" value="Apache Ant version 1.6.5 compiled on June 2 2005"></property>
    <property name="java.class.path" value="C:\TopCoder\projects\widget_bridge_1.0\build\testClasses;C:\TopCoder\components\lib\thirdparty\junit\3.8.1\junit.jar;C:\TopCoder\components\lib\thirdparty\spring\2.5.1\spring.jar;C:\TopCoder\components\lib\thirdparty\spring\2.5.1\spring-test.jar;C:\TopCoder\projects\widget_bridge_1.0\test_reflib\object_formatter\1.0.0\object_formatter.jar;C:\TopCoder\projects\widget_bridge_1.0\test_reflib\typesafe_enum\1.1.0\typesafe_enum.jar;C:\TopCoder\components\lib\tcs\json_object\1.0\json_object.jar;C:\TopCoder\components\lib\tcs\configuration_api\1.0\configuration_api.jar;C:\TopCoder\components\lib\tcs\configuration_persistence\1.0.1\configuration_persistence.jar;C:\TopCoder\components\lib\tcs\object_factory\2.0.1\object_factory.jar;C:\TopCoder\components\lib\tcs\object_factory_configuration_api_plugin\1.0\object_factory_configuration_api_plugin.jar;C:\TopCoder\components\lib\tcs\logging_wrapper\2.0\logging_wrapper.jar;C:\TopCoder\components\lib\tcs\file_upload\2.2.0\file_upload.jar;C:\TopCoder\components\lib\tcs\base_exception\2.0\base_exception.jar;C:\TopCoder\components\lib\tcs\object_formatter\1.0\object_formatter.jar;C:\TopCoder\components\lib\tcs\typesafe_enum\1.1\typesafe_enum.jar;C:\TopCoder\projects\lib\tcs\studio_service\1.0.0\studio_service.jar;C:\TopCoder\projects\lib\tcs\project_service\1.0.0\project_service.jar;C:\TopCoder\projects\lib\tcs\prerequisite_service\1.0.0\prerequisite_service.jar;C:\TopCoder\components\lib\thirdparty\jboss\4.2\commons-logging.jar;C:\TopCoder\components\lib\thirdparty\jboss\4.2\jboss-ejb3x.jar;C:\TopCoder\components\lib\thirdparty\jboss\4.2\jboss-j2ee.jar;C:\TopCoder\components\lib\thirdparty\jboss\4.2\servlet-api.jar;C:\TopCoder\components\lib\thirdparty\jbossws\2.0\jaxb-api.jar;C:\TopCoder\components\lib\thirdparty\jbossws\2.0\jboss-jaxws.jar;C:\TopCoder\projects\widget_bridge_1.0\build\classes;C:\TopCoder\projects\widget_bridge_1.0\conf;C:\TopCoder\projects\widget_bridge_1.0\test_files;C:\TopCoder\components\lib\thirdparty\cobertura\1.8\cobertura.jar;C:\TopCoder\components\lib\thirdparty\cobertura\1.8\lib\asm-2.2.1.jar;C:\TopCoder\components\lib\thirdparty\cobertura\1.8\lib\jakarta-oro-2.0.8.jar;C:\TopCoder\components\lib\thirdparty\cobertura\1.8\lib\jaxen-1.1-beta-8.jar;C:\TopCoder\components\lib\thirdparty\cobertura\1.8\lib\jdom-1.0.jar;C:\TopCoder\components\lib\thirdparty\cobertura\1.8\lib\junit-3.8.1.jar;C:\TopCoder\components\lib\thirdparty\cobertura\1.8\lib\log4j-1.2.9.jar;C:\TopCoder\components\lib\thirdparty\cobertura\1.8\lib\xalan-2.6.0.jar;C:\TopCoder\components\lib\thirdparty\cobertura\1.8\lib\xerces\2.6.2\xercesImpl.jar;C:\TopCoder\components\lib\thirdparty\cobertura\1.8\lib\xerces\2.6.2\xml-apis.jar;C:\TopCoder\components\lib\thirdparty\cobertura\1.8\lib\xerces\2.6.2\xmlParserAPIs.jar;C:\TopCoder\projects\widget_bridge_1.0;C:\java\aop\aspectj\1.5\lib\aspectjrt.jar;C:\Program Files\Java\jre1.5.0_07\lib\ext\QTJava.zip;C:\Projects\AOL\bin\jars\hotswap.jar;C:\Java\apache\ant\apache-ant-1.6.5\lib\junit.jar;C:\Java\apache\ant\apache-ant-1.6.5\lib\ant-launcher.jar;C:\Java\apache\ant\apache-ant-1.6.5\lib\ant.jar;C:\Java\apache\ant\apache-ant-1.6.5\lib\ant-junit.jar"></property>
    <property name="java.vm.specification.name" value="Java Virtual Machine Specification"></property>
    <property name="ext_libdir" value="C:/TopCoder/components/lib/thirdparty"></property>
    <property name="builddir" value="build"></property>
    <property name="java.vm.specification.version" value="1.0"></property>
    <property name="component.dist.jar" value="build/dist/widget_bridge-1.0.0.jar"></property>
    <property name="junit.jar" value="C:/TopCoder/components/lib/thirdparty/junit/3.8.1/junit.jar"></property>
    <property name="sun.cpu.endian" value="little"></property>
    <property name="sun.os.patch.level" value="Service Pack 2"></property>
    <property name="json_object.jar" value="C:/TopCoder/components/lib/tcs/json_object/1.0/json_object.jar"></property>
    <property name="cronos_libdir" value="C:/TopCoder/projects/lib/tcs"></property>
    <property name="component.target" value="1.5"></property>
    <property name="java.io.tmpdir" value="C:\DOCUME~1\acton\LOCALS~1\Temp\"></property>
    <property name="java.vendor.url.bug" value="http://java.sun.com/cgi-bin/bugreport.cgi"></property>
    <property name="build_targetclassdir" value="build/targetclasses"></property>
    <property name="javatests" value="src/java/tests"></property>
    <property name="project_service.jar" value="C:/TopCoder/projects/lib/tcs/project_service/1.0.0/project_service.jar"></property>
    <property name="build_classdir" value="build/classes"></property>
    <property name="javadocsdir" value="docs/javadocs"></property>
    <property name="instrumented.dir" value="build/instrumented"></property>
    <property name="java.awt.graphicsenv" value="sun.awt.Win32GraphicsEnvironment"></property>
    <property name="os.arch" value="x86"></property>
    <property name="test_reflib" value="test_reflib"></property>
    <property name="typesafe_enum.jar" value="C:/TopCoder/components/lib/tcs/typesafe_enum/1.1/typesafe_enum.jar"></property>
    <property name="java.ext.dirs" value="C:\Java\JDK\jdk1.5.0_07\jre\lib\ext"></property>
    <property name="user.dir" value="C:\TopCoder\projects\widget_bridge_1.0"></property>
    <property name="design_dist.jar" value="widget_bridge_1.0.0_design_dist.jar"></property>
    <property name="javasrc" value="src/java"></property>
    <property name="line.separator" value="
"></property>
    <property name="spring-test.jar" value="C:/TopCoder/components/lib/thirdparty/spring/2.5.1/spring-test.jar"></property>
    <property name="java.vm.name" value="Java HotSpot(TM) Client VM"></property>
    <property name="distfilename" value="widget_bridge"></property>
    <property name="java_1_3_bootclasspath" value="C:/Java/JDK/jdk1.3.1_10/jre/lib/rt.jar"></property>
    <property name="basedir" value="C:\TopCoder\projects\widget_bridge_1.0"></property>
    <property name="ant.java.version" value="1.5"></property>
    <property name="configuration_api.jar" value="C:/TopCoder/components/lib/tcs/configuration_api/1.0/configuration_api.jar"></property>
    <property name="file.encoding" value="Cp1252"></property>
    <property name="dist_docs" value="build/dist/widget_bridge-1.0.0/docs"></property>
    <property name="component.jar" value="build/dist/lib/tcs/widget_bridge/1.0.0/widget_bridge.jar"></property>
    <property name="java.specification.version" value="1.5"></property>
    <property name="target_libdir" value="C:/TopCoder/components/lib/tcs"></property>
    <property name="component.package" value="com.topcoder.widgets.bridge"></property>
    <property name="ant.file.Dependency Import" value="C:\TopCoder\projects\widget_bridge_1.0\build-dependencies.xml"></property>
  </properties>
  <testcase classname="com.topcoder.widgets.bridge.AjaxBridgeServletTest" name="testCtor" time="0.422"></testcase>
  <testcase classname="com.topcoder.widgets.bridge.AjaxBridgeServletTest" name="testInitNullConfig" time="0.0"></testcase>
  <testcase classname="com.topcoder.widgets.bridge.AjaxBridgeServletTest" name="testInitWithValidParams" time="0.281"></testcase>
  <testcase classname="com.topcoder.widgets.bridge.AjaxBridgeServletTest" name="testInitInvalidParamAjaxBridge" time="0.0"></testcase>
  <testcase classname="com.topcoder.widgets.bridge.AjaxBridgeServletTest" name="testInitNullParamAjaxBridge" time="0.0"></testcase>
  <testcase classname="com.topcoder.widgets.bridge.AjaxBridgeServletTest" name="testInitEmptyParamAjaxBridge2" time="0.0"></testcase>
  <testcase classname="com.topcoder.widgets.bridge.AjaxBridgeServletTest" name="testInitInvalidParamObjNS" time="0.078"></testcase>
  <testcase classname="com.topcoder.widgets.bridge.AjaxBridgeServletTest" name="testInitInvalidParamEncoderKey" time="0.047"></testcase>
  <testcase classname="com.topcoder.widgets.bridge.AjaxBridgeServletTest" name="testInitInvalidParamDecoderKey" time="0.031"></testcase>
  <testcase classname="com.topcoder.widgets.bridge.AjaxBridgeServletTest" name="testInitInvalidParamProjectKey" time="0.047"></testcase>
  <testcase classname="com.topcoder.widgets.bridge.AjaxBridgeServletTest" name="testInitEmptyParamProjectKey" time="0.031"></testcase>
  <testcase classname="com.topcoder.widgets.bridge.AjaxBridgeServletTest" name="testInitInvalidParamPrerequisiteKey" time="0.031"></testcase>
  <testcase classname="com.topcoder.widgets.bridge.AjaxBridgeServletTest" name="testInitInvalidParamStudioKey" time="0.047"></testcase>
  <testcase classname="com.topcoder.widgets.bridge.AjaxBridgeServletTest" name="testInitInvalidParamUploadKey" time="0.032"></testcase>
  <testcase classname="com.topcoder.widgets.bridge.AjaxBridgeServletTest" name="testDoGetNullRequest" time="0.046"></testcase>
  <testcase classname="com.topcoder.widgets.bridge.AjaxBridgeServletTest" name="testDoGetNullResponse" time="0.047"></testcase>
  <testcase classname="com.topcoder.widgets.bridge.AjaxBridgeServletTest" name="testDoPostNullRequest" time="0.032"></testcase>
  <testcase classname="com.topcoder.widgets.bridge.AjaxBridgeServletTest" name="testDoPostNullResponse" time="0.046"></testcase>
  <testcase classname="com.topcoder.widgets.bridge.AjaxBridgeServletTest" name="testInvalidServiceParam" time="0.047"></testcase>
  <testcase classname="com.topcoder.widgets.bridge.AjaxBridgeServletTest" name="testInvalidServiceParam1" time="0.032"></testcase>
  <testcase classname="com.topcoder.widgets.bridge.AjaxBridgeServletTest" name="testInvalidServiceParam2" time="0.046"></testcase>
  <testcase classname="com.topcoder.widgets.bridge.AjaxBridgeServletTest" name="testInvalidMethodParamForProject" time="0.032"></testcase>
  <testcase classname="com.topcoder.widgets.bridge.AjaxBridgeServletTest" name="testInvalidMethodParamForStudio" time="0.031"></testcase>
  <testcase classname="com.topcoder.widgets.bridge.AjaxBridgeServletTest" name="testProjectCreateProjectSuccess" time="0.062"></testcase>
  <testcase classname="com.topcoder.widgets.bridge.AjaxBridgeServletTest" name="testProjectCreateProjectFail" time="0.047"></testcase>
  <testcase classname="com.topcoder.widgets.bridge.AjaxBridgeServletTest" name="testProjectUpdateProjectSuccess" time="0.032"></testcase>
  <testcase classname="com.topcoder.widgets.bridge.AjaxBridgeServletTest" name="testProjectUpdateProjectFail" time="0.046"></testcase>
  <testcase classname="com.topcoder.widgets.bridge.AjaxBridgeServletTest" name="testProjectDeleteProjectSuccess" time="0.032"></testcase>
  <testcase classname="com.topcoder.widgets.bridge.AjaxBridgeServletTest" name="testProjectDeleteProjectFail" time="0.062"></testcase>
  <testcase classname="com.topcoder.widgets.bridge.AjaxBridgeServletTest" name="testProjectGetProjectSuccess" time="0.047"></testcase>
  <testcase classname="com.topcoder.widgets.bridge.AjaxBridgeServletTest" name="testProjectGetProjectFail" time="0.031"></testcase>
  <testcase classname="com.topcoder.widgets.bridge.AjaxBridgeServletTest" name="testProjectGetProjectsForUserSuccess" time="0.032"></testcase>
  <testcase classname="com.topcoder.widgets.bridge.AjaxBridgeServletTest" name="testProjectGetProjectsForUserFail" time="0.062"></testcase>
  <testcase classname="com.topcoder.widgets.bridge.AjaxBridgeServletTest" name="testProjectGetAllProjectsSuccess" time="0.094"></testcase>
  <testcase classname="com.topcoder.widgets.bridge.AjaxBridgeServletTest" name="testStudioCreateContestSuccess" time="0.047"></testcase>
  <testcase classname="com.topcoder.widgets.bridge.AjaxBridgeServletTest" name="testStudioCreateContestFail" time="0.078"></testcase>
  <testcase classname="com.topcoder.widgets.bridge.AjaxBridgeServletTest" name="testStudioGetContestSuccess" time="0.062"></testcase>
  <testcase classname="com.topcoder.widgets.bridge.AjaxBridgeServletTest" name="testStudioGetContestFail" time="0.047"></testcase>
  <testcase classname="com.topcoder.widgets.bridge.AjaxBridgeServletTest" name="testStudioGetContestsForClientNotSupportedYet" time="0.031"></testcase>
  <testcase classname="com.topcoder.widgets.bridge.AjaxBridgeServletTest" name="testStudioGetContestsForClientFail" time="0.032"></testcase>
  <testcase classname="com.topcoder.widgets.bridge.AjaxBridgeServletTest" name="testStudioGetContestsForProjectSuccess" time="0.093"></testcase>
  <testcase classname="com.topcoder.widgets.bridge.AjaxBridgeServletTest" name="testStudioGetContestsForProjectFail" time="0.047"></testcase>
  <testcase classname="com.topcoder.widgets.bridge.AjaxBridgeServletTest" name="testStudioUpdateContestStatusSuccess" time="0.047"></testcase>
  <testcase classname="com.topcoder.widgets.bridge.AjaxBridgeServletTest" name="testStudioUpdateContestStatusFail" time="0.031"></testcase>
  <testcase classname="com.topcoder.widgets.bridge.AjaxBridgeServletTest" name="testStudioRemoveDocumentFromContestSuccess" time="0.032"></testcase>
  <testcase classname="com.topcoder.widgets.bridge.AjaxBridgeServletTest" name="testStudioRemoveDocumentFromContestFail" time="0.047"></testcase>
  <testcase classname="com.topcoder.widgets.bridge.AjaxBridgeServletTest" name="testStudioRetrieveSubmissionsForContestSuccess" time="0.046"></testcase>
  <testcase classname="com.topcoder.widgets.bridge.AjaxBridgeServletTest" name="testStudioRetrieveSubmissionsForContestFail" time="0.016"></testcase>
  <testcase classname="com.topcoder.widgets.bridge.AjaxBridgeServletTest" name="testStudioUpdateSubmissionSuccess" time="0.047"></testcase>
  <testcase classname="com.topcoder.widgets.bridge.AjaxBridgeServletTest" name="testStudioUpdateSubmissionFail" time="0.031"></testcase>
  <testcase classname="com.topcoder.widgets.bridge.AjaxBridgeServletTest" name="testStudioUpdateContestSuccess" time="0.031"></testcase>
  <testcase classname="com.topcoder.widgets.bridge.AjaxBridgeServletTest" name="testStudioUpdateContestFail" time="0.047"></testcase>
  <testcase classname="com.topcoder.widgets.bridge.AjaxBridgeServletTest" name="testStudioRetrieveSubmissionNotSupported" time="0.032"></testcase>
  <testcase classname="com.topcoder.widgets.bridge.AjaxBridgeServletTest" name="testStudioRetrieveSubmissionFail" time="0.031"></testcase>
  <testcase classname="com.topcoder.widgets.bridge.AjaxBridgeServletTest" name="testStudioRemoveSubmissionSuccess" time="0.031"></testcase>
  <testcase classname="com.topcoder.widgets.bridge.AjaxBridgeServletTest" name="testStudioRemoveSubmissionFail" time="0.031"></testcase>
  <testcase classname="com.topcoder.widgets.bridge.AjaxBridgeServletTest" name="testStudioRetrieveAllSubmissionsByMemberSuccess" time="0.031"></testcase>
  <testcase classname="com.topcoder.widgets.bridge.AjaxBridgeServletTest" name="testStudioRetrieveAllSubmissionsByMemberFail" time="0.078"></testcase>
  <testcase classname="com.topcoder.widgets.bridge.AjaxBridgeServletTest" name="testStudioGetContestCategoriesSuccess" time="0.032"></testcase>
  <testcase classname="com.topcoder.widgets.bridge.AjaxBridgeServletTest" name="testStudioGetContestCategoriesFail" time="0.031"></testcase>
  <testcase classname="com.topcoder.widgets.bridge.AjaxBridgeServletTest" name="testStudioGetSubmissionFileTypesSuccess" time="0.031"></testcase>
  <testcase classname="com.topcoder.widgets.bridge.AjaxBridgeServletTest" name="testStudioGetContestStatusesSuccess" time="0.031"></testcase>
  <testcase classname="com.topcoder.widgets.bridge.AjaxBridgeServletTest" name="testPrerequisiteGetAllPrerequisiteDocumentsSuccess" time="0.032"></testcase>
  <testcase classname="com.topcoder.widgets.bridge.AjaxBridgeServletTest" name="testPrerequisiteGetPrerequisiteDocumentsSuccess" time="0.031"></testcase>
  <testcase classname="com.topcoder.widgets.bridge.AjaxBridgeServletTest" name="testPrerequisiteGetPrerequisiteDocumentsFail1" time="0.031"></testcase>
  <testcase classname="com.topcoder.widgets.bridge.AjaxBridgeServletTest" name="testPrerequisiteGetPrerequisiteDocumentsFail2" time="0.016"></testcase>
  <testcase classname="com.topcoder.widgets.bridge.AjaxBridgeServletTest" name="testPrerequisiteGetPrerequisiteDocumentsFail3" time="0.031"></testcase>
  <testcase classname="com.topcoder.widgets.bridge.AjaxBridgeServletTest" name="testPrerequisiteGetPrerequisiteDocumentSuccess" time="0.031"></testcase>
  <testcase classname="com.topcoder.widgets.bridge.AjaxBridgeServletTest" name="testPrerequisiteGetPrerequisiteDocumentFail1" time="0.031"></testcase>
  <testcase classname="com.topcoder.widgets.bridge.AjaxBridgeServletTest" name="testPrerequisiteGetPrerequisiteDocumentFail2" time="0.032"></testcase>
  <testcase classname="com.topcoder.widgets.bridge.AjaxBridgeServletTest" name="testPrerequisiteGetPrerequisiteDocumentFail3" time="0.031"></testcase>
  <testcase classname="com.topcoder.widgets.bridge.AjaxBridgeServletTest" name="testPrerequisiterecordMemberAnswerSuccess" time="0.031"></testcase>
  <testcase classname="com.topcoder.widgets.bridge.AjaxBridgeServletTest" name="testPrerequisiteRecordMemberAnswerFail1" time="0.031"></testcase>
  <testcase classname="com.topcoder.widgets.bridge.AjaxBridgeServletTest" name="testPrerequisiteRecordMemberAnswerFail2" time="0.032"></testcase>
  <testcase classname="com.topcoder.widgets.bridge.AjaxBridgeServletTest" name="testPrerequisiteRecordMemberAnswerFail3" time="0.031"></testcase>
  <testcase classname="com.topcoder.widgets.bridge.AjaxBridgeServletTest" name="testPrerequisiteRecordMemberAnswerFail4" time="0.031"></testcase>
  <testcase classname="com.topcoder.widgets.bridge.AjaxBridgeServletTest" name="testPrerequisiterecordMemberAnswerFail5" time="0.047"></testcase>
  <system-out><![CDATA[Entering doGet() method.
The request or response object should not be null!
Entering doGet() method.
The request or response object should not be null!
Entering doPost() method.
The request or response object should not be null!
Entering doPost() method.
The request or response object should not be null!
Entering doPost() method.
Entering doPost() method.
Entering doPost() method.
Entering doPost() method.
main parameters = [service] : project [method] : invalid
Exiting doPost() method.
Entering doPost() method.
main parameters = [service] : studio [method] : invalid
Exiting doPost() method.
Entering doGet() method.
Entering doPost() method.
main parameters = [service] : project [method] : createProject
received ID = [project id] : 1
createProject success!
the Ajax Response is : {"json":{"projectID":1,"description":"Proj Desc","name":"Project Name"},"success":true}
Exiting doPost() method.
Exiting doGet() method.
Entering doGet() method.
Entering doPost() method.
main parameters = [service] : project [method] : createProject
received ID = [project id] : 50
PersistenceFault exception occurred while handling request : Problem creating the project
com.topcoder.service.project.PersistenceFault: Problem creating the project
	at com.topcoder.widgets.bridge.mocks.MockProjectService.createProject(MockProjectService.java:42)
	at com.topcoder.widgets.bridge.AjaxBridgeServlet.doPost(AjaxBridgeServlet.java:393)
	at com.topcoder.widgets.bridge.AjaxBridgeServlet.doGet(AjaxBridgeServlet.java:307)
	at com.topcoder.widgets.bridge.AjaxBridgeServletTest.testProjectCreateProjectFail(AjaxBridgeServletTest.java:616)
	at sun.reflect.NativeMethodAccessorImpl.invoke0(Native Method)
	at sun.reflect.NativeMethodAccessorImpl.invoke(NativeMethodAccessorImpl.java:39)
	at sun.reflect.DelegatingMethodAccessorImpl.invoke(DelegatingMethodAccessorImpl.java:25)
	at java.lang.reflect.Method.invoke(Method.java:585)
	at junit.framework.TestCase.runTest(TestCase.java:154)
	at junit.framework.TestCase.runBare(TestCase.java:127)
	at junit.framework.TestResult$1.protect(TestResult.java:106)
	at junit.framework.TestResult.runProtected(TestResult.java:124)
	at junit.framework.TestResult.run(TestResult.java:109)
	at junit.framework.TestCase.run(TestCase.java:118)
	at junit.framework.TestSuite.runTest(TestSuite.java:208)
	at junit.framework.TestSuite.run(TestSuite.java:203)
	at junit.framework.TestSuite.runTest(TestSuite.java:208)
	at junit.framework.TestSuite.run(TestSuite.java:203)
	at org.apache.tools.ant.taskdefs.optional.junit.JUnitTestRunner.run(JUnitTestRunner.java:297)
	at org.apache.tools.ant.taskdefs.optional.junit.JUnitTestRunner.launch(JUnitTestRunner.java:672)
	at org.apache.tools.ant.taskdefs.optional.junit.JUnitTestRunner.main(JUnitTestRunner.java:567)
Exiting doPost() method.
Exiting doGet() method.
Entering doGet() method.
Entering doPost() method.
main parameters = [service] : project [method] : createProject
Exiting doGet() method.
Entering doPost() method.
main parameters = [service] : project [method] : updateProject
received ID = [project id] : 1
updateProject success!
the Ajax Response is : {"json":{"projectID":1,"description":"Get ProjectData","name":"Get ProjectData"},"success":true}
Exiting doPost() method.
Entering doPost() method.
main parameters = [service] : project [method] : updateProject
received ID = [project id] : 50
PersistenceFault exception occurred while handling request : Problem updating the project data
com.topcoder.service.project.PersistenceFault: Problem updating the project data
	at com.topcoder.widgets.bridge.mocks.MockProjectService.updateProject(MockProjectService.java:172)
	at com.topcoder.widgets.bridge.AjaxBridgeServlet.doPost(AjaxBridgeServlet.java:413)
	at com.topcoder.widgets.bridge.AjaxBridgeServletTest.testProjectUpdateProjectFail(AjaxBridgeServletTest.java:669)
	at sun.reflect.NativeMethodAccessorImpl.invoke0(Native Method)
	at sun.reflect.NativeMethodAccessorImpl.invoke(NativeMethodAccessorImpl.java:39)
	at sun.reflect.DelegatingMethodAccessorImpl.invoke(DelegatingMethodAccessorImpl.java:25)
	at java.lang.reflect.Method.invoke(Method.java:585)
	at junit.framework.TestCase.runTest(TestCase.java:154)
	at junit.framework.TestCase.runBare(TestCase.java:127)
	at junit.framework.TestResult$1.protect(TestResult.java:106)
	at junit.framework.TestResult.runProtected(TestResult.java:124)
	at junit.framework.TestResult.run(TestResult.java:109)
	at junit.framework.TestCase.run(TestCase.java:118)
	at junit.framework.TestSuite.runTest(TestSuite.java:208)
	at junit.framework.TestSuite.run(TestSuite.java:203)
	at junit.framework.TestSuite.runTest(TestSuite.java:208)
	at junit.framework.TestSuite.run(TestSuite.java:203)
	at org.apache.tools.ant.taskdefs.optional.junit.JUnitTestRunner.run(JUnitTestRunner.java:297)
	at org.apache.tools.ant.taskdefs.optional.junit.JUnitTestRunner.launch(JUnitTestRunner.java:672)
	at org.apache.tools.ant.taskdefs.optional.junit.JUnitTestRunner.main(JUnitTestRunner.java:567)
Exiting doPost() method.
Entering doPost() method.
main parameters = [service] : project [method] : updateProject
Entering doPost() method.
main parameters = [service] : project [method] : deleteProject
received ID = [project id] : 1
deleteProject success!
the Ajax Response is : {"success":true}
Exiting doPost() method.
Entering doPost() method.
main parameters = [service] : project [method] : deleteProject
received ID = [project id] : 50
PersistenceFault exception occurred while handling request : Problem deleting the project
com.topcoder.service.project.PersistenceFault: Problem deleting the project
	at com.topcoder.widgets.bridge.mocks.MockProjectService.deleteProject(MockProjectService.java:63)
	at com.topcoder.widgets.bridge.AjaxBridgeServlet.doPost(AjaxBridgeServlet.java:434)
	at com.topcoder.widgets.bridge.AjaxBridgeServletTest.testProjectDeleteProjectFail(AjaxBridgeServletTest.java:718)
	at sun.reflect.NativeMethodAccessorImpl.invoke0(Native Method)
	at sun.reflect.NativeMethodAccessorImpl.invoke(NativeMethodAccessorImpl.java:39)
	at sun.reflect.DelegatingMethodAccessorImpl.invoke(DelegatingMethodAccessorImpl.java:25)
	at java.lang.reflect.Method.invoke(Method.java:585)
	at junit.framework.TestCase.runTest(TestCase.java:154)
	at junit.framework.TestCase.runBare(TestCase.java:127)
	at junit.framework.TestResult$1.protect(TestResult.java:106)
	at junit.framework.TestResult.runProtected(TestResult.java:124)
	at junit.framework.TestResult.run(TestResult.java:109)
	at junit.framework.TestCase.run(TestCase.java:118)
	at junit.framework.TestSuite.runTest(TestSuite.java:208)
	at junit.framework.TestSuite.run(TestSuite.java:203)
	at junit.framework.TestSuite.runTest(TestSuite.java:208)
	at junit.framework.TestSuite.run(TestSuite.java:203)
	at org.apache.tools.ant.taskdefs.optional.junit.JUnitTestRunner.run(JUnitTestRunner.java:297)
	at org.apache.tools.ant.taskdefs.optional.junit.JUnitTestRunner.launch(JUnitTestRunner.java:672)
	at org.apache.tools.ant.taskdefs.optional.junit.JUnitTestRunner.main(JUnitTestRunner.java:567)
Exiting doPost() method.
Entering doPost() method.
main parameters = [service] : project [method] : getProject
received ID = [project id] : 1
getProject success!
the Ajax Response is : {"json":{"projectID":1,"description":"Get ProjectData","name":"Get ProjectData"},"success":true}
Exiting doPost() method.
Entering doPost() method.
main parameters = [service] : project [method] : getProject
received ID = [project id] : 50
ProjectNotFoundFault exception occurred while handling request : Problem retrieving the project for project id 50
com.topcoder.service.project.ProjectNotFoundFault: Problem retrieving the project for project id 50
	at com.topcoder.widgets.bridge.mocks.MockProjectService.getProject(MockProjectService.java:112)
	at com.topcoder.widgets.bridge.AjaxBridgeServlet.doPost(AjaxBridgeServlet.java:450)
	at com.topcoder.widgets.bridge.AjaxBridgeServletTest.testProjectGetProjectFail(AjaxBridgeServletTest.java:764)
	at sun.reflect.NativeMethodAccessorImpl.invoke0(Native Method)
	at sun.reflect.NativeMethodAccessorImpl.invoke(NativeMethodAccessorImpl.java:39)
	at sun.reflect.DelegatingMethodAccessorImpl.invoke(DelegatingMethodAccessorImpl.java:25)
	at java.lang.reflect.Method.invoke(Method.java:585)
	at junit.framework.TestCase.runTest(TestCase.java:154)
	at junit.framework.TestCase.runBare(TestCase.java:127)
	at junit.framework.TestResult$1.protect(TestResult.java:106)
	at junit.framework.TestResult.runProtected(TestResult.java:124)
	at junit.framework.TestResult.run(TestResult.java:109)
	at junit.framework.TestCase.run(TestCase.java:118)
	at junit.framework.TestSuite.runTest(TestSuite.java:208)
	at junit.framework.TestSuite.run(TestSuite.java:203)
	at junit.framework.TestSuite.runTest(TestSuite.java:208)
	at junit.framework.TestSuite.run(TestSuite.java:203)
	at org.apache.tools.ant.taskdefs.optional.junit.JUnitTestRunner.run(JUnitTestRunner.java:297)
	at org.apache.tools.ant.taskdefs.optional.junit.JUnitTestRunner.launch(JUnitTestRunner.java:672)
	at org.apache.tools.ant.taskdefs.optional.junit.JUnitTestRunner.main(JUnitTestRunner.java:567)
Exiting doPost() method.
Entering doPost() method.
main parameters = [service] : project [method] : getProject
Entering doPost() method.
main parameters = [service] : project [method] : getProjectsForUser
received ID = [user id] : 1
getProjectsForUser success!
the Ajax Response is : {"json":[{"projectID":1,"description":"Get ProjectData for User Desc","name":"Get ProjectData for User"},{"projectID":2,"description":"Get Project2 for User Desc2","name":"Get Project2 for User 2"}],"success":true}
Exiting doPost() method.
Entering doPost() method.
main parameters = [service] : project [method] : getProjectsForUser
received ID = [user id] : 50
UserNotFoundFault exception occurred while handling request : User not found for id of 50
com.topcoder.service.project.UserNotFoundFault: User not found for id of 50
	at com.topcoder.widgets.bridge.mocks.MockProjectService.getProjectsForUser(MockProjectService.java:145)
	at com.topcoder.widgets.bridge.AjaxBridgeServlet.doPost(AjaxBridgeServlet.java:465)
	at com.topcoder.widgets.bridge.AjaxBridgeServletTest.testProjectGetProjectsForUserFail(AjaxBridgeServletTest.java:820)
	at sun.reflect.NativeMethodAccessorImpl.invoke0(Native Method)
	at sun.reflect.NativeMethodAccessorImpl.invoke(NativeMethodAccessorImpl.java:39)
	at sun.reflect.DelegatingMethodAccessorImpl.invoke(DelegatingMethodAccessorImpl.java:25)
	at java.lang.reflect.Method.invoke(Method.java:585)
	at junit.framework.TestCase.runTest(TestCase.java:154)
	at junit.framework.TestCase.runBare(TestCase.java:127)
	at junit.framework.TestResult$1.protect(TestResult.java:106)
	at junit.framework.TestResult.runProtected(TestResult.java:124)
	at junit.framework.TestResult.run(TestResult.java:109)
	at junit.framework.TestCase.run(TestCase.java:118)
	at junit.framework.TestSuite.runTest(TestSuite.java:208)
	at junit.framework.TestSuite.run(TestSuite.java:203)
	at junit.framework.TestSuite.runTest(TestSuite.java:208)
	at junit.framework.TestSuite.run(TestSuite.java:203)
	at org.apache.tools.ant.taskdefs.optional.junit.JUnitTestRunner.run(JUnitTestRunner.java:297)
	at org.apache.tools.ant.taskdefs.optional.junit.JUnitTestRunner.launch(JUnitTestRunner.java:672)
	at org.apache.tools.ant.taskdefs.optional.junit.JUnitTestRunner.main(JUnitTestRunner.java:567)
Exiting doPost() method.
Entering doPost() method.
main parameters = [service] : project [method] : getProjectsForUser
received ID = [user id] : 51
AuthorizationFailedFault exception occurred while handling request : User not authorized for this function with id of 51
com.topcoder.service.project.AuthorizationFailedFault: User not authorized for this function with id of 51
	at com.topcoder.widgets.bridge.mocks.MockProjectService.getProjectsForUser(MockProjectService.java:147)
	at com.topcoder.widgets.bridge.AjaxBridgeServlet.doPost(AjaxBridgeServlet.java:465)
	at com.topcoder.widgets.bridge.AjaxBridgeServletTest.testProjectGetProjectsForUserFail(AjaxBridgeServletTest.java:827)
	at sun.reflect.NativeMethodAccessorImpl.invoke0(Native Method)
	at sun.reflect.NativeMethodAccessorImpl.invoke(NativeMethodAccessorImpl.java:39)
	at sun.reflect.DelegatingMethodAccessorImpl.invoke(DelegatingMethodAccessorImpl.java:25)
	at java.lang.reflect.Method.invoke(Method.java:585)
	at junit.framework.TestCase.runTest(TestCase.java:154)
	at junit.framework.TestCase.runBare(TestCase.java:127)
	at junit.framework.TestResult$1.protect(TestResult.java:106)
	at junit.framework.TestResult.runProtected(TestResult.java:124)
	at junit.framework.TestResult.run(TestResult.java:109)
	at junit.framework.TestCase.run(TestCase.java:118)
	at junit.framework.TestSuite.runTest(TestSuite.java:208)
	at junit.framework.TestSuite.run(TestSuite.java:203)
	at junit.framework.TestSuite.runTest(TestSuite.java:208)
	at junit.framework.TestSuite.run(TestSuite.java:203)
	at org.apache.tools.ant.taskdefs.optional.junit.JUnitTestRunner.run(JUnitTestRunner.java:297)
	at org.apache.tools.ant.taskdefs.optional.junit.JUnitTestRunner.launch(JUnitTestRunner.java:672)
	at org.apache.tools.ant.taskdefs.optional.junit.JUnitTestRunner.main(JUnitTestRunner.java:567)
Exiting doPost() method.
Entering doPost() method.
main parameters = [service] : project [method] : getProjectsForUser
received ID = [user id] : 52
PersistenceFault exception occurred while handling request : Project not found for user
com.topcoder.service.project.PersistenceFault: Project not found for user
	at com.topcoder.widgets.bridge.mocks.MockProjectService.getProjectsForUser(MockProjectService.java:149)
	at com.topcoder.widgets.bridge.AjaxBridgeServlet.doPost(AjaxBridgeServlet.java:465)
	at com.topcoder.widgets.bridge.AjaxBridgeServletTest.testProjectGetProjectsForUserFail(AjaxBridgeServletTest.java:834)
	at sun.reflect.NativeMethodAccessorImpl.invoke0(Native Method)
	at sun.reflect.NativeMethodAccessorImpl.invoke(NativeMethodAccessorImpl.java:39)
	at sun.reflect.DelegatingMethodAccessorImpl.invoke(DelegatingMethodAccessorImpl.java:25)
	at java.lang.reflect.Method.invoke(Method.java:585)
	at junit.framework.TestCase.runTest(TestCase.java:154)
	at junit.framework.TestCase.runBare(TestCase.java:127)
	at junit.framework.TestResult$1.protect(TestResult.java:106)
	at junit.framework.TestResult.runProtected(TestResult.java:124)
	at junit.framework.TestResult.run(TestResult.java:109)
	at junit.framework.TestCase.run(TestCase.java:118)
	at junit.framework.TestSuite.runTest(TestSuite.java:208)
	at junit.framework.TestSuite.run(TestSuite.java:203)
	at junit.framework.TestSuite.runTest(TestSuite.java:208)
	at junit.framework.TestSuite.run(TestSuite.java:203)
	at org.apache.tools.ant.taskdefs.optional.junit.JUnitTestRunner.run(JUnitTestRunner.java:297)
	at org.apache.tools.ant.taskdefs.optional.junit.JUnitTestRunner.launch(JUnitTestRunner.java:672)
	at org.apache.tools.ant.taskdefs.optional.junit.JUnitTestRunner.main(JUnitTestRunner.java:567)
Exiting doPost() method.
Entering doPost() method.
main parameters = [service] : project [method] : getProjectsForUser
Entering doPost() method.
main parameters = [service] : project [method] : getAllProjects
getAllProjects success!
the Ajax Response is : {"json":[{"projectID":1,"description":"Get Project for User Desc","name":"Get Project for User"},{"projectID":2,"description":"Get Project2 for User Desc2","name":"Get Project2 for User 2"}],"success":true}
Exiting doPost() method.
Entering doPost() method.
main parameters = [service] : studio [method] : createContest
received IDs = [contest ID] : 1 [project ID] : 1
the Ajax Response is : {"success":true}
createContest success!
Exiting doPost() method.
Entering doPost() method.
main parameters = [service] : studio [method] : createContest
received IDs = [contest ID] : 50 [project ID] : 50
PersistenceException exception occurred while handling request : mock error: only allow project id of 1.
com.topcoder.service.studio.PersistenceException: mock error: only allow project id of 1.
	at com.topcoder.widgets.bridge.mocks.MockStudioService.createContest(MockStudioService.java:56)
	at com.topcoder.widgets.bridge.AjaxBridgeServlet.doPost(AjaxBridgeServlet.java:594)
	at com.topcoder.widgets.bridge.AjaxBridgeServletTest.testStudioCreateContestFail(AjaxBridgeServletTest.java:911)
	at sun.reflect.NativeMethodAccessorImpl.invoke0(Native Method)
	at sun.reflect.NativeMethodAccessorImpl.invoke(NativeMethodAccessorImpl.java:39)
	at sun.reflect.DelegatingMethodAccessorImpl.invoke(DelegatingMethodAccessorImpl.java:25)
	at java.lang.reflect.Method.invoke(Method.java:585)
	at junit.framework.TestCase.runTest(TestCase.java:154)
	at junit.framework.TestCase.runBare(TestCase.java:127)
	at junit.framework.TestResult$1.protect(TestResult.java:106)
	at junit.framework.TestResult.runProtected(TestResult.java:124)
	at junit.framework.TestResult.run(TestResult.java:109)
	at junit.framework.TestCase.run(TestCase.java:118)
	at junit.framework.TestSuite.runTest(TestSuite.java:208)
	at junit.framework.TestSuite.run(TestSuite.java:203)
	at junit.framework.TestSuite.runTest(TestSuite.java:208)
	at junit.framework.TestSuite.run(TestSuite.java:203)
	at org.apache.tools.ant.taskdefs.optional.junit.JUnitTestRunner.run(JUnitTestRunner.java:297)
	at org.apache.tools.ant.taskdefs.optional.junit.JUnitTestRunner.launch(JUnitTestRunner.java:672)
	at org.apache.tools.ant.taskdefs.optional.junit.JUnitTestRunner.main(JUnitTestRunner.java:567)
Exiting doPost() method.
Entering doPost() method.
main parameters = [service] : studio [method] : createContest
Entering doPost() method.
main parameters = [service] : studio [method] : createContest
Entering doPost() method.
main parameters = [service] : studio [method] : getContest
received ID = [contest ID] : 1
getContest success!
the Ajax Response is : {"json":{"contestID":1,"projectID":32,"launchDateAndTime":"2008-04-01 09:00","statusID":-1,"requiredOrRestrictedFonts":"Arial","finalFileFormatList":["bmp","png"],"creatorUserID":30000,"documentationUploads":[{"contestID":123,"fileName":"","description":"desc of uploaded","documentID":3344},{"contestID":1233,"fileName":"","description":"desc of222 uploaded","documentID":3344}],"contestTypeID":0,"contestCategoryID":2,"contestPayloads":[{"contestTypeID":-1,"value":"Value of payload1","required":true,"description":"description","name":"Name of payload1"},{"contestTypeID":-1,"value":"Value of payload2","required":true,"description":"description","name":"Name of payload2"}],"shortSummary":"Short sum","sizeRequirements":"Size","prizes":[{"amount":1000,"place":1},{"amount":1000,"place":1}],"winnerAnnouncementDeadline":"2008-05-01 09:00","finalFileFormatOther":"jpg,gif","tcDirectProjectID":10000,"durationInHours":100,"contestDescriptionAndRequirements":"contest reqs","requiredOrRestrictedColors":"Red","otherRequirementsOrRestrictions":"other reqs","name":"Contest name"},"success":true}
Exiting doPost() method.
Entering doPost() method.
main parameters = [service] : studio [method] : getContest
received ID = [contest ID] : 50
ContestNotFoundException exception occurred while handling request : Contest not found
com.topcoder.service.studio.ContestNotFoundException: Contest not found
	at com.topcoder.widgets.bridge.mocks.MockStudioService.getContest(MockStudioService.java:78)
	at com.topcoder.widgets.bridge.AjaxBridgeServlet.doPost(AjaxBridgeServlet.java:607)
	at com.topcoder.widgets.bridge.AjaxBridgeServletTest.testStudioGetContestFail(AjaxBridgeServletTest.java:972)
	at sun.reflect.NativeMethodAccessorImpl.invoke0(Native Method)
	at sun.reflect.NativeMethodAccessorImpl.invoke(NativeMethodAccessorImpl.java:39)
	at sun.reflect.DelegatingMethodAccessorImpl.invoke(DelegatingMethodAccessorImpl.java:25)
	at java.lang.reflect.Method.invoke(Method.java:585)
	at junit.framework.TestCase.runTest(TestCase.java:154)
	at junit.framework.TestCase.runBare(TestCase.java:127)
	at junit.framework.TestResult$1.protect(TestResult.java:106)
	at junit.framework.TestResult.runProtected(TestResult.java:124)
	at junit.framework.TestResult.run(TestResult.java:109)
	at junit.framework.TestCase.run(TestCase.java:118)
	at junit.framework.TestSuite.runTest(TestSuite.java:208)
	at junit.framework.TestSuite.run(TestSuite.java:203)
	at junit.framework.TestSuite.runTest(TestSuite.java:208)
	at junit.framework.TestSuite.run(TestSuite.java:203)
	at org.apache.tools.ant.taskdefs.optional.junit.JUnitTestRunner.run(JUnitTestRunner.java:297)
	at org.apache.tools.ant.taskdefs.optional.junit.JUnitTestRunner.launch(JUnitTestRunner.java:672)
	at org.apache.tools.ant.taskdefs.optional.junit.JUnitTestRunner.main(JUnitTestRunner.java:567)
Exiting doPost() method.
Entering doPost() method.
main parameters = [service] : studio [method] : getContest
Entering doPost() method.
main parameters = [service] : studio [method] : getContest
received ID = [contest ID] : 10
PersistenceException exception occurred while handling request : mock error.
com.topcoder.service.studio.PersistenceException: mock error.
	at com.topcoder.widgets.bridge.mocks.MockStudioService.getContest(MockStudioService.java:80)
	at com.topcoder.widgets.bridge.AjaxBridgeServlet.doPost(AjaxBridgeServlet.java:607)
	at com.topcoder.widgets.bridge.AjaxBridgeServletTest.testStudioGetContestFail(AjaxBridgeServletTest.java:986)
	at sun.reflect.NativeMethodAccessorImpl.invoke0(Native Method)
	at sun.reflect.NativeMethodAccessorImpl.invoke(NativeMethodAccessorImpl.java:39)
	at sun.reflect.DelegatingMethodAccessorImpl.invoke(DelegatingMethodAccessorImpl.java:25)
	at java.lang.reflect.Method.invoke(Method.java:585)
	at junit.framework.TestCase.runTest(TestCase.java:154)
	at junit.framework.TestCase.runBare(TestCase.java:127)
	at junit.framework.TestResult$1.protect(TestResult.java:106)
	at junit.framework.TestResult.runProtected(TestResult.java:124)
	at junit.framework.TestResult.run(TestResult.java:109)
	at junit.framework.TestCase.run(TestCase.java:118)
	at junit.framework.TestSuite.runTest(TestSuite.java:208)
	at junit.framework.TestSuite.run(TestSuite.java:203)
	at junit.framework.TestSuite.runTest(TestSuite.java:208)
	at junit.framework.TestSuite.run(TestSuite.java:203)
	at org.apache.tools.ant.taskdefs.optional.junit.JUnitTestRunner.run(JUnitTestRunner.java:297)
	at org.apache.tools.ant.taskdefs.optional.junit.JUnitTestRunner.launch(JUnitTestRunner.java:672)
	at org.apache.tools.ant.taskdefs.optional.junit.JUnitTestRunner.main(JUnitTestRunner.java:567)
Exiting doPost() method.
Entering doPost() method.
main parameters = [service] : studio [method] : getContestsForClient
received ID = [clientID]: 1 [contestStatusID]: 1
StudioServiceException exception occurred while handling request : It is not supported.
com.topcoder.service.studio.StudioServiceException: It is not supported.
	at com.topcoder.widgets.bridge.AjaxBridgeServlet.doPost(AjaxBridgeServlet.java:629)
	at com.topcoder.widgets.bridge.AjaxBridgeServletTest.testStudioGetContestsForClientNotSupportedYet(AjaxBridgeServletTest.java:1008)
	at sun.reflect.NativeMethodAccessorImpl.invoke0(Native Method)
	at sun.reflect.NativeMethodAccessorImpl.invoke(NativeMethodAccessorImpl.java:39)
	at sun.reflect.DelegatingMethodAccessorImpl.invoke(DelegatingMethodAccessorImpl.java:25)
	at java.lang.reflect.Method.invoke(Method.java:585)
	at junit.framework.TestCase.runTest(TestCase.java:154)
	at junit.framework.TestCase.runBare(TestCase.java:127)
	at junit.framework.TestResult$1.protect(TestResult.java:106)
	at junit.framework.TestResult.runProtected(TestResult.java:124)
	at junit.framework.TestResult.run(TestResult.java:109)
	at junit.framework.TestCase.run(TestCase.java:118)
	at junit.framework.TestSuite.runTest(TestSuite.java:208)
	at junit.framework.TestSuite.run(TestSuite.java:203)
	at junit.framework.TestSuite.runTest(TestSuite.java:208)
	at junit.framework.TestSuite.run(TestSuite.java:203)
	at org.apache.tools.ant.taskdefs.optional.junit.JUnitTestRunner.run(JUnitTestRunner.java:297)
	at org.apache.tools.ant.taskdefs.optional.junit.JUnitTestRunner.launch(JUnitTestRunner.java:672)
	at org.apache.tools.ant.taskdefs.optional.junit.JUnitTestRunner.main(JUnitTestRunner.java:567)
Exiting doPost() method.
Entering doPost() method.
main parameters = [service] : studio [method] : getContestsForClient
Entering doPost() method.
main parameters = [service] : studio [method] : getContestsForClient
Entering doPost() method.
main parameters = [service] : studio [method] : getContestsForProject
received ID = [project ID] : 1
the Ajax Response is : {"json":[{"contestID":1,"projectID":32,"launchDateAndTime":"2008-04-01 09:00","statusID":-1,"requiredOrRestrictedFonts":"Arial","finalFileFormatList":["bmp","png"],"creatorUserID":30000,"documentationUploads":[{"contestID":123,"fileName":"","description":"desc of uploaded","documentID":3344},{"contestID":1233,"fileName":"","description":"desc of222 uploaded","documentID":3344}],"contestTypeID":0,"contestCategoryID":2,"contestPayloads":[{"contestTypeID":-1,"value":"Value of payload1","required":true,"description":"description","name":"Name of payload1"},{"contestTypeID":-1,"value":"Value of payload2","required":true,"description":"description","name":"Name of payload2"}],"shortSummary":"Short sum","sizeRequirements":"Size","prizes":[{"amount":1000,"place":1},{"amount":1000,"place":1}],"winnerAnnouncementDeadline":"2008-05-01 09:00","finalFileFormatOther":"jpg,gif","tcDirectProjectID":10000,"durationInHours":100,"contestDescriptionAndRequirements":"contest reqs","requiredOrRestrictedColors":"Red","otherRequirementsOrRestrictions":"other reqs","name":"Contest name"},{"contestID":2,"projectID":32,"launchDateAndTime":"2008-04-01 09:00","statusID":-1,"requiredOrRestrictedFonts":"Arial","finalFileFormatList":["bmp","png"],"creatorUserID":30000,"documentationUploads":[{"contestID":123,"fileName":"","description":"desc of uploaded","documentID":3344},{"contestID":1233,"fileName":"","description":"desc of222 uploaded","documentID":3344}],"contestTypeID":0,"contestCategoryID":2,"contestPayloads":[{"contestTypeID":-1,"value":"Value of payload1","required":true,"description":"description","name":"Name of payload1"},{"contestTypeID":-1,"value":"Value of payload2","required":true,"description":"description","name":"Name of payload2"}],"shortSummary":"Short sum","sizeRequirements":"Size","prizes":[{"amount":1000,"place":1},{"amount":1000,"place":1}],"winnerAnnouncementDeadline":"2008-05-01 09:00","finalFileFormatOther":"jpg,gif","tcDirectProjectID":10000,"durationInHours":100,"contestDescriptionAndRequirements":"contest reqs","requiredOrRestrictedColors":"Red","otherRequirementsOrRestrictions":"other reqs","name":"Contest name"}],"success":true}
getContestsForProject success!
Exiting doPost() method.
Entering doPost() method.
main parameters = [service] : studio [method] : getContestsForProject
received ID = [project ID] : 50
PersistenceException exception occurred while handling request : mock error.
com.topcoder.service.studio.PersistenceException: mock error.
	at com.topcoder.widgets.bridge.mocks.MockStudioService.getContestsForProject(MockStudioService.java:108)
	at com.topcoder.widgets.bridge.AjaxBridgeServlet.doPost(AjaxBridgeServlet.java:639)
	at com.topcoder.widgets.bridge.AjaxBridgeServletTest.testStudioGetContestsForProjectFail(AjaxBridgeServletTest.java:1086)
	at sun.reflect.NativeMethodAccessorImpl.invoke0(Native Method)
	at sun.reflect.NativeMethodAccessorImpl.invoke(NativeMethodAccessorImpl.java:39)
	at sun.reflect.DelegatingMethodAccessorImpl.invoke(DelegatingMethodAccessorImpl.java:25)
	at java.lang.reflect.Method.invoke(Method.java:585)
	at junit.framework.TestCase.runTest(TestCase.java:154)
	at junit.framework.TestCase.runBare(TestCase.java:127)
	at junit.framework.TestResult$1.protect(TestResult.java:106)
	at junit.framework.TestResult.runProtected(TestResult.java:124)
	at junit.framework.TestResult.run(TestResult.java:109)
	at junit.framework.TestCase.run(TestCase.java:118)
	at junit.framework.TestSuite.runTest(TestSuite.java:208)
	at junit.framework.TestSuite.run(TestSuite.java:203)
	at junit.framework.TestSuite.runTest(TestSuite.java:208)
	at junit.framework.TestSuite.run(TestSuite.java:203)
	at org.apache.tools.ant.taskdefs.optional.junit.JUnitTestRunner.run(JUnitTestRunner.java:297)
	at org.apache.tools.ant.taskdefs.optional.junit.JUnitTestRunner.launch(JUnitTestRunner.java:672)
	at org.apache.tools.ant.taskdefs.optional.junit.JUnitTestRunner.main(JUnitTestRunner.java:567)
Exiting doPost() method.
Entering doPost() method.
main parameters = [service] : studio [method] : getContestsForProject
Entering doPost() method.
main parameters = [service] : studio [method] : updateContestStatus
received IDs = [contest ID] : 1 [new status ID] : 50
the Ajax Response is : {"json":{"contestID":1,"projectID":32,"launchDateAndTime":"2008-04-01 09:00","statusID":-1,"requiredOrRestrictedFonts":"Arial","finalFileFormatList":["bmp","png"],"creatorUserID":30000,"documentationUploads":[{"contestID":123,"fileName":"","description":"desc of uploaded","documentID":3344},{"contestID":1233,"fileName":"","description":"desc of222 uploaded","documentID":3344}],"contestTypeID":0,"contestCategoryID":2,"contestPayloads":[{"contestTypeID":-1,"value":"Value of payload1","required":true,"description":"description","name":"Name of payload1"},{"contestTypeID":-1,"value":"Value of payload2","required":true,"description":"description","name":"Name of payload2"}],"shortSummary":"Short sum","sizeRequirements":"Size","prizes":[{"amount":1000,"place":1},{"amount":1000,"place":1}],"winnerAnnouncementDeadline":"2008-05-01 09:00","finalFileFormatOther":"jpg,gif","tcDirectProjectID":10000,"durationInHours":100,"contestDescriptionAndRequirements":"contest reqs","requiredOrRestrictedColors":"Red","otherRequirementsOrRestrictions":"other reqs","name":"Contest name"},"success":true}
updateContestStatus success!
Exiting doPost() method.
Entering doPost() method.
main parameters = [service] : studio [method] : updateContestStatus
received IDs = [contest ID] : 50 [new status ID] : 50
PersistenceException exception occurred while handling request : mock error.
com.topcoder.service.studio.PersistenceException: mock error.
	at com.topcoder.widgets.bridge.mocks.MockStudioService.updateContestStatus(MockStudioService.java:154)
	at com.topcoder.widgets.bridge.AjaxBridgeServlet.doPost(AjaxBridgeServlet.java:665)
	at com.topcoder.widgets.bridge.AjaxBridgeServletTest.testStudioUpdateContestStatusFail(AjaxBridgeServletTest.java:1140)
	at sun.reflect.NativeMethodAccessorImpl.invoke0(Native Method)
	at sun.reflect.NativeMethodAccessorImpl.invoke(NativeMethodAccessorImpl.java:39)
	at sun.reflect.DelegatingMethodAccessorImpl.invoke(DelegatingMethodAccessorImpl.java:25)
	at java.lang.reflect.Method.invoke(Method.java:585)
	at junit.framework.TestCase.runTest(TestCase.java:154)
	at junit.framework.TestCase.runBare(TestCase.java:127)
	at junit.framework.TestResult$1.protect(TestResult.java:106)
	at junit.framework.TestResult.runProtected(TestResult.java:124)
	at junit.framework.TestResult.run(TestResult.java:109)
	at junit.framework.TestCase.run(TestCase.java:118)
	at junit.framework.TestSuite.runTest(TestSuite.java:208)
	at junit.framework.TestSuite.run(TestSuite.java:203)
	at junit.framework.TestSuite.runTest(TestSuite.java:208)
	at junit.framework.TestSuite.run(TestSuite.java:203)
	at org.apache.tools.ant.taskdefs.optional.junit.JUnitTestRunner.run(JUnitTestRunner.java:297)
	at org.apache.tools.ant.taskdefs.optional.junit.JUnitTestRunner.launch(JUnitTestRunner.java:672)
	at org.apache.tools.ant.taskdefs.optional.junit.JUnitTestRunner.main(JUnitTestRunner.java:567)
Exiting doPost() method.
Entering doPost() method.
main parameters = [service] : studio [method] : updateContestStatus
Entering doPost() method.
main parameters = [service] : studio [method] : updateContestStatus
Entering doPost() method.
main parameters = [service] : studio [method] : removeDocumentFromContest
received ID = [document ID] : 1
removeDocumentFromContest success!
the Ajax Response is : {"success":true}
Exiting doPost() method.
Entering doPost() method.
main parameters = [service] : studio [method] : removeDocumentFromContest
received ID = [document ID] : 50
PersistenceException exception occurred while handling request : mock error.
com.topcoder.service.studio.PersistenceException: mock error.
	at com.topcoder.widgets.bridge.mocks.MockStudioService.removeDocumentFromContest(MockStudioService.java:200)
	at com.topcoder.widgets.bridge.AjaxBridgeServlet.doPost(AjaxBridgeServlet.java:725)
	at com.topcoder.widgets.bridge.AjaxBridgeServletTest.testStudioRemoveDocumentFromContestFail(AjaxBridgeServletTest.java:1198)
	at sun.reflect.NativeMethodAccessorImpl.invoke0(Native Method)
	at sun.reflect.NativeMethodAccessorImpl.invoke(NativeMethodAccessorImpl.java:39)
	at sun.reflect.DelegatingMethodAccessorImpl.invoke(DelegatingMethodAccessorImpl.java:25)
	at java.lang.reflect.Method.invoke(Method.java:585)
	at junit.framework.TestCase.runTest(TestCase.java:154)
	at junit.framework.TestCase.runBare(TestCase.java:127)
	at junit.framework.TestResult$1.protect(TestResult.java:106)
	at junit.framework.TestResult.runProtected(TestResult.java:124)
	at junit.framework.TestResult.run(TestResult.java:109)
	at junit.framework.TestCase.run(TestCase.java:118)
	at junit.framework.TestSuite.runTest(TestSuite.java:208)
	at junit.framework.TestSuite.run(TestSuite.java:203)
	at junit.framework.TestSuite.runTest(TestSuite.java:208)
	at junit.framework.TestSuite.run(TestSuite.java:203)
	at org.apache.tools.ant.taskdefs.optional.junit.JUnitTestRunner.run(JUnitTestRunner.java:297)
	at org.apache.tools.ant.taskdefs.optional.junit.JUnitTestRunner.launch(JUnitTestRunner.java:672)
	at org.apache.tools.ant.taskdefs.optional.junit.JUnitTestRunner.main(JUnitTestRunner.java:567)
Exiting doPost() method.
Entering doPost() method.
main parameters = [service] : studio [method] : retrieveSubmissionsForContest
received ID = [contest ID] : 1
retrieveSubmissionsForContest success!
the Ajax Response is : {"json":[{"passedReview":false,"contestID":1234,"removed":false,"markedForPurchase":true,"submitterID":32221,"passedScreening":true,"submissionID":5555,"submissionTimeStamp":"2008-04-04 09:00","price":234,"paidFor":true,"placement":2,"submissionContent":"content"},{"passedReview":false,"contestID":1234,"removed":false,"markedForPurchase":true,"submitterID":32221,"passedScreening":true,"submissionID":6666,"submissionTimeStamp":"2008-04-04 09:00","price":234,"paidFor":true,"placement":2,"submissionContent":"content"}],"success":true}
Exiting doPost() method.
Entering doPost() method.
main parameters = [service] : studio [method] : retrieveSubmissionsForContest
received ID = [contest ID] : 50
PersistenceException exception occurred while handling request : mock error.
com.topcoder.service.studio.PersistenceException: mock error.
	at com.topcoder.widgets.bridge.mocks.MockStudioService.retrieveSubmissionsForContest(MockStudioService.java:225)
	at com.topcoder.widgets.bridge.AjaxBridgeServlet.doPost(AjaxBridgeServlet.java:741)
	at com.topcoder.widgets.bridge.AjaxBridgeServletTest.testStudioRetrieveSubmissionsForContestFail(AjaxBridgeServletTest.java:1246)
	at sun.reflect.NativeMethodAccessorImpl.invoke0(Native Method)
	at sun.reflect.NativeMethodAccessorImpl.invoke(NativeMethodAccessorImpl.java:39)
	at sun.reflect.DelegatingMethodAccessorImpl.invoke(DelegatingMethodAccessorImpl.java:25)
	at java.lang.reflect.Method.invoke(Method.java:585)
	at junit.framework.TestCase.runTest(TestCase.java:154)
	at junit.framework.TestCase.runBare(TestCase.java:127)
	at junit.framework.TestResult$1.protect(TestResult.java:106)
	at junit.framework.TestResult.runProtected(TestResult.java:124)
	at junit.framework.TestResult.run(TestResult.java:109)
	at junit.framework.TestCase.run(TestCase.java:118)
	at junit.framework.TestSuite.runTest(TestSuite.java:208)
	at junit.framework.TestSuite.run(TestSuite.java:203)
	at junit.framework.TestSuite.runTest(TestSuite.java:208)
	at junit.framework.TestSuite.run(TestSuite.java:203)
	at org.apache.tools.ant.taskdefs.optional.junit.JUnitTestRunner.run(JUnitTestRunner.java:297)
	at org.apache.tools.ant.taskdefs.optional.junit.JUnitTestRunner.launch(JUnitTestRunner.java:672)
	at org.apache.tools.ant.taskdefs.optional.junit.JUnitTestRunner.main(JUnitTestRunner.java:567)
Exiting doPost() method.
Entering doPost() method.
main parameters = [service] : studio [method] : retrieveSubmissionsForContest
Entering doPost() method.
main parameters = [service] : studio [method] : updateSubmission
received ID = [submission ID] : 1
updateSubmission success!
the Ajax Response is : {"success":true}
Exiting doPost() method.
Entering doPost() method.
main parameters = [service] : studio [method] : updateSubmission
received ID = [submission ID] : 50
JSONInvalidKeyException exception occurred while handling request : There is no data for the given key
com.topcoder.json.object.JSONInvalidKeyException: There is no data for the given key
	at com.topcoder.json.object.JSONObject.validateKey(JSONObject.java:167)
	at com.topcoder.json.object.JSONObject.getBoolean(JSONObject.java:223)
	at com.topcoder.widgets.bridge.AjaxBridgeServlet.getSubmissionFromJSON(AjaxBridgeServlet.java:1493)
	at com.topcoder.widgets.bridge.AjaxBridgeServlet.doPost(AjaxBridgeServlet.java:767)
	at com.topcoder.widgets.bridge.AjaxBridgeServletTest.testStudioUpdateSubmissionFail(AjaxBridgeServletTest.java:1295)
	at sun.reflect.NativeMethodAccessorImpl.invoke0(Native Method)
	at sun.reflect.NativeMethodAccessorImpl.invoke(NativeMethodAccessorImpl.java:39)
	at sun.reflect.DelegatingMethodAccessorImpl.invoke(DelegatingMethodAccessorImpl.java:25)
	at java.lang.reflect.Method.invoke(Method.java:585)
	at junit.framework.TestCase.runTest(TestCase.java:154)
	at junit.framework.TestCase.runBare(TestCase.java:127)
	at junit.framework.TestResult$1.protect(TestResult.java:106)
	at junit.framework.TestResult.runProtected(TestResult.java:124)
	at junit.framework.TestResult.run(TestResult.java:109)
	at junit.framework.TestCase.run(TestCase.java:118)
	at junit.framework.TestSuite.runTest(TestSuite.java:208)
	at junit.framework.TestSuite.run(TestSuite.java:203)
	at junit.framework.TestSuite.runTest(TestSuite.java:208)
	at junit.framework.TestSuite.run(TestSuite.java:203)
	at org.apache.tools.ant.taskdefs.optional.junit.JUnitTestRunner.run(JUnitTestRunner.java:297)
	at org.apache.tools.ant.taskdefs.optional.junit.JUnitTestRunner.launch(JUnitTestRunner.java:672)
	at org.apache.tools.ant.taskdefs.optional.junit.JUnitTestRunner.main(JUnitTestRunner.java:567)
Exiting doPost() method.
Entering doPost() method.
main parameters = [service] : studio [method] : updateSubmission
Entering doPost() method.
main parameters = [service] : studio [method] : updateContest
received ID = [contest ID] : 1
updateContest success!
the Ajax Response is : {"success":true}
Exiting doPost() method.
Entering doPost() method.
main parameters = [service] : studio [method] : updateContest
received ID = [contest ID] : 50
PersistenceException exception occurred while handling request : mock error.
com.topcoder.service.studio.PersistenceException: mock error.
	at com.topcoder.widgets.bridge.mocks.MockStudioService.updateContest(MockStudioService.java:129)
	at com.topcoder.widgets.bridge.AjaxBridgeServlet.doPost(AjaxBridgeServlet.java:790)
	at com.topcoder.widgets.bridge.AjaxBridgeServletTest.testStudioUpdateContestFail(AjaxBridgeServletTest.java:1344)
	at sun.reflect.NativeMethodAccessorImpl.invoke0(Native Method)
	at sun.reflect.NativeMethodAccessorImpl.invoke(NativeMethodAccessorImpl.java:39)
	at sun.reflect.DelegatingMethodAccessorImpl.invoke(DelegatingMethodAccessorImpl.java:25)
	at java.lang.reflect.Method.invoke(Method.java:585)
	at junit.framework.TestCase.runTest(TestCase.java:154)
	at junit.framework.TestCase.runBare(TestCase.java:127)
	at junit.framework.TestResult$1.protect(TestResult.java:106)
	at junit.framework.TestResult.runProtected(TestResult.java:124)
	at junit.framework.TestResult.run(TestResult.java:109)
	at junit.framework.TestCase.run(TestCase.java:118)
	at junit.framework.TestSuite.runTest(TestSuite.java:208)
	at junit.framework.TestSuite.run(TestSuite.java:203)
	at junit.framework.TestSuite.runTest(TestSuite.java:208)
	at junit.framework.TestSuite.run(TestSuite.java:203)
	at org.apache.tools.ant.taskdefs.optional.junit.JUnitTestRunner.run(JUnitTestRunner.java:297)
	at org.apache.tools.ant.taskdefs.optional.junit.JUnitTestRunner.launch(JUnitTestRunner.java:672)
	at org.apache.tools.ant.taskdefs.optional.junit.JUnitTestRunner.main(JUnitTestRunner.java:567)
Exiting doPost() method.
Entering doPost() method.
main parameters = [service] : studio [method] : updateContest
Entering doPost() method.
main parameters = [service] : studio [method] : retrieveSubmission
received ID = [submission ID] : 1
StudioServiceException exception occurred while handling request : It is not supported.
com.topcoder.service.studio.StudioServiceException: It is not supported.
	at com.topcoder.widgets.bridge.AjaxBridgeServlet.doPost(AjaxBridgeServlet.java:809)
	at com.topcoder.widgets.bridge.AjaxBridgeServletTest.testStudioRetrieveSubmissionNotSupported(AjaxBridgeServletTest.java:1372)
	at sun.reflect.NativeMethodAccessorImpl.invoke0(Native Method)
	at sun.reflect.NativeMethodAccessorImpl.invoke(NativeMethodAccessorImpl.java:39)
	at sun.reflect.DelegatingMethodAccessorImpl.invoke(DelegatingMethodAccessorImpl.java:25)
	at java.lang.reflect.Method.invoke(Method.java:585)
	at junit.framework.TestCase.runTest(TestCase.java:154)
	at junit.framework.TestCase.runBare(TestCase.java:127)
	at junit.framework.TestResult$1.protect(TestResult.java:106)
	at junit.framework.TestResult.runProtected(TestResult.java:124)
	at junit.framework.TestResult.run(TestResult.java:109)
	at junit.framework.TestCase.run(TestCase.java:118)
	at junit.framework.TestSuite.runTest(TestSuite.java:208)
	at junit.framework.TestSuite.run(TestSuite.java:203)
	at junit.framework.TestSuite.runTest(TestSuite.java:208)
	at junit.framework.TestSuite.run(TestSuite.java:203)
	at org.apache.tools.ant.taskdefs.optional.junit.JUnitTestRunner.run(JUnitTestRunner.java:297)
	at org.apache.tools.ant.taskdefs.optional.junit.JUnitTestRunner.launch(JUnitTestRunner.java:672)
	at org.apache.tools.ant.taskdefs.optional.junit.JUnitTestRunner.main(JUnitTestRunner.java:567)
Exiting doPost() method.
Entering doPost() method.
main parameters = [service] : studio [method] : retrieveSubmission
received ID = [submission ID] : 50
StudioServiceException exception occurred while handling request : It is not supported.
com.topcoder.service.studio.StudioServiceException: It is not supported.
	at com.topcoder.widgets.bridge.AjaxBridgeServlet.doPost(AjaxBridgeServlet.java:809)
	at com.topcoder.widgets.bridge.AjaxBridgeServletTest.testStudioRetrieveSubmissionFail(AjaxBridgeServletTest.java:1393)
	at sun.reflect.NativeMethodAccessorImpl.invoke0(Native Method)
	at sun.reflect.NativeMethodAccessorImpl.invoke(NativeMethodAccessorImpl.java:39)
	at sun.reflect.DelegatingMethodAccessorImpl.invoke(DelegatingMethodAccessorImpl.java:25)
	at java.lang.reflect.Method.invoke(Method.java:585)
	at junit.framework.TestCase.runTest(TestCase.java:154)
	at junit.framework.TestCase.runBare(TestCase.java:127)
	at junit.framework.TestResult$1.protect(TestResult.java:106)
	at junit.framework.TestResult.runProtected(TestResult.java:124)
	at junit.framework.TestResult.run(TestResult.java:109)
	at junit.framework.TestCase.run(TestCase.java:118)
	at junit.framework.TestSuite.runTest(TestSuite.java:208)
	at junit.framework.TestSuite.run(TestSuite.java:203)
	at junit.framework.TestSuite.runTest(TestSuite.java:208)
	at junit.framework.TestSuite.run(TestSuite.java:203)
	at org.apache.tools.ant.taskdefs.optional.junit.JUnitTestRunner.run(JUnitTestRunner.java:297)
	at org.apache.tools.ant.taskdefs.optional.junit.JUnitTestRunner.launch(JUnitTestRunner.java:672)
	at org.apache.tools.ant.taskdefs.optional.junit.JUnitTestRunner.main(JUnitTestRunner.java:567)
Exiting doPost() method.
Entering doPost() method.
main parameters = [service] : studio [method] : retrieveSubmission
Entering doPost() method.
main parameters = [service] : studio [method] : removeSubmission
received ID = [submission ID] : 1
removeSubmission success!
the Ajax Response is : {"success":true}
Exiting doPost() method.
Entering doPost() method.
main parameters = [service] : studio [method] : removeSubmission
received ID = [submission ID] : 50
PersistenceException exception occurred while handling request : mock error.
com.topcoder.service.studio.PersistenceException: mock error.
	at com.topcoder.widgets.bridge.mocks.MockStudioService.removeSubmission(MockStudioService.java:285)
	at com.topcoder.widgets.bridge.AjaxBridgeServlet.doPost(AjaxBridgeServlet.java:820)
	at com.topcoder.widgets.bridge.AjaxBridgeServletTest.testStudioRemoveSubmissionFail(AjaxBridgeServletTest.java:1442)
	at sun.reflect.NativeMethodAccessorImpl.invoke0(Native Method)
	at sun.reflect.NativeMethodAccessorImpl.invoke(NativeMethodAccessorImpl.java:39)
	at sun.reflect.DelegatingMethodAccessorImpl.invoke(DelegatingMethodAccessorImpl.java:25)
	at java.lang.reflect.Method.invoke(Method.java:585)
	at junit.framework.TestCase.runTest(TestCase.java:154)
	at junit.framework.TestCase.runBare(TestCase.java:127)
	at junit.framework.TestResult$1.protect(TestResult.java:106)
	at junit.framework.TestResult.runProtected(TestResult.java:124)
	at junit.framework.TestResult.run(TestResult.java:109)
	at junit.framework.TestCase.run(TestCase.java:118)
	at junit.framework.TestSuite.runTest(TestSuite.java:208)
	at junit.framework.TestSuite.run(TestSuite.java:203)
	at junit.framework.TestSuite.runTest(TestSuite.java:208)
	at junit.framework.TestSuite.run(TestSuite.java:203)
	at org.apache.tools.ant.taskdefs.optional.junit.JUnitTestRunner.run(JUnitTestRunner.java:297)
	at org.apache.tools.ant.taskdefs.optional.junit.JUnitTestRunner.launch(JUnitTestRunner.java:672)
	at org.apache.tools.ant.taskdefs.optional.junit.JUnitTestRunner.main(JUnitTestRunner.java:567)
Exiting doPost() method.
Entering doPost() method.
main parameters = [service] : studio [method] : removeSubmission
Entering doPost() method.
main parameters = [service] : studio [method] : retrieveAllSubmissionsByMember
received ID = [user ID] : 1
retrieveAllSubmissionsByMember success!
the Ajax Response is : {"json":[{"passedReview":false,"contestID":1234,"removed":false,"markedForPurchase":true,"submitterID":32221,"passedScreening":true,"submissionID":5555,"submissionTimeStamp":"2008-04-04 09:00","price":234,"paidFor":true,"placement":2,"submissionContent":"content"},{"passedReview":false,"contestID":1234,"removed":false,"markedForPurchase":true,"submitterID":32221,"passedScreening":true,"submissionID":6666,"submissionTimeStamp":"2008-04-04 09:00","price":234,"paidFor":true,"placement":2,"submissionContent":"content"}],"success":true}
Exiting doPost() method.
Entering doPost() method.
main parameters = [service] : studio [method] : retrieveAllSubmissionsByMember
received ID = [user ID] : 50
PersistenceException exception occurred while handling request : mock error.
com.topcoder.service.studio.PersistenceException: mock error.
	at com.topcoder.widgets.bridge.mocks.MockStudioService.retrieveAllSubmissionsByMember(MockStudioService.java:248)
	at com.topcoder.widgets.bridge.AjaxBridgeServlet.doPost(AjaxBridgeServlet.java:836)
	at com.topcoder.widgets.bridge.AjaxBridgeServletTest.testStudioRetrieveAllSubmissionsByMemberFail(AjaxBridgeServletTest.java:1497)
	at sun.reflect.NativeMethodAccessorImpl.invoke0(Native Method)
	at sun.reflect.NativeMethodAccessorImpl.invoke(NativeMethodAccessorImpl.java:39)
	at sun.reflect.DelegatingMethodAccessorImpl.invoke(DelegatingMethodAccessorImpl.java:25)
	at java.lang.reflect.Method.invoke(Method.java:585)
	at junit.framework.TestCase.runTest(TestCase.java:154)
	at junit.framework.TestCase.runBare(TestCase.java:127)
	at junit.framework.TestResult$1.protect(TestResult.java:106)
	at junit.framework.TestResult.runProtected(TestResult.java:124)
	at junit.framework.TestResult.run(TestResult.java:109)
	at junit.framework.TestCase.run(TestCase.java:118)
	at junit.framework.TestSuite.runTest(TestSuite.java:208)
	at junit.framework.TestSuite.run(TestSuite.java:203)
	at junit.framework.TestSuite.runTest(TestSuite.java:208)
	at junit.framework.TestSuite.run(TestSuite.java:203)
	at org.apache.tools.ant.taskdefs.optional.junit.JUnitTestRunner.run(JUnitTestRunner.java:297)
	at org.apache.tools.ant.taskdefs.optional.junit.JUnitTestRunner.launch(JUnitTestRunner.java:672)
	at org.apache.tools.ant.taskdefs.optional.junit.JUnitTestRunner.main(JUnitTestRunner.java:567)
Exiting doPost() method.
Entering doPost() method.
main parameters = [service] : studio [method] : retrieveAllSubmissionsByMember
Entering doPost() method.
main parameters = [service] : studio [method] : getContestCategories
received ID = [parameters] : ["param1","param2","param3"]
getContestCategories success!
the Ajax Response is : {"json":[{"contestName":"Contest Name1","contestCategoryID":111,"contestDescription":"Description","contestCategory":"Category Cont1"},{"contestName":"Contest Name2","contestCategoryID":111222,"contestDescription":"Decription2","contestCategory":"Category Cont2"}],"success":true}
Exiting doPost() method.
Entering doPost() method.
main parameters = [service] : studio [method] : getContestCategories
Entering doPost() method.
main parameters = [service] : studio [method] : getSubmissionFileTypes
getSubmissionFileTypes success!
the Ajax Response is : {"json":["jpg","gif","png"],"success":true}
Exiting doPost() method.
Entering doPost() method.
main parameters = [service] : studio [method] : getContestStatuses
getContestStatuses success!
the Ajax Response is : {"json":[{"allowableNextStatuses":[2,3,4],"displayIcon":"","description":"Status Description","statusID":1,"name":"Status Name"},{"allowableNextStatuses":[2,3,4],"displayIcon":"","description":"Status Description","statusID":2,"name":"Status Name"}],"success":true}
Exiting doPost() method.
Entering doPost() method.
main parameters = [service] : prerequisite [method] : getAllPrerequisiteDocuments
Handle request of getAllPrerequisiteDocuments
the Ajax Response is : {"json":[{"versionDate":"2008-05-24 09:00","content":"content","name":"document1","documentID":1,"version":1},{"versionDate":"2008-05-24 09:00","content":"content","name":"document2","documentID":2,"version":2}],"success":true}
getAllPrerequisiteDocuments success!
Exiting doPost() method.
Entering doPost() method.
main parameters = [service] : prerequisite [method] : getPrerequisiteDocuments
received parameters = [competitionID] : 1 [roleID] : 2
the Ajax Response is : {"json":[{"versionDate":"2008-05-24 09:00","content":"content","name":"document1","documentID":1,"version":1}],"success":true}
getPrerequisiteDocuments success!
Exiting doPost() method.
Entering doPost() method.
main parameters = [service] : prerequisite [method] : getPrerequisiteDocuments
Entering doPost() method.
main parameters = [service] : prerequisite [method] : getPrerequisiteDocuments
Entering doPost() method.
main parameters = [service] : prerequisite [method] : getPrerequisiteDocuments
Entering doPost() method.
main parameters = [service] : prerequisite [method] : getPrerequisiteDocument
received parameters = [documentID] : 1 [version] : 1
the Ajax Response is : {"json":{"versionDate":"2008-05-24 09:00","content":"content","name":"document1","documentID":1,"version":1},"success":true}
getPrerequisiteDocument success!
Exiting doPost() method.
Entering doPost() method.
main parameters = [service] : prerequisite [method] : getPrerequisiteDocument
received parameters = [documentID] : 3 [version] : 1
DocumentNotFoundException exception occurred while handling request : mock error : document not found.
com.topcoder.service.prerequisite.DocumentNotFoundException: mock error : document not found.
	at com.topcoder.widgets.bridge.mocks.MockPrerequisiteService.getPrerequisiteDocument(MockPrerequisiteService.java:93)
	at com.topcoder.widgets.bridge.AjaxBridgeServlet.doPost(AjaxBridgeServlet.java:546)
	at com.topcoder.widgets.bridge.AjaxBridgeServletTest.testPrerequisiteGetPrerequisiteDocumentFail1(AjaxBridgeServletTest.java:1716)
	at sun.reflect.NativeMethodAccessorImpl.invoke0(Native Method)
	at sun.reflect.NativeMethodAccessorImpl.invoke(NativeMethodAccessorImpl.java:39)
	at sun.reflect.DelegatingMethodAccessorImpl.invoke(DelegatingMethodAccessorImpl.java:25)
	at java.lang.reflect.Method.invoke(Method.java:585)
	at junit.framework.TestCase.runTest(TestCase.java:154)
	at junit.framework.TestCase.runBare(TestCase.java:127)
	at junit.framework.TestResult$1.protect(TestResult.java:106)
	at junit.framework.TestResult.runProtected(TestResult.java:124)
	at junit.framework.TestResult.run(TestResult.java:109)
	at junit.framework.TestCase.run(TestCase.java:118)
	at junit.framework.TestSuite.runTest(TestSuite.java:208)
	at junit.framework.TestSuite.run(TestSuite.java:203)
	at junit.framework.TestSuite.runTest(TestSuite.java:208)
	at junit.framework.TestSuite.run(TestSuite.java:203)
	at org.apache.tools.ant.taskdefs.optional.junit.JUnitTestRunner.run(JUnitTestRunner.java:297)
	at org.apache.tools.ant.taskdefs.optional.junit.JUnitTestRunner.launch(JUnitTestRunner.java:672)
	at org.apache.tools.ant.taskdefs.optional.junit.JUnitTestRunner.main(JUnitTestRunner.java:567)
Exiting doPost() method.
Entering doPost() method.
main parameters = [service] : prerequisite [method] : getPrerequisiteDocument
Entering doPost() method.
main parameters = [service] : prerequisite [method] : getPrerequisiteDocument
Entering doPost() method.
main parameters = [service] : prerequisite [method] : recordMemberAnswer
received IDs = [competitionID] : 1 [roleID] : 1
the Ajax Response is : {"success":true}
recordMemberAnswer success!
Exiting doPost() method.
Entering doPost() method.
main parameters = [service] : prerequisite [method] : recordMemberAnswer
received IDs = [competitionID] : 2 [roleID] : 1
PersistenceException exception occurred while handling request : mock error : persistence error.
com.topcoder.service.prerequisite.PersistenceException: mock error : persistence error.
	at com.topcoder.widgets.bridge.mocks.MockPrerequisiteService.recordMemberAnswer(MockPrerequisiteService.java:168)
	at com.topcoder.widgets.bridge.AjaxBridgeServlet.doPost(AjaxBridgeServlet.java:565)
	at com.topcoder.widgets.bridge.AjaxBridgeServletTest.testPrerequisiteRecordMemberAnswerFail1(AjaxBridgeServletTest.java:1790)
	at sun.reflect.NativeMethodAccessorImpl.invoke0(Native Method)
	at sun.reflect.NativeMethodAccessorImpl.invoke(NativeMethodAccessorImpl.java:39)
	at sun.reflect.DelegatingMethodAccessorImpl.invoke(DelegatingMethodAccessorImpl.java:25)
	at java.lang.reflect.Method.invoke(Method.java:585)
	at junit.framework.TestCase.runTest(TestCase.java:154)
	at junit.framework.TestCase.runBare(TestCase.java:127)
	at junit.framework.TestResult$1.protect(TestResult.java:106)
	at junit.framework.TestResult.runProtected(TestResult.java:124)
	at junit.framework.TestResult.run(TestResult.java:109)
	at junit.framework.TestCase.run(TestCase.java:118)
	at junit.framework.TestSuite.runTest(TestSuite.java:208)
	at junit.framework.TestSuite.run(TestSuite.java:203)
	at junit.framework.TestSuite.runTest(TestSuite.java:208)
	at junit.framework.TestSuite.run(TestSuite.java:203)
	at org.apache.tools.ant.taskdefs.optional.junit.JUnitTestRunner.run(JUnitTestRunner.java:297)
	at org.apache.tools.ant.taskdefs.optional.junit.JUnitTestRunner.launch(JUnitTestRunner.java:672)
	at org.apache.tools.ant.taskdefs.optional.junit.JUnitTestRunner.main(JUnitTestRunner.java:567)
Exiting doPost() method.
Entering doPost() method.
main parameters = [service] : prerequisite [method] : recordMemberAnswer
received IDs = [competitionID] : 1 [roleID] : 1
JSONDataAccessTypeException exception occurred while handling request : The value represented can not be converted to a string
com.topcoder.json.object.JSONDataAccessTypeException: The value represented can not be converted to a string
	at com.topcoder.json.object.JSONValueWrapper.convertToString(JSONValueWrapper.java:365)
	at com.topcoder.json.object.JSONObject.getString(JSONObject.java:378)
	at com.topcoder.widgets.bridge.AjaxBridgeServlet.getPrerequisiteDocumentFromJSON(AjaxBridgeServlet.java:1443)
	at com.topcoder.widgets.bridge.AjaxBridgeServlet.doPost(AjaxBridgeServlet.java:565)
	at com.topcoder.widgets.bridge.AjaxBridgeServletTest.testPrerequisiteRecordMemberAnswerFail2(AjaxBridgeServletTest.java:1811)
	at sun.reflect.NativeMethodAccessorImpl.invoke0(Native Method)
	at sun.reflect.NativeMethodAccessorImpl.invoke(NativeMethodAccessorImpl.java:39)
	at sun.reflect.DelegatingMethodAccessorImpl.invoke(DelegatingMethodAccessorImpl.java:25)
	at java.lang.reflect.Method.invoke(Method.java:585)
	at junit.framework.TestCase.runTest(TestCase.java:154)
	at junit.framework.TestCase.runBare(TestCase.java:127)
	at junit.framework.TestResult$1.protect(TestResult.java:106)
	at junit.framework.TestResult.runProtected(TestResult.java:124)
	at junit.framework.TestResult.run(TestResult.java:109)
	at junit.framework.TestCase.run(TestCase.java:118)
	at junit.framework.TestSuite.runTest(TestSuite.java:208)
	at junit.framework.TestSuite.run(TestSuite.java:203)
	at junit.framework.TestSuite.runTest(TestSuite.java:208)
	at junit.framework.TestSuite.run(TestSuite.java:203)
	at org.apache.tools.ant.taskdefs.optional.junit.JUnitTestRunner.run(JUnitTestRunner.java:297)
	at org.apache.tools.ant.taskdefs.optional.junit.JUnitTestRunner.launch(JUnitTestRunner.java:672)
	at org.apache.tools.ant.taskdefs.optional.junit.JUnitTestRunner.main(JUnitTestRunner.java:567)
Exiting doPost() method.
Entering doPost() method.
main parameters = [service] : prerequisite [method] : recordMemberAnswer
Entering doPost() method.
main parameters = [service] : prerequisite [method] : recordMemberAnswer
Entering doPost() method.
main parameters = [service] : prerequisite [method] : recordMemberAnswer_wrong
Exiting doPost() method.
]]></system-out>
  <system-err><![CDATA[com.topcoder.service.project.PersistenceFault: Problem creating the project
	at com.topcoder.widgets.bridge.mocks.MockProjectService.createProject(MockProjectService.java:42)
	at com.topcoder.widgets.bridge.AjaxBridgeServlet.doPost(AjaxBridgeServlet.java:393)
	at com.topcoder.widgets.bridge.AjaxBridgeServlet.doGet(AjaxBridgeServlet.java:307)
	at com.topcoder.widgets.bridge.AjaxBridgeServletTest.testProjectCreateProjectFail(AjaxBridgeServletTest.java:616)
	at sun.reflect.NativeMethodAccessorImpl.invoke0(Native Method)
	at sun.reflect.NativeMethodAccessorImpl.invoke(NativeMethodAccessorImpl.java:39)
	at sun.reflect.DelegatingMethodAccessorImpl.invoke(DelegatingMethodAccessorImpl.java:25)
	at java.lang.reflect.Method.invoke(Method.java:585)
	at junit.framework.TestCase.runTest(TestCase.java:154)
	at junit.framework.TestCase.runBare(TestCase.java:127)
	at junit.framework.TestResult$1.protect(TestResult.java:106)
	at junit.framework.TestResult.runProtected(TestResult.java:124)
	at junit.framework.TestResult.run(TestResult.java:109)
	at junit.framework.TestCase.run(TestCase.java:118)
	at junit.framework.TestSuite.runTest(TestSuite.java:208)
	at junit.framework.TestSuite.run(TestSuite.java:203)
	at junit.framework.TestSuite.runTest(TestSuite.java:208)
	at junit.framework.TestSuite.run(TestSuite.java:203)
	at org.apache.tools.ant.taskdefs.optional.junit.JUnitTestRunner.run(JUnitTestRunner.java:297)
	at org.apache.tools.ant.taskdefs.optional.junit.JUnitTestRunner.launch(JUnitTestRunner.java:672)
	at org.apache.tools.ant.taskdefs.optional.junit.JUnitTestRunner.main(JUnitTestRunner.java:567)
com.topcoder.service.project.PersistenceFault: Problem updating the project data
	at com.topcoder.widgets.bridge.mocks.MockProjectService.updateProject(MockProjectService.java:172)
	at com.topcoder.widgets.bridge.AjaxBridgeServlet.doPost(AjaxBridgeServlet.java:413)
	at com.topcoder.widgets.bridge.AjaxBridgeServletTest.testProjectUpdateProjectFail(AjaxBridgeServletTest.java:669)
	at sun.reflect.NativeMethodAccessorImpl.invoke0(Native Method)
	at sun.reflect.NativeMethodAccessorImpl.invoke(NativeMethodAccessorImpl.java:39)
	at sun.reflect.DelegatingMethodAccessorImpl.invoke(DelegatingMethodAccessorImpl.java:25)
	at java.lang.reflect.Method.invoke(Method.java:585)
	at junit.framework.TestCase.runTest(TestCase.java:154)
	at junit.framework.TestCase.runBare(TestCase.java:127)
	at junit.framework.TestResult$1.protect(TestResult.java:106)
	at junit.framework.TestResult.runProtected(TestResult.java:124)
	at junit.framework.TestResult.run(TestResult.java:109)
	at junit.framework.TestCase.run(TestCase.java:118)
	at junit.framework.TestSuite.runTest(TestSuite.java:208)
	at junit.framework.TestSuite.run(TestSuite.java:203)
	at junit.framework.TestSuite.runTest(TestSuite.java:208)
	at junit.framework.TestSuite.run(TestSuite.java:203)
	at org.apache.tools.ant.taskdefs.optional.junit.JUnitTestRunner.run(JUnitTestRunner.java:297)
	at org.apache.tools.ant.taskdefs.optional.junit.JUnitTestRunner.launch(JUnitTestRunner.java:672)
	at org.apache.tools.ant.taskdefs.optional.junit.JUnitTestRunner.main(JUnitTestRunner.java:567)
com.topcoder.service.project.PersistenceFault: Problem deleting the project
	at com.topcoder.widgets.bridge.mocks.MockProjectService.deleteProject(MockProjectService.java:63)
	at com.topcoder.widgets.bridge.AjaxBridgeServlet.doPost(AjaxBridgeServlet.java:434)
	at com.topcoder.widgets.bridge.AjaxBridgeServletTest.testProjectDeleteProjectFail(AjaxBridgeServletTest.java:718)
	at sun.reflect.NativeMethodAccessorImpl.invoke0(Native Method)
	at sun.reflect.NativeMethodAccessorImpl.invoke(NativeMethodAccessorImpl.java:39)
	at sun.reflect.DelegatingMethodAccessorImpl.invoke(DelegatingMethodAccessorImpl.java:25)
	at java.lang.reflect.Method.invoke(Method.java:585)
	at junit.framework.TestCase.runTest(TestCase.java:154)
	at junit.framework.TestCase.runBare(TestCase.java:127)
	at junit.framework.TestResult$1.protect(TestResult.java:106)
	at junit.framework.TestResult.runProtected(TestResult.java:124)
	at junit.framework.TestResult.run(TestResult.java:109)
	at junit.framework.TestCase.run(TestCase.java:118)
	at junit.framework.TestSuite.runTest(TestSuite.java:208)
	at junit.framework.TestSuite.run(TestSuite.java:203)
	at junit.framework.TestSuite.runTest(TestSuite.java:208)
	at junit.framework.TestSuite.run(TestSuite.java:203)
	at org.apache.tools.ant.taskdefs.optional.junit.JUnitTestRunner.run(JUnitTestRunner.java:297)
	at org.apache.tools.ant.taskdefs.optional.junit.JUnitTestRunner.launch(JUnitTestRunner.java:672)
	at org.apache.tools.ant.taskdefs.optional.junit.JUnitTestRunner.main(JUnitTestRunner.java:567)
com.topcoder.service.project.ProjectNotFoundFault: Problem retrieving the project for project id 50
	at com.topcoder.widgets.bridge.mocks.MockProjectService.getProject(MockProjectService.java:112)
	at com.topcoder.widgets.bridge.AjaxBridgeServlet.doPost(AjaxBridgeServlet.java:450)
	at com.topcoder.widgets.bridge.AjaxBridgeServletTest.testProjectGetProjectFail(AjaxBridgeServletTest.java:764)
	at sun.reflect.NativeMethodAccessorImpl.invoke0(Native Method)
	at sun.reflect.NativeMethodAccessorImpl.invoke(NativeMethodAccessorImpl.java:39)
	at sun.reflect.DelegatingMethodAccessorImpl.invoke(DelegatingMethodAccessorImpl.java:25)
	at java.lang.reflect.Method.invoke(Method.java:585)
	at junit.framework.TestCase.runTest(TestCase.java:154)
	at junit.framework.TestCase.runBare(TestCase.java:127)
	at junit.framework.TestResult$1.protect(TestResult.java:106)
	at junit.framework.TestResult.runProtected(TestResult.java:124)
	at junit.framework.TestResult.run(TestResult.java:109)
	at junit.framework.TestCase.run(TestCase.java:118)
	at junit.framework.TestSuite.runTest(TestSuite.java:208)
	at junit.framework.TestSuite.run(TestSuite.java:203)
	at junit.framework.TestSuite.runTest(TestSuite.java:208)
	at junit.framework.TestSuite.run(TestSuite.java:203)
	at org.apache.tools.ant.taskdefs.optional.junit.JUnitTestRunner.run(JUnitTestRunner.java:297)
	at org.apache.tools.ant.taskdefs.optional.junit.JUnitTestRunner.launch(JUnitTestRunner.java:672)
	at org.apache.tools.ant.taskdefs.optional.junit.JUnitTestRunner.main(JUnitTestRunner.java:567)
com.topcoder.service.project.UserNotFoundFault: User not found for id of 50
	at com.topcoder.widgets.bridge.mocks.MockProjectService.getProjectsForUser(MockProjectService.java:145)
	at com.topcoder.widgets.bridge.AjaxBridgeServlet.doPost(AjaxBridgeServlet.java:465)
	at com.topcoder.widgets.bridge.AjaxBridgeServletTest.testProjectGetProjectsForUserFail(AjaxBridgeServletTest.java:820)
	at sun.reflect.NativeMethodAccessorImpl.invoke0(Native Method)
	at sun.reflect.NativeMethodAccessorImpl.invoke(NativeMethodAccessorImpl.java:39)
	at sun.reflect.DelegatingMethodAccessorImpl.invoke(DelegatingMethodAccessorImpl.java:25)
	at java.lang.reflect.Method.invoke(Method.java:585)
	at junit.framework.TestCase.runTest(TestCase.java:154)
	at junit.framework.TestCase.runBare(TestCase.java:127)
	at junit.framework.TestResult$1.protect(TestResult.java:106)
	at junit.framework.TestResult.runProtected(TestResult.java:124)
	at junit.framework.TestResult.run(TestResult.java:109)
	at junit.framework.TestCase.run(TestCase.java:118)
	at junit.framework.TestSuite.runTest(TestSuite.java:208)
	at junit.framework.TestSuite.run(TestSuite.java:203)
	at junit.framework.TestSuite.runTest(TestSuite.java:208)
	at junit.framework.TestSuite.run(TestSuite.java:203)
	at org.apache.tools.ant.taskdefs.optional.junit.JUnitTestRunner.run(JUnitTestRunner.java:297)
	at org.apache.tools.ant.taskdefs.optional.junit.JUnitTestRunner.launch(JUnitTestRunner.java:672)
	at org.apache.tools.ant.taskdefs.optional.junit.JUnitTestRunner.main(JUnitTestRunner.java:567)
com.topcoder.service.project.AuthorizationFailedFault: User not authorized for this function with id of 51
	at com.topcoder.widgets.bridge.mocks.MockProjectService.getProjectsForUser(MockProjectService.java:147)
	at com.topcoder.widgets.bridge.AjaxBridgeServlet.doPost(AjaxBridgeServlet.java:465)
	at com.topcoder.widgets.bridge.AjaxBridgeServletTest.testProjectGetProjectsForUserFail(AjaxBridgeServletTest.java:827)
	at sun.reflect.NativeMethodAccessorImpl.invoke0(Native Method)
	at sun.reflect.NativeMethodAccessorImpl.invoke(NativeMethodAccessorImpl.java:39)
	at sun.reflect.DelegatingMethodAccessorImpl.invoke(DelegatingMethodAccessorImpl.java:25)
	at java.lang.reflect.Method.invoke(Method.java:585)
	at junit.framework.TestCase.runTest(TestCase.java:154)
	at junit.framework.TestCase.runBare(TestCase.java:127)
	at junit.framework.TestResult$1.protect(TestResult.java:106)
	at junit.framework.TestResult.runProtected(TestResult.java:124)
	at junit.framework.TestResult.run(TestResult.java:109)
	at junit.framework.TestCase.run(TestCase.java:118)
	at junit.framework.TestSuite.runTest(TestSuite.java:208)
	at junit.framework.TestSuite.run(TestSuite.java:203)
	at junit.framework.TestSuite.runTest(TestSuite.java:208)
	at junit.framework.TestSuite.run(TestSuite.java:203)
	at org.apache.tools.ant.taskdefs.optional.junit.JUnitTestRunner.run(JUnitTestRunner.java:297)
	at org.apache.tools.ant.taskdefs.optional.junit.JUnitTestRunner.launch(JUnitTestRunner.java:672)
	at org.apache.tools.ant.taskdefs.optional.junit.JUnitTestRunner.main(JUnitTestRunner.java:567)
com.topcoder.service.project.PersistenceFault: Project not found for user
	at com.topcoder.widgets.bridge.mocks.MockProjectService.getProjectsForUser(MockProjectService.java:149)
	at com.topcoder.widgets.bridge.AjaxBridgeServlet.doPost(AjaxBridgeServlet.java:465)
	at com.topcoder.widgets.bridge.AjaxBridgeServletTest.testProjectGetProjectsForUserFail(AjaxBridgeServletTest.java:834)
	at sun.reflect.NativeMethodAccessorImpl.invoke0(Native Method)
	at sun.reflect.NativeMethodAccessorImpl.invoke(NativeMethodAccessorImpl.java:39)
	at sun.reflect.DelegatingMethodAccessorImpl.invoke(DelegatingMethodAccessorImpl.java:25)
	at java.lang.reflect.Method.invoke(Method.java:585)
	at junit.framework.TestCase.runTest(TestCase.java:154)
	at junit.framework.TestCase.runBare(TestCase.java:127)
	at junit.framework.TestResult$1.protect(TestResult.java:106)
	at junit.framework.TestResult.runProtected(TestResult.java:124)
	at junit.framework.TestResult.run(TestResult.java:109)
	at junit.framework.TestCase.run(TestCase.java:118)
	at junit.framework.TestSuite.runTest(TestSuite.java:208)
	at junit.framework.TestSuite.run(TestSuite.java:203)
	at junit.framework.TestSuite.runTest(TestSuite.java:208)
	at junit.framework.TestSuite.run(TestSuite.java:203)
	at org.apache.tools.ant.taskdefs.optional.junit.JUnitTestRunner.run(JUnitTestRunner.java:297)
	at org.apache.tools.ant.taskdefs.optional.junit.JUnitTestRunner.launch(JUnitTestRunner.java:672)
	at org.apache.tools.ant.taskdefs.optional.junit.JUnitTestRunner.main(JUnitTestRunner.java:567)
com.topcoder.service.studio.PersistenceException: mock error: only allow project id of 1.
	at com.topcoder.widgets.bridge.mocks.MockStudioService.createContest(MockStudioService.java:56)
	at com.topcoder.widgets.bridge.AjaxBridgeServlet.doPost(AjaxBridgeServlet.java:594)
	at com.topcoder.widgets.bridge.AjaxBridgeServletTest.testStudioCreateContestFail(AjaxBridgeServletTest.java:911)
	at sun.reflect.NativeMethodAccessorImpl.invoke0(Native Method)
	at sun.reflect.NativeMethodAccessorImpl.invoke(NativeMethodAccessorImpl.java:39)
	at sun.reflect.DelegatingMethodAccessorImpl.invoke(DelegatingMethodAccessorImpl.java:25)
	at java.lang.reflect.Method.invoke(Method.java:585)
	at junit.framework.TestCase.runTest(TestCase.java:154)
	at junit.framework.TestCase.runBare(TestCase.java:127)
	at junit.framework.TestResult$1.protect(TestResult.java:106)
	at junit.framework.TestResult.runProtected(TestResult.java:124)
	at junit.framework.TestResult.run(TestResult.java:109)
	at junit.framework.TestCase.run(TestCase.java:118)
	at junit.framework.TestSuite.runTest(TestSuite.java:208)
	at junit.framework.TestSuite.run(TestSuite.java:203)
	at junit.framework.TestSuite.runTest(TestSuite.java:208)
	at junit.framework.TestSuite.run(TestSuite.java:203)
	at org.apache.tools.ant.taskdefs.optional.junit.JUnitTestRunner.run(JUnitTestRunner.java:297)
	at org.apache.tools.ant.taskdefs.optional.junit.JUnitTestRunner.launch(JUnitTestRunner.java:672)
	at org.apache.tools.ant.taskdefs.optional.junit.JUnitTestRunner.main(JUnitTestRunner.java:567)
com.topcoder.service.studio.ContestNotFoundException: Contest not found
	at com.topcoder.widgets.bridge.mocks.MockStudioService.getContest(MockStudioService.java:78)
	at com.topcoder.widgets.bridge.AjaxBridgeServlet.doPost(AjaxBridgeServlet.java:607)
	at com.topcoder.widgets.bridge.AjaxBridgeServletTest.testStudioGetContestFail(AjaxBridgeServletTest.java:972)
	at sun.reflect.NativeMethodAccessorImpl.invoke0(Native Method)
	at sun.reflect.NativeMethodAccessorImpl.invoke(NativeMethodAccessorImpl.java:39)
	at sun.reflect.DelegatingMethodAccessorImpl.invoke(DelegatingMethodAccessorImpl.java:25)
	at java.lang.reflect.Method.invoke(Method.java:585)
	at junit.framework.TestCase.runTest(TestCase.java:154)
	at junit.framework.TestCase.runBare(TestCase.java:127)
	at junit.framework.TestResult$1.protect(TestResult.java:106)
	at junit.framework.TestResult.runProtected(TestResult.java:124)
	at junit.framework.TestResult.run(TestResult.java:109)
	at junit.framework.TestCase.run(TestCase.java:118)
	at junit.framework.TestSuite.runTest(TestSuite.java:208)
	at junit.framework.TestSuite.run(TestSuite.java:203)
	at junit.framework.TestSuite.runTest(TestSuite.java:208)
	at junit.framework.TestSuite.run(TestSuite.java:203)
	at org.apache.tools.ant.taskdefs.optional.junit.JUnitTestRunner.run(JUnitTestRunner.java:297)
	at org.apache.tools.ant.taskdefs.optional.junit.JUnitTestRunner.launch(JUnitTestRunner.java:672)
	at org.apache.tools.ant.taskdefs.optional.junit.JUnitTestRunner.main(JUnitTestRunner.java:567)
com.topcoder.service.studio.PersistenceException: mock error.
	at com.topcoder.widgets.bridge.mocks.MockStudioService.getContest(MockStudioService.java:80)
	at com.topcoder.widgets.bridge.AjaxBridgeServlet.doPost(AjaxBridgeServlet.java:607)
	at com.topcoder.widgets.bridge.AjaxBridgeServletTest.testStudioGetContestFail(AjaxBridgeServletTest.java:986)
	at sun.reflect.NativeMethodAccessorImpl.invoke0(Native Method)
	at sun.reflect.NativeMethodAccessorImpl.invoke(NativeMethodAccessorImpl.java:39)
	at sun.reflect.DelegatingMethodAccessorImpl.invoke(DelegatingMethodAccessorImpl.java:25)
	at java.lang.reflect.Method.invoke(Method.java:585)
	at junit.framework.TestCase.runTest(TestCase.java:154)
	at junit.framework.TestCase.runBare(TestCase.java:127)
	at junit.framework.TestResult$1.protect(TestResult.java:106)
	at junit.framework.TestResult.runProtected(TestResult.java:124)
	at junit.framework.TestResult.run(TestResult.java:109)
	at junit.framework.TestCase.run(TestCase.java:118)
	at junit.framework.TestSuite.runTest(TestSuite.java:208)
	at junit.framework.TestSuite.run(TestSuite.java:203)
	at junit.framework.TestSuite.runTest(TestSuite.java:208)
	at junit.framework.TestSuite.run(TestSuite.java:203)
	at org.apache.tools.ant.taskdefs.optional.junit.JUnitTestRunner.run(JUnitTestRunner.java:297)
	at org.apache.tools.ant.taskdefs.optional.junit.JUnitTestRunner.launch(JUnitTestRunner.java:672)
	at org.apache.tools.ant.taskdefs.optional.junit.JUnitTestRunner.main(JUnitTestRunner.java:567)
com.topcoder.service.studio.StudioServiceException: It is not supported.
	at com.topcoder.widgets.bridge.AjaxBridgeServlet.doPost(AjaxBridgeServlet.java:629)
	at com.topcoder.widgets.bridge.AjaxBridgeServletTest.testStudioGetContestsForClientNotSupportedYet(AjaxBridgeServletTest.java:1008)
	at sun.reflect.NativeMethodAccessorImpl.invoke0(Native Method)
	at sun.reflect.NativeMethodAccessorImpl.invoke(NativeMethodAccessorImpl.java:39)
	at sun.reflect.DelegatingMethodAccessorImpl.invoke(DelegatingMethodAccessorImpl.java:25)
	at java.lang.reflect.Method.invoke(Method.java:585)
	at junit.framework.TestCase.runTest(TestCase.java:154)
	at junit.framework.TestCase.runBare(TestCase.java:127)
	at junit.framework.TestResult$1.protect(TestResult.java:106)
	at junit.framework.TestResult.runProtected(TestResult.java:124)
	at junit.framework.TestResult.run(TestResult.java:109)
	at junit.framework.TestCase.run(TestCase.java:118)
	at junit.framework.TestSuite.runTest(TestSuite.java:208)
	at junit.framework.TestSuite.run(TestSuite.java:203)
	at junit.framework.TestSuite.runTest(TestSuite.java:208)
	at junit.framework.TestSuite.run(TestSuite.java:203)
	at org.apache.tools.ant.taskdefs.optional.junit.JUnitTestRunner.run(JUnitTestRunner.java:297)
	at org.apache.tools.ant.taskdefs.optional.junit.JUnitTestRunner.launch(JUnitTestRunner.java:672)
	at org.apache.tools.ant.taskdefs.optional.junit.JUnitTestRunner.main(JUnitTestRunner.java:567)
com.topcoder.service.studio.PersistenceException: mock error.
	at com.topcoder.widgets.bridge.mocks.MockStudioService.getContestsForProject(MockStudioService.java:108)
	at com.topcoder.widgets.bridge.AjaxBridgeServlet.doPost(AjaxBridgeServlet.java:639)
	at com.topcoder.widgets.bridge.AjaxBridgeServletTest.testStudioGetContestsForProjectFail(AjaxBridgeServletTest.java:1086)
	at sun.reflect.NativeMethodAccessorImpl.invoke0(Native Method)
	at sun.reflect.NativeMethodAccessorImpl.invoke(NativeMethodAccessorImpl.java:39)
	at sun.reflect.DelegatingMethodAccessorImpl.invoke(DelegatingMethodAccessorImpl.java:25)
	at java.lang.reflect.Method.invoke(Method.java:585)
	at junit.framework.TestCase.runTest(TestCase.java:154)
	at junit.framework.TestCase.runBare(TestCase.java:127)
	at junit.framework.TestResult$1.protect(TestResult.java:106)
	at junit.framework.TestResult.runProtected(TestResult.java:124)
	at junit.framework.TestResult.run(TestResult.java:109)
	at junit.framework.TestCase.run(TestCase.java:118)
	at junit.framework.TestSuite.runTest(TestSuite.java:208)
	at junit.framework.TestSuite.run(TestSuite.java:203)
	at junit.framework.TestSuite.runTest(TestSuite.java:208)
	at junit.framework.TestSuite.run(TestSuite.java:203)
	at org.apache.tools.ant.taskdefs.optional.junit.JUnitTestRunner.run(JUnitTestRunner.java:297)
	at org.apache.tools.ant.taskdefs.optional.junit.JUnitTestRunner.launch(JUnitTestRunner.java:672)
	at org.apache.tools.ant.taskdefs.optional.junit.JUnitTestRunner.main(JUnitTestRunner.java:567)
com.topcoder.service.studio.PersistenceException: mock error.
	at com.topcoder.widgets.bridge.mocks.MockStudioService.updateContestStatus(MockStudioService.java:154)
	at com.topcoder.widgets.bridge.AjaxBridgeServlet.doPost(AjaxBridgeServlet.java:665)
	at com.topcoder.widgets.bridge.AjaxBridgeServletTest.testStudioUpdateContestStatusFail(AjaxBridgeServletTest.java:1140)
	at sun.reflect.NativeMethodAccessorImpl.invoke0(Native Method)
	at sun.reflect.NativeMethodAccessorImpl.invoke(NativeMethodAccessorImpl.java:39)
	at sun.reflect.DelegatingMethodAccessorImpl.invoke(DelegatingMethodAccessorImpl.java:25)
	at java.lang.reflect.Method.invoke(Method.java:585)
	at junit.framework.TestCase.runTest(TestCase.java:154)
	at junit.framework.TestCase.runBare(TestCase.java:127)
	at junit.framework.TestResult$1.protect(TestResult.java:106)
	at junit.framework.TestResult.runProtected(TestResult.java:124)
	at junit.framework.TestResult.run(TestResult.java:109)
	at junit.framework.TestCase.run(TestCase.java:118)
	at junit.framework.TestSuite.runTest(TestSuite.java:208)
	at junit.framework.TestSuite.run(TestSuite.java:203)
	at junit.framework.TestSuite.runTest(TestSuite.java:208)
	at junit.framework.TestSuite.run(TestSuite.java:203)
	at org.apache.tools.ant.taskdefs.optional.junit.JUnitTestRunner.run(JUnitTestRunner.java:297)
	at org.apache.tools.ant.taskdefs.optional.junit.JUnitTestRunner.launch(JUnitTestRunner.java:672)
	at org.apache.tools.ant.taskdefs.optional.junit.JUnitTestRunner.main(JUnitTestRunner.java:567)
com.topcoder.service.studio.PersistenceException: mock error.
	at com.topcoder.widgets.bridge.mocks.MockStudioService.removeDocumentFromContest(MockStudioService.java:200)
	at com.topcoder.widgets.bridge.AjaxBridgeServlet.doPost(AjaxBridgeServlet.java:725)
	at com.topcoder.widgets.bridge.AjaxBridgeServletTest.testStudioRemoveDocumentFromContestFail(AjaxBridgeServletTest.java:1198)
	at sun.reflect.NativeMethodAccessorImpl.invoke0(Native Method)
	at sun.reflect.NativeMethodAccessorImpl.invoke(NativeMethodAccessorImpl.java:39)
	at sun.reflect.DelegatingMethodAccessorImpl.invoke(DelegatingMethodAccessorImpl.java:25)
	at java.lang.reflect.Method.invoke(Method.java:585)
	at junit.framework.TestCase.runTest(TestCase.java:154)
	at junit.framework.TestCase.runBare(TestCase.java:127)
	at junit.framework.TestResult$1.protect(TestResult.java:106)
	at junit.framework.TestResult.runProtected(TestResult.java:124)
	at junit.framework.TestResult.run(TestResult.java:109)
	at junit.framework.TestCase.run(TestCase.java:118)
	at junit.framework.TestSuite.runTest(TestSuite.java:208)
	at junit.framework.TestSuite.run(TestSuite.java:203)
	at junit.framework.TestSuite.runTest(TestSuite.java:208)
	at junit.framework.TestSuite.run(TestSuite.java:203)
	at org.apache.tools.ant.taskdefs.optional.junit.JUnitTestRunner.run(JUnitTestRunner.java:297)
	at org.apache.tools.ant.taskdefs.optional.junit.JUnitTestRunner.launch(JUnitTestRunner.java:672)
	at org.apache.tools.ant.taskdefs.optional.junit.JUnitTestRunner.main(JUnitTestRunner.java:567)
com.topcoder.service.studio.PersistenceException: mock error.
	at com.topcoder.widgets.bridge.mocks.MockStudioService.retrieveSubmissionsForContest(MockStudioService.java:225)
	at com.topcoder.widgets.bridge.AjaxBridgeServlet.doPost(AjaxBridgeServlet.java:741)
	at com.topcoder.widgets.bridge.AjaxBridgeServletTest.testStudioRetrieveSubmissionsForContestFail(AjaxBridgeServletTest.java:1246)
	at sun.reflect.NativeMethodAccessorImpl.invoke0(Native Method)
	at sun.reflect.NativeMethodAccessorImpl.invoke(NativeMethodAccessorImpl.java:39)
	at sun.reflect.DelegatingMethodAccessorImpl.invoke(DelegatingMethodAccessorImpl.java:25)
	at java.lang.reflect.Method.invoke(Method.java:585)
	at junit.framework.TestCase.runTest(TestCase.java:154)
	at junit.framework.TestCase.runBare(TestCase.java:127)
	at junit.framework.TestResult$1.protect(TestResult.java:106)
	at junit.framework.TestResult.runProtected(TestResult.java:124)
	at junit.framework.TestResult.run(TestResult.java:109)
	at junit.framework.TestCase.run(TestCase.java:118)
	at junit.framework.TestSuite.runTest(TestSuite.java:208)
	at junit.framework.TestSuite.run(TestSuite.java:203)
	at junit.framework.TestSuite.runTest(TestSuite.java:208)
	at junit.framework.TestSuite.run(TestSuite.java:203)
	at org.apache.tools.ant.taskdefs.optional.junit.JUnitTestRunner.run(JUnitTestRunner.java:297)
	at org.apache.tools.ant.taskdefs.optional.junit.JUnitTestRunner.launch(JUnitTestRunner.java:672)
	at org.apache.tools.ant.taskdefs.optional.junit.JUnitTestRunner.main(JUnitTestRunner.java:567)
com.topcoder.json.object.JSONInvalidKeyException: There is no data for the given key
	at com.topcoder.json.object.JSONObject.validateKey(JSONObject.java:167)
	at com.topcoder.json.object.JSONObject.getBoolean(JSONObject.java:223)
	at com.topcoder.widgets.bridge.AjaxBridgeServlet.getSubmissionFromJSON(AjaxBridgeServlet.java:1493)
	at com.topcoder.widgets.bridge.AjaxBridgeServlet.doPost(AjaxBridgeServlet.java:767)
	at com.topcoder.widgets.bridge.AjaxBridgeServletTest.testStudioUpdateSubmissionFail(AjaxBridgeServletTest.java:1295)
	at sun.reflect.NativeMethodAccessorImpl.invoke0(Native Method)
	at sun.reflect.NativeMethodAccessorImpl.invoke(NativeMethodAccessorImpl.java:39)
	at sun.reflect.DelegatingMethodAccessorImpl.invoke(DelegatingMethodAccessorImpl.java:25)
	at java.lang.reflect.Method.invoke(Method.java:585)
	at junit.framework.TestCase.runTest(TestCase.java:154)
	at junit.framework.TestCase.runBare(TestCase.java:127)
	at junit.framework.TestResult$1.protect(TestResult.java:106)
	at junit.framework.TestResult.runProtected(TestResult.java:124)
	at junit.framework.TestResult.run(TestResult.java:109)
	at junit.framework.TestCase.run(TestCase.java:118)
	at junit.framework.TestSuite.runTest(TestSuite.java:208)
	at junit.framework.TestSuite.run(TestSuite.java:203)
	at junit.framework.TestSuite.runTest(TestSuite.java:208)
	at junit.framework.TestSuite.run(TestSuite.java:203)
	at org.apache.tools.ant.taskdefs.optional.junit.JUnitTestRunner.run(JUnitTestRunner.java:297)
	at org.apache.tools.ant.taskdefs.optional.junit.JUnitTestRunner.launch(JUnitTestRunner.java:672)
	at org.apache.tools.ant.taskdefs.optional.junit.JUnitTestRunner.main(JUnitTestRunner.java:567)
com.topcoder.service.studio.PersistenceException: mock error.
	at com.topcoder.widgets.bridge.mocks.MockStudioService.updateContest(MockStudioService.java:129)
	at com.topcoder.widgets.bridge.AjaxBridgeServlet.doPost(AjaxBridgeServlet.java:790)
	at com.topcoder.widgets.bridge.AjaxBridgeServletTest.testStudioUpdateContestFail(AjaxBridgeServletTest.java:1344)
	at sun.reflect.NativeMethodAccessorImpl.invoke0(Native Method)
	at sun.reflect.NativeMethodAccessorImpl.invoke(NativeMethodAccessorImpl.java:39)
	at sun.reflect.DelegatingMethodAccessorImpl.invoke(DelegatingMethodAccessorImpl.java:25)
	at java.lang.reflect.Method.invoke(Method.java:585)
	at junit.framework.TestCase.runTest(TestCase.java:154)
	at junit.framework.TestCase.runBare(TestCase.java:127)
	at junit.framework.TestResult$1.protect(TestResult.java:106)
	at junit.framework.TestResult.runProtected(TestResult.java:124)
	at junit.framework.TestResult.run(TestResult.java:109)
	at junit.framework.TestCase.run(TestCase.java:118)
	at junit.framework.TestSuite.runTest(TestSuite.java:208)
	at junit.framework.TestSuite.run(TestSuite.java:203)
	at junit.framework.TestSuite.runTest(TestSuite.java:208)
	at junit.framework.TestSuite.run(TestSuite.java:203)
	at org.apache.tools.ant.taskdefs.optional.junit.JUnitTestRunner.run(JUnitTestRunner.java:297)
	at org.apache.tools.ant.taskdefs.optional.junit.JUnitTestRunner.launch(JUnitTestRunner.java:672)
	at org.apache.tools.ant.taskdefs.optional.junit.JUnitTestRunner.main(JUnitTestRunner.java:567)
com.topcoder.service.studio.StudioServiceException: It is not supported.
	at com.topcoder.widgets.bridge.AjaxBridgeServlet.doPost(AjaxBridgeServlet.java:809)
	at com.topcoder.widgets.bridge.AjaxBridgeServletTest.testStudioRetrieveSubmissionNotSupported(AjaxBridgeServletTest.java:1372)
	at sun.reflect.NativeMethodAccessorImpl.invoke0(Native Method)
	at sun.reflect.NativeMethodAccessorImpl.invoke(NativeMethodAccessorImpl.java:39)
	at sun.reflect.DelegatingMethodAccessorImpl.invoke(DelegatingMethodAccessorImpl.java:25)
	at java.lang.reflect.Method.invoke(Method.java:585)
	at junit.framework.TestCase.runTest(TestCase.java:154)
	at junit.framework.TestCase.runBare(TestCase.java:127)
	at junit.framework.TestResult$1.protect(TestResult.java:106)
	at junit.framework.TestResult.runProtected(TestResult.java:124)
	at junit.framework.TestResult.run(TestResult.java:109)
	at junit.framework.TestCase.run(TestCase.java:118)
	at junit.framework.TestSuite.runTest(TestSuite.java:208)
	at junit.framework.TestSuite.run(TestSuite.java:203)
	at junit.framework.TestSuite.runTest(TestSuite.java:208)
	at junit.framework.TestSuite.run(TestSuite.java:203)
	at org.apache.tools.ant.taskdefs.optional.junit.JUnitTestRunner.run(JUnitTestRunner.java:297)
	at org.apache.tools.ant.taskdefs.optional.junit.JUnitTestRunner.launch(JUnitTestRunner.java:672)
	at org.apache.tools.ant.taskdefs.optional.junit.JUnitTestRunner.main(JUnitTestRunner.java:567)
com.topcoder.service.studio.StudioServiceException: It is not supported.
	at com.topcoder.widgets.bridge.AjaxBridgeServlet.doPost(AjaxBridgeServlet.java:809)
	at com.topcoder.widgets.bridge.AjaxBridgeServletTest.testStudioRetrieveSubmissionFail(AjaxBridgeServletTest.java:1393)
	at sun.reflect.NativeMethodAccessorImpl.invoke0(Native Method)
	at sun.reflect.NativeMethodAccessorImpl.invoke(NativeMethodAccessorImpl.java:39)
	at sun.reflect.DelegatingMethodAccessorImpl.invoke(DelegatingMethodAccessorImpl.java:25)
	at java.lang.reflect.Method.invoke(Method.java:585)
	at junit.framework.TestCase.runTest(TestCase.java:154)
	at junit.framework.TestCase.runBare(TestCase.java:127)
	at junit.framework.TestResult$1.protect(TestResult.java:106)
	at junit.framework.TestResult.runProtected(TestResult.java:124)
	at junit.framework.TestResult.run(TestResult.java:109)
	at junit.framework.TestCase.run(TestCase.java:118)
	at junit.framework.TestSuite.runTest(TestSuite.java:208)
	at junit.framework.TestSuite.run(TestSuite.java:203)
	at junit.framework.TestSuite.runTest(TestSuite.java:208)
	at junit.framework.TestSuite.run(TestSuite.java:203)
	at org.apache.tools.ant.taskdefs.optional.junit.JUnitTestRunner.run(JUnitTestRunner.java:297)
	at org.apache.tools.ant.taskdefs.optional.junit.JUnitTestRunner.launch(JUnitTestRunner.java:672)
	at org.apache.tools.ant.taskdefs.optional.junit.JUnitTestRunner.main(JUnitTestRunner.java:567)
com.topcoder.service.studio.PersistenceException: mock error.
	at com.topcoder.widgets.bridge.mocks.MockStudioService.removeSubmission(MockStudioService.java:285)
	at com.topcoder.widgets.bridge.AjaxBridgeServlet.doPost(AjaxBridgeServlet.java:820)
	at com.topcoder.widgets.bridge.AjaxBridgeServletTest.testStudioRemoveSubmissionFail(AjaxBridgeServletTest.java:1442)
	at sun.reflect.NativeMethodAccessorImpl.invoke0(Native Method)
	at sun.reflect.NativeMethodAccessorImpl.invoke(NativeMethodAccessorImpl.java:39)
	at sun.reflect.DelegatingMethodAccessorImpl.invoke(DelegatingMethodAccessorImpl.java:25)
	at java.lang.reflect.Method.invoke(Method.java:585)
	at junit.framework.TestCase.runTest(TestCase.java:154)
	at junit.framework.TestCase.runBare(TestCase.java:127)
	at junit.framework.TestResult$1.protect(TestResult.java:106)
	at junit.framework.TestResult.runProtected(TestResult.java:124)
	at junit.framework.TestResult.run(TestResult.java:109)
	at junit.framework.TestCase.run(TestCase.java:118)
	at junit.framework.TestSuite.runTest(TestSuite.java:208)
	at junit.framework.TestSuite.run(TestSuite.java:203)
	at junit.framework.TestSuite.runTest(TestSuite.java:208)
	at junit.framework.TestSuite.run(TestSuite.java:203)
	at org.apache.tools.ant.taskdefs.optional.junit.JUnitTestRunner.run(JUnitTestRunner.java:297)
	at org.apache.tools.ant.taskdefs.optional.junit.JUnitTestRunner.launch(JUnitTestRunner.java:672)
	at org.apache.tools.ant.taskdefs.optional.junit.JUnitTestRunner.main(JUnitTestRunner.java:567)
com.topcoder.service.studio.PersistenceException: mock error.
	at com.topcoder.widgets.bridge.mocks.MockStudioService.retrieveAllSubmissionsByMember(MockStudioService.java:248)
	at com.topcoder.widgets.bridge.AjaxBridgeServlet.doPost(AjaxBridgeServlet.java:836)
	at com.topcoder.widgets.bridge.AjaxBridgeServletTest.testStudioRetrieveAllSubmissionsByMemberFail(AjaxBridgeServletTest.java:1497)
	at sun.reflect.NativeMethodAccessorImpl.invoke0(Native Method)
	at sun.reflect.NativeMethodAccessorImpl.invoke(NativeMethodAccessorImpl.java:39)
	at sun.reflect.DelegatingMethodAccessorImpl.invoke(DelegatingMethodAccessorImpl.java:25)
	at java.lang.reflect.Method.invoke(Method.java:585)
	at junit.framework.TestCase.runTest(TestCase.java:154)
	at junit.framework.TestCase.runBare(TestCase.java:127)
	at junit.framework.TestResult$1.protect(TestResult.java:106)
	at junit.framework.TestResult.runProtected(TestResult.java:124)
	at junit.framework.TestResult.run(TestResult.java:109)
	at junit.framework.TestCase.run(TestCase.java:118)
	at junit.framework.TestSuite.runTest(TestSuite.java:208)
	at junit.framework.TestSuite.run(TestSuite.java:203)
	at junit.framework.TestSuite.runTest(TestSuite.java:208)
	at junit.framework.TestSuite.run(TestSuite.java:203)
	at org.apache.tools.ant.taskdefs.optional.junit.JUnitTestRunner.run(JUnitTestRunner.java:297)
	at org.apache.tools.ant.taskdefs.optional.junit.JUnitTestRunner.launch(JUnitTestRunner.java:672)
	at org.apache.tools.ant.taskdefs.optional.junit.JUnitTestRunner.main(JUnitTestRunner.java:567)
com.topcoder.service.prerequisite.DocumentNotFoundException: mock error : document not found.
	at com.topcoder.widgets.bridge.mocks.MockPrerequisiteService.getPrerequisiteDocument(MockPrerequisiteService.java:93)
	at com.topcoder.widgets.bridge.AjaxBridgeServlet.doPost(AjaxBridgeServlet.java:546)
	at com.topcoder.widgets.bridge.AjaxBridgeServletTest.testPrerequisiteGetPrerequisiteDocumentFail1(AjaxBridgeServletTest.java:1716)
	at sun.reflect.NativeMethodAccessorImpl.invoke0(Native Method)
	at sun.reflect.NativeMethodAccessorImpl.invoke(NativeMethodAccessorImpl.java:39)
	at sun.reflect.DelegatingMethodAccessorImpl.invoke(DelegatingMethodAccessorImpl.java:25)
	at java.lang.reflect.Method.invoke(Method.java:585)
	at junit.framework.TestCase.runTest(TestCase.java:154)
	at junit.framework.TestCase.runBare(TestCase.java:127)
	at junit.framework.TestResult$1.protect(TestResult.java:106)
	at junit.framework.TestResult.runProtected(TestResult.java:124)
	at junit.framework.TestResult.run(TestResult.java:109)
	at junit.framework.TestCase.run(TestCase.java:118)
	at junit.framework.TestSuite.runTest(TestSuite.java:208)
	at junit.framework.TestSuite.run(TestSuite.java:203)
	at junit.framework.TestSuite.runTest(TestSuite.java:208)
	at junit.framework.TestSuite.run(TestSuite.java:203)
	at org.apache.tools.ant.taskdefs.optional.junit.JUnitTestRunner.run(JUnitTestRunner.java:297)
	at org.apache.tools.ant.taskdefs.optional.junit.JUnitTestRunner.launch(JUnitTestRunner.java:672)
	at org.apache.tools.ant.taskdefs.optional.junit.JUnitTestRunner.main(JUnitTestRunner.java:567)
com.topcoder.service.prerequisite.PersistenceException: mock error : persistence error.
	at com.topcoder.widgets.bridge.mocks.MockPrerequisiteService.recordMemberAnswer(MockPrerequisiteService.java:168)
	at com.topcoder.widgets.bridge.AjaxBridgeServlet.doPost(AjaxBridgeServlet.java:565)
	at com.topcoder.widgets.bridge.AjaxBridgeServletTest.testPrerequisiteRecordMemberAnswerFail1(AjaxBridgeServletTest.java:1790)
	at sun.reflect.NativeMethodAccessorImpl.invoke0(Native Method)
	at sun.reflect.NativeMethodAccessorImpl.invoke(NativeMethodAccessorImpl.java:39)
	at sun.reflect.DelegatingMethodAccessorImpl.invoke(DelegatingMethodAccessorImpl.java:25)
	at java.lang.reflect.Method.invoke(Method.java:585)
	at junit.framework.TestCase.runTest(TestCase.java:154)
	at junit.framework.TestCase.runBare(TestCase.java:127)
	at junit.framework.TestResult$1.protect(TestResult.java:106)
	at junit.framework.TestResult.runProtected(TestResult.java:124)
	at junit.framework.TestResult.run(TestResult.java:109)
	at junit.framework.TestCase.run(TestCase.java:118)
	at junit.framework.TestSuite.runTest(TestSuite.java:208)
	at junit.framework.TestSuite.run(TestSuite.java:203)
	at junit.framework.TestSuite.runTest(TestSuite.java:208)
	at junit.framework.TestSuite.run(TestSuite.java:203)
	at org.apache.tools.ant.taskdefs.optional.junit.JUnitTestRunner.run(JUnitTestRunner.java:297)
	at org.apache.tools.ant.taskdefs.optional.junit.JUnitTestRunner.launch(JUnitTestRunner.java:672)
	at org.apache.tools.ant.taskdefs.optional.junit.JUnitTestRunner.main(JUnitTestRunner.java:567)
com.topcoder.json.object.JSONDataAccessTypeException: The value represented can not be converted to a string
	at com.topcoder.json.object.JSONValueWrapper.convertToString(JSONValueWrapper.java:365)
	at com.topcoder.json.object.JSONObject.getString(JSONObject.java:378)
	at com.topcoder.widgets.bridge.AjaxBridgeServlet.getPrerequisiteDocumentFromJSON(AjaxBridgeServlet.java:1443)
	at com.topcoder.widgets.bridge.AjaxBridgeServlet.doPost(AjaxBridgeServlet.java:565)
	at com.topcoder.widgets.bridge.AjaxBridgeServletTest.testPrerequisiteRecordMemberAnswerFail2(AjaxBridgeServletTest.java:1811)
	at sun.reflect.NativeMethodAccessorImpl.invoke0(Native Method)
	at sun.reflect.NativeMethodAccessorImpl.invoke(NativeMethodAccessorImpl.java:39)
	at sun.reflect.DelegatingMethodAccessorImpl.invoke(DelegatingMethodAccessorImpl.java:25)
	at java.lang.reflect.Method.invoke(Method.java:585)
	at junit.framework.TestCase.runTest(TestCase.java:154)
	at junit.framework.TestCase.runBare(TestCase.java:127)
	at junit.framework.TestResult$1.protect(TestResult.java:106)
	at junit.framework.TestResult.runProtected(TestResult.java:124)
	at junit.framework.TestResult.run(TestResult.java:109)
	at junit.framework.TestCase.run(TestCase.java:118)
	at junit.framework.TestSuite.runTest(TestSuite.java:208)
	at junit.framework.TestSuite.run(TestSuite.java:203)
	at junit.framework.TestSuite.runTest(TestSuite.java:208)
	at junit.framework.TestSuite.run(TestSuite.java:203)
	at org.apache.tools.ant.taskdefs.optional.junit.JUnitTestRunner.run(JUnitTestRunner.java:297)
	at org.apache.tools.ant.taskdefs.optional.junit.JUnitTestRunner.launch(JUnitTestRunner.java:672)
	at org.apache.tools.ant.taskdefs.optional.junit.JUnitTestRunner.main(JUnitTestRunner.java:567)
]]></system-err>
</testsuite>
