Testsuite: com.topcoder.service.studio.contest.AllTests
Tests run: 546, Failures: 0, Errors: 0, Time elapsed: 53.172 sec
------------- Standard Output ---------------
[Enter method: ContestManagerBean.addDocument()]
[param1: null]
[Exit method: addDocument()]
[Enter method: ContestManagerBean.updateDocument()]
[param1: 725]
[Exit method: updateDocument()]
[Enter method: ContestManagerBean.getDocument()]
[param1: 725]
[Exit method: getDocument()]
[Enter method: ContestManagerBean.addDocument()]
[param1: null]
[Exit method: addDocument()]
[Enter method: ContestManagerBean.getDocument()]
[param1: 726]
[Exit method: getDocument()]
[Enter method: ContestManagerBean.addDocument()]
[param1: null]
[Exit method: addDocument()]
[Enter method: ContestManagerBean.removeDocument()]
[param1: 727]
[Exit method: removeDocument()]
[Enter method: ContestManagerBean.addDocument()]
[param1: null]
[Exit method: addDocument()]
[Enter method: ContestManagerBean.addDocumentToContest()]
[param1: 728, param2: 1,000]
The contest with id '1000' doesn't exist.
com.topcoder.service.studio.contest.EntityNotFoundException: The contest with id '1000' doesn't exist.
	at com.topcoder.service.studio.contest.bean.ContestManagerBean.wrapEntityNotFoundException(ContestManagerBean.java:3883)
	at com.topcoder.service.studio.contest.bean.ContestManagerBean.addDocumentToContest(ContestManagerBean.java:1431)
	at com.topcoder.service.studio.contest.bean.ContestManagerBeanUnitTest1.testAddDocumentToContest_Failure2(ContestManagerBeanUnitTest1.java:2289)
	at sun.reflect.NativeMethodAccessorImpl.invoke0(Native Method)
	at sun.reflect.NativeMethodAccessorImpl.invoke(NativeMethodAccessorImpl.java:39)
	at sun.reflect.DelegatingMethodAccessorImpl.invoke(DelegatingMethodAccessorImpl.java:25)
	at java.lang.reflect.Method.invoke(Method.java:585)
	at junit.framework.TestCase.runTest(TestCase.java:154)
	at junit.framework.TestCase.runBare(TestCase.java:127)
	at junit.framework.TestResult$1.protect(TestResult.java:106)
	at junit.framework.TestResult.runProtected(TestResult.java:124)
	at junit.framework.TestResult.run(TestResult.java:109)
	at junit.framework.TestCase.run(TestCase.java:118)
	at junit.framework.TestSuite.runTest(TestSuite.java:208)
	at junit.framework.TestSuite.run(TestSuite.java:203)
	at junit.framework.TestSuite.runTest(TestSuite.java:208)
	at junit.framework.TestSuite.run(TestSuite.java:203)
	at junit.framework.TestSuite.runTest(TestSuite.java:208)
	at junit.framework.TestSuite.run(TestSuite.java:203)
	at org.apache.tools.ant.taskdefs.optional.junit.JUnitTestRunner.run(JUnitTestRunner.java:297)
	at org.apache.tools.ant.taskdefs.optional.junit.JUnitTestRunner.launch(JUnitTestRunner.java:672)
	at org.apache.tools.ant.taskdefs.optional.junit.JUnitTestRunner.main(JUnitTestRunner.java:567)
INNER: The contest with id '1000' doesn't exist.
[Exit method: addDocumentToContest()]
[Enter method: ContestManagerBean.createContest()]
[param1: null]
[Exit method: createContest()]
[Enter method: ContestManagerBean.addDocument()]
[param1: null]
[Exit method: addDocument()]
[Enter method: ContestManagerBean.removeDocumentFromContest()]
[param1: 729, param2: 1,313]
[Exit method: removeDocumentFromContest()]
[Enter method: ContestManagerBean.addDocument()]
[param1: null]
[Exit method: addDocument()]
[Enter method: ContestManagerBean.removeDocumentFromContest()]
[param1: 730, param2: 1,000]
The contest with id '1000' doesn't exist.
com.topcoder.service.studio.contest.EntityNotFoundException: The contest with id '1000' doesn't exist.
	at com.topcoder.service.studio.contest.bean.ContestManagerBean.wrapEntityNotFoundException(ContestManagerBean.java:3883)
	at com.topcoder.service.studio.contest.bean.ContestManagerBean.removeDocumentFromContest(ContestManagerBean.java:1513)
	at com.topcoder.service.studio.contest.bean.ContestManagerBeanUnitTest1.testRemoveDocumentFromContest_Failure2(ContestManagerBeanUnitTest1.java:2565)
	at sun.reflect.NativeMethodAccessorImpl.invoke0(Native Method)
	at sun.reflect.NativeMethodAccessorImpl.invoke(NativeMethodAccessorImpl.java:39)
	at sun.reflect.DelegatingMethodAccessorImpl.invoke(DelegatingMethodAccessorImpl.java:25)
	at java.lang.reflect.Method.invoke(Method.java:585)
	at junit.framework.TestCase.runTest(TestCase.java:154)
	at junit.framework.TestCase.runBare(TestCase.java:127)
	at junit.framework.TestResult$1.protect(TestResult.java:106)
	at junit.framework.TestResult.runProtected(TestResult.java:124)
	at junit.framework.TestResult.run(TestResult.java:109)
	at junit.framework.TestCase.run(TestCase.java:118)
	at junit.framework.TestSuite.runTest(TestSuite.java:208)
	at junit.framework.TestSuite.run(TestSuite.java:203)
	at junit.framework.TestSuite.runTest(TestSuite.java:208)
	at junit.framework.TestSuite.run(TestSuite.java:203)
	at junit.framework.TestSuite.runTest(TestSuite.java:208)
	at junit.framework.TestSuite.run(TestSuite.java:203)
	at org.apache.tools.ant.taskdefs.optional.junit.JUnitTestRunner.run(JUnitTestRunner.java:297)
	at org.apache.tools.ant.taskdefs.optional.junit.JUnitTestRunner.launch(JUnitTestRunner.java:672)
	at org.apache.tools.ant.taskdefs.optional.junit.JUnitTestRunner.main(JUnitTestRunner.java:567)
INNER: The contest with id '1000' doesn't exist.
[Exit method: removeDocumentFromContest()]
[09-8-19 下午5:03: Enter method start()]
[09-8-19 下午5:03: Exit method Start()]
[Enter method: ContestManagerBean.addDocument()]
[param1: null]
[Exit method: addDocument()]
[Enter method: ContestManagerBean.saveDocumentContent()]
[param1: 731, param2: [B@18837f1]
[Exit method: saveDocumentContent()]
[Enter method: ContestManagerBean.getDocumentContent()]
[param1: 731]
[Exit method: getDocumentContent()]
[09-8-19 下午5:03: Enter method stop()]
[09-8-19 下午5:03: Exit method stop()]
[09-8-19 下午5:03: Enter method stop()]
[09-8-19 下午5:03: Exit method stop()]
[09-8-19 下午5:03: Enter method stop()]
[09-8-19 下午5:03: Exit method stop()]
[09-8-19 下午5:03: Enter method stop()]
[09-8-19 下午5:03: Exit method stop()]
[09-8-19 下午5:03: Enter method stop()]
[09-8-19 下午5:03: Exit method stop()]
[09-8-19 下午5:03: Enter method stop()]
[09-8-19 下午5:03: Exit method stop()]
[09-8-19 下午5:03: Enter method stop()]
[09-8-19 下午5:03: Exit method stop()]
[09-8-19 下午5:03: Enter method stop()]
[09-8-19 下午5:03: Exit method stop()]
[09-8-19 下午5:03: Enter method stop()]
[09-8-19 下午5:03: Exit method stop()]
[09-8-19 下午5:03: Enter method stop()]
[09-8-19 下午5:03: Exit method stop()]
[09-8-19 下午5:03: Enter method stop()]
[09-8-19 下午5:03: Exit method stop()]
[09-8-19 下午5:03: Enter method stop()]
[09-8-19 下午5:03: Exit method stop()]
[09-8-19 下午5:03: Enter method start()]
[09-8-19 下午5:03: Exit method Start()]
[09-8-19 下午5:03: Enter method stop()]
[09-8-19 下午5:03: Exit method stop()]
[09-8-19 下午5:03: Enter method start()]
[09-8-19 下午5:03: Exit method Start()]
There are errors in run().
java.io.FileNotFoundException: D:\Review\Studio Contest Manager\submission-59174-studio_contest_manager\test_files (Access is denied)
	at java.io.FileOutputStream.open(Native Method)
	at java.io.FileOutputStream.<init>(FileOutputStream.java:179)
	at java.io.FileOutputStream.<init>(FileOutputStream.java:70)
	at com.topcoder.service.studio.contest.documentcontentservers.SocketDocumentContentServer$SocketDocumentContentWorker.saveDocumentContent(SocketDocumentContentServer.java:617)
	at com.topcoder.service.studio.contest.documentcontentservers.SocketDocumentContentServer$SocketDocumentContentWorker.processData(SocketDocumentContentServer.java:566)
	at com.topcoder.service.studio.contest.documentcontentservers.SocketDocumentContentServer$SocketDocumentContentWorker.run(SocketDocumentContentServer.java:444)
	at java.lang.Thread.run(Thread.java:595)
[09-8-19 下午5:03: Enter method stop()]
[09-8-19 下午5:03: Exit method stop()]
[09-8-19 下午5:03: Enter method stop()]
[09-8-19 下午5:03: Exit method stop()]
[09-8-19 下午5:03: Enter method stop()]
[09-8-19 下午5:03: Exit method stop()]
[09-8-19 下午5:03: Enter method start()]
[09-8-19 下午5:03: Exit method Start()]
[09-8-19 下午5:03: Enter method stop()]
[09-8-19 下午5:03: Exit method stop()]
[09-8-19 下午5:03: Enter method start()]
[09-8-19 下午5:03: Exit method Start()]
[09-8-19 下午5:03: Enter method stop()]
[09-8-19 下午5:03: Exit method stop()]
[09-8-19 下午5:03: Enter method start()]
[09-8-19 下午5:03: Exit method Start()]
[09-8-19 下午5:03: Enter method stop()]
[09-8-19 下午5:03: Exit method stop()]
[09-8-19 下午5:03: Enter method start()]
[09-8-19 下午5:03: Exit method Start()]
[09-8-19 下午5:03: Enter method stop()]
[09-8-19 下午5:03: Exit method stop()]
[09-8-19 下午5:03: Enter method start()]
[09-8-19 下午5:03: Exit method Start()]
[09-8-19 下午5:03: Enter method stop()]
[09-8-19 下午5:03: Exit method stop()]
[09-8-19 下午5:03: Enter method stop()]
[09-8-19 下午5:03: Exit method stop()]
[09-8-19 下午5:03: Enter method stop()]
[09-8-19 下午5:03: Exit method stop()]
[09-8-19 下午5:03: Enter method stop()]
[09-8-19 下午5:03: Exit method stop()]
[09-8-19 下午5:03: Enter method stop()]
[09-8-19 下午5:03: Exit method stop()]
[09-8-19 下午5:03: Enter method stop()]
[09-8-19 下午5:03: Exit method stop()]
[09-8-19 下午5:03: Enter method stop()]
[09-8-19 下午5:03: Exit method stop()]
[09-8-19 下午5:03: Enter method stop()]
[09-8-19 下午5:03: Exit method stop()]
[09-8-19 下午5:03: Enter method stop()]
[09-8-19 下午5:03: Exit method stop()]
[09-8-19 下午5:03: Enter method stop()]
[09-8-19 下午5:03: Exit method stop()]
[09-8-19 下午5:03: Enter method stop()]
[09-8-19 下午5:03: Exit method stop()]
[09-8-19 下午5:03: Enter method stop()]
[09-8-19 下午5:03: Exit method stop()]
[09-8-19 下午5:03: Enter method stop()]
[09-8-19 下午5:03: Exit method stop()]
[09-8-19 下午5:03: Enter method stop()]
[09-8-19 下午5:03: Exit method stop()]
[09-8-19 下午5:03: Enter method stop()]
[09-8-19 下午5:03: Exit method stop()]
[09-8-19 下午5:03: Enter method stop()]
[09-8-19 下午5:03: Exit method stop()]
[09-8-19 下午5:03: Enter method stop()]
[09-8-19 下午5:03: Exit method stop()]
[09-8-19 下午5:04: Enter method stop()]
[09-8-19 下午5:04: Exit method stop()]
[09-8-19 下午5:04: Enter method stop()]
[09-8-19 下午5:04: Exit method stop()]
[09-8-19 下午5:04: Enter method stop()]
[09-8-19 下午5:04: Exit method stop()]
[09-8-19 下午5:04: Enter method stop()]
[09-8-19 下午5:04: Exit method stop()]
[09-8-19 下午5:04: Enter method stop()]
[09-8-19 下午5:04: Exit method stop()]
[09-8-19 下午5:04: Enter method stop()]
[09-8-19 下午5:04: Exit method stop()]
[09-8-19 下午5:04: Enter method stop()]
[09-8-19 下午5:04: Exit method stop()]
[09-8-19 下午5:04: Enter method stop()]
[09-8-19 下午5:04: Exit method stop()]
[09-8-19 下午5:04: Enter method stop()]
[09-8-19 下午5:04: Exit method stop()]
[09-8-19 下午5:04: Enter method stop()]
[09-8-19 下午5:04: Exit method stop()]
[09-8-19 下午5:04: Enter method stop()]
[09-8-19 下午5:04: Exit method stop()]
[09-8-19 下午5:04: Enter method stop()]
[09-8-19 下午5:04: Exit method stop()]
[09-8-19 下午5:04: Enter method stop()]
[09-8-19 下午5:04: Exit method stop()]
[09-8-19 下午5:04: Enter method stop()]
[09-8-19 下午5:04: Exit method stop()]
[09-8-19 下午5:04: Enter method stop()]
[09-8-19 下午5:04: Exit method stop()]
[09-8-19 下午5:04: Enter method stop()]
[09-8-19 下午5:04: Exit method stop()]
[09-8-19 下午5:04: Enter method stop()]
[09-8-19 下午5:04: Exit method stop()]
[09-8-19 下午5:04: Enter method start()]
[09-8-19 下午5:04: Exit method Start()]
[09-8-19 下午5:04: Enter method start()]
[09-8-19 下午5:04: Exit method Start()]
[09-8-19 下午5:04: Enter method stop()]
[09-8-19 下午5:04: Exit method stop()]
[09-8-19 下午5:04: Enter method stop()]
[09-8-19 下午5:04: Exit method stop()]
[09-8-19 下午5:04: Enter method start()]
[09-8-19 下午5:04: Exit method Start()]
[09-8-19 下午5:04: Enter method start()]
There are errors in the start()
java.net.BindException: Address already in use: bind
	at sun.nio.ch.Net.bind(Native Method)
	at sun.nio.ch.ServerSocketChannelImpl.bind(ServerSocketChannelImpl.java:119)
	at sun.nio.ch.ServerSocketAdaptor.bind(ServerSocketAdaptor.java:59)
	at com.topcoder.service.studio.contest.documentcontentservers.SocketDocumentContentServer.start(SocketDocumentContentServer.java:256)
	at com.topcoder.service.studio.contest.documentcontentservers.SocketDocumentContentServerUnitTest.testStart_Failure1(SocketDocumentContentServerUnitTest.java:483)
	at sun.reflect.NativeMethodAccessorImpl.invoke0(Native Method)
	at sun.reflect.NativeMethodAccessorImpl.invoke(NativeMethodAccessorImpl.java:39)
	at sun.reflect.DelegatingMethodAccessorImpl.invoke(DelegatingMethodAccessorImpl.java:25)
	at java.lang.reflect.Method.invoke(Method.java:585)
	at junit.framework.TestCase.runTest(TestCase.java:154)
	at junit.framework.TestCase.runBare(TestCase.java:127)
	at junit.framework.TestResult$1.protect(TestResult.java:106)
	at junit.framework.TestResult.runProtected(TestResult.java:124)
	at junit.framework.TestResult.run(TestResult.java:109)
	at junit.framework.TestCase.run(TestCase.java:118)
	at junit.framework.TestSuite.runTest(TestSuite.java:208)
	at junit.framework.TestSuite.run(TestSuite.java:203)
	at junit.framework.TestSuite.runTest(TestSuite.java:208)
	at junit.framework.TestSuite.run(TestSuite.java:203)
	at junit.framework.TestSuite.runTest(TestSuite.java:208)
	at junit.framework.TestSuite.run(TestSuite.java:203)
	at org.apache.tools.ant.taskdefs.optional.junit.JUnitTestRunner.run(JUnitTestRunner.java:297)
	at org.apache.tools.ant.taskdefs.optional.junit.JUnitTestRunner.launch(JUnitTestRunner.java:672)
	at org.apache.tools.ant.taskdefs.optional.junit.JUnitTestRunner.main(JUnitTestRunner.java:567)
[09-8-19 下午5:04: Exit method Start()]
[09-8-19 下午5:04: Enter method stop()]
[09-8-19 下午5:04: Exit method stop()]
[09-8-19 下午5:04: Enter method stop()]
[09-8-19 下午5:04: Exit method stop()]
[09-8-19 下午5:04: Enter method stop()]
[09-8-19 下午5:04: Exit method stop()]
[09-8-19 下午5:04: Enter method start()]
[09-8-19 下午5:04: Exit method Start()]
[09-8-19 下午5:04: Enter method stop()]
[09-8-19 下午5:04: Exit method stop()]
[09-8-19 下午5:04: Enter method stop()]
[09-8-19 下午5:04: Exit method stop()]
[09-8-19 下午5:04: Enter method start()]
[09-8-19 下午5:04: Exit method Start()]
[09-8-19 下午5:04: Enter method stop()]
[09-8-19 下午5:04: Exit method stop()]
[09-8-19 下午5:04: Enter method stop()]
[09-8-19 下午5:04: Exit method stop()]
[09-8-19 下午5:04: Enter method start()]
[09-8-19 下午5:04: Exit method Start()]
There are errors in run().
com.topcoder.service.studio.contest.documentcontentservers.InvalidRequestException: Unrecognized request type: 0
	at com.topcoder.service.studio.contest.documentcontentservers.SocketDocumentContentServer$SocketDocumentContentWorker.processData(SocketDocumentContentServer.java:573)
	at com.topcoder.service.studio.contest.documentcontentservers.SocketDocumentContentServer$SocketDocumentContentWorker.run(SocketDocumentContentServer.java:444)
	at java.lang.Thread.run(Thread.java:595)
[09-8-19 下午5:04: Enter method stop()]
[09-8-19 下午5:04: Exit method stop()]
[09-8-19 下午5:04: Enter method start()]
[09-8-19 下午5:04: Exit method Start()]
There are errors in run().
com.topcoder.service.studio.contest.documentcontentservers.InvalidRequestException: There should be 2 bytes to indicates the path's length in bytes.
	at com.topcoder.service.studio.contest.documentcontentservers.SocketDocumentContentServer$SocketDocumentContentWorker.processData(SocketDocumentContentServer.java:540)
	at com.topcoder.service.studio.contest.documentcontentservers.SocketDocumentContentServer$SocketDocumentContentWorker.run(SocketDocumentContentServer.java:444)
	at java.lang.Thread.run(Thread.java:595)
[09-8-19 下午5:04: Enter method stop()]
[09-8-19 下午5:04: Exit method stop()]
[09-8-19 下午5:04: Enter method start()]
[09-8-19 下午5:04: Exit method Start()]
There are errors in run().
com.topcoder.service.studio.contest.documentcontentservers.InvalidRequestException: The path buffer length mismatch with the length flag.
	at com.topcoder.service.studio.contest.documentcontentservers.SocketDocumentContentServer$SocketDocumentContentWorker.processData(SocketDocumentContentServer.java:553)
	at com.topcoder.service.studio.contest.documentcontentservers.SocketDocumentContentServer$SocketDocumentContentWorker.run(SocketDocumentContentServer.java:444)
	at java.lang.Thread.run(Thread.java:595)
[09-8-19 下午5:04: Enter method stop()]
[09-8-19 下午5:04: Exit method stop()]
[09-8-19 下午5:04: Enter method start()]
[09-8-19 下午5:04: Exit method Start()]
There are errors in run().
com.topcoder.service.studio.contest.documentcontentservers.InvalidRequestException: There are additional bytes in the end.
	at com.topcoder.service.studio.contest.documentcontentservers.SocketDocumentContentServer$SocketDocumentContentWorker.checkEndingBytes(SocketDocumentContentServer.java:728)
	at com.topcoder.service.studio.contest.documentcontentservers.SocketDocumentContentServer$SocketDocumentContentWorker.saveDocumentContent(SocketDocumentContentServer.java:615)
	at com.topcoder.service.studio.contest.documentcontentservers.SocketDocumentContentServer$SocketDocumentContentWorker.processData(SocketDocumentContentServer.java:566)
	at com.topcoder.service.studio.contest.documentcontentservers.SocketDocumentContentServer$SocketDocumentContentWorker.run(SocketDocumentContentServer.java:444)
	at java.lang.Thread.run(Thread.java:595)
[09-8-19 下午5:04: Enter method stop()]
[09-8-19 下午5:04: Exit method stop()]
[09-8-19 下午5:04: Enter method start()]
[09-8-19 下午5:04: Exit method Start()]
[09-8-19 下午5:04: Enter method stop()]
[09-8-19 下午5:04: Exit method stop()]
[09-8-19 下午5:04: Enter method start()]
[09-8-19 下午5:04: Exit method Start()]
There are errors in run().
com.topcoder.service.studio.contest.documentcontentservers.InvalidRequestException: There is no enough 4 bytes for indicating the content length.
	at com.topcoder.service.studio.contest.documentcontentservers.SocketDocumentContentServer$SocketDocumentContentWorker.saveDocumentContent(SocketDocumentContentServer.java:596)
	at com.topcoder.service.studio.contest.documentcontentservers.SocketDocumentContentServer$SocketDocumentContentWorker.processData(SocketDocumentContentServer.java:566)
	at com.topcoder.service.studio.contest.documentcontentservers.SocketDocumentContentServer$SocketDocumentContentWorker.run(SocketDocumentContentServer.java:444)
	at java.lang.Thread.run(Thread.java:595)
[09-8-19 下午5:04: Enter method stop()]
[09-8-19 下午5:04: Exit method stop()]
[09-8-19 下午5:04: Enter method start()]
[09-8-19 下午5:04: Exit method Start()]
There are errors in run().
com.topcoder.service.studio.contest.documentcontentservers.InvalidRequestException: The content has less bytes than the length flag.
	at com.topcoder.service.studio.contest.documentcontentservers.SocketDocumentContentServer$SocketDocumentContentWorker.saveDocumentContent(SocketDocumentContentServer.java:610)
	at com.topcoder.service.studio.contest.documentcontentservers.SocketDocumentContentServer$SocketDocumentContentWorker.processData(SocketDocumentContentServer.java:566)
	at com.topcoder.service.studio.contest.documentcontentservers.SocketDocumentContentServer$SocketDocumentContentWorker.run(SocketDocumentContentServer.java:444)
	at java.lang.Thread.run(Thread.java:595)
[09-8-19 下午5:04: Enter method stop()]
[09-8-19 下午5:04: Exit method stop()]
[09-8-19 下午5:04: Enter method start()]
[09-8-19 下午5:04: Exit method Start()]
[09-8-19 下午5:04: Enter method stop()]
[09-8-19 下午5:04: Exit method stop()]
[09-8-19 下午5:04: Enter method start()]
[09-8-19 下午5:04: Exit method Start()]
[09-8-19 下午5:04: Enter method stop()]
[09-8-19 下午5:04: Exit method stop()]
[09-8-19 下午5:04: Enter method start()]
[09-8-19 下午5:04: Exit method Start()]
[09-8-19 下午5:04: Enter method stop()]
[09-8-19 下午5:04: Exit method stop()]
[09-8-19 下午5:04: Enter method stop()]
[09-8-19 下午5:04: Exit method stop()]
[09-8-19 下午5:04: Enter method stop()]
[09-8-19 下午5:04: Exit method stop()]
[09-8-19 下午5:04: Enter method stop()]
[09-8-19 下午5:04: Exit method stop()]
[09-8-19 下午5:04: Enter method stop()]
[09-8-19 下午5:04: Exit method stop()]
[09-8-19 下午5:04: Enter method stop()]
[09-8-19 下午5:04: Exit method stop()]
[09-8-19 下午5:04: Enter method stop()]
[09-8-19 下午5:04: Exit method stop()]
[09-8-19 下午5:04: Enter method stop()]
[09-8-19 下午5:04: Exit method stop()]
[09-8-19 下午5:04: Enter method stop()]
[09-8-19 下午5:04: Exit method stop()]
[09-8-19 下午5:04: Enter method stop()]
[09-8-19 下午5:04: Exit method stop()]
[09-8-19 下午5:04: Enter method stop()]
[09-8-19 下午5:04: Exit method stop()]
[09-8-19 下午5:04: Enter method stop()]
[09-8-19 下午5:04: Exit method stop()]
[09-8-19 下午5:04: Enter method start()]
[09-8-19 下午5:04: Exit method Start()]
[09-8-19 下午5:04: Enter method start()]
There are errors in the start()
java.net.BindException: Address already in use: bind
	at sun.nio.ch.Net.bind(Native Method)
	at sun.nio.ch.ServerSocketChannelImpl.bind(ServerSocketChannelImpl.java:119)
	at sun.nio.ch.ServerSocketAdaptor.bind(ServerSocketAdaptor.java:59)
	at com.topcoder.service.studio.contest.documentcontentservers.SocketDocumentContentServer.start(SocketDocumentContentServer.java:256)
	at com.topcoder.service.studio.contest.failuretests.SocketDocumentContentServerFailureTest.test_Start_Failure1(SocketDocumentContentServerFailureTest.java:288)
	at sun.reflect.NativeMethodAccessorImpl.invoke0(Native Method)
	at sun.reflect.NativeMethodAccessorImpl.invoke(NativeMethodAccessorImpl.java:39)
	at sun.reflect.DelegatingMethodAccessorImpl.invoke(DelegatingMethodAccessorImpl.java:25)
	at java.lang.reflect.Method.invoke(Method.java:585)
	at junit.framework.TestCase.runTest(TestCase.java:154)
	at junit.framework.TestCase.runBare(TestCase.java:127)
	at junit.framework.TestResult$1.protect(TestResult.java:106)
	at junit.framework.TestResult.runProtected(TestResult.java:124)
	at junit.framework.TestResult.run(TestResult.java:109)
	at junit.framework.TestCase.run(TestCase.java:118)
	at junit.framework.TestSuite.runTest(TestSuite.java:208)
	at junit.framework.TestSuite.run(TestSuite.java:203)
	at junit.framework.TestSuite.runTest(TestSuite.java:208)
	at junit.framework.TestSuite.run(TestSuite.java:203)
	at junit.framework.TestSuite.runTest(TestSuite.java:208)
	at junit.framework.TestSuite.run(TestSuite.java:203)
	at org.apache.tools.ant.taskdefs.optional.junit.JUnitTestRunner.run(JUnitTestRunner.java:297)
	at org.apache.tools.ant.taskdefs.optional.junit.JUnitTestRunner.launch(JUnitTestRunner.java:672)
	at org.apache.tools.ant.taskdefs.optional.junit.JUnitTestRunner.main(JUnitTestRunner.java:567)
[09-8-19 下午5:04: Exit method Start()]
[09-8-19 下午5:04: Enter method stop()]
[09-8-19 下午5:04: Exit method stop()]
[09-8-19 下午5:04: Enter method stop()]
[09-8-19 下午5:04: Exit method stop()]
[09-8-19 下午5:04: Enter method start()]
[09-8-19 下午5:04: Exit method Start()]
[09-8-19 下午5:04: Enter method stop()]
[09-8-19 下午5:04: Exit method stop()]
[09-8-19 下午5:04: Enter method start()]
There are errors in the start()
java.net.BindException: Address already in use: bind
	at sun.nio.ch.Net.bind(Native Method)
	at sun.nio.ch.ServerSocketChannelImpl.bind(ServerSocketChannelImpl.java:119)
	at sun.nio.ch.ServerSocketAdaptor.bind(ServerSocketAdaptor.java:59)
	at com.topcoder.service.studio.contest.documentcontentservers.SocketDocumentContentServer.start(SocketDocumentContentServer.java:256)
	at com.topcoder.service.studio.contest.accuracytests.TestContestManagerBeanAccuracy.startSocketDocumentContentServer(TestContestManagerBeanAccuracy.java:863)
	at com.topcoder.service.studio.contest.accuracytests.TestContestManagerBeanAccuracy.testSaveDocumentContent(TestContestManagerBeanAccuracy.java:881)
	at sun.reflect.NativeMethodAccessorImpl.invoke0(Native Method)
	at sun.reflect.NativeMethodAccessorImpl.invoke(NativeMethodAccessorImpl.java:39)
	at sun.reflect.DelegatingMethodAccessorImpl.invoke(DelegatingMethodAccessorImpl.java:25)
	at java.lang.reflect.Method.invoke(Method.java:585)
	at junit.framework.TestCase.runTest(TestCase.java:154)
	at junit.framework.TestCase.runBare(TestCase.java:127)
	at junit.framework.TestResult$1.protect(TestResult.java:106)
	at junit.framework.TestResult.runProtected(TestResult.java:124)
	at junit.framework.TestResult.run(TestResult.java:109)
	at junit.framework.TestCase.run(TestCase.java:118)
	at junit.framework.TestSuite.runTest(TestSuite.java:208)
	at junit.framework.TestSuite.run(TestSuite.java:203)
	at junit.framework.TestSuite.runTest(TestSuite.java:208)
	at junit.framework.TestSuite.run(TestSuite.java:203)
	at junit.framework.TestSuite.runTest(TestSuite.java:208)
	at junit.framework.TestSuite.run(TestSuite.java:203)
	at org.apache.tools.ant.taskdefs.optional.junit.JUnitTestRunner.run(JUnitTestRunner.java:297)
	at org.apache.tools.ant.taskdefs.optional.junit.JUnitTestRunner.launch(JUnitTestRunner.java:672)
	at org.apache.tools.ant.taskdefs.optional.junit.JUnitTestRunner.main(JUnitTestRunner.java:567)
[09-8-19 下午5:04: Exit method Start()]
[09-8-19 下午5:04: Enter method start()]
[09-8-19 下午5:04: Exit method Start()]
[09-8-19 下午5:04: Enter method stop()]
[09-8-19 下午5:04: Exit method stop()]
[09-8-19 下午5:04: Enter method start()]
[09-8-19 下午5:04: Exit method Start()]
[09-8-19 下午5:04: Enter method stop()]
[09-8-19 下午5:04: Exit method stop()]
[09-8-19 下午5:04: Enter method start()]
[09-8-19 下午5:04: Exit method Start()]
Executing SocketDocumentContentManager's getDocumentContent(String) 10 times takes 16ms
[09-8-19 下午5:04: Enter method stop()]
[09-8-19 下午5:04: Exit method stop()]
[09-8-19 下午5:04: Enter method start()]
[09-8-19 下午5:04: Exit method Start()]
Executing SocketDocumentContentManager's saveDocumentContent(String, byte[]) 10 times takes 0ms
[09-8-19 下午5:04: Enter method stop()]
[09-8-19 下午5:04: Exit method stop()]
[09-8-19 下午5:04: Enter method start()]
[09-8-19 下午5:04: Exit method Start()]
Executing SocketDocumentContentManager's existDocumentContent(String) 10 times takes 16ms
[09-8-19 下午5:04: Enter method stop()]
[09-8-19 下午5:04: Exit method stop()]
------------- ---------------- ---------------

Testcase: testGetUserContests took 10.719 sec
Testcase: testGetUserContests1 took 0.437 sec
Testcase: testGetUserContests_Failure1 took 0.141 sec
Testcase: testGetUserContests_Failure2 took 0.109 sec
Testcase: testGetUserContests_Failure3 took 0.11 sec
Testcase: testGetUserContests_NullUsername took 0.109 sec
Testcase: testGetUserContests_EmptyUsername took 0.109 sec
Testcase: testGetAllContests_Accuracy took 0.297 sec
Testcase: testGetAllContests_Failure1 took 0.11 sec
Testcase: testGetAllContests_Failure2 took 0.125 sec
Testcase: testGetAllContests_Failure3 took 0.109 sec
Testcase: testGetConfig took 0.187 sec
Testcase: testGetConfig_Failure1 took 0.11 sec
Testcase: testGetConfig_Failure2 took 0.109 sec
Testcase: testGetConfig_Failure3 took 0.156 sec
Testcase: testCreateStudioContestFileTypeIdFilter_Accuracy took 0 sec
Testcase: testCreateStudioFileTypeExtensionFilter_Accuracy took 0 sec
Testcase: testCreateStudioFileTypeExtensionFilter_Failure1 took 0 sec
Testcase: testCreateStudioFileTypeExtensionFilter_Failure2 took 0 sec
Testcase: testCreateStudioContestChannelIdFilter_Accuracy took 0 sec
Testcase: testCreateStudioContestChannelNameFilter_Accuracy took 0 sec
Testcase: testCreateStudioContestChannelNameFilter_Failure1 took 0 sec
Testcase: testCreateStudioContestChannelNameFilter_Failure2 took 0 sec
Testcase: testCreateStudioContestStatusIdFilter_Accuracy took 0 sec
Testcase: testCreateStudioContestStatusNameFilter_Accuracy took 0 sec
Testcase: testCreateStudioContestStatusNameFilter_Failure1 took 0 sec
Testcase: testCreateStudioContestStatusNameFilter_Failure2 took 0 sec
Testcase: testCreateStudioContestIdFilter_Accuracy took 0 sec
Testcase: testCreateStudioContestNameFilter_Accuracy took 0 sec
Testcase: testCreateStudioContestNameFilter_Failure1 took 0 sec
Testcase: testCreateStudioContestNameFilter_Failure2 took 0 sec
Testcase: testCreateStudioContestProjectIdFilter_Accuracy took 0 sec
Testcase: testCreateStudioContestDirectProjectIdFilter_Accuracy took 0 sec
Testcase: testCreateStudioContestForumIdFilter_Accuracy took 0 sec
Testcase: testCreateStudioContestEventIdFilter_Accuracy took 0 sec
Testcase: testCreateStudioContestStartDateFilter_Accuracy took 0 sec
Testcase: testCreateStudioContestStartDateFilter_Failure1 took 0 sec
Testcase: testCreateStudioContestEndDateFilter_Accuracy took 0 sec
Testcase: testCreateStudioContestEndDateFilter_Failure1 took 0 sec
Testcase: testCreateStudioContestWinnerAnnouncementDeadlineDateFilter_Accuracy took 0 sec
Testcase: testCreateStudioContestWinnerAnnouncementDeadlineDateFilter_Failure1 took 0 sec
Testcase: testCreateAndFilter_Accuracy took 0 sec
Testcase: testCreateAndFilter_Failure1 took 0 sec
Testcase: testCreateAndFilter_Failure2 took 0 sec
Testcase: testCreateAndFilterWithArray_Accuracy took 0 sec
Testcase: testCreateAndFilterWithArray_Failure1 took 0 sec
Testcase: testCreateAndFilterWithArray_Failure2 took 0 sec
Testcase: testCreateAndFilterWithArray_Failure3 took 0 sec
Testcase: testCreateOrFilter_Accuracy took 0 sec
Testcase: testCreateOrFilter_Failure1 took 0 sec
Testcase: testCreateOrFilter_Failure2 took 0 sec
Testcase: testCreateOrFilterWithArray_Accuracy took 0 sec
Testcase: testCreateOrFilterWithArray_Failure1 took 0 sec
Testcase: testCreateNotFilter_Accuracy took 0.016 sec
Testcase: testCreateNotFilter_Failure1 took 0 sec
Testcase: testPrivateCtor took 0 sec
Testcase: testPrivateCtor took 0.031 sec
Testcase: testConvert_Accuracy1 took 0 sec
Testcase: testConvert_Accuracy2 took 0 sec
Testcase: testConvert_Failure1 took 0 sec
Testcase: testConvert_Failure2 took 0.016 sec
Testcase: testConvert_Failure3 took 0 sec
Testcase: testCheckPort_Accuracy took 0 sec
Testcase: testCheckPort_Failure1 took 0 sec
Testcase: testCheckNull_Accuracy took 0 sec
Testcase: testCheckNull_Failure1 took 0 sec
Testcase: testCheckEmpty_Accuracy took 0 sec
Testcase: testCheckEmpty_Failure1 took 0 sec
Testcase: testCheckString_Accuracy took 0.015 sec
Testcase: testCheckString_Failure1 took 0 sec
Testcase: testCheckString_Failure2 took 0 sec
Testcase: testCtorStr took 0 sec
Testcase: testCtorStr_Null took 0 sec
Testcase: testCtorStrExp took 0 sec
Testcase: testCtorStrExp_Null took 0 sec
Testcase: testCtorStrThrowable took 0 sec
Testcase: testCtorStrThrowable_Null took 0 sec
Testcase: testCtorStrThrowableExp took 0 sec
Testcase: testCtorStrThrowableExp_Null took 0 sec
Testcase: testCtorStr took 0 sec
Testcase: testCtorStr_Null took 0 sec
Testcase: testCtorStrExp took 0 sec
Testcase: testCtorStrExp_Null took 0 sec
Testcase: testCtorStrThrowable took 0 sec
Testcase: testCtorStrThrowable_Null took 0 sec
Testcase: testCtorStrThrowableExp took 0 sec
Testcase: testCtorStrThrowableExp_Null took 0 sec
Testcase: testCtorStr took 0 sec
Testcase: testCtorStr_Null took 0 sec
Testcase: testCtorStrExp took 0 sec
Testcase: testCtorStrExp_Null took 0 sec
Testcase: testCtorStrThrowable took 0 sec
Testcase: testCtorStrThrowable_Null took 0 sec
Testcase: testCtorStrThrowableExp took 0 sec
Testcase: testCtorStrThrowableExp_Null took 0 sec
Testcase: testCtorStr took 0 sec
Testcase: testCtorStr_Null took 0 sec
Testcase: testCtorStrExp took 0 sec
Testcase: testCtorStrExp_Null took 0 sec
Testcase: testCtorStrThrowable took 0 sec
Testcase: testCtorStrThrowable_Null took 0 sec
Testcase: testCtorStrThrowableExp took 0 sec
Testcase: testCtorStrThrowableExp_Null took 0 sec
Testcase: testCtorStr took 0 sec
Testcase: testCtorStr_Null took 0 sec
Testcase: testCtorStrExp took 0 sec
Testcase: testCtorStrExp_Null took 0 sec
Testcase: testCtorStrThrowable took 0 sec
Testcase: testCtorStrThrowable_Null took 0 sec
Testcase: testCtorStrThrowableExp took 0 sec
Testcase: testCtorStrThrowableExp_Null took 0 sec
Testcase: testCtorStr took 0 sec
Testcase: testCtorStr_Null took 0 sec
Testcase: testCtorStrExp took 0 sec
Testcase: testCtorStrExp_Null took 0 sec
Testcase: testCtorStrThrowable took 0 sec
Testcase: testCtorStrThrowable_Null took 0 sec
Testcase: testCtorStrThrowableExp took 0 sec
Testcase: testCtorStrThrowableExp_Null took 0 sec
Testcase: testCtor took 0 sec
Testcase: testInitialize took 0.016 sec
Testcase: testInitialize_Failure1 took 0 sec
Testcase: testInitialize_Failure2 took 0 sec
Testcase: testInitialize_Failure3 took 0 sec
Testcase: testInitialize_Failure4 took 0 sec
Testcase: testInitialize_Failure5 took 0 sec
Testcase: testInitialize_Failure6 took 0 sec
Testcase: testInitialize_Failure7 took 0 sec
Testcase: testInitialize_Failure8 took 0 sec
Testcase: testInitialize_Failure9 took 0 sec
Testcase: testInitialize_Failure10 took 0 sec
Testcase: testCreateContest took 0 sec
Testcase: testCreateContest_Failure1 took 0 sec
Testcase: testCreateContest_Failure2 took 0 sec
Testcase: testCreateContest_Failure3 took 0 sec
Testcase: testCreateContest_Failure4 took 0 sec
Testcase: testCreateContest_Failure5 took 0 sec
Testcase: testGetContest took 0.016 sec
Testcase: testGetContest1 took 0 sec
Testcase: testGetContest_Failure1 took 0 sec
Testcase: testGetContest_Failure2 took 0 sec
Testcase: testGetContestsForProject_Failure1 took 0 sec
Testcase: testGetClientForContest took 0.094 sec
Testcase: testGetClientForContest_Failure1 took 0 sec
Testcase: testGetClientForContest_Failure2 took 0 sec
Testcase: testGetClientForContest_Failure3 took 0.015 sec
Testcase: testGetClientForContest_Failure4 took 0 sec
Testcase: testGetClientForProject took 0 sec
Testcase: testGetClientForProject_Failure1 took 0.016 sec
Testcase: testGetClientForProject_Failure2 took 0 sec
Testcase: testGetClientForProject_Failure3 took 0 sec
Testcase: testAddContestStatus took 0.094 sec
Testcase: testAddContestStatus_Failure1 took 0 sec
Testcase: testAddContestStatus_Failure2 took 0.015 sec
Testcase: testAddContestStatus_Failure3 took 0 sec
Testcase: testAddContestStatus_Failure4 took 0 sec
Testcase: testUpdateContestStatus took 0 sec
Testcase: testUpdateContestStatus_Failure1 took 0 sec
Testcase: testUpdateContestStatus_Failure2 took 0 sec
Testcase: testUpdateContestStatus_Failure3 took 0 sec
Testcase: testUpdateContestStatus_Failure4 took 0 sec
Testcase: testRemoveContestStatus took 0.016 sec
Testcase: testRemoveContestStatus1 took 0 sec
Testcase: testRemoveContestStatus_Failure1 took 0 sec
Testcase: testRemoveContestStatus_Failure2 took 0 sec
Testcase: testRemoveContestStatus_Failure3 took 0 sec
Testcase: testGetContestStatus took 0.016 sec
Testcase: testGetContestStatus_Failure1 took 0 sec
Testcase: testGetContestStatus_Failure2 took 0 sec
Testcase: testAddDocument took 0.031 sec
Testcase: testAddDocument_Failure1 took 0 sec
Testcase: testAddDocument_Failure3 took 0 sec
Testcase: testAddDocument_Failure4 took 0 sec
Testcase: testAddDocument_Failure5 took 0 sec
Testcase: testUpdateDocument took 0.016 sec
Testcase: testUpdateDocument_Failure1 took 0 sec
Testcase: testUpdateDocument_Failure2 took 0.015 sec
Testcase: testUpdateDocument_Failure3 took 0 sec
Testcase: testUpdateDocument_Failure4 took 0.016 sec
Testcase: testGetDocument took 0 sec
Testcase: testGetDocument_Failure1 took 0 sec
Testcase: testGetDocument_Failure2 took 0 sec
Testcase: testRemoveDocument took 0 sec
Testcase: testRemoveDocument1 took 0.015 sec
Testcase: testRemoveDocument_Failure1 took 0 sec
Testcase: testRemoveDocument_Failure2 took 0 sec
Testcase: testRemoveDocument_Failure3 took 0 sec
Testcase: testAddDocumentToContest_Failure1 took 0 sec
Testcase: testAddDocumentToContest_Failure2 took 0.032 sec
Testcase: testAddDocumentToContest_Failure3 took 0 sec
Testcase: testAddDocumentToContest_Failure4 took 0 sec
Testcase: testAddDocumentToContest_Failure5 took 0 sec
Testcase: testRemoveDocumentFromContest1 took 0 sec
Testcase: testRemoveDocumentFromContest_Failure1 took 0.015 sec
Testcase: testRemoveDocumentFromContest_Failure2 took 0.016 sec
Testcase: testremoveDocumentFromContest_Failure3 took 0 sec
Testcase: testremoveDocumentFromContest_Failure4 took 0 sec
Testcase: testremoveDocumentFromContest_Failure5 took 0 sec
Testcase: testUpdateContestStatus_Failure1 took 0 sec
Testcase: testSaveDocumentContent_Failure2 took 0.016 sec
Testcase: testSaveDocumentContent_Failure3 took 0 sec
Testcase: testSaveDocumentContent_Failure4 took 0.015 sec
Testcase: testSaveDocumentContent_Failure5 took 0 sec
Testcase: testSaveDocumentContent_Failure6 took 0.016 sec
Testcase: testGetAllContestStatuses_Failure1 took 0 sec
Testcase: testGetAllContestStatuses_Failure2 took 0 sec
Testcase: testGetAllContestStatuses_Failure3 took 0 sec
Testcase: testGetAllContestChannels_Failure1 took 0 sec
Testcase: testGetAllContestChannels_Failure3 took 0 sec
Testcase: testGetAllStudioFileTypes_Failure1 took 0 sec
Testcase: testGetAllStudioFileTypes_Failure3 took 0 sec
Testcase: testAddContestTypeConfig_Failure1 took 0 sec
Testcase: testAddContestTypeConfig_Failure2 took 0 sec
Testcase: testAddContestTypeConfig_Failure3 took 0 sec
Testcase: testUpdateContestTypeConfig_Failure1 took 0 sec
Testcase: testUpdateContestTypeConfig_Failure2 took 0 sec
Testcase: testUpdateContestTypeConfig_Failure3 took 0 sec
Testcase: testAddPrizeToContest_Failure2 took 0.015 sec
Testcase: testAddPrizeToContest_Failure3 took 0 sec
Testcase: testAddPrizeToContest_Failure4 took 0.016 sec
Testcase: testAddPrizeToContest_Failure5 took 0 sec
Testcase: testRemovePrizeFromContest_Failure2 took 0.016 sec
Testcase: testRemovePrizeFromContest_Failure3 took 0 sec
Testcase: testRemovePrizeFromContest_Failure4 took 0.015 sec
Testcase: testRemovePrizeFromContest_Failure5 took 0 sec
Testcase: testGetDocumentContent took 0.703 sec
Testcase: testGetDocumentContent_Failure took 0.016 sec
Testcase: testSearchContests_Failure1 took 0 sec
Testcase: testCtorStr took 0 sec
Testcase: testCtorStr_Null took 0 sec
Testcase: testCtorStrExp took 0 sec
Testcase: testCtorStrExp_Null took 0 sec
Testcase: testCtorStrThrowable took 0 sec
Testcase: testCtorStrThrowable_Null took 0 sec
Testcase: testCtorStrThrowableExp took 0 sec
Testcase: testCtorStrThrowableExp_Null took 0 sec
Testcase: testCtorMap took 0 sec
Testcase: testCtorMap_Failure1 took 0 sec
Testcase: testCtorMap_Failure2 took 0 sec
Testcase: testCtorMap_Failure3 took 0 sec
Testcase: testCtorMap_Failure4 took 0 sec
Testcase: testCtorMap_Failure5 took 0 sec
Testcase: testCtorMap_Failure6 took 0 sec
Testcase: testCtorMap_Failure7 took 0 sec
Testcase: testCtorMap_Failure8 took 0 sec
Testcase: testCtorMap_Failure9 took 0 sec
Testcase: testCtorMap_Failure10 took 0 sec
Testcase: testCtorString took 0 sec
Testcase: testSaveDocumentContent took 0 sec
Testcase: testSaveDocumentContent_Failure took 0 sec
Testcase: testSaveDocumentContest_Failure2 took 0 sec
Testcase: testSaveDocumentContest_Failure3 took 0 sec
Testcase: testGetDocumentContent1 took 0 sec
Testcase: testGetDocumentContent2 took 0 sec
Testcase: testGetDocumentContent3 took 0 sec
Testcase: testExistDocumentContent1 took 0 sec
Testcase: testExistDocumentContent2 took 0 sec
Testcase: testMoveDocumentToContestFolder took 0.016 sec
Testcase: testCtorMap took 0 sec
Testcase: testCtorMap_Failure1 took 0 sec
Testcase: testCtorMap_Failure2 took 0 sec
Testcase: testCtorMap_Failure3 took 0 sec
Testcase: testCtorMap_Failure4 took 0 sec
Testcase: testCtorMap_Failure5 took 0 sec
Testcase: testCtorMap_Failure6 took 0 sec
Testcase: testCtorMap_Failure7 took 0 sec
Testcase: testCtorMap_Failure8 took 0 sec
Testcase: testCtorMap_Failure9 took 0 sec
Testcase: testCtorMap_Failure10 took 0 sec
Testcase: testSaveDocumentContent took 0.5 sec
Testcase: testSaveDocumentContent_Failure took 0.515 sec
Testcase: testSaveDocumentContest_Failure2 took 0 sec
Testcase: testSaveDocumentContest_Failure3 took 0 sec
Testcase: testGetDocumentContent1 took 0.516 sec
Testcase: testGetDocumentContent2 took 0.5 sec
Testcase: testGetDocumentContent3 took 0.516 sec
Testcase: testExistDocumentContent1 took 0.5 sec
Testcase: testExistDocumentContent2 took 0.5 sec
Testcase: testCtorStringInt took 0 sec
Testcase: testCtorStringInt_Failure1 took 0 sec
Testcase: testCtorStringInt_Failure2 took 0 sec
Testcase: testCtorStringInt_Failure3 took 0.015 sec
Testcase: testCtorStringInt_Failure4 took 0 sec
Testcase: testSaveDocumentContest_Failure1 took 0 sec
Testcase: testSaveDocumentContest_Failure4 took 0.516 sec
Testcase: testSaveDocumentContest_Failure5 took 0.515 sec
Testcase: testSaveDocumentContest_Failure6 took 0.5 sec
Testcase: testSaveDocumentContest_Failure7 took 0.516 sec
Testcase: testGetDocumentContest_Failure1 took 0.5 sec
Testcase: testGetDocumentContest_Failure2 took 0.5 sec
Testcase: testGetDocumentContest_Failure3 took 0.516 sec
Testcase: testGetDocumentContest_Failure4 took 0.562 sec
Testcase: testGetDocumentContest_Failure5 took 0.516 sec
Testcase: testGetDocumentContest_Failure6 took 0.5 sec
Testcase: testExistDocumentContest_Failure1 took 0.515 sec
Testcase: testExistDocumentContest_Failure2 took 0.5 sec
Testcase: testExistDocumentContest_Failure3 took 0.516 sec
Testcase: testCtor1 took 0 sec
Testcase: testCtor1_Failure took 0 sec
Testcase: testCtor2 took 0 sec
Testcase: testCtor2_Failure1 took 0 sec
Testcase: testCtor2_Failure2 took 0 sec
Testcase: testCtor3 took 0 sec
Testcase: testCtor3_Failure1 took 0 sec
Testcase: testCtor3_Failure2 took 0 sec
Testcase: testCtor4 took 0 sec
Testcase: testCtor4_Failure1 took 0.016 sec
Testcase: testCtor4_Failure2 took 0 sec
Testcase: testCtor4_Failure3 took 0 sec
Testcase: testCtor5 took 0 sec
Testcase: testCtor5_Failure took 0 sec
Testcase: testCtor6 took 0 sec
Testcase: testCtor6_Failure1 took 0 sec
Testcase: testCtor6_Failure2 took 0 sec
Testcase: testStart took 0.015 sec
Testcase: testStart_Failure1 took 0.016 sec
Testcase: testStop took 0 sec
Testcase: testIsRunning took 0.016 sec
Testcase: testGetLastException took 1.5 sec
Testcase: testWorkerThread_Failure1 took 0.515 sec
Testcase: testWorkerThread_Failure2 took 0.516 sec
Testcase: testWorkerThread_Failure3 took 0.5 sec
Testcase: testWorkerThread_SaveDocumentContent took 0.515 sec
Testcase: testWorkerThread_SaveDocumentContent_Failure1 took 0.516 sec
Testcase: testWorkerThread_SaveDocumentContent_Failure2 took 0.5 sec
Testcase: testWorkerThread_GetDocumentContent took 0.516 sec
Testcase: testWorkerThread_GetDocumentContent_UnExist took 0.515 sec
Testcase: test_Initialize_Failure1_miss_unitName took 0.125 sec
Testcase: test_Initialize_Failure2_unitName_notString took 0.078 sec
Testcase: test_Initialize_Failure3_empty_unitName took 0.094 sec
Testcase: test_Initialize_Failure4_miss_activeContestStatusId took 0.078 sec
Testcase: test_Initialize_Failure5_activeContestStatusId_notLong took 0.078 sec
Testcase: test_Initialize_Failure6_miss_defaultDocumentPathId took 0.079 sec
Testcase: test_Initialize_Failure7_defaultDocumentPathId_notLong took 0.046 sec
Testcase: test_Initialize_Failure8_loggerName_empty took 0.063 sec
Testcase: test_Initialize_Failure9_miss_documentManagerClassName took 0.047 sec
Testcase: test_Initialize_Failure10_documentContentManagerClassName_type_wrong took 0.062 sec
Testcase: test_Initialize_Failure11_documentContentManagerClassName_ctor_wrong took 0.047 sec
Testcase: test_Initialize_Failure12_SocketDocumentContentManager_attr_miss took 0.063 sec
Testcase: test_CreateContest_Failure1_null took 0.047 sec
Testcase: test_CreateContest_Failure2_EntityAlreadyExistsException took 0.156 sec
Testcase: test_CreateContest_Failure3_EntityManagerClosed took 0.062 sec
Testcase: test_CreateContest_Failure4_PersistenceException took 0.063 sec
Testcase: test_CreateContest_Failure5_TransactionException took 0.078 sec
Testcase: test_GetContest_Failure1_EntityManagerClosed took 0.141 sec
Testcase: test_GetContest_Failure2_PersistenceException took 0.062 sec
Testcase: test_GetContestsForProject_Failure1_EMClosed took 0.078 sec
Testcase: test_GetContestsForProject_Failure2_PersistenceException took 0.047 sec
Testcase: test_updateContest_Failure1 took 0.063 sec
Testcase: test_updateContest_Failure2 took 0.093 sec
Testcase: test_updateContest_Failure3 took 0.094 sec
Testcase: test_updateContest_Failure4 took 0.094 sec
Testcase: test_GetClientForContest_Failure1 took 0.047 sec
Testcase: test_GetClientForContest_Failure2 took 0.062 sec
Testcase: test_GetClientForContest_Failure3 took 0.063 sec
Testcase: test_GetClientForContest_Failure4 took 0.093 sec
Testcase: test_GetClientForProject_Failure1 took 0.047 sec
Testcase: test_GetClientForProject_Failure2 took 0.063 sec
Testcase: test_GetClientForProject_Failure3 took 0.047 sec
Testcase: test_AddContestStatus_Failure1 took 0.156 sec
Testcase: test_AddContestStatus_Failure2 took 0.047 sec
Testcase: test_AddContestStatus_Failure3 took 0.062 sec
Testcase: test_AddContestStatus_Failure4 took 0.063 sec
Testcase: test_UpdateContestStatus_Failure1 took 0.047 sec
Testcase: test_UpdateContestStatus_Failure2 took 0.062 sec
Testcase: test_UpdateContestStatus_Failure3 took 0.063 sec
Testcase: test_UpdateContestStatus_Failure4 took 0.047 sec
Testcase: test_RemoveContestStatus_Failure1 took 0.062 sec
Testcase: test_RemoveContestStatus_Failure2 took 0.047 sec
Testcase: test_RemoveContestStatus_Failure3 took 0.047 sec
Testcase: test_GetContestStatus_Failure1 took 0.062 sec
Testcase: test_GetContestStatus_Failure2 took 0.047 sec
Testcase: test_AddDocument_Failure1 took 0.11 sec
Testcase: test_AddDocument_Failure2 took 0.078 sec
Testcase: test_AddDocument_Failure3 took 0.062 sec
Testcase: test_AddDocument_Failure4 took 0.063 sec
Testcase: test_UpdateDocument_Failure1 took 0.062 sec
Testcase: test_UpdateDocument_Failure2 took 0.078 sec
Testcase: test_UpdateDocument_Failure3 took 0.063 sec
Testcase: test_UpdateDocument_Failure4 took 0.078 sec
Testcase: test_GetDocument_Failure1 took 0.062 sec
Testcase: test_GetDocument_Failure2 took 0.047 sec
Testcase: test_RemoveDocument_Failure1 took 0.047 sec
Testcase: test_RemoveDocument_Failure2 took 0.063 sec
Testcase: test_RemoveDocument_Failure3 took 0.047 sec
Testcase: test_AddDocumentToContest_Failure1 took 0.093 sec
Testcase: test_AddDocumentToContest_Failure2 took 0.157 sec
Testcase: test_AddDocumentToContest_Failure3 took 0.062 sec
Testcase: test_AddDocumentToContest_Failure4 took 0.047 sec
Testcase: test_AddDocumentToContest_Failure5 took 0.062 sec
Testcase: test_RemoveDocumentFromContest_Failure1 took 0.079 sec
Testcase: test_RemoveDocumentFromContest_Failure2 took 0.078 sec
Testcase: test_removeDocumentFromContest_Failure3 took 0.109 sec
Testcase: test_removeDocumentFromContest_Failure4 took 0.047 sec
Testcase: test_removeDocumentFromContest_Failure5 took 0.062 sec
Testcase: test_AddContestChannel_Failure1 took 0.063 sec
Testcase: test_AddContestChannel_Failure3 took 0.047 sec
Testcase: test_AddContestChannel_Failure4 took 0.062 sec
Testcase: test_AddContestChannel_Failure5 took 0.047 sec
Testcase: test_UpdateContestChannel_Failure1 took 0.11 sec
Testcase: test_UpdateContestChannel_Failure2 took 0.171 sec
Testcase: test_UpdateContestChannel_Failure3 took 0.063 sec
Testcase: test_UpdateContestChannel_Failure4 took 0.062 sec
Testcase: test_GetContestChannel_Failure1 took 0.094 sec
Testcase: test_GetContestChannel_Failure2 took 0.078 sec
Testcase: test_RemoveContestChannel_Failure1 took 0.047 sec
Testcase: test_RemoveContestChannel_Failure2 took 0.063 sec
Testcase: test_RemoveContestChannel_Failure3 took 0.078 sec
Testcase: test_SaveDocumentContent_Failure1 took 1.078 sec
Testcase: test_SaveDocumentContent_Failure2 took 0.094 sec
Testcase: test_SaveDocumentContent_Failure3 took 0.093 sec
Testcase: test_SaveDocumentContent_Failure4 took 0.079 sec
Testcase: test_SaveDocumentContent_Failure5 took 0.078 sec
Testcase: test_SaveDocumentContent_Failure6 took 1.14 sec
Testcase: test_GetAllContestStatuses_Failure1 took 0.094 sec
Testcase: test_GetAllContestStatuses_Failure2 took 0.078 sec
Testcase: test_GetAllContestStatuses_Failure3 took 0.063 sec
Testcase: test_GetAllContestChannels_Failure1 took 0.047 sec
Testcase: test_GetAllContestChannels_Failure2 took 0.062 sec
Testcase: test_GetAllStudioFileTypes_Failure1 took 0.047 sec
Testcase: test_GetAllStudioFileTypes_Failure2 took 0.062 sec
Testcase: test_AddPrizeToContest_Failure1 took 0.079 sec
Testcase: test_AddPrizeToContest_Failure2 took 0.078 sec
Testcase: test_AddPrizeToContest_Failure3 took 0.109 sec
Testcase: test_AddPrizeToContest_Failure4 took 0.094 sec
Testcase: test_AddPrizeToContest_Failure5 took 0.094 sec
Testcase: test_RemovePrizeFromContest_Failure1 took 0.171 sec
Testcase: test_RemovePrizeFromContest_Failure2 took 0.079 sec
Testcase: test_RemovePrizeFromContest_Failure3 took 0.093 sec
Testcase: test_RemovePrizeFromContest_Failure4 took 0.094 sec
Testcase: test_RemovePrizeFromContest_Failure5 took 0.109 sec
Testcase: test_GetContestPrizes_Failure took 0.047 sec
Testcase: test_GetDocumentContent_Failure1 took 0.063 sec
Testcase: test_ExistDocumentContent_Failure took 0.062 sec
Testcase: testGetAllContestsWithTRE took 0 sec
Testcase: testGetAllContestsWithPE took 0 sec
Testcase: testSearchContestsWithFilterNull took 0 sec
Testcase: testSearchContestsWithEntityManagerClosed took 0 sec
Testcase: testGetUserContests_Failure1 took 0 sec
Testcase: testGetUserContests_Failure2 took 0 sec
Testcase: testGetUserContests_Failure3 took 0 sec
Testcase: testCreateStudioFileTypeExtensionFilterWithNull took 0 sec
Testcase: testCreateStudioFileTypeExtensionFilterWithEmpty took 0 sec
Testcase: testCreateStudioContestChannelNameFilterWithNull took 0 sec
Testcase: testCreateStudioContestChannelNameFilterWithEmpty took 0 sec
Testcase: testCreateStudioContestStatusNameFilterWithNull took 0 sec
Testcase: testCreateStudioContestStatusNameFilterWithEmpty took 0 sec
Testcase: testCreateStudioContestNameFilterWithNull took 0 sec
Testcase: testCreateStudioContestNameFilterWithEmpty took 0 sec
Testcase: testCreateStudioContestStartDateFilterWithNull took 0 sec
Testcase: testCreateStudioContestEndDateFilterWithNull took 0 sec
Testcase: testCreateStudioContestWinnerAnnouncementDeadlineDateFilterWithNull took 0 sec
Testcase: testCreateAndFilter1WithFirstFilterNull took 0 sec
Testcase: testCreateAndFilter1WithSecondFilterNull took 0 sec
Testcase: testCreateAndFilter2WithFiltersNull took 0 sec
Testcase: testCreateAndFilter2WithFiltersEmpty took 0 sec
Testcase: testCreateAndFilter2WithFiltersContainsNull took 0 sec
Testcase: testCreateOrFilter1WithFirstFilterNull took 0 sec
Testcase: testCreateOrFilter1WithSecondFilterNull took 0 sec
Testcase: testCreateOrFilter2WithFiltersNull took 0 sec
Testcase: testCreateOrFilter2WithFiltersEmpty took 0 sec
Testcase: testCreateOrFilter2WithFiltersContainsNull took 0 sec
Testcase: testCreateNotFilter2WithFilterNull took 0 sec
Testcase: testConvertWithFilterNull took 0 sec
Testcase: testConvertWithFitlerUnknown took 0.032 sec
Testcase: testConvertWithFitlerUnsupported took 0 sec
Testcase: test_CtorMap_Failure1 took 0 sec
Testcase: test_CtorMap_Failure2 took 0 sec
Testcase: test_CtorMap_Failure3 took 0 sec
Testcase: test_CtorMap_Failure4 took 0 sec
Testcase: test_CtorMap_Failure5 took 0 sec
Testcase: test_CtorMap_Failure6 took 0 sec
Testcase: test_CtorMap_Failure7 took 0 sec
Testcase: test_CtorMap_Failure8 took 0 sec
Testcase: test_CtorMap_Failure9 took 0 sec
Testcase: test_CtorMap_Failure10 took 0 sec
Testcase: test_CtorStringInt_Failure1 took 0 sec
Testcase: test_CtorStringInt_Failure2 took 0 sec
Testcase: test_CtorStringInt_Failure3 took 0 sec
Testcase: test_CtorStringInt_Failure4 took 0 sec
Testcase: test_SaveDocumentContest_Failure1 took 0 sec
Testcase: test_SaveDocumentContest_Failure2 took 0 sec
Testcase: test_SaveDocumentContest_Failure3 took 0 sec
Testcase: test_GetDocumentContest_Failure_null took 0 sec
Testcase: test_GetDocumentContest_Failure_empty took 0 sec
Testcase: test_ExistDocumentContest_null took 0 sec
Testcase: test_ExistDocumentContest_empty took 0 sec
Testcase: test_Ctor1_Failure took 0 sec
Testcase: test_Ctor2_Failure1 took 0 sec
Testcase: test_Ctor2_Failure2 took 0 sec
Testcase: test_Ctor3_Failure1 took 0 sec
Testcase: test_Ctor3_Failure2 took 0 sec
Testcase: test_Ctor4_Failure1 took 0 sec
Testcase: test_Ctor4_Failure2 took 0 sec
Testcase: test_Ctor4_Failure3 took 0 sec
Testcase: test_Ctor5_Failure took 0 sec
Testcase: test_Ctor6_Failure1 took 0 sec
Testcase: test_Ctor6_Failure2 took 0 sec
Testcase: test_Start_Failure1 took 1.031 sec
Testcase: testCreateContest took 0.25 sec
Testcase: testAddContestStatus took 0.125 sec
Testcase: testAddDocument took 0.297 sec
Testcase: testUpdateDocument took 0.141 sec
Testcase: testGetDocumentContent took 0.656 sec
Testcase: testSaveDocumentContent took 0.719 sec
Testcase: testContestManagerBean took 0.172 sec
Testcase: testGetContest_1 took 0.156 sec
Testcase: testGetContest_2 took 0.172 sec
Testcase: testGetContestsForProject_1 took 0.156 sec
Testcase: testGetContestsForProject_2 took 0.203 sec
Testcase: testUpdateContest_1 took 0.157 sec
Testcase: testUpdateContest_2 took 0.187 sec
Testcase: testUpdateContest_3 took 0.172 sec
Testcase: testUpdateContest_4 took 0.156 sec
Testcase: testUpdateContestStatusContestStatus took 0.125 sec
Testcase: testRemoveContestStatus_1 took 0.203 sec
Testcase: testRemoveContestStatus_2 took 0.11 sec
Testcase: testGetContestStatus_1 took 0.109 sec
Testcase: testGetContestStatus_2 took 0.125 sec
Testcase: testGetDocument_1 took 0.109 sec
Testcase: testGetDocument_2 took 0.125 sec
Testcase: testRemoveDocument_1 took 0.125 sec
Testcase: testRemoveDocument_2 took 0.172 sec
Testcase: testRemoveDocumentFromContest took 0.203 sec
Testcase: testAddContestChannel took 0.11 sec
Testcase: testUpdateContestChannel took 0.125 sec
Testcase: testRemoveContestChannel_1 took 0.109 sec
Testcase: testRemoveContestChannel_2 took 0.219 sec
Testcase: testGetContestChannel_1 took 0.156 sec
Testcase: testGetContestChannel_2 took 0.125 sec
Testcase: testAddConfig took 0.125 sec
Testcase: testExistDocumentContent took 0.656 sec
Testcase: testGetAllContestStatuses_1 took 0.157 sec
Testcase: testGetAllContestStatuses_2 took 0.14 sec
Testcase: testGetAllContestChannels took 0.125 sec
Testcase: testGetAllStudioFileTypes took 0.11 sec
Testcase: testAddContestTypeConfig took 0.218 sec
Testcase: testRemovePrizeFromContest took 0.172 sec
Testcase: testGetContestPrizes took 0.25 sec
Testcase: testGetUserContests took 0.188 sec
Testcase: testGetUserContests1 took 0.187 sec
Testcase: testGetConfig took 0.282 sec
Testcase: testGetUserContests2 took 0.187 sec
Testcase: testGetDocumentContent took 1.016 sec
Testcase: testSaveDocumentContent took 1.015 sec
Testcase: testExistDocumentContent took 1.016 sec
