Entering method [RemoveMemberPhotoAction.execute].
[Input parameters[{removalReason}:{I just want to remove it}]]
Exiting method [RemoveMemberPhotoAction.execute].
Output parameter: success
Entering method [RemoveMemberPhotoAction.execute].
[Input parameters[{removalReason}:{I just want to remove it}]]
Error in method [RemoveMemberPhotoAction.execute], details: The BasicAuthentication should be injected for key 'authenticationkey'.
com.topcoder.web.reg.actions.photo.MemberPhotoRemovalException: The BasicAuthentication should be injected for key 'authenticationkey'.
	at com.topcoder.web.reg.actions.photo.RemoveMemberPhotoAction.getActiveUserId(RemoveMemberPhotoAction.java:286)
	at com.topcoder.web.reg.actions.photo.RemoveMemberPhotoAction.execute(RemoveMemberPhotoAction.java:157)
	at com.topcoder.web.reg.actions.photo.RemoveMemberPhotoActionTest.test_execute2(RemoveMemberPhotoActionTest.java:139)
	at sun.reflect.NativeMethodAccessorImpl.invoke0(Native Method)
	at sun.reflect.NativeMethodAccessorImpl.invoke(NativeMethodAccessorImpl.java:39)
	at sun.reflect.DelegatingMethodAccessorImpl.invoke(DelegatingMethodAccessorImpl.java:25)
	at java.lang.reflect.Method.invoke(Method.java:597)
	at junit.framework.TestCase.runTest(TestCase.java:164)
	at junit.framework.TestCase.runBare(TestCase.java:130)
	at junit.framework.TestResult$1.protect(TestResult.java:106)
	at junit.framework.TestResult.runProtected(TestResult.java:124)
	at junit.framework.TestResult.run(TestResult.java:109)
	at junit.framework.TestCase.run(TestCase.java:120)
	at junit.framework.TestSuite.runTest(TestSuite.java:230)
	at junit.framework.TestSuite.run(TestSuite.java:225)
	at junit.framework.TestSuite.runTest(TestSuite.java:230)
	at junit.framework.TestSuite.run(TestSuite.java:225)
	at junit.framework.TestSuite.runTest(TestSuite.java:230)
	at junit.framework.TestSuite.run(TestSuite.java:225)
	at org.apache.tools.ant.taskdefs.optional.junit.JUnitTestRunner.run(JUnitTestRunner.java:420)
	at org.apache.tools.ant.taskdefs.optional.junit.JUnitTestRunner.launch(JUnitTestRunner.java:911)
	at org.apache.tools.ant.taskdefs.optional.junit.JUnitTestRunner.main(JUnitTestRunner.java:768)

Entering method [RemoveMemberPhotoAction.execute].
[Input parameters[{removalReason}:{I just want to remove it}]]
Error in method [RemoveMemberPhotoAction.execute], details: AddressException occurs when removing the photo
com.topcoder.web.reg.actions.photo.MemberPhotoRemovalException: AddressException occurs when removing the photo
	at com.topcoder.web.reg.actions.photo.RemoveMemberPhotoAction.sendNotification(RemoveMemberPhotoAction.java:243)
	at com.topcoder.web.reg.actions.photo.RemoveMemberPhotoAction.execute(RemoveMemberPhotoAction.java:189)
	at com.topcoder.web.reg.actions.photo.RemoveMemberPhotoActionTest.test_execute3(RemoveMemberPhotoActionTest.java:166)
	at sun.reflect.NativeMethodAccessorImpl.invoke0(Native Method)
	at sun.reflect.NativeMethodAccessorImpl.invoke(NativeMethodAccessorImpl.java:39)
	at sun.reflect.DelegatingMethodAccessorImpl.invoke(DelegatingMethodAccessorImpl.java:25)
	at java.lang.reflect.Method.invoke(Method.java:597)
	at junit.framework.TestCase.runTest(TestCase.java:164)
	at junit.framework.TestCase.runBare(TestCase.java:130)
	at junit.framework.TestResult$1.protect(TestResult.java:106)
	at junit.framework.TestResult.runProtected(TestResult.java:124)
	at junit.framework.TestResult.run(TestResult.java:109)
	at junit.framework.TestCase.run(TestCase.java:120)
	at junit.framework.TestSuite.runTest(TestSuite.java:230)
	at junit.framework.TestSuite.run(TestSuite.java:225)
	at junit.framework.TestSuite.runTest(TestSuite.java:230)
	at junit.framework.TestSuite.run(TestSuite.java:225)
	at junit.framework.TestSuite.runTest(TestSuite.java:230)
	at junit.framework.TestSuite.run(TestSuite.java:225)
	at org.apache.tools.ant.taskdefs.optional.junit.JUnitTestRunner.run(JUnitTestRunner.java:420)
	at org.apache.tools.ant.taskdefs.optional.junit.JUnitTestRunner.launch(JUnitTestRunner.java:911)
	at org.apache.tools.ant.taskdefs.optional.junit.JUnitTestRunner.main(JUnitTestRunner.java:768)
Caused by: com.topcoder.message.email.AddressException: Invalid Address
	at com.topcoder.message.email.TCSEmailMessage.setFromAddress(TCSEmailMessage.java:449)
	at com.topcoder.web.reg.actions.photo.RemoveMemberPhotoAction.sendNotification(RemoveMemberPhotoAction.java:236)
	... 21 more
Caused by: javax.mail.internet.AddressException: Illegal character in local name in string ``:?+/\''
	at javax.mail.internet.InternetAddress.checkAddress(InternetAddress.java:929)
	at javax.mail.internet.InternetAddress.parse(InternetAddress.java:819)
	at javax.mail.internet.InternetAddress.parse(InternetAddress.java:555)
	at javax.mail.internet.InternetAddress.<init>(InternetAddress.java:91)
	at com.topcoder.message.email.TCSEmailMessage.setFromAddress(TCSEmailMessage.java:447)
	... 22 more

Entering method [RemoveMemberPhotoAction.execute].
[Input parameters[{removalReason}:{I just want to remove it}]]
Error in method [RemoveMemberPhotoAction.execute], details: TemplateSourceException occurs when removing the photo
com.topcoder.web.reg.actions.photo.MemberPhotoRemovalException: TemplateSourceException occurs when removing the photo
	at com.topcoder.web.reg.actions.photo.RemoveMemberPhotoAction.sendNotification(RemoveMemberPhotoAction.java:247)
	at com.topcoder.web.reg.actions.photo.RemoveMemberPhotoAction.execute(RemoveMemberPhotoAction.java:189)
	at com.topcoder.web.reg.actions.photo.RemoveMemberPhotoActionTest.test_execute4(RemoveMemberPhotoActionTest.java:193)
	at sun.reflect.NativeMethodAccessorImpl.invoke0(Native Method)
	at sun.reflect.NativeMethodAccessorImpl.invoke(NativeMethodAccessorImpl.java:39)
	at sun.reflect.DelegatingMethodAccessorImpl.invoke(DelegatingMethodAccessorImpl.java:25)
	at java.lang.reflect.Method.invoke(Method.java:597)
	at junit.framework.TestCase.runTest(TestCase.java:164)
	at junit.framework.TestCase.runBare(TestCase.java:130)
	at junit.framework.TestResult$1.protect(TestResult.java:106)
	at junit.framework.TestResult.runProtected(TestResult.java:124)
	at junit.framework.TestResult.run(TestResult.java:109)
	at junit.framework.TestCase.run(TestCase.java:120)
	at junit.framework.TestSuite.runTest(TestSuite.java:230)
	at junit.framework.TestSuite.run(TestSuite.java:225)
	at junit.framework.TestSuite.runTest(TestSuite.java:230)
	at junit.framework.TestSuite.run(TestSuite.java:225)
	at junit.framework.TestSuite.runTest(TestSuite.java:230)
	at junit.framework.TestSuite.run(TestSuite.java:225)
	at org.apache.tools.ant.taskdefs.optional.junit.JUnitTestRunner.run(JUnitTestRunner.java:420)
	at org.apache.tools.ant.taskdefs.optional.junit.JUnitTestRunner.launch(JUnitTestRunner.java:911)
	at org.apache.tools.ant.taskdefs.optional.junit.JUnitTestRunner.main(JUnitTestRunner.java:768)
Caused by: com.topcoder.util.file.templatesource.TemplateSourceException: Cannot read template from file
	at com.topcoder.util.file.templatesource.FileTemplateSource.getTemplate(FileTemplateSource.java:81)
	at com.topcoder.util.file.DocumentGenerator.getTemplate(DocumentGenerator.java:329)
	at com.topcoder.util.file.DocumentGenerator.getTemplate(DocumentGenerator.java:288)
	at com.topcoder.web.reg.actions.photo.RemoveMemberPhotoAction.sendNotification(RemoveMemberPhotoAction.java:225)
	... 21 more
Caused by: java.io.FileNotFoundException: the file doesn't exist (ûß~0š„‡ö)
	at java.io.FileInputStream.open(Native Method)
	at java.io.FileInputStream.<init>(FileInputStream.java:120)
	at java.io.FileInputStream.<init>(FileInputStream.java:79)
	at java.io.FileReader.<init>(FileReader.java:41)
	at com.topcoder.util.file.Util.getBufferedReaderFromFileOrResource(Util.java:151)
	at com.topcoder.util.file.templatesource.FileTemplateSource.getTemplate(FileTemplateSource.java:79)
	... 24 more

Entering method [RemoveMemberPhotoAction.execute].
[Input parameters[{removalReason}:{I just want to remove it}]]
Error in method [RemoveMemberPhotoAction.execute], details: TemplateFormatException occurs when removing the photo
com.topcoder.web.reg.actions.photo.MemberPhotoRemovalException: TemplateFormatException occurs when removing the photo
	at com.topcoder.web.reg.actions.photo.RemoveMemberPhotoAction.sendNotification(RemoveMemberPhotoAction.java:261)
	at com.topcoder.web.reg.actions.photo.RemoveMemberPhotoAction.execute(RemoveMemberPhotoAction.java:189)
	at com.topcoder.web.reg.actions.photo.RemoveMemberPhotoActionTest.test_execute5(RemoveMemberPhotoActionTest.java:220)
	at sun.reflect.NativeMethodAccessorImpl.invoke0(Native Method)
	at sun.reflect.NativeMethodAccessorImpl.invoke(NativeMethodAccessorImpl.java:39)
	at sun.reflect.DelegatingMethodAccessorImpl.invoke(DelegatingMethodAccessorImpl.java:25)
	at java.lang.reflect.Method.invoke(Method.java:597)
	at junit.framework.TestCase.runTest(TestCase.java:164)
	at junit.framework.TestCase.runBare(TestCase.java:130)
	at junit.framework.TestResult$1.protect(TestResult.java:106)
	at junit.framework.TestResult.runProtected(TestResult.java:124)
	at junit.framework.TestResult.run(TestResult.java:109)
	at junit.framework.TestCase.run(TestCase.java:120)
	at junit.framework.TestSuite.runTest(TestSuite.java:230)
	at junit.framework.TestSuite.run(TestSuite.java:225)
	at junit.framework.TestSuite.runTest(TestSuite.java:230)
	at junit.framework.TestSuite.run(TestSuite.java:225)
	at junit.framework.TestSuite.runTest(TestSuite.java:230)
	at junit.framework.TestSuite.run(TestSuite.java:225)
	at org.apache.tools.ant.taskdefs.optional.junit.JUnitTestRunner.run(JUnitTestRunner.java:420)
	at org.apache.tools.ant.taskdefs.optional.junit.JUnitTestRunner.launch(JUnitTestRunner.java:911)
	at org.apache.tools.ant.taskdefs.optional.junit.JUnitTestRunner.main(JUnitTestRunner.java:768)
Caused by: com.topcoder.util.file.TemplateFormatException: The text [()+:/] have forbidden chars : {}%:=\
	at com.topcoder.util.file.xslttemplate.XsltTemplate.parseNodeList(XsltTemplate.java:775)
	at com.topcoder.util.file.xslttemplate.XsltTemplate.setTemplate(XsltTemplate.java:331)
	at com.topcoder.util.file.DocumentGenerator.parseTemplate(DocumentGenerator.java:368)
	at com.topcoder.util.file.DocumentGenerator.getTemplate(DocumentGenerator.java:329)
	at com.topcoder.util.file.DocumentGenerator.getTemplate(DocumentGenerator.java:288)
	at com.topcoder.web.reg.actions.photo.RemoveMemberPhotoAction.sendNotification(RemoveMemberPhotoAction.java:225)
	... 21 more

Entering method [UploadMemberPhotoAction.execute].
[Input parameters[]]
Exiting method [UploadMemberPhotoAction.execute].
Output parameter: previewSuccess
Entering method [UploadMemberPhotoAction.execute].
[Input parameters[{previewImageParam}:{toCommit.gif},{actionname}:{commit}]]
Exiting method [UploadMemberPhotoAction.execute].
Output parameter: success
Entering method [UploadMemberPhotoAction.execute].
[Input parameters[{previewImageParam}:{toCommit.gif},{actionname}:{commit},{rightY}:{x}]]
Exiting method [UploadMemberPhotoAction.execute].
Output parameter: success
Entering method [UploadMemberPhotoAction.execute].
[Input parameters[{previewImageParam}:{toCommit.gif},{actionname}:{commit},{rightY}:{40},{leftY}:{20},{rightX}:{60},{leftX}:{20}]]
Exiting method [UploadMemberPhotoAction.execute].
Output parameter: success
Entering method [UploadMemberPhotoAction.execute].
[Input parameters[{previewImageParam}:{toCommit.gif},{actionname}:{commit}]]
Error in method [UploadMemberPhotoAction.execute], details: The BasicAuthentication should be injected.
com.topcoder.web.reg.actions.photo.MemberPhotoUploadException: The BasicAuthentication should be injected.
	at com.topcoder.web.reg.actions.photo.UploadMemberPhotoAction.getActiveUserId(UploadMemberPhotoAction.java:447)
	at com.topcoder.web.reg.actions.photo.UploadMemberPhotoAction.execute(UploadMemberPhotoAction.java:241)
	at com.topcoder.web.reg.actions.photo.UploadMemberPhotoActionTest.test_execute8(UploadMemberPhotoActionTest.java:268)
	at sun.reflect.NativeMethodAccessorImpl.invoke0(Native Method)
	at sun.reflect.NativeMethodAccessorImpl.invoke(NativeMethodAccessorImpl.java:39)
	at sun.reflect.DelegatingMethodAccessorImpl.invoke(DelegatingMethodAccessorImpl.java:25)
	at java.lang.reflect.Method.invoke(Method.java:597)
	at junit.framework.TestCase.runTest(TestCase.java:164)
	at junit.framework.TestCase.runBare(TestCase.java:130)
	at junit.framework.TestResult$1.protect(TestResult.java:106)
	at junit.framework.TestResult.runProtected(TestResult.java:124)
	at junit.framework.TestResult.run(TestResult.java:109)
	at junit.framework.TestCase.run(TestCase.java:120)
	at junit.framework.TestSuite.runTest(TestSuite.java:230)
	at junit.framework.TestSuite.run(TestSuite.java:225)
	at junit.framework.TestSuite.runTest(TestSuite.java:230)
	at junit.framework.TestSuite.run(TestSuite.java:225)
	at junit.framework.TestSuite.runTest(TestSuite.java:230)
	at junit.framework.TestSuite.run(TestSuite.java:225)
	at org.apache.tools.ant.taskdefs.optional.junit.JUnitTestRunner.run(JUnitTestRunner.java:420)
	at org.apache.tools.ant.taskdefs.optional.junit.JUnitTestRunner.launch(JUnitTestRunner.java:911)
	at org.apache.tools.ant.taskdefs.optional.junit.JUnitTestRunner.main(JUnitTestRunner.java:768)

Entering method [UploadMemberPhotoAction.execute].
[Input parameters[]]
Error in method [UploadMemberPhotoAction.execute], details: The contentType 'invalid' is not allowed
com.topcoder.web.reg.actions.photo.MemberPhotoUploadException: The contentType 'invalid' is not allowed
	at com.topcoder.web.reg.actions.photo.UploadMemberPhotoAction.preview(UploadMemberPhotoAction.java:410)
	at com.topcoder.web.reg.actions.photo.UploadMemberPhotoAction.execute(UploadMemberPhotoAction.java:251)
	at com.topcoder.web.reg.actions.photo.UploadMemberPhotoActionTest.test_execute9(UploadMemberPhotoActionTest.java:295)
	at sun.reflect.NativeMethodAccessorImpl.invoke0(Native Method)
	at sun.reflect.NativeMethodAccessorImpl.invoke(NativeMethodAccessorImpl.java:39)
	at sun.reflect.DelegatingMethodAccessorImpl.invoke(DelegatingMethodAccessorImpl.java:25)
	at java.lang.reflect.Method.invoke(Method.java:597)
	at junit.framework.TestCase.runTest(TestCase.java:164)
	at junit.framework.TestCase.runBare(TestCase.java:130)
	at junit.framework.TestResult$1.protect(TestResult.java:106)
	at junit.framework.TestResult.runProtected(TestResult.java:124)
	at junit.framework.TestResult.run(TestResult.java:109)
	at junit.framework.TestCase.run(TestCase.java:120)
	at junit.framework.TestSuite.runTest(TestSuite.java:230)
	at junit.framework.TestSuite.run(TestSuite.java:225)
	at junit.framework.TestSuite.runTest(TestSuite.java:230)
	at junit.framework.TestSuite.run(TestSuite.java:225)
	at junit.framework.TestSuite.runTest(TestSuite.java:230)
	at junit.framework.TestSuite.run(TestSuite.java:225)
	at org.apache.tools.ant.taskdefs.optional.junit.JUnitTestRunner.run(JUnitTestRunner.java:420)
	at org.apache.tools.ant.taskdefs.optional.junit.JUnitTestRunner.launch(JUnitTestRunner.java:911)
	at org.apache.tools.ant.taskdefs.optional.junit.JUnitTestRunner.main(JUnitTestRunner.java:768)

Entering method [UploadMemberPhotoAction.execute].
[Input parameters[{previewImageParam}:{toCommit},{actionname}:{commit},{rightY}:{40},{leftY}:{20},{rightX}:{60},{leftX}:{20}]]
Error in method [UploadMemberPhotoAction.execute], details: Unable to extract extension name from previewFileName 'toCommit'
com.topcoder.web.reg.actions.photo.MemberPhotoUploadException: Unable to extract extension name from previewFileName 'toCommit'
	at com.topcoder.web.reg.actions.photo.UploadMemberPhotoAction.commit(UploadMemberPhotoAction.java:305)
	at com.topcoder.web.reg.actions.photo.UploadMemberPhotoAction.execute(UploadMemberPhotoAction.java:256)
	at com.topcoder.web.reg.actions.photo.UploadMemberPhotoActionTest.test_execute10(UploadMemberPhotoActionTest.java:333)
	at sun.reflect.NativeMethodAccessorImpl.invoke0(Native Method)
	at sun.reflect.NativeMethodAccessorImpl.invoke(NativeMethodAccessorImpl.java:39)
	at sun.reflect.DelegatingMethodAccessorImpl.invoke(DelegatingMethodAccessorImpl.java:25)
	at java.lang.reflect.Method.invoke(Method.java:597)
	at junit.framework.TestCase.runTest(TestCase.java:164)
	at junit.framework.TestCase.runBare(TestCase.java:130)
	at junit.framework.TestResult$1.protect(TestResult.java:106)
	at junit.framework.TestResult.runProtected(TestResult.java:124)
	at junit.framework.TestResult.run(TestResult.java:109)
	at junit.framework.TestCase.run(TestCase.java:120)
	at junit.framework.TestSuite.runTest(TestSuite.java:230)
	at junit.framework.TestSuite.run(TestSuite.java:225)
	at junit.framework.TestSuite.runTest(TestSuite.java:230)
	at junit.framework.TestSuite.run(TestSuite.java:225)
	at junit.framework.TestSuite.runTest(TestSuite.java:230)
	at junit.framework.TestSuite.run(TestSuite.java:225)
	at org.apache.tools.ant.taskdefs.optional.junit.JUnitTestRunner.run(JUnitTestRunner.java:420)
	at org.apache.tools.ant.taskdefs.optional.junit.JUnitTestRunner.launch(JUnitTestRunner.java:911)
	at org.apache.tools.ant.taskdefs.optional.junit.JUnitTestRunner.main(JUnitTestRunner.java:768)

Entering method [UploadMemberPhotoAction.execute].
[Input parameters[{previewImageParam}:{notexist.gif},{actionname}:{commit},{rightY}:{40},{leftY}:{20},{rightX}:{60},{leftX}:{20}]]
Error in method [UploadMemberPhotoAction.execute], details: I/O occurs when preview/save the member photo
com.topcoder.web.reg.actions.photo.MemberPhotoUploadException: I/O occurs when preview/save the member photo
	at com.topcoder.web.reg.actions.photo.UploadMemberPhotoAction.execute(UploadMemberPhotoAction.java:269)
	at com.topcoder.web.reg.actions.photo.UploadMemberPhotoActionTest.test_execute11(UploadMemberPhotoActionTest.java:371)
	at sun.reflect.NativeMethodAccessorImpl.invoke0(Native Method)
	at sun.reflect.NativeMethodAccessorImpl.invoke(NativeMethodAccessorImpl.java:39)
	at sun.reflect.DelegatingMethodAccessorImpl.invoke(DelegatingMethodAccessorImpl.java:25)
	at java.lang.reflect.Method.invoke(Method.java:597)
	at junit.framework.TestCase.runTest(TestCase.java:164)
	at junit.framework.TestCase.runBare(TestCase.java:130)
	at junit.framework.TestResult$1.protect(TestResult.java:106)
	at junit.framework.TestResult.runProtected(TestResult.java:124)
	at junit.framework.TestResult.run(TestResult.java:109)
	at junit.framework.TestCase.run(TestCase.java:120)
	at junit.framework.TestSuite.runTest(TestSuite.java:230)
	at junit.framework.TestSuite.run(TestSuite.java:225)
	at junit.framework.TestSuite.runTest(TestSuite.java:230)
	at junit.framework.TestSuite.run(TestSuite.java:225)
	at junit.framework.TestSuite.runTest(TestSuite.java:230)
	at junit.framework.TestSuite.run(TestSuite.java:225)
	at org.apache.tools.ant.taskdefs.optional.junit.JUnitTestRunner.run(JUnitTestRunner.java:420)
	at org.apache.tools.ant.taskdefs.optional.junit.JUnitTestRunner.launch(JUnitTestRunner.java:911)
	at org.apache.tools.ant.taskdefs.optional.junit.JUnitTestRunner.main(JUnitTestRunner.java:768)
Caused by: java.io.FileNotFoundException: test_files\previewed\notexist.gif (ûß~0š„‡ö)
	at java.io.FileInputStream.open(Native Method)
	at java.io.FileInputStream.<init>(FileInputStream.java:120)
	at com.topcoder.web.reg.actions.photo.UploadMemberPhotoAction.commit(UploadMemberPhotoAction.java:310)
	at com.topcoder.web.reg.actions.photo.UploadMemberPhotoAction.execute(UploadMemberPhotoAction.java:256)
	... 20 more

[Input parameters[]]
Entering method [RemoveMemberPhotoAction.execute].
[Input parameters[{removalReasonKey}:{I need to test it.}]]
Exiting method [RemoveMemberPhotoAction.execute].
Output parameter: success
Entering method [UploadMemberPhotoAction.execute].
[Input parameters[{actionNameKey}:{submit}]]
Exiting method [UploadMemberPhotoAction.execute].
Output parameter: previewSuccess
Entering method [UploadMemberPhotoAction.execute].
[Input parameters[{previewImageKey}:{topcoder.gif},{actionNameKey}:{commit}]]
Exiting method [UploadMemberPhotoAction.execute].
Output parameter: success
Entering method [UploadMemberPhotoAction.execute].
[Input parameters[{previewImageKey}:{topcoder.gif},{actionNameKey}:{commit},{leftX}:{10},{leftY}:{10},{rightX}:{40},{rightY}:{40}]]
Exiting method [UploadMemberPhotoAction.execute].
Output parameter: success
Entering method [RemoveMemberPhotoAction.execute].
[Input parameters[]]
Error in method [RemoveMemberPhotoAction.execute], details: MemberPhotoManagementException occurs when removing the photo
com.topcoder.web.reg.actions.photo.MemberPhotoRemovalException: MemberPhotoManagementException occurs when removing the photo
	at com.topcoder.web.reg.actions.photo.RemoveMemberPhotoAction.execute(RemoveMemberPhotoAction.java:193)
	at com.topcoder.web.reg.actions.photo.failuretests.RemoveMemberPhotoActionFailureTest.test_execute(RemoveMemberPhotoActionFailureTest.java:233)
	at sun.reflect.NativeMethodAccessorImpl.invoke0(Native Method)
	at sun.reflect.NativeMethodAccessorImpl.invoke(NativeMethodAccessorImpl.java:39)
	at sun.reflect.DelegatingMethodAccessorImpl.invoke(DelegatingMethodAccessorImpl.java:25)
	at java.lang.reflect.Method.invoke(Method.java:597)
	at junit.framework.TestCase.runTest(TestCase.java:164)
	at junit.framework.TestCase.runBare(TestCase.java:130)
	at junit.framework.TestResult$1.protect(TestResult.java:106)
	at junit.framework.TestResult.runProtected(TestResult.java:124)
	at junit.framework.TestResult.run(TestResult.java:109)
	at junit.framework.TestCase.run(TestCase.java:120)
	at junit.framework.TestSuite.runTest(TestSuite.java:230)
	at junit.framework.TestSuite.run(TestSuite.java:225)
	at junit.framework.TestSuite.runTest(TestSuite.java:230)
	at junit.framework.TestSuite.run(TestSuite.java:225)
	at junit.framework.TestSuite.runTest(TestSuite.java:230)
	at junit.framework.TestSuite.run(TestSuite.java:225)
	at org.apache.tools.ant.taskdefs.optional.junit.JUnitTestRunner.run(JUnitTestRunner.java:420)
	at org.apache.tools.ant.taskdefs.optional.junit.JUnitTestRunner.launch(JUnitTestRunner.java:911)
	at org.apache.tools.ant.taskdefs.optional.junit.JUnitTestRunner.main(JUnitTestRunner.java:768)
Caused by: com.topcoder.web.memberphoto.manager.MemberPhotoManagementException: unable to find photo
	at com.topcoder.web.reg.actions.photo.failuretests.FailureMemeberPhotoManager.getMemberPhoto(FailureMemeberPhotoManager.java:21)
	at com.topcoder.web.reg.actions.photo.RemoveMemberPhotoAction.execute(RemoveMemberPhotoAction.java:164)
	... 20 more

Entering method [RemoveMemberPhotoAction.execute].
[Input parameters[]]
Error in method [RemoveMemberPhotoAction.execute], details: IO error occurs when removing the photo
com.topcoder.web.reg.actions.photo.MemberPhotoRemovalException: IO error occurs when removing the photo
	at com.topcoder.web.reg.actions.photo.RemoveMemberPhotoAction.execute(RemoveMemberPhotoAction.java:198)
	at com.topcoder.web.reg.actions.photo.failuretests.RemoveMemberPhotoActionFailureTest.test_execute2(RemoveMemberPhotoActionFailureTest.java:251)
	at sun.reflect.NativeMethodAccessorImpl.invoke0(Native Method)
	at sun.reflect.NativeMethodAccessorImpl.invoke(NativeMethodAccessorImpl.java:39)
	at sun.reflect.DelegatingMethodAccessorImpl.invoke(DelegatingMethodAccessorImpl.java:25)
	at java.lang.reflect.Method.invoke(Method.java:597)
	at junit.framework.TestCase.runTest(TestCase.java:164)
	at junit.framework.TestCase.runBare(TestCase.java:130)
	at junit.framework.TestResult$1.protect(TestResult.java:106)
	at junit.framework.TestResult.runProtected(TestResult.java:124)
	at junit.framework.TestResult.run(TestResult.java:109)
	at junit.framework.TestCase.run(TestCase.java:120)
	at junit.framework.TestSuite.runTest(TestSuite.java:230)
	at junit.framework.TestSuite.run(TestSuite.java:225)
	at junit.framework.TestSuite.runTest(TestSuite.java:230)
	at junit.framework.TestSuite.run(TestSuite.java:225)
	at junit.framework.TestSuite.runTest(TestSuite.java:230)
	at junit.framework.TestSuite.run(TestSuite.java:225)
	at org.apache.tools.ant.taskdefs.optional.junit.JUnitTestRunner.run(JUnitTestRunner.java:420)
	at org.apache.tools.ant.taskdefs.optional.junit.JUnitTestRunner.launch(JUnitTestRunner.java:911)
	at org.apache.tools.ant.taskdefs.optional.junit.JUnitTestRunner.main(JUnitTestRunner.java:768)
Caused by: java.io.FileNotFoundException: E:\workspace\Photo_Struts_Actions_1.0.0_dev_submission\this dir is not valid +-?\image1.jpg (‡öîUwíÕcn)
	at java.io.FileOutputStream.open(Native Method)
	at java.io.FileOutputStream.<init>(FileOutputStream.java:194)
	at java.io.FileOutputStream.<init>(FileOutputStream.java:145)
	at com.topcoder.web.reg.actions.photo.BaseMemberPhotoAction.move(BaseMemberPhotoAction.java:246)
	at com.topcoder.web.reg.actions.photo.RemoveMemberPhotoAction.execute(RemoveMemberPhotoAction.java:172)
	... 20 more

Entering method [RemoveMemberPhotoAction.execute].
[Input parameters[]]
Error in method [RemoveMemberPhotoAction.execute], details: TemplateSourceException occurs when removing the photo
com.topcoder.web.reg.actions.photo.MemberPhotoRemovalException: TemplateSourceException occurs when removing the photo
	at com.topcoder.web.reg.actions.photo.RemoveMemberPhotoAction.sendNotification(RemoveMemberPhotoAction.java:247)
	at com.topcoder.web.reg.actions.photo.RemoveMemberPhotoAction.execute(RemoveMemberPhotoAction.java:189)
	at com.topcoder.web.reg.actions.photo.failuretests.RemoveMemberPhotoActionFailureTest.test_execute3(RemoveMemberPhotoActionFailureTest.java:268)
	at sun.reflect.NativeMethodAccessorImpl.invoke0(Native Method)
	at sun.reflect.NativeMethodAccessorImpl.invoke(NativeMethodAccessorImpl.java:39)
	at sun.reflect.DelegatingMethodAccessorImpl.invoke(DelegatingMethodAccessorImpl.java:25)
	at java.lang.reflect.Method.invoke(Method.java:597)
	at junit.framework.TestCase.runTest(TestCase.java:164)
	at junit.framework.TestCase.runBare(TestCase.java:130)
	at junit.framework.TestResult$1.protect(TestResult.java:106)
	at junit.framework.TestResult.runProtected(TestResult.java:124)
	at junit.framework.TestResult.run(TestResult.java:109)
	at junit.framework.TestCase.run(TestCase.java:120)
	at junit.framework.TestSuite.runTest(TestSuite.java:230)
	at junit.framework.TestSuite.run(TestSuite.java:225)
	at junit.framework.TestSuite.runTest(TestSuite.java:230)
	at junit.framework.TestSuite.run(TestSuite.java:225)
	at junit.framework.TestSuite.runTest(TestSuite.java:230)
	at junit.framework.TestSuite.run(TestSuite.java:225)
	at org.apache.tools.ant.taskdefs.optional.junit.JUnitTestRunner.run(JUnitTestRunner.java:420)
	at org.apache.tools.ant.taskdefs.optional.junit.JUnitTestRunner.launch(JUnitTestRunner.java:911)
	at org.apache.tools.ant.taskdefs.optional.junit.JUnitTestRunner.main(JUnitTestRunner.java:768)
Caused by: com.topcoder.util.file.templatesource.TemplateSourceException: The are no template source with given id.
	at com.topcoder.util.file.DocumentGenerator.getTemplate(DocumentGenerator.java:284)
	at com.topcoder.web.reg.actions.photo.RemoveMemberPhotoAction.sendNotification(RemoveMemberPhotoAction.java:225)
	... 21 more

Entering method [UploadMemberPhotoAction.execute].
[Input parameters[]]
Entering method [UploadMemberPhotoAction.execute].
[Input parameters[]]
Entering method [UploadMemberPhotoAction.execute].
[Input parameters[]]
Entering method [UploadMemberPhotoAction.execute].
[Input parameters[]]
Entering method [UploadMemberPhotoAction.execute].
[Input parameters[]]
Entering method [UploadMemberPhotoAction.execute].
[Input parameters[]]
Error in method [UploadMemberPhotoAction.execute], details: The uploaded file 'test_files\failure\notexist.jpg' is not a valid file
com.topcoder.web.reg.actions.photo.MemberPhotoUploadException: The uploaded file 'test_files\failure\notexist.jpg' is not a valid file
	at com.topcoder.web.reg.actions.photo.UploadMemberPhotoAction.preview(UploadMemberPhotoAction.java:421)
	at com.topcoder.web.reg.actions.photo.UploadMemberPhotoAction.execute(UploadMemberPhotoAction.java:251)
	at com.topcoder.web.reg.actions.photo.failuretests.UploadMemberPhotoActionFailureTest.test_execute12(UploadMemberPhotoActionFailureTest.java:365)
	at sun.reflect.NativeMethodAccessorImpl.invoke0(Native Method)
	at sun.reflect.NativeMethodAccessorImpl.invoke(NativeMethodAccessorImpl.java:39)
	at sun.reflect.DelegatingMethodAccessorImpl.invoke(DelegatingMethodAccessorImpl.java:25)
	at java.lang.reflect.Method.invoke(Method.java:597)
	at junit.framework.TestCase.runTest(TestCase.java:164)
	at junit.framework.TestCase.runBare(TestCase.java:130)
	at junit.framework.TestResult$1.protect(TestResult.java:106)
	at junit.framework.TestResult.runProtected(TestResult.java:124)
	at junit.framework.TestResult.run(TestResult.java:109)
	at junit.framework.TestCase.run(TestCase.java:120)
	at junit.framework.TestSuite.runTest(TestSuite.java:230)
	at junit.framework.TestSuite.run(TestSuite.java:225)
	at junit.framework.TestSuite.runTest(TestSuite.java:230)
	at junit.framework.TestSuite.run(TestSuite.java:225)
	at junit.framework.TestSuite.runTest(TestSuite.java:230)
	at junit.framework.TestSuite.run(TestSuite.java:225)
	at org.apache.tools.ant.taskdefs.optional.junit.JUnitTestRunner.run(JUnitTestRunner.java:420)
	at org.apache.tools.ant.taskdefs.optional.junit.JUnitTestRunner.launch(JUnitTestRunner.java:911)
	at org.apache.tools.ant.taskdefs.optional.junit.JUnitTestRunner.main(JUnitTestRunner.java:768)

Entering method [UploadMemberPhotoAction.execute].
[Input parameters[]]
Error in method [UploadMemberPhotoAction.execute], details: The uploaded file 'image2.jpg' is not a valid file
com.topcoder.web.reg.actions.photo.MemberPhotoUploadException: The uploaded file 'image2.jpg' is not a valid file
	at com.topcoder.web.reg.actions.photo.UploadMemberPhotoAction.preview(UploadMemberPhotoAction.java:421)
	at com.topcoder.web.reg.actions.photo.UploadMemberPhotoAction.execute(UploadMemberPhotoAction.java:251)
	at com.topcoder.web.reg.actions.photo.failuretests.UploadMemberPhotoActionFailureTest.test_execute13(UploadMemberPhotoActionFailureTest.java:383)
	at sun.reflect.NativeMethodAccessorImpl.invoke0(Native Method)
	at sun.reflect.NativeMethodAccessorImpl.invoke(NativeMethodAccessorImpl.java:39)
	at sun.reflect.DelegatingMethodAccessorImpl.invoke(DelegatingMethodAccessorImpl.java:25)
	at java.lang.reflect.Method.invoke(Method.java:597)
	at junit.framework.TestCase.runTest(TestCase.java:164)
	at junit.framework.TestCase.runBare(TestCase.java:130)
	at junit.framework.TestResult$1.protect(TestResult.java:106)
	at junit.framework.TestResult.runProtected(TestResult.java:124)
	at junit.framework.TestResult.run(TestResult.java:109)
	at junit.framework.TestCase.run(TestCase.java:120)
	at junit.framework.TestSuite.runTest(TestSuite.java:230)
	at junit.framework.TestSuite.run(TestSuite.java:225)
	at junit.framework.TestSuite.runTest(TestSuite.java:230)
	at junit.framework.TestSuite.run(TestSuite.java:225)
	at junit.framework.TestSuite.runTest(TestSuite.java:230)
	at junit.framework.TestSuite.run(TestSuite.java:225)
	at org.apache.tools.ant.taskdefs.optional.junit.JUnitTestRunner.run(JUnitTestRunner.java:420)
	at org.apache.tools.ant.taskdefs.optional.junit.JUnitTestRunner.launch(JUnitTestRunner.java:911)
	at org.apache.tools.ant.taskdefs.optional.junit.JUnitTestRunner.main(JUnitTestRunner.java:768)

Entering method [UploadMemberPhotoAction.execute].
[Input parameters[{photoUploadAction}:{commit}]]
Error in method [UploadMemberPhotoAction.execute], details: No request parameter for previewImageFileName
com.topcoder.web.reg.actions.photo.MemberPhotoUploadException: No request parameter for previewImageFileName
	at com.topcoder.web.reg.actions.photo.UploadMemberPhotoAction.commit(UploadMemberPhotoAction.java:299)
	at com.topcoder.web.reg.actions.photo.UploadMemberPhotoAction.execute(UploadMemberPhotoAction.java:256)
	at com.topcoder.web.reg.actions.photo.failuretests.UploadMemberPhotoActionFailureTest.test_execute14(UploadMemberPhotoActionFailureTest.java:403)
	at sun.reflect.NativeMethodAccessorImpl.invoke0(Native Method)
	at sun.reflect.NativeMethodAccessorImpl.invoke(NativeMethodAccessorImpl.java:39)
	at sun.reflect.DelegatingMethodAccessorImpl.invoke(DelegatingMethodAccessorImpl.java:25)
	at java.lang.reflect.Method.invoke(Method.java:597)
	at junit.framework.TestCase.runTest(TestCase.java:164)
	at junit.framework.TestCase.runBare(TestCase.java:130)
	at junit.framework.TestResult$1.protect(TestResult.java:106)
	at junit.framework.TestResult.runProtected(TestResult.java:124)
	at junit.framework.TestResult.run(TestResult.java:109)
	at junit.framework.TestCase.run(TestCase.java:120)
	at junit.framework.TestSuite.runTest(TestSuite.java:230)
	at junit.framework.TestSuite.run(TestSuite.java:225)
	at junit.framework.TestSuite.runTest(TestSuite.java:230)
	at junit.framework.TestSuite.run(TestSuite.java:225)
	at junit.framework.TestSuite.runTest(TestSuite.java:230)
	at junit.framework.TestSuite.run(TestSuite.java:225)
	at org.apache.tools.ant.taskdefs.optional.junit.JUnitTestRunner.run(JUnitTestRunner.java:420)
	at org.apache.tools.ant.taskdefs.optional.junit.JUnitTestRunner.launch(JUnitTestRunner.java:911)
	at org.apache.tools.ant.taskdefs.optional.junit.JUnitTestRunner.main(JUnitTestRunner.java:768)

Entering method [UploadMemberPhotoAction.execute].
[Input parameters[{photoUploadAction}:{commit},{previewImageFileName}:{previewabc}]]
Error in method [UploadMemberPhotoAction.execute], details: Unable to extract extension name from previewFileName 'previewabc'
com.topcoder.web.reg.actions.photo.MemberPhotoUploadException: Unable to extract extension name from previewFileName 'previewabc'
	at com.topcoder.web.reg.actions.photo.UploadMemberPhotoAction.commit(UploadMemberPhotoAction.java:305)
	at com.topcoder.web.reg.actions.photo.UploadMemberPhotoAction.execute(UploadMemberPhotoAction.java:256)
	at com.topcoder.web.reg.actions.photo.failuretests.UploadMemberPhotoActionFailureTest.test_execute15(UploadMemberPhotoActionFailureTest.java:424)
	at sun.reflect.NativeMethodAccessorImpl.invoke0(Native Method)
	at sun.reflect.NativeMethodAccessorImpl.invoke(NativeMethodAccessorImpl.java:39)
	at sun.reflect.DelegatingMethodAccessorImpl.invoke(DelegatingMethodAccessorImpl.java:25)
	at java.lang.reflect.Method.invoke(Method.java:597)
	at junit.framework.TestCase.runTest(TestCase.java:164)
	at junit.framework.TestCase.runBare(TestCase.java:130)
	at junit.framework.TestResult$1.protect(TestResult.java:106)
	at junit.framework.TestResult.runProtected(TestResult.java:124)
	at junit.framework.TestResult.run(TestResult.java:109)
	at junit.framework.TestCase.run(TestCase.java:120)
	at junit.framework.TestSuite.runTest(TestSuite.java:230)
	at junit.framework.TestSuite.run(TestSuite.java:225)
	at junit.framework.TestSuite.runTest(TestSuite.java:230)
	at junit.framework.TestSuite.run(TestSuite.java:225)
	at junit.framework.TestSuite.runTest(TestSuite.java:230)
	at junit.framework.TestSuite.run(TestSuite.java:225)
	at org.apache.tools.ant.taskdefs.optional.junit.JUnitTestRunner.run(JUnitTestRunner.java:420)
	at org.apache.tools.ant.taskdefs.optional.junit.JUnitTestRunner.launch(JUnitTestRunner.java:911)
	at org.apache.tools.ant.taskdefs.optional.junit.JUnitTestRunner.main(JUnitTestRunner.java:768)

Entering method [UploadMemberPhotoAction.execute].
[Input parameters[{photoUploadAction}:{commit},{previewImageFileName}:{previewabc.unknowntype}]]
Error in method [UploadMemberPhotoAction.execute], details: I/O occurs when preview/save the member photo
com.topcoder.web.reg.actions.photo.MemberPhotoUploadException: I/O occurs when preview/save the member photo
	at com.topcoder.web.reg.actions.photo.UploadMemberPhotoAction.execute(UploadMemberPhotoAction.java:269)
	at com.topcoder.web.reg.actions.photo.failuretests.UploadMemberPhotoActionFailureTest.test_execute16(UploadMemberPhotoActionFailureTest.java:446)
	at sun.reflect.NativeMethodAccessorImpl.invoke0(Native Method)
	at sun.reflect.NativeMethodAccessorImpl.invoke(NativeMethodAccessorImpl.java:39)
	at sun.reflect.DelegatingMethodAccessorImpl.invoke(DelegatingMethodAccessorImpl.java:25)
	at java.lang.reflect.Method.invoke(Method.java:597)
	at junit.framework.TestCase.runTest(TestCase.java:164)
	at junit.framework.TestCase.runBare(TestCase.java:130)
	at junit.framework.TestResult$1.protect(TestResult.java:106)
	at junit.framework.TestResult.runProtected(TestResult.java:124)
	at junit.framework.TestResult.run(TestResult.java:109)
	at junit.framework.TestCase.run(TestCase.java:120)
	at junit.framework.TestSuite.runTest(TestSuite.java:230)
	at junit.framework.TestSuite.run(TestSuite.java:225)
	at junit.framework.TestSuite.runTest(TestSuite.java:230)
	at junit.framework.TestSuite.run(TestSuite.java:225)
	at junit.framework.TestSuite.runTest(TestSuite.java:230)
	at junit.framework.TestSuite.run(TestSuite.java:225)
	at org.apache.tools.ant.taskdefs.optional.junit.JUnitTestRunner.run(JUnitTestRunner.java:420)
	at org.apache.tools.ant.taskdefs.optional.junit.JUnitTestRunner.launch(JUnitTestRunner.java:911)
	at org.apache.tools.ant.taskdefs.optional.junit.JUnitTestRunner.main(JUnitTestRunner.java:768)
Caused by: java.io.FileNotFoundException: notexistdir+:?\previewabc.unknowntype (‡öîUwíÕcn)
	at java.io.FileInputStream.open(Native Method)
	at java.io.FileInputStream.<init>(FileInputStream.java:120)
	at com.topcoder.web.reg.actions.photo.UploadMemberPhotoAction.commit(UploadMemberPhotoAction.java:310)
	at com.topcoder.web.reg.actions.photo.UploadMemberPhotoAction.execute(UploadMemberPhotoAction.java:256)
	... 20 more


