Testsuite: com.cronos.termsofuse.AllTests
Tests run: 307, Failures: 0, Errors: 0, Time elapsed: 792.25 sec
------------- Standard Output ---------------
Test ProjectTermsOfUseDaoImplStressTests#testGetTermsOfUse execution completed in 5906 ms.
Test ProjectTermsOfUseDaoImplStressTests#testCreateProjectRoleTermsOfUse execution completed in 3547 ms.
Test ProjectTermsOfUseDaoImplStressTests#testRemoveProjectRoleTermsOfUse execution completed in 5593 ms.
Test ProjectTermsOfUseDaoImplStressTests#testRemoveAllProjectRoleTermsOfUse execution completed in 7625 ms.
Test ProjectTermsOfUseDaoImplStressTests#testCreateProjectRoleTermsOfUseMultiThreaded execution completed in 906 ms.
Test ProjectTermsOfUseDaoImplStressTests#testRemoveProjectRoleTermsOfUseMultithreaded execution completed in 891 ms.
Test ProjectTermsOfUseDaoImplStressTests#testGetTermsOfUse execution completed in 12703 ms.
Test ProjectTermsOfUseDaoImplStressTests#testGetTermsOfUse execution completed in 23344 ms.
Test ProjectTermsOfUseDaoImplStressTests#testGetTermsOfUse execution completed in 17469 ms.
Test ProjectTermsOfUseDaoImplStressTests#testGetTermsOfUseBulkMultithreaded execution completed in 27297 ms.
Test ProjectTermsOfUseDaoImplStressTests#testGetTermsOfUseMultithreaded execution completed in 7969 ms.
Test ProjectTermsOfUseDaoImplStressTests#testRemoveAllProjectRoleTermsOfUseMultithreaded execution completed in 9172 ms.
Test TermsOfUseDaoImpl#testCreateTermsOfUse execution completed in 4219 ms.
Test TermsOfUseDaoImpl#testUpdateTermsOfUse execution completed in 5969 ms.
Test TermsOfUseDaoImpl#testGetTermsOfUse execution completed in 4359 ms.
Test TermsOfUseDaoImpl#testDeleteTermsOfUse execution completed in 5953 ms.
Test TermsOfUseDaoImpl#testGetTermsOfUseByTypeId execution completed in 4000 ms.
Test TermsOfUseDaoImpl#testGetAllTermsOfUse execution completed in 3907 ms.
Test TermsOfUseDaoImpl#testGetTermsOfUseType execution completed in 1922 ms.
Test TermsOfUseDaoImpl#testUpdateTermsOfUseType execution completed in 5969 ms.
Test TermsOfUseDaoImpl#testGetTermsOfUseText execution completed in 6485 ms.
Test TermsOfUseDaoImpl#testSetTermsOfUseText execution completed in 6188 ms.
Test TermsOfUseDaoImpl#testCreateTermsOfUseMultithreaded execution completed in 11328 ms.
Test TermsOfUseDaoImpl#testUpdateTermsOfUseMultithreaded execution completed in 32031 ms.
Test TermsOfUseDaoImpl#testDeleteTermsOfUseMultithreaded execution completed in 23344 ms.
Test UserTermsOfUseDaoImpl#testCreateUserTermsOfUse execution completed in 7672 ms.
Test UserTermsOfUseDaoImpl#testRemoveUserTermsOfUse execution completed in 8360 ms.
Test UserTermsOfUseDaoImpl#testGetTermsOfUseByUserId execution completed in 6422 ms.
Test UserTermsOfUseDaoImpl#testGetUsersByTermsOfUseId execution completed in 6344 ms.
Test UserTermsOfUseDaoImpl#testHasTermsOfUse execution completed in 6281 ms.
Test UserTermsOfUseDaoImpl#testHasTermsOfUseBan execution completed in 6172 ms.
Test UserTermsOfUseDaoImpl#testCreateUserTermsOfUseMultithreaded execution completed in 30016 ms.
Test UserTermsOfUseDaoImpl#testCreateUserTermsOfUseMultithreaded execution completed in 40078 ms.
Test ProjectTermsOfUseDaoImplStressTests#testRemoveUserTermsOfUseMultithread execution completed in 32875 ms.
Test UserTermsOfUseDaoImpl#testGetTermsOfUseByUserIdMultithreaded execution completed in 2641 ms.
Test ProjectTermsOfUseDaoImplStressTests#testGetUsersByTermsOfUseIdMultithreaded execution completed in 26938 ms.
Test UserTermsOfUseDaoImpl#testHasTermsOfUseMultithreaded execution completed in 25375 ms.
Test UserTermsOfUseDaoImpl#testHasTermsOfUseBanMultithread execution completed in 29297 ms.
------------- ---------------- ---------------
------------- Standard Error -----------------The property 'implementor' is null or empty.
	at com.topcoder.util.config.Helper.createObj(Helper.java:178)
	at com.topcoder.util.config.ConfigManager.getInstance(ConfigManager.java:378)
	at com.topcoder.util.log.LogFactory.getLogWithExceptions(LogFactory.java:371)
	at com.topcoder.util.log.LogFactory.getLog(LogFactory.java:294)
	at com.cronos.termsofuse.dao.impl.BaseTermsOfUseDao.<init>(BaseTermsOfUseDao.java:92)
	at com.cronos.termsofuse.dao.impl.TermsOfUseDaoImpl.<init>(TermsOfUseDaoImpl.java:250)
	at com.cronos.termsofuse.TestsHelper.loadDB(TestsHelper.java:213)
	at com.cronos.termsofuse.Demo.setUp(Demo.java:64)
	at sun.reflect.NativeMethodAccessorImpl.invoke0(Native Method)
	at sun.reflect.NativeMethodAccessorImpl.invoke(NativeMethodAccessorImpl.java:39)
	at sun.reflect.DelegatingMethodAccessorImpl.invoke(DelegatingMethodAccessorImpl.java:25)
	at java.lang.reflect.Method.invoke(Method.java:597)
	at org.junit.runners.model.FrameworkMethod$1.runReflectiveCall(FrameworkMethod.java:44)
	at org.junit.internal.runners.model.ReflectiveCallable.run(ReflectiveCallable.java:15)
	at org.junit.runners.model.FrameworkMethod.invokeExplosively(FrameworkMethod.java:41)
	at org.junit.internal.runners.statements.RunBefores.evaluate(RunBefores.java:27)
	at org.junit.internal.runners.statements.RunAfters.evaluate(RunAfters.java:31)
	at org.junit.runners.BlockJUnit4ClassRunner.runChild(BlockJUnit4ClassRunner.java:73)
	at org.junit.runners.BlockJUnit4ClassRunner.runChild(BlockJUnit4ClassRunner.java:46)
	at org.junit.runners.ParentRunner.runChildren(ParentRunner.java:180)
	at org.junit.runners.ParentRunner.access$000(ParentRunner.java:41)
	at org.junit.runners.ParentRunner$1.evaluate(ParentRunner.java:173)
	at org.junit.internal.runners.statements.RunBefores.evaluate(RunBefores.java:28)
	at org.junit.internal.runners.statements.RunAfters.evaluate(RunAfters.java:31)
	at org.junit.runners.ParentRunner.run(ParentRunner.java:220)
	at junit.framework.JUnit4TestAdapter.run(JUnit4TestAdapter.java:39)
	at junit.framework.TestSuite.runTest(TestSuite.java:232)
	at junit.framework.TestSuite.run(TestSuite.java:227)
	at junit.framework.TestSuite.runTest(TestSuite.java:232)
	at junit.framework.TestSuite.run(TestSuite.java:227)
	at org.apache.tools.ant.taskdefs.optional.junit.JUnitTestRunner.run(JUnitTestRunner.java:420)
	at org.apache.tools.ant.taskdefs.optional.junit.JUnitTestRunner.launch(JUnitTestRunner.java:911)
	at org.apache.tools.ant.taskdefs.optional.junit.JUnitTestRunner.main(JUnitTestRunner.java:768)
Entering method [com.cronos.termsofuse.dao.impl.UserTermsOfUseDaoImpl.getTermsOfUseByUserId(long userId)].
Input parameters[userId:1]
Error in method [com.cronos.termsofuse.dao.impl.UserTermsOfUseDaoImpl.getTermsOfUseByUserId(long userId)].
com.cronos.termsofuse.dao.TermsOfUsePersistenceException: Failed to create a connection.
	at com.cronos.termsofuse.dao.impl.Helper.createConnection(Helper.java:195)
	at com.cronos.termsofuse.dao.impl.Helper.getTermsOfUse(Helper.java:256)
	at com.cronos.termsofuse.dao.impl.UserTermsOfUseDaoImpl.getTermsOfUseByUserId(UserTermsOfUseDaoImpl.java:284)
	at com.cronos.termsofuse.dao.failure.UserTermsOfUseDaoImplFailureTest.test_getTermsOfUseByUserId_1(UserTermsOfUseDaoImplFailureTest.java:228)
	at sun.reflect.NativeMethodAccessorImpl.invoke0(Native Method)
	at sun.reflect.NativeMethodAccessorImpl.invoke(NativeMethodAccessorImpl.java:39)
	at sun.reflect.DelegatingMethodAccessorImpl.invoke(DelegatingMethodAccessorImpl.java:25)
	at java.lang.reflect.Method.invoke(Method.java:597)
	at junit.framework.TestCase.runTest(TestCase.java:168)
	at junit.framework.TestCase.runBare(TestCase.java:134)
	at junit.framework.TestResult$1.protect(TestResult.java:110)
	at junit.framework.TestResult.runProtected(TestResult.java:128)
	at junit.framework.TestResult.run(TestResult.java:113)
	at junit.framework.TestCase.run(TestCase.java:124)
	at junit.framework.TestSuite.runTest(TestSuite.java:232)
	at junit.framework.TestSuite.run(TestSuite.java:227)
	at junit.framework.TestSuite.runTest(TestSuite.java:232)
	at junit.framework.TestSuite.run(TestSuite.java:227)
	at junit.framework.TestSuite.runTest(TestSuite.java:232)
	at junit.framework.TestSuite.run(TestSuite.java:227)
	at org.apache.tools.ant.taskdefs.optional.junit.JUnitTestRunner.run(JUnitTestRunner.java:420)
	at org.apache.tools.ant.taskdefs.optional.junit.JUnitTestRunner.launch(JUnitTestRunner.java:911)
	at org.apache.tools.ant.taskdefs.optional.junit.JUnitTestRunner.main(JUnitTestRunner.java:768)
Caused by: com.topcoder.db.connectionfactory.DBConnectionException: error occurs while creating the connection.
	at com.topcoder.db.connectionfactory.producers.JDBCConnectionProducer.createConnection(JDBCConnectionProducer.java:450)
	at com.topcoder.db.connectionfactory.producers.JDBCConnectionProducer.createConnection(JDBCConnectionProducer.java:406)
	at com.topcoder.db.connectionfactory.DBConnectionFactoryImpl.createConnection(DBConnectionFactoryImpl.java:477)
	at com.cronos.termsofuse.dao.impl.Helper.createConnection(Helper.java:193)
	... 22 more
Caused by: java.sql.SQLException: Incorrect password or user com.informix.asf.IfxASFRemoteException: informix@pc001 is not known on the database server.
	at com.informix.jdbc.IfxSqliConnect.<init>(IfxSqliConnect.java:964)
	at sun.reflect.GeneratedConstructorAccessor24.newInstance(Unknown Source)
	at sun.reflect.DelegatingConstructorAccessorImpl.newInstance(DelegatingConstructorAccessorImpl.java:27)
	at java.lang.reflect.Constructor.newInstance(Constructor.java:513)
	at com.informix.jdbc.IfxDriver.connect(IfxDriver.java:254)
	at java.sql.DriverManager.getConnection(DriverManager.java:582)
	at java.sql.DriverManager.getConnection(DriverManager.java:154)
	at com.topcoder.db.connectionfactory.producers.JDBCConnectionProducer.createConnection(JDBCConnectionProducer.java:448)
	... 25 more

Entering method [com.cronos.termsofuse.dao.impl.UserTermsOfUseDaoImpl.getUsersByTermsOfUseId(long termsOfUseId)].
Input parameters[termsOfUseId:1]
Error in method [com.cronos.termsofuse.dao.impl.UserTermsOfUseDaoImpl.getUsersByTermsOfUseId(long termsOfUseId)].
com.cronos.termsofuse.dao.TermsOfUsePersistenceException: Failed to create a connection.
	at com.cronos.termsofuse.dao.impl.Helper.createConnection(Helper.java:195)
	at com.cronos.termsofuse.dao.impl.UserTermsOfUseDaoImpl.getUsersByTermsOfUseId(UserTermsOfUseDaoImpl.java:308)
	at com.cronos.termsofuse.dao.failure.UserTermsOfUseDaoImplFailureTest.test_getUsersByTermsOfUseId_1(UserTermsOfUseDaoImplFailureTest.java:242)
	at sun.reflect.NativeMethodAccessorImpl.invoke0(Native Method)
	at sun.reflect.NativeMethodAccessorImpl.invoke(NativeMethodAccessorImpl.java:39)
	at sun.reflect.DelegatingMethodAccessorImpl.invoke(DelegatingMethodAccessorImpl.java:25)
	at java.lang.reflect.Method.invoke(Method.java:597)
	at junit.framework.TestCase.runTest(TestCase.java:168)
	at junit.framework.TestCase.runBare(TestCase.java:134)
	at junit.framework.TestResult$1.protect(TestResult.java:110)
	at junit.framework.TestResult.runProtected(TestResult.java:128)
	at junit.framework.TestResult.run(TestResult.java:113)
	at junit.framework.TestCase.run(TestCase.java:124)
	at junit.framework.TestSuite.runTest(TestSuite.java:232)
	at junit.framework.TestSuite.run(TestSuite.java:227)
	at junit.framework.TestSuite.runTest(TestSuite.java:232)
	at junit.framework.TestSuite.run(TestSuite.java:227)
	at junit.framework.TestSuite.runTest(TestSuite.java:232)
	at junit.framework.TestSuite.run(TestSuite.java:227)
	at org.apache.tools.ant.taskdefs.optional.junit.JUnitTestRunner.run(JUnitTestRunner.java:420)
	at org.apache.tools.ant.taskdefs.optional.junit.JUnitTestRunner.launch(JUnitTestRunner.java:911)
	at org.apache.tools.ant.taskdefs.optional.junit.JUnitTestRunner.main(JUnitTestRunner.java:768)
Caused by: com.topcoder.db.connectionfactory.DBConnectionException: error occurs while creating the connection.
	at com.topcoder.db.connectionfactory.producers.JDBCConnectionProducer.createConnection(JDBCConnectionProducer.java:450)
	at com.topcoder.db.connectionfactory.producers.JDBCConnectionProducer.createConnection(JDBCConnectionProducer.java:406)
	at com.topcoder.db.connectionfactory.DBConnectionFactoryImpl.createConnection(DBConnectionFactoryImpl.java:477)
	at com.cronos.termsofuse.dao.impl.Helper.createConnection(Helper.java:193)
	... 21 more
Caused by: java.sql.SQLException: Incorrect password or user com.informix.asf.IfxASFRemoteException: informix@pc001 is not known on the database server.
	at com.informix.jdbc.IfxSqliConnect.<init>(IfxSqliConnect.java:964)
	at sun.reflect.GeneratedConstructorAccessor24.newInstance(Unknown Source)
	at sun.reflect.DelegatingConstructorAccessorImpl.newInstance(DelegatingConstructorAccessorImpl.java:27)
	at java.lang.reflect.Constructor.newInstance(Constructor.java:513)
	at com.informix.jdbc.IfxDriver.connect(IfxDriver.java:254)
	at java.sql.DriverManager.getConnection(DriverManager.java:582)
	at java.sql.DriverManager.getConnection(DriverManager.java:154)
	at com.topcoder.db.connectionfactory.producers.JDBCConnectionProducer.createConnection(JDBCConnectionProducer.java:448)
	... 24 more

Entering method [com.cronos.termsofuse.dao.impl.UserTermsOfUseDaoImpl.hasTermsOfUse(long userId, long termsOfUseId)].
Input parameters[userId:1, termsOfUseId:1]
Error in method [com.cronos.termsofuse.dao.impl.UserTermsOfUseDaoImpl.hasTermsOfUse(long userId, long termsOfUseId)].
com.cronos.termsofuse.dao.TermsOfUsePersistenceException: Failed to create a connection.
	at com.cronos.termsofuse.dao.impl.Helper.createConnection(Helper.java:195)
	at com.cronos.termsofuse.dao.impl.UserTermsOfUseDaoImpl.hasRecord(UserTermsOfUseDaoImpl.java:409)
	at com.cronos.termsofuse.dao.impl.UserTermsOfUseDaoImpl.hasTermsOfUse(UserTermsOfUseDaoImpl.java:357)
	at com.cronos.termsofuse.dao.failure.UserTermsOfUseDaoImplFailureTest.test_hasTermsOfUse_1(UserTermsOfUseDaoImplFailureTest.java:257)
	at sun.reflect.NativeMethodAccessorImpl.invoke0(Native Method)
	at sun.reflect.NativeMethodAccessorImpl.invoke(NativeMethodAccessorImpl.java:39)
	at sun.reflect.DelegatingMethodAccessorImpl.invoke(DelegatingMethodAccessorImpl.java:25)
	at java.lang.reflect.Method.invoke(Method.java:597)
	at junit.framework.TestCase.runTest(TestCase.java:168)
	at junit.framework.TestCase.runBare(TestCase.java:134)
	at junit.framework.TestResult$1.protect(TestResult.java:110)
	at junit.framework.TestResult.runProtected(TestResult.java:128)
	at junit.framework.TestResult.run(TestResult.java:113)
	at junit.framework.TestCase.run(TestCase.java:124)
	at junit.framework.TestSuite.runTest(TestSuite.java:232)
	at junit.framework.TestSuite.run(TestSuite.java:227)
	at junit.framework.TestSuite.runTest(TestSuite.java:232)
	at junit.framework.TestSuite.run(TestSuite.java:227)
	at junit.framework.TestSuite.runTest(TestSuite.java:232)
	at junit.framework.TestSuite.run(TestSuite.java:227)
	at org.apache.tools.ant.taskdefs.optional.junit.JUnitTestRunner.run(JUnitTestRunner.java:420)
	at org.apache.tools.ant.taskdefs.optional.junit.JUnitTestRunner.launch(JUnitTestRunner.java:911)
	at org.apache.tools.ant.taskdefs.optional.junit.JUnitTestRunner.main(JUnitTestRunner.java:768)
Caused by: com.topcoder.db.connectionfactory.DBConnectionException: error occurs while creating the connection.
	at com.topcoder.db.connectionfactory.producers.JDBCConnectionProducer.createConnection(JDBCConnectionProducer.java:450)
	at com.topcoder.db.connectionfactory.producers.JDBCConnectionProducer.createConnection(JDBCConnectionProducer.java:406)
	at com.topcoder.db.connectionfactory.DBConnectionFactoryImpl.createConnection(DBConnectionFactoryImpl.java:477)
	at com.cronos.termsofuse.dao.impl.Helper.createConnection(Helper.java:193)
	... 22 more
Caused by: java.sql.SQLException: Incorrect password or user com.informix.asf.IfxASFRemoteException: informix@pc001 is not known on the database server.
	at com.informix.jdbc.IfxSqliConnect.<init>(IfxSqliConnect.java:964)
	at sun.reflect.GeneratedConstructorAccessor24.newInstance(Unknown Source)
	at sun.reflect.DelegatingConstructorAccessorImpl.newInstance(DelegatingConstructorAccessorImpl.java:27)
	at java.lang.reflect.Constructor.newInstance(Constructor.java:513)
	at com.informix.jdbc.IfxDriver.connect(IfxDriver.java:254)
	at java.sql.DriverManager.getConnection(DriverManager.java:582)
	at java.sql.DriverManager.getConnection(DriverManager.java:154)
	at com.topcoder.db.connectionfactory.producers.JDBCConnectionProducer.createConnection(JDBCConnectionProducer.java:448)
	... 25 more

Entering method [com.cronos.termsofuse.dao.impl.UserTermsOfUseDaoImpl.hasTermsOfUseBan(long userId, long termsOfUseId)].
Input parameters[userId:1, termsOfUseId:1]
Error in method [com.cronos.termsofuse.dao.impl.UserTermsOfUseDaoImpl.hasTermsOfUseBan(long userId, long termsOfUseId)].
com.cronos.termsofuse.dao.TermsOfUsePersistenceException: Failed to create a connection.
	at com.cronos.termsofuse.dao.impl.Helper.createConnection(Helper.java:195)
	at com.cronos.termsofuse.dao.impl.UserTermsOfUseDaoImpl.hasRecord(UserTermsOfUseDaoImpl.java:409)
	at com.cronos.termsofuse.dao.impl.UserTermsOfUseDaoImpl.hasTermsOfUseBan(UserTermsOfUseDaoImpl.java:379)
	at com.cronos.termsofuse.dao.failure.UserTermsOfUseDaoImplFailureTest.test_hasTermsOfUseBan_1(UserTermsOfUseDaoImplFailureTest.java:271)
	at sun.reflect.NativeMethodAccessorImpl.invoke0(Native Method)
	at sun.reflect.NativeMethodAccessorImpl.invoke(NativeMethodAccessorImpl.java:39)
	at sun.reflect.DelegatingMethodAccessorImpl.invoke(DelegatingMethodAccessorImpl.java:25)
	at java.lang.reflect.Method.invoke(Method.java:597)
	at junit.framework.TestCase.runTest(TestCase.java:168)
	at junit.framework.TestCase.runBare(TestCase.java:134)
	at junit.framework.TestResult$1.protect(TestResult.java:110)
	at junit.framework.TestResult.runProtected(TestResult.java:128)
	at junit.framework.TestResult.run(TestResult.java:113)
	at junit.framework.TestCase.run(TestCase.java:124)
	at junit.framework.TestSuite.runTest(TestSuite.java:232)
	at junit.framework.TestSuite.run(TestSuite.java:227)
	at junit.framework.TestSuite.runTest(TestSuite.java:232)
	at junit.framework.TestSuite.run(TestSuite.java:227)
	at junit.framework.TestSuite.runTest(TestSuite.java:232)
	at junit.framework.TestSuite.run(TestSuite.java:227)
	at org.apache.tools.ant.taskdefs.optional.junit.JUnitTestRunner.run(JUnitTestRunner.java:420)
	at org.apache.tools.ant.taskdefs.optional.junit.JUnitTestRunner.launch(JUnitTestRunner.java:911)
	at org.apache.tools.ant.taskdefs.optional.junit.JUnitTestRunner.main(JUnitTestRunner.java:768)
Caused by: com.topcoder.db.connectionfactory.DBConnectionException: error occurs while creating the connection.
	at com.topcoder.db.connectionfactory.producers.JDBCConnectionProducer.createConnection(JDBCConnectionProducer.java:450)
	at com.topcoder.db.connectionfactory.producers.JDBCConnectionProducer.createConnection(JDBCConnectionProducer.java:406)
	at com.topcoder.db.connectionfactory.DBConnectionFactoryImpl.createConnection(DBConnectionFactoryImpl.java:477)
	at com.cronos.termsofuse.dao.impl.Helper.createConnection(Helper.java:193)
	... 22 more
Caused by: java.sql.SQLException: Incorrect password or user com.informix.asf.IfxASFRemoteException: informix@pc001 is not known on the database server.
	at com.informix.jdbc.IfxSqliConnect.<init>(IfxSqliConnect.java:964)
	at sun.reflect.GeneratedConstructorAccessor24.newInstance(Unknown Source)
	at sun.reflect.DelegatingConstructorAccessorImpl.newInstance(DelegatingConstructorAccessorImpl.java:27)
	at java.lang.reflect.Constructor.newInstance(Constructor.java:513)
	at com.informix.jdbc.IfxDriver.connect(IfxDriver.java:254)
	at java.sql.DriverManager.getConnection(DriverManager.java:582)
	at java.sql.DriverManager.getConnection(DriverManager.java:154)
	at com.topcoder.db.connectionfactory.producers.JDBCConnectionProducer.createConnection(JDBCConnectionProducer.java:448)
	... 25 more

Entering method [com.cronos.termsofuse.dao.impl.UserTermsOfUseDaoImpl.createUserTermsOfUse(long userId, long termsOfUseId)].
Input parameters[userId:1, termsOfUseId:1]
Entering method [com.cronos.termsofuse.dao.impl.UserTermsOfUseDaoImpl.hasTermsOfUseBan(long userId, long termsOfUseId)].
Input parameters[userId:1, termsOfUseId:1]
Error in method [com.cronos.termsofuse.dao.impl.UserTermsOfUseDaoImpl.hasTermsOfUseBan(long userId, long termsOfUseId)].
com.cronos.termsofuse.dao.TermsOfUsePersistenceException: Failed to create a connection.
	at com.cronos.termsofuse.dao.impl.Helper.createConnection(Helper.java:195)
	at com.cronos.termsofuse.dao.impl.UserTermsOfUseDaoImpl.hasRecord(UserTermsOfUseDaoImpl.java:409)
	at com.cronos.termsofuse.dao.impl.UserTermsOfUseDaoImpl.hasTermsOfUseBan(UserTermsOfUseDaoImpl.java:379)
	at com.cronos.termsofuse.dao.impl.UserTermsOfUseDaoImpl.createUserTermsOfUse(UserTermsOfUseDaoImpl.java:206)
	at com.cronos.termsofuse.dao.failure.UserTermsOfUseDaoImplFailureTest.test_createUserTermsOfUse_1(UserTermsOfUseDaoImplFailureTest.java:126)
	at sun.reflect.NativeMethodAccessorImpl.invoke0(Native Method)
	at sun.reflect.NativeMethodAccessorImpl.invoke(NativeMethodAccessorImpl.java:39)
	at sun.reflect.DelegatingMethodAccessorImpl.invoke(DelegatingMethodAccessorImpl.java:25)
	at java.lang.reflect.Method.invoke(Method.java:597)
	at junit.framework.TestCase.runTest(TestCase.java:168)
	at junit.framework.TestCase.runBare(TestCase.java:134)
	at junit.framework.TestResult$1.protect(TestResult.java:110)
	at junit.framework.TestResult.runProtected(TestResult.java:128)
	at junit.framework.TestResult.run(TestResult.java:113)
	at junit.framework.TestCase.run(TestCase.java:124)
	at junit.framework.TestSuite.runTest(TestSuite.java:232)
	at junit.framework.TestSuite.run(TestSuite.java:227)
	at junit.framework.TestSuite.runTest(TestSuite.java:232)
	at junit.framework.TestSuite.run(TestSuite.java:227)
	at junit.framework.TestSuite.runTest(TestSuite.java:232)
	at junit.framework.TestSuite.run(TestSuite.java:227)
	at org.apache.tools.ant.taskdefs.optional.junit.JUnitTestRunner.run(JUnitTestRunner.java:420)
	at org.apache.tools.ant.taskdefs.optional.junit.JUnitTestRunner.launch(JUnitTestRunner.java:911)
	at org.apache.tools.ant.taskdefs.optional.junit.JUnitTestRunner.main(JUnitTestRunner.java:768)
Caused by: com.topcoder.db.connectionfactory.DBConnectionException: error occurs while creating the connection.
	at com.topcoder.db.connectionfactory.producers.JDBCConnectionProducer.createConnection(JDBCConnectionProducer.java:450)
	at com.topcoder.db.connectionfactory.producers.JDBCConnectionProducer.createConnection(JDBCConnectionProducer.java:406)
	at com.topcoder.db.connectionfactory.DBConnectionFactoryImpl.createConnection(DBConnectionFactoryImpl.java:477)
	at com.cronos.termsofuse.dao.impl.Helper.createConnection(Helper.java:193)
	... 23 more
Caused by: java.sql.SQLException: Incorrect password or user com.informix.asf.IfxASFRemoteException: informix@pc001 is not known on the database server.
	at com.informix.jdbc.IfxSqliConnect.<init>(IfxSqliConnect.java:964)
	at sun.reflect.GeneratedConstructorAccessor24.newInstance(Unknown Source)
	at sun.reflect.DelegatingConstructorAccessorImpl.newInstance(DelegatingConstructorAccessorImpl.java:27)
	at java.lang.reflect.Constructor.newInstance(Constructor.java:513)
	at com.informix.jdbc.IfxDriver.connect(IfxDriver.java:254)
	at java.sql.DriverManager.getConnection(DriverManager.java:582)
	at java.sql.DriverManager.getConnection(DriverManager.java:154)
	at com.topcoder.db.connectionfactory.producers.JDBCConnectionProducer.createConnection(JDBCConnectionProducer.java:448)
	... 26 more

Entering method [com.cronos.termsofuse.dao.impl.UserTermsOfUseDaoImpl.createUserTermsOfUse(long userId, long termsOfUseId)].
Input parameters[userId:1, termsOfUseId:10000]
Entering method [com.cronos.termsofuse.dao.impl.UserTermsOfUseDaoImpl.hasTermsOfUseBan(long userId, long termsOfUseId)].
Input parameters[userId:1, termsOfUseId:10000]
Exiting method [com.cronos.termsofuse.dao.impl.UserTermsOfUseDaoImpl.hasTermsOfUseBan(long userId, long termsOfUseId)].
Output parameter: false
Error in method [com.cronos.termsofuse.dao.impl.UserTermsOfUseDaoImpl.createUserTermsOfUse(long userId, long termsOfUseId)].
com.cronos.termsofuse.dao.TermsOfUsePersistenceException: A database access error has occurred.
	at com.cronos.termsofuse.dao.impl.Helper.executeUpdate(Helper.java:317)
	at com.cronos.termsofuse.dao.impl.UserTermsOfUseDaoImpl.createUserTermsOfUse(UserTermsOfUseDaoImpl.java:213)
	at com.cronos.termsofuse.dao.failure.UserTermsOfUseDaoImplFailureTest.test_createUserTermsOfUse_2(UserTermsOfUseDaoImplFailureTest.java:138)
	at sun.reflect.NativeMethodAccessorImpl.invoke0(Native Method)
	at sun.reflect.NativeMethodAccessorImpl.invoke(NativeMethodAccessorImpl.java:39)
	at sun.reflect.DelegatingMethodAccessorImpl.invoke(DelegatingMethodAccessorImpl.java:25)
	at java.lang.reflect.Method.invoke(Method.java:597)
	at junit.framework.TestCase.runTest(TestCase.java:168)
	at junit.framework.TestCase.runBare(TestCase.java:134)
	at junit.framework.TestResult$1.protect(TestResult.java:110)
	at junit.framework.TestResult.runProtected(TestResult.java:128)
	at junit.framework.TestResult.run(TestResult.java:113)
	at junit.framework.TestCase.run(TestCase.java:124)
	at junit.framework.TestSuite.runTest(TestSuite.java:232)
	at junit.framework.TestSuite.run(TestSuite.java:227)
	at junit.framework.TestSuite.runTest(TestSuite.java:232)
	at junit.framework.TestSuite.run(TestSuite.java:227)
	at junit.framework.TestSuite.runTest(TestSuite.java:232)
	at junit.framework.TestSuite.run(TestSuite.java:227)
	at org.apache.tools.ant.taskdefs.optional.junit.JUnitTestRunner.run(JUnitTestRunner.java:420)
	at org.apache.tools.ant.taskdefs.optional.junit.JUnitTestRunner.launch(JUnitTestRunner.java:911)
	at org.apache.tools.ant.taskdefs.optional.junit.JUnitTestRunner.main(JUnitTestRunner.java:768)
Caused by: java.sql.SQLException: Missing key in referenced table for referential constraint (informix.userterms_terms_fk).
	at com.informix.jdbc.IfxSqli.a(IfxSqli.java:3204)
	at com.informix.jdbc.IfxSqli.E(IfxSqli.java:3518)
	at com.informix.jdbc.IfxSqli.dispatchMsg(IfxSqli.java:2353)
	at com.informix.jdbc.IfxSqli.receiveMessage(IfxSqli.java:2269)
	at com.informix.jdbc.IfxSqli.executeCommand(IfxSqli.java:775)
	at com.informix.jdbc.IfxResultSet.b(IfxResultSet.java:291)
	at com.informix.jdbc.IfxStatement.c(IfxStatement.java:1253)
	at com.informix.jdbc.IfxPreparedStatement.executeUpdate(IfxPreparedStatement.java:408)
	at com.cronos.termsofuse.dao.impl.Helper.executeUpdate(Helper.java:315)
	... 21 more
Caused by: java.sql.SQLException: ISAM error: no record found.
	at com.informix.util.IfxErrMsg.getSQLException(IfxErrMsg.java:373)
	at com.informix.jdbc.IfxSqli.E(IfxSqli.java:3523)
	... 28 more

Entering method [com.cronos.termsofuse.dao.impl.UserTermsOfUseDaoImpl.createUserTermsOfUse(long userId, long termsOfUseId)].
Input parameters[userId:10000, termsOfUseId:1]
Entering method [com.cronos.termsofuse.dao.impl.UserTermsOfUseDaoImpl.hasTermsOfUseBan(long userId, long termsOfUseId)].
Input parameters[userId:10000, termsOfUseId:1]
Exiting method [com.cronos.termsofuse.dao.impl.UserTermsOfUseDaoImpl.hasTermsOfUseBan(long userId, long termsOfUseId)].
Output parameter: false
Error in method [com.cronos.termsofuse.dao.impl.UserTermsOfUseDaoImpl.createUserTermsOfUse(long userId, long termsOfUseId)].
com.cronos.termsofuse.dao.TermsOfUsePersistenceException: A database access error has occurred.
	at com.cronos.termsofuse.dao.impl.Helper.executeUpdate(Helper.java:317)
	at com.cronos.termsofuse.dao.impl.UserTermsOfUseDaoImpl.createUserTermsOfUse(UserTermsOfUseDaoImpl.java:213)
	at com.cronos.termsofuse.dao.failure.UserTermsOfUseDaoImplFailureTest.test_createUserTermsOfUse_6(UserTermsOfUseDaoImplFailureTest.java:150)
	at sun.reflect.NativeMethodAccessorImpl.invoke0(Native Method)
	at sun.reflect.NativeMethodAccessorImpl.invoke(NativeMethodAccessorImpl.java:39)
	at sun.reflect.DelegatingMethodAccessorImpl.invoke(DelegatingMethodAccessorImpl.java:25)
	at java.lang.reflect.Method.invoke(Method.java:597)
	at junit.framework.TestCase.runTest(TestCase.java:168)
	at junit.framework.TestCase.runBare(TestCase.java:134)
	at junit.framework.TestResult$1.protect(TestResult.java:110)
	at junit.framework.TestResult.runProtected(TestResult.java:128)
	at junit.framework.TestResult.run(TestResult.java:113)
	at junit.framework.TestCase.run(TestCase.java:124)
	at junit.framework.TestSuite.runTest(TestSuite.java:232)
	at junit.framework.TestSuite.run(TestSuite.java:227)
	at junit.framework.TestSuite.runTest(TestSuite.java:232)
	at junit.framework.TestSuite.run(TestSuite.java:227)
	at junit.framework.TestSuite.runTest(TestSuite.java:232)
	at junit.framework.TestSuite.run(TestSuite.java:227)
	at org.apache.tools.ant.taskdefs.optional.junit.JUnitTestRunner.run(JUnitTestRunner.java:420)
	at org.apache.tools.ant.taskdefs.optional.junit.JUnitTestRunner.launch(JUnitTestRunner.java:911)
	at org.apache.tools.ant.taskdefs.optional.junit.JUnitTestRunner.main(JUnitTestRunner.java:768)
Caused by: java.sql.SQLException: Missing key in referenced table for referential constraint (informix.usertermsofusexref_user_fk).
	at com.informix.jdbc.IfxSqli.a(IfxSqli.java:3204)
	at com.informix.jdbc.IfxSqli.E(IfxSqli.java:3518)
	at com.informix.jdbc.IfxSqli.dispatchMsg(IfxSqli.java:2353)
	at com.informix.jdbc.IfxSqli.receiveMessage(IfxSqli.java:2269)
	at com.informix.jdbc.IfxSqli.executeCommand(IfxSqli.java:775)
	at com.informix.jdbc.IfxResultSet.b(IfxResultSet.java:291)
	at com.informix.jdbc.IfxStatement.c(IfxStatement.java:1253)
	at com.informix.jdbc.IfxPreparedStatement.executeUpdate(IfxPreparedStatement.java:408)
	at com.cronos.termsofuse.dao.impl.Helper.executeUpdate(Helper.java:315)
	... 21 more
Caused by: java.sql.SQLException: ISAM error: no record found.
	at com.informix.util.IfxErrMsg.getSQLException(IfxErrMsg.java:373)
	at com.informix.jdbc.IfxSqli.E(IfxSqli.java:3523)
	... 28 more

Entering method [com.cronos.termsofuse.dao.impl.UserTermsOfUseDaoImpl.createUserTermsOfUse(long userId, long termsOfUseId)].
Input parameters[userId:1, termsOfUseId:1]
Entering method [com.cronos.termsofuse.dao.impl.UserTermsOfUseDaoImpl.hasTermsOfUseBan(long userId, long termsOfUseId)].
Input parameters[userId:1, termsOfUseId:1]
Exiting method [com.cronos.termsofuse.dao.impl.UserTermsOfUseDaoImpl.hasTermsOfUseBan(long userId, long termsOfUseId)].
Output parameter: false
Exiting method [com.cronos.termsofuse.dao.impl.UserTermsOfUseDaoImpl.createUserTermsOfUse(long userId, long termsOfUseId)].
Entering method [com.cronos.termsofuse.dao.impl.UserTermsOfUseDaoImpl.createUserTermsOfUse(long userId, long termsOfUseId)].
Input parameters[userId:1, termsOfUseId:1]
Entering method [com.cronos.termsofuse.dao.impl.UserTermsOfUseDaoImpl.hasTermsOfUseBan(long userId, long termsOfUseId)].
Input parameters[userId:1, termsOfUseId:1]
Exiting method [com.cronos.termsofuse.dao.impl.UserTermsOfUseDaoImpl.hasTermsOfUseBan(long userId, long termsOfUseId)].
Output parameter: false
Error in method [com.cronos.termsofuse.dao.impl.UserTermsOfUseDaoImpl.createUserTermsOfUse(long userId, long termsOfUseId)].
com.cronos.termsofuse.dao.TermsOfUsePersistenceException: A database access error has occurred.
	at com.cronos.termsofuse.dao.impl.Helper.executeUpdate(Helper.java:317)
	at com.cronos.termsofuse.dao.impl.UserTermsOfUseDaoImpl.createUserTermsOfUse(UserTermsOfUseDaoImpl.java:213)
	at com.cronos.termsofuse.dao.failure.UserTermsOfUseDaoImplFailureTest.test_createUserTermsOfUse_3(UserTermsOfUseDaoImplFailureTest.java:163)
	at sun.reflect.NativeMethodAccessorImpl.invoke0(Native Method)
	at sun.reflect.NativeMethodAccessorImpl.invoke(NativeMethodAccessorImpl.java:39)
	at sun.reflect.DelegatingMethodAccessorImpl.invoke(DelegatingMethodAccessorImpl.java:25)
	at java.lang.reflect.Method.invoke(Method.java:597)
	at junit.framework.TestCase.runTest(TestCase.java:168)
	at junit.framework.TestCase.runBare(TestCase.java:134)
	at junit.framework.TestResult$1.protect(TestResult.java:110)
	at junit.framework.TestResult.runProtected(TestResult.java:128)
	at junit.framework.TestResult.run(TestResult.java:113)
	at junit.framework.TestCase.run(TestCase.java:124)
	at junit.framework.TestSuite.runTest(TestSuite.java:232)
	at junit.framework.TestSuite.run(TestSuite.java:227)
	at junit.framework.TestSuite.runTest(TestSuite.java:232)
	at junit.framework.TestSuite.run(TestSuite.java:227)
	at junit.framework.TestSuite.runTest(TestSuite.java:232)
	at junit.framework.TestSuite.run(TestSuite.java:227)
	at org.apache.tools.ant.taskdefs.optional.junit.JUnitTestRunner.run(JUnitTestRunner.java:420)
	at org.apache.tools.ant.taskdefs.optional.junit.JUnitTestRunner.launch(JUnitTestRunner.java:911)
	at org.apache.tools.ant.taskdefs.optional.junit.JUnitTestRunner.main(JUnitTestRunner.java:768)
Caused by: java.sql.SQLException: Unique constraint (informix.u116_29) violated.
	at com.informix.jdbc.IfxSqli.a(IfxSqli.java:3204)
	at com.informix.jdbc.IfxSqli.E(IfxSqli.java:3518)
	at com.informix.jdbc.IfxSqli.dispatchMsg(IfxSqli.java:2353)
	at com.informix.jdbc.IfxSqli.receiveMessage(IfxSqli.java:2269)
	at com.informix.jdbc.IfxSqli.executeCommand(IfxSqli.java:775)
	at com.informix.jdbc.IfxResultSet.b(IfxResultSet.java:291)
	at com.informix.jdbc.IfxStatement.c(IfxStatement.java:1253)
	at com.informix.jdbc.IfxPreparedStatement.executeUpdate(IfxPreparedStatement.java:408)
	at com.cronos.termsofuse.dao.impl.Helper.executeUpdate(Helper.java:315)
	... 21 more
Caused by: java.sql.SQLException: ISAM error: duplicate value for a record with unique key.
	at com.informix.util.IfxErrMsg.getSQLException(IfxErrMsg.java:373)
	at com.informix.jdbc.IfxSqli.E(IfxSqli.java:3523)
	... 28 more

Entering method [com.cronos.termsofuse.dao.impl.UserTermsOfUseDaoImpl.createUserTermsOfUse(long userId, long termsOfUseId)].
Input parameters[userId:2, termsOfUseId:1]
Entering method [com.cronos.termsofuse.dao.impl.UserTermsOfUseDaoImpl.hasTermsOfUseBan(long userId, long termsOfUseId)].
Input parameters[userId:2, termsOfUseId:1]
Exiting method [com.cronos.termsofuse.dao.impl.UserTermsOfUseDaoImpl.hasTermsOfUseBan(long userId, long termsOfUseId)].
Output parameter: true
Error in method [com.cronos.termsofuse.dao.impl.UserTermsOfUseDaoImpl.createUserTermsOfUse(long userId, long termsOfUseId)].
com.cronos.termsofuse.dao.UserBannedException: The user with id 2 has a ban for following terms of use with id 1.
	at com.cronos.termsofuse.dao.impl.UserTermsOfUseDaoImpl.createUserTermsOfUse(UserTermsOfUseDaoImpl.java:208)
	at com.cronos.termsofuse.dao.failure.UserTermsOfUseDaoImplFailureTest.test_createUserTermsOfUse_4(UserTermsOfUseDaoImplFailureTest.java:175)
	at sun.reflect.NativeMethodAccessorImpl.invoke0(Native Method)
	at sun.reflect.NativeMethodAccessorImpl.invoke(NativeMethodAccessorImpl.java:39)
	at sun.reflect.DelegatingMethodAccessorImpl.invoke(DelegatingMethodAccessorImpl.java:25)
	at java.lang.reflect.Method.invoke(Method.java:597)
	at junit.framework.TestCase.runTest(TestCase.java:168)
	at junit.framework.TestCase.runBare(TestCase.java:134)
	at junit.framework.TestResult$1.protect(TestResult.java:110)
	at junit.framework.TestResult.runProtected(TestResult.java:128)
	at junit.framework.TestResult.run(TestResult.java:113)
	at junit.framework.TestCase.run(TestCase.java:124)
	at junit.framework.TestSuite.runTest(TestSuite.java:232)
	at junit.framework.TestSuite.run(TestSuite.java:227)
	at junit.framework.TestSuite.runTest(TestSuite.java:232)
	at junit.framework.TestSuite.run(TestSuite.java:227)
	at junit.framework.TestSuite.runTest(TestSuite.java:232)
	at junit.framework.TestSuite.run(TestSuite.java:227)
	at org.apache.tools.ant.taskdefs.optional.junit.JUnitTestRunner.run(JUnitTestRunner.java:420)
	at org.apache.tools.ant.taskdefs.optional.junit.JUnitTestRunner.launch(JUnitTestRunner.java:911)
	at org.apache.tools.ant.taskdefs.optional.junit.JUnitTestRunner.main(JUnitTestRunner.java:768)

Entering method [com.cronos.termsofuse.dao.impl.UserTermsOfUseDaoImpl.removeUserTermsOfUse(long userId, long termsOfUseId)].
Input parameters[userId:2, termsOfUseId:2]
Error in method [com.cronos.termsofuse.dao.impl.UserTermsOfUseDaoImpl.removeUserTermsOfUse(long userId, long termsOfUseId)].
com.cronos.termsofuse.dao.TermsOfUsePersistenceException: Failed to create a connection.
	at com.cronos.termsofuse.dao.impl.Helper.createConnection(Helper.java:195)
	at com.cronos.termsofuse.dao.impl.Helper.executeUpdate(Helper.java:308)
	at com.cronos.termsofuse.dao.impl.Helper.executeUpdate(Helper.java:346)
	at com.cronos.termsofuse.dao.impl.UserTermsOfUseDaoImpl.removeUserTermsOfUse(UserTermsOfUseDaoImpl.java:248)
	at com.cronos.termsofuse.dao.failure.UserTermsOfUseDaoImplFailureTest.test_removeUserTermsOfUse_1(UserTermsOfUseDaoImplFailureTest.java:190)
	at sun.reflect.NativeMethodAccessorImpl.invoke0(Native Method)
	at sun.reflect.NativeMethodAccessorImpl.invoke(NativeMethodAccessorImpl.java:39)
	at sun.reflect.DelegatingMethodAccessorImpl.invoke(DelegatingMethodAccessorImpl.java:25)
	at java.lang.reflect.Method.invoke(Method.java:597)
	at junit.framework.TestCase.runTest(TestCase.java:168)
	at junit.framework.TestCase.runBare(TestCase.java:134)
	at junit.framework.TestResult$1.protect(TestResult.java:110)
	at junit.framework.TestResult.runProtected(TestResult.java:128)
	at junit.framework.TestResult.run(TestResult.java:113)
	at junit.framework.TestCase.run(TestCase.java:124)
	at junit.framework.TestSuite.runTest(TestSuite.java:232)
	at junit.framework.TestSuite.run(TestSuite.java:227)
	at junit.framework.TestSuite.runTest(TestSuite.java:232)
	at junit.framework.TestSuite.run(TestSuite.java:227)
	at junit.framework.TestSuite.runTest(TestSuite.java:232)
	at junit.framework.TestSuite.run(TestSuite.java:227)
	at org.apache.tools.ant.taskdefs.optional.junit.JUnitTestRunner.run(JUnitTestRunner.java:420)
	at org.apache.tools.ant.taskdefs.optional.junit.JUnitTestRunner.launch(JUnitTestRunner.java:911)
	at org.apache.tools.ant.taskdefs.optional.junit.JUnitTestRunner.main(JUnitTestRunner.java:768)
Caused by: com.topcoder.db.connectionfactory.DBConnectionException: error occurs while creating the connection.
	at com.topcoder.db.connectionfactory.producers.JDBCConnectionProducer.createConnection(JDBCConnectionProducer.java:450)
	at com.topcoder.db.connectionfactory.producers.JDBCConnectionProducer.createConnection(JDBCConnectionProducer.java:406)
	at com.topcoder.db.connectionfactory.DBConnectionFactoryImpl.createConnection(DBConnectionFactoryImpl.java:477)
	at com.cronos.termsofuse.dao.impl.Helper.createConnection(Helper.java:193)
	... 23 more
Caused by: java.sql.SQLException: Incorrect password or user com.informix.asf.IfxASFRemoteException: informix@pc001 is not known on the database server.
	at com.informix.jdbc.IfxSqliConnect.<init>(IfxSqliConnect.java:964)
	at sun.reflect.GeneratedConstructorAccessor24.newInstance(Unknown Source)
	at sun.reflect.DelegatingConstructorAccessorImpl.newInstance(DelegatingConstructorAccessorImpl.java:27)
	at java.lang.reflect.Constructor.newInstance(Constructor.java:513)
	at com.informix.jdbc.IfxDriver.connect(IfxDriver.java:254)
	at java.sql.DriverManager.getConnection(DriverManager.java:582)
	at java.sql.DriverManager.getConnection(DriverManager.java:154)
	at com.topcoder.db.connectionfactory.producers.JDBCConnectionProducer.createConnection(JDBCConnectionProducer.java:448)
	... 26 more

Entering method [com.cronos.termsofuse.dao.impl.UserTermsOfUseDaoImpl.removeUserTermsOfUse(long userId, long termsOfUseId)].
Input parameters[userId:2, termsOfUseId:1]
Error in method [com.cronos.termsofuse.dao.impl.UserTermsOfUseDaoImpl.removeUserTermsOfUse(long userId, long termsOfUseId)].
com.cronos.termsofuse.dao.EntityNotFoundException: The entity was not found for id (2, 1).
	at com.cronos.termsofuse.dao.impl.Helper.executeUpdate(Helper.java:348)
	at com.cronos.termsofuse.dao.impl.UserTermsOfUseDaoImpl.removeUserTermsOfUse(UserTermsOfUseDaoImpl.java:248)
	at com.cronos.termsofuse.dao.failure.UserTermsOfUseDaoImplFailureTest.test_removeUserTermsOfUse_2(UserTermsOfUseDaoImplFailureTest.java:202)
	at sun.reflect.NativeMethodAccessorImpl.invoke0(Native Method)
	at sun.reflect.NativeMethodAccessorImpl.invoke(NativeMethodAccessorImpl.java:39)
	at sun.reflect.DelegatingMethodAccessorImpl.invoke(DelegatingMethodAccessorImpl.java:25)
	at java.lang.reflect.Method.invoke(Method.java:597)
	at junit.framework.TestCase.runTest(TestCase.java:168)
	at junit.framework.TestCase.runBare(TestCase.java:134)
	at junit.framework.TestResult$1.protect(TestResult.java:110)
	at junit.framework.TestResult.runProtected(TestResult.java:128)
	at junit.framework.TestResult.run(TestResult.java:113)
	at junit.framework.TestCase.run(TestCase.java:124)
	at junit.framework.TestSuite.runTest(TestSuite.java:232)
	at junit.framework.TestSuite.run(TestSuite.java:227)
	at junit.framework.TestSuite.runTest(TestSuite.java:232)
	at junit.framework.TestSuite.run(TestSuite.java:227)
	at junit.framework.TestSuite.runTest(TestSuite.java:232)
	at junit.framework.TestSuite.run(TestSuite.java:227)
	at org.apache.tools.ant.taskdefs.optional.junit.JUnitTestRunner.run(JUnitTestRunner.java:420)
	at org.apache.tools.ant.taskdefs.optional.junit.JUnitTestRunner.launch(JUnitTestRunner.java:911)
	at org.apache.tools.ant.taskdefs.optional.junit.JUnitTestRunner.main(JUnitTestRunner.java:768)

Entering method [com.cronos.termsofuse.dao.impl.UserTermsOfUseDaoImpl.removeUserTermsOfUse(long userId, long termsOfUseId)].
Input parameters[userId:100000, termsOfUseId:1]
Error in method [com.cronos.termsofuse.dao.impl.UserTermsOfUseDaoImpl.removeUserTermsOfUse(long userId, long termsOfUseId)].
com.cronos.termsofuse.dao.EntityNotFoundException: The entity was not found for id (100000, 1).
	at com.cronos.termsofuse.dao.impl.Helper.executeUpdate(Helper.java:348)
	at com.cronos.termsofuse.dao.impl.UserTermsOfUseDaoImpl.removeUserTermsOfUse(UserTermsOfUseDaoImpl.java:248)
	at com.cronos.termsofuse.dao.failure.UserTermsOfUseDaoImplFailureTest.test_removeUserTermsOfUse_3(UserTermsOfUseDaoImplFailureTest.java:214)
	at sun.reflect.NativeMethodAccessorImpl.invoke0(Native Method)
	at sun.reflect.NativeMethodAccessorImpl.invoke(NativeMethodAccessorImpl.java:39)
	at sun.reflect.DelegatingMethodAccessorImpl.invoke(DelegatingMethodAccessorImpl.java:25)
	at java.lang.reflect.Method.invoke(Method.java:597)
	at junit.framework.TestCase.runTest(TestCase.java:168)
	at junit.framework.TestCase.runBare(TestCase.java:134)
	at junit.framework.TestResult$1.protect(TestResult.java:110)
	at junit.framework.TestResult.runProtected(TestResult.java:128)
	at junit.framework.TestResult.run(TestResult.java:113)
	at junit.framework.TestCase.run(TestCase.java:124)
	at junit.framework.TestSuite.runTest(TestSuite.java:232)
	at junit.framework.TestSuite.run(TestSuite.java:227)
	at junit.framework.TestSuite.runTest(TestSuite.java:232)
	at junit.framework.TestSuite.run(TestSuite.java:227)
	at junit.framework.TestSuite.runTest(TestSuite.java:232)
	at junit.framework.TestSuite.run(TestSuite.java:227)
	at org.apache.tools.ant.taskdefs.optional.junit.JUnitTestRunner.run(JUnitTestRunner.java:420)
	at org.apache.tools.ant.taskdefs.optional.junit.JUnitTestRunner.launch(JUnitTestRunner.java:911)
	at org.apache.tools.ant.taskdefs.optional.junit.JUnitTestRunner.main(JUnitTestRunner.java:768)
------------- ---------------- ---------------

Testcase: testDemo took 5.797 sec
Testcase: test_checkNull_Null took 1.407 sec
Testcase: test_checkNull took 1.5 sec
Testcase: test_getRequiredProperty_Missing took 1.484 sec
Testcase: test_getRequiredProperty_NotString took 1.437 sec
Testcase: test_getRequiredProperty took 1.36 sec
Testcase: test_closeStatement_1 took 1.5 sec
Testcase: test_closeStatement_2 took 1.5 sec
Testcase: test_closeConnection took 1.609 sec
Testcase: test_createConnection took 1.469 sec
Testcase: test_getTermsOfUse1 took 1.562 sec
Testcase: test_getTermsOfUse2 took 1.641 sec
Testcase: test_getTermsOfUse2_Error took 1.719 sec
Testcase: test_executeUpdate1 took 1.797 sec
Testcase: test_executeUpdate1_Error took 1.75 sec
Testcase: test_executeUpdate2 took 1.828 sec
Testcase: test_executeUpdate2_EntityNotFoundError took 1.578 sec
Testcase: test_executeUpdate2_Error took 1.609 sec
Testcase: test_logEntrance_1 took 1.485 sec
Testcase: test_logEntrance_2 took 1.515 sec
Testcase: test_logExit_1 took 1.391 sec
Testcase: test_logExit_2 took 1.375 sec
Testcase: test_logException took 1.359 sec
Testcase: testCtor took 0 sec
Testcase: testCtor_configurationObjectNull took 0 sec
Testcase: testCtor_dbConnectionFactoryConfigMissing took 0 sec
Testcase: testCtor_dbConnectionFactoryConfigInvalid1 took 0 sec
Testcase: testCtor_dbConnectionFactoryConfigInvalid2 took 0 sec
Testcase: testCtor_loggerNameMissing took 0.016 sec
Testcase: testCtor_loggerNameNotString took 0 sec
Testcase: test_getDBConnectionFactory took 0 sec
Testcase: test_getLog took 0 sec
Testcase: testCtor took 1.453 sec
Testcase: testCtor_configurationObjectNull took 1.422 sec
Testcase: testCtor_dbConnectionFactoryConfigMissing took 1.421 sec
Testcase: testCtor_dbConnectionFactoryConfigInvalid1 took 1.485 sec
Testcase: testCtor_dbConnectionFactoryConfigInvalid2 took 1.437 sec
Testcase: testCtor_loggerNameMissing took 1.657 sec
Testcase: testCtor_loggerNameNotString took 1.484 sec
Testcase: test_createProjectRoleTermsOfUse took 1.75 sec
Testcase: test_createProjectRoleTermsOfUse_PersistenceError took 1.594 sec
Testcase: test_removeProjectRoleTermsOfUse took 1.812 sec
Testcase: test_removeProjectRoleTermsOfUse_EntityNotFoundError took 1.703 sec
Testcase: test_removeProjectRoleTermsOfUse_PersistenceError took 1.969 sec
Testcase: test_getTermsOfUse_1 took 1.453 sec
Testcase: test_getTermsOfUse_2 took 1.61 sec
Testcase: test_getTermsOfUse_3 took 1.625 sec
Testcase: test_getTermsOfUse_resourceRoleIdsNull took 1.531 sec
Testcase: test_getTermsOfUse_resourceRoleIdsEmpty took 1.312 sec
Testcase: test_getTermsOfUse_PersistenceError took 1.547 sec
Testcase: test_removeAllProjectRoleTermsOfUse_1 took 1.61 sec
Testcase: test_removeAllProjectRoleTermsOfUse_2 took 1.953 sec
Testcase: test_removeAllProjectRoleTermsOfUse_PersistenceError took 1.782 sec
Testcase: testCtor took 1.171 sec
Testcase: testCtor_configurationObjectNull took 1.469 sec
Testcase: testCtor_dbConnectionFactoryConfigMissing took 1.5 sec
Testcase: testCtor_dbConnectionFactoryConfigInvalid1 took 1.313 sec
Testcase: testCtor_dbConnectionFactoryConfigInvalid2 took 1.484 sec
Testcase: testCtor_loggerNameMissing took 1.359 sec
Testcase: testCtor_loggerNameNotString took 1.438 sec
Testcase: test_getTermsOfUse_1 took 1.828 sec
Testcase: test_getTermsOfUse_2 took 1.656 sec
Testcase: test_getTermsOfUse_PersistenceError took 1.891 sec
Testcase: testCtor_idGeneratorNameMissing took 1.171 sec
Testcase: testCtor_idGeneratorNameNotString took 1.532 sec
Testcase: testCtor_idGeneratorNameInvalid took 1.593 sec
Testcase: test_createTermsOfUse_1 took 4.36 sec
Testcase: test_createTermsOfUse_2 took 1.531 sec
Testcase: test_createTermsOfUse_3 took 1.844 sec
Testcase: test_createTermsOfUse_termsOfUseNull took 2.11 sec
Testcase: test_createTermsOfUse_IDGenerationError took 1.594 sec
Testcase: test_createTermsOfUse_PersistenceError took 1.609 sec
Testcase: test_updateTermsOfUse_1 took 2.328 sec
Testcase: test_updateTermsOfUse_2 took 1.875 sec
Testcase: test_updateTermsOfUse_termsOfUseNull took 1.609 sec
Testcase: test_updateTermsOfUse_EntityNotFoundError took 1.704 sec
Testcase: test_updateTermsOfUse_PersistenceError took 2.703 sec
Testcase: test_deleteTermsOfUse took 2.734 sec
Testcase: test_deleteTermsOfUse_EntityNotFoundError took 1.641 sec
Testcase: test_deleteTermsOfUse_PersistenceError took 1.765 sec
Testcase: test_getTermsOfUseByTypeId_1 took 1.907 sec
Testcase: test_getTermsOfUseByTypeId_2 took 2.235 sec
Testcase: test_getTermsOfUseByTypeId_3 took 1.515 sec
Testcase: test_getTermsOfUseByTypeId_PersistenceError took 1.688 sec
Testcase: test_getAllTermsOfUse_1 took 1.656 sec
Testcase: test_getAllTermsOfUse_2 took 1.625 sec
Testcase: test_getAllTermsOfUse_3 took 2.875 sec
Testcase: test_getAllTermsOfUse_PersistenceError took 1.625 sec
Testcase: test_getTermsOfUseType_1 took 1.625 sec
Testcase: test_getTermsOfUseType_2 took 2.047 sec
Testcase: test_getTermsOfUseType_PersistenceError took 2.125 sec
Testcase: test_updateTermsOfUseType_1 took 1.734 sec
Testcase: test_updateTermsOfUseType_2 took 2.969 sec
Testcase: test_updateTermsOfUseType_termsTypeNull took 1.328 sec
Testcase: test_updateTermsOfUseType_EntityNotFoundError took 1.531 sec
Testcase: test_updateTermsOfUseType_PersistenceError took 1.641 sec
Testcase: test_getTermsOfUseText_1 took 1.765 sec
Testcase: test_getTermsOfUseText_2 took 1.922 sec
Testcase: test_getTermsOfUseText_EntityNotFoundError took 1.609 sec
Testcase: test_getTermsOfUseText_PersistenceError took 1.625 sec
Testcase: test_setTermsOfUseText_1 took 1.907 sec
Testcase: test_setTermsOfUseText_2 took 2.14 sec
Testcase: test_setTermsOfUseText_EntityNotFoundError took 1.75 sec
Testcase: test_setTermsOfUseText_PersistenceError took 2.047 sec
Testcase: testCtor took 1.359 sec
Testcase: testCtor_configurationObjectNull took 1.5 sec
Testcase: testCtor_dbConnectionFactoryConfigMissing took 2.031 sec
Testcase: testCtor_dbConnectionFactoryConfigInvalid1 took 2.406 sec
Testcase: testCtor_dbConnectionFactoryConfigInvalid2 took 1.782 sec
Testcase: testCtor_loggerNameMissing took 1.656 sec
Testcase: testCtor_loggerNameNotString took 1.39 sec
Testcase: test_createUserTermsOfUse took 2.266 sec
Testcase: test_createUserTermsOfUse_UserBannedError took 1.75 sec
Testcase: test_createUserTermsOfUse_PersistenceError took 1.656 sec
Testcase: test_removeUserTermsOfUse took 2.219 sec
Testcase: test_removeUserTermsOfUse_EntityNotFoundError took 2.922 sec
Testcase: test_removeUserTermsOfUse_PersistenceError took 2.406 sec
Testcase: test_getTermsOfUseByUserId_1 took 1.531 sec
Testcase: test_getTermsOfUseByUserId_2 took 1.859 sec
Testcase: test_getTermsOfUseByUserId_3 took 1.625 sec
Testcase: test_getTermsOfUseByUserId_PersistenceError took 1.5 sec
Testcase: test_getUsersByTermsOfUseId_1 took 1.406 sec
Testcase: test_getUsersByTermsOfUseId_2 took 2.063 sec
Testcase: test_getUsersByTermsOfUseId_3 took 1.609 sec
Testcase: test_getUsersByTermsOfUseId_PersistenceError took 1.563 sec
Testcase: test_hasTermsOfUse_1 took 2.109 sec
Testcase: test_hasTermsOfUse_2 took 2.25 sec
Testcase: test_hasTermsOfUse_3 took 1.797 sec
Testcase: test_hasTermsOfUse_PersistenceError took 1.625 sec
Testcase: test_hasTermsOfUseBan_1 took 1.453 sec
Testcase: test_hasTermsOfUseBan_2 took 1.75 sec
Testcase: test_hasTermsOfUseBan_3 took 1.734 sec
Testcase: test_hasTermsOfUseBan_PersistenceError took 1.641 sec
Testcase: testCtor took 0 sec
Testcase: test_getTermsOfUseTypeId took 0 sec
Testcase: test_setTermsOfUseTypeId took 0 sec
Testcase: test_getDescription took 0 sec
Testcase: test_setDescription took 0 sec
Testcase: testCtor took 0 sec
Testcase: test_getTermsOfUseTypeId took 0 sec
Testcase: test_setTermsOfUseTypeId took 0 sec
Testcase: test_getTermsOfUseId took 0 sec
Testcase: test_setTermsOfUseId took 0 sec
Testcase: test_getTitle took 0 sec
Testcase: test_setTitle took 0 sec
Testcase: test_isElectronicallySignable took 0 sec
Testcase: test_setElectronicallySignable took 0 sec
Testcase: test_getUrl took 0 sec
Testcase: test_setUrl took 0 sec
Testcase: test_isMemberAgreeable took 0 sec
Testcase: test_setMemberAgreeable took 0 sec
Testcase: testInheritance took 0 sec
Testcase: testCtor1 took 0 sec
Testcase: testCtor2 took 0 sec
Testcase: testCtor3 took 0 sec
Testcase: testCtor4 took 0 sec
Testcase: testInheritance took 0 sec
Testcase: testCtor1 took 0 sec
Testcase: testCtor2 took 0 sec
Testcase: testCtor3 took 0 sec
Testcase: testCtor4 took 0 sec
Testcase: testInheritance took 0 sec
Testcase: testCtor1 took 0 sec
Testcase: testCtor2 took 0 sec
Testcase: testCtor3 took 0 sec
Testcase: testCtor4 took 0 sec
Testcase: testInheritance took 0 sec
Testcase: testCtor1 took 0 sec
Testcase: testCtor2 took 0 sec
Testcase: testCtor3 took 0 sec
Testcase: testCtor4 took 0 sec
Testcase: testInheritance took 0.015 sec
Testcase: testCtor1 took 0 sec
Testcase: testCtor2 took 0 sec
Testcase: testCtor3 took 0 sec
Testcase: testCtor4 took 0 sec
Testcase: testConstructor took 2.266 sec
Testcase: testCreateTermsOfUse took 2.75 sec
Testcase: testCreateTermsOfUse_Null_TermsText took 2.094 sec
Testcase: testUpdateTermsOfUse took 2.734 sec
Testcase: testGetTermsOfUse took 2.078 sec
Testcase: testGetTermsOfUse_Null took 2.36 sec
Testcase: testDeleteTermsOfUse took 2.968 sec
Testcase: testGetTermsOfUseByTypeId took 1.782 sec
Testcase: testGetTermsOfUseByTypeId_Empty took 1.75 sec
Testcase: testGetAllTermsOfUse took 1.968 sec
Testcase: testGetTermsOfUseType took 1.797 sec
Testcase: testGetTermsOfUseType_Null took 1.766 sec
Testcase: testUpdateTermsOfUseType took 2.047 sec
Testcase: testGetTermsOfUseText took 2.156 sec
Testcase: testGetTermsOfUseText_Null took 2.078 sec
Testcase: testSetTermsOfUseText took 2.078 sec
Testcase: testConstructor took 1.594 sec
Testcase: testCreateUserTermsOfUse took 2.281 sec
Testcase: testRemoveUserTermsOfUse took 2.016 sec
Testcase: testGetTermsOfUseByUserId took 1.984 sec
Testcase: testGetTermsOfUseByUserId_Empty took 1.781 sec
Testcase: testGetUsersByTermsOfUseId took 1.86 sec
Testcase: testGetUsersByTermsOfUseId_Empty took 2.187 sec
Testcase: testHasTermsOfUse took 1.844 sec
Testcase: testHasTermsOfUse_Not took 1.828 sec
Testcase: testHasTermsOfUseBan took 1.75 sec
Testcase: testHasTermsOfUseBan_NoBan took 1.641 sec
Testcase: testConstructor took 1.64 sec
Testcase: testCreateProjectRoleTermsOfUse took 1.985 sec
Testcase: testRemoveProjectRoleTermsOfUse took 1.937 sec
Testcase: testRemoveAllProjectRoleTermsOfUse took 2 sec
Testcase: testGetTermsOfUse1 took 1.766 sec
Testcase: testGetTermsOfUse2 took 1.687 sec
Testcase: testGetTermsOfUse_Agreeable took 1.813 sec
Testcase: testGetTermsOfUse_Agreeable_Empty took 1.641 sec
Testcase: testGetTermsOfUse_NoProject took 1.75 sec
Testcase: testGetTermsOfUse_NoResource took 1.921 sec
Testcase: testGetTermsOfUse took 6.313 sec
Testcase: testCreateProjectRoleTermsOfUse took 3.953 sec
Testcase: testRemoveProjectRoleTermsOfUse took 5.953 sec
Testcase: testRemoveAllProjectRoleTermsOfUse took 8 sec
Testcase: testCreateProjectRoleTermsOfUseMultiThreaded took 1.313 sec
Testcase: testRemoveProjectRoleTermsOfUseMultithreaded took 1.312 sec
Testcase: testGetTermsOfUseBulk1 took 13.406 sec
Testcase: testGetTermsOfUseBulk2 took 24.329 sec
Testcase: testGetTermsOfUseBulk3 took 18.203 sec
Testcase: testGetTermsOfUseBulkMultithreaded took 28 sec
Testcase: testGetTermsOfUseMultithreaded took 8.453 sec
Testcase: testRemoveAllProjectRoleTermsOfUseMultithreaded took 9.547 sec
Testcase: testCreateTermsOfUse took 4.718 sec
Testcase: testUpdateTermsOfUse took 6.422 sec
Testcase: testGetTermsOfUse took 4.766 sec
Testcase: testDeleteTermsOfUse took 6.359 sec
Testcase: testGetTermsOfUseByTypeId took 4.391 sec
Testcase: testGetAllTermsOfUse took 4.296 sec
Testcase: testGetTermsOfUseType took 2.391 sec
Testcase: testUpdateTermsOfUseType took 6.359 sec
Testcase: testGetTermsOfUseText took 6.922 sec
Testcase: testSetTermsOfUseText took 6.657 sec
Testcase: testCreateTermsOfUseMultithreaded took 11.843 sec
Testcase: testUpdateTermsOfUseMultithreaded took 32.594 sec
Testcase: testDeleteTermsOfUseMultithreaded took 23.938 sec
Testcase: testCreateUserTermsOfUse took 8.062 sec
Testcase: testRemoveUserTermsOfUse took 8.797 sec
Testcase: testGetTermsOfUseByUserId took 6.969 sec
Testcase: testGetUsersByTermsOfUseId took 6.734 sec
Testcase: testHasTermsOfUse took 6.703 sec
Testcase: testHasTermsOfUseBan took 6.625 sec
Testcase: testCreateUserTermsOfUseMultithreaded took 40.437 sec
Testcase: testRemoveUserTermsOfUseMultithread took 33.313 sec
Testcase: testGetTermsOfUseByUserIdMultithreaded took 3 sec
Testcase: testGetUsersByTermsOfUseIdMultithreaded took 27.281 sec
Testcase: testHasTermsOfUseMultithreaded took 25.75 sec
Testcase: testHasTermsOfUseBanMultithread took 29.672 sec
Testcase: test_getTermsOfUse_1 took 0.75 sec
Testcase: test_getTermsOfUse_2 took 0.562 sec
Testcase: test_getTermsOfUse_3 took 0.61 sec
Testcase: test_removeAllProjectRoleTermsOfUse_1 took 0.859 sec
Testcase: test_ProjectTermsOfUseDaoImpl_Null took 0.61 sec
Testcase: test_ProjectTermsOfUseDaoImpl_2 took 0.64 sec
Testcase: test_ProjectTermsOfUseDaoImpl_3 took 0.594 sec
Testcase: test_ProjectTermsOfUseDaoImpl_4 took 0.578 sec
Testcase: test_createProjectRoleTermsOfUse_1 took 0.828 sec
Testcase: test_createProjectRoleTermsOfUse_2 took 0.75 sec
Testcase: test_createProjectRoleTermsOfUse_3 took 1.078 sec
Testcase: test_removeProjectRoleTermsOfUse_1 took 0.828 sec
Testcase: test_removeProjectRoleTermsOfUse_2 took 0.734 sec
Testcase: test_getTermsOfUse_1 took 0.922 sec
Testcase: test_createTermsOfUse_1 took 0.922 sec
Testcase: test_createTermsOfUse_2 took 0.656 sec
Testcase: test_updateTermsOfUse_1 took 1.063 sec
Testcase: test_updateTermsOfUse_2 took 0.547 sec
Testcase: test_getTermsOfUseByTypeId_1 took 0.859 sec
Testcase: test_getAllTermsOfUse_1 took 0.86 sec
Testcase: test_getTermsOfUseType_1 took 1.046 sec
Testcase: test_updateTermsOfUseType_1 took 0.579 sec
Testcase: test_updateTermsOfUseType_2 took 0.843 sec
Testcase: test_getTermsOfUseText_1 took 0.891 sec
Testcase: test_getTermsOfUseText_2 took 0.812 sec
Testcase: test_setTermsOfUseText_1 took 0.813 sec
Testcase: test_setTermsOfUseText_2 took 0.797 sec
Testcase: test_TermsOfUseDaoImpl_Null took 0.64 sec
Testcase: test_TermsOfUseDaoImpl_2 took 0.594 sec
Testcase: test_TermsOfUseDaoImpl_3 took 0.735 sec
Testcase: test_TermsOfUseDaoImpl_4 took 0.609 sec
Testcase: test_TermsOfUseDaoImpl_5 took 0.594 sec
Testcase: test_TermsOfUseDaoImpl_6 took 0.797 sec
Testcase: test_createTermsOfUse_7 took 0.781 sec
Testcase: test_createTermsOfUse_4 took 0.797 sec
Testcase: test_updateTermsOfUse_3 took 0.765 sec
Testcase: test_updateTermsOfUse_5 took 1.016 sec
Testcase: test_deleteTermsOfUse_1 took 0.828 sec
Testcase: test_deleteTermsOfUse_2 took 0.781 sec
Testcase: test_updateTermsOfUseType_3 took 0.782 sec
Testcase: test_updateTermsOfUseType_4 took 0.89 sec
Testcase: test_getTermsOfUseByUserId_1 took 0.906 sec
Testcase: test_getUsersByTermsOfUseId_1 took 0.797 sec
Testcase: test_hasTermsOfUse_1 took 0.782 sec
Testcase: test_hasTermsOfUseBan_1 took 0.812 sec
Testcase: test_UserTermsOfUseDaoImpl_Null took 0.594 sec
Testcase: test_UserTermsOfUseDaoImpl_2 took 0.594 sec
Testcase: test_UserTermsOfUseDaoImpl_3 took 0.593 sec
Testcase: test_UserTermsOfUseDaoImpl_4 took 0.594 sec
Testcase: test_createUserTermsOfUse_1 took 0.969 sec
Testcase: test_createUserTermsOfUse_2 took 0.984 sec
Testcase: test_createUserTermsOfUse_6 took 0.875 sec
Testcase: test_createUserTermsOfUse_3 took 1.375 sec
Testcase: test_createUserTermsOfUse_4 took 0.75 sec
Testcase: test_removeUserTermsOfUse_1 took 0.922 sec
Testcase: test_removeUserTermsOfUse_2 took 0.781 sec
Testcase: test_removeUserTermsOfUse_3 took 0.719 sec