Entering method [IssuesTracker#updateIssue(String issueName, int priority, File paramFile)].
Input parameters [issueName:issue1, priority:1, paramFile:test_files\config.properties]
Exiting method [IssuesTracker#updateIssue(String issueName, int priority, File paramFile)], time spent in the method: 47 milliseconds.
Output parameter: true
Entering method [IssuesTracker#updateIssue(String issueName, int priority, File paramFile)].
Input parameters [issueName:issue1, priority:2, paramFile:test_files\not_exist]
Error in method [IssuesTracker#updateIssue(String issueName, int priority, File paramFile)], details: The 'paramFile' parameter should point to an existing file.
java.lang.IllegalArgumentException: The 'paramFile' parameter should point to an existing file.
	at com.topcoder.commons.utils.ParameterCheckUtility.checkIsFile(ParameterCheckUtility.java:320)
	at com.topcoder.commons.utils.IssuesTracker.updateIssue(IssuesTracker.java:81)
	at com.topcoder.commons.utils.Demo.testDemoAPI(Demo.java:105)
	at sun.reflect.NativeMethodAccessorImpl.invoke0(Native Method)
	at sun.reflect.NativeMethodAccessorImpl.invoke(NativeMethodAccessorImpl.java:39)
	at sun.reflect.DelegatingMethodAccessorImpl.invoke(DelegatingMethodAccessorImpl.java:25)
	at java.lang.reflect.Method.invoke(Method.java:592)
	at org.junit.runners.model.FrameworkMethod$1.runReflectiveCall(FrameworkMethod.java:44)
	at org.junit.internal.runners.model.ReflectiveCallable.run(ReflectiveCallable.java:15)
	at org.junit.runners.model.FrameworkMethod.invokeExplosively(FrameworkMethod.java:41)
	at org.junit.internal.runners.statements.InvokeMethod.evaluate(InvokeMethod.java:20)
	at org.junit.internal.runners.statements.RunBefores.evaluate(RunBefores.java:28)
	at org.junit.internal.runners.statements.RunAfters.evaluate(RunAfters.java:31)
	at org.junit.runners.BlockJUnit4ClassRunner.runChild(BlockJUnit4ClassRunner.java:73)
	at org.junit.runners.BlockJUnit4ClassRunner.runChild(BlockJUnit4ClassRunner.java:46)
	at org.junit.runners.ParentRunner.runChildren(ParentRunner.java:180)
	at org.junit.runners.ParentRunner.access$000(ParentRunner.java:41)
	at org.junit.runners.ParentRunner$1.evaluate(ParentRunner.java:173)
	at org.junit.internal.runners.statements.RunBefores.evaluate(RunBefores.java:28)
	at org.junit.internal.runners.statements.RunAfters.evaluate(RunAfters.java:31)
	at org.junit.runners.ParentRunner.run(ParentRunner.java:220)
	at junit.framework.JUnit4TestAdapter.run(JUnit4TestAdapter.java:39)
	at junit.framework.TestSuite.runTest(TestSuite.java:232)
	at junit.framework.TestSuite.run(TestSuite.java:227)
	at junit.framework.TestSuite.runTest(TestSuite.java:232)
	at junit.framework.TestSuite.run(TestSuite.java:227)
	at org.apache.tools.ant.taskdefs.optional.junit.JUnitTestRunner.run(JUnitTestRunner.java:421)
	at org.apache.tools.ant.taskdefs.optional.junit.JUnitTestRunner.launch(JUnitTestRunner.java:912)
	at org.apache.tools.ant.taskdefs.optional.junit.JUnitTestRunner.main(JUnitTestRunner.java:766)

2011-05-09 08:18:04,703 - DEBUG [main] - Entering method [method_signature].
2011-05-09 08:18:04,718 - DEBUG [main] - Entering method [method_signature].
2011-05-09 08:18:04,718 - DEBUG [main] - Input parameters [p1:123]
2011-05-09 08:18:04,718 - DEBUG [main] - Entering method [method_signature].
2011-05-09 08:18:04,718 - DEBUG [main] - Input parameters [p1:123, p2:abc]
2011-05-09 08:18:04,718 -  INFO [main] - Entering method [method_signature].
2011-05-09 08:18:04,718 -  INFO [main] - Entering method [method_signature].
2011-05-09 08:18:04,718 -  INFO [main] - Input parameters [p1:123]
2011-05-09 08:18:04,734 -  INFO [main] - Entering method [method_signature].
2011-05-09 08:18:04,734 -  INFO [main] - Input parameters [p1:123, p2:abc]
2011-05-09 08:18:04,734 - DEBUG [main] - Exiting method [method_signature].
2011-05-09 08:18:04,734 - DEBUG [main] - Exiting method [method_signature].
2011-05-09 08:18:04,734 - DEBUG [main] - Output parameter: result
2011-05-09 08:18:04,750 - DEBUG [main] - Exiting method [method_signature], time spent in the method: 0 milliseconds.
2011-05-09 08:18:04,750 - DEBUG [main] - Exiting method [method_signature], time spent in the method: 0 milliseconds.
2011-05-09 08:18:04,750 - DEBUG [main] - Output parameter: result
2011-05-09 08:18:04,765 -  INFO [main] - Exiting method [method_signature], time spent in the method: 0 milliseconds.
2011-05-09 08:18:04,765 -  INFO [main] - Exiting method [method_signature], time spent in the method: 0 milliseconds.
2011-05-09 08:18:04,765 -  INFO [main] - Output parameter: result
2011-05-09 08:18:04,765 - ERROR [main] - Error in method [method_signature], details: Exception for testing.
java.lang.Exception: Exception for testing.
	at com.topcoder.commons.utils.Log4jUtilityUnitTests.setUp(Log4jUtilityUnitTests.java:101)
	at sun.reflect.GeneratedMethodAccessor10.invoke(Unknown Source)
	at sun.reflect.DelegatingMethodAccessorImpl.invoke(DelegatingMethodAccessorImpl.java:25)
	at java.lang.reflect.Method.invoke(Method.java:592)
	at org.junit.runners.model.FrameworkMethod$1.runReflectiveCall(FrameworkMethod.java:44)
	at org.junit.internal.runners.model.ReflectiveCallable.run(ReflectiveCallable.java:15)
	at org.junit.runners.model.FrameworkMethod.invokeExplosively(FrameworkMethod.java:41)
	at org.junit.internal.runners.statements.RunBefores.evaluate(RunBefores.java:27)
	at org.junit.internal.runners.statements.RunAfters.evaluate(RunAfters.java:31)
	at org.junit.runners.BlockJUnit4ClassRunner.runChild(BlockJUnit4ClassRunner.java:73)
	at org.junit.runners.BlockJUnit4ClassRunner.runChild(BlockJUnit4ClassRunner.java:46)
	at org.junit.runners.ParentRunner.runChildren(ParentRunner.java:180)
	at org.junit.runners.ParentRunner.access$000(ParentRunner.java:41)
	at org.junit.runners.ParentRunner$1.evaluate(ParentRunner.java:173)
	at org.junit.internal.runners.statements.RunBefores.evaluate(RunBefores.java:28)
	at org.junit.internal.runners.statements.RunAfters.evaluate(RunAfters.java:31)
	at org.junit.runners.ParentRunner.run(ParentRunner.java:220)
	at junit.framework.JUnit4TestAdapter.run(JUnit4TestAdapter.java:39)
	at junit.framework.TestSuite.runTest(TestSuite.java:232)
	at junit.framework.TestSuite.run(TestSuite.java:227)
	at junit.framework.TestSuite.runTest(TestSuite.java:232)
	at junit.framework.TestSuite.run(TestSuite.java:227)
	at org.apache.tools.ant.taskdefs.optional.junit.JUnitTestRunner.run(JUnitTestRunner.java:421)
	at org.apache.tools.ant.taskdefs.optional.junit.JUnitTestRunner.launch(JUnitTestRunner.java:912)
	at org.apache.tools.ant.taskdefs.optional.junit.JUnitTestRunner.main(JUnitTestRunner.java:766)

2011-05-09 08:18:04,781 -  WARN [main] - Error in method [method_signature], details: Exception for testing.
java.lang.Exception: Exception for testing.
	at com.topcoder.commons.utils.Log4jUtilityUnitTests.setUp(Log4jUtilityUnitTests.java:101)
	at sun.reflect.GeneratedMethodAccessor10.invoke(Unknown Source)
	at sun.reflect.DelegatingMethodAccessorImpl.invoke(DelegatingMethodAccessorImpl.java:25)
	at java.lang.reflect.Method.invoke(Method.java:592)
	at org.junit.runners.model.FrameworkMethod$1.runReflectiveCall(FrameworkMethod.java:44)
	at org.junit.internal.runners.model.ReflectiveCallable.run(ReflectiveCallable.java:15)
	at org.junit.runners.model.FrameworkMethod.invokeExplosively(FrameworkMethod.java:41)
	at org.junit.internal.runners.statements.RunBefores.evaluate(RunBefores.java:27)
	at org.junit.internal.runners.statements.RunAfters.evaluate(RunAfters.java:31)
	at org.junit.runners.BlockJUnit4ClassRunner.runChild(BlockJUnit4ClassRunner.java:73)
	at org.junit.runners.BlockJUnit4ClassRunner.runChild(BlockJUnit4ClassRunner.java:46)
	at org.junit.runners.ParentRunner.runChildren(ParentRunner.java:180)
	at org.junit.runners.ParentRunner.access$000(ParentRunner.java:41)
	at org.junit.runners.ParentRunner$1.evaluate(ParentRunner.java:173)
	at org.junit.internal.runners.statements.RunBefores.evaluate(RunBefores.java:28)
	at org.junit.internal.runners.statements.RunAfters.evaluate(RunAfters.java:31)
	at org.junit.runners.ParentRunner.run(ParentRunner.java:220)
	at junit.framework.JUnit4TestAdapter.run(JUnit4TestAdapter.java:39)
	at junit.framework.TestSuite.runTest(TestSuite.java:232)
	at junit.framework.TestSuite.run(TestSuite.java:227)
	at junit.framework.TestSuite.runTest(TestSuite.java:232)
	at junit.framework.TestSuite.run(TestSuite.java:227)
	at org.apache.tools.ant.taskdefs.optional.junit.JUnitTestRunner.run(JUnitTestRunner.java:421)
	at org.apache.tools.ant.taskdefs.optional.junit.JUnitTestRunner.launch(JUnitTestRunner.java:912)
	at org.apache.tools.ant.taskdefs.optional.junit.JUnitTestRunner.main(JUnitTestRunner.java:766)

2011-05-09 08:18:04,796 - DEBUG [main] - Entering method [method_signature].
2011-05-09 08:18:04,796 - DEBUG [main] - Entering method [method_signature].
2011-05-09 08:18:04,796 - DEBUG [main] - Input parameters [p1:123]
2011-05-09 08:18:04,796 - DEBUG [main] - Entering method [method_signature].
2011-05-09 08:18:04,796 - DEBUG [main] - Input parameters [p1:123, p2:abc]
2011-05-09 08:18:04,812 -  INFO [main] - [2011-05-09 08:18:04] Entering method [method_signature].
2011-05-09 08:18:04,812 -  INFO [main] - [2011-05-09 08:18:04] Entering method [method_signature].
2011-05-09 08:18:04,812 -  INFO [main] - Input parameters [p1:123]
2011-05-09 08:18:04,812 -  INFO [main] - [2011-05-09 08:18:04] Entering method [method_signature].
2011-05-09 08:18:04,812 -  INFO [main] - Input parameters [p1:123, p2:abc]
2011-05-09 08:18:04,828 - DEBUG [main] - Exiting method [method_signature].
2011-05-09 08:18:04,828 - DEBUG [main] - Exiting method [method_signature].
2011-05-09 08:18:04,828 - DEBUG [main] - Output parameter: result
2011-05-09 08:18:04,843 - DEBUG [main] - Exiting method [method_signature], time spent in the method: 0 milliseconds.
2011-05-09 08:18:04,843 - DEBUG [main] - Exiting method [method_signature], time spent in the method: 0 milliseconds.
2011-05-09 08:18:04,843 - DEBUG [main] - Output parameter: result
2011-05-09 08:18:04,843 -  INFO [main] - [2011-05-09 08:18:04] Exiting method [method_signature], time spent in the method: 0 milliseconds.
2011-05-09 08:18:04,859 -  INFO [main] - [2011-05-09 08:18:04] Exiting method [method_signature], time spent in the method: 0 milliseconds.
2011-05-09 08:18:04,859 -  INFO [main] - Output parameter: result
2011-05-09 08:18:04,859 - ERROR [main] - Error in method [method_signature], details: Exception for testing.
java.lang.Exception: Exception for testing.
	at com.topcoder.commons.utils.LoggingWrapperUtilityUnitTests.setUp(LoggingWrapperUtilityUnitTests.java:105)
	at sun.reflect.GeneratedMethodAccessor12.invoke(Unknown Source)
	at sun.reflect.DelegatingMethodAccessorImpl.invoke(DelegatingMethodAccessorImpl.java:25)
	at java.lang.reflect.Method.invoke(Method.java:592)
	at org.junit.runners.model.FrameworkMethod$1.runReflectiveCall(FrameworkMethod.java:44)
	at org.junit.internal.runners.model.ReflectiveCallable.run(ReflectiveCallable.java:15)
	at org.junit.runners.model.FrameworkMethod.invokeExplosively(FrameworkMethod.java:41)
	at org.junit.internal.runners.statements.RunBefores.evaluate(RunBefores.java:27)
	at org.junit.internal.runners.statements.RunAfters.evaluate(RunAfters.java:31)
	at org.junit.runners.BlockJUnit4ClassRunner.runChild(BlockJUnit4ClassRunner.java:73)
	at org.junit.runners.BlockJUnit4ClassRunner.runChild(BlockJUnit4ClassRunner.java:46)
	at org.junit.runners.ParentRunner.runChildren(ParentRunner.java:180)
	at org.junit.runners.ParentRunner.access$000(ParentRunner.java:41)
	at org.junit.runners.ParentRunner$1.evaluate(ParentRunner.java:173)
	at org.junit.internal.runners.statements.RunBefores.evaluate(RunBefores.java:28)
	at org.junit.internal.runners.statements.RunAfters.evaluate(RunAfters.java:31)
	at org.junit.runners.ParentRunner.run(ParentRunner.java:220)
	at junit.framework.JUnit4TestAdapter.run(JUnit4TestAdapter.java:39)
	at junit.framework.TestSuite.runTest(TestSuite.java:232)
	at junit.framework.TestSuite.run(TestSuite.java:227)
	at junit.framework.TestSuite.runTest(TestSuite.java:232)
	at junit.framework.TestSuite.run(TestSuite.java:227)
	at org.apache.tools.ant.taskdefs.optional.junit.JUnitTestRunner.run(JUnitTestRunner.java:421)
	at org.apache.tools.ant.taskdefs.optional.junit.JUnitTestRunner.launch(JUnitTestRunner.java:912)
	at org.apache.tools.ant.taskdefs.optional.junit.JUnitTestRunner.main(JUnitTestRunner.java:766)

2011-05-09 08:18:04,875 -  WARN [main] - [2011-05-09 08:18:04] Error in method [method_signature], details: Exception for testing.
java.lang.Exception: Exception for testing.
	at com.topcoder.commons.utils.LoggingWrapperUtilityUnitTests.setUp(LoggingWrapperUtilityUnitTests.java:105)
	at sun.reflect.GeneratedMethodAccessor12.invoke(Unknown Source)
	at sun.reflect.DelegatingMethodAccessorImpl.invoke(DelegatingMethodAccessorImpl.java:25)
	at java.lang.reflect.Method.invoke(Method.java:592)
	at org.junit.runners.model.FrameworkMethod$1.runReflectiveCall(FrameworkMethod.java:44)
	at org.junit.internal.runners.model.ReflectiveCallable.run(ReflectiveCallable.java:15)
	at org.junit.runners.model.FrameworkMethod.invokeExplosively(FrameworkMethod.java:41)
	at org.junit.internal.runners.statements.RunBefores.evaluate(RunBefores.java:27)
	at org.junit.internal.runners.statements.RunAfters.evaluate(RunAfters.java:31)
	at org.junit.runners.BlockJUnit4ClassRunner.runChild(BlockJUnit4ClassRunner.java:73)
	at org.junit.runners.BlockJUnit4ClassRunner.runChild(BlockJUnit4ClassRunner.java:46)
	at org.junit.runners.ParentRunner.runChildren(ParentRunner.java:180)
	at org.junit.runners.ParentRunner.access$000(ParentRunner.java:41)
	at org.junit.runners.ParentRunner$1.evaluate(ParentRunner.java:173)
	at org.junit.internal.runners.statements.RunBefores.evaluate(RunBefores.java:28)
	at org.junit.internal.runners.statements.RunAfters.evaluate(RunAfters.java:31)
	at org.junit.runners.ParentRunner.run(ParentRunner.java:220)
	at junit.framework.JUnit4TestAdapter.run(JUnit4TestAdapter.java:39)
	at junit.framework.TestSuite.runTest(TestSuite.java:232)
	at junit.framework.TestSuite.run(TestSuite.java:227)
	at junit.framework.TestSuite.runTest(TestSuite.java:232)
	at junit.framework.TestSuite.run(TestSuite.java:227)
	at org.apache.tools.ant.taskdefs.optional.junit.JUnitTestRunner.run(JUnitTestRunner.java:421)
	at org.apache.tools.ant.taskdefs.optional.junit.JUnitTestRunner.launch(JUnitTestRunner.java:912)
	at org.apache.tools.ant.taskdefs.optional.junit.JUnitTestRunner.main(JUnitTestRunner.java:766)

Run logExit for 50 times takes 0ms
Run logExit for 50 times takes 0ms
Run logException for 50 times takes 16ms
Run logEntrance for 50 times takes 0ms
Run logEntrance for 50 times takes 0ms
Run logExit for 50 times takes 0ms
Run logException for 50 times takes 15ms
Run logExit for 50 times takes 0ms
Run logExit for 50 times takes 0ms
Run logException for 50 times takes 16ms
Run logEntrance for 50 times takes 0ms
Run logEntrance for 50 times takes 0ms
Run logExit for 50 times takes 0ms
Run logException for 50 times takes 15ms
Run getStringProperty for 50 times takes 0ms
Run getStringsProperty for 50 times takes 0ms
Run getIntegerProperty for 50 times takes 0ms
Run getLongProperty for 50 times takes 0ms
Run getDoubleProperty for 50 times takes 0ms
Run getDateProperty for 50 times takes 0ms
Run getClassProperty for 50 times takes 0ms
Run getSubConfiguration for 50 times takes 297ms
Run ParameterCheckUtility for 50 times takes 15ms
Run ValidationUtility for 50 times takes 16ms
Run commitTransaction for 50 times takes 1250ms
Run rollbackTransaction for 50 times takes 1188ms
Run executeQuery for 50 times takes 1344ms
Run executeUpdate for 50 times takes 12844ms

